/usr/bin/time -v timeout 600 java -Xmx64g -jar ./enhsp3.jar -o ./domain_framed_autonomy_process_reset.pddl -f ./problems/a42g11XOR-prefix-1-a42g11XOR_1_timed/problem1.pddl -h blind -s WAStar
Domain parsed
Problem parsed
Grounding..
Grounding Time: 12022
UFX:true
|F|:60695
|X|:3
Heuristic Problem Creation
|A|:1534
|P|:2
|E|:0
Delta time heuristic model:1.0
Delta time planning model:1.0
Delta time search-execution model:1.0
Delta time validation model:1
h(I):0.0
f(n) = 1.0 (Expanded Nodes: 13, Evaluated States: 16, Time: 0.028) Frontier Size: 3
f(n) = 2.0 (Expanded Nodes: 17, Evaluated States: 21, Time: 0.05) Frontier Size: 4
f(n) = 3.0 (Expanded Nodes: 21, Evaluated States: 26, Time: 0.052) Frontier Size: 5
f(n) = 4.0 (Expanded Nodes: 25, Evaluated States: 31, Time: 0.054) Frontier Size: 6
f(n) = 5.0 (Expanded Nodes: 29, Evaluated States: 36, Time: 0.055) Frontier Size: 7
f(n) = 6.0 (Expanded Nodes: 33, Evaluated States: 41, Time: 0.057) Frontier Size: 8
f(n) = 7.0 (Expanded Nodes: 37, Evaluated States: 46, Time: 0.059) Frontier Size: 9
f(n) = 8.0 (Expanded Nodes: 41, Evaluated States: 51, Time: 0.06) Frontier Size: 10
f(n) = 9.0 (Expanded Nodes: 45, Evaluated States: 56, Time: 0.061) Frontier Size: 11
f(n) = 10.0 (Expanded Nodes: 49, Evaluated States: 61, Time: 0.061) Frontier Size: 12
f(n) = 11.0 (Expanded Nodes: 53, Evaluated States: 66, Time: 0.062) Frontier Size: 13
f(n) = 12.0 (Expanded Nodes: 57, Evaluated States: 71, Time: 0.062) Frontier Size: 14
f(n) = 13.0 (Expanded Nodes: 61, Evaluated States: 76, Time: 0.063) Frontier Size: 15
f(n) = 14.0 (Expanded Nodes: 65, Evaluated States: 81, Time: 0.07) Frontier Size: 16
f(n) = 15.0 (Expanded Nodes: 69, Evaluated States: 86, Time: 0.071) Frontier Size: 17
f(n) = 16.0 (Expanded Nodes: 73, Evaluated States: 91, Time: 0.075) Frontier Size: 18
f(n) = 17.0 (Expanded Nodes: 77, Evaluated States: 96, Time: 0.076) Frontier Size: 19
f(n) = 18.0 (Expanded Nodes: 81, Evaluated States: 101, Time: 0.077) Frontier Size: 20
f(n) = 19.0 (Expanded Nodes: 85, Evaluated States: 106, Time: 0.082) Frontier Size: 21
f(n) = 20.0 (Expanded Nodes: 89, Evaluated States: 111, Time: 0.083) Frontier Size: 22
Extracting plan with execution delta: 1.0
Problem Solved

Found Plan:
0: (validate-payload t0 a7 t1)
0: (sync-actions t0 t1 a7)
0: (add_action a13)
0: (check_added_parameter_model a13)
0: (add_move_automata a13)
0: -----waiting---- [20.0]
20.0: (stop_wait)
20.0: (add_action a15)
20.0: (check_added_parameter_model a15)
20.0: (add_move_automata a15)
20.0: (stop_wait)
20.0: (add_action a16)
20.0: (check_added_parameter_model a16)
20.0: (add_move_automata a16)
20.0: (stop_wait)
20.0: (add_action a14)
20.0: (check_added_parameter_model a14)
20.0: (add_move_automata a14)
20.0: (stop_wait)
20.0: (add_action a8)
20.0: (check_added_parameter_model a8)
20.0: (add_move_automata a8)
20.0: (stop_wait)
20.0: (add_action a11)
20.0: (check_added_parameter_model a11)
20.0: (add_move_automata a11)
20.0: (stop_wait)
20.0: (add_action a21)
20.0: (check_added_parameter_model a21)
20.0: (add_move_automata a21)
20.0: (stop_wait)
20.0: (add_action a22)
20.0: (check_added_parameter_model a22)
20.0: (add_move_automata a22)
20.0: (stop_wait)
20.0: (add_action a12)
20.0: (check_added_parameter_model a12)
20.0: (add_move_automata a12)
20.0: (stop_wait)
20.0: (add_action a23)
20.0: (check_added_parameter_model a23)
20.0: (add_move_automata a23)
20.0: (stop_wait)
20.0: (add_action a17)
20.0: (check_added_parameter_model a17)
20.0: (add_move_automata a17)
20.0: (stop_wait)
20.0: (add_action a18)
20.0: (check_added_parameter_model a18)
20.0: (add_move_automata a18)

Plan-Length:69
Elapsed Time: 20.0
Metric (Search):20.0
Planning Time (msec): 139
Heuristic Time (msec): 8
Search Time (msec): 136
Expanded Nodes:288
States Evaluated:344
Number of Dead-Ends detected:0
Number of Duplicates detected:189
/usr/bin/time -v timeout 600 java -Xmx64g -jar ./enhsp3.jar -o ./domain_framed_autonomy_process_reset.pddl -f ./problems/a42g11XOR-prefix-1-a42g11XOR_1_timed/problem2.pddl -h blind -s WAStar
Domain parsed
Problem parsed
Grounding..
Grounding Time: 12115
UFX:true
|F|:60695
|X|:3
Heuristic Problem Creation
|A|:1534
|P|:2
|E|:0
Delta time heuristic model:1.0
Delta time planning model:1.0
Delta time search-execution model:1.0
Delta time validation model:1
h(I):0.0
f(n) = 1.0 (Expanded Nodes: 13, Evaluated States: 16, Time: 0.028) Frontier Size: 3
f(n) = 2.0 (Expanded Nodes: 17, Evaluated States: 21, Time: 0.051) Frontier Size: 4
f(n) = 3.0 (Expanded Nodes: 21, Evaluated States: 26, Time: 0.058) Frontier Size: 5
f(n) = 4.0 (Expanded Nodes: 25, Evaluated States: 31, Time: 0.059) Frontier Size: 6
f(n) = 5.0 (Expanded Nodes: 29, Evaluated States: 36, Time: 0.061) Frontier Size: 7
f(n) = 6.0 (Expanded Nodes: 33, Evaluated States: 41, Time: 0.07) Frontier Size: 8
f(n) = 7.0 (Expanded Nodes: 37, Evaluated States: 46, Time: 0.071) Frontier Size: 9
f(n) = 8.0 (Expanded Nodes: 41, Evaluated States: 51, Time: 0.075) Frontier Size: 10
f(n) = 9.0 (Expanded Nodes: 45, Evaluated States: 56, Time: 0.076) Frontier Size: 11
f(n) = 10.0 (Expanded Nodes: 49, Evaluated States: 61, Time: 0.077) Frontier Size: 12
f(n) = 11.0 (Expanded Nodes: 53, Evaluated States: 66, Time: 0.084) Frontier Size: 13
f(n) = 12.0 (Expanded Nodes: 57, Evaluated States: 71, Time: 0.086) Frontier Size: 14
f(n) = 13.0 (Expanded Nodes: 61, Evaluated States: 76, Time: 0.087) Frontier Size: 15
f(n) = 14.0 (Expanded Nodes: 65, Evaluated States: 81, Time: 0.088) Frontier Size: 16
f(n) = 15.0 (Expanded Nodes: 69, Evaluated States: 86, Time: 0.096) Frontier Size: 17
f(n) = 16.0 (Expanded Nodes: 73, Evaluated States: 91, Time: 0.097) Frontier Size: 18
f(n) = 17.0 (Expanded Nodes: 77, Evaluated States: 96, Time: 0.097) Frontier Size: 19
f(n) = 18.0 (Expanded Nodes: 81, Evaluated States: 101, Time: 0.098) Frontier Size: 20
f(n) = 19.0 (Expanded Nodes: 85, Evaluated States: 106, Time: 0.104) Frontier Size: 21
f(n) = 20.0 (Expanded Nodes: 89, Evaluated States: 111, Time: 0.105) Frontier Size: 22
Extracting plan with execution delta: 1.0
Problem Solved

Found Plan:
0: (validate-payload t0 a7 t1)
0: (sync-actions t0 t1 a7)
0: (add_action a13)
0: (check_added_parameter_model a13)
0: (add_move_automata a13)
0: -----waiting---- [20.0]
20.0: (stop_wait)
20.0: (add_action a15)
20.0: (check_added_parameter_model a15)
20.0: (add_move_automata a15)
20.0: (stop_wait)
20.0: (add_action a16)
20.0: (check_added_parameter_model a16)
20.0: (add_move_automata a16)
20.0: (stop_wait)
20.0: (add_action a14)
20.0: (check_added_parameter_model a14)
20.0: (add_move_automata a14)
20.0: (stop_wait)
20.0: (add_action a8)
20.0: (check_added_parameter_model a8)
20.0: (add_move_automata a8)
20.0: (stop_wait)
20.0: (add_action a11)
20.0: (check_added_parameter_model a11)
20.0: (add_move_automata a11)
20.0: (stop_wait)
20.0: (add_action a21)
20.0: (check_added_parameter_model a21)
20.0: (add_move_automata a21)
20.0: (stop_wait)
20.0: (add_action a22)
20.0: (check_added_parameter_model a22)
20.0: (add_move_automata a22)
20.0: (stop_wait)
20.0: (add_action a12)
20.0: (check_added_parameter_model a12)
20.0: (add_move_automata a12)
20.0: (stop_wait)
20.0: (add_action a23)
20.0: (check_added_parameter_model a23)
20.0: (add_move_automata a23)
20.0: (stop_wait)
20.0: (add_action a17)
20.0: (check_added_parameter_model a17)
20.0: (add_move_automata a17)
20.0: (stop_wait)
20.0: (add_action a18)
20.0: (check_added_parameter_model a18)
20.0: (add_move_automata a18)

Plan-Length:69
Elapsed Time: 20.0
Metric (Search):20.0
Planning Time (msec): 201
Heuristic Time (msec): 6
Search Time (msec): 191
Expanded Nodes:288
States Evaluated:344
Number of Dead-Ends detected:0
Number of Duplicates detected:189
/usr/bin/time -v timeout 600 java -Xmx64g -jar ./enhsp3.jar -o ./domain_framed_autonomy_process_reset.pddl -f ./problems/a42g11XOR-prefix-1-a42g11XOR_1_timed/problem3.pddl -h blind -s WAStar
Domain parsed
Problem parsed
Grounding..
Grounding Time: 11991
UFX:true
|F|:60695
|X|:3
Heuristic Problem Creation
|A|:1534
|P|:2
|E|:0
Delta time heuristic model:1.0
Delta time planning model:1.0
Delta time search-execution model:1.0
Delta time validation model:1
h(I):0.0
f(n) = 1.0 (Expanded Nodes: 13, Evaluated States: 16, Time: 0.031) Frontier Size: 3
f(n) = 2.0 (Expanded Nodes: 17, Evaluated States: 21, Time: 0.055) Frontier Size: 4
f(n) = 3.0 (Expanded Nodes: 21, Evaluated States: 26, Time: 0.064) Frontier Size: 5
f(n) = 4.0 (Expanded Nodes: 25, Evaluated States: 31, Time: 0.065) Frontier Size: 6
f(n) = 5.0 (Expanded Nodes: 29, Evaluated States: 36, Time: 0.067) Frontier Size: 7
f(n) = 6.0 (Expanded Nodes: 33, Evaluated States: 41, Time: 0.071) Frontier Size: 8
f(n) = 7.0 (Expanded Nodes: 37, Evaluated States: 46, Time: 0.072) Frontier Size: 9
f(n) = 8.0 (Expanded Nodes: 41, Evaluated States: 51, Time: 0.078) Frontier Size: 10
f(n) = 9.0 (Expanded Nodes: 45, Evaluated States: 56, Time: 0.079) Frontier Size: 11
f(n) = 10.0 (Expanded Nodes: 49, Evaluated States: 61, Time: 0.084) Frontier Size: 12
f(n) = 11.0 (Expanded Nodes: 53, Evaluated States: 66, Time: 0.086) Frontier Size: 13
f(n) = 12.0 (Expanded Nodes: 57, Evaluated States: 71, Time: 0.087) Frontier Size: 14
f(n) = 13.0 (Expanded Nodes: 61, Evaluated States: 76, Time: 0.093) Frontier Size: 15
f(n) = 14.0 (Expanded Nodes: 65, Evaluated States: 81, Time: 0.093) Frontier Size: 16
f(n) = 15.0 (Expanded Nodes: 69, Evaluated States: 86, Time: 0.094) Frontier Size: 17
f(n) = 16.0 (Expanded Nodes: 73, Evaluated States: 91, Time: 0.095) Frontier Size: 18
f(n) = 17.0 (Expanded Nodes: 77, Evaluated States: 96, Time: 0.095) Frontier Size: 19
f(n) = 18.0 (Expanded Nodes: 81, Evaluated States: 101, Time: 0.101) Frontier Size: 20
f(n) = 19.0 (Expanded Nodes: 85, Evaluated States: 106, Time: 0.102) Frontier Size: 21
f(n) = 20.0 (Expanded Nodes: 89, Evaluated States: 111, Time: 0.102) Frontier Size: 22
Extracting plan with execution delta: 1.0
Problem Solved

Found Plan:
0: (validate-payload t0 a7 t1)
0: (sync-actions t0 t1 a7)
0: (add_action a13)
0: (check_added_parameter_model a13)
0: (add_move_automata a13)
0: -----waiting---- [20.0]
20.0: (stop_wait)
20.0: (add_action a15)
20.0: (check_added_parameter_model a15)
20.0: (add_move_automata a15)
20.0: (stop_wait)
20.0: (add_action a16)
20.0: (check_added_parameter_model a16)
20.0: (add_move_automata a16)
20.0: (stop_wait)
20.0: (add_action a14)
20.0: (check_added_parameter_model a14)
20.0: (add_move_automata a14)
20.0: (stop_wait)
20.0: (add_action a8)
20.0: (check_added_parameter_model a8)
20.0: (add_move_automata a8)
20.0: (stop_wait)
20.0: (add_action a11)
20.0: (check_added_parameter_model a11)
20.0: (add_move_automata a11)
20.0: (stop_wait)
20.0: (add_action a21)
20.0: (check_added_parameter_model a21)
20.0: (add_move_automata a21)
20.0: (stop_wait)
20.0: (add_action a22)
20.0: (check_added_parameter_model a22)
20.0: (add_move_automata a22)
20.0: (stop_wait)
20.0: (add_action a12)
20.0: (check_added_parameter_model a12)
20.0: (add_move_automata a12)
20.0: (stop_wait)
20.0: (add_action a23)
20.0: (check_added_parameter_model a23)
20.0: (add_move_automata a23)
20.0: (stop_wait)
20.0: (add_action a17)
20.0: (check_added_parameter_model a17)
20.0: (add_move_automata a17)
20.0: (stop_wait)
20.0: (add_action a18)
20.0: (check_added_parameter_model a18)
20.0: (add_move_automata a18)

Plan-Length:69
Elapsed Time: 20.0
Metric (Search):20.0
Planning Time (msec): 173
Heuristic Time (msec): 6
Search Time (msec): 161
Expanded Nodes:288
States Evaluated:344
Number of Dead-Ends detected:0
Number of Duplicates detected:189
/usr/bin/time -v timeout 600 java -Xmx64g -jar ./enhsp3.jar -o ./domain_framed_autonomy_process_reset.pddl -f ./problems/a42g11XOR-prefix-1-a42g11XOR_1_timed/problem4.pddl -h blind -s WAStar
Domain parsed
Problem parsed
Grounding..
Grounding Time: 12032
UFX:true
|F|:60695
|X|:3
Heuristic Problem Creation
|A|:1534
|P|:2
|E|:0
Delta time heuristic model:1.0
Delta time planning model:1.0
Delta time search-execution model:1.0
Delta time validation model:1
h(I):0.0
f(n) = 1.0 (Expanded Nodes: 13, Evaluated States: 16, Time: 0.035) Frontier Size: 3
f(n) = 2.0 (Expanded Nodes: 17, Evaluated States: 21, Time: 0.06) Frontier Size: 4
f(n) = 3.0 (Expanded Nodes: 21, Evaluated States: 26, Time: 0.062) Frontier Size: 5
f(n) = 4.0 (Expanded Nodes: 25, Evaluated States: 31, Time: 0.063) Frontier Size: 6
f(n) = 5.0 (Expanded Nodes: 29, Evaluated States: 36, Time: 0.068) Frontier Size: 7
f(n) = 6.0 (Expanded Nodes: 33, Evaluated States: 41, Time: 0.07) Frontier Size: 8
f(n) = 7.0 (Expanded Nodes: 37, Evaluated States: 46, Time: 0.076) Frontier Size: 9
f(n) = 8.0 (Expanded Nodes: 41, Evaluated States: 51, Time: 0.081) Frontier Size: 10
f(n) = 9.0 (Expanded Nodes: 45, Evaluated States: 56, Time: 0.082) Frontier Size: 11
f(n) = 10.0 (Expanded Nodes: 49, Evaluated States: 61, Time: 0.085) Frontier Size: 12
f(n) = 11.0 (Expanded Nodes: 53, Evaluated States: 66, Time: 0.087) Frontier Size: 13
f(n) = 12.0 (Expanded Nodes: 57, Evaluated States: 71, Time: 0.088) Frontier Size: 14
f(n) = 13.0 (Expanded Nodes: 61, Evaluated States: 76, Time: 0.089) Frontier Size: 15
f(n) = 14.0 (Expanded Nodes: 65, Evaluated States: 81, Time: 0.095) Frontier Size: 16
f(n) = 15.0 (Expanded Nodes: 69, Evaluated States: 86, Time: 0.096) Frontier Size: 17
f(n) = 16.0 (Expanded Nodes: 73, Evaluated States: 91, Time: 0.097) Frontier Size: 18
f(n) = 17.0 (Expanded Nodes: 77, Evaluated States: 96, Time: 0.097) Frontier Size: 19
f(n) = 18.0 (Expanded Nodes: 81, Evaluated States: 101, Time: 0.102) Frontier Size: 20
f(n) = 19.0 (Expanded Nodes: 85, Evaluated States: 106, Time: 0.103) Frontier Size: 21
f(n) = 20.0 (Expanded Nodes: 89, Evaluated States: 111, Time: 0.104) Frontier Size: 22
Extracting plan with execution delta: 1.0
Problem Solved

Found Plan:
0: (validate-payload t0 a7 t1)
0: (sync-actions t0 t1 a7)
0: (add_action a13)
0: (check_added_parameter_model a13)
0: (add_move_automata a13)
0: -----waiting---- [20.0]
20.0: (stop_wait)
20.0: (add_action a15)
20.0: (check_added_parameter_model a15)
20.0: (add_move_automata a15)
20.0: (stop_wait)
20.0: (add_action a16)
20.0: (check_added_parameter_model a16)
20.0: (add_move_automata a16)
20.0: (stop_wait)
20.0: (add_action a14)
20.0: (check_added_parameter_model a14)
20.0: (add_move_automata a14)
20.0: (stop_wait)
20.0: (add_action a8)
20.0: (check_added_parameter_model a8)
20.0: (add_move_automata a8)
20.0: (stop_wait)
20.0: (add_action a11)
20.0: (check_added_parameter_model a11)
20.0: (add_move_automata a11)
20.0: (stop_wait)
20.0: (add_action a21)
20.0: (check_added_parameter_model a21)
20.0: (add_move_automata a21)
20.0: (stop_wait)
20.0: (add_action a22)
20.0: (check_added_parameter_model a22)
20.0: (add_move_automata a22)
20.0: (stop_wait)
20.0: (add_action a12)
20.0: (check_added_parameter_model a12)
20.0: (add_move_automata a12)
20.0: (stop_wait)
20.0: (add_action a23)
20.0: (check_added_parameter_model a23)
20.0: (add_move_automata a23)
20.0: (stop_wait)
20.0: (add_action a17)
20.0: (check_added_parameter_model a17)
20.0: (add_move_automata a17)
20.0: (stop_wait)
20.0: (add_action a18)
20.0: (check_added_parameter_model a18)
20.0: (add_move_automata a18)

Plan-Length:69
Elapsed Time: 20.0
Metric (Search):20.0
Planning Time (msec): 196
Heuristic Time (msec): 6
Search Time (msec): 187
Expanded Nodes:288
States Evaluated:344
Number of Dead-Ends detected:0
Number of Duplicates detected:189
/usr/bin/time -v timeout 600 java -Xmx64g -jar ./enhsp3.jar -o ./domain_framed_autonomy_process_reset.pddl -f ./problems/a42g11XOR-prefix-1-a42g11XOR_1_timed/problem5.pddl -h blind -s WAStar
Domain parsed
Problem parsed
Grounding..
Grounding Time: 12089
UFX:true
|F|:60695
|X|:3
Heuristic Problem Creation
|A|:1534
|P|:2
|E|:0
Delta time heuristic model:1.0
Delta time planning model:1.0
Delta time search-execution model:1.0
Delta time validation model:1
h(I):0.0
f(n) = 1.0 (Expanded Nodes: 13, Evaluated States: 16, Time: 0.035) Frontier Size: 3
f(n) = 2.0 (Expanded Nodes: 17, Evaluated States: 21, Time: 0.053) Frontier Size: 4
f(n) = 3.0 (Expanded Nodes: 21, Evaluated States: 26, Time: 0.061) Frontier Size: 5
f(n) = 4.0 (Expanded Nodes: 25, Evaluated States: 31, Time: 0.062) Frontier Size: 6
f(n) = 5.0 (Expanded Nodes: 29, Evaluated States: 36, Time: 0.067) Frontier Size: 7
f(n) = 6.0 (Expanded Nodes: 33, Evaluated States: 41, Time: 0.068) Frontier Size: 8
f(n) = 7.0 (Expanded Nodes: 37, Evaluated States: 46, Time: 0.07) Frontier Size: 9
f(n) = 8.0 (Expanded Nodes: 41, Evaluated States: 51, Time: 0.078) Frontier Size: 10
f(n) = 9.0 (Expanded Nodes: 45, Evaluated States: 56, Time: 0.079) Frontier Size: 11
f(n) = 10.0 (Expanded Nodes: 49, Evaluated States: 61, Time: 0.087) Frontier Size: 12
f(n) = 11.0 (Expanded Nodes: 53, Evaluated States: 66, Time: 0.088) Frontier Size: 13
f(n) = 12.0 (Expanded Nodes: 57, Evaluated States: 71, Time: 0.088) Frontier Size: 14
f(n) = 13.0 (Expanded Nodes: 61, Evaluated States: 76, Time: 0.089) Frontier Size: 15
f(n) = 14.0 (Expanded Nodes: 65, Evaluated States: 81, Time: 0.097) Frontier Size: 16
f(n) = 15.0 (Expanded Nodes: 69, Evaluated States: 86, Time: 0.1) Frontier Size: 17
f(n) = 16.0 (Expanded Nodes: 73, Evaluated States: 91, Time: 0.1) Frontier Size: 18
f(n) = 17.0 (Expanded Nodes: 77, Evaluated States: 96, Time: 0.101) Frontier Size: 19
f(n) = 18.0 (Expanded Nodes: 81, Evaluated States: 101, Time: 0.102) Frontier Size: 20
f(n) = 19.0 (Expanded Nodes: 85, Evaluated States: 106, Time: 0.109) Frontier Size: 21
f(n) = 20.0 (Expanded Nodes: 89, Evaluated States: 111, Time: 0.109) Frontier Size: 22
Extracting plan with execution delta: 1.0
Problem Solved

Found Plan:
0: (validate-payload t0 a7 t1)
0: (sync-actions t0 t1 a7)
0: (add_action a13)
0: (check_added_parameter_model a13)
0: (add_move_automata a13)
0: -----waiting---- [20.0]
20.0: (stop_wait)
20.0: (add_action a15)
20.0: (check_added_parameter_model a15)
20.0: (add_move_automata a15)
20.0: (stop_wait)
20.0: (add_action a16)
20.0: (check_added_parameter_model a16)
20.0: (add_move_automata a16)
20.0: (stop_wait)
20.0: (add_action a14)
20.0: (check_added_parameter_model a14)
20.0: (add_move_automata a14)
20.0: (stop_wait)
20.0: (add_action a8)
20.0: (check_added_parameter_model a8)
20.0: (add_move_automata a8)
20.0: (stop_wait)
20.0: (add_action a11)
20.0: (check_added_parameter_model a11)
20.0: (add_move_automata a11)
20.0: (stop_wait)
20.0: (add_action a21)
20.0: (check_added_parameter_model a21)
20.0: (add_move_automata a21)
20.0: (stop_wait)
20.0: (add_action a22)
20.0: (check_added_parameter_model a22)
20.0: (add_move_automata a22)
20.0: (stop_wait)
20.0: (add_action a12)
20.0: (check_added_parameter_model a12)
20.0: (add_move_automata a12)
20.0: (stop_wait)
20.0: (add_action a23)
20.0: (check_added_parameter_model a23)
20.0: (add_move_automata a23)
20.0: (stop_wait)
20.0: (add_action a17)
20.0: (check_added_parameter_model a17)
20.0: (add_move_automata a17)
20.0: (stop_wait)
20.0: (add_action a18)
20.0: (check_added_parameter_model a18)
20.0: (add_move_automata a18)

Plan-Length:69
Elapsed Time: 20.0
Metric (Search):20.0
Planning Time (msec): 204
Heuristic Time (msec): 3
Search Time (msec): 191
Expanded Nodes:288
States Evaluated:344
Number of Dead-Ends detected:0
Number of Duplicates detected:189
/usr/bin/time -v timeout 600 java -Xmx64g -jar ./enhsp3.jar -o ./domain_framed_autonomy_process_reset.pddl -f ./problems/a42g11XOR-prefix-1-a42g11XOR_1_timed/problem6.pddl -h blind -s WAStar
Domain parsed
Problem parsed
Grounding..
Grounding Time: 12260
UFX:true
|F|:60695
|X|:3
Heuristic Problem Creation
|A|:1534
|P|:2
|E|:0
Delta time heuristic model:1.0
Delta time planning model:1.0
Delta time search-execution model:1.0
Delta time validation model:1
h(I):0.0
f(n) = 1.0 (Expanded Nodes: 13, Evaluated States: 16, Time: 0.032) Frontier Size: 3
f(n) = 2.0 (Expanded Nodes: 17, Evaluated States: 21, Time: 0.059) Frontier Size: 4
f(n) = 3.0 (Expanded Nodes: 21, Evaluated States: 26, Time: 0.065) Frontier Size: 5
f(n) = 4.0 (Expanded Nodes: 25, Evaluated States: 31, Time: 0.066) Frontier Size: 6
f(n) = 5.0 (Expanded Nodes: 29, Evaluated States: 36, Time: 0.071) Frontier Size: 7
f(n) = 6.0 (Expanded Nodes: 33, Evaluated States: 41, Time: 0.072) Frontier Size: 8
f(n) = 7.0 (Expanded Nodes: 37, Evaluated States: 46, Time: 0.074) Frontier Size: 9
f(n) = 8.0 (Expanded Nodes: 41, Evaluated States: 51, Time: 0.079) Frontier Size: 10
f(n) = 9.0 (Expanded Nodes: 45, Evaluated States: 56, Time: 0.08) Frontier Size: 11
f(n) = 10.0 (Expanded Nodes: 49, Evaluated States: 61, Time: 0.086) Frontier Size: 12
f(n) = 11.0 (Expanded Nodes: 53, Evaluated States: 66, Time: 0.087) Frontier Size: 13
f(n) = 12.0 (Expanded Nodes: 57, Evaluated States: 71, Time: 0.09) Frontier Size: 14
f(n) = 13.0 (Expanded Nodes: 61, Evaluated States: 76, Time: 0.094) Frontier Size: 15
f(n) = 14.0 (Expanded Nodes: 65, Evaluated States: 81, Time: 0.095) Frontier Size: 16
f(n) = 15.0 (Expanded Nodes: 69, Evaluated States: 86, Time: 0.096) Frontier Size: 17
f(n) = 16.0 (Expanded Nodes: 73, Evaluated States: 91, Time: 0.096) Frontier Size: 18
f(n) = 17.0 (Expanded Nodes: 77, Evaluated States: 96, Time: 0.101) Frontier Size: 19
f(n) = 18.0 (Expanded Nodes: 81, Evaluated States: 101, Time: 0.102) Frontier Size: 20
f(n) = 19.0 (Expanded Nodes: 85, Evaluated States: 106, Time: 0.103) Frontier Size: 21
f(n) = 20.0 (Expanded Nodes: 89, Evaluated States: 111, Time: 0.103) Frontier Size: 22
Extracting plan with execution delta: 1.0
Problem Solved

Found Plan:
0: (validate-payload t0 a7 t1)
0: (sync-actions t0 t1 a7)
0: (add_action a13)
0: (check_added_parameter_model a13)
0: (add_move_automata a13)
0: -----waiting---- [20.0]
20.0: (stop_wait)
20.0: (add_action a15)
20.0: (check_added_parameter_model a15)
20.0: (add_move_automata a15)
20.0: (stop_wait)
20.0: (add_action a16)
20.0: (check_added_parameter_model a16)
20.0: (add_move_automata a16)
20.0: (stop_wait)
20.0: (add_action a14)
20.0: (check_added_parameter_model a14)
20.0: (add_move_automata a14)
20.0: (stop_wait)
20.0: (add_action a8)
20.0: (check_added_parameter_model a8)
20.0: (add_move_automata a8)
20.0: (stop_wait)
20.0: (add_action a11)
20.0: (check_added_parameter_model a11)
20.0: (add_move_automata a11)
20.0: (stop_wait)
20.0: (add_action a21)
20.0: (check_added_parameter_model a21)
20.0: (add_move_automata a21)
20.0: (stop_wait)
20.0: (add_action a22)
20.0: (check_added_parameter_model a22)
20.0: (add_move_automata a22)
20.0: (stop_wait)
20.0: (add_action a12)
20.0: (check_added_parameter_model a12)
20.0: (add_move_automata a12)
20.0: (stop_wait)
20.0: (add_action a23)
20.0: (check_added_parameter_model a23)
20.0: (add_move_automata a23)
20.0: (stop_wait)
20.0: (add_action a17)
20.0: (check_added_parameter_model a17)
20.0: (add_move_automata a17)
20.0: (stop_wait)
20.0: (add_action a18)
20.0: (check_added_parameter_model a18)
20.0: (add_move_automata a18)

Plan-Length:69
Elapsed Time: 20.0
Metric (Search):20.0
Planning Time (msec): 192
Heuristic Time (msec): 7
Search Time (msec): 188
Expanded Nodes:288
States Evaluated:344
Number of Dead-Ends detected:0
Number of Duplicates detected:189
/usr/bin/time -v timeout 600 java -Xmx64g -jar ./enhsp3.jar -o ./domain_framed_autonomy_process_reset.pddl -f ./problems/a42g11XOR-prefix-1-a42g11XOR_1_timed/problem7.pddl -h blind -s WAStar
Domain parsed
Problem parsed
Grounding..
Grounding Time: 12381
UFX:true
|F|:60695
|X|:3
Heuristic Problem Creation
|A|:1534
|P|:2
|E|:0
Delta time heuristic model:1.0
Delta time planning model:1.0
Delta time search-execution model:1.0
Delta time validation model:1
h(I):0.0
f(n) = 1.0 (Expanded Nodes: 13, Evaluated States: 16, Time: 0.029) Frontier Size: 3
f(n) = 2.0 (Expanded Nodes: 17, Evaluated States: 21, Time: 0.059) Frontier Size: 4
f(n) = 3.0 (Expanded Nodes: 21, Evaluated States: 26, Time: 0.061) Frontier Size: 5
f(n) = 4.0 (Expanded Nodes: 25, Evaluated States: 31, Time: 0.062) Frontier Size: 6
f(n) = 5.0 (Expanded Nodes: 29, Evaluated States: 36, Time: 0.063) Frontier Size: 7
f(n) = 6.0 (Expanded Nodes: 33, Evaluated States: 41, Time: 0.064) Frontier Size: 8
f(n) = 7.0 (Expanded Nodes: 37, Evaluated States: 46, Time: 0.068) Frontier Size: 9
f(n) = 8.0 (Expanded Nodes: 41, Evaluated States: 51, Time: 0.074) Frontier Size: 10
f(n) = 9.0 (Expanded Nodes: 45, Evaluated States: 56, Time: 0.074) Frontier Size: 11
f(n) = 10.0 (Expanded Nodes: 49, Evaluated States: 61, Time: 0.075) Frontier Size: 12
f(n) = 11.0 (Expanded Nodes: 53, Evaluated States: 66, Time: 0.077) Frontier Size: 13
f(n) = 12.0 (Expanded Nodes: 57, Evaluated States: 71, Time: 0.078) Frontier Size: 14
f(n) = 13.0 (Expanded Nodes: 61, Evaluated States: 76, Time: 0.079) Frontier Size: 15
f(n) = 14.0 (Expanded Nodes: 65, Evaluated States: 81, Time: 0.079) Frontier Size: 16
f(n) = 15.0 (Expanded Nodes: 69, Evaluated States: 86, Time: 0.08) Frontier Size: 17
f(n) = 16.0 (Expanded Nodes: 73, Evaluated States: 91, Time: 0.08) Frontier Size: 18
f(n) = 17.0 (Expanded Nodes: 77, Evaluated States: 96, Time: 0.081) Frontier Size: 19
f(n) = 18.0 (Expanded Nodes: 81, Evaluated States: 101, Time: 0.088) Frontier Size: 20
f(n) = 19.0 (Expanded Nodes: 85, Evaluated States: 106, Time: 0.09) Frontier Size: 21
f(n) = 20.0 (Expanded Nodes: 89, Evaluated States: 111, Time: 0.091) Frontier Size: 22
Extracting plan with execution delta: 1.0
Problem Solved

Found Plan:
0: (validate-payload t0 a7 t1)
0: (sync-actions t0 t1 a7)
0: (add_action a13)
0: (check_added_parameter_model a13)
0: (add_move_automata a13)
0: -----waiting---- [20.0]
20.0: (stop_wait)
20.0: (add_action a15)
20.0: (check_added_parameter_model a15)
20.0: (add_move_automata a15)
20.0: (stop_wait)
20.0: (add_action a16)
20.0: (check_added_parameter_model a16)
20.0: (add_move_automata a16)
20.0: (stop_wait)
20.0: (add_action a14)
20.0: (check_added_parameter_model a14)
20.0: (add_move_automata a14)
20.0: (stop_wait)
20.0: (add_action a8)
20.0: (check_added_parameter_model a8)
20.0: (add_move_automata a8)
20.0: (stop_wait)
20.0: (add_action a11)
20.0: (check_added_parameter_model a11)
20.0: (add_move_automata a11)
20.0: (stop_wait)
20.0: (add_action a21)
20.0: (check_added_parameter_model a21)
20.0: (add_move_automata a21)
20.0: (stop_wait)
20.0: (add_action a22)
20.0: (check_added_parameter_model a22)
20.0: (add_move_automata a22)
20.0: (stop_wait)
20.0: (add_action a12)
20.0: (check_added_parameter_model a12)
20.0: (add_move_automata a12)
20.0: (stop_wait)
20.0: (add_action a23)
20.0: (check_added_parameter_model a23)
20.0: (add_move_automata a23)
20.0: (stop_wait)
20.0: (add_action a17)
20.0: (check_added_parameter_model a17)
20.0: (add_move_automata a17)
20.0: (stop_wait)
20.0: (add_action a18)
20.0: (check_added_parameter_model a18)
20.0: (add_move_automata a18)

Plan-Length:69
Elapsed Time: 20.0
Metric (Search):20.0
Planning Time (msec): 158
Heuristic Time (msec): 8
Search Time (msec): 149
Expanded Nodes:288
States Evaluated:344
Number of Dead-Ends detected:0
Number of Duplicates detected:189
/usr/bin/time -v timeout 600 java -Xmx64g -jar ./enhsp3.jar -o ./domain_framed_autonomy_process_reset.pddl -f ./problems/a42g11XOR-prefix-1-a42g11XOR_1_timed/problem8.pddl -h blind -s WAStar
Domain parsed
Problem parsed
Grounding..
Grounding Time: 12111
UFX:true
|F|:60695
|X|:3
Heuristic Problem Creation
|A|:1534
|P|:2
|E|:0
Delta time heuristic model:1.0
Delta time planning model:1.0
Delta time search-execution model:1.0
Delta time validation model:1
h(I):0.0
f(n) = 1.0 (Expanded Nodes: 13, Evaluated States: 16, Time: 0.031) Frontier Size: 3
f(n) = 2.0 (Expanded Nodes: 17, Evaluated States: 21, Time: 0.054) Frontier Size: 4
f(n) = 3.0 (Expanded Nodes: 21, Evaluated States: 26, Time: 0.059) Frontier Size: 5
f(n) = 4.0 (Expanded Nodes: 25, Evaluated States: 31, Time: 0.061) Frontier Size: 6
f(n) = 5.0 (Expanded Nodes: 29, Evaluated States: 36, Time: 0.063) Frontier Size: 7
f(n) = 6.0 (Expanded Nodes: 33, Evaluated States: 41, Time: 0.068) Frontier Size: 8
f(n) = 7.0 (Expanded Nodes: 37, Evaluated States: 46, Time: 0.07) Frontier Size: 9
f(n) = 8.0 (Expanded Nodes: 41, Evaluated States: 51, Time: 0.071) Frontier Size: 10
f(n) = 9.0 (Expanded Nodes: 45, Evaluated States: 56, Time: 0.078) Frontier Size: 11
f(n) = 10.0 (Expanded Nodes: 49, Evaluated States: 61, Time: 0.08) Frontier Size: 12
f(n) = 11.0 (Expanded Nodes: 53, Evaluated States: 66, Time: 0.084) Frontier Size: 13
f(n) = 12.0 (Expanded Nodes: 57, Evaluated States: 71, Time: 0.085) Frontier Size: 14
f(n) = 13.0 (Expanded Nodes: 61, Evaluated States: 76, Time: 0.087) Frontier Size: 15
f(n) = 14.0 (Expanded Nodes: 65, Evaluated States: 81, Time: 0.088) Frontier Size: 16
f(n) = 15.0 (Expanded Nodes: 69, Evaluated States: 86, Time: 0.088) Frontier Size: 17
f(n) = 16.0 (Expanded Nodes: 73, Evaluated States: 91, Time: 0.089) Frontier Size: 18
f(n) = 17.0 (Expanded Nodes: 77, Evaluated States: 96, Time: 0.09) Frontier Size: 19
f(n) = 18.0 (Expanded Nodes: 81, Evaluated States: 101, Time: 0.095) Frontier Size: 20
f(n) = 19.0 (Expanded Nodes: 85, Evaluated States: 106, Time: 0.095) Frontier Size: 21
f(n) = 20.0 (Expanded Nodes: 89, Evaluated States: 111, Time: 0.096) Frontier Size: 22
Extracting plan with execution delta: 1.0
Problem Solved

Found Plan:
0: (validate-payload t0 a7 t1)
0: (sync-actions t0 t1 a7)
0: (add_action a13)
0: (check_added_parameter_model a13)
0: (add_move_automata a13)
0: -----waiting---- [20.0]
20.0: (stop_wait)
20.0: (add_action a15)
20.0: (check_added_parameter_model a15)
20.0: (add_move_automata a15)
20.0: (stop_wait)
20.0: (add_action a16)
20.0: (check_added_parameter_model a16)
20.0: (add_move_automata a16)
20.0: (stop_wait)
20.0: (add_action a14)
20.0: (check_added_parameter_model a14)
20.0: (add_move_automata a14)
20.0: (stop_wait)
20.0: (add_action a8)
20.0: (check_added_parameter_model a8)
20.0: (add_move_automata a8)
20.0: (stop_wait)
20.0: (add_action a11)
20.0: (check_added_parameter_model a11)
20.0: (add_move_automata a11)
20.0: (stop_wait)
20.0: (add_action a21)
20.0: (check_added_parameter_model a21)
20.0: (add_move_automata a21)
20.0: (stop_wait)
20.0: (add_action a22)
20.0: (check_added_parameter_model a22)
20.0: (add_move_automata a22)
20.0: (stop_wait)
20.0: (add_action a12)
20.0: (check_added_parameter_model a12)
20.0: (add_move_automata a12)
20.0: (stop_wait)
20.0: (add_action a23)
20.0: (check_added_parameter_model a23)
20.0: (add_move_automata a23)
20.0: (stop_wait)
20.0: (add_action a17)
20.0: (check_added_parameter_model a17)
20.0: (add_move_automata a17)
20.0: (stop_wait)
20.0: (add_action a18)
20.0: (check_added_parameter_model a18)
20.0: (add_move_automata a18)

Plan-Length:69
Elapsed Time: 20.0
Metric (Search):20.0
Planning Time (msec): 192
Heuristic Time (msec): 1
Search Time (msec): 184
Expanded Nodes:288
States Evaluated:344
Number of Dead-Ends detected:0
Number of Duplicates detected:189
/usr/bin/time -v timeout 600 java -Xmx64g -jar ./enhsp3.jar -o ./domain_framed_autonomy_process_reset.pddl -f ./problems/a42g11XOR-prefix-1-a42g11XOR_1_timed/problem9.pddl -h blind -s WAStar
Domain parsed
Problem parsed
Grounding..
Grounding Time: 12016
UFX:true
|F|:60695
|X|:3
Heuristic Problem Creation
|A|:1534
|P|:2
|E|:0
Delta time heuristic model:1.0
Delta time planning model:1.0
Delta time search-execution model:1.0
Delta time validation model:1
h(I):0.0
f(n) = 1.0 (Expanded Nodes: 13, Evaluated States: 16, Time: 0.034) Frontier Size: 3
f(n) = 2.0 (Expanded Nodes: 17, Evaluated States: 21, Time: 0.058) Frontier Size: 4
f(n) = 3.0 (Expanded Nodes: 21, Evaluated States: 26, Time: 0.061) Frontier Size: 5
f(n) = 4.0 (Expanded Nodes: 25, Evaluated States: 31, Time: 0.062) Frontier Size: 6
f(n) = 5.0 (Expanded Nodes: 29, Evaluated States: 36, Time: 0.067) Frontier Size: 7
f(n) = 6.0 (Expanded Nodes: 33, Evaluated States: 41, Time: 0.069) Frontier Size: 8
f(n) = 7.0 (Expanded Nodes: 37, Evaluated States: 46, Time: 0.07) Frontier Size: 9
f(n) = 8.0 (Expanded Nodes: 41, Evaluated States: 51, Time: 0.071) Frontier Size: 10
f(n) = 9.0 (Expanded Nodes: 45, Evaluated States: 56, Time: 0.077) Frontier Size: 11
f(n) = 10.0 (Expanded Nodes: 49, Evaluated States: 61, Time: 0.078) Frontier Size: 12
f(n) = 11.0 (Expanded Nodes: 53, Evaluated States: 66, Time: 0.078) Frontier Size: 13
f(n) = 12.0 (Expanded Nodes: 57, Evaluated States: 71, Time: 0.084) Frontier Size: 14
f(n) = 13.0 (Expanded Nodes: 61, Evaluated States: 76, Time: 0.085) Frontier Size: 15
f(n) = 14.0 (Expanded Nodes: 65, Evaluated States: 81, Time: 0.086) Frontier Size: 16
f(n) = 15.0 (Expanded Nodes: 69, Evaluated States: 86, Time: 0.086) Frontier Size: 17
f(n) = 16.0 (Expanded Nodes: 73, Evaluated States: 91, Time: 0.087) Frontier Size: 18
f(n) = 17.0 (Expanded Nodes: 77, Evaluated States: 96, Time: 0.092) Frontier Size: 19
f(n) = 18.0 (Expanded Nodes: 81, Evaluated States: 101, Time: 0.092) Frontier Size: 20
f(n) = 19.0 (Expanded Nodes: 85, Evaluated States: 106, Time: 0.093) Frontier Size: 21
f(n) = 20.0 (Expanded Nodes: 89, Evaluated States: 111, Time: 0.093) Frontier Size: 22
Extracting plan with execution delta: 1.0
Problem Solved

Found Plan:
0: (validate-payload t0 a7 t1)
0: (sync-actions t0 t1 a7)
0: (add_action a13)
0: (check_added_parameter_model a13)
0: (add_move_automata a13)
0: -----waiting---- [20.0]
20.0: (stop_wait)
20.0: (add_action a15)
20.0: (check_added_parameter_model a15)
20.0: (add_move_automata a15)
20.0: (stop_wait)
20.0: (add_action a16)
20.0: (check_added_parameter_model a16)
20.0: (add_move_automata a16)
20.0: (stop_wait)
20.0: (add_action a14)
20.0: (check_added_parameter_model a14)
20.0: (add_move_automata a14)
20.0: (stop_wait)
20.0: (add_action a8)
20.0: (check_added_parameter_model a8)
20.0: (add_move_automata a8)
20.0: (stop_wait)
20.0: (add_action a11)
20.0: (check_added_parameter_model a11)
20.0: (add_move_automata a11)
20.0: (stop_wait)
20.0: (add_action a21)
20.0: (check_added_parameter_model a21)
20.0: (add_move_automata a21)
20.0: (stop_wait)
20.0: (add_action a22)
20.0: (check_added_parameter_model a22)
20.0: (add_move_automata a22)
20.0: (stop_wait)
20.0: (add_action a12)
20.0: (check_added_parameter_model a12)
20.0: (add_move_automata a12)
20.0: (stop_wait)
20.0: (add_action a23)
20.0: (check_added_parameter_model a23)
20.0: (add_move_automata a23)
20.0: (stop_wait)
20.0: (add_action a17)
20.0: (check_added_parameter_model a17)
20.0: (add_move_automata a17)
20.0: (stop_wait)
20.0: (add_action a18)
20.0: (check_added_parameter_model a18)
20.0: (add_move_automata a18)

Plan-Length:69
Elapsed Time: 20.0
Metric (Search):20.0
Planning Time (msec): 164
Heuristic Time (msec): 7
Search Time (msec): 159
Expanded Nodes:288
States Evaluated:344
Number of Dead-Ends detected:0
Number of Duplicates detected:189
/usr/bin/time -v timeout 600 java -Xmx64g -jar ./enhsp3.jar -o ./domain_framed_autonomy_process_reset.pddl -f ./problems/a42g11XOR-prefix-1-a42g11XOR_1_timed/problem10.pddl -h blind -s WAStar
Domain parsed
Problem parsed
Grounding..
Grounding Time: 11941
UFX:true
|F|:60695
|X|:3
Heuristic Problem Creation
|A|:1534
|P|:2
|E|:0
Delta time heuristic model:1.0
Delta time planning model:1.0
Delta time search-execution model:1.0
Delta time validation model:1
h(I):0.0
f(n) = 1.0 (Expanded Nodes: 13, Evaluated States: 16, Time: 0.028) Frontier Size: 3
f(n) = 2.0 (Expanded Nodes: 17, Evaluated States: 21, Time: 0.053) Frontier Size: 4
f(n) = 3.0 (Expanded Nodes: 21, Evaluated States: 26, Time: 0.055) Frontier Size: 5
f(n) = 4.0 (Expanded Nodes: 25, Evaluated States: 31, Time: 0.056) Frontier Size: 6
f(n) = 5.0 (Expanded Nodes: 29, Evaluated States: 36, Time: 0.058) Frontier Size: 7
f(n) = 6.0 (Expanded Nodes: 33, Evaluated States: 41, Time: 0.06) Frontier Size: 8
f(n) = 7.0 (Expanded Nodes: 37, Evaluated States: 46, Time: 0.061) Frontier Size: 9
f(n) = 8.0 (Expanded Nodes: 41, Evaluated States: 51, Time: 0.062) Frontier Size: 10
f(n) = 9.0 (Expanded Nodes: 45, Evaluated States: 56, Time: 0.062) Frontier Size: 11
f(n) = 10.0 (Expanded Nodes: 49, Evaluated States: 61, Time: 0.067) Frontier Size: 12
f(n) = 11.0 (Expanded Nodes: 53, Evaluated States: 66, Time: 0.071) Frontier Size: 13
f(n) = 12.0 (Expanded Nodes: 57, Evaluated States: 71, Time: 0.071) Frontier Size: 14
f(n) = 13.0 (Expanded Nodes: 61, Evaluated States: 76, Time: 0.072) Frontier Size: 15
f(n) = 14.0 (Expanded Nodes: 65, Evaluated States: 81, Time: 0.072) Frontier Size: 16
f(n) = 15.0 (Expanded Nodes: 69, Evaluated States: 86, Time: 0.076) Frontier Size: 17
f(n) = 16.0 (Expanded Nodes: 73, Evaluated States: 91, Time: 0.076) Frontier Size: 18
f(n) = 17.0 (Expanded Nodes: 77, Evaluated States: 96, Time: 0.077) Frontier Size: 19
f(n) = 18.0 (Expanded Nodes: 81, Evaluated States: 101, Time: 0.077) Frontier Size: 20
f(n) = 19.0 (Expanded Nodes: 85, Evaluated States: 106, Time: 0.078) Frontier Size: 21
f(n) = 20.0 (Expanded Nodes: 89, Evaluated States: 111, Time: 0.078) Frontier Size: 22
Extracting plan with execution delta: 1.0
Problem Solved

Found Plan:
0: (validate-payload t0 a7 t1)
0: (sync-actions t0 t1 a7)
0: (add_action a13)
0: (check_added_parameter_model a13)
0: (add_move_automata a13)
0: -----waiting---- [20.0]
20.0: (stop_wait)
20.0: (add_action a15)
20.0: (check_added_parameter_model a15)
20.0: (add_move_automata a15)
20.0: (stop_wait)
20.0: (add_action a16)
20.0: (check_added_parameter_model a16)
20.0: (add_move_automata a16)
20.0: (stop_wait)
20.0: (add_action a14)
20.0: (check_added_parameter_model a14)
20.0: (add_move_automata a14)
20.0: (stop_wait)
20.0: (add_action a8)
20.0: (check_added_parameter_model a8)
20.0: (add_move_automata a8)
20.0: (stop_wait)
20.0: (add_action a11)
20.0: (check_added_parameter_model a11)
20.0: (add_move_automata a11)
20.0: (stop_wait)
20.0: (add_action a21)
20.0: (check_added_parameter_model a21)
20.0: (add_move_automata a21)
20.0: (stop_wait)
20.0: (add_action a22)
20.0: (check_added_parameter_model a22)
20.0: (add_move_automata a22)
20.0: (stop_wait)
20.0: (add_action a12)
20.0: (check_added_parameter_model a12)
20.0: (add_move_automata a12)
20.0: (stop_wait)
20.0: (add_action a23)
20.0: (check_added_parameter_model a23)
20.0: (add_move_automata a23)
20.0: (stop_wait)
20.0: (add_action a17)
20.0: (check_added_parameter_model a17)
20.0: (add_move_automata a17)
20.0: (stop_wait)
20.0: (add_action a18)
20.0: (check_added_parameter_model a18)
20.0: (add_move_automata a18)

Plan-Length:69
Elapsed Time: 20.0
Metric (Search):20.0
Planning Time (msec): 153
Heuristic Time (msec): 8
Search Time (msec): 140
Expanded Nodes:288
States Evaluated:344
Number of Dead-Ends detected:0
Number of Duplicates detected:189
