Loading openjdk/17.0.8.1_1
  Loading requirement: glibc/2.35-aocc-3.2.0-wetwhfr
    gcc-runtime/12.1.0-gcc-12.1.0-uotjsm3 glibc/2.35-aocc-3.2.0-dkzxmta
	Command being timed: "timeout 600 java -Xmx64g -jar ./enhsp3.jar -o ./domain_framed_autonomy_process_reset.pddl -f ./problems/a42g11XOR-prefix-4-a42g11XOR_5_timed_data/problem1.pddl -h blind -s WAStar -dap -dl 1500"
	User time (seconds): 86.95
	System time (seconds): 4.08
	Percent of CPU this job got: 98%
	Elapsed (wall clock) time (h:mm:ss or m:ss): 1:31.95
	Average shared text size (kbytes): 0
	Average unshared data size (kbytes): 0
	Average stack size (kbytes): 0
	Average total size (kbytes): 0
	Maximum resident set size (kbytes): 7542520
	Average resident set size (kbytes): 0
	Major (requiring I/O) page faults: 56
	Minor (reclaiming a frame) page faults: 4600423
	Voluntary context switches: 6318
	Involuntary context switches: 8208
	Swaps: 0
	File system inputs: 0
	File system outputs: 504
	Socket messages sent: 0
	Socket messages received: 0
	Signals delivered: 0
	Page size (bytes): 4096
	Exit status: 0
	Command being timed: "timeout 600 java -Xmx64g -jar ./enhsp3.jar -o ./domain_framed_autonomy_process_reset.pddl -f ./problems/a42g11XOR-prefix-4-a42g11XOR_5_timed_data/problem2.pddl -h blind -s WAStar -dap -dl 1500"
	User time (seconds): 89.23
	System time (seconds): 3.89
	Percent of CPU this job got: 99%
	Elapsed (wall clock) time (h:mm:ss or m:ss): 1:33.20
	Average shared text size (kbytes): 0
	Average unshared data size (kbytes): 0
	Average stack size (kbytes): 0
	Average total size (kbytes): 0
	Maximum resident set size (kbytes): 7423932
	Average resident set size (kbytes): 0
	Major (requiring I/O) page faults: 0
	Minor (reclaiming a frame) page faults: 4397089
	Voluntary context switches: 5981
	Involuntary context switches: 7989
	Swaps: 0
	File system inputs: 0
	File system outputs: 552
	Socket messages sent: 0
	Socket messages received: 0
	Signals delivered: 0
	Page size (bytes): 4096
	Exit status: 0
	Command being timed: "timeout 600 java -Xmx64g -jar ./enhsp3.jar -o ./domain_framed_autonomy_process_reset.pddl -f ./problems/a42g11XOR-prefix-4-a42g11XOR_5_timed_data/problem3.pddl -h blind -s WAStar -dap -dl 1500"
	User time (seconds): 88.76
	System time (seconds): 3.79
	Percent of CPU this job got: 99%
	Elapsed (wall clock) time (h:mm:ss or m:ss): 1:32.63
	Average shared text size (kbytes): 0
	Average unshared data size (kbytes): 0
	Average stack size (kbytes): 0
	Average total size (kbytes): 0
	Maximum resident set size (kbytes): 7497492
	Average resident set size (kbytes): 0
	Major (requiring I/O) page faults: 0
	Minor (reclaiming a frame) page faults: 4285448
	Voluntary context switches: 6026
	Involuntary context switches: 8135
	Swaps: 0
	File system inputs: 0
	File system outputs: 528
	Socket messages sent: 0
	Socket messages received: 0
	Signals delivered: 0
	Page size (bytes): 4096
	Exit status: 0
	Command being timed: "timeout 600 java -Xmx64g -jar ./enhsp3.jar -o ./domain_framed_autonomy_process_reset.pddl -f ./problems/a42g11XOR-prefix-4-a42g11XOR_5_timed_data/problem4.pddl -h blind -s WAStar -dap -dl 1500"
	User time (seconds): 87.98
	System time (seconds): 3.92
	Percent of CPU this job got: 99%
	Elapsed (wall clock) time (h:mm:ss or m:ss): 1:31.99
	Average shared text size (kbytes): 0
	Average unshared data size (kbytes): 0
	Average stack size (kbytes): 0
	Average total size (kbytes): 0
	Maximum resident set size (kbytes): 7543112
	Average resident set size (kbytes): 0
	Major (requiring I/O) page faults: 0
	Minor (reclaiming a frame) page faults: 4501292
	Voluntary context switches: 5831
	Involuntary context switches: 8048
	Swaps: 0
	File system inputs: 0
	File system outputs: 536
	Socket messages sent: 0
	Socket messages received: 0
	Signals delivered: 0
	Page size (bytes): 4096
	Exit status: 0
	Command being timed: "timeout 600 java -Xmx64g -jar ./enhsp3.jar -o ./domain_framed_autonomy_process_reset.pddl -f ./problems/a42g11XOR-prefix-4-a42g11XOR_5_timed_data/problem5.pddl -h blind -s WAStar -dap -dl 1500"
	User time (seconds): 88.09
	System time (seconds): 3.92
	Percent of CPU this job got: 99%
	Elapsed (wall clock) time (h:mm:ss or m:ss): 1:32.09
	Average shared text size (kbytes): 0
	Average unshared data size (kbytes): 0
	Average stack size (kbytes): 0
	Average total size (kbytes): 0
	Maximum resident set size (kbytes): 7546900
	Average resident set size (kbytes): 0
	Major (requiring I/O) page faults: 0
	Minor (reclaiming a frame) page faults: 4363109
	Voluntary context switches: 6000
	Involuntary context switches: 7895
	Swaps: 0
	File system inputs: 0
	File system outputs: 536
	Socket messages sent: 0
	Socket messages received: 0
	Signals delivered: 0
	Page size (bytes): 4096
	Exit status: 0
	Command being timed: "timeout 600 java -Xmx64g -jar ./enhsp3.jar -o ./domain_framed_autonomy_process_reset.pddl -f ./problems/a42g11XOR-prefix-4-a42g11XOR_5_timed_data/problem6.pddl -h blind -s WAStar -dap -dl 1500"
	User time (seconds): 87.41
	System time (seconds): 3.91
	Percent of CPU this job got: 99%
	Elapsed (wall clock) time (h:mm:ss or m:ss): 1:31.39
	Average shared text size (kbytes): 0
	Average unshared data size (kbytes): 0
	Average stack size (kbytes): 0
	Average total size (kbytes): 0
	Maximum resident set size (kbytes): 7537412
	Average resident set size (kbytes): 0
	Major (requiring I/O) page faults: 0
	Minor (reclaiming a frame) page faults: 4423506
	Voluntary context switches: 5863
	Involuntary context switches: 7724
	Swaps: 0
	File system inputs: 0
	File system outputs: 536
	Socket messages sent: 0
	Socket messages received: 0
	Signals delivered: 0
	Page size (bytes): 4096
	Exit status: 0
	Command being timed: "timeout 600 java -Xmx64g -jar ./enhsp3.jar -o ./domain_framed_autonomy_process_reset.pddl -f ./problems/a42g11XOR-prefix-4-a42g11XOR_5_timed_data/problem7.pddl -h blind -s WAStar -dap -dl 1500"
	User time (seconds): 88.93
	System time (seconds): 3.86
	Percent of CPU this job got: 99%
	Elapsed (wall clock) time (h:mm:ss or m:ss): 1:32.85
	Average shared text size (kbytes): 0
	Average unshared data size (kbytes): 0
	Average stack size (kbytes): 0
	Average total size (kbytes): 0
	Maximum resident set size (kbytes): 7504980
	Average resident set size (kbytes): 0
	Major (requiring I/O) page faults: 0
	Minor (reclaiming a frame) page faults: 4396121
	Voluntary context switches: 5872
	Involuntary context switches: 7936
	Swaps: 0
	File system inputs: 0
	File system outputs: 520
	Socket messages sent: 0
	Socket messages received: 0
	Signals delivered: 0
	Page size (bytes): 4096
	Exit status: 0
	Command being timed: "timeout 600 java -Xmx64g -jar ./enhsp3.jar -o ./domain_framed_autonomy_process_reset.pddl -f ./problems/a42g11XOR-prefix-4-a42g11XOR_5_timed_data/problem8.pddl -h blind -s WAStar -dap -dl 1500"
	User time (seconds): 88.99
	System time (seconds): 3.92
	Percent of CPU this job got: 99%
	Elapsed (wall clock) time (h:mm:ss or m:ss): 1:33.05
	Average shared text size (kbytes): 0
	Average unshared data size (kbytes): 0
	Average stack size (kbytes): 0
	Average total size (kbytes): 0
	Maximum resident set size (kbytes): 7480724
	Average resident set size (kbytes): 0
	Major (requiring I/O) page faults: 0
	Minor (reclaiming a frame) page faults: 4396203
	Voluntary context switches: 6201
	Involuntary context switches: 7869
	Swaps: 0
	File system inputs: 0
	File system outputs: 536
	Socket messages sent: 0
	Socket messages received: 0
	Signals delivered: 0
	Page size (bytes): 4096
	Exit status: 0
	Command being timed: "timeout 600 java -Xmx64g -jar ./enhsp3.jar -o ./domain_framed_autonomy_process_reset.pddl -f ./problems/a42g11XOR-prefix-4-a42g11XOR_5_timed_data/problem9.pddl -h blind -s WAStar -dap -dl 1500"
	User time (seconds): 91.54
	System time (seconds): 3.92
	Percent of CPU this job got: 99%
	Elapsed (wall clock) time (h:mm:ss or m:ss): 1:35.53
	Average shared text size (kbytes): 0
	Average unshared data size (kbytes): 0
	Average stack size (kbytes): 0
	Average total size (kbytes): 0
	Maximum resident set size (kbytes): 7539680
	Average resident set size (kbytes): 0
	Major (requiring I/O) page faults: 0
	Minor (reclaiming a frame) page faults: 4455296
	Voluntary context switches: 6166
	Involuntary context switches: 8213
	Swaps: 0
	File system inputs: 0
	File system outputs: 536
	Socket messages sent: 0
	Socket messages received: 0
	Signals delivered: 0
	Page size (bytes): 4096
	Exit status: 0
	Command being timed: "timeout 600 java -Xmx64g -jar ./enhsp3.jar -o ./domain_framed_autonomy_process_reset.pddl -f ./problems/a42g11XOR-prefix-4-a42g11XOR_5_timed_data/problem10.pddl -h blind -s WAStar -dap -dl 1500"
	User time (seconds): 91.96
	System time (seconds): 3.93
	Percent of CPU this job got: 99%
	Elapsed (wall clock) time (h:mm:ss or m:ss): 1:35.94
	Average shared text size (kbytes): 0
	Average unshared data size (kbytes): 0
	Average stack size (kbytes): 0
	Average total size (kbytes): 0
	Maximum resident set size (kbytes): 7502744
	Average resident set size (kbytes): 0
	Major (requiring I/O) page faults: 0
	Minor (reclaiming a frame) page faults: 4466277
	Voluntary context switches: 5858
	Involuntary context switches: 7907
	Swaps: 0
	File system inputs: 0
	File system outputs: 552
	Socket messages sent: 0
	Socket messages received: 0
	Signals delivered: 0
	Page size (bytes): 4096
	Exit status: 0
