Loading openjdk/17.0.8.1_1
  Loading requirement: glibc/2.35-aocc-3.2.0-wetwhfr
    gcc-runtime/12.1.0-gcc-12.1.0-uotjsm3 glibc/2.35-aocc-3.2.0-dkzxmta
	Command being timed: "timeout 600 java -Xmx64g -jar ./enhsp3.jar -o ./domain_framed_autonomy_process_reset.pddl -f ./problems/a42g11XOR-prefix-non-conforming-1-a42g11XOR_7_data/problem1.pddl -h blind -s WAStar -dap -dl 1500"
	User time (seconds): 117.75
	System time (seconds): 5.17
	Percent of CPU this job got: 98%
	Elapsed (wall clock) time (h:mm:ss or m:ss): 2:05.20
	Average shared text size (kbytes): 0
	Average unshared data size (kbytes): 0
	Average stack size (kbytes): 0
	Average total size (kbytes): 0
	Maximum resident set size (kbytes): 9564356
	Average resident set size (kbytes): 0
	Major (requiring I/O) page faults: 93
	Minor (reclaiming a frame) page faults: 5905115
	Voluntary context switches: 6869
	Involuntary context switches: 9136
	Swaps: 0
	File system inputs: 0
	File system outputs: 656
	Socket messages sent: 0
	Socket messages received: 0
	Signals delivered: 0
	Page size (bytes): 4096
	Exit status: 0
	Command being timed: "timeout 600 java -Xmx64g -jar ./enhsp3.jar -o ./domain_framed_autonomy_process_reset.pddl -f ./problems/a42g11XOR-prefix-non-conforming-1-a42g11XOR_7_data/problem2.pddl -h blind -s WAStar -dap -dl 1500"
	User time (seconds): 118.89
	System time (seconds): 5.11
	Percent of CPU this job got: 99%
	Elapsed (wall clock) time (h:mm:ss or m:ss): 2:04.12
	Average shared text size (kbytes): 0
	Average unshared data size (kbytes): 0
	Average stack size (kbytes): 0
	Average total size (kbytes): 0
	Maximum resident set size (kbytes): 9527864
	Average resident set size (kbytes): 0
	Major (requiring I/O) page faults: 0
	Minor (reclaiming a frame) page faults: 5687492
	Voluntary context switches: 7017
	Involuntary context switches: 9197
	Swaps: 0
	File system inputs: 0
	File system outputs: 664
	Socket messages sent: 0
	Socket messages received: 0
	Signals delivered: 0
	Page size (bytes): 4096
	Exit status: 0
	Command being timed: "timeout 600 java -Xmx64g -jar ./enhsp3.jar -o ./domain_framed_autonomy_process_reset.pddl -f ./problems/a42g11XOR-prefix-non-conforming-1-a42g11XOR_7_data/problem3.pddl -h blind -s WAStar -dap -dl 1500"
	User time (seconds): 118.63
	System time (seconds): 5.12
	Percent of CPU this job got: 99%
	Elapsed (wall clock) time (h:mm:ss or m:ss): 2:03.86
	Average shared text size (kbytes): 0
	Average unshared data size (kbytes): 0
	Average stack size (kbytes): 0
	Average total size (kbytes): 0
	Maximum resident set size (kbytes): 9523556
	Average resident set size (kbytes): 0
	Major (requiring I/O) page faults: 0
	Minor (reclaiming a frame) page faults: 5910419
	Voluntary context switches: 7105
	Involuntary context switches: 9195
	Swaps: 0
	File system inputs: 0
	File system outputs: 656
	Socket messages sent: 0
	Socket messages received: 0
	Signals delivered: 0
	Page size (bytes): 4096
	Exit status: 0
	Command being timed: "timeout 600 java -Xmx64g -jar ./enhsp3.jar -o ./domain_framed_autonomy_process_reset.pddl -f ./problems/a42g11XOR-prefix-non-conforming-1-a42g11XOR_7_data/problem4.pddl -h blind -s WAStar -dap -dl 1500"
	User time (seconds): 118.98
	System time (seconds): 5.17
	Percent of CPU this job got: 99%
	Elapsed (wall clock) time (h:mm:ss or m:ss): 2:04.27
	Average shared text size (kbytes): 0
	Average unshared data size (kbytes): 0
	Average stack size (kbytes): 0
	Average total size (kbytes): 0
	Maximum resident set size (kbytes): 9576264
	Average resident set size (kbytes): 0
	Major (requiring I/O) page faults: 0
	Minor (reclaiming a frame) page faults: 5983252
	Voluntary context switches: 6784
	Involuntary context switches: 8987
	Swaps: 0
	File system inputs: 0
	File system outputs: 656
	Socket messages sent: 0
	Socket messages received: 0
	Signals delivered: 0
	Page size (bytes): 4096
	Exit status: 0
	Command being timed: "timeout 600 java -Xmx64g -jar ./enhsp3.jar -o ./domain_framed_autonomy_process_reset.pddl -f ./problems/a42g11XOR-prefix-non-conforming-1-a42g11XOR_7_data/problem5.pddl -h blind -s WAStar -dap -dl 1500"
	User time (seconds): 117.81
	System time (seconds): 5.42
	Percent of CPU this job got: 99%
	Elapsed (wall clock) time (h:mm:ss or m:ss): 2:03.36
	Average shared text size (kbytes): 0
	Average unshared data size (kbytes): 0
	Average stack size (kbytes): 0
	Average total size (kbytes): 0
	Maximum resident set size (kbytes): 9693732
	Average resident set size (kbytes): 0
	Major (requiring I/O) page faults: 0
	Minor (reclaiming a frame) page faults: 6069127
	Voluntary context switches: 6741
	Involuntary context switches: 9092
	Swaps: 0
	File system inputs: 0
	File system outputs: 648
	Socket messages sent: 0
	Socket messages received: 0
	Signals delivered: 0
	Page size (bytes): 4096
	Exit status: 0
	Command being timed: "timeout 600 java -Xmx64g -jar ./enhsp3.jar -o ./domain_framed_autonomy_process_reset.pddl -f ./problems/a42g11XOR-prefix-non-conforming-1-a42g11XOR_7_data/problem6.pddl -h blind -s WAStar -dap -dl 1500"
	User time (seconds): 118.46
	System time (seconds): 5.29
	Percent of CPU this job got: 99%
	Elapsed (wall clock) time (h:mm:ss or m:ss): 2:03.87
	Average shared text size (kbytes): 0
	Average unshared data size (kbytes): 0
	Average stack size (kbytes): 0
	Average total size (kbytes): 0
	Maximum resident set size (kbytes): 9513716
	Average resident set size (kbytes): 0
	Major (requiring I/O) page faults: 0
	Minor (reclaiming a frame) page faults: 5967388
	Voluntary context switches: 6838
	Involuntary context switches: 9152
	Swaps: 0
	File system inputs: 0
	File system outputs: 656
	Socket messages sent: 0
	Socket messages received: 0
	Signals delivered: 0
	Page size (bytes): 4096
	Exit status: 0
	Command being timed: "timeout 600 java -Xmx64g -jar ./enhsp3.jar -o ./domain_framed_autonomy_process_reset.pddl -f ./problems/a42g11XOR-prefix-non-conforming-1-a42g11XOR_7_data/problem7.pddl -h blind -s WAStar -dap -dl 1500"
	User time (seconds): 118.03
	System time (seconds): 5.54
	Percent of CPU this job got: 99%
	Elapsed (wall clock) time (h:mm:ss or m:ss): 2:03.69
	Average shared text size (kbytes): 0
	Average unshared data size (kbytes): 0
	Average stack size (kbytes): 0
	Average total size (kbytes): 0
	Maximum resident set size (kbytes): 9696968
	Average resident set size (kbytes): 0
	Major (requiring I/O) page faults: 0
	Minor (reclaiming a frame) page faults: 6200194
	Voluntary context switches: 6432
	Involuntary context switches: 8681
	Swaps: 0
	File system inputs: 0
	File system outputs: 648
	Socket messages sent: 0
	Socket messages received: 0
	Signals delivered: 0
	Page size (bytes): 4096
	Exit status: 0
	Command being timed: "timeout 600 java -Xmx64g -jar ./enhsp3.jar -o ./domain_framed_autonomy_process_reset.pddl -f ./problems/a42g11XOR-prefix-non-conforming-1-a42g11XOR_7_data/problem8.pddl -h blind -s WAStar -dap -dl 1500"
	User time (seconds): 118.61
	System time (seconds): 5.43
	Percent of CPU this job got: 99%
	Elapsed (wall clock) time (h:mm:ss or m:ss): 2:04.21
	Average shared text size (kbytes): 0
	Average unshared data size (kbytes): 0
	Average stack size (kbytes): 0
	Average total size (kbytes): 0
	Maximum resident set size (kbytes): 9580656
	Average resident set size (kbytes): 0
	Major (requiring I/O) page faults: 0
	Minor (reclaiming a frame) page faults: 5923512
	Voluntary context switches: 6689
	Involuntary context switches: 8922
	Swaps: 0
	File system inputs: 0
	File system outputs: 664
	Socket messages sent: 0
	Socket messages received: 0
	Signals delivered: 0
	Page size (bytes): 4096
	Exit status: 0
	Command being timed: "timeout 600 java -Xmx64g -jar ./enhsp3.jar -o ./domain_framed_autonomy_process_reset.pddl -f ./problems/a42g11XOR-prefix-non-conforming-1-a42g11XOR_7_data/problem9.pddl -h blind -s WAStar -dap -dl 1500"
	User time (seconds): 118.56
	System time (seconds): 5.17
	Percent of CPU this job got: 99%
	Elapsed (wall clock) time (h:mm:ss or m:ss): 2:03.85
	Average shared text size (kbytes): 0
	Average unshared data size (kbytes): 0
	Average stack size (kbytes): 0
	Average total size (kbytes): 0
	Maximum resident set size (kbytes): 9517444
	Average resident set size (kbytes): 0
	Major (requiring I/O) page faults: 0
	Minor (reclaiming a frame) page faults: 5968032
	Voluntary context switches: 6734
	Involuntary context switches: 8623
	Swaps: 0
	File system inputs: 0
	File system outputs: 648
	Socket messages sent: 0
	Socket messages received: 0
	Signals delivered: 0
	Page size (bytes): 4096
	Exit status: 0
	Command being timed: "timeout 600 java -Xmx64g -jar ./enhsp3.jar -o ./domain_framed_autonomy_process_reset.pddl -f ./problems/a42g11XOR-prefix-non-conforming-1-a42g11XOR_7_data/problem10.pddl -h blind -s WAStar -dap -dl 1500"
	User time (seconds): 119.52
	System time (seconds): 5.24
	Percent of CPU this job got: 99%
	Elapsed (wall clock) time (h:mm:ss or m:ss): 2:04.89
	Average shared text size (kbytes): 0
	Average unshared data size (kbytes): 0
	Average stack size (kbytes): 0
	Average total size (kbytes): 0
	Maximum resident set size (kbytes): 9521268
	Average resident set size (kbytes): 0
	Major (requiring I/O) page faults: 0
	Minor (reclaiming a frame) page faults: 5908573
	Voluntary context switches: 7161
	Involuntary context switches: 9353
	Swaps: 0
	File system inputs: 0
	File system outputs: 672
	Socket messages sent: 0
	Socket messages received: 0
	Signals delivered: 0
	Page size (bytes): 4096
	Exit status: 0
