/usr/bin/time -v timeout 600 java -Xmx64g -jar ./enhsp3.jar -o ./domain_framed_autonomy_process_reset.pddl -f ./problems/a20g6-prefix-0-a20g6_1_data/problem1.pddl -h blind -s WAStar
Domain parsed
Problem parsed
Grounding..
Grounding Time: 2770
UFX:true
|F|:9707
|X|:5
Heuristic Problem Creation
|A|:217
|P|:1
|E|:0
Delta time heuristic model:1.0
Delta time planning model:1.0
Delta time search-execution model:1.0
Delta time validation model:1
h(I):0.0
Extracting plan with execution delta: 1.0
Problem Solved

Found Plan:
0: (add_action a10)
0: (check_added_parameter_model a10)
0: (add_move_automata a10)
0: (stop_wait)
0: (add_action a16)
0: (check_added_parameter_model a16)
0: (add_move_automata a16)
0: (stop_wait)
0: (add_action a18)
0: (check_added_parameter_model a18)
0: (add_move_automata a18)
0: (stop_wait)
0: (add_action a19)
0: (check_added_parameter_model a19)
0: (add_move_automata a19)
0: (stop_wait)
0: (add_action a17)
0: (check_added_parameter_model a17)
0: (add_move_automata a17)
0: (stop_wait)
0: (add_action a11)
0: (check_added_parameter_model a11)
0: (add_move_automata a11)
0: (stop_wait)
0: (add_action a14)
0: (check_added_parameter_model a14)
0: (add_move_automata a14)
0: (stop_wait)
0: (add_action a2)
0: (check_added_parameter_model a2)
0: (add_move_automata a2)
0: (stop_wait)
0: (add_action a15)
0: (check_added_parameter_model a15)
0: (add_move_automata a15)
0: (stop_wait)
0: (add_action a5)
0: (check_added_parameter_model a5)
0: (add_move_automata a5)
0: (stop_wait)
0: (add_action a0)
0: (check_added_parameter_model a0)
0: (add_move_automata a0)
0: (stop_wait)
0: (add_action a1)
0: (check_added_parameter_model a1)
0: (add_move_automata a1)

Plan-Length:47
Elapsed Time: 0
Metric (Search):0.0
Planning Time (msec): 64
Heuristic Time (msec): 5
Search Time (msec): 54
Expanded Nodes:106
States Evaluated:123
Number of Dead-Ends detected:0
Number of Duplicates detected:66
/usr/bin/time -v timeout 600 java -Xmx64g -jar ./enhsp3.jar -o ./domain_framed_autonomy_process_reset.pddl -f ./problems/a20g6-prefix-0-a20g6_1_data/problem2.pddl -h blind -s WAStar
Domain parsed
Problem parsed
Grounding..
Grounding Time: 2851
UFX:true
|F|:9707
|X|:5
Heuristic Problem Creation
|A|:217
|P|:1
|E|:0
Delta time heuristic model:1.0
Delta time planning model:1.0
Delta time search-execution model:1.0
Delta time validation model:1
h(I):0.0
Extracting plan with execution delta: 1.0
Problem Solved

Found Plan:
0: (add_action a10)
0: (check_added_parameter_model a10)
0: (add_move_automata a10)
0: (stop_wait)
0: (add_action a16)
0: (check_added_parameter_model a16)
0: (add_move_automata a16)
0: (stop_wait)
0: (add_action a18)
0: (check_added_parameter_model a18)
0: (add_move_automata a18)
0: (stop_wait)
0: (add_action a19)
0: (check_added_parameter_model a19)
0: (add_move_automata a19)
0: (stop_wait)
0: (add_action a17)
0: (check_added_parameter_model a17)
0: (add_move_automata a17)
0: (stop_wait)
0: (add_action a11)
0: (check_added_parameter_model a11)
0: (add_move_automata a11)
0: (stop_wait)
0: (add_action a14)
0: (check_added_parameter_model a14)
0: (add_move_automata a14)
0: (stop_wait)
0: (add_action a2)
0: (check_added_parameter_model a2)
0: (add_move_automata a2)
0: (stop_wait)
0: (add_action a15)
0: (check_added_parameter_model a15)
0: (add_move_automata a15)
0: (stop_wait)
0: (add_action a5)
0: (check_added_parameter_model a5)
0: (add_move_automata a5)
0: (stop_wait)
0: (add_action a0)
0: (check_added_parameter_model a0)
0: (add_move_automata a0)
0: (stop_wait)
0: (add_action a1)
0: (check_added_parameter_model a1)
0: (add_move_automata a1)

Plan-Length:47
Elapsed Time: 0
Metric (Search):0.0
Planning Time (msec): 66
Heuristic Time (msec): 7
Search Time (msec): 56
Expanded Nodes:106
States Evaluated:123
Number of Dead-Ends detected:0
Number of Duplicates detected:66
/usr/bin/time -v timeout 600 java -Xmx64g -jar ./enhsp3.jar -o ./domain_framed_autonomy_process_reset.pddl -f ./problems/a20g6-prefix-0-a20g6_1_data/problem3.pddl -h blind -s WAStar
Domain parsed
Problem parsed
Grounding..
Grounding Time: 2917
UFX:true
|F|:9707
|X|:5
Heuristic Problem Creation
|A|:217
|P|:1
|E|:0
Delta time heuristic model:1.0
Delta time planning model:1.0
Delta time search-execution model:1.0
Delta time validation model:1
h(I):0.0
Extracting plan with execution delta: 1.0
Problem Solved

Found Plan:
0: (add_action a10)
0: (check_added_parameter_model a10)
0: (add_move_automata a10)
0: (stop_wait)
0: (add_action a16)
0: (check_added_parameter_model a16)
0: (add_move_automata a16)
0: (stop_wait)
0: (add_action a18)
0: (check_added_parameter_model a18)
0: (add_move_automata a18)
0: (stop_wait)
0: (add_action a19)
0: (check_added_parameter_model a19)
0: (add_move_automata a19)
0: (stop_wait)
0: (add_action a17)
0: (check_added_parameter_model a17)
0: (add_move_automata a17)
0: (stop_wait)
0: (add_action a11)
0: (check_added_parameter_model a11)
0: (add_move_automata a11)
0: (stop_wait)
0: (add_action a14)
0: (check_added_parameter_model a14)
0: (add_move_automata a14)
0: (stop_wait)
0: (add_action a2)
0: (check_added_parameter_model a2)
0: (add_move_automata a2)
0: (stop_wait)
0: (add_action a15)
0: (check_added_parameter_model a15)
0: (add_move_automata a15)
0: (stop_wait)
0: (add_action a5)
0: (check_added_parameter_model a5)
0: (add_move_automata a5)
0: (stop_wait)
0: (add_action a0)
0: (check_added_parameter_model a0)
0: (add_move_automata a0)
0: (stop_wait)
0: (add_action a1)
0: (check_added_parameter_model a1)
0: (add_move_automata a1)

Plan-Length:47
Elapsed Time: 0
Metric (Search):0.0
Planning Time (msec): 68
Heuristic Time (msec): 5
Search Time (msec): 58
Expanded Nodes:106
States Evaluated:123
Number of Dead-Ends detected:0
Number of Duplicates detected:66
/usr/bin/time -v timeout 600 java -Xmx64g -jar ./enhsp3.jar -o ./domain_framed_autonomy_process_reset.pddl -f ./problems/a20g6-prefix-0-a20g6_1_data/problem4.pddl -h blind -s WAStar
Domain parsed
Problem parsed
Grounding..
Grounding Time: 2935
UFX:true
|F|:9707
|X|:5
Heuristic Problem Creation
|A|:217
|P|:1
|E|:0
Delta time heuristic model:1.0
Delta time planning model:1.0
Delta time search-execution model:1.0
Delta time validation model:1
h(I):0.0
Extracting plan with execution delta: 1.0
Problem Solved

Found Plan:
0: (add_action a10)
0: (check_added_parameter_model a10)
0: (add_move_automata a10)
0: (stop_wait)
0: (add_action a16)
0: (check_added_parameter_model a16)
0: (add_move_automata a16)
0: (stop_wait)
0: (add_action a18)
0: (check_added_parameter_model a18)
0: (add_move_automata a18)
0: (stop_wait)
0: (add_action a19)
0: (check_added_parameter_model a19)
0: (add_move_automata a19)
0: (stop_wait)
0: (add_action a17)
0: (check_added_parameter_model a17)
0: (add_move_automata a17)
0: (stop_wait)
0: (add_action a11)
0: (check_added_parameter_model a11)
0: (add_move_automata a11)
0: (stop_wait)
0: (add_action a14)
0: (check_added_parameter_model a14)
0: (add_move_automata a14)
0: (stop_wait)
0: (add_action a2)
0: (check_added_parameter_model a2)
0: (add_move_automata a2)
0: (stop_wait)
0: (add_action a15)
0: (check_added_parameter_model a15)
0: (add_move_automata a15)
0: (stop_wait)
0: (add_action a5)
0: (check_added_parameter_model a5)
0: (add_move_automata a5)
0: (stop_wait)
0: (add_action a0)
0: (check_added_parameter_model a0)
0: (add_move_automata a0)
0: (stop_wait)
0: (add_action a1)
0: (check_added_parameter_model a1)
0: (add_move_automata a1)

Plan-Length:47
Elapsed Time: 0
Metric (Search):0.0
Planning Time (msec): 64
Heuristic Time (msec): 1
Search Time (msec): 56
Expanded Nodes:106
States Evaluated:123
Number of Dead-Ends detected:0
Number of Duplicates detected:66
/usr/bin/time -v timeout 600 java -Xmx64g -jar ./enhsp3.jar -o ./domain_framed_autonomy_process_reset.pddl -f ./problems/a20g6-prefix-0-a20g6_1_data/problem5.pddl -h blind -s WAStar
Domain parsed
Problem parsed
Grounding..
Grounding Time: 2951
UFX:true
|F|:9707
|X|:5
Heuristic Problem Creation
|A|:217
|P|:1
|E|:0
Delta time heuristic model:1.0
Delta time planning model:1.0
Delta time search-execution model:1.0
Delta time validation model:1
h(I):0.0
Extracting plan with execution delta: 1.0
Problem Solved

Found Plan:
0: (add_action a10)
0: (check_added_parameter_model a10)
0: (add_move_automata a10)
0: (stop_wait)
0: (add_action a16)
0: (check_added_parameter_model a16)
0: (add_move_automata a16)
0: (stop_wait)
0: (add_action a18)
0: (check_added_parameter_model a18)
0: (add_move_automata a18)
0: (stop_wait)
0: (add_action a19)
0: (check_added_parameter_model a19)
0: (add_move_automata a19)
0: (stop_wait)
0: (add_action a17)
0: (check_added_parameter_model a17)
0: (add_move_automata a17)
0: (stop_wait)
0: (add_action a11)
0: (check_added_parameter_model a11)
0: (add_move_automata a11)
0: (stop_wait)
0: (add_action a14)
0: (check_added_parameter_model a14)
0: (add_move_automata a14)
0: (stop_wait)
0: (add_action a2)
0: (check_added_parameter_model a2)
0: (add_move_automata a2)
0: (stop_wait)
0: (add_action a15)
0: (check_added_parameter_model a15)
0: (add_move_automata a15)
0: (stop_wait)
0: (add_action a5)
0: (check_added_parameter_model a5)
0: (add_move_automata a5)
0: (stop_wait)
0: (add_action a0)
0: (check_added_parameter_model a0)
0: (add_move_automata a0)
0: (stop_wait)
0: (add_action a1)
0: (check_added_parameter_model a1)
0: (add_move_automata a1)

Plan-Length:47
Elapsed Time: 0
Metric (Search):0.0
Planning Time (msec): 73
Heuristic Time (msec): 4
Search Time (msec): 60
Expanded Nodes:106
States Evaluated:123
Number of Dead-Ends detected:0
Number of Duplicates detected:66
/usr/bin/time -v timeout 600 java -Xmx64g -jar ./enhsp3.jar -o ./domain_framed_autonomy_process_reset.pddl -f ./problems/a20g6-prefix-0-a20g6_1_data/problem6.pddl -h blind -s WAStar
Domain parsed
Problem parsed
Grounding..
Grounding Time: 2911
UFX:true
|F|:9707
|X|:5
Heuristic Problem Creation
|A|:217
|P|:1
|E|:0
Delta time heuristic model:1.0
Delta time planning model:1.0
Delta time search-execution model:1.0
Delta time validation model:1
h(I):0.0
Extracting plan with execution delta: 1.0
Problem Solved

Found Plan:
0: (add_action a10)
0: (check_added_parameter_model a10)
0: (add_move_automata a10)
0: (stop_wait)
0: (add_action a16)
0: (check_added_parameter_model a16)
0: (add_move_automata a16)
0: (stop_wait)
0: (add_action a18)
0: (check_added_parameter_model a18)
0: (add_move_automata a18)
0: (stop_wait)
0: (add_action a19)
0: (check_added_parameter_model a19)
0: (add_move_automata a19)
0: (stop_wait)
0: (add_action a17)
0: (check_added_parameter_model a17)
0: (add_move_automata a17)
0: (stop_wait)
0: (add_action a11)
0: (check_added_parameter_model a11)
0: (add_move_automata a11)
0: (stop_wait)
0: (add_action a14)
0: (check_added_parameter_model a14)
0: (add_move_automata a14)
0: (stop_wait)
0: (add_action a2)
0: (check_added_parameter_model a2)
0: (add_move_automata a2)
0: (stop_wait)
0: (add_action a15)
0: (check_added_parameter_model a15)
0: (add_move_automata a15)
0: (stop_wait)
0: (add_action a5)
0: (check_added_parameter_model a5)
0: (add_move_automata a5)
0: (stop_wait)
0: (add_action a0)
0: (check_added_parameter_model a0)
0: (add_move_automata a0)
0: (stop_wait)
0: (add_action a1)
0: (check_added_parameter_model a1)
0: (add_move_automata a1)

Plan-Length:47
Elapsed Time: 0
Metric (Search):0.0
Planning Time (msec): 70
Heuristic Time (msec): 4
Search Time (msec): 56
Expanded Nodes:106
States Evaluated:123
Number of Dead-Ends detected:0
Number of Duplicates detected:66
/usr/bin/time -v timeout 600 java -Xmx64g -jar ./enhsp3.jar -o ./domain_framed_autonomy_process_reset.pddl -f ./problems/a20g6-prefix-0-a20g6_1_data/problem7.pddl -h blind -s WAStar
Domain parsed
Problem parsed
Grounding..
Grounding Time: 2958
UFX:true
|F|:9707
|X|:5
Heuristic Problem Creation
|A|:217
|P|:1
|E|:0
Delta time heuristic model:1.0
Delta time planning model:1.0
Delta time search-execution model:1.0
Delta time validation model:1
h(I):0.0
Extracting plan with execution delta: 1.0
Problem Solved

Found Plan:
0: (add_action a10)
0: (check_added_parameter_model a10)
0: (add_move_automata a10)
0: (stop_wait)
0: (add_action a16)
0: (check_added_parameter_model a16)
0: (add_move_automata a16)
0: (stop_wait)
0: (add_action a18)
0: (check_added_parameter_model a18)
0: (add_move_automata a18)
0: (stop_wait)
0: (add_action a19)
0: (check_added_parameter_model a19)
0: (add_move_automata a19)
0: (stop_wait)
0: (add_action a17)
0: (check_added_parameter_model a17)
0: (add_move_automata a17)
0: (stop_wait)
0: (add_action a11)
0: (check_added_parameter_model a11)
0: (add_move_automata a11)
0: (stop_wait)
0: (add_action a14)
0: (check_added_parameter_model a14)
0: (add_move_automata a14)
0: (stop_wait)
0: (add_action a2)
0: (check_added_parameter_model a2)
0: (add_move_automata a2)
0: (stop_wait)
0: (add_action a15)
0: (check_added_parameter_model a15)
0: (add_move_automata a15)
0: (stop_wait)
0: (add_action a5)
0: (check_added_parameter_model a5)
0: (add_move_automata a5)
0: (stop_wait)
0: (add_action a0)
0: (check_added_parameter_model a0)
0: (add_move_automata a0)
0: (stop_wait)
0: (add_action a1)
0: (check_added_parameter_model a1)
0: (add_move_automata a1)

Plan-Length:47
Elapsed Time: 0
Metric (Search):0.0
Planning Time (msec): 67
Heuristic Time (msec): 7
Search Time (msec): 59
Expanded Nodes:106
States Evaluated:123
Number of Dead-Ends detected:0
Number of Duplicates detected:66
/usr/bin/time -v timeout 600 java -Xmx64g -jar ./enhsp3.jar -o ./domain_framed_autonomy_process_reset.pddl -f ./problems/a20g6-prefix-0-a20g6_1_data/problem8.pddl -h blind -s WAStar
Domain parsed
Problem parsed
Grounding..
Grounding Time: 2907
UFX:true
|F|:9707
|X|:5
Heuristic Problem Creation
|A|:217
|P|:1
|E|:0
Delta time heuristic model:1.0
Delta time planning model:1.0
Delta time search-execution model:1.0
Delta time validation model:1
h(I):0.0
Extracting plan with execution delta: 1.0
Problem Solved

Found Plan:
0: (add_action a10)
0: (check_added_parameter_model a10)
0: (add_move_automata a10)
0: (stop_wait)
0: (add_action a16)
0: (check_added_parameter_model a16)
0: (add_move_automata a16)
0: (stop_wait)
0: (add_action a18)
0: (check_added_parameter_model a18)
0: (add_move_automata a18)
0: (stop_wait)
0: (add_action a19)
0: (check_added_parameter_model a19)
0: (add_move_automata a19)
0: (stop_wait)
0: (add_action a17)
0: (check_added_parameter_model a17)
0: (add_move_automata a17)
0: (stop_wait)
0: (add_action a11)
0: (check_added_parameter_model a11)
0: (add_move_automata a11)
0: (stop_wait)
0: (add_action a14)
0: (check_added_parameter_model a14)
0: (add_move_automata a14)
0: (stop_wait)
0: (add_action a2)
0: (check_added_parameter_model a2)
0: (add_move_automata a2)
0: (stop_wait)
0: (add_action a15)
0: (check_added_parameter_model a15)
0: (add_move_automata a15)
0: (stop_wait)
0: (add_action a5)
0: (check_added_parameter_model a5)
0: (add_move_automata a5)
0: (stop_wait)
0: (add_action a0)
0: (check_added_parameter_model a0)
0: (add_move_automata a0)
0: (stop_wait)
0: (add_action a1)
0: (check_added_parameter_model a1)
0: (add_move_automata a1)

Plan-Length:47
Elapsed Time: 0
Metric (Search):0.0
Planning Time (msec): 66
Heuristic Time (msec): 7
Search Time (msec): 59
Expanded Nodes:106
States Evaluated:123
Number of Dead-Ends detected:0
Number of Duplicates detected:66
/usr/bin/time -v timeout 600 java -Xmx64g -jar ./enhsp3.jar -o ./domain_framed_autonomy_process_reset.pddl -f ./problems/a20g6-prefix-0-a20g6_1_data/problem9.pddl -h blind -s WAStar
Domain parsed
Problem parsed
Grounding..
Grounding Time: 2899
UFX:true
|F|:9707
|X|:5
Heuristic Problem Creation
|A|:217
|P|:1
|E|:0
Delta time heuristic model:1.0
Delta time planning model:1.0
Delta time search-execution model:1.0
Delta time validation model:1
h(I):0.0
Extracting plan with execution delta: 1.0
Problem Solved

Found Plan:
0: (add_action a10)
0: (check_added_parameter_model a10)
0: (add_move_automata a10)
0: (stop_wait)
0: (add_action a16)
0: (check_added_parameter_model a16)
0: (add_move_automata a16)
0: (stop_wait)
0: (add_action a18)
0: (check_added_parameter_model a18)
0: (add_move_automata a18)
0: (stop_wait)
0: (add_action a19)
0: (check_added_parameter_model a19)
0: (add_move_automata a19)
0: (stop_wait)
0: (add_action a17)
0: (check_added_parameter_model a17)
0: (add_move_automata a17)
0: (stop_wait)
0: (add_action a11)
0: (check_added_parameter_model a11)
0: (add_move_automata a11)
0: (stop_wait)
0: (add_action a14)
0: (check_added_parameter_model a14)
0: (add_move_automata a14)
0: (stop_wait)
0: (add_action a2)
0: (check_added_parameter_model a2)
0: (add_move_automata a2)
0: (stop_wait)
0: (add_action a15)
0: (check_added_parameter_model a15)
0: (add_move_automata a15)
0: (stop_wait)
0: (add_action a5)
0: (check_added_parameter_model a5)
0: (add_move_automata a5)
0: (stop_wait)
0: (add_action a0)
0: (check_added_parameter_model a0)
0: (add_move_automata a0)
0: (stop_wait)
0: (add_action a1)
0: (check_added_parameter_model a1)
0: (add_move_automata a1)

Plan-Length:47
Elapsed Time: 0
Metric (Search):0.0
Planning Time (msec): 62
Heuristic Time (msec): 7
Search Time (msec): 59
Expanded Nodes:106
States Evaluated:123
Number of Dead-Ends detected:0
Number of Duplicates detected:66
/usr/bin/time -v timeout 600 java -Xmx64g -jar ./enhsp3.jar -o ./domain_framed_autonomy_process_reset.pddl -f ./problems/a20g6-prefix-0-a20g6_1_data/problem10.pddl -h blind -s WAStar
Domain parsed
Problem parsed
Grounding..
Grounding Time: 2979
UFX:true
|F|:9707
|X|:5
Heuristic Problem Creation
|A|:217
|P|:1
|E|:0
Delta time heuristic model:1.0
Delta time planning model:1.0
Delta time search-execution model:1.0
Delta time validation model:1
h(I):0.0
Extracting plan with execution delta: 1.0
Problem Solved

Found Plan:
0: (add_action a10)
0: (check_added_parameter_model a10)
0: (add_move_automata a10)
0: (stop_wait)
0: (add_action a16)
0: (check_added_parameter_model a16)
0: (add_move_automata a16)
0: (stop_wait)
0: (add_action a18)
0: (check_added_parameter_model a18)
0: (add_move_automata a18)
0: (stop_wait)
0: (add_action a19)
0: (check_added_parameter_model a19)
0: (add_move_automata a19)
0: (stop_wait)
0: (add_action a17)
0: (check_added_parameter_model a17)
0: (add_move_automata a17)
0: (stop_wait)
0: (add_action a11)
0: (check_added_parameter_model a11)
0: (add_move_automata a11)
0: (stop_wait)
0: (add_action a14)
0: (check_added_parameter_model a14)
0: (add_move_automata a14)
0: (stop_wait)
0: (add_action a2)
0: (check_added_parameter_model a2)
0: (add_move_automata a2)
0: (stop_wait)
0: (add_action a15)
0: (check_added_parameter_model a15)
0: (add_move_automata a15)
0: (stop_wait)
0: (add_action a5)
0: (check_added_parameter_model a5)
0: (add_move_automata a5)
0: (stop_wait)
0: (add_action a0)
0: (check_added_parameter_model a0)
0: (add_move_automata a0)
0: (stop_wait)
0: (add_action a1)
0: (check_added_parameter_model a1)
0: (add_move_automata a1)

Plan-Length:47
Elapsed Time: 0
Metric (Search):0.0
Planning Time (msec): 68
Heuristic Time (msec): 9
Search Time (msec): 57
Expanded Nodes:106
States Evaluated:123
Number of Dead-Ends detected:0
Number of Duplicates detected:66
