Loading openjdk/17.0.8.1_1
  Loading requirement: glibc/2.35-aocc-3.2.0-wetwhfr
    gcc-runtime/12.1.0-gcc-12.1.0-uotjsm3 glibc/2.35-aocc-3.2.0-dkzxmta
	Command being timed: "timeout 600 java -Xmx64g -jar ./enhsp3.jar -o ./domain_framed_autonomy_process_reset.pddl -f ./problems/a40g17AND-prefix-1-a40g17AND_1_data/problem1.pddl -h blind -s WAStar -dap -dl 1500"
	User time (seconds): 145.13
	System time (seconds): 6.37
	Percent of CPU this job got: 99%
	Elapsed (wall clock) time (h:mm:ss or m:ss): 2:31.64
	Average shared text size (kbytes): 0
	Average unshared data size (kbytes): 0
	Average stack size (kbytes): 0
	Average total size (kbytes): 0
	Maximum resident set size (kbytes): 11479480
	Average resident set size (kbytes): 0
	Major (requiring I/O) page faults: 0
	Minor (reclaiming a frame) page faults: 7129966
	Voluntary context switches: 7742
	Involuntary context switches: 10334
	Swaps: 0
	File system inputs: 0
	File system outputs: 768
	Socket messages sent: 0
	Socket messages received: 0
	Signals delivered: 0
	Page size (bytes): 4096
	Exit status: 0
	Command being timed: "timeout 600 java -Xmx64g -jar ./enhsp3.jar -o ./domain_framed_autonomy_process_reset.pddl -f ./problems/a40g17AND-prefix-1-a40g17AND_1_data/problem2.pddl -h blind -s WAStar -dap -dl 1500"
	User time (seconds): 143.59
	System time (seconds): 6.33
	Percent of CPU this job got: 99%
	Elapsed (wall clock) time (h:mm:ss or m:ss): 2:30.06
	Average shared text size (kbytes): 0
	Average unshared data size (kbytes): 0
	Average stack size (kbytes): 0
	Average total size (kbytes): 0
	Maximum resident set size (kbytes): 11432632
	Average resident set size (kbytes): 0
	Major (requiring I/O) page faults: 0
	Minor (reclaiming a frame) page faults: 7124924
	Voluntary context switches: 7691
	Involuntary context switches: 9819
	Swaps: 0
	File system inputs: 0
	File system outputs: 760
	Socket messages sent: 0
	Socket messages received: 0
	Signals delivered: 0
	Page size (bytes): 4096
	Exit status: 0
	Command being timed: "timeout 600 java -Xmx64g -jar ./enhsp3.jar -o ./domain_framed_autonomy_process_reset.pddl -f ./problems/a40g17AND-prefix-1-a40g17AND_1_data/problem3.pddl -h blind -s WAStar -dap -dl 1500"
	User time (seconds): 143.64
	System time (seconds): 6.38
	Percent of CPU this job got: 99%
	Elapsed (wall clock) time (h:mm:ss or m:ss): 2:30.14
	Average shared text size (kbytes): 0
	Average unshared data size (kbytes): 0
	Average stack size (kbytes): 0
	Average total size (kbytes): 0
	Maximum resident set size (kbytes): 11419456
	Average resident set size (kbytes): 0
	Major (requiring I/O) page faults: 0
	Minor (reclaiming a frame) page faults: 7132908
	Voluntary context switches: 8200
	Involuntary context switches: 10447
	Swaps: 0
	File system inputs: 0
	File system outputs: 776
	Socket messages sent: 0
	Socket messages received: 0
	Signals delivered: 0
	Page size (bytes): 4096
	Exit status: 0
	Command being timed: "timeout 600 java -Xmx64g -jar ./enhsp3.jar -o ./domain_framed_autonomy_process_reset.pddl -f ./problems/a40g17AND-prefix-1-a40g17AND_1_data/problem4.pddl -h blind -s WAStar -dap -dl 1500"
	User time (seconds): 146.37
	System time (seconds): 6.38
	Percent of CPU this job got: 99%
	Elapsed (wall clock) time (h:mm:ss or m:ss): 2:32.88
	Average shared text size (kbytes): 0
	Average unshared data size (kbytes): 0
	Average stack size (kbytes): 0
	Average total size (kbytes): 0
	Maximum resident set size (kbytes): 11612312
	Average resident set size (kbytes): 0
	Major (requiring I/O) page faults: 0
	Minor (reclaiming a frame) page faults: 7254003
	Voluntary context switches: 7877
	Involuntary context switches: 10390
	Swaps: 0
	File system inputs: 0
	File system outputs: 760
	Socket messages sent: 0
	Socket messages received: 0
	Signals delivered: 0
	Page size (bytes): 4096
	Exit status: 0
	Command being timed: "timeout 600 java -Xmx64g -jar ./enhsp3.jar -o ./domain_framed_autonomy_process_reset.pddl -f ./problems/a40g17AND-prefix-1-a40g17AND_1_data/problem5.pddl -h blind -s WAStar -dap -dl 1500"
	User time (seconds): 133.08
	System time (seconds): 5.81
	Percent of CPU this job got: 99%
	Elapsed (wall clock) time (h:mm:ss or m:ss): 2:19.00
	Average shared text size (kbytes): 0
	Average unshared data size (kbytes): 0
	Average stack size (kbytes): 0
	Average total size (kbytes): 0
	Maximum resident set size (kbytes): 10542932
	Average resident set size (kbytes): 0
	Major (requiring I/O) page faults: 0
	Minor (reclaiming a frame) page faults: 6727457
	Voluntary context switches: 7319
	Involuntary context switches: 9707
	Swaps: 0
	File system inputs: 0
	File system outputs: 720
	Socket messages sent: 0
	Socket messages received: 0
	Signals delivered: 0
	Page size (bytes): 4096
	Exit status: 0
	Command being timed: "timeout 600 java -Xmx64g -jar ./enhsp3.jar -o ./domain_framed_autonomy_process_reset.pddl -f ./problems/a40g17AND-prefix-1-a40g17AND_1_data/problem6.pddl -h blind -s WAStar -dap -dl 1500"
	User time (seconds): 143.45
	System time (seconds): 6.32
	Percent of CPU this job got: 99%
	Elapsed (wall clock) time (h:mm:ss or m:ss): 2:29.91
	Average shared text size (kbytes): 0
	Average unshared data size (kbytes): 0
	Average stack size (kbytes): 0
	Average total size (kbytes): 0
	Maximum resident set size (kbytes): 11438292
	Average resident set size (kbytes): 0
	Major (requiring I/O) page faults: 0
	Minor (reclaiming a frame) page faults: 7104449
	Voluntary context switches: 7955
	Involuntary context switches: 10138
	Swaps: 0
	File system inputs: 0
	File system outputs: 744
	Socket messages sent: 0
	Socket messages received: 0
	Signals delivered: 0
	Page size (bytes): 4096
	Exit status: 0
	Command being timed: "timeout 600 java -Xmx64g -jar ./enhsp3.jar -o ./domain_framed_autonomy_process_reset.pddl -f ./problems/a40g17AND-prefix-1-a40g17AND_1_data/problem7.pddl -h blind -s WAStar -dap -dl 1500"
	User time (seconds): 144.40
	System time (seconds): 6.21
	Percent of CPU this job got: 99%
	Elapsed (wall clock) time (h:mm:ss or m:ss): 2:30.74
	Average shared text size (kbytes): 0
	Average unshared data size (kbytes): 0
	Average stack size (kbytes): 0
	Average total size (kbytes): 0
	Maximum resident set size (kbytes): 11445664
	Average resident set size (kbytes): 0
	Major (requiring I/O) page faults: 0
	Minor (reclaiming a frame) page faults: 7049375
	Voluntary context switches: 7919
	Involuntary context switches: 10340
	Swaps: 0
	File system inputs: 0
	File system outputs: 752
	Socket messages sent: 0
	Socket messages received: 0
	Signals delivered: 0
	Page size (bytes): 4096
	Exit status: 0
	Command being timed: "timeout 600 java -Xmx64g -jar ./enhsp3.jar -o ./domain_framed_autonomy_process_reset.pddl -f ./problems/a40g17AND-prefix-1-a40g17AND_1_data/problem8.pddl -h blind -s WAStar -dap -dl 1500"
	User time (seconds): 142.95
	System time (seconds): 6.31
	Percent of CPU this job got: 99%
	Elapsed (wall clock) time (h:mm:ss or m:ss): 2:29.40
	Average shared text size (kbytes): 0
	Average unshared data size (kbytes): 0
	Average stack size (kbytes): 0
	Average total size (kbytes): 0
	Maximum resident set size (kbytes): 11429516
	Average resident set size (kbytes): 0
	Major (requiring I/O) page faults: 0
	Minor (reclaiming a frame) page faults: 7129499
	Voluntary context switches: 7999
	Involuntary context switches: 10166
	Swaps: 0
	File system inputs: 0
	File system outputs: 752
	Socket messages sent: 0
	Socket messages received: 0
	Signals delivered: 0
	Page size (bytes): 4096
	Exit status: 0
	Command being timed: "timeout 600 java -Xmx64g -jar ./enhsp3.jar -o ./domain_framed_autonomy_process_reset.pddl -f ./problems/a40g17AND-prefix-1-a40g17AND_1_data/problem9.pddl -h blind -s WAStar -dap -dl 1500"
	User time (seconds): 143.43
	System time (seconds): 6.30
	Percent of CPU this job got: 99%
	Elapsed (wall clock) time (h:mm:ss or m:ss): 2:29.86
	Average shared text size (kbytes): 0
	Average unshared data size (kbytes): 0
	Average stack size (kbytes): 0
	Average total size (kbytes): 0
	Maximum resident set size (kbytes): 11436768
	Average resident set size (kbytes): 0
	Major (requiring I/O) page faults: 0
	Minor (reclaiming a frame) page faults: 7121591
	Voluntary context switches: 8028
	Involuntary context switches: 9901
	Swaps: 0
	File system inputs: 0
	File system outputs: 760
	Socket messages sent: 0
	Socket messages received: 0
	Signals delivered: 0
	Page size (bytes): 4096
	Exit status: 0
	Command being timed: "timeout 600 java -Xmx64g -jar ./enhsp3.jar -o ./domain_framed_autonomy_process_reset.pddl -f ./problems/a40g17AND-prefix-1-a40g17AND_1_data/problem10.pddl -h blind -s WAStar -dap -dl 1500"
	User time (seconds): 143.34
	System time (seconds): 6.20
	Percent of CPU this job got: 99%
	Elapsed (wall clock) time (h:mm:ss or m:ss): 2:29.68
	Average shared text size (kbytes): 0
	Average unshared data size (kbytes): 0
	Average stack size (kbytes): 0
	Average total size (kbytes): 0
	Maximum resident set size (kbytes): 11436804
	Average resident set size (kbytes): 0
	Major (requiring I/O) page faults: 0
	Minor (reclaiming a frame) page faults: 7133877
	Voluntary context switches: 7403
	Involuntary context switches: 10006
	Swaps: 0
	File system inputs: 0
	File system outputs: 752
	Socket messages sent: 0
	Socket messages received: 0
	Signals delivered: 0
	Page size (bytes): 4096
	Exit status: 0
