/usr/bin/time -v timeout 600 java -Xmx64g -jar ./enhsp3.jar -o ./domain_framed_autonomy_process_reset.pddl -f ./problems/a20g6-prefix-4-a20g6_1_data/problem1.pddl -h blind -s WAStar
Domain parsed
Problem parsed
Grounding..
Grounding Time: 3250
UFX:true
|F|:9714
|X|:5
Heuristic Problem Creation
|A|:229
|P|:2
|E|:0
Delta time heuristic model:1.0
Delta time planning model:1.0
Delta time search-execution model:1.0
Delta time validation model:1
h(I):0.0
f(n) = 1.0 (Expanded Nodes: 5, Evaluated States: 6, Time: 0.024) Frontier Size: 1
f(n) = 2.0 (Expanded Nodes: 7, Evaluated States: 9, Time: 0.051) Frontier Size: 2
f(n) = 3.0 (Expanded Nodes: 9, Evaluated States: 12, Time: 0.051) Frontier Size: 3
f(n) = 4.0 (Expanded Nodes: 11, Evaluated States: 15, Time: 0.051) Frontier Size: 4
f(n) = 5.0 (Expanded Nodes: 13, Evaluated States: 18, Time: 0.052) Frontier Size: 5
f(n) = 6.0 (Expanded Nodes: 15, Evaluated States: 21, Time: 0.052) Frontier Size: 6
f(n) = 7.0 (Expanded Nodes: 17, Evaluated States: 24, Time: 0.052) Frontier Size: 7
f(n) = 8.0 (Expanded Nodes: 19, Evaluated States: 27, Time: 0.053) Frontier Size: 8
f(n) = 9.0 (Expanded Nodes: 21, Evaluated States: 30, Time: 0.057) Frontier Size: 9
f(n) = 10.0 (Expanded Nodes: 23, Evaluated States: 33, Time: 0.057) Frontier Size: 10
f(n) = 11.0 (Expanded Nodes: 25, Evaluated States: 36, Time: 0.058) Frontier Size: 11
f(n) = 12.0 (Expanded Nodes: 27, Evaluated States: 39, Time: 0.058) Frontier Size: 12
f(n) = 13.0 (Expanded Nodes: 29, Evaluated States: 42, Time: 0.058) Frontier Size: 13
f(n) = 14.0 (Expanded Nodes: 31, Evaluated States: 45, Time: 0.059) Frontier Size: 14
f(n) = 15.0 (Expanded Nodes: 33, Evaluated States: 48, Time: 0.059) Frontier Size: 15
f(n) = 16.0 (Expanded Nodes: 35, Evaluated States: 51, Time: 0.06) Frontier Size: 16
f(n) = 17.0 (Expanded Nodes: 37, Evaluated States: 54, Time: 0.06) Frontier Size: 17
f(n) = 18.0 (Expanded Nodes: 39, Evaluated States: 57, Time: 0.066) Frontier Size: 18
f(n) = 19.0 (Expanded Nodes: 41, Evaluated States: 60, Time: 0.066) Frontier Size: 19
f(n) = 20.0 (Expanded Nodes: 46, Evaluated States: 67, Time: 0.067) Frontier Size: 21
f(n) = 21.0 (Expanded Nodes: 48, Evaluated States: 70, Time: 0.067) Frontier Size: 22
f(n) = 22.0 (Expanded Nodes: 50, Evaluated States: 73, Time: 0.068) Frontier Size: 23
f(n) = 23.0 (Expanded Nodes: 52, Evaluated States: 76, Time: 0.068) Frontier Size: 24
f(n) = 24.0 (Expanded Nodes: 54, Evaluated States: 79, Time: 0.073) Frontier Size: 25
f(n) = 25.0 (Expanded Nodes: 56, Evaluated States: 82, Time: 0.074) Frontier Size: 26
f(n) = 26.0 (Expanded Nodes: 58, Evaluated States: 85, Time: 0.074) Frontier Size: 27
f(n) = 27.0 (Expanded Nodes: 60, Evaluated States: 88, Time: 0.074) Frontier Size: 28
f(n) = 28.0 (Expanded Nodes: 62, Evaluated States: 91, Time: 0.075) Frontier Size: 29
f(n) = 29.0 (Expanded Nodes: 64, Evaluated States: 94, Time: 0.075) Frontier Size: 30
f(n) = 30.0 (Expanded Nodes: 66, Evaluated States: 97, Time: 0.075) Frontier Size: 31
f(n) = 31.0 (Expanded Nodes: 68, Evaluated States: 100, Time: 0.076) Frontier Size: 32
f(n) = 32.0 (Expanded Nodes: 70, Evaluated States: 103, Time: 0.076) Frontier Size: 33
f(n) = 33.0 (Expanded Nodes: 72, Evaluated States: 106, Time: 0.076) Frontier Size: 34
f(n) = 34.0 (Expanded Nodes: 77, Evaluated States: 113, Time: 0.077) Frontier Size: 36
f(n) = 35.0 (Expanded Nodes: 79, Evaluated States: 116, Time: 0.083) Frontier Size: 37
f(n) = 36.0 (Expanded Nodes: 81, Evaluated States: 119, Time: 0.084) Frontier Size: 38
f(n) = 37.0 (Expanded Nodes: 83, Evaluated States: 122, Time: 0.084) Frontier Size: 39
f(n) = 38.0 (Expanded Nodes: 85, Evaluated States: 125, Time: 0.084) Frontier Size: 40
f(n) = 39.0 (Expanded Nodes: 87, Evaluated States: 128, Time: 0.085) Frontier Size: 41
f(n) = 40.0 (Expanded Nodes: 89, Evaluated States: 131, Time: 0.085) Frontier Size: 42
f(n) = 41.0 (Expanded Nodes: 91, Evaluated States: 134, Time: 0.085) Frontier Size: 43
f(n) = 42.0 (Expanded Nodes: 93, Evaluated States: 137, Time: 0.085) Frontier Size: 44
f(n) = 43.0 (Expanded Nodes: 95, Evaluated States: 140, Time: 0.086) Frontier Size: 45
f(n) = 44.0 (Expanded Nodes: 97, Evaluated States: 143, Time: 0.086) Frontier Size: 46
f(n) = 45.0 (Expanded Nodes: 99, Evaluated States: 146, Time: 0.086) Frontier Size: 47
f(n) = 46.0 (Expanded Nodes: 101, Evaluated States: 149, Time: 0.086) Frontier Size: 48
f(n) = 47.0 (Expanded Nodes: 103, Evaluated States: 152, Time: 0.087) Frontier Size: 49
f(n) = 48.0 (Expanded Nodes: 105, Evaluated States: 155, Time: 0.087) Frontier Size: 50
f(n) = 49.0 (Expanded Nodes: 107, Evaluated States: 158, Time: 0.092) Frontier Size: 51
f(n) = 50.0 (Expanded Nodes: 109, Evaluated States: 161, Time: 0.093) Frontier Size: 52
f(n) = 51.0 (Expanded Nodes: 111, Evaluated States: 164, Time: 0.093) Frontier Size: 53
f(n) = 52.0 (Expanded Nodes: 113, Evaluated States: 167, Time: 0.094) Frontier Size: 54
f(n) = 53.0 (Expanded Nodes: 115, Evaluated States: 170, Time: 0.094) Frontier Size: 55
Extracting plan with execution delta: 1.0
Problem Solved

Found Plan:
0: (validate_payload t0 a10 t1)
0: (sync_actions t0 t1 a10)
0: -----waiting---- [19.0]
19.0: (validate_payload t1 a6 t2)
19.0: (sync_actions t1 t2 a6)
19.0: -----waiting---- [33.0]
33.0: (validate_payload t2 a7 t3)
33.0: (sync_actions t2 t3 a7)
33.0: -----waiting---- [53.0]
53.0: (validate_payload t3 a8 t4)
53.0: (sync_actions t3 t4 a8)
53.0: (add_action a9)
53.0: (check_added_parameter_model a9)
53.0: (add_move_automata a9)
53.0: (stop_wait)
53.0: (add_action a11)
53.0: (check_added_parameter_model a11)
53.0: (add_move_automata a11)
53.0: (stop_wait)
53.0: (add_action a14)
53.0: (check_added_parameter_model a14)
53.0: (add_move_automata a14)
53.0: (stop_wait)
53.0: (add_action a2)
53.0: (check_added_parameter_model a2)
53.0: (add_move_automata a2)
53.0: (stop_wait)
53.0: (add_action a15)
53.0: (check_added_parameter_model a15)
53.0: (add_move_automata a15)
53.0: (stop_wait)
53.0: (add_action a5)
53.0: (check_added_parameter_model a5)
53.0: (add_move_automata a5)
53.0: (stop_wait)
53.0: (add_action a0)
53.0: (check_added_parameter_model a0)
53.0: (add_move_automata a0)
53.0: (stop_wait)
53.0: (add_action a1)
53.0: (check_added_parameter_model a1)
53.0: (add_move_automata a1)

Plan-Length:92
Elapsed Time: 53.0
Metric (Search):53.0
Planning Time (msec): 118
Heuristic Time (msec): 8
Search Time (msec): 105
Expanded Nodes:172
States Evaluated:238
Number of Dead-Ends detected:0
Number of Duplicates detected:89
/usr/bin/time -v timeout 600 java -Xmx64g -jar ./enhsp3.jar -o ./domain_framed_autonomy_process_reset.pddl -f ./problems/a20g6-prefix-4-a20g6_1_data/problem2.pddl -h blind -s WAStar
Domain parsed
Problem parsed
Grounding..
Grounding Time: 3297
UFX:true
|F|:9714
|X|:5
Heuristic Problem Creation
|A|:229
|P|:2
|E|:0
Delta time heuristic model:1.0
Delta time planning model:1.0
Delta time search-execution model:1.0
Delta time validation model:1
h(I):0.0
f(n) = 1.0 (Expanded Nodes: 5, Evaluated States: 6, Time: 0.017) Frontier Size: 1
f(n) = 2.0 (Expanded Nodes: 7, Evaluated States: 9, Time: 0.036) Frontier Size: 2
f(n) = 3.0 (Expanded Nodes: 9, Evaluated States: 12, Time: 0.037) Frontier Size: 3
f(n) = 4.0 (Expanded Nodes: 11, Evaluated States: 15, Time: 0.037) Frontier Size: 4
f(n) = 5.0 (Expanded Nodes: 13, Evaluated States: 18, Time: 0.042) Frontier Size: 5
f(n) = 6.0 (Expanded Nodes: 15, Evaluated States: 21, Time: 0.043) Frontier Size: 6
f(n) = 7.0 (Expanded Nodes: 17, Evaluated States: 24, Time: 0.043) Frontier Size: 7
f(n) = 8.0 (Expanded Nodes: 19, Evaluated States: 27, Time: 0.044) Frontier Size: 8
f(n) = 9.0 (Expanded Nodes: 21, Evaluated States: 30, Time: 0.044) Frontier Size: 9
f(n) = 10.0 (Expanded Nodes: 23, Evaluated States: 33, Time: 0.044) Frontier Size: 10
f(n) = 11.0 (Expanded Nodes: 25, Evaluated States: 36, Time: 0.045) Frontier Size: 11
f(n) = 12.0 (Expanded Nodes: 27, Evaluated States: 39, Time: 0.045) Frontier Size: 12
f(n) = 13.0 (Expanded Nodes: 29, Evaluated States: 42, Time: 0.049) Frontier Size: 13
f(n) = 14.0 (Expanded Nodes: 31, Evaluated States: 45, Time: 0.05) Frontier Size: 14
f(n) = 15.0 (Expanded Nodes: 33, Evaluated States: 48, Time: 0.05) Frontier Size: 15
f(n) = 16.0 (Expanded Nodes: 35, Evaluated States: 51, Time: 0.051) Frontier Size: 16
f(n) = 17.0 (Expanded Nodes: 42, Evaluated States: 63, Time: 0.056) Frontier Size: 21
f(n) = 18.0 (Expanded Nodes: 46, Evaluated States: 71, Time: 0.057) Frontier Size: 25
f(n) = 19.0 (Expanded Nodes: 50, Evaluated States: 79, Time: 0.058) Frontier Size: 29
f(n) = 20.0 (Expanded Nodes: 54, Evaluated States: 87, Time: 0.059) Frontier Size: 33
f(n) = 21.0 (Expanded Nodes: 58, Evaluated States: 95, Time: 0.059) Frontier Size: 37
f(n) = 22.0 (Expanded Nodes: 62, Evaluated States: 103, Time: 0.066) Frontier Size: 41
f(n) = 23.0 (Expanded Nodes: 66, Evaluated States: 111, Time: 0.067) Frontier Size: 45
f(n) = 24.0 (Expanded Nodes: 70, Evaluated States: 119, Time: 0.067) Frontier Size: 49
f(n) = 25.0 (Expanded Nodes: 74, Evaluated States: 127, Time: 0.068) Frontier Size: 53
f(n) = 26.0 (Expanded Nodes: 78, Evaluated States: 135, Time: 0.068) Frontier Size: 57
f(n) = 27.0 (Expanded Nodes: 82, Evaluated States: 143, Time: 0.069) Frontier Size: 61
f(n) = 28.0 (Expanded Nodes: 86, Evaluated States: 151, Time: 0.076) Frontier Size: 65
f(n) = 29.0 (Expanded Nodes: 90, Evaluated States: 159, Time: 0.076) Frontier Size: 69
f(n) = 30.0 (Expanded Nodes: 94, Evaluated States: 167, Time: 0.077) Frontier Size: 73
f(n) = 31.0 (Expanded Nodes: 98, Evaluated States: 175, Time: 0.077) Frontier Size: 77
f(n) = 32.0 (Expanded Nodes: 102, Evaluated States: 183, Time: 0.078) Frontier Size: 81
f(n) = 33.0 (Expanded Nodes: 106, Evaluated States: 191, Time: 0.079) Frontier Size: 85
f(n) = 34.0 (Expanded Nodes: 110, Evaluated States: 199, Time: 0.086) Frontier Size: 89
f(n) = 35.0 (Expanded Nodes: 114, Evaluated States: 207, Time: 0.087) Frontier Size: 93
f(n) = 36.0 (Expanded Nodes: 118, Evaluated States: 215, Time: 0.087) Frontier Size: 97
f(n) = 37.0 (Expanded Nodes: 122, Evaluated States: 223, Time: 0.088) Frontier Size: 101
f(n) = 38.0 (Expanded Nodes: 126, Evaluated States: 231, Time: 0.088) Frontier Size: 105
f(n) = 39.0 (Expanded Nodes: 130, Evaluated States: 239, Time: 0.089) Frontier Size: 109
f(n) = 40.0 (Expanded Nodes: 134, Evaluated States: 247, Time: 0.089) Frontier Size: 113
f(n) = 41.0 (Expanded Nodes: 143, Evaluated States: 264, Time: 0.094) Frontier Size: 121
f(n) = 42.0 (Expanded Nodes: 147, Evaluated States: 272, Time: 0.095) Frontier Size: 125
f(n) = 43.0 (Expanded Nodes: 151, Evaluated States: 280, Time: 0.095) Frontier Size: 129
f(n) = 44.0 (Expanded Nodes: 155, Evaluated States: 288, Time: 0.095) Frontier Size: 133
f(n) = 45.0 (Expanded Nodes: 159, Evaluated States: 296, Time: 0.096) Frontier Size: 137
f(n) = 46.0 (Expanded Nodes: 163, Evaluated States: 304, Time: 0.096) Frontier Size: 141
f(n) = 47.0 (Expanded Nodes: 167, Evaluated States: 312, Time: 0.097) Frontier Size: 145
f(n) = 48.0 (Expanded Nodes: 171, Evaluated States: 320, Time: 0.097) Frontier Size: 149
f(n) = 49.0 (Expanded Nodes: 175, Evaluated States: 328, Time: 0.105) Frontier Size: 153
f(n) = 50.0 (Expanded Nodes: 179, Evaluated States: 336, Time: 0.105) Frontier Size: 157
f(n) = 51.0 (Expanded Nodes: 183, Evaluated States: 344, Time: 0.106) Frontier Size: 161
f(n) = 52.0 (Expanded Nodes: 187, Evaluated States: 352, Time: 0.106) Frontier Size: 165
f(n) = 53.0 (Expanded Nodes: 191, Evaluated States: 360, Time: 0.106) Frontier Size: 169
f(n) = 54.0 (Expanded Nodes: 195, Evaluated States: 368, Time: 0.107) Frontier Size: 173
f(n) = 55.0 (Expanded Nodes: 199, Evaluated States: 376, Time: 0.107) Frontier Size: 177
f(n) = 56.0 (Expanded Nodes: 203, Evaluated States: 384, Time: 0.114) Frontier Size: 181
f(n) = 57.0 (Expanded Nodes: 207, Evaluated States: 392, Time: 0.115) Frontier Size: 185
f(n) = 58.0 (Expanded Nodes: 211, Evaluated States: 400, Time: 0.115) Frontier Size: 189
f(n) = 59.0 (Expanded Nodes: 215, Evaluated States: 408, Time: 0.115) Frontier Size: 193
f(n) = 60.0 (Expanded Nodes: 219, Evaluated States: 416, Time: 0.116) Frontier Size: 197
f(n) = 61.0 (Expanded Nodes: 223, Evaluated States: 424, Time: 0.116) Frontier Size: 201
Extracting plan with execution delta: 1.0
Problem Solved

Found Plan:
0: (validate_payload t0 a10 t1)
0: (sync_actions t0 t1 a10)
0: -----waiting---- [16.0]
16.0: (validate_payload t1 a16 t2)
16.0: (sync_actions t1 t2 a16)
16.0: -----waiting---- [40.0]
40.0: (validate_payload t2 a18 t3)
40.0: (sync_actions t2 t3 a18)
40.0: -----waiting---- [61.0]
61.0: (validate_payload t3 a19 t4)
61.0: (sync_actions t3 t4 a19)
61.0: (add_action a17)
61.0: (check_added_parameter_model a17)
61.0: (add_move_automata a17)
61.0: (stop_wait)
61.0: (add_action a11)
61.0: (check_added_parameter_model a11)
61.0: (add_move_automata a11)
61.0: (stop_wait)
61.0: (add_action a14)
61.0: (check_added_parameter_model a14)
61.0: (add_move_automata a14)
61.0: (stop_wait)
61.0: (add_action a3)
61.0: (add_parameter a3 sDEC1_2 integer v0)
61.0: (check_added_parameter_model a3)
61.0: (add_move_automata a3)
61.0: (stop_wait)
61.0: (add_action a4)
61.0: (check_added_parameter_model a4)
61.0: (add_move_automata a4)
61.0: (stop_wait)
61.0: (add_action a15)
61.0: (check_added_parameter_model a15)
61.0: (add_move_automata a15)
61.0: (stop_wait)
61.0: (add_action a5)
61.0: (check_added_parameter_model a5)
61.0: (add_move_automata a5)
61.0: (stop_wait)
61.0: (add_action a0)
61.0: (check_added_parameter_model a0)
61.0: (add_move_automata a0)
61.0: (stop_wait)
61.0: (add_action a1)
61.0: (check_added_parameter_model a1)
61.0: (add_move_automata a1)

Plan-Length:105
Elapsed Time: 61.0
Metric (Search):61.0
Planning Time (msec): 186
Heuristic Time (msec): 6
Search Time (msec): 178
Expanded Nodes:529
States Evaluated:817
Number of Dead-Ends detected:0
Number of Duplicates detected:470
/usr/bin/time -v timeout 600 java -Xmx64g -jar ./enhsp3.jar -o ./domain_framed_autonomy_process_reset.pddl -f ./problems/a20g6-prefix-4-a20g6_1_data/problem3.pddl -h blind -s WAStar
Domain parsed
Problem parsed
Grounding..
Grounding Time: 3271
UFX:true
|F|:9714
|X|:5
Heuristic Problem Creation
|A|:229
|P|:2
|E|:0
Delta time heuristic model:1.0
Delta time planning model:1.0
Delta time search-execution model:1.0
Delta time validation model:1
h(I):0.0
f(n) = 1.0 (Expanded Nodes: 5, Evaluated States: 6, Time: 0.027) Frontier Size: 1
f(n) = 2.0 (Expanded Nodes: 7, Evaluated States: 9, Time: 0.046) Frontier Size: 2
f(n) = 3.0 (Expanded Nodes: 9, Evaluated States: 12, Time: 0.053) Frontier Size: 3
f(n) = 4.0 (Expanded Nodes: 11, Evaluated States: 15, Time: 0.057) Frontier Size: 4
f(n) = 5.0 (Expanded Nodes: 13, Evaluated States: 18, Time: 0.058) Frontier Size: 5
f(n) = 6.0 (Expanded Nodes: 15, Evaluated States: 21, Time: 0.058) Frontier Size: 6
f(n) = 7.0 (Expanded Nodes: 17, Evaluated States: 24, Time: 0.058) Frontier Size: 7
f(n) = 8.0 (Expanded Nodes: 19, Evaluated States: 27, Time: 0.059) Frontier Size: 8
f(n) = 9.0 (Expanded Nodes: 21, Evaluated States: 30, Time: 0.059) Frontier Size: 9
f(n) = 10.0 (Expanded Nodes: 23, Evaluated States: 33, Time: 0.059) Frontier Size: 10
f(n) = 11.0 (Expanded Nodes: 25, Evaluated States: 36, Time: 0.06) Frontier Size: 11
f(n) = 12.0 (Expanded Nodes: 27, Evaluated States: 39, Time: 0.064) Frontier Size: 12
f(n) = 13.0 (Expanded Nodes: 29, Evaluated States: 42, Time: 0.065) Frontier Size: 13
f(n) = 14.0 (Expanded Nodes: 31, Evaluated States: 45, Time: 0.065) Frontier Size: 14
f(n) = 15.0 (Expanded Nodes: 33, Evaluated States: 48, Time: 0.065) Frontier Size: 15
f(n) = 16.0 (Expanded Nodes: 35, Evaluated States: 51, Time: 0.066) Frontier Size: 16
f(n) = 17.0 (Expanded Nodes: 37, Evaluated States: 54, Time: 0.066) Frontier Size: 17
f(n) = 18.0 (Expanded Nodes: 39, Evaluated States: 57, Time: 0.066) Frontier Size: 18
f(n) = 19.0 (Expanded Nodes: 41, Evaluated States: 60, Time: 0.067) Frontier Size: 19
f(n) = 20.0 (Expanded Nodes: 43, Evaluated States: 63, Time: 0.067) Frontier Size: 20
f(n) = 21.0 (Expanded Nodes: 45, Evaluated States: 66, Time: 0.072) Frontier Size: 21
f(n) = 22.0 (Expanded Nodes: 47, Evaluated States: 69, Time: 0.073) Frontier Size: 22
f(n) = 23.0 (Expanded Nodes: 52, Evaluated States: 76, Time: 0.074) Frontier Size: 24
f(n) = 24.0 (Expanded Nodes: 54, Evaluated States: 79, Time: 0.074) Frontier Size: 25
f(n) = 25.0 (Expanded Nodes: 56, Evaluated States: 82, Time: 0.075) Frontier Size: 26
f(n) = 26.0 (Expanded Nodes: 58, Evaluated States: 85, Time: 0.076) Frontier Size: 27
f(n) = 27.0 (Expanded Nodes: 60, Evaluated States: 88, Time: 0.077) Frontier Size: 28
f(n) = 28.0 (Expanded Nodes: 62, Evaluated States: 91, Time: 0.078) Frontier Size: 29
f(n) = 29.0 (Expanded Nodes: 64, Evaluated States: 94, Time: 0.082) Frontier Size: 30
f(n) = 30.0 (Expanded Nodes: 66, Evaluated States: 97, Time: 0.083) Frontier Size: 31
f(n) = 31.0 (Expanded Nodes: 68, Evaluated States: 100, Time: 0.083) Frontier Size: 32
f(n) = 32.0 (Expanded Nodes: 70, Evaluated States: 103, Time: 0.083) Frontier Size: 33
f(n) = 33.0 (Expanded Nodes: 72, Evaluated States: 106, Time: 0.084) Frontier Size: 34
f(n) = 34.0 (Expanded Nodes: 74, Evaluated States: 109, Time: 0.084) Frontier Size: 35
f(n) = 35.0 (Expanded Nodes: 76, Evaluated States: 112, Time: 0.087) Frontier Size: 36
f(n) = 36.0 (Expanded Nodes: 78, Evaluated States: 115, Time: 0.087) Frontier Size: 37
f(n) = 37.0 (Expanded Nodes: 80, Evaluated States: 118, Time: 0.087) Frontier Size: 38
f(n) = 38.0 (Expanded Nodes: 82, Evaluated States: 121, Time: 0.087) Frontier Size: 39
f(n) = 39.0 (Expanded Nodes: 87, Evaluated States: 128, Time: 0.088) Frontier Size: 41
f(n) = 40.0 (Expanded Nodes: 89, Evaluated States: 131, Time: 0.088) Frontier Size: 42
f(n) = 41.0 (Expanded Nodes: 91, Evaluated States: 134, Time: 0.088) Frontier Size: 43
f(n) = 42.0 (Expanded Nodes: 93, Evaluated States: 137, Time: 0.089) Frontier Size: 44
f(n) = 43.0 (Expanded Nodes: 95, Evaluated States: 140, Time: 0.089) Frontier Size: 45
f(n) = 44.0 (Expanded Nodes: 97, Evaluated States: 143, Time: 0.089) Frontier Size: 46
f(n) = 45.0 (Expanded Nodes: 99, Evaluated States: 146, Time: 0.089) Frontier Size: 47
f(n) = 46.0 (Expanded Nodes: 101, Evaluated States: 149, Time: 0.089) Frontier Size: 48
f(n) = 47.0 (Expanded Nodes: 103, Evaluated States: 152, Time: 0.09) Frontier Size: 49
f(n) = 48.0 (Expanded Nodes: 105, Evaluated States: 155, Time: 0.09) Frontier Size: 50
f(n) = 49.0 (Expanded Nodes: 107, Evaluated States: 158, Time: 0.096) Frontier Size: 51
f(n) = 50.0 (Expanded Nodes: 109, Evaluated States: 161, Time: 0.096) Frontier Size: 52
f(n) = 51.0 (Expanded Nodes: 111, Evaluated States: 164, Time: 0.096) Frontier Size: 53
f(n) = 52.0 (Expanded Nodes: 113, Evaluated States: 167, Time: 0.097) Frontier Size: 54
Extracting plan with execution delta: 1.0
Problem Solved

Found Plan:
0: (validate_payload t0 a10 t1)
0: (sync_actions t0 t1 a10)
0: -----waiting---- [22.0]
22.0: (validate_payload t1 a16 t2)
22.0: (sync_actions t1 t2 a16)
22.0: -----waiting---- [38.0]
38.0: (validate_payload t2 a18 t3)
38.0: (sync_actions t2 t3 a18)
38.0: -----waiting---- [52.0]
52.0: (validate_payload t3 a19 t4)
52.0: (sync_actions t3 t4 a19)
52.0: (add_action a17)
52.0: (check_added_parameter_model a17)
52.0: (add_move_automata a17)
52.0: (stop_wait)
52.0: (add_action a11)
52.0: (check_added_parameter_model a11)
52.0: (add_move_automata a11)
52.0: (stop_wait)
52.0: (add_action a14)
52.0: (check_added_parameter_model a14)
52.0: (add_move_automata a14)
52.0: (stop_wait)
52.0: (add_action a2)
52.0: (check_added_parameter_model a2)
52.0: (add_move_automata a2)
52.0: (stop_wait)
52.0: (add_action a15)
52.0: (check_added_parameter_model a15)
52.0: (add_move_automata a15)
52.0: (stop_wait)
52.0: (add_action a5)
52.0: (check_added_parameter_model a5)
52.0: (add_move_automata a5)
52.0: (stop_wait)
52.0: (add_action a0)
52.0: (check_added_parameter_model a0)
52.0: (add_move_automata a0)
52.0: (stop_wait)
52.0: (add_action a1)
52.0: (check_added_parameter_model a1)
52.0: (add_move_automata a1)

Plan-Length:91
Elapsed Time: 52.0
Metric (Search):52.0
Planning Time (msec): 130
Heuristic Time (msec): 6
Search Time (msec): 117
Expanded Nodes:192
States Evaluated:261
Number of Dead-Ends detected:0
Number of Duplicates detected:103
/usr/bin/time -v timeout 600 java -Xmx64g -jar ./enhsp3.jar -o ./domain_framed_autonomy_process_reset.pddl -f ./problems/a20g6-prefix-4-a20g6_1_data/problem4.pddl -h blind -s WAStar
Domain parsed
Problem parsed
Grounding..
Grounding Time: 3880
UFX:true
|F|:9714
|X|:5
Heuristic Problem Creation
|A|:229
|P|:2
|E|:0
Delta time heuristic model:1.0
Delta time planning model:1.0
Delta time search-execution model:1.0
Delta time validation model:1
h(I):0.0
f(n) = 1.0 (Expanded Nodes: 5, Evaluated States: 6, Time: 0.022) Frontier Size: 1
f(n) = 2.0 (Expanded Nodes: 7, Evaluated States: 9, Time: 0.038) Frontier Size: 2
f(n) = 3.0 (Expanded Nodes: 9, Evaluated States: 12, Time: 0.039) Frontier Size: 3
f(n) = 4.0 (Expanded Nodes: 11, Evaluated States: 15, Time: 0.039) Frontier Size: 4
f(n) = 5.0 (Expanded Nodes: 13, Evaluated States: 18, Time: 0.047) Frontier Size: 5
f(n) = 6.0 (Expanded Nodes: 15, Evaluated States: 21, Time: 0.048) Frontier Size: 6
f(n) = 7.0 (Expanded Nodes: 17, Evaluated States: 24, Time: 0.048) Frontier Size: 7
f(n) = 8.0 (Expanded Nodes: 19, Evaluated States: 27, Time: 0.049) Frontier Size: 8
f(n) = 9.0 (Expanded Nodes: 21, Evaluated States: 30, Time: 0.049) Frontier Size: 9
f(n) = 10.0 (Expanded Nodes: 23, Evaluated States: 33, Time: 0.049) Frontier Size: 10
f(n) = 11.0 (Expanded Nodes: 25, Evaluated States: 36, Time: 0.05) Frontier Size: 11
f(n) = 12.0 (Expanded Nodes: 27, Evaluated States: 39, Time: 0.05) Frontier Size: 12
f(n) = 13.0 (Expanded Nodes: 29, Evaluated States: 42, Time: 0.051) Frontier Size: 13
f(n) = 14.0 (Expanded Nodes: 31, Evaluated States: 45, Time: 0.055) Frontier Size: 14
f(n) = 15.0 (Expanded Nodes: 33, Evaluated States: 48, Time: 0.056) Frontier Size: 15
f(n) = 16.0 (Expanded Nodes: 35, Evaluated States: 51, Time: 0.056) Frontier Size: 16
f(n) = 17.0 (Expanded Nodes: 40, Evaluated States: 58, Time: 0.057) Frontier Size: 18
f(n) = 18.0 (Expanded Nodes: 42, Evaluated States: 61, Time: 0.058) Frontier Size: 19
f(n) = 19.0 (Expanded Nodes: 44, Evaluated States: 64, Time: 0.058) Frontier Size: 20
f(n) = 20.0 (Expanded Nodes: 46, Evaluated States: 67, Time: 0.059) Frontier Size: 21
f(n) = 21.0 (Expanded Nodes: 48, Evaluated States: 70, Time: 0.062) Frontier Size: 22
f(n) = 22.0 (Expanded Nodes: 50, Evaluated States: 73, Time: 0.063) Frontier Size: 23
f(n) = 23.0 (Expanded Nodes: 52, Evaluated States: 76, Time: 0.063) Frontier Size: 24
f(n) = 24.0 (Expanded Nodes: 54, Evaluated States: 79, Time: 0.063) Frontier Size: 25
f(n) = 25.0 (Expanded Nodes: 56, Evaluated States: 82, Time: 0.064) Frontier Size: 26
f(n) = 26.0 (Expanded Nodes: 58, Evaluated States: 85, Time: 0.064) Frontier Size: 27
f(n) = 27.0 (Expanded Nodes: 60, Evaluated States: 88, Time: 0.064) Frontier Size: 28
f(n) = 28.0 (Expanded Nodes: 62, Evaluated States: 91, Time: 0.065) Frontier Size: 29
f(n) = 29.0 (Expanded Nodes: 64, Evaluated States: 94, Time: 0.068) Frontier Size: 30
f(n) = 30.0 (Expanded Nodes: 66, Evaluated States: 97, Time: 0.073) Frontier Size: 31
f(n) = 31.0 (Expanded Nodes: 68, Evaluated States: 100, Time: 0.074) Frontier Size: 32
f(n) = 32.0 (Expanded Nodes: 70, Evaluated States: 103, Time: 0.074) Frontier Size: 33
f(n) = 33.0 (Expanded Nodes: 72, Evaluated States: 106, Time: 0.074) Frontier Size: 34
f(n) = 34.0 (Expanded Nodes: 74, Evaluated States: 109, Time: 0.074) Frontier Size: 35
f(n) = 35.0 (Expanded Nodes: 76, Evaluated States: 112, Time: 0.075) Frontier Size: 36
f(n) = 36.0 (Expanded Nodes: 78, Evaluated States: 115, Time: 0.075) Frontier Size: 37
f(n) = 37.0 (Expanded Nodes: 80, Evaluated States: 118, Time: 0.075) Frontier Size: 38
f(n) = 38.0 (Expanded Nodes: 82, Evaluated States: 121, Time: 0.075) Frontier Size: 39
f(n) = 39.0 (Expanded Nodes: 84, Evaluated States: 124, Time: 0.076) Frontier Size: 40
f(n) = 40.0 (Expanded Nodes: 86, Evaluated States: 127, Time: 0.076) Frontier Size: 41
f(n) = 41.0 (Expanded Nodes: 91, Evaluated States: 134, Time: 0.082) Frontier Size: 43
f(n) = 42.0 (Expanded Nodes: 93, Evaluated States: 137, Time: 0.082) Frontier Size: 44
f(n) = 43.0 (Expanded Nodes: 95, Evaluated States: 140, Time: 0.082) Frontier Size: 45
f(n) = 44.0 (Expanded Nodes: 97, Evaluated States: 143, Time: 0.082) Frontier Size: 46
f(n) = 45.0 (Expanded Nodes: 99, Evaluated States: 146, Time: 0.083) Frontier Size: 47
f(n) = 46.0 (Expanded Nodes: 101, Evaluated States: 149, Time: 0.083) Frontier Size: 48
f(n) = 47.0 (Expanded Nodes: 103, Evaluated States: 152, Time: 0.083) Frontier Size: 49
f(n) = 48.0 (Expanded Nodes: 105, Evaluated States: 155, Time: 0.083) Frontier Size: 50
f(n) = 49.0 (Expanded Nodes: 107, Evaluated States: 158, Time: 0.084) Frontier Size: 51
f(n) = 50.0 (Expanded Nodes: 109, Evaluated States: 161, Time: 0.084) Frontier Size: 52
f(n) = 51.0 (Expanded Nodes: 111, Evaluated States: 164, Time: 0.084) Frontier Size: 53
f(n) = 52.0 (Expanded Nodes: 113, Evaluated States: 167, Time: 0.086) Frontier Size: 54
f(n) = 53.0 (Expanded Nodes: 115, Evaluated States: 170, Time: 0.086) Frontier Size: 55
f(n) = 54.0 (Expanded Nodes: 117, Evaluated States: 173, Time: 0.087) Frontier Size: 56
f(n) = 55.0 (Expanded Nodes: 119, Evaluated States: 176, Time: 0.087) Frontier Size: 57
f(n) = 56.0 (Expanded Nodes: 121, Evaluated States: 179, Time: 0.087) Frontier Size: 58
f(n) = 57.0 (Expanded Nodes: 123, Evaluated States: 182, Time: 0.087) Frontier Size: 59
f(n) = 58.0 (Expanded Nodes: 125, Evaluated States: 185, Time: 0.087) Frontier Size: 60
f(n) = 59.0 (Expanded Nodes: 127, Evaluated States: 188, Time: 0.088) Frontier Size: 61
f(n) = 60.0 (Expanded Nodes: 129, Evaluated States: 191, Time: 0.088) Frontier Size: 62
f(n) = 61.0 (Expanded Nodes: 131, Evaluated States: 194, Time: 0.088) Frontier Size: 63
f(n) = 62.0 (Expanded Nodes: 133, Evaluated States: 197, Time: 0.088) Frontier Size: 64
Extracting plan with execution delta: 1.0
Problem Solved

Found Plan:
0: (validate_payload t0 a10 t1)
0: (sync_actions t0 t1 a10)
0: -----waiting---- [16.0]
16.0: (validate_payload t1 a6 t2)
16.0: (sync_actions t1 t2 a6)
16.0: -----waiting---- [40.0]
40.0: (validate_payload t2 a7 t3)
40.0: (sync_actions t2 t3 a7)
40.0: -----waiting---- [62.0]
62.0: (validate_payload t3 a8 t4)
62.0: (sync_actions t3 t4 a8)
62.0: (add_action a9)
62.0: (check_added_parameter_model a9)
62.0: (add_move_automata a9)
62.0: (stop_wait)
62.0: (add_action a11)
62.0: (check_added_parameter_model a11)
62.0: (add_move_automata a11)
62.0: (stop_wait)
62.0: (add_action a14)
62.0: (check_added_parameter_model a14)
62.0: (add_move_automata a14)
62.0: (stop_wait)
62.0: (add_action a2)
62.0: (check_added_parameter_model a2)
62.0: (add_move_automata a2)
62.0: (stop_wait)
62.0: (add_action a15)
62.0: (check_added_parameter_model a15)
62.0: (add_move_automata a15)
62.0: (stop_wait)
62.0: (add_action a5)
62.0: (check_added_parameter_model a5)
62.0: (add_move_automata a5)
62.0: (stop_wait)
62.0: (add_action a0)
62.0: (check_added_parameter_model a0)
62.0: (add_move_automata a0)
62.0: (stop_wait)
62.0: (add_action a1)
62.0: (check_added_parameter_model a1)
62.0: (add_move_automata a1)

Plan-Length:101
Elapsed Time: 62.0
Metric (Search):62.0
Planning Time (msec): 122
Heuristic Time (msec): 7
Search Time (msec): 107
Expanded Nodes:190
States Evaluated:265
Number of Dead-Ends detected:0
Number of Duplicates detected:98
/usr/bin/time -v timeout 600 java -Xmx64g -jar ./enhsp3.jar -o ./domain_framed_autonomy_process_reset.pddl -f ./problems/a20g6-prefix-4-a20g6_1_data/problem5.pddl -h blind -s WAStar
Domain parsed
Problem parsed
Grounding..
Grounding Time: 3307
UFX:true
|F|:9714
|X|:5
Heuristic Problem Creation
|A|:229
|P|:2
|E|:0
Delta time heuristic model:1.0
Delta time planning model:1.0
Delta time search-execution model:1.0
Delta time validation model:1
h(I):0.0
f(n) = 1.0 (Expanded Nodes: 5, Evaluated States: 6, Time: 0.024) Frontier Size: 1
f(n) = 2.0 (Expanded Nodes: 7, Evaluated States: 9, Time: 0.046) Frontier Size: 2
f(n) = 3.0 (Expanded Nodes: 9, Evaluated States: 12, Time: 0.046) Frontier Size: 3
f(n) = 4.0 (Expanded Nodes: 11, Evaluated States: 15, Time: 0.047) Frontier Size: 4
f(n) = 5.0 (Expanded Nodes: 13, Evaluated States: 18, Time: 0.047) Frontier Size: 5
f(n) = 6.0 (Expanded Nodes: 15, Evaluated States: 21, Time: 0.048) Frontier Size: 6
f(n) = 7.0 (Expanded Nodes: 17, Evaluated States: 24, Time: 0.048) Frontier Size: 7
f(n) = 8.0 (Expanded Nodes: 19, Evaluated States: 27, Time: 0.055) Frontier Size: 8
f(n) = 9.0 (Expanded Nodes: 21, Evaluated States: 30, Time: 0.059) Frontier Size: 9
f(n) = 10.0 (Expanded Nodes: 23, Evaluated States: 33, Time: 0.06) Frontier Size: 10
f(n) = 11.0 (Expanded Nodes: 25, Evaluated States: 36, Time: 0.06) Frontier Size: 11
f(n) = 12.0 (Expanded Nodes: 27, Evaluated States: 39, Time: 0.061) Frontier Size: 12
f(n) = 13.0 (Expanded Nodes: 29, Evaluated States: 42, Time: 0.061) Frontier Size: 13
f(n) = 14.0 (Expanded Nodes: 31, Evaluated States: 45, Time: 0.061) Frontier Size: 14
f(n) = 15.0 (Expanded Nodes: 33, Evaluated States: 48, Time: 0.062) Frontier Size: 15
f(n) = 16.0 (Expanded Nodes: 35, Evaluated States: 51, Time: 0.062) Frontier Size: 16
f(n) = 17.0 (Expanded Nodes: 40, Evaluated States: 58, Time: 0.072) Frontier Size: 18
f(n) = 18.0 (Expanded Nodes: 42, Evaluated States: 61, Time: 0.072) Frontier Size: 19
f(n) = 19.0 (Expanded Nodes: 44, Evaluated States: 64, Time: 0.072) Frontier Size: 20
f(n) = 20.0 (Expanded Nodes: 46, Evaluated States: 67, Time: 0.072) Frontier Size: 21
f(n) = 21.0 (Expanded Nodes: 48, Evaluated States: 70, Time: 0.073) Frontier Size: 22
f(n) = 22.0 (Expanded Nodes: 50, Evaluated States: 73, Time: 0.073) Frontier Size: 23
f(n) = 23.0 (Expanded Nodes: 52, Evaluated States: 76, Time: 0.074) Frontier Size: 24
f(n) = 24.0 (Expanded Nodes: 54, Evaluated States: 79, Time: 0.075) Frontier Size: 25
f(n) = 25.0 (Expanded Nodes: 56, Evaluated States: 82, Time: 0.075) Frontier Size: 26
f(n) = 26.0 (Expanded Nodes: 58, Evaluated States: 85, Time: 0.075) Frontier Size: 27
f(n) = 27.0 (Expanded Nodes: 60, Evaluated States: 88, Time: 0.075) Frontier Size: 28
f(n) = 28.0 (Expanded Nodes: 62, Evaluated States: 91, Time: 0.076) Frontier Size: 29
f(n) = 29.0 (Expanded Nodes: 64, Evaluated States: 94, Time: 0.076) Frontier Size: 30
f(n) = 30.0 (Expanded Nodes: 66, Evaluated States: 97, Time: 0.076) Frontier Size: 31
f(n) = 31.0 (Expanded Nodes: 68, Evaluated States: 100, Time: 0.077) Frontier Size: 32
f(n) = 32.0 (Expanded Nodes: 70, Evaluated States: 103, Time: 0.077) Frontier Size: 33
f(n) = 33.0 (Expanded Nodes: 72, Evaluated States: 106, Time: 0.077) Frontier Size: 34
f(n) = 34.0 (Expanded Nodes: 74, Evaluated States: 109, Time: 0.077) Frontier Size: 35
f(n) = 35.0 (Expanded Nodes: 76, Evaluated States: 112, Time: 0.078) Frontier Size: 36
f(n) = 36.0 (Expanded Nodes: 78, Evaluated States: 115, Time: 0.078) Frontier Size: 37
f(n) = 37.0 (Expanded Nodes: 80, Evaluated States: 118, Time: 0.085) Frontier Size: 38
f(n) = 38.0 (Expanded Nodes: 82, Evaluated States: 121, Time: 0.086) Frontier Size: 39
f(n) = 39.0 (Expanded Nodes: 84, Evaluated States: 124, Time: 0.086) Frontier Size: 40
f(n) = 40.0 (Expanded Nodes: 86, Evaluated States: 127, Time: 0.086) Frontier Size: 41
f(n) = 41.0 (Expanded Nodes: 91, Evaluated States: 134, Time: 0.087) Frontier Size: 43
f(n) = 42.0 (Expanded Nodes: 93, Evaluated States: 137, Time: 0.087) Frontier Size: 44
f(n) = 43.0 (Expanded Nodes: 95, Evaluated States: 140, Time: 0.087) Frontier Size: 45
f(n) = 44.0 (Expanded Nodes: 97, Evaluated States: 143, Time: 0.088) Frontier Size: 46
f(n) = 45.0 (Expanded Nodes: 99, Evaluated States: 146, Time: 0.088) Frontier Size: 47
f(n) = 46.0 (Expanded Nodes: 101, Evaluated States: 149, Time: 0.088) Frontier Size: 48
f(n) = 47.0 (Expanded Nodes: 103, Evaluated States: 152, Time: 0.088) Frontier Size: 49
f(n) = 48.0 (Expanded Nodes: 105, Evaluated States: 155, Time: 0.089) Frontier Size: 50
f(n) = 49.0 (Expanded Nodes: 107, Evaluated States: 158, Time: 0.089) Frontier Size: 51
f(n) = 50.0 (Expanded Nodes: 109, Evaluated States: 161, Time: 0.097) Frontier Size: 52
f(n) = 51.0 (Expanded Nodes: 111, Evaluated States: 164, Time: 0.098) Frontier Size: 53
f(n) = 52.0 (Expanded Nodes: 113, Evaluated States: 167, Time: 0.098) Frontier Size: 54
f(n) = 53.0 (Expanded Nodes: 115, Evaluated States: 170, Time: 0.098) Frontier Size: 55
f(n) = 54.0 (Expanded Nodes: 117, Evaluated States: 173, Time: 0.098) Frontier Size: 56
Extracting plan with execution delta: 1.0
Problem Solved

Found Plan:
0: (validate_payload t0 a10 t1)
0: (sync_actions t0 t1 a10)
0: -----waiting---- [16.0]
16.0: (validate_payload t1 a6 t2)
16.0: (sync_actions t1 t2 a6)
16.0: -----waiting---- [40.0]
40.0: (validate_payload t2 a7 t3)
40.0: (sync_actions t2 t3 a7)
40.0: -----waiting---- [54.0]
54.0: (validate_payload t3 a8 t4)
54.0: (sync_actions t3 t4 a8)
54.0: (add_action a9)
54.0: (check_added_parameter_model a9)
54.0: (add_move_automata a9)
54.0: (stop_wait)
54.0: (add_action a11)
54.0: (check_added_parameter_model a11)
54.0: (add_move_automata a11)
54.0: (stop_wait)
54.0: (add_action a14)
54.0: (check_added_parameter_model a14)
54.0: (add_move_automata a14)
54.0: (stop_wait)
54.0: (add_action a2)
54.0: (check_added_parameter_model a2)
54.0: (add_move_automata a2)
54.0: (stop_wait)
54.0: (add_action a15)
54.0: (check_added_parameter_model a15)
54.0: (add_move_automata a15)
54.0: (stop_wait)
54.0: (add_action a5)
54.0: (check_added_parameter_model a5)
54.0: (add_move_automata a5)
54.0: (stop_wait)
54.0: (add_action a0)
54.0: (check_added_parameter_model a0)
54.0: (add_move_automata a0)
54.0: (stop_wait)
54.0: (add_action a1)
54.0: (check_added_parameter_model a1)
54.0: (add_move_automata a1)

Plan-Length:93
Elapsed Time: 54.0
Metric (Search):54.0
Planning Time (msec): 121
Heuristic Time (msec): 6
Search Time (msec): 109
Expanded Nodes:174
States Evaluated:241
Number of Dead-Ends detected:0
Number of Duplicates detected:90
/usr/bin/time -v timeout 600 java -Xmx64g -jar ./enhsp3.jar -o ./domain_framed_autonomy_process_reset.pddl -f ./problems/a20g6-prefix-4-a20g6_1_data/problem6.pddl -h blind -s WAStar
Domain parsed
Problem parsed
Grounding..
Grounding Time: 3319
UFX:true
|F|:9714
|X|:5
Heuristic Problem Creation
|A|:229
|P|:2
|E|:0
Delta time heuristic model:1.0
Delta time planning model:1.0
Delta time search-execution model:1.0
Delta time validation model:1
h(I):0.0
f(n) = 1.0 (Expanded Nodes: 5, Evaluated States: 6, Time: 0.022) Frontier Size: 1
f(n) = 2.0 (Expanded Nodes: 7, Evaluated States: 9, Time: 0.041) Frontier Size: 2
f(n) = 3.0 (Expanded Nodes: 9, Evaluated States: 12, Time: 0.042) Frontier Size: 3
f(n) = 4.0 (Expanded Nodes: 11, Evaluated States: 15, Time: 0.042) Frontier Size: 4
f(n) = 5.0 (Expanded Nodes: 13, Evaluated States: 18, Time: 0.042) Frontier Size: 5
f(n) = 6.0 (Expanded Nodes: 15, Evaluated States: 21, Time: 0.043) Frontier Size: 6
f(n) = 7.0 (Expanded Nodes: 17, Evaluated States: 24, Time: 0.043) Frontier Size: 7
f(n) = 8.0 (Expanded Nodes: 19, Evaluated States: 27, Time: 0.049) Frontier Size: 8
f(n) = 9.0 (Expanded Nodes: 21, Evaluated States: 30, Time: 0.049) Frontier Size: 9
f(n) = 10.0 (Expanded Nodes: 23, Evaluated States: 33, Time: 0.049) Frontier Size: 10
f(n) = 11.0 (Expanded Nodes: 25, Evaluated States: 36, Time: 0.05) Frontier Size: 11
f(n) = 12.0 (Expanded Nodes: 27, Evaluated States: 39, Time: 0.05) Frontier Size: 12
f(n) = 13.0 (Expanded Nodes: 29, Evaluated States: 42, Time: 0.051) Frontier Size: 13
f(n) = 14.0 (Expanded Nodes: 31, Evaluated States: 45, Time: 0.051) Frontier Size: 14
f(n) = 15.0 (Expanded Nodes: 33, Evaluated States: 48, Time: 0.051) Frontier Size: 15
f(n) = 16.0 (Expanded Nodes: 35, Evaluated States: 51, Time: 0.052) Frontier Size: 16
f(n) = 17.0 (Expanded Nodes: 37, Evaluated States: 54, Time: 0.057) Frontier Size: 17
f(n) = 18.0 (Expanded Nodes: 39, Evaluated States: 57, Time: 0.062) Frontier Size: 18
f(n) = 19.0 (Expanded Nodes: 41, Evaluated States: 60, Time: 0.063) Frontier Size: 19
f(n) = 20.0 (Expanded Nodes: 43, Evaluated States: 63, Time: 0.063) Frontier Size: 20
f(n) = 21.0 (Expanded Nodes: 45, Evaluated States: 66, Time: 0.063) Frontier Size: 21
f(n) = 22.0 (Expanded Nodes: 47, Evaluated States: 69, Time: 0.064) Frontier Size: 22
f(n) = 23.0 (Expanded Nodes: 49, Evaluated States: 72, Time: 0.064) Frontier Size: 23
f(n) = 24.0 (Expanded Nodes: 56, Evaluated States: 84, Time: 0.067) Frontier Size: 28
f(n) = 25.0 (Expanded Nodes: 60, Evaluated States: 92, Time: 0.07) Frontier Size: 32
f(n) = 26.0 (Expanded Nodes: 64, Evaluated States: 100, Time: 0.071) Frontier Size: 36
f(n) = 27.0 (Expanded Nodes: 68, Evaluated States: 108, Time: 0.072) Frontier Size: 40
f(n) = 28.0 (Expanded Nodes: 72, Evaluated States: 116, Time: 0.072) Frontier Size: 44
f(n) = 29.0 (Expanded Nodes: 76, Evaluated States: 124, Time: 0.073) Frontier Size: 48
f(n) = 30.0 (Expanded Nodes: 80, Evaluated States: 132, Time: 0.079) Frontier Size: 52
f(n) = 31.0 (Expanded Nodes: 84, Evaluated States: 140, Time: 0.08) Frontier Size: 56
f(n) = 32.0 (Expanded Nodes: 88, Evaluated States: 148, Time: 0.081) Frontier Size: 60
f(n) = 33.0 (Expanded Nodes: 92, Evaluated States: 156, Time: 0.081) Frontier Size: 64
f(n) = 34.0 (Expanded Nodes: 96, Evaluated States: 164, Time: 0.082) Frontier Size: 68
f(n) = 35.0 (Expanded Nodes: 100, Evaluated States: 172, Time: 0.082) Frontier Size: 72
f(n) = 36.0 (Expanded Nodes: 104, Evaluated States: 180, Time: 0.083) Frontier Size: 76
f(n) = 37.0 (Expanded Nodes: 108, Evaluated States: 188, Time: 0.083) Frontier Size: 80
f(n) = 38.0 (Expanded Nodes: 112, Evaluated States: 196, Time: 0.09) Frontier Size: 84
f(n) = 39.0 (Expanded Nodes: 116, Evaluated States: 204, Time: 0.091) Frontier Size: 88
f(n) = 40.0 (Expanded Nodes: 120, Evaluated States: 212, Time: 0.091) Frontier Size: 92
f(n) = 41.0 (Expanded Nodes: 124, Evaluated States: 220, Time: 0.092) Frontier Size: 96
f(n) = 42.0 (Expanded Nodes: 128, Evaluated States: 228, Time: 0.092) Frontier Size: 100
f(n) = 43.0 (Expanded Nodes: 132, Evaluated States: 236, Time: 0.092) Frontier Size: 104
f(n) = 44.0 (Expanded Nodes: 141, Evaluated States: 253, Time: 0.1) Frontier Size: 112
f(n) = 45.0 (Expanded Nodes: 145, Evaluated States: 261, Time: 0.1) Frontier Size: 116
f(n) = 46.0 (Expanded Nodes: 149, Evaluated States: 269, Time: 0.101) Frontier Size: 120
f(n) = 47.0 (Expanded Nodes: 153, Evaluated States: 277, Time: 0.101) Frontier Size: 124
f(n) = 48.0 (Expanded Nodes: 157, Evaluated States: 285, Time: 0.101) Frontier Size: 128
f(n) = 49.0 (Expanded Nodes: 161, Evaluated States: 293, Time: 0.102) Frontier Size: 132
f(n) = 50.0 (Expanded Nodes: 165, Evaluated States: 301, Time: 0.102) Frontier Size: 136
f(n) = 51.0 (Expanded Nodes: 169, Evaluated States: 309, Time: 0.103) Frontier Size: 140
f(n) = 52.0 (Expanded Nodes: 173, Evaluated States: 317, Time: 0.103) Frontier Size: 144
f(n) = 53.0 (Expanded Nodes: 177, Evaluated States: 325, Time: 0.11) Frontier Size: 148
f(n) = 54.0 (Expanded Nodes: 181, Evaluated States: 333, Time: 0.11) Frontier Size: 152
f(n) = 55.0 (Expanded Nodes: 185, Evaluated States: 341, Time: 0.11) Frontier Size: 156
f(n) = 56.0 (Expanded Nodes: 189, Evaluated States: 349, Time: 0.111) Frontier Size: 160
f(n) = 57.0 (Expanded Nodes: 193, Evaluated States: 357, Time: 0.111) Frontier Size: 164
f(n) = 58.0 (Expanded Nodes: 197, Evaluated States: 365, Time: 0.112) Frontier Size: 168
f(n) = 59.0 (Expanded Nodes: 201, Evaluated States: 373, Time: 0.112) Frontier Size: 172
f(n) = 60.0 (Expanded Nodes: 205, Evaluated States: 381, Time: 0.112) Frontier Size: 176
f(n) = 61.0 (Expanded Nodes: 209, Evaluated States: 389, Time: 0.113) Frontier Size: 180
f(n) = 62.0 (Expanded Nodes: 213, Evaluated States: 397, Time: 0.121) Frontier Size: 184
f(n) = 63.0 (Expanded Nodes: 217, Evaluated States: 405, Time: 0.122) Frontier Size: 188
f(n) = 64.0 (Expanded Nodes: 221, Evaluated States: 413, Time: 0.122) Frontier Size: 192
Extracting plan with execution delta: 1.0
Problem Solved

Found Plan:
0: (validate_payload t0 a10 t1)
0: (sync_actions t0 t1 a10)
0: -----waiting---- [23.0]
23.0: (validate_payload t1 a16 t2)
23.0: (sync_actions t1 t2 a16)
23.0: -----waiting---- [43.0]
43.0: (validate_payload t2 a18 t3)
43.0: (sync_actions t2 t3 a18)
43.0: -----waiting---- [64.0]
64.0: (validate_payload t3 a19 t4)
64.0: (sync_actions t3 t4 a19)
64.0: (add_action a17)
64.0: (check_added_parameter_model a17)
64.0: (add_move_automata a17)
64.0: (stop_wait)
64.0: (add_action a11)
64.0: (check_added_parameter_model a11)
64.0: (add_move_automata a11)
64.0: (stop_wait)
64.0: (add_action a14)
64.0: (check_added_parameter_model a14)
64.0: (add_move_automata a14)
64.0: (stop_wait)
64.0: (add_action a3)
64.0: (add_parameter a3 sDEC1_2 integer v0)
64.0: (check_added_parameter_model a3)
64.0: (add_move_automata a3)
64.0: (stop_wait)
64.0: (add_action a4)
64.0: (check_added_parameter_model a4)
64.0: (add_move_automata a4)
64.0: (stop_wait)
64.0: (add_action a15)
64.0: (check_added_parameter_model a15)
64.0: (add_move_automata a15)
64.0: (stop_wait)
64.0: (add_action a5)
64.0: (check_added_parameter_model a5)
64.0: (add_move_automata a5)
64.0: (stop_wait)
64.0: (add_action a0)
64.0: (check_added_parameter_model a0)
64.0: (add_move_automata a0)
64.0: (stop_wait)
64.0: (add_action a1)
64.0: (check_added_parameter_model a1)
64.0: (add_move_automata a1)

Plan-Length:108
Elapsed Time: 64.0
Metric (Search):64.0
Planning Time (msec): 190
Heuristic Time (msec): 9
Search Time (msec): 178
Expanded Nodes:528
States Evaluated:812
Number of Dead-Ends detected:0
Number of Duplicates detected:456
/usr/bin/time -v timeout 600 java -Xmx64g -jar ./enhsp3.jar -o ./domain_framed_autonomy_process_reset.pddl -f ./problems/a20g6-prefix-4-a20g6_1_data/problem7.pddl -h blind -s WAStar
Domain parsed
Problem parsed
Grounding..
Grounding Time: 3253
UFX:true
|F|:9714
|X|:5
Heuristic Problem Creation
|A|:229
|P|:2
|E|:0
Delta time heuristic model:1.0
Delta time planning model:1.0
Delta time search-execution model:1.0
Delta time validation model:1
h(I):0.0
f(n) = 1.0 (Expanded Nodes: 5, Evaluated States: 6, Time: 0.021) Frontier Size: 1
f(n) = 2.0 (Expanded Nodes: 7, Evaluated States: 9, Time: 0.041) Frontier Size: 2
f(n) = 3.0 (Expanded Nodes: 9, Evaluated States: 12, Time: 0.041) Frontier Size: 3
f(n) = 4.0 (Expanded Nodes: 11, Evaluated States: 15, Time: 0.042) Frontier Size: 4
f(n) = 5.0 (Expanded Nodes: 13, Evaluated States: 18, Time: 0.042) Frontier Size: 5
f(n) = 6.0 (Expanded Nodes: 15, Evaluated States: 21, Time: 0.042) Frontier Size: 6
f(n) = 7.0 (Expanded Nodes: 17, Evaluated States: 24, Time: 0.043) Frontier Size: 7
f(n) = 8.0 (Expanded Nodes: 19, Evaluated States: 27, Time: 0.048) Frontier Size: 8
f(n) = 9.0 (Expanded Nodes: 21, Evaluated States: 30, Time: 0.049) Frontier Size: 9
f(n) = 10.0 (Expanded Nodes: 23, Evaluated States: 33, Time: 0.049) Frontier Size: 10
f(n) = 11.0 (Expanded Nodes: 25, Evaluated States: 36, Time: 0.049) Frontier Size: 11
f(n) = 12.0 (Expanded Nodes: 27, Evaluated States: 39, Time: 0.05) Frontier Size: 12
f(n) = 13.0 (Expanded Nodes: 29, Evaluated States: 42, Time: 0.05) Frontier Size: 13
f(n) = 14.0 (Expanded Nodes: 31, Evaluated States: 45, Time: 0.05) Frontier Size: 14
f(n) = 15.0 (Expanded Nodes: 33, Evaluated States: 48, Time: 0.051) Frontier Size: 15
f(n) = 16.0 (Expanded Nodes: 35, Evaluated States: 51, Time: 0.053) Frontier Size: 16
f(n) = 17.0 (Expanded Nodes: 37, Evaluated States: 54, Time: 0.056) Frontier Size: 17
f(n) = 18.0 (Expanded Nodes: 39, Evaluated States: 57, Time: 0.057) Frontier Size: 18
f(n) = 19.0 (Expanded Nodes: 41, Evaluated States: 60, Time: 0.057) Frontier Size: 19
f(n) = 20.0 (Expanded Nodes: 43, Evaluated States: 63, Time: 0.057) Frontier Size: 20
f(n) = 21.0 (Expanded Nodes: 45, Evaluated States: 66, Time: 0.058) Frontier Size: 21
f(n) = 22.0 (Expanded Nodes: 52, Evaluated States: 78, Time: 0.06) Frontier Size: 26
f(n) = 23.0 (Expanded Nodes: 56, Evaluated States: 86, Time: 0.065) Frontier Size: 30
f(n) = 24.0 (Expanded Nodes: 60, Evaluated States: 94, Time: 0.065) Frontier Size: 34
f(n) = 25.0 (Expanded Nodes: 64, Evaluated States: 102, Time: 0.066) Frontier Size: 38
f(n) = 26.0 (Expanded Nodes: 68, Evaluated States: 110, Time: 0.067) Frontier Size: 42
f(n) = 27.0 (Expanded Nodes: 72, Evaluated States: 118, Time: 0.07) Frontier Size: 46
f(n) = 28.0 (Expanded Nodes: 76, Evaluated States: 126, Time: 0.074) Frontier Size: 50
f(n) = 29.0 (Expanded Nodes: 80, Evaluated States: 134, Time: 0.075) Frontier Size: 54
f(n) = 30.0 (Expanded Nodes: 84, Evaluated States: 142, Time: 0.075) Frontier Size: 58
f(n) = 31.0 (Expanded Nodes: 88, Evaluated States: 150, Time: 0.076) Frontier Size: 62
f(n) = 32.0 (Expanded Nodes: 92, Evaluated States: 158, Time: 0.076) Frontier Size: 66
f(n) = 33.0 (Expanded Nodes: 96, Evaluated States: 166, Time: 0.077) Frontier Size: 70
f(n) = 34.0 (Expanded Nodes: 100, Evaluated States: 174, Time: 0.083) Frontier Size: 74
f(n) = 35.0 (Expanded Nodes: 104, Evaluated States: 182, Time: 0.084) Frontier Size: 78
f(n) = 36.0 (Expanded Nodes: 108, Evaluated States: 190, Time: 0.084) Frontier Size: 82
f(n) = 37.0 (Expanded Nodes: 112, Evaluated States: 198, Time: 0.085) Frontier Size: 86
f(n) = 38.0 (Expanded Nodes: 116, Evaluated States: 206, Time: 0.085) Frontier Size: 90
f(n) = 39.0 (Expanded Nodes: 120, Evaluated States: 214, Time: 0.086) Frontier Size: 94
f(n) = 40.0 (Expanded Nodes: 124, Evaluated States: 222, Time: 0.09) Frontier Size: 98
f(n) = 41.0 (Expanded Nodes: 128, Evaluated States: 230, Time: 0.09) Frontier Size: 102
f(n) = 42.0 (Expanded Nodes: 132, Evaluated States: 238, Time: 0.09) Frontier Size: 106
f(n) = 43.0 (Expanded Nodes: 136, Evaluated States: 246, Time: 0.091) Frontier Size: 110
f(n) = 44.0 (Expanded Nodes: 140, Evaluated States: 254, Time: 0.091) Frontier Size: 114
f(n) = 45.0 (Expanded Nodes: 144, Evaluated States: 262, Time: 0.092) Frontier Size: 118
f(n) = 46.0 (Expanded Nodes: 153, Evaluated States: 279, Time: 0.098) Frontier Size: 126
f(n) = 47.0 (Expanded Nodes: 157, Evaluated States: 287, Time: 0.098) Frontier Size: 130
f(n) = 48.0 (Expanded Nodes: 161, Evaluated States: 295, Time: 0.098) Frontier Size: 134
f(n) = 49.0 (Expanded Nodes: 165, Evaluated States: 303, Time: 0.099) Frontier Size: 138
f(n) = 50.0 (Expanded Nodes: 169, Evaluated States: 311, Time: 0.099) Frontier Size: 142
f(n) = 51.0 (Expanded Nodes: 173, Evaluated States: 319, Time: 0.099) Frontier Size: 146
f(n) = 52.0 (Expanded Nodes: 177, Evaluated States: 327, Time: 0.1) Frontier Size: 150
f(n) = 53.0 (Expanded Nodes: 181, Evaluated States: 335, Time: 0.1) Frontier Size: 154
f(n) = 54.0 (Expanded Nodes: 185, Evaluated States: 343, Time: 0.1) Frontier Size: 158
f(n) = 55.0 (Expanded Nodes: 189, Evaluated States: 351, Time: 0.101) Frontier Size: 162
f(n) = 56.0 (Expanded Nodes: 193, Evaluated States: 359, Time: 0.101) Frontier Size: 166
f(n) = 57.0 (Expanded Nodes: 197, Evaluated States: 367, Time: 0.113) Frontier Size: 170
f(n) = 58.0 (Expanded Nodes: 201, Evaluated States: 375, Time: 0.113) Frontier Size: 174
f(n) = 59.0 (Expanded Nodes: 205, Evaluated States: 383, Time: 0.114) Frontier Size: 178
f(n) = 60.0 (Expanded Nodes: 209, Evaluated States: 391, Time: 0.114) Frontier Size: 182
f(n) = 61.0 (Expanded Nodes: 213, Evaluated States: 399, Time: 0.114) Frontier Size: 186
f(n) = 62.0 (Expanded Nodes: 217, Evaluated States: 407, Time: 0.115) Frontier Size: 190
f(n) = 63.0 (Expanded Nodes: 221, Evaluated States: 415, Time: 0.115) Frontier Size: 194
f(n) = 64.0 (Expanded Nodes: 225, Evaluated States: 423, Time: 0.118) Frontier Size: 198
f(n) = 65.0 (Expanded Nodes: 229, Evaluated States: 431, Time: 0.118) Frontier Size: 202
Extracting plan with execution delta: 1.0
Problem Solved

Found Plan:
0: (validate_payload t0 a10 t1)
0: (sync_actions t0 t1 a10)
0: -----waiting---- [21.0]
21.0: (validate_payload t1 a16 t2)
21.0: (sync_actions t1 t2 a16)
21.0: -----waiting---- [45.0]
45.0: (validate_payload t2 a18 t3)
45.0: (sync_actions t2 t3 a18)
45.0: -----waiting---- [65.0]
65.0: (validate_payload t3 a19 t4)
65.0: (sync_actions t3 t4 a19)
65.0: (add_action a17)
65.0: (check_added_parameter_model a17)
65.0: (add_move_automata a17)
65.0: (stop_wait)
65.0: (add_action a11)
65.0: (check_added_parameter_model a11)
65.0: (add_move_automata a11)
65.0: (stop_wait)
65.0: (add_action a14)
65.0: (check_added_parameter_model a14)
65.0: (add_move_automata a14)
65.0: (stop_wait)
65.0: (add_action a3)
65.0: (add_parameter a3 sDEC1_2 integer v0)
65.0: (check_added_parameter_model a3)
65.0: (add_move_automata a3)
65.0: (stop_wait)
65.0: (add_action a4)
65.0: (check_added_parameter_model a4)
65.0: (add_move_automata a4)
65.0: (stop_wait)
65.0: (add_action a15)
65.0: (check_added_parameter_model a15)
65.0: (add_move_automata a15)
65.0: (stop_wait)
65.0: (add_action a5)
65.0: (check_added_parameter_model a5)
65.0: (add_move_automata a5)
65.0: (stop_wait)
65.0: (add_action a0)
65.0: (check_added_parameter_model a0)
65.0: (add_move_automata a0)
65.0: (stop_wait)
65.0: (add_action a1)
65.0: (check_added_parameter_model a1)
65.0: (add_move_automata a1)

Plan-Length:109
Elapsed Time: 65.0
Metric (Search):65.0
Planning Time (msec): 198
Heuristic Time (msec): 5
Search Time (msec): 182
Expanded Nodes:548
States Evaluated:838
Number of Dead-Ends detected:0
Number of Duplicates detected:482
/usr/bin/time -v timeout 600 java -Xmx64g -jar ./enhsp3.jar -o ./domain_framed_autonomy_process_reset.pddl -f ./problems/a20g6-prefix-4-a20g6_1_data/problem8.pddl -h blind -s WAStar
Domain parsed
Problem parsed
Grounding..
Grounding Time: 3298
UFX:true
|F|:9714
|X|:5
Heuristic Problem Creation
|A|:229
|P|:2
|E|:0
Delta time heuristic model:1.0
Delta time planning model:1.0
Delta time search-execution model:1.0
Delta time validation model:1
h(I):0.0
f(n) = 1.0 (Expanded Nodes: 5, Evaluated States: 6, Time: 0.025) Frontier Size: 1
f(n) = 2.0 (Expanded Nodes: 7, Evaluated States: 9, Time: 0.045) Frontier Size: 2
f(n) = 3.0 (Expanded Nodes: 9, Evaluated States: 12, Time: 0.045) Frontier Size: 3
f(n) = 4.0 (Expanded Nodes: 11, Evaluated States: 15, Time: 0.046) Frontier Size: 4
f(n) = 5.0 (Expanded Nodes: 13, Evaluated States: 18, Time: 0.046) Frontier Size: 5
f(n) = 6.0 (Expanded Nodes: 15, Evaluated States: 21, Time: 0.046) Frontier Size: 6
f(n) = 7.0 (Expanded Nodes: 17, Evaluated States: 24, Time: 0.047) Frontier Size: 7
f(n) = 8.0 (Expanded Nodes: 19, Evaluated States: 27, Time: 0.052) Frontier Size: 8
f(n) = 9.0 (Expanded Nodes: 21, Evaluated States: 30, Time: 0.053) Frontier Size: 9
f(n) = 10.0 (Expanded Nodes: 23, Evaluated States: 33, Time: 0.053) Frontier Size: 10
f(n) = 11.0 (Expanded Nodes: 25, Evaluated States: 36, Time: 0.054) Frontier Size: 11
f(n) = 12.0 (Expanded Nodes: 27, Evaluated States: 39, Time: 0.054) Frontier Size: 12
f(n) = 13.0 (Expanded Nodes: 29, Evaluated States: 42, Time: 0.054) Frontier Size: 13
f(n) = 14.0 (Expanded Nodes: 31, Evaluated States: 45, Time: 0.055) Frontier Size: 14
f(n) = 15.0 (Expanded Nodes: 33, Evaluated States: 48, Time: 0.055) Frontier Size: 15
f(n) = 16.0 (Expanded Nodes: 40, Evaluated States: 60, Time: 0.063) Frontier Size: 20
f(n) = 17.0 (Expanded Nodes: 44, Evaluated States: 68, Time: 0.064) Frontier Size: 24
f(n) = 18.0 (Expanded Nodes: 48, Evaluated States: 76, Time: 0.064) Frontier Size: 28
f(n) = 19.0 (Expanded Nodes: 52, Evaluated States: 84, Time: 0.07) Frontier Size: 32
f(n) = 20.0 (Expanded Nodes: 56, Evaluated States: 92, Time: 0.073) Frontier Size: 36
f(n) = 21.0 (Expanded Nodes: 60, Evaluated States: 100, Time: 0.074) Frontier Size: 40
f(n) = 22.0 (Expanded Nodes: 64, Evaluated States: 108, Time: 0.074) Frontier Size: 44
f(n) = 23.0 (Expanded Nodes: 68, Evaluated States: 116, Time: 0.075) Frontier Size: 48
f(n) = 24.0 (Expanded Nodes: 72, Evaluated States: 124, Time: 0.081) Frontier Size: 52
f(n) = 25.0 (Expanded Nodes: 76, Evaluated States: 132, Time: 0.081) Frontier Size: 56
f(n) = 26.0 (Expanded Nodes: 80, Evaluated States: 140, Time: 0.084) Frontier Size: 60
f(n) = 27.0 (Expanded Nodes: 84, Evaluated States: 148, Time: 0.085) Frontier Size: 64
f(n) = 28.0 (Expanded Nodes: 88, Evaluated States: 156, Time: 0.085) Frontier Size: 68
f(n) = 29.0 (Expanded Nodes: 92, Evaluated States: 164, Time: 0.086) Frontier Size: 72
f(n) = 30.0 (Expanded Nodes: 96, Evaluated States: 172, Time: 0.086) Frontier Size: 76
f(n) = 31.0 (Expanded Nodes: 100, Evaluated States: 180, Time: 0.093) Frontier Size: 80
f(n) = 32.0 (Expanded Nodes: 109, Evaluated States: 197, Time: 0.094) Frontier Size: 88
f(n) = 33.0 (Expanded Nodes: 113, Evaluated States: 205, Time: 0.094) Frontier Size: 92
f(n) = 34.0 (Expanded Nodes: 117, Evaluated States: 213, Time: 0.095) Frontier Size: 96
f(n) = 35.0 (Expanded Nodes: 121, Evaluated States: 221, Time: 0.095) Frontier Size: 100
f(n) = 36.0 (Expanded Nodes: 125, Evaluated States: 229, Time: 0.095) Frontier Size: 104
f(n) = 37.0 (Expanded Nodes: 129, Evaluated States: 237, Time: 0.096) Frontier Size: 108
f(n) = 38.0 (Expanded Nodes: 133, Evaluated States: 245, Time: 0.102) Frontier Size: 112
f(n) = 39.0 (Expanded Nodes: 137, Evaluated States: 253, Time: 0.103) Frontier Size: 116
f(n) = 40.0 (Expanded Nodes: 141, Evaluated States: 261, Time: 0.103) Frontier Size: 120
f(n) = 41.0 (Expanded Nodes: 145, Evaluated States: 269, Time: 0.103) Frontier Size: 124
f(n) = 42.0 (Expanded Nodes: 149, Evaluated States: 277, Time: 0.104) Frontier Size: 128
f(n) = 43.0 (Expanded Nodes: 153, Evaluated States: 285, Time: 0.104) Frontier Size: 132
f(n) = 44.0 (Expanded Nodes: 157, Evaluated States: 293, Time: 0.105) Frontier Size: 136
f(n) = 45.0 (Expanded Nodes: 161, Evaluated States: 301, Time: 0.105) Frontier Size: 140
f(n) = 46.0 (Expanded Nodes: 165, Evaluated States: 309, Time: 0.112) Frontier Size: 144
f(n) = 47.0 (Expanded Nodes: 169, Evaluated States: 317, Time: 0.112) Frontier Size: 148
f(n) = 48.0 (Expanded Nodes: 173, Evaluated States: 325, Time: 0.112) Frontier Size: 152
f(n) = 49.0 (Expanded Nodes: 177, Evaluated States: 333, Time: 0.113) Frontier Size: 156
f(n) = 50.0 (Expanded Nodes: 181, Evaluated States: 341, Time: 0.113) Frontier Size: 160
f(n) = 51.0 (Expanded Nodes: 185, Evaluated States: 349, Time: 0.113) Frontier Size: 164
f(n) = 52.0 (Expanded Nodes: 189, Evaluated States: 357, Time: 0.114) Frontier Size: 168
f(n) = 53.0 (Expanded Nodes: 193, Evaluated States: 365, Time: 0.114) Frontier Size: 172
f(n) = 54.0 (Expanded Nodes: 197, Evaluated States: 373, Time: 0.114) Frontier Size: 176
Extracting plan with execution delta: 1.0
Problem Solved

Found Plan:
0: (validate_payload t0 a10 t1)
0: (sync_actions t0 t1 a10)
0: -----waiting---- [15.0]
15.0: (validate_payload t1 a16 t2)
15.0: (sync_actions t1 t2 a16)
15.0: -----waiting---- [31.0]
31.0: (validate_payload t2 a18 t3)
31.0: (sync_actions t2 t3 a18)
31.0: -----waiting---- [54.0]
54.0: (validate_payload t3 a19 t4)
54.0: (sync_actions t3 t4 a19)
54.0: (add_action a17)
54.0: (check_added_parameter_model a17)
54.0: (add_move_automata a17)
54.0: (stop_wait)
54.0: (add_action a11)
54.0: (check_added_parameter_model a11)
54.0: (add_move_automata a11)
54.0: (stop_wait)
54.0: (add_action a14)
54.0: (check_added_parameter_model a14)
54.0: (add_move_automata a14)
54.0: (stop_wait)
54.0: (add_action a3)
54.0: (add_parameter a3 sDEC1_2 integer v0)
54.0: (check_added_parameter_model a3)
54.0: (add_move_automata a3)
54.0: (stop_wait)
54.0: (add_action a4)
54.0: (check_added_parameter_model a4)
54.0: (add_move_automata a4)
54.0: (stop_wait)
54.0: (add_action a15)
54.0: (check_added_parameter_model a15)
54.0: (add_move_automata a15)
54.0: (stop_wait)
54.0: (add_action a5)
54.0: (check_added_parameter_model a5)
54.0: (add_move_automata a5)
54.0: (stop_wait)
54.0: (add_action a0)
54.0: (check_added_parameter_model a0)
54.0: (add_move_automata a0)
54.0: (stop_wait)
54.0: (add_action a1)
54.0: (check_added_parameter_model a1)
54.0: (add_move_automata a1)

Plan-Length:98
Elapsed Time: 54.0
Metric (Search):54.0
Planning Time (msec): 192
Heuristic Time (msec): 8
Search Time (msec): 180
Expanded Nodes:528
States Evaluated:812
Number of Dead-Ends detected:0
Number of Duplicates detected:459
/usr/bin/time -v timeout 600 java -Xmx64g -jar ./enhsp3.jar -o ./domain_framed_autonomy_process_reset.pddl -f ./problems/a20g6-prefix-4-a20g6_1_data/problem9.pddl -h blind -s WAStar
Domain parsed
Problem parsed
Grounding..
Grounding Time: 3260
UFX:true
|F|:9714
|X|:5
Heuristic Problem Creation
|A|:229
|P|:2
|E|:0
Delta time heuristic model:1.0
Delta time planning model:1.0
Delta time search-execution model:1.0
Delta time validation model:1
h(I):0.0
f(n) = 1.0 (Expanded Nodes: 5, Evaluated States: 6, Time: 0.019) Frontier Size: 1
f(n) = 2.0 (Expanded Nodes: 7, Evaluated States: 9, Time: 0.043) Frontier Size: 2
f(n) = 3.0 (Expanded Nodes: 9, Evaluated States: 12, Time: 0.043) Frontier Size: 3
f(n) = 4.0 (Expanded Nodes: 11, Evaluated States: 15, Time: 0.053) Frontier Size: 4
f(n) = 5.0 (Expanded Nodes: 13, Evaluated States: 18, Time: 0.053) Frontier Size: 5
f(n) = 6.0 (Expanded Nodes: 15, Evaluated States: 21, Time: 0.053) Frontier Size: 6
f(n) = 7.0 (Expanded Nodes: 17, Evaluated States: 24, Time: 0.054) Frontier Size: 7
f(n) = 8.0 (Expanded Nodes: 19, Evaluated States: 27, Time: 0.054) Frontier Size: 8
f(n) = 9.0 (Expanded Nodes: 21, Evaluated States: 30, Time: 0.055) Frontier Size: 9
f(n) = 10.0 (Expanded Nodes: 23, Evaluated States: 33, Time: 0.055) Frontier Size: 10
f(n) = 11.0 (Expanded Nodes: 25, Evaluated States: 36, Time: 0.061) Frontier Size: 11
f(n) = 12.0 (Expanded Nodes: 27, Evaluated States: 39, Time: 0.061) Frontier Size: 12
f(n) = 13.0 (Expanded Nodes: 29, Evaluated States: 42, Time: 0.062) Frontier Size: 13
f(n) = 14.0 (Expanded Nodes: 31, Evaluated States: 45, Time: 0.062) Frontier Size: 14
f(n) = 15.0 (Expanded Nodes: 33, Evaluated States: 48, Time: 0.062) Frontier Size: 15
f(n) = 16.0 (Expanded Nodes: 35, Evaluated States: 51, Time: 0.063) Frontier Size: 16
f(n) = 17.0 (Expanded Nodes: 40, Evaluated States: 58, Time: 0.064) Frontier Size: 18
f(n) = 18.0 (Expanded Nodes: 42, Evaluated States: 61, Time: 0.07) Frontier Size: 19
f(n) = 19.0 (Expanded Nodes: 44, Evaluated States: 64, Time: 0.07) Frontier Size: 20
f(n) = 20.0 (Expanded Nodes: 46, Evaluated States: 67, Time: 0.07) Frontier Size: 21
f(n) = 21.0 (Expanded Nodes: 48, Evaluated States: 70, Time: 0.071) Frontier Size: 22
f(n) = 22.0 (Expanded Nodes: 50, Evaluated States: 73, Time: 0.071) Frontier Size: 23
f(n) = 23.0 (Expanded Nodes: 52, Evaluated States: 76, Time: 0.071) Frontier Size: 24
f(n) = 24.0 (Expanded Nodes: 54, Evaluated States: 79, Time: 0.072) Frontier Size: 25
f(n) = 25.0 (Expanded Nodes: 56, Evaluated States: 82, Time: 0.072) Frontier Size: 26
f(n) = 26.0 (Expanded Nodes: 58, Evaluated States: 85, Time: 0.074) Frontier Size: 27
f(n) = 27.0 (Expanded Nodes: 60, Evaluated States: 88, Time: 0.077) Frontier Size: 28
f(n) = 28.0 (Expanded Nodes: 62, Evaluated States: 91, Time: 0.078) Frontier Size: 29
f(n) = 29.0 (Expanded Nodes: 64, Evaluated States: 94, Time: 0.078) Frontier Size: 30
f(n) = 30.0 (Expanded Nodes: 69, Evaluated States: 101, Time: 0.079) Frontier Size: 32
f(n) = 31.0 (Expanded Nodes: 71, Evaluated States: 104, Time: 0.08) Frontier Size: 33
f(n) = 32.0 (Expanded Nodes: 73, Evaluated States: 107, Time: 0.08) Frontier Size: 34
f(n) = 33.0 (Expanded Nodes: 75, Evaluated States: 110, Time: 0.082) Frontier Size: 35
f(n) = 34.0 (Expanded Nodes: 77, Evaluated States: 113, Time: 0.086) Frontier Size: 36
f(n) = 35.0 (Expanded Nodes: 79, Evaluated States: 116, Time: 0.087) Frontier Size: 37
f(n) = 36.0 (Expanded Nodes: 81, Evaluated States: 119, Time: 0.087) Frontier Size: 38
f(n) = 37.0 (Expanded Nodes: 83, Evaluated States: 122, Time: 0.087) Frontier Size: 39
f(n) = 38.0 (Expanded Nodes: 85, Evaluated States: 125, Time: 0.087) Frontier Size: 40
f(n) = 39.0 (Expanded Nodes: 87, Evaluated States: 128, Time: 0.088) Frontier Size: 41
f(n) = 40.0 (Expanded Nodes: 89, Evaluated States: 131, Time: 0.088) Frontier Size: 42
f(n) = 41.0 (Expanded Nodes: 91, Evaluated States: 134, Time: 0.088) Frontier Size: 43
f(n) = 42.0 (Expanded Nodes: 93, Evaluated States: 137, Time: 0.088) Frontier Size: 44
f(n) = 43.0 (Expanded Nodes: 95, Evaluated States: 140, Time: 0.089) Frontier Size: 45
f(n) = 44.0 (Expanded Nodes: 97, Evaluated States: 143, Time: 0.089) Frontier Size: 46
f(n) = 45.0 (Expanded Nodes: 99, Evaluated States: 146, Time: 0.089) Frontier Size: 47
f(n) = 46.0 (Expanded Nodes: 101, Evaluated States: 149, Time: 0.096) Frontier Size: 48
f(n) = 47.0 (Expanded Nodes: 103, Evaluated States: 152, Time: 0.096) Frontier Size: 49
f(n) = 48.0 (Expanded Nodes: 105, Evaluated States: 155, Time: 0.096) Frontier Size: 50
f(n) = 49.0 (Expanded Nodes: 107, Evaluated States: 158, Time: 0.096) Frontier Size: 51
f(n) = 50.0 (Expanded Nodes: 109, Evaluated States: 161, Time: 0.097) Frontier Size: 52
f(n) = 51.0 (Expanded Nodes: 111, Evaluated States: 164, Time: 0.097) Frontier Size: 53
Extracting plan with execution delta: 1.0
Problem Solved

Found Plan:
0: (validate_payload t0 a10 t1)
0: (sync_actions t0 t1 a10)
0: -----waiting---- [16.0]
16.0: (validate_payload t1 a16 t2)
16.0: (sync_actions t1 t2 a16)
16.0: -----waiting---- [29.0]
29.0: (validate_payload t2 a18 t3)
29.0: (sync_actions t2 t3 a18)
29.0: -----waiting---- [51.0]
51.0: (validate_payload t3 a19 t4)
51.0: (sync_actions t3 t4 a19)
51.0: (add_action a17)
51.0: (check_added_parameter_model a17)
51.0: (add_move_automata a17)
51.0: (stop_wait)
51.0: (add_action a11)
51.0: (check_added_parameter_model a11)
51.0: (add_move_automata a11)
51.0: (stop_wait)
51.0: (add_action a14)
51.0: (check_added_parameter_model a14)
51.0: (add_move_automata a14)
51.0: (stop_wait)
51.0: (add_action a2)
51.0: (check_added_parameter_model a2)
51.0: (add_move_automata a2)
51.0: (stop_wait)
51.0: (add_action a15)
51.0: (check_added_parameter_model a15)
51.0: (add_move_automata a15)
51.0: (stop_wait)
51.0: (add_action a5)
51.0: (check_added_parameter_model a5)
51.0: (add_move_automata a5)
51.0: (stop_wait)
51.0: (add_action a0)
51.0: (check_added_parameter_model a0)
51.0: (add_move_automata a0)
51.0: (stop_wait)
51.0: (add_action a1)
51.0: (check_added_parameter_model a1)
51.0: (add_move_automata a1)

Plan-Length:90
Elapsed Time: 51.0
Metric (Search):51.0
Planning Time (msec): 131
Heuristic Time (msec): 4
Search Time (msec): 115
Expanded Nodes:190
States Evaluated:258
Number of Dead-Ends detected:0
Number of Duplicates detected:102
/usr/bin/time -v timeout 600 java -Xmx64g -jar ./enhsp3.jar -o ./domain_framed_autonomy_process_reset.pddl -f ./problems/a20g6-prefix-4-a20g6_1_data/problem10.pddl -h blind -s WAStar
Domain parsed
Problem parsed
Grounding..
Grounding Time: 3404
UFX:true
|F|:9714
|X|:5
Heuristic Problem Creation
|A|:229
|P|:2
|E|:0
Delta time heuristic model:1.0
Delta time planning model:1.0
Delta time search-execution model:1.0
Delta time validation model:1
h(I):0.0
f(n) = 1.0 (Expanded Nodes: 5, Evaluated States: 6, Time: 0.021) Frontier Size: 1
f(n) = 2.0 (Expanded Nodes: 7, Evaluated States: 9, Time: 0.04) Frontier Size: 2
f(n) = 3.0 (Expanded Nodes: 9, Evaluated States: 12, Time: 0.04) Frontier Size: 3
f(n) = 4.0 (Expanded Nodes: 11, Evaluated States: 15, Time: 0.04) Frontier Size: 4
f(n) = 5.0 (Expanded Nodes: 13, Evaluated States: 18, Time: 0.041) Frontier Size: 5
f(n) = 6.0 (Expanded Nodes: 15, Evaluated States: 21, Time: 0.041) Frontier Size: 6
f(n) = 7.0 (Expanded Nodes: 17, Evaluated States: 24, Time: 0.046) Frontier Size: 7
f(n) = 8.0 (Expanded Nodes: 19, Evaluated States: 27, Time: 0.047) Frontier Size: 8
f(n) = 9.0 (Expanded Nodes: 21, Evaluated States: 30, Time: 0.047) Frontier Size: 9
f(n) = 10.0 (Expanded Nodes: 23, Evaluated States: 33, Time: 0.048) Frontier Size: 10
f(n) = 11.0 (Expanded Nodes: 25, Evaluated States: 36, Time: 0.048) Frontier Size: 11
f(n) = 12.0 (Expanded Nodes: 27, Evaluated States: 39, Time: 0.048) Frontier Size: 12
f(n) = 13.0 (Expanded Nodes: 29, Evaluated States: 42, Time: 0.049) Frontier Size: 13
f(n) = 14.0 (Expanded Nodes: 31, Evaluated States: 45, Time: 0.053) Frontier Size: 14
f(n) = 15.0 (Expanded Nodes: 33, Evaluated States: 48, Time: 0.054) Frontier Size: 15
f(n) = 16.0 (Expanded Nodes: 35, Evaluated States: 51, Time: 0.054) Frontier Size: 16
f(n) = 17.0 (Expanded Nodes: 37, Evaluated States: 54, Time: 0.055) Frontier Size: 17
f(n) = 18.0 (Expanded Nodes: 39, Evaluated States: 57, Time: 0.055) Frontier Size: 18
f(n) = 19.0 (Expanded Nodes: 41, Evaluated States: 60, Time: 0.055) Frontier Size: 19
f(n) = 20.0 (Expanded Nodes: 43, Evaluated States: 63, Time: 0.055) Frontier Size: 20
f(n) = 21.0 (Expanded Nodes: 48, Evaluated States: 70, Time: 0.061) Frontier Size: 22
f(n) = 22.0 (Expanded Nodes: 50, Evaluated States: 73, Time: 0.061) Frontier Size: 23
f(n) = 23.0 (Expanded Nodes: 52, Evaluated States: 76, Time: 0.061) Frontier Size: 24
f(n) = 24.0 (Expanded Nodes: 54, Evaluated States: 79, Time: 0.062) Frontier Size: 25
f(n) = 25.0 (Expanded Nodes: 56, Evaluated States: 82, Time: 0.062) Frontier Size: 26
f(n) = 26.0 (Expanded Nodes: 58, Evaluated States: 85, Time: 0.062) Frontier Size: 27
f(n) = 27.0 (Expanded Nodes: 60, Evaluated States: 88, Time: 0.063) Frontier Size: 28
f(n) = 28.0 (Expanded Nodes: 62, Evaluated States: 91, Time: 0.068) Frontier Size: 29
f(n) = 29.0 (Expanded Nodes: 64, Evaluated States: 94, Time: 0.069) Frontier Size: 30
f(n) = 30.0 (Expanded Nodes: 66, Evaluated States: 97, Time: 0.069) Frontier Size: 31
f(n) = 31.0 (Expanded Nodes: 68, Evaluated States: 100, Time: 0.069) Frontier Size: 32
f(n) = 32.0 (Expanded Nodes: 70, Evaluated States: 103, Time: 0.07) Frontier Size: 33
f(n) = 33.0 (Expanded Nodes: 72, Evaluated States: 106, Time: 0.07) Frontier Size: 34
f(n) = 34.0 (Expanded Nodes: 74, Evaluated States: 109, Time: 0.07) Frontier Size: 35
f(n) = 35.0 (Expanded Nodes: 76, Evaluated States: 112, Time: 0.071) Frontier Size: 36
f(n) = 36.0 (Expanded Nodes: 78, Evaluated States: 115, Time: 0.071) Frontier Size: 37
f(n) = 37.0 (Expanded Nodes: 80, Evaluated States: 118, Time: 0.071) Frontier Size: 38
f(n) = 38.0 (Expanded Nodes: 85, Evaluated States: 125, Time: 0.077) Frontier Size: 40
f(n) = 39.0 (Expanded Nodes: 87, Evaluated States: 128, Time: 0.077) Frontier Size: 41
f(n) = 40.0 (Expanded Nodes: 89, Evaluated States: 131, Time: 0.077) Frontier Size: 42
f(n) = 41.0 (Expanded Nodes: 91, Evaluated States: 134, Time: 0.078) Frontier Size: 43
f(n) = 42.0 (Expanded Nodes: 93, Evaluated States: 137, Time: 0.078) Frontier Size: 44
f(n) = 43.0 (Expanded Nodes: 95, Evaluated States: 140, Time: 0.078) Frontier Size: 45
f(n) = 44.0 (Expanded Nodes: 97, Evaluated States: 143, Time: 0.078) Frontier Size: 46
f(n) = 45.0 (Expanded Nodes: 99, Evaluated States: 146, Time: 0.079) Frontier Size: 47
f(n) = 46.0 (Expanded Nodes: 101, Evaluated States: 149, Time: 0.079) Frontier Size: 48
f(n) = 47.0 (Expanded Nodes: 103, Evaluated States: 152, Time: 0.079) Frontier Size: 49
f(n) = 48.0 (Expanded Nodes: 105, Evaluated States: 155, Time: 0.084) Frontier Size: 50
f(n) = 49.0 (Expanded Nodes: 107, Evaluated States: 158, Time: 0.085) Frontier Size: 51
f(n) = 50.0 (Expanded Nodes: 109, Evaluated States: 161, Time: 0.085) Frontier Size: 52
Extracting plan with execution delta: 1.0
Problem Solved

Found Plan:
0: (validate_payload t0 a10 t1)
0: (sync_actions t0 t1 a10)
0: -----waiting---- [20.0]
20.0: (validate_payload t1 a16 t2)
20.0: (sync_actions t1 t2 a16)
20.0: -----waiting---- [37.0]
37.0: (validate_payload t2 a18 t3)
37.0: (sync_actions t2 t3 a18)
37.0: -----waiting---- [50.0]
50.0: (validate_payload t3 a19 t4)
50.0: (sync_actions t3 t4 a19)
50.0: (add_action a17)
50.0: (check_added_parameter_model a17)
50.0: (add_move_automata a17)
50.0: (stop_wait)
50.0: (add_action a11)
50.0: (check_added_parameter_model a11)
50.0: (add_move_automata a11)
50.0: (stop_wait)
50.0: (add_action a14)
50.0: (check_added_parameter_model a14)
50.0: (add_move_automata a14)
50.0: (stop_wait)
50.0: (add_action a2)
50.0: (check_added_parameter_model a2)
50.0: (add_move_automata a2)
50.0: (stop_wait)
50.0: (add_action a15)
50.0: (check_added_parameter_model a15)
50.0: (add_move_automata a15)
50.0: (stop_wait)
50.0: (add_action a5)
50.0: (check_added_parameter_model a5)
50.0: (add_move_automata a5)
50.0: (stop_wait)
50.0: (add_action a0)
50.0: (check_added_parameter_model a0)
50.0: (add_move_automata a0)
50.0: (stop_wait)
50.0: (add_action a1)
50.0: (check_added_parameter_model a1)
50.0: (add_move_automata a1)

Plan-Length:89
Elapsed Time: 50.0
Metric (Search):50.0
Planning Time (msec): 113
Heuristic Time (msec): 4
Search Time (msec): 102
Expanded Nodes:188
States Evaluated:255
Number of Dead-Ends detected:0
Number of Duplicates detected:101
