/usr/bin/time -v timeout 600 java -Xmx64g -jar ./enhsp3.jar -o ./domain_framed_autonomy_process_reset.pddl -f ./problems/a20g6-prefix-non-conforming-4-a20g6_3_data/problem1.pddl -h blind -s WAStar
Domain parsed
Problem parsed
Grounding..
Grounding Time: 5218
UFX:true
|F|:13559
|X|:9
Heuristic Problem Creation
|A|:519
|P|:2
|E|:0
Delta time heuristic model:1.0
Delta time planning model:1.0
Delta time search-execution model:1.0
Delta time validation model:1
h(I):0.0
f(n) = 100.0 (Expanded Nodes: 4, Evaluated States: 4, Time: 0.024) Frontier Size: 0
f(n) = 101.0 (Expanded Nodes: 5, Evaluated States: 5, Time: 0.041) Frontier Size: 0
f(n) = 102.0 (Expanded Nodes: 6, Evaluated States: 6, Time: 0.045) Frontier Size: 0
f(n) = 103.0 (Expanded Nodes: 7, Evaluated States: 7, Time: 0.046) Frontier Size: 0
f(n) = 104.0 (Expanded Nodes: 8, Evaluated States: 8, Time: 0.046) Frontier Size: 0
f(n) = 105.0 (Expanded Nodes: 9, Evaluated States: 9, Time: 0.046) Frontier Size: 0
f(n) = 106.0 (Expanded Nodes: 10, Evaluated States: 10, Time: 0.046) Frontier Size: 0
f(n) = 107.0 (Expanded Nodes: 11, Evaluated States: 11, Time: 0.046) Frontier Size: 0
f(n) = 108.0 (Expanded Nodes: 12, Evaluated States: 12, Time: 0.046) Frontier Size: 0
f(n) = 109.0 (Expanded Nodes: 13, Evaluated States: 13, Time: 0.047) Frontier Size: 0
f(n) = 110.0 (Expanded Nodes: 14, Evaluated States: 14, Time: 0.047) Frontier Size: 0
f(n) = 111.0 (Expanded Nodes: 15, Evaluated States: 15, Time: 0.047) Frontier Size: 0
f(n) = 112.0 (Expanded Nodes: 16, Evaluated States: 16, Time: 0.049) Frontier Size: 0
f(n) = 113.0 (Expanded Nodes: 17, Evaluated States: 17, Time: 0.049) Frontier Size: 0
f(n) = 114.0 (Expanded Nodes: 18, Evaluated States: 18, Time: 0.05) Frontier Size: 0
f(n) = 115.0 (Expanded Nodes: 19, Evaluated States: 19, Time: 0.05) Frontier Size: 0
f(n) = 116.0 (Expanded Nodes: 20, Evaluated States: 20, Time: 0.05) Frontier Size: 0
f(n) = 117.0 (Expanded Nodes: 21, Evaluated States: 21, Time: 0.051) Frontier Size: 0
f(n) = 118.0 (Expanded Nodes: 22, Evaluated States: 22, Time: 0.051) Frontier Size: 0
f(n) = 119.0 (Expanded Nodes: 23, Evaluated States: 23, Time: 0.051) Frontier Size: 0
f(n) = 120.0 (Expanded Nodes: 24, Evaluated States: 24, Time: 0.051) Frontier Size: 0
f(n) = 121.0 (Expanded Nodes: 25, Evaluated States: 25, Time: 0.052) Frontier Size: 0
f(n) = 122.0 (Expanded Nodes: 26, Evaluated States: 26, Time: 0.052) Frontier Size: 0
f(n) = 123.0 (Expanded Nodes: 27, Evaluated States: 27, Time: 0.052) Frontier Size: 0
f(n) = 124.0 (Expanded Nodes: 28, Evaluated States: 28, Time: 0.056) Frontier Size: 0
f(n) = 125.0 (Expanded Nodes: 29, Evaluated States: 29, Time: 0.057) Frontier Size: 0
f(n) = 225.0 (Expanded Nodes: 32, Evaluated States: 32, Time: 0.059) Frontier Size: 0
f(n) = 226.0 (Expanded Nodes: 33, Evaluated States: 33, Time: 0.06) Frontier Size: 0
f(n) = 227.0 (Expanded Nodes: 34, Evaluated States: 34, Time: 0.06) Frontier Size: 0
f(n) = 228.0 (Expanded Nodes: 35, Evaluated States: 35, Time: 0.06) Frontier Size: 0
f(n) = 229.0 (Expanded Nodes: 36, Evaluated States: 36, Time: 0.06) Frontier Size: 0
f(n) = 230.0 (Expanded Nodes: 37, Evaluated States: 37, Time: 0.06) Frontier Size: 0
f(n) = 231.0 (Expanded Nodes: 38, Evaluated States: 38, Time: 0.06) Frontier Size: 0
f(n) = 232.0 (Expanded Nodes: 39, Evaluated States: 39, Time: 0.061) Frontier Size: 0
f(n) = 233.0 (Expanded Nodes: 40, Evaluated States: 40, Time: 0.061) Frontier Size: 0
f(n) = 234.0 (Expanded Nodes: 41, Evaluated States: 41, Time: 0.061) Frontier Size: 0
f(n) = 235.0 (Expanded Nodes: 42, Evaluated States: 42, Time: 0.061) Frontier Size: 0
f(n) = 236.0 (Expanded Nodes: 43, Evaluated States: 43, Time: 0.061) Frontier Size: 0
f(n) = 237.0 (Expanded Nodes: 44, Evaluated States: 44, Time: 0.062) Frontier Size: 0
f(n) = 238.0 (Expanded Nodes: 45, Evaluated States: 45, Time: 0.062) Frontier Size: 0
f(n) = 239.0 (Expanded Nodes: 46, Evaluated States: 46, Time: 0.062) Frontier Size: 0
f(n) = 240.0 (Expanded Nodes: 47, Evaluated States: 47, Time: 0.065) Frontier Size: 0
f(n) = 241.0 (Expanded Nodes: 48, Evaluated States: 48, Time: 0.066) Frontier Size: 0
f(n) = 242.0 (Expanded Nodes: 49, Evaluated States: 49, Time: 0.07) Frontier Size: 0
f(n) = 243.0 (Expanded Nodes: 50, Evaluated States: 50, Time: 0.071) Frontier Size: 0
f(n) = 244.0 (Expanded Nodes: 51, Evaluated States: 51, Time: 0.071) Frontier Size: 0
f(n) = 344.0 (Expanded Nodes: 54, Evaluated States: 54, Time: 0.071) Frontier Size: 0
f(n) = 345.0 (Expanded Nodes: 55, Evaluated States: 55, Time: 0.072) Frontier Size: 0
f(n) = 346.0 (Expanded Nodes: 56, Evaluated States: 56, Time: 0.072) Frontier Size: 0
f(n) = 347.0 (Expanded Nodes: 57, Evaluated States: 57, Time: 0.072) Frontier Size: 0
f(n) = 348.0 (Expanded Nodes: 58, Evaluated States: 58, Time: 0.072) Frontier Size: 0
f(n) = 349.0 (Expanded Nodes: 59, Evaluated States: 59, Time: 0.072) Frontier Size: 0
f(n) = 350.0 (Expanded Nodes: 60, Evaluated States: 60, Time: 0.072) Frontier Size: 0
f(n) = 351.0 (Expanded Nodes: 61, Evaluated States: 61, Time: 0.073) Frontier Size: 0
f(n) = 352.0 (Expanded Nodes: 62, Evaluated States: 62, Time: 0.073) Frontier Size: 0
f(n) = 353.0 (Expanded Nodes: 63, Evaluated States: 63, Time: 0.073) Frontier Size: 0
f(n) = 354.0 (Expanded Nodes: 64, Evaluated States: 64, Time: 0.074) Frontier Size: 0
f(n) = 355.0 (Expanded Nodes: 65, Evaluated States: 65, Time: 0.076) Frontier Size: 0
f(n) = 356.0 (Expanded Nodes: 66, Evaluated States: 66, Time: 0.076) Frontier Size: 0
f(n) = 357.0 (Expanded Nodes: 67, Evaluated States: 67, Time: 0.076) Frontier Size: 0
f(n) = 358.0 (Expanded Nodes: 68, Evaluated States: 68, Time: 0.08) Frontier Size: 0
f(n) = 359.0 (Expanded Nodes: 69, Evaluated States: 69, Time: 0.081) Frontier Size: 0
f(n) = 360.0 (Expanded Nodes: 70, Evaluated States: 70, Time: 0.081) Frontier Size: 0
f(n) = 361.0 (Expanded Nodes: 71, Evaluated States: 71, Time: 0.081) Frontier Size: 0
f(n) = 362.0 (Expanded Nodes: 72, Evaluated States: 72, Time: 0.081) Frontier Size: 0
f(n) = 363.0 (Expanded Nodes: 73, Evaluated States: 73, Time: 0.081) Frontier Size: 0
f(n) = 364.0 (Expanded Nodes: 74, Evaluated States: 74, Time: 0.081) Frontier Size: 0
f(n) = 365.0 (Expanded Nodes: 75, Evaluated States: 75, Time: 0.081) Frontier Size: 0
f(n) = 366.0 (Expanded Nodes: 76, Evaluated States: 76, Time: 0.082) Frontier Size: 0
f(n) = 466.0 (Expanded Nodes: 79, Evaluated States: 79, Time: 0.082) Frontier Size: 0
Extracting plan with execution delta: 1.0
Problem Solved

Found Plan:
0: (validate_payload t0 a15 t1)
0: (sync_actions t0 t1 a15)
0: (reset pn)
0: -----waiting---- [25.0]
25.0: (validate_payload t1 a5 t2)
25.0: (sync_actions t1 t2 a5)
25.0: (reset pn)
25.0: -----waiting---- [44.0]
44.0: (validate_payload t2 a0 t3)
44.0: (sync_actions t2 t3 a0)
44.0: (reset pn)
44.0: -----waiting---- [66.0]
66.0: (validate_payload t3 a1 t4)
66.0: (sync_actions t3 t4 a1)
66.0: (reset pn)
66.0: (add_action a10)
66.0: (check_added_parameter_model a10)
66.0: (add_move_automata a10)
66.0: (stop_wait)
66.0: (add_action a6)
66.0: (check_added_parameter_model a6)
66.0: (add_move_automata a6)
66.0: (stop_wait)
66.0: (add_action a7)
66.0: (check_added_parameter_model a7)
66.0: (add_move_automata a7)
66.0: (stop_wait)
66.0: (add_action a8)
66.0: (check_added_parameter_model a8)
66.0: (add_move_automata a8)
66.0: (stop_wait)
66.0: (add_action a9)
66.0: (check_added_parameter_model a9)
66.0: (add_move_automata a9)
66.0: (stop_wait)
66.0: (add_action a11)
66.0: (check_added_parameter_model a11)
66.0: (add_move_automata a11)
66.0: (stop_wait)
66.0: (add_action a14)
66.0: (check_added_parameter_model a14)
66.0: (add_move_automata a14)
66.0: (stop_wait)
66.0: (add_action a2)
66.0: (check_added_parameter_model a2)
66.0: (add_move_automata a2)
66.0: (stop_wait)
66.0: (add_action a15)
66.0: (check_added_parameter_model a15)
66.0: (add_move_automata a15)
66.0: (stop_wait)
66.0: (add_action a5)
66.0: (check_added_parameter_model a5)
66.0: (add_move_automata a5)
66.0: (stop_wait)
66.0: (add_action a0)
66.0: (check_added_parameter_model a0)
66.0: (add_move_automata a0)
66.0: (stop_wait)
66.0: (add_action a1)
66.0: (check_added_parameter_model a1)
66.0: (add_move_automata a1)

Plan-Length:125
Elapsed Time: 66.0
Metric (Search):466.0
Planning Time (msec): 141
Heuristic Time (msec): 7
Search Time (msec): 125
Expanded Nodes:184
States Evaluated:201
Number of Dead-Ends detected:0
Number of Duplicates detected:70
/usr/bin/time -v timeout 600 java -Xmx64g -jar ./enhsp3.jar -o ./domain_framed_autonomy_process_reset.pddl -f ./problems/a20g6-prefix-non-conforming-4-a20g6_3_data/problem2.pddl -h blind -s WAStar
Domain parsed
Problem parsed
Grounding..
Grounding Time: 4873
UFX:true
|F|:13559
|X|:9
Heuristic Problem Creation
|A|:519
|P|:2
|E|:0
Delta time heuristic model:1.0
Delta time planning model:1.0
Delta time search-execution model:1.0
Delta time validation model:1
h(I):0.0
f(n) = 100.0 (Expanded Nodes: 4, Evaluated States: 4, Time: 0.018) Frontier Size: 0
f(n) = 101.0 (Expanded Nodes: 5, Evaluated States: 5, Time: 0.037) Frontier Size: 0
f(n) = 102.0 (Expanded Nodes: 6, Evaluated States: 6, Time: 0.037) Frontier Size: 0
f(n) = 103.0 (Expanded Nodes: 7, Evaluated States: 7, Time: 0.037) Frontier Size: 0
f(n) = 104.0 (Expanded Nodes: 8, Evaluated States: 8, Time: 0.037) Frontier Size: 0
f(n) = 105.0 (Expanded Nodes: 9, Evaluated States: 9, Time: 0.038) Frontier Size: 0
f(n) = 106.0 (Expanded Nodes: 10, Evaluated States: 10, Time: 0.038) Frontier Size: 0
f(n) = 107.0 (Expanded Nodes: 11, Evaluated States: 11, Time: 0.038) Frontier Size: 0
f(n) = 108.0 (Expanded Nodes: 12, Evaluated States: 12, Time: 0.038) Frontier Size: 0
f(n) = 109.0 (Expanded Nodes: 13, Evaluated States: 13, Time: 0.039) Frontier Size: 0
f(n) = 110.0 (Expanded Nodes: 14, Evaluated States: 14, Time: 0.039) Frontier Size: 0
f(n) = 111.0 (Expanded Nodes: 15, Evaluated States: 15, Time: 0.039) Frontier Size: 0
f(n) = 112.0 (Expanded Nodes: 16, Evaluated States: 16, Time: 0.039) Frontier Size: 0
f(n) = 113.0 (Expanded Nodes: 17, Evaluated States: 17, Time: 0.045) Frontier Size: 0
f(n) = 114.0 (Expanded Nodes: 18, Evaluated States: 18, Time: 0.048) Frontier Size: 0
f(n) = 115.0 (Expanded Nodes: 19, Evaluated States: 19, Time: 0.049) Frontier Size: 0
f(n) = 116.0 (Expanded Nodes: 20, Evaluated States: 20, Time: 0.049) Frontier Size: 0
f(n) = 117.0 (Expanded Nodes: 21, Evaluated States: 21, Time: 0.049) Frontier Size: 0
f(n) = 118.0 (Expanded Nodes: 22, Evaluated States: 22, Time: 0.049) Frontier Size: 0
f(n) = 119.0 (Expanded Nodes: 23, Evaluated States: 23, Time: 0.05) Frontier Size: 0
f(n) = 219.0 (Expanded Nodes: 26, Evaluated States: 26, Time: 0.05) Frontier Size: 0
f(n) = 220.0 (Expanded Nodes: 27, Evaluated States: 27, Time: 0.05) Frontier Size: 0
f(n) = 221.0 (Expanded Nodes: 28, Evaluated States: 28, Time: 0.051) Frontier Size: 0
f(n) = 222.0 (Expanded Nodes: 29, Evaluated States: 29, Time: 0.051) Frontier Size: 0
f(n) = 223.0 (Expanded Nodes: 30, Evaluated States: 30, Time: 0.051) Frontier Size: 0
f(n) = 224.0 (Expanded Nodes: 31, Evaluated States: 31, Time: 0.052) Frontier Size: 0
f(n) = 225.0 (Expanded Nodes: 32, Evaluated States: 32, Time: 0.052) Frontier Size: 0
f(n) = 226.0 (Expanded Nodes: 33, Evaluated States: 33, Time: 0.055) Frontier Size: 0
f(n) = 227.0 (Expanded Nodes: 34, Evaluated States: 34, Time: 0.056) Frontier Size: 0
f(n) = 228.0 (Expanded Nodes: 35, Evaluated States: 35, Time: 0.056) Frontier Size: 0
f(n) = 229.0 (Expanded Nodes: 36, Evaluated States: 36, Time: 0.056) Frontier Size: 0
f(n) = 230.0 (Expanded Nodes: 37, Evaluated States: 37, Time: 0.056) Frontier Size: 0
f(n) = 231.0 (Expanded Nodes: 38, Evaluated States: 38, Time: 0.056) Frontier Size: 0
f(n) = 232.0 (Expanded Nodes: 39, Evaluated States: 39, Time: 0.056) Frontier Size: 0
f(n) = 233.0 (Expanded Nodes: 40, Evaluated States: 40, Time: 0.057) Frontier Size: 0
f(n) = 234.0 (Expanded Nodes: 41, Evaluated States: 41, Time: 0.057) Frontier Size: 0
f(n) = 235.0 (Expanded Nodes: 42, Evaluated States: 42, Time: 0.057) Frontier Size: 0
f(n) = 236.0 (Expanded Nodes: 43, Evaluated States: 43, Time: 0.057) Frontier Size: 0
f(n) = 237.0 (Expanded Nodes: 44, Evaluated States: 44, Time: 0.057) Frontier Size: 0
f(n) = 337.0 (Expanded Nodes: 47, Evaluated States: 47, Time: 0.058) Frontier Size: 0
f(n) = 338.0 (Expanded Nodes: 48, Evaluated States: 48, Time: 0.062) Frontier Size: 0
f(n) = 339.0 (Expanded Nodes: 49, Evaluated States: 49, Time: 0.063) Frontier Size: 0
f(n) = 340.0 (Expanded Nodes: 50, Evaluated States: 50, Time: 0.063) Frontier Size: 0
f(n) = 341.0 (Expanded Nodes: 51, Evaluated States: 51, Time: 0.063) Frontier Size: 0
f(n) = 342.0 (Expanded Nodes: 52, Evaluated States: 52, Time: 0.063) Frontier Size: 0
f(n) = 343.0 (Expanded Nodes: 53, Evaluated States: 53, Time: 0.063) Frontier Size: 0
f(n) = 344.0 (Expanded Nodes: 54, Evaluated States: 54, Time: 0.064) Frontier Size: 0
f(n) = 345.0 (Expanded Nodes: 55, Evaluated States: 55, Time: 0.064) Frontier Size: 0
f(n) = 346.0 (Expanded Nodes: 56, Evaluated States: 56, Time: 0.064) Frontier Size: 0
f(n) = 347.0 (Expanded Nodes: 57, Evaluated States: 57, Time: 0.064) Frontier Size: 0
f(n) = 348.0 (Expanded Nodes: 58, Evaluated States: 58, Time: 0.064) Frontier Size: 0
f(n) = 349.0 (Expanded Nodes: 59, Evaluated States: 59, Time: 0.064) Frontier Size: 0
f(n) = 350.0 (Expanded Nodes: 60, Evaluated States: 60, Time: 0.065) Frontier Size: 0
f(n) = 351.0 (Expanded Nodes: 61, Evaluated States: 61, Time: 0.065) Frontier Size: 0
f(n) = 352.0 (Expanded Nodes: 62, Evaluated States: 62, Time: 0.065) Frontier Size: 0
f(n) = 353.0 (Expanded Nodes: 63, Evaluated States: 63, Time: 0.065) Frontier Size: 0
f(n) = 354.0 (Expanded Nodes: 64, Evaluated States: 64, Time: 0.065) Frontier Size: 0
f(n) = 355.0 (Expanded Nodes: 65, Evaluated States: 65, Time: 0.066) Frontier Size: 0
f(n) = 356.0 (Expanded Nodes: 66, Evaluated States: 66, Time: 0.066) Frontier Size: 0
f(n) = 357.0 (Expanded Nodes: 67, Evaluated States: 67, Time: 0.066) Frontier Size: 0
f(n) = 358.0 (Expanded Nodes: 68, Evaluated States: 68, Time: 0.066) Frontier Size: 0
f(n) = 359.0 (Expanded Nodes: 69, Evaluated States: 69, Time: 0.073) Frontier Size: 0
f(n) = 360.0 (Expanded Nodes: 70, Evaluated States: 70, Time: 0.074) Frontier Size: 0
f(n) = 361.0 (Expanded Nodes: 71, Evaluated States: 71, Time: 0.074) Frontier Size: 0
f(n) = 461.0 (Expanded Nodes: 74, Evaluated States: 74, Time: 0.075) Frontier Size: 0
Extracting plan with execution delta: 1.0
Problem Solved

Found Plan:
0: (validate_payload t0 a15 t1)
0: (sync_actions t0 t1 a15)
0: (reset pn)
0: -----waiting---- [19.0]
19.0: (validate_payload t1 a5 t2)
19.0: (sync_actions t1 t2 a5)
19.0: (reset pn)
19.0: -----waiting---- [37.0]
37.0: (validate_payload t2 a0 t3)
37.0: (sync_actions t2 t3 a0)
37.0: (reset pn)
37.0: -----waiting---- [61.0]
61.0: (validate_payload t3 a1 t4)
61.0: (sync_actions t3 t4 a1)
61.0: (reset pn)
61.0: (add_action a10)
61.0: (check_added_parameter_model a10)
61.0: (add_move_automata a10)
61.0: (stop_wait)
61.0: (add_action a6)
61.0: (check_added_parameter_model a6)
61.0: (add_move_automata a6)
61.0: (stop_wait)
61.0: (add_action a7)
61.0: (check_added_parameter_model a7)
61.0: (add_move_automata a7)
61.0: (stop_wait)
61.0: (add_action a8)
61.0: (check_added_parameter_model a8)
61.0: (add_move_automata a8)
61.0: (stop_wait)
61.0: (add_action a9)
61.0: (check_added_parameter_model a9)
61.0: (add_move_automata a9)
61.0: (stop_wait)
61.0: (add_action a11)
61.0: (check_added_parameter_model a11)
61.0: (add_move_automata a11)
61.0: (stop_wait)
61.0: (add_action a14)
61.0: (check_added_parameter_model a14)
61.0: (add_move_automata a14)
61.0: (stop_wait)
61.0: (add_action a2)
61.0: (check_added_parameter_model a2)
61.0: (add_move_automata a2)
61.0: (stop_wait)
61.0: (add_action a15)
61.0: (check_added_parameter_model a15)
61.0: (add_move_automata a15)
61.0: (stop_wait)
61.0: (add_action a5)
61.0: (check_added_parameter_model a5)
61.0: (add_move_automata a5)
61.0: (stop_wait)
61.0: (add_action a0)
61.0: (check_added_parameter_model a0)
61.0: (add_move_automata a0)
61.0: (stop_wait)
61.0: (add_action a1)
61.0: (check_added_parameter_model a1)
61.0: (add_move_automata a1)

Plan-Length:120
Elapsed Time: 61.0
Metric (Search):461.0
Planning Time (msec): 124
Heuristic Time (msec): 6
Search Time (msec): 112
Expanded Nodes:179
States Evaluated:196
Number of Dead-Ends detected:0
Number of Duplicates detected:70
/usr/bin/time -v timeout 600 java -Xmx64g -jar ./enhsp3.jar -o ./domain_framed_autonomy_process_reset.pddl -f ./problems/a20g6-prefix-non-conforming-4-a20g6_3_data/problem3.pddl -h blind -s WAStar
Domain parsed
Problem parsed
Grounding..
Grounding Time: 5898
UFX:true
|F|:13559
|X|:9
Heuristic Problem Creation
|A|:519
|P|:2
|E|:0
Delta time heuristic model:1.0
Delta time planning model:1.0
Delta time search-execution model:1.0
Delta time validation model:1
h(I):0.0
f(n) = 100.0 (Expanded Nodes: 4, Evaluated States: 4, Time: 0.024) Frontier Size: 0
f(n) = 101.0 (Expanded Nodes: 5, Evaluated States: 5, Time: 0.039) Frontier Size: 0
f(n) = 102.0 (Expanded Nodes: 6, Evaluated States: 6, Time: 0.039) Frontier Size: 0
f(n) = 103.0 (Expanded Nodes: 7, Evaluated States: 7, Time: 0.039) Frontier Size: 0
f(n) = 104.0 (Expanded Nodes: 8, Evaluated States: 8, Time: 0.039) Frontier Size: 0
f(n) = 105.0 (Expanded Nodes: 9, Evaluated States: 9, Time: 0.039) Frontier Size: 0
f(n) = 106.0 (Expanded Nodes: 10, Evaluated States: 10, Time: 0.04) Frontier Size: 0
f(n) = 107.0 (Expanded Nodes: 11, Evaluated States: 11, Time: 0.04) Frontier Size: 0
f(n) = 108.0 (Expanded Nodes: 12, Evaluated States: 12, Time: 0.04) Frontier Size: 0
f(n) = 109.0 (Expanded Nodes: 13, Evaluated States: 13, Time: 0.05) Frontier Size: 0
f(n) = 110.0 (Expanded Nodes: 14, Evaluated States: 14, Time: 0.051) Frontier Size: 0
f(n) = 111.0 (Expanded Nodes: 15, Evaluated States: 15, Time: 0.051) Frontier Size: 0
f(n) = 112.0 (Expanded Nodes: 16, Evaluated States: 16, Time: 0.051) Frontier Size: 0
f(n) = 113.0 (Expanded Nodes: 17, Evaluated States: 17, Time: 0.051) Frontier Size: 0
f(n) = 114.0 (Expanded Nodes: 18, Evaluated States: 18, Time: 0.052) Frontier Size: 0
f(n) = 115.0 (Expanded Nodes: 19, Evaluated States: 19, Time: 0.052) Frontier Size: 0
f(n) = 116.0 (Expanded Nodes: 20, Evaluated States: 20, Time: 0.052) Frontier Size: 0
f(n) = 117.0 (Expanded Nodes: 21, Evaluated States: 21, Time: 0.052) Frontier Size: 0
f(n) = 118.0 (Expanded Nodes: 22, Evaluated States: 22, Time: 0.052) Frontier Size: 0
f(n) = 119.0 (Expanded Nodes: 23, Evaluated States: 23, Time: 0.053) Frontier Size: 0
f(n) = 120.0 (Expanded Nodes: 24, Evaluated States: 24, Time: 0.053) Frontier Size: 0
f(n) = 121.0 (Expanded Nodes: 25, Evaluated States: 25, Time: 0.053) Frontier Size: 0
f(n) = 122.0 (Expanded Nodes: 26, Evaluated States: 26, Time: 0.053) Frontier Size: 0
f(n) = 123.0 (Expanded Nodes: 27, Evaluated States: 27, Time: 0.054) Frontier Size: 0
f(n) = 223.0 (Expanded Nodes: 30, Evaluated States: 30, Time: 0.058) Frontier Size: 0
f(n) = 224.0 (Expanded Nodes: 31, Evaluated States: 31, Time: 0.058) Frontier Size: 0
f(n) = 225.0 (Expanded Nodes: 32, Evaluated States: 32, Time: 0.059) Frontier Size: 0
f(n) = 226.0 (Expanded Nodes: 33, Evaluated States: 33, Time: 0.059) Frontier Size: 0
f(n) = 227.0 (Expanded Nodes: 34, Evaluated States: 34, Time: 0.059) Frontier Size: 0
f(n) = 228.0 (Expanded Nodes: 35, Evaluated States: 35, Time: 0.059) Frontier Size: 0
f(n) = 229.0 (Expanded Nodes: 36, Evaluated States: 36, Time: 0.059) Frontier Size: 0
f(n) = 230.0 (Expanded Nodes: 37, Evaluated States: 37, Time: 0.059) Frontier Size: 0
f(n) = 231.0 (Expanded Nodes: 38, Evaluated States: 38, Time: 0.06) Frontier Size: 0
f(n) = 232.0 (Expanded Nodes: 39, Evaluated States: 39, Time: 0.06) Frontier Size: 0
f(n) = 233.0 (Expanded Nodes: 40, Evaluated States: 40, Time: 0.06) Frontier Size: 0
f(n) = 234.0 (Expanded Nodes: 41, Evaluated States: 41, Time: 0.06) Frontier Size: 0
f(n) = 235.0 (Expanded Nodes: 42, Evaluated States: 42, Time: 0.06) Frontier Size: 0
f(n) = 236.0 (Expanded Nodes: 43, Evaluated States: 43, Time: 0.061) Frontier Size: 0
f(n) = 237.0 (Expanded Nodes: 44, Evaluated States: 44, Time: 0.061) Frontier Size: 0
f(n) = 238.0 (Expanded Nodes: 45, Evaluated States: 45, Time: 0.061) Frontier Size: 0
f(n) = 239.0 (Expanded Nodes: 46, Evaluated States: 46, Time: 0.061) Frontier Size: 0
f(n) = 240.0 (Expanded Nodes: 47, Evaluated States: 47, Time: 0.061) Frontier Size: 0
f(n) = 241.0 (Expanded Nodes: 48, Evaluated States: 48, Time: 0.062) Frontier Size: 0
f(n) = 242.0 (Expanded Nodes: 49, Evaluated States: 49, Time: 0.062) Frontier Size: 0
f(n) = 243.0 (Expanded Nodes: 50, Evaluated States: 50, Time: 0.062) Frontier Size: 0
f(n) = 343.0 (Expanded Nodes: 53, Evaluated States: 53, Time: 0.068) Frontier Size: 0
f(n) = 344.0 (Expanded Nodes: 54, Evaluated States: 54, Time: 0.068) Frontier Size: 0
f(n) = 345.0 (Expanded Nodes: 55, Evaluated States: 55, Time: 0.068) Frontier Size: 0
f(n) = 346.0 (Expanded Nodes: 56, Evaluated States: 56, Time: 0.068) Frontier Size: 0
f(n) = 347.0 (Expanded Nodes: 57, Evaluated States: 57, Time: 0.069) Frontier Size: 0
f(n) = 348.0 (Expanded Nodes: 58, Evaluated States: 58, Time: 0.069) Frontier Size: 0
f(n) = 349.0 (Expanded Nodes: 59, Evaluated States: 59, Time: 0.069) Frontier Size: 0
f(n) = 350.0 (Expanded Nodes: 60, Evaluated States: 60, Time: 0.069) Frontier Size: 0
f(n) = 351.0 (Expanded Nodes: 61, Evaluated States: 61, Time: 0.069) Frontier Size: 0
f(n) = 352.0 (Expanded Nodes: 62, Evaluated States: 62, Time: 0.069) Frontier Size: 0
f(n) = 353.0 (Expanded Nodes: 63, Evaluated States: 63, Time: 0.07) Frontier Size: 0
f(n) = 354.0 (Expanded Nodes: 64, Evaluated States: 64, Time: 0.07) Frontier Size: 0
f(n) = 355.0 (Expanded Nodes: 65, Evaluated States: 65, Time: 0.07) Frontier Size: 0
f(n) = 356.0 (Expanded Nodes: 66, Evaluated States: 66, Time: 0.07) Frontier Size: 0
f(n) = 357.0 (Expanded Nodes: 67, Evaluated States: 67, Time: 0.07) Frontier Size: 0
f(n) = 358.0 (Expanded Nodes: 68, Evaluated States: 68, Time: 0.071) Frontier Size: 0
f(n) = 458.0 (Expanded Nodes: 71, Evaluated States: 71, Time: 0.071) Frontier Size: 0
Extracting plan with execution delta: 1.0
Problem Solved

Found Plan:
0: (validate_payload t0 a15 t1)
0: (sync_actions t0 t1 a15)
0: (reset pn)
0: -----waiting---- [23.0]
23.0: (validate_payload t1 a5 t2)
23.0: (sync_actions t1 t2 a5)
23.0: (reset pn)
23.0: -----waiting---- [43.0]
43.0: (validate_payload t2 a0 t3)
43.0: (sync_actions t2 t3 a0)
43.0: (reset pn)
43.0: -----waiting---- [58.0]
58.0: (validate_payload t3 a1 t4)
58.0: (sync_actions t3 t4 a1)
58.0: (reset pn)
58.0: (add_action a10)
58.0: (check_added_parameter_model a10)
58.0: (add_move_automata a10)
58.0: (stop_wait)
58.0: (add_action a6)
58.0: (check_added_parameter_model a6)
58.0: (add_move_automata a6)
58.0: (stop_wait)
58.0: (add_action a7)
58.0: (check_added_parameter_model a7)
58.0: (add_move_automata a7)
58.0: (stop_wait)
58.0: (add_action a8)
58.0: (check_added_parameter_model a8)
58.0: (add_move_automata a8)
58.0: (stop_wait)
58.0: (add_action a9)
58.0: (check_added_parameter_model a9)
58.0: (add_move_automata a9)
58.0: (stop_wait)
58.0: (add_action a11)
58.0: (check_added_parameter_model a11)
58.0: (add_move_automata a11)
58.0: (stop_wait)
58.0: (add_action a14)
58.0: (check_added_parameter_model a14)
58.0: (add_move_automata a14)
58.0: (stop_wait)
58.0: (add_action a2)
58.0: (check_added_parameter_model a2)
58.0: (add_move_automata a2)
58.0: (stop_wait)
58.0: (add_action a15)
58.0: (check_added_parameter_model a15)
58.0: (add_move_automata a15)
58.0: (stop_wait)
58.0: (add_action a5)
58.0: (check_added_parameter_model a5)
58.0: (add_move_automata a5)
58.0: (stop_wait)
58.0: (add_action a0)
58.0: (check_added_parameter_model a0)
58.0: (add_move_automata a0)
58.0: (stop_wait)
58.0: (add_action a1)
58.0: (check_added_parameter_model a1)
58.0: (add_move_automata a1)

Plan-Length:117
Elapsed Time: 58.0
Metric (Search):458.0
Planning Time (msec): 128
Heuristic Time (msec): 5
Search Time (msec): 115
Expanded Nodes:176
States Evaluated:193
Number of Dead-Ends detected:0
Number of Duplicates detected:70
/usr/bin/time -v timeout 600 java -Xmx64g -jar ./enhsp3.jar -o ./domain_framed_autonomy_process_reset.pddl -f ./problems/a20g6-prefix-non-conforming-4-a20g6_3_data/problem4.pddl -h blind -s WAStar
Domain parsed
Problem parsed
Grounding..
Grounding Time: 4825
UFX:true
|F|:13559
|X|:9
Heuristic Problem Creation
|A|:519
|P|:2
|E|:0
Delta time heuristic model:1.0
Delta time planning model:1.0
Delta time search-execution model:1.0
Delta time validation model:1
h(I):0.0
f(n) = 100.0 (Expanded Nodes: 4, Evaluated States: 4, Time: 0.022) Frontier Size: 0
f(n) = 101.0 (Expanded Nodes: 5, Evaluated States: 5, Time: 0.052) Frontier Size: 0
f(n) = 102.0 (Expanded Nodes: 6, Evaluated States: 6, Time: 0.053) Frontier Size: 0
f(n) = 103.0 (Expanded Nodes: 7, Evaluated States: 7, Time: 0.053) Frontier Size: 0
f(n) = 104.0 (Expanded Nodes: 8, Evaluated States: 8, Time: 0.053) Frontier Size: 0
f(n) = 105.0 (Expanded Nodes: 9, Evaluated States: 9, Time: 0.053) Frontier Size: 0
f(n) = 106.0 (Expanded Nodes: 10, Evaluated States: 10, Time: 0.054) Frontier Size: 0
f(n) = 107.0 (Expanded Nodes: 11, Evaluated States: 11, Time: 0.054) Frontier Size: 0
f(n) = 108.0 (Expanded Nodes: 12, Evaluated States: 12, Time: 0.054) Frontier Size: 0
f(n) = 109.0 (Expanded Nodes: 13, Evaluated States: 13, Time: 0.054) Frontier Size: 0
f(n) = 110.0 (Expanded Nodes: 14, Evaluated States: 14, Time: 0.054) Frontier Size: 0
f(n) = 111.0 (Expanded Nodes: 15, Evaluated States: 15, Time: 0.055) Frontier Size: 0
f(n) = 112.0 (Expanded Nodes: 16, Evaluated States: 16, Time: 0.055) Frontier Size: 0
f(n) = 113.0 (Expanded Nodes: 17, Evaluated States: 17, Time: 0.055) Frontier Size: 0
f(n) = 114.0 (Expanded Nodes: 18, Evaluated States: 18, Time: 0.059) Frontier Size: 0
f(n) = 115.0 (Expanded Nodes: 19, Evaluated States: 19, Time: 0.06) Frontier Size: 0
f(n) = 116.0 (Expanded Nodes: 20, Evaluated States: 20, Time: 0.06) Frontier Size: 0
f(n) = 117.0 (Expanded Nodes: 21, Evaluated States: 21, Time: 0.06) Frontier Size: 0
f(n) = 118.0 (Expanded Nodes: 22, Evaluated States: 22, Time: 0.06) Frontier Size: 0
f(n) = 119.0 (Expanded Nodes: 23, Evaluated States: 23, Time: 0.06) Frontier Size: 0
f(n) = 219.0 (Expanded Nodes: 26, Evaluated States: 26, Time: 0.061) Frontier Size: 0
f(n) = 220.0 (Expanded Nodes: 27, Evaluated States: 27, Time: 0.061) Frontier Size: 0
f(n) = 221.0 (Expanded Nodes: 28, Evaluated States: 28, Time: 0.061) Frontier Size: 0
f(n) = 222.0 (Expanded Nodes: 29, Evaluated States: 29, Time: 0.062) Frontier Size: 0
f(n) = 223.0 (Expanded Nodes: 30, Evaluated States: 30, Time: 0.062) Frontier Size: 0
f(n) = 224.0 (Expanded Nodes: 31, Evaluated States: 31, Time: 0.062) Frontier Size: 0
f(n) = 225.0 (Expanded Nodes: 32, Evaluated States: 32, Time: 0.066) Frontier Size: 0
f(n) = 226.0 (Expanded Nodes: 33, Evaluated States: 33, Time: 0.067) Frontier Size: 0
f(n) = 227.0 (Expanded Nodes: 34, Evaluated States: 34, Time: 0.067) Frontier Size: 0
f(n) = 228.0 (Expanded Nodes: 35, Evaluated States: 35, Time: 0.067) Frontier Size: 0
f(n) = 229.0 (Expanded Nodes: 36, Evaluated States: 36, Time: 0.067) Frontier Size: 0
f(n) = 230.0 (Expanded Nodes: 37, Evaluated States: 37, Time: 0.067) Frontier Size: 0
f(n) = 231.0 (Expanded Nodes: 38, Evaluated States: 38, Time: 0.068) Frontier Size: 0
f(n) = 232.0 (Expanded Nodes: 39, Evaluated States: 39, Time: 0.068) Frontier Size: 0
f(n) = 233.0 (Expanded Nodes: 40, Evaluated States: 40, Time: 0.068) Frontier Size: 0
f(n) = 234.0 (Expanded Nodes: 41, Evaluated States: 41, Time: 0.068) Frontier Size: 0
f(n) = 235.0 (Expanded Nodes: 42, Evaluated States: 42, Time: 0.068) Frontier Size: 0
f(n) = 236.0 (Expanded Nodes: 43, Evaluated States: 43, Time: 0.068) Frontier Size: 0
f(n) = 237.0 (Expanded Nodes: 44, Evaluated States: 44, Time: 0.069) Frontier Size: 0
f(n) = 238.0 (Expanded Nodes: 45, Evaluated States: 45, Time: 0.069) Frontier Size: 0
f(n) = 239.0 (Expanded Nodes: 46, Evaluated States: 46, Time: 0.069) Frontier Size: 0
f(n) = 240.0 (Expanded Nodes: 47, Evaluated States: 47, Time: 0.072) Frontier Size: 0
f(n) = 241.0 (Expanded Nodes: 48, Evaluated States: 48, Time: 0.072) Frontier Size: 0
f(n) = 242.0 (Expanded Nodes: 49, Evaluated States: 49, Time: 0.073) Frontier Size: 0
f(n) = 342.0 (Expanded Nodes: 52, Evaluated States: 52, Time: 0.075) Frontier Size: 0
f(n) = 343.0 (Expanded Nodes: 53, Evaluated States: 53, Time: 0.076) Frontier Size: 0
f(n) = 344.0 (Expanded Nodes: 54, Evaluated States: 54, Time: 0.076) Frontier Size: 0
f(n) = 345.0 (Expanded Nodes: 55, Evaluated States: 55, Time: 0.076) Frontier Size: 0
f(n) = 346.0 (Expanded Nodes: 56, Evaluated States: 56, Time: 0.076) Frontier Size: 0
f(n) = 347.0 (Expanded Nodes: 57, Evaluated States: 57, Time: 0.076) Frontier Size: 0
f(n) = 348.0 (Expanded Nodes: 58, Evaluated States: 58, Time: 0.076) Frontier Size: 0
f(n) = 349.0 (Expanded Nodes: 59, Evaluated States: 59, Time: 0.077) Frontier Size: 0
f(n) = 350.0 (Expanded Nodes: 60, Evaluated States: 60, Time: 0.077) Frontier Size: 0
f(n) = 351.0 (Expanded Nodes: 61, Evaluated States: 61, Time: 0.077) Frontier Size: 0
f(n) = 352.0 (Expanded Nodes: 62, Evaluated States: 62, Time: 0.081) Frontier Size: 0
f(n) = 353.0 (Expanded Nodes: 63, Evaluated States: 63, Time: 0.081) Frontier Size: 0
f(n) = 354.0 (Expanded Nodes: 64, Evaluated States: 64, Time: 0.081) Frontier Size: 0
f(n) = 355.0 (Expanded Nodes: 65, Evaluated States: 65, Time: 0.081) Frontier Size: 0
f(n) = 356.0 (Expanded Nodes: 66, Evaluated States: 66, Time: 0.081) Frontier Size: 0
f(n) = 357.0 (Expanded Nodes: 67, Evaluated States: 67, Time: 0.082) Frontier Size: 0
f(n) = 358.0 (Expanded Nodes: 68, Evaluated States: 68, Time: 0.082) Frontier Size: 0
f(n) = 359.0 (Expanded Nodes: 69, Evaluated States: 69, Time: 0.082) Frontier Size: 0
f(n) = 360.0 (Expanded Nodes: 70, Evaluated States: 70, Time: 0.082) Frontier Size: 0
f(n) = 361.0 (Expanded Nodes: 71, Evaluated States: 71, Time: 0.082) Frontier Size: 0
f(n) = 461.0 (Expanded Nodes: 74, Evaluated States: 74, Time: 0.082) Frontier Size: 0
Extracting plan with execution delta: 1.0
Problem Solved

Found Plan:
0: (validate_payload t0 a15 t1)
0: (sync_actions t0 t1 a15)
0: (reset pn)
0: -----waiting---- [19.0]
19.0: (validate_payload t1 a5 t2)
19.0: (sync_actions t1 t2 a5)
19.0: (reset pn)
19.0: -----waiting---- [42.0]
42.0: (validate_payload t2 a0 t3)
42.0: (sync_actions t2 t3 a0)
42.0: (reset pn)
42.0: -----waiting---- [61.0]
61.0: (validate_payload t3 a1 t4)
61.0: (sync_actions t3 t4 a1)
61.0: (reset pn)
61.0: (add_action a10)
61.0: (check_added_parameter_model a10)
61.0: (add_move_automata a10)
61.0: (stop_wait)
61.0: (add_action a6)
61.0: (check_added_parameter_model a6)
61.0: (add_move_automata a6)
61.0: (stop_wait)
61.0: (add_action a7)
61.0: (check_added_parameter_model a7)
61.0: (add_move_automata a7)
61.0: (stop_wait)
61.0: (add_action a8)
61.0: (check_added_parameter_model a8)
61.0: (add_move_automata a8)
61.0: (stop_wait)
61.0: (add_action a9)
61.0: (check_added_parameter_model a9)
61.0: (add_move_automata a9)
61.0: (stop_wait)
61.0: (add_action a11)
61.0: (check_added_parameter_model a11)
61.0: (add_move_automata a11)
61.0: (stop_wait)
61.0: (add_action a14)
61.0: (check_added_parameter_model a14)
61.0: (add_move_automata a14)
61.0: (stop_wait)
61.0: (add_action a2)
61.0: (check_added_parameter_model a2)
61.0: (add_move_automata a2)
61.0: (stop_wait)
61.0: (add_action a15)
61.0: (check_added_parameter_model a15)
61.0: (add_move_automata a15)
61.0: (stop_wait)
61.0: (add_action a5)
61.0: (check_added_parameter_model a5)
61.0: (add_move_automata a5)
61.0: (stop_wait)
61.0: (add_action a0)
61.0: (check_added_parameter_model a0)
61.0: (add_move_automata a0)
61.0: (stop_wait)
61.0: (add_action a1)
61.0: (check_added_parameter_model a1)
61.0: (add_move_automata a1)

Plan-Length:120
Elapsed Time: 61.0
Metric (Search):461.0
Planning Time (msec): 132
Heuristic Time (msec): 6
Search Time (msec): 124
Expanded Nodes:179
States Evaluated:196
Number of Dead-Ends detected:0
Number of Duplicates detected:70
/usr/bin/time -v timeout 600 java -Xmx64g -jar ./enhsp3.jar -o ./domain_framed_autonomy_process_reset.pddl -f ./problems/a20g6-prefix-non-conforming-4-a20g6_3_data/problem5.pddl -h blind -s WAStar
Domain parsed
Problem parsed
Grounding..
Grounding Time: 4829
UFX:true
|F|:13559
|X|:9
Heuristic Problem Creation
|A|:519
|P|:2
|E|:0
Delta time heuristic model:1.0
Delta time planning model:1.0
Delta time search-execution model:1.0
Delta time validation model:1
h(I):0.0
f(n) = 100.0 (Expanded Nodes: 4, Evaluated States: 4, Time: 0.022) Frontier Size: 0
f(n) = 101.0 (Expanded Nodes: 5, Evaluated States: 5, Time: 0.041) Frontier Size: 0
f(n) = 102.0 (Expanded Nodes: 6, Evaluated States: 6, Time: 0.042) Frontier Size: 0
f(n) = 103.0 (Expanded Nodes: 7, Evaluated States: 7, Time: 0.042) Frontier Size: 0
f(n) = 104.0 (Expanded Nodes: 8, Evaluated States: 8, Time: 0.042) Frontier Size: 0
f(n) = 105.0 (Expanded Nodes: 9, Evaluated States: 9, Time: 0.042) Frontier Size: 0
f(n) = 106.0 (Expanded Nodes: 10, Evaluated States: 10, Time: 0.043) Frontier Size: 0
f(n) = 107.0 (Expanded Nodes: 11, Evaluated States: 11, Time: 0.043) Frontier Size: 0
f(n) = 108.0 (Expanded Nodes: 12, Evaluated States: 12, Time: 0.043) Frontier Size: 0
f(n) = 109.0 (Expanded Nodes: 13, Evaluated States: 13, Time: 0.043) Frontier Size: 0
f(n) = 110.0 (Expanded Nodes: 14, Evaluated States: 14, Time: 0.043) Frontier Size: 0
f(n) = 111.0 (Expanded Nodes: 15, Evaluated States: 15, Time: 0.044) Frontier Size: 0
f(n) = 112.0 (Expanded Nodes: 16, Evaluated States: 16, Time: 0.044) Frontier Size: 0
f(n) = 113.0 (Expanded Nodes: 17, Evaluated States: 17, Time: 0.044) Frontier Size: 0
f(n) = 114.0 (Expanded Nodes: 18, Evaluated States: 18, Time: 0.044) Frontier Size: 0
f(n) = 115.0 (Expanded Nodes: 19, Evaluated States: 19, Time: 0.052) Frontier Size: 0
f(n) = 116.0 (Expanded Nodes: 20, Evaluated States: 20, Time: 0.052) Frontier Size: 0
f(n) = 117.0 (Expanded Nodes: 21, Evaluated States: 21, Time: 0.052) Frontier Size: 0
f(n) = 118.0 (Expanded Nodes: 22, Evaluated States: 22, Time: 0.052) Frontier Size: 0
f(n) = 218.0 (Expanded Nodes: 25, Evaluated States: 25, Time: 0.053) Frontier Size: 0
f(n) = 219.0 (Expanded Nodes: 26, Evaluated States: 26, Time: 0.053) Frontier Size: 0
f(n) = 220.0 (Expanded Nodes: 27, Evaluated States: 27, Time: 0.053) Frontier Size: 0
f(n) = 221.0 (Expanded Nodes: 28, Evaluated States: 28, Time: 0.054) Frontier Size: 0
f(n) = 222.0 (Expanded Nodes: 29, Evaluated States: 29, Time: 0.054) Frontier Size: 0
f(n) = 223.0 (Expanded Nodes: 30, Evaluated States: 30, Time: 0.054) Frontier Size: 0
f(n) = 224.0 (Expanded Nodes: 31, Evaluated States: 31, Time: 0.054) Frontier Size: 0
f(n) = 225.0 (Expanded Nodes: 32, Evaluated States: 32, Time: 0.054) Frontier Size: 0
f(n) = 226.0 (Expanded Nodes: 33, Evaluated States: 33, Time: 0.055) Frontier Size: 0
f(n) = 227.0 (Expanded Nodes: 34, Evaluated States: 34, Time: 0.055) Frontier Size: 0
f(n) = 228.0 (Expanded Nodes: 35, Evaluated States: 35, Time: 0.055) Frontier Size: 0
f(n) = 229.0 (Expanded Nodes: 36, Evaluated States: 36, Time: 0.059) Frontier Size: 0
f(n) = 230.0 (Expanded Nodes: 37, Evaluated States: 37, Time: 0.059) Frontier Size: 0
f(n) = 231.0 (Expanded Nodes: 38, Evaluated States: 38, Time: 0.063) Frontier Size: 0
f(n) = 232.0 (Expanded Nodes: 39, Evaluated States: 39, Time: 0.063) Frontier Size: 0
f(n) = 233.0 (Expanded Nodes: 40, Evaluated States: 40, Time: 0.064) Frontier Size: 0
f(n) = 333.0 (Expanded Nodes: 43, Evaluated States: 43, Time: 0.064) Frontier Size: 0
f(n) = 334.0 (Expanded Nodes: 44, Evaluated States: 44, Time: 0.064) Frontier Size: 0
f(n) = 335.0 (Expanded Nodes: 45, Evaluated States: 45, Time: 0.065) Frontier Size: 0
f(n) = 336.0 (Expanded Nodes: 46, Evaluated States: 46, Time: 0.065) Frontier Size: 0
f(n) = 337.0 (Expanded Nodes: 47, Evaluated States: 47, Time: 0.065) Frontier Size: 0
f(n) = 338.0 (Expanded Nodes: 48, Evaluated States: 48, Time: 0.065) Frontier Size: 0
f(n) = 339.0 (Expanded Nodes: 49, Evaluated States: 49, Time: 0.065) Frontier Size: 0
f(n) = 340.0 (Expanded Nodes: 50, Evaluated States: 50, Time: 0.066) Frontier Size: 0
f(n) = 341.0 (Expanded Nodes: 51, Evaluated States: 51, Time: 0.066) Frontier Size: 0
f(n) = 342.0 (Expanded Nodes: 52, Evaluated States: 52, Time: 0.066) Frontier Size: 0
f(n) = 343.0 (Expanded Nodes: 53, Evaluated States: 53, Time: 0.067) Frontier Size: 0
f(n) = 344.0 (Expanded Nodes: 54, Evaluated States: 54, Time: 0.068) Frontier Size: 0
f(n) = 345.0 (Expanded Nodes: 55, Evaluated States: 55, Time: 0.071) Frontier Size: 0
f(n) = 346.0 (Expanded Nodes: 56, Evaluated States: 56, Time: 0.072) Frontier Size: 0
f(n) = 347.0 (Expanded Nodes: 57, Evaluated States: 57, Time: 0.072) Frontier Size: 0
f(n) = 348.0 (Expanded Nodes: 58, Evaluated States: 58, Time: 0.072) Frontier Size: 0
f(n) = 349.0 (Expanded Nodes: 59, Evaluated States: 59, Time: 0.072) Frontier Size: 0
f(n) = 350.0 (Expanded Nodes: 60, Evaluated States: 60, Time: 0.072) Frontier Size: 0
f(n) = 351.0 (Expanded Nodes: 61, Evaluated States: 61, Time: 0.072) Frontier Size: 0
f(n) = 352.0 (Expanded Nodes: 62, Evaluated States: 62, Time: 0.073) Frontier Size: 0
f(n) = 353.0 (Expanded Nodes: 63, Evaluated States: 63, Time: 0.073) Frontier Size: 0
f(n) = 354.0 (Expanded Nodes: 64, Evaluated States: 64, Time: 0.073) Frontier Size: 0
f(n) = 454.0 (Expanded Nodes: 67, Evaluated States: 67, Time: 0.074) Frontier Size: 0
Extracting plan with execution delta: 1.0
Problem Solved

Found Plan:
0: (validate_payload t0 a15 t1)
0: (sync_actions t0 t1 a15)
0: (reset pn)
0: -----waiting---- [18.0]
18.0: (validate_payload t1 a5 t2)
18.0: (sync_actions t1 t2 a5)
18.0: (reset pn)
18.0: -----waiting---- [33.0]
33.0: (validate_payload t2 a0 t3)
33.0: (sync_actions t2 t3 a0)
33.0: (reset pn)
33.0: -----waiting---- [54.0]
54.0: (validate_payload t3 a1 t4)
54.0: (sync_actions t3 t4 a1)
54.0: (reset pn)
54.0: (add_action a10)
54.0: (check_added_parameter_model a10)
54.0: (add_move_automata a10)
54.0: (stop_wait)
54.0: (add_action a6)
54.0: (check_added_parameter_model a6)
54.0: (add_move_automata a6)
54.0: (stop_wait)
54.0: (add_action a7)
54.0: (check_added_parameter_model a7)
54.0: (add_move_automata a7)
54.0: (stop_wait)
54.0: (add_action a8)
54.0: (check_added_parameter_model a8)
54.0: (add_move_automata a8)
54.0: (stop_wait)
54.0: (add_action a9)
54.0: (check_added_parameter_model a9)
54.0: (add_move_automata a9)
54.0: (stop_wait)
54.0: (add_action a11)
54.0: (check_added_parameter_model a11)
54.0: (add_move_automata a11)
54.0: (stop_wait)
54.0: (add_action a14)
54.0: (check_added_parameter_model a14)
54.0: (add_move_automata a14)
54.0: (stop_wait)
54.0: (add_action a2)
54.0: (check_added_parameter_model a2)
54.0: (add_move_automata a2)
54.0: (stop_wait)
54.0: (add_action a15)
54.0: (check_added_parameter_model a15)
54.0: (add_move_automata a15)
54.0: (stop_wait)
54.0: (add_action a5)
54.0: (check_added_parameter_model a5)
54.0: (add_move_automata a5)
54.0: (stop_wait)
54.0: (add_action a0)
54.0: (check_added_parameter_model a0)
54.0: (add_move_automata a0)
54.0: (stop_wait)
54.0: (add_action a1)
54.0: (check_added_parameter_model a1)
54.0: (add_move_automata a1)

Plan-Length:113
Elapsed Time: 54.0
Metric (Search):454.0
Planning Time (msec): 123
Heuristic Time (msec): 8
Search Time (msec): 113
Expanded Nodes:172
States Evaluated:189
Number of Dead-Ends detected:0
Number of Duplicates detected:70
/usr/bin/time -v timeout 600 java -Xmx64g -jar ./enhsp3.jar -o ./domain_framed_autonomy_process_reset.pddl -f ./problems/a20g6-prefix-non-conforming-4-a20g6_3_data/problem6.pddl -h blind -s WAStar
Domain parsed
Problem parsed
Grounding..
Grounding Time: 4850
UFX:true
|F|:13559
|X|:9
Heuristic Problem Creation
|A|:519
|P|:2
|E|:0
Delta time heuristic model:1.0
Delta time planning model:1.0
Delta time search-execution model:1.0
Delta time validation model:1
h(I):0.0
f(n) = 100.0 (Expanded Nodes: 4, Evaluated States: 4, Time: 0.018) Frontier Size: 0
f(n) = 101.0 (Expanded Nodes: 5, Evaluated States: 5, Time: 0.043) Frontier Size: 0
f(n) = 102.0 (Expanded Nodes: 6, Evaluated States: 6, Time: 0.043) Frontier Size: 0
f(n) = 103.0 (Expanded Nodes: 7, Evaluated States: 7, Time: 0.043) Frontier Size: 0
f(n) = 104.0 (Expanded Nodes: 8, Evaluated States: 8, Time: 0.043) Frontier Size: 0
f(n) = 105.0 (Expanded Nodes: 9, Evaluated States: 9, Time: 0.044) Frontier Size: 0
f(n) = 106.0 (Expanded Nodes: 10, Evaluated States: 10, Time: 0.044) Frontier Size: 0
f(n) = 107.0 (Expanded Nodes: 11, Evaluated States: 11, Time: 0.044) Frontier Size: 0
f(n) = 108.0 (Expanded Nodes: 12, Evaluated States: 12, Time: 0.044) Frontier Size: 0
f(n) = 109.0 (Expanded Nodes: 13, Evaluated States: 13, Time: 0.044) Frontier Size: 0
f(n) = 110.0 (Expanded Nodes: 14, Evaluated States: 14, Time: 0.045) Frontier Size: 0
f(n) = 111.0 (Expanded Nodes: 15, Evaluated States: 15, Time: 0.045) Frontier Size: 0
f(n) = 112.0 (Expanded Nodes: 16, Evaluated States: 16, Time: 0.045) Frontier Size: 0
f(n) = 113.0 (Expanded Nodes: 17, Evaluated States: 17, Time: 0.051) Frontier Size: 0
f(n) = 114.0 (Expanded Nodes: 18, Evaluated States: 18, Time: 0.052) Frontier Size: 0
f(n) = 214.0 (Expanded Nodes: 21, Evaluated States: 21, Time: 0.052) Frontier Size: 0
f(n) = 215.0 (Expanded Nodes: 22, Evaluated States: 22, Time: 0.053) Frontier Size: 0
f(n) = 216.0 (Expanded Nodes: 23, Evaluated States: 23, Time: 0.053) Frontier Size: 0
f(n) = 217.0 (Expanded Nodes: 24, Evaluated States: 24, Time: 0.053) Frontier Size: 0
f(n) = 218.0 (Expanded Nodes: 25, Evaluated States: 25, Time: 0.053) Frontier Size: 0
f(n) = 219.0 (Expanded Nodes: 26, Evaluated States: 26, Time: 0.054) Frontier Size: 0
f(n) = 220.0 (Expanded Nodes: 27, Evaluated States: 27, Time: 0.054) Frontier Size: 0
f(n) = 221.0 (Expanded Nodes: 28, Evaluated States: 28, Time: 0.054) Frontier Size: 0
f(n) = 222.0 (Expanded Nodes: 29, Evaluated States: 29, Time: 0.054) Frontier Size: 0
f(n) = 223.0 (Expanded Nodes: 30, Evaluated States: 30, Time: 0.058) Frontier Size: 0
f(n) = 224.0 (Expanded Nodes: 31, Evaluated States: 31, Time: 0.059) Frontier Size: 0
f(n) = 225.0 (Expanded Nodes: 32, Evaluated States: 32, Time: 0.059) Frontier Size: 0
f(n) = 226.0 (Expanded Nodes: 33, Evaluated States: 33, Time: 0.059) Frontier Size: 0
f(n) = 227.0 (Expanded Nodes: 34, Evaluated States: 34, Time: 0.059) Frontier Size: 0
f(n) = 228.0 (Expanded Nodes: 35, Evaluated States: 35, Time: 0.059) Frontier Size: 0
f(n) = 229.0 (Expanded Nodes: 36, Evaluated States: 36, Time: 0.06) Frontier Size: 0
f(n) = 230.0 (Expanded Nodes: 37, Evaluated States: 37, Time: 0.06) Frontier Size: 0
f(n) = 231.0 (Expanded Nodes: 38, Evaluated States: 38, Time: 0.06) Frontier Size: 0
f(n) = 232.0 (Expanded Nodes: 39, Evaluated States: 39, Time: 0.06) Frontier Size: 0
f(n) = 332.0 (Expanded Nodes: 42, Evaluated States: 42, Time: 0.061) Frontier Size: 0
f(n) = 333.0 (Expanded Nodes: 43, Evaluated States: 43, Time: 0.061) Frontier Size: 0
f(n) = 334.0 (Expanded Nodes: 44, Evaluated States: 44, Time: 0.061) Frontier Size: 0
f(n) = 335.0 (Expanded Nodes: 45, Evaluated States: 45, Time: 0.065) Frontier Size: 0
f(n) = 336.0 (Expanded Nodes: 46, Evaluated States: 46, Time: 0.066) Frontier Size: 0
f(n) = 337.0 (Expanded Nodes: 47, Evaluated States: 47, Time: 0.066) Frontier Size: 0
f(n) = 338.0 (Expanded Nodes: 48, Evaluated States: 48, Time: 0.066) Frontier Size: 0
f(n) = 339.0 (Expanded Nodes: 49, Evaluated States: 49, Time: 0.066) Frontier Size: 0
f(n) = 340.0 (Expanded Nodes: 50, Evaluated States: 50, Time: 0.066) Frontier Size: 0
f(n) = 341.0 (Expanded Nodes: 51, Evaluated States: 51, Time: 0.067) Frontier Size: 0
f(n) = 342.0 (Expanded Nodes: 52, Evaluated States: 52, Time: 0.067) Frontier Size: 0
f(n) = 343.0 (Expanded Nodes: 53, Evaluated States: 53, Time: 0.067) Frontier Size: 0
f(n) = 344.0 (Expanded Nodes: 54, Evaluated States: 54, Time: 0.067) Frontier Size: 0
f(n) = 345.0 (Expanded Nodes: 55, Evaluated States: 55, Time: 0.067) Frontier Size: 0
f(n) = 346.0 (Expanded Nodes: 56, Evaluated States: 56, Time: 0.067) Frontier Size: 0
f(n) = 446.0 (Expanded Nodes: 59, Evaluated States: 59, Time: 0.068) Frontier Size: 0
Extracting plan with execution delta: 1.0
Problem Solved

Found Plan:
0: (validate_payload t0 a15 t1)
0: (sync_actions t0 t1 a15)
0: (reset pn)
0: -----waiting---- [14.0]
14.0: (validate_payload t1 a5 t2)
14.0: (sync_actions t1 t2 a5)
14.0: (reset pn)
14.0: -----waiting---- [32.0]
32.0: (validate_payload t2 a0 t3)
32.0: (sync_actions t2 t3 a0)
32.0: (reset pn)
32.0: -----waiting---- [46.0]
46.0: (validate_payload t3 a1 t4)
46.0: (sync_actions t3 t4 a1)
46.0: (reset pn)
46.0: (add_action a10)
46.0: (check_added_parameter_model a10)
46.0: (add_move_automata a10)
46.0: (stop_wait)
46.0: (add_action a6)
46.0: (check_added_parameter_model a6)
46.0: (add_move_automata a6)
46.0: (stop_wait)
46.0: (add_action a7)
46.0: (check_added_parameter_model a7)
46.0: (add_move_automata a7)
46.0: (stop_wait)
46.0: (add_action a8)
46.0: (check_added_parameter_model a8)
46.0: (add_move_automata a8)
46.0: (stop_wait)
46.0: (add_action a9)
46.0: (check_added_parameter_model a9)
46.0: (add_move_automata a9)
46.0: (stop_wait)
46.0: (add_action a11)
46.0: (check_added_parameter_model a11)
46.0: (add_move_automata a11)
46.0: (stop_wait)
46.0: (add_action a14)
46.0: (check_added_parameter_model a14)
46.0: (add_move_automata a14)
46.0: (stop_wait)
46.0: (add_action a2)
46.0: (check_added_parameter_model a2)
46.0: (add_move_automata a2)
46.0: (stop_wait)
46.0: (add_action a15)
46.0: (check_added_parameter_model a15)
46.0: (add_move_automata a15)
46.0: (stop_wait)
46.0: (add_action a5)
46.0: (check_added_parameter_model a5)
46.0: (add_move_automata a5)
46.0: (stop_wait)
46.0: (add_action a0)
46.0: (check_added_parameter_model a0)
46.0: (add_move_automata a0)
46.0: (stop_wait)
46.0: (add_action a1)
46.0: (check_added_parameter_model a1)
46.0: (add_move_automata a1)

Plan-Length:105
Elapsed Time: 46.0
Metric (Search):446.0
Planning Time (msec): 121
Heuristic Time (msec): 8
Search Time (msec): 112
Expanded Nodes:164
States Evaluated:181
Number of Dead-Ends detected:0
Number of Duplicates detected:70
/usr/bin/time -v timeout 600 java -Xmx64g -jar ./enhsp3.jar -o ./domain_framed_autonomy_process_reset.pddl -f ./problems/a20g6-prefix-non-conforming-4-a20g6_3_data/problem7.pddl -h blind -s WAStar
Domain parsed
Problem parsed
Grounding..
Grounding Time: 4791
UFX:true
|F|:13559
|X|:9
Heuristic Problem Creation
|A|:519
|P|:2
|E|:0
Delta time heuristic model:1.0
Delta time planning model:1.0
Delta time search-execution model:1.0
Delta time validation model:1
h(I):0.0
f(n) = 100.0 (Expanded Nodes: 4, Evaluated States: 4, Time: 0.021) Frontier Size: 0
f(n) = 101.0 (Expanded Nodes: 5, Evaluated States: 5, Time: 0.049) Frontier Size: 0
f(n) = 102.0 (Expanded Nodes: 6, Evaluated States: 6, Time: 0.05) Frontier Size: 0
f(n) = 103.0 (Expanded Nodes: 7, Evaluated States: 7, Time: 0.05) Frontier Size: 0
f(n) = 104.0 (Expanded Nodes: 8, Evaluated States: 8, Time: 0.05) Frontier Size: 0
f(n) = 105.0 (Expanded Nodes: 9, Evaluated States: 9, Time: 0.05) Frontier Size: 0
f(n) = 106.0 (Expanded Nodes: 10, Evaluated States: 10, Time: 0.051) Frontier Size: 0
f(n) = 107.0 (Expanded Nodes: 11, Evaluated States: 11, Time: 0.051) Frontier Size: 0
f(n) = 108.0 (Expanded Nodes: 12, Evaluated States: 12, Time: 0.051) Frontier Size: 0
f(n) = 109.0 (Expanded Nodes: 13, Evaluated States: 13, Time: 0.056) Frontier Size: 0
f(n) = 110.0 (Expanded Nodes: 14, Evaluated States: 14, Time: 0.057) Frontier Size: 0
f(n) = 111.0 (Expanded Nodes: 15, Evaluated States: 15, Time: 0.057) Frontier Size: 0
f(n) = 112.0 (Expanded Nodes: 16, Evaluated States: 16, Time: 0.057) Frontier Size: 0
f(n) = 113.0 (Expanded Nodes: 17, Evaluated States: 17, Time: 0.057) Frontier Size: 0
f(n) = 114.0 (Expanded Nodes: 18, Evaluated States: 18, Time: 0.057) Frontier Size: 0
f(n) = 115.0 (Expanded Nodes: 19, Evaluated States: 19, Time: 0.058) Frontier Size: 0
f(n) = 116.0 (Expanded Nodes: 20, Evaluated States: 20, Time: 0.058) Frontier Size: 0
f(n) = 117.0 (Expanded Nodes: 21, Evaluated States: 21, Time: 0.058) Frontier Size: 0
f(n) = 118.0 (Expanded Nodes: 22, Evaluated States: 22, Time: 0.058) Frontier Size: 0
f(n) = 119.0 (Expanded Nodes: 23, Evaluated States: 23, Time: 0.058) Frontier Size: 0
f(n) = 120.0 (Expanded Nodes: 24, Evaluated States: 24, Time: 0.059) Frontier Size: 0
f(n) = 121.0 (Expanded Nodes: 25, Evaluated States: 25, Time: 0.059) Frontier Size: 0
f(n) = 221.0 (Expanded Nodes: 28, Evaluated States: 28, Time: 0.06) Frontier Size: 0
f(n) = 222.0 (Expanded Nodes: 29, Evaluated States: 29, Time: 0.06) Frontier Size: 0
f(n) = 223.0 (Expanded Nodes: 30, Evaluated States: 30, Time: 0.06) Frontier Size: 0
f(n) = 224.0 (Expanded Nodes: 31, Evaluated States: 31, Time: 0.064) Frontier Size: 0
f(n) = 225.0 (Expanded Nodes: 32, Evaluated States: 32, Time: 0.065) Frontier Size: 0
f(n) = 226.0 (Expanded Nodes: 33, Evaluated States: 33, Time: 0.065) Frontier Size: 0
f(n) = 227.0 (Expanded Nodes: 34, Evaluated States: 34, Time: 0.065) Frontier Size: 0
f(n) = 228.0 (Expanded Nodes: 35, Evaluated States: 35, Time: 0.069) Frontier Size: 0
f(n) = 229.0 (Expanded Nodes: 36, Evaluated States: 36, Time: 0.07) Frontier Size: 0
f(n) = 230.0 (Expanded Nodes: 37, Evaluated States: 37, Time: 0.07) Frontier Size: 0
f(n) = 231.0 (Expanded Nodes: 38, Evaluated States: 38, Time: 0.07) Frontier Size: 0
f(n) = 232.0 (Expanded Nodes: 39, Evaluated States: 39, Time: 0.07) Frontier Size: 0
f(n) = 233.0 (Expanded Nodes: 40, Evaluated States: 40, Time: 0.07) Frontier Size: 0
f(n) = 234.0 (Expanded Nodes: 41, Evaluated States: 41, Time: 0.071) Frontier Size: 0
f(n) = 235.0 (Expanded Nodes: 42, Evaluated States: 42, Time: 0.071) Frontier Size: 0
f(n) = 236.0 (Expanded Nodes: 43, Evaluated States: 43, Time: 0.071) Frontier Size: 0
f(n) = 237.0 (Expanded Nodes: 44, Evaluated States: 44, Time: 0.071) Frontier Size: 0
f(n) = 238.0 (Expanded Nodes: 45, Evaluated States: 45, Time: 0.071) Frontier Size: 0
f(n) = 239.0 (Expanded Nodes: 46, Evaluated States: 46, Time: 0.072) Frontier Size: 0
f(n) = 240.0 (Expanded Nodes: 47, Evaluated States: 47, Time: 0.072) Frontier Size: 0
f(n) = 340.0 (Expanded Nodes: 50, Evaluated States: 50, Time: 0.076) Frontier Size: 0
f(n) = 341.0 (Expanded Nodes: 51, Evaluated States: 51, Time: 0.076) Frontier Size: 0
f(n) = 342.0 (Expanded Nodes: 52, Evaluated States: 52, Time: 0.076) Frontier Size: 0
f(n) = 343.0 (Expanded Nodes: 53, Evaluated States: 53, Time: 0.076) Frontier Size: 0
f(n) = 344.0 (Expanded Nodes: 54, Evaluated States: 54, Time: 0.077) Frontier Size: 0
f(n) = 345.0 (Expanded Nodes: 55, Evaluated States: 55, Time: 0.077) Frontier Size: 0
f(n) = 346.0 (Expanded Nodes: 56, Evaluated States: 56, Time: 0.077) Frontier Size: 0
f(n) = 347.0 (Expanded Nodes: 57, Evaluated States: 57, Time: 0.077) Frontier Size: 0
f(n) = 348.0 (Expanded Nodes: 58, Evaluated States: 58, Time: 0.077) Frontier Size: 0
f(n) = 349.0 (Expanded Nodes: 59, Evaluated States: 59, Time: 0.078) Frontier Size: 0
f(n) = 350.0 (Expanded Nodes: 60, Evaluated States: 60, Time: 0.078) Frontier Size: 0
f(n) = 351.0 (Expanded Nodes: 61, Evaluated States: 61, Time: 0.078) Frontier Size: 0
f(n) = 352.0 (Expanded Nodes: 62, Evaluated States: 62, Time: 0.078) Frontier Size: 0
f(n) = 353.0 (Expanded Nodes: 63, Evaluated States: 63, Time: 0.078) Frontier Size: 0
f(n) = 354.0 (Expanded Nodes: 64, Evaluated States: 64, Time: 0.078) Frontier Size: 0
f(n) = 355.0 (Expanded Nodes: 65, Evaluated States: 65, Time: 0.079) Frontier Size: 0
f(n) = 356.0 (Expanded Nodes: 66, Evaluated States: 66, Time: 0.079) Frontier Size: 0
f(n) = 456.0 (Expanded Nodes: 69, Evaluated States: 69, Time: 0.088) Frontier Size: 0
Extracting plan with execution delta: 1.0
Problem Solved

Found Plan:
0: (validate_payload t0 a15 t1)
0: (sync_actions t0 t1 a15)
0: (reset pn)
0: -----waiting---- [21.0]
21.0: (validate_payload t1 a5 t2)
21.0: (sync_actions t1 t2 a5)
21.0: (reset pn)
21.0: -----waiting---- [40.0]
40.0: (validate_payload t2 a0 t3)
40.0: (sync_actions t2 t3 a0)
40.0: (reset pn)
40.0: -----waiting---- [56.0]
56.0: (validate_payload t3 a1 t4)
56.0: (sync_actions t3 t4 a1)
56.0: (reset pn)
56.0: (add_action a10)
56.0: (check_added_parameter_model a10)
56.0: (add_move_automata a10)
56.0: (stop_wait)
56.0: (add_action a6)
56.0: (check_added_parameter_model a6)
56.0: (add_move_automata a6)
56.0: (stop_wait)
56.0: (add_action a7)
56.0: (check_added_parameter_model a7)
56.0: (add_move_automata a7)
56.0: (stop_wait)
56.0: (add_action a8)
56.0: (check_added_parameter_model a8)
56.0: (add_move_automata a8)
56.0: (stop_wait)
56.0: (add_action a9)
56.0: (check_added_parameter_model a9)
56.0: (add_move_automata a9)
56.0: (stop_wait)
56.0: (add_action a11)
56.0: (check_added_parameter_model a11)
56.0: (add_move_automata a11)
56.0: (stop_wait)
56.0: (add_action a14)
56.0: (check_added_parameter_model a14)
56.0: (add_move_automata a14)
56.0: (stop_wait)
56.0: (add_action a2)
56.0: (check_added_parameter_model a2)
56.0: (add_move_automata a2)
56.0: (stop_wait)
56.0: (add_action a15)
56.0: (check_added_parameter_model a15)
56.0: (add_move_automata a15)
56.0: (stop_wait)
56.0: (add_action a5)
56.0: (check_added_parameter_model a5)
56.0: (add_move_automata a5)
56.0: (stop_wait)
56.0: (add_action a0)
56.0: (check_added_parameter_model a0)
56.0: (add_move_automata a0)
56.0: (stop_wait)
56.0: (add_action a1)
56.0: (check_added_parameter_model a1)
56.0: (add_move_automata a1)

Plan-Length:115
Elapsed Time: 56.0
Metric (Search):456.0
Planning Time (msec): 136
Heuristic Time (msec): 6
Search Time (msec): 125
Expanded Nodes:174
States Evaluated:191
Number of Dead-Ends detected:0
Number of Duplicates detected:70
/usr/bin/time -v timeout 600 java -Xmx64g -jar ./enhsp3.jar -o ./domain_framed_autonomy_process_reset.pddl -f ./problems/a20g6-prefix-non-conforming-4-a20g6_3_data/problem8.pddl -h blind -s WAStar
Domain parsed
Problem parsed
Grounding..
Grounding Time: 5000
UFX:true
|F|:13559
|X|:9
Heuristic Problem Creation
|A|:519
|P|:2
|E|:0
Delta time heuristic model:1.0
Delta time planning model:1.0
Delta time search-execution model:1.0
Delta time validation model:1
h(I):0.0
f(n) = 100.0 (Expanded Nodes: 4, Evaluated States: 4, Time: 0.02) Frontier Size: 0
f(n) = 101.0 (Expanded Nodes: 5, Evaluated States: 5, Time: 0.042) Frontier Size: 0
f(n) = 102.0 (Expanded Nodes: 6, Evaluated States: 6, Time: 0.043) Frontier Size: 0
f(n) = 103.0 (Expanded Nodes: 7, Evaluated States: 7, Time: 0.043) Frontier Size: 0
f(n) = 104.0 (Expanded Nodes: 8, Evaluated States: 8, Time: 0.043) Frontier Size: 0
f(n) = 105.0 (Expanded Nodes: 9, Evaluated States: 9, Time: 0.043) Frontier Size: 0
f(n) = 106.0 (Expanded Nodes: 10, Evaluated States: 10, Time: 0.044) Frontier Size: 0
f(n) = 107.0 (Expanded Nodes: 11, Evaluated States: 11, Time: 0.044) Frontier Size: 0
f(n) = 108.0 (Expanded Nodes: 12, Evaluated States: 12, Time: 0.044) Frontier Size: 0
f(n) = 109.0 (Expanded Nodes: 13, Evaluated States: 13, Time: 0.044) Frontier Size: 0
f(n) = 110.0 (Expanded Nodes: 14, Evaluated States: 14, Time: 0.044) Frontier Size: 0
f(n) = 111.0 (Expanded Nodes: 15, Evaluated States: 15, Time: 0.045) Frontier Size: 0
f(n) = 112.0 (Expanded Nodes: 16, Evaluated States: 16, Time: 0.045) Frontier Size: 0
f(n) = 113.0 (Expanded Nodes: 17, Evaluated States: 17, Time: 0.049) Frontier Size: 0
f(n) = 114.0 (Expanded Nodes: 18, Evaluated States: 18, Time: 0.05) Frontier Size: 0
f(n) = 115.0 (Expanded Nodes: 19, Evaluated States: 19, Time: 0.05) Frontier Size: 0
f(n) = 116.0 (Expanded Nodes: 20, Evaluated States: 20, Time: 0.05) Frontier Size: 0
f(n) = 216.0 (Expanded Nodes: 23, Evaluated States: 23, Time: 0.051) Frontier Size: 0
f(n) = 217.0 (Expanded Nodes: 24, Evaluated States: 24, Time: 0.051) Frontier Size: 0
f(n) = 218.0 (Expanded Nodes: 25, Evaluated States: 25, Time: 0.052) Frontier Size: 0
f(n) = 219.0 (Expanded Nodes: 26, Evaluated States: 26, Time: 0.052) Frontier Size: 0
f(n) = 220.0 (Expanded Nodes: 27, Evaluated States: 27, Time: 0.052) Frontier Size: 0
f(n) = 221.0 (Expanded Nodes: 28, Evaluated States: 28, Time: 0.052) Frontier Size: 0
f(n) = 222.0 (Expanded Nodes: 29, Evaluated States: 29, Time: 0.052) Frontier Size: 0
f(n) = 223.0 (Expanded Nodes: 30, Evaluated States: 30, Time: 0.053) Frontier Size: 0
f(n) = 224.0 (Expanded Nodes: 31, Evaluated States: 31, Time: 0.053) Frontier Size: 0
f(n) = 225.0 (Expanded Nodes: 32, Evaluated States: 32, Time: 0.053) Frontier Size: 0
f(n) = 226.0 (Expanded Nodes: 33, Evaluated States: 33, Time: 0.06) Frontier Size: 0
f(n) = 227.0 (Expanded Nodes: 34, Evaluated States: 34, Time: 0.06) Frontier Size: 0
f(n) = 228.0 (Expanded Nodes: 35, Evaluated States: 35, Time: 0.06) Frontier Size: 0
f(n) = 229.0 (Expanded Nodes: 36, Evaluated States: 36, Time: 0.06) Frontier Size: 0
f(n) = 329.0 (Expanded Nodes: 39, Evaluated States: 39, Time: 0.061) Frontier Size: 0
f(n) = 330.0 (Expanded Nodes: 40, Evaluated States: 40, Time: 0.061) Frontier Size: 0
f(n) = 331.0 (Expanded Nodes: 41, Evaluated States: 41, Time: 0.061) Frontier Size: 0
f(n) = 332.0 (Expanded Nodes: 42, Evaluated States: 42, Time: 0.061) Frontier Size: 0
f(n) = 333.0 (Expanded Nodes: 43, Evaluated States: 43, Time: 0.062) Frontier Size: 0
f(n) = 334.0 (Expanded Nodes: 44, Evaluated States: 44, Time: 0.062) Frontier Size: 0
f(n) = 335.0 (Expanded Nodes: 45, Evaluated States: 45, Time: 0.062) Frontier Size: 0
f(n) = 336.0 (Expanded Nodes: 46, Evaluated States: 46, Time: 0.062) Frontier Size: 0
f(n) = 337.0 (Expanded Nodes: 47, Evaluated States: 47, Time: 0.062) Frontier Size: 0
f(n) = 338.0 (Expanded Nodes: 48, Evaluated States: 48, Time: 0.063) Frontier Size: 0
f(n) = 339.0 (Expanded Nodes: 49, Evaluated States: 49, Time: 0.063) Frontier Size: 0
f(n) = 340.0 (Expanded Nodes: 50, Evaluated States: 50, Time: 0.063) Frontier Size: 0
f(n) = 341.0 (Expanded Nodes: 51, Evaluated States: 51, Time: 0.067) Frontier Size: 0
f(n) = 342.0 (Expanded Nodes: 52, Evaluated States: 52, Time: 0.068) Frontier Size: 0
f(n) = 343.0 (Expanded Nodes: 53, Evaluated States: 53, Time: 0.068) Frontier Size: 0
f(n) = 443.0 (Expanded Nodes: 56, Evaluated States: 56, Time: 0.068) Frontier Size: 0
Extracting plan with execution delta: 1.0
Problem Solved

Found Plan:
0: (validate_payload t0 a15 t1)
0: (sync_actions t0 t1 a15)
0: (reset pn)
0: -----waiting---- [16.0]
16.0: (validate_payload t1 a5 t2)
16.0: (sync_actions t1 t2 a5)
16.0: (reset pn)
16.0: -----waiting---- [29.0]
29.0: (validate_payload t2 a0 t3)
29.0: (sync_actions t2 t3 a0)
29.0: (reset pn)
29.0: -----waiting---- [43.0]
43.0: (validate_payload t3 a1 t4)
43.0: (sync_actions t3 t4 a1)
43.0: (reset pn)
43.0: (add_action a10)
43.0: (check_added_parameter_model a10)
43.0: (add_move_automata a10)
43.0: (stop_wait)
43.0: (add_action a6)
43.0: (check_added_parameter_model a6)
43.0: (add_move_automata a6)
43.0: (stop_wait)
43.0: (add_action a7)
43.0: (check_added_parameter_model a7)
43.0: (add_move_automata a7)
43.0: (stop_wait)
43.0: (add_action a8)
43.0: (check_added_parameter_model a8)
43.0: (add_move_automata a8)
43.0: (stop_wait)
43.0: (add_action a9)
43.0: (check_added_parameter_model a9)
43.0: (add_move_automata a9)
43.0: (stop_wait)
43.0: (add_action a11)
43.0: (check_added_parameter_model a11)
43.0: (add_move_automata a11)
43.0: (stop_wait)
43.0: (add_action a14)
43.0: (check_added_parameter_model a14)
43.0: (add_move_automata a14)
43.0: (stop_wait)
43.0: (add_action a2)
43.0: (check_added_parameter_model a2)
43.0: (add_move_automata a2)
43.0: (stop_wait)
43.0: (add_action a15)
43.0: (check_added_parameter_model a15)
43.0: (add_move_automata a15)
43.0: (stop_wait)
43.0: (add_action a5)
43.0: (check_added_parameter_model a5)
43.0: (add_move_automata a5)
43.0: (stop_wait)
43.0: (add_action a0)
43.0: (check_added_parameter_model a0)
43.0: (add_move_automata a0)
43.0: (stop_wait)
43.0: (add_action a1)
43.0: (check_added_parameter_model a1)
43.0: (add_move_automata a1)

Plan-Length:102
Elapsed Time: 43.0
Metric (Search):443.0
Planning Time (msec): 121
Heuristic Time (msec): 5
Search Time (msec): 108
Expanded Nodes:161
States Evaluated:178
Number of Dead-Ends detected:0
Number of Duplicates detected:70
/usr/bin/time -v timeout 600 java -Xmx64g -jar ./enhsp3.jar -o ./domain_framed_autonomy_process_reset.pddl -f ./problems/a20g6-prefix-non-conforming-4-a20g6_3_data/problem9.pddl -h blind -s WAStar
Domain parsed
Problem parsed
Grounding..
Grounding Time: 5398
UFX:true
|F|:13559
|X|:9
Heuristic Problem Creation
|A|:519
|P|:2
|E|:0
Delta time heuristic model:1.0
Delta time planning model:1.0
Delta time search-execution model:1.0
Delta time validation model:1
h(I):0.0
f(n) = 100.0 (Expanded Nodes: 4, Evaluated States: 4, Time: 0.019) Frontier Size: 0
f(n) = 101.0 (Expanded Nodes: 5, Evaluated States: 5, Time: 0.044) Frontier Size: 0
f(n) = 102.0 (Expanded Nodes: 6, Evaluated States: 6, Time: 0.044) Frontier Size: 0
f(n) = 103.0 (Expanded Nodes: 7, Evaluated States: 7, Time: 0.044) Frontier Size: 0
f(n) = 104.0 (Expanded Nodes: 8, Evaluated States: 8, Time: 0.045) Frontier Size: 0
f(n) = 105.0 (Expanded Nodes: 9, Evaluated States: 9, Time: 0.045) Frontier Size: 0
f(n) = 106.0 (Expanded Nodes: 10, Evaluated States: 10, Time: 0.045) Frontier Size: 0
f(n) = 107.0 (Expanded Nodes: 11, Evaluated States: 11, Time: 0.045) Frontier Size: 0
f(n) = 108.0 (Expanded Nodes: 12, Evaluated States: 12, Time: 0.046) Frontier Size: 0
f(n) = 109.0 (Expanded Nodes: 13, Evaluated States: 13, Time: 0.046) Frontier Size: 0
f(n) = 110.0 (Expanded Nodes: 14, Evaluated States: 14, Time: 0.046) Frontier Size: 0
f(n) = 111.0 (Expanded Nodes: 15, Evaluated States: 15, Time: 0.051) Frontier Size: 0
f(n) = 112.0 (Expanded Nodes: 16, Evaluated States: 16, Time: 0.052) Frontier Size: 0
f(n) = 113.0 (Expanded Nodes: 17, Evaluated States: 17, Time: 0.056) Frontier Size: 0
f(n) = 114.0 (Expanded Nodes: 18, Evaluated States: 18, Time: 0.057) Frontier Size: 0
f(n) = 115.0 (Expanded Nodes: 19, Evaluated States: 19, Time: 0.057) Frontier Size: 0
f(n) = 116.0 (Expanded Nodes: 20, Evaluated States: 20, Time: 0.057) Frontier Size: 0
f(n) = 216.0 (Expanded Nodes: 23, Evaluated States: 23, Time: 0.058) Frontier Size: 0
f(n) = 217.0 (Expanded Nodes: 24, Evaluated States: 24, Time: 0.058) Frontier Size: 0
f(n) = 218.0 (Expanded Nodes: 25, Evaluated States: 25, Time: 0.058) Frontier Size: 0
f(n) = 219.0 (Expanded Nodes: 26, Evaluated States: 26, Time: 0.059) Frontier Size: 0
f(n) = 220.0 (Expanded Nodes: 27, Evaluated States: 27, Time: 0.059) Frontier Size: 0
f(n) = 221.0 (Expanded Nodes: 28, Evaluated States: 28, Time: 0.059) Frontier Size: 0
f(n) = 222.0 (Expanded Nodes: 29, Evaluated States: 29, Time: 0.062) Frontier Size: 0
f(n) = 223.0 (Expanded Nodes: 30, Evaluated States: 30, Time: 0.066) Frontier Size: 0
f(n) = 224.0 (Expanded Nodes: 31, Evaluated States: 31, Time: 0.067) Frontier Size: 0
f(n) = 225.0 (Expanded Nodes: 32, Evaluated States: 32, Time: 0.067) Frontier Size: 0
f(n) = 226.0 (Expanded Nodes: 33, Evaluated States: 33, Time: 0.067) Frontier Size: 0
f(n) = 227.0 (Expanded Nodes: 34, Evaluated States: 34, Time: 0.067) Frontier Size: 0
f(n) = 228.0 (Expanded Nodes: 35, Evaluated States: 35, Time: 0.067) Frontier Size: 0
f(n) = 229.0 (Expanded Nodes: 36, Evaluated States: 36, Time: 0.067) Frontier Size: 0
f(n) = 230.0 (Expanded Nodes: 37, Evaluated States: 37, Time: 0.068) Frontier Size: 0
f(n) = 231.0 (Expanded Nodes: 38, Evaluated States: 38, Time: 0.068) Frontier Size: 0
f(n) = 331.0 (Expanded Nodes: 41, Evaluated States: 41, Time: 0.069) Frontier Size: 0
f(n) = 332.0 (Expanded Nodes: 42, Evaluated States: 42, Time: 0.069) Frontier Size: 0
f(n) = 333.0 (Expanded Nodes: 43, Evaluated States: 43, Time: 0.069) Frontier Size: 0
f(n) = 334.0 (Expanded Nodes: 44, Evaluated States: 44, Time: 0.07) Frontier Size: 0
f(n) = 335.0 (Expanded Nodes: 45, Evaluated States: 45, Time: 0.071) Frontier Size: 0
f(n) = 336.0 (Expanded Nodes: 46, Evaluated States: 46, Time: 0.071) Frontier Size: 0
f(n) = 337.0 (Expanded Nodes: 47, Evaluated States: 47, Time: 0.071) Frontier Size: 0
f(n) = 338.0 (Expanded Nodes: 48, Evaluated States: 48, Time: 0.071) Frontier Size: 0
f(n) = 339.0 (Expanded Nodes: 49, Evaluated States: 49, Time: 0.071) Frontier Size: 0
f(n) = 340.0 (Expanded Nodes: 50, Evaluated States: 50, Time: 0.072) Frontier Size: 0
f(n) = 341.0 (Expanded Nodes: 51, Evaluated States: 51, Time: 0.072) Frontier Size: 0
f(n) = 342.0 (Expanded Nodes: 52, Evaluated States: 52, Time: 0.072) Frontier Size: 0
f(n) = 343.0 (Expanded Nodes: 53, Evaluated States: 53, Time: 0.072) Frontier Size: 0
f(n) = 344.0 (Expanded Nodes: 54, Evaluated States: 54, Time: 0.072) Frontier Size: 0
f(n) = 345.0 (Expanded Nodes: 55, Evaluated States: 55, Time: 0.072) Frontier Size: 0
f(n) = 346.0 (Expanded Nodes: 56, Evaluated States: 56, Time: 0.073) Frontier Size: 0
f(n) = 347.0 (Expanded Nodes: 57, Evaluated States: 57, Time: 0.073) Frontier Size: 0
f(n) = 348.0 (Expanded Nodes: 58, Evaluated States: 58, Time: 0.073) Frontier Size: 0
f(n) = 349.0 (Expanded Nodes: 59, Evaluated States: 59, Time: 0.073) Frontier Size: 0
f(n) = 350.0 (Expanded Nodes: 60, Evaluated States: 60, Time: 0.073) Frontier Size: 0
f(n) = 351.0 (Expanded Nodes: 61, Evaluated States: 61, Time: 0.074) Frontier Size: 0
f(n) = 352.0 (Expanded Nodes: 62, Evaluated States: 62, Time: 0.074) Frontier Size: 0
f(n) = 353.0 (Expanded Nodes: 63, Evaluated States: 63, Time: 0.074) Frontier Size: 0
f(n) = 453.0 (Expanded Nodes: 66, Evaluated States: 66, Time: 0.083) Frontier Size: 0
Extracting plan with execution delta: 1.0
Problem Solved

Found Plan:
0: (validate_payload t0 a15 t1)
0: (sync_actions t0 t1 a15)
0: (reset pn)
0: -----waiting---- [16.0]
16.0: (validate_payload t1 a5 t2)
16.0: (sync_actions t1 t2 a5)
16.0: (reset pn)
16.0: -----waiting---- [31.0]
31.0: (validate_payload t2 a0 t3)
31.0: (sync_actions t2 t3 a0)
31.0: (reset pn)
31.0: -----waiting---- [53.0]
53.0: (validate_payload t3 a1 t4)
53.0: (sync_actions t3 t4 a1)
53.0: (reset pn)
53.0: (add_action a10)
53.0: (check_added_parameter_model a10)
53.0: (add_move_automata a10)
53.0: (stop_wait)
53.0: (add_action a6)
53.0: (check_added_parameter_model a6)
53.0: (add_move_automata a6)
53.0: (stop_wait)
53.0: (add_action a7)
53.0: (check_added_parameter_model a7)
53.0: (add_move_automata a7)
53.0: (stop_wait)
53.0: (add_action a8)
53.0: (check_added_parameter_model a8)
53.0: (add_move_automata a8)
53.0: (stop_wait)
53.0: (add_action a9)
53.0: (check_added_parameter_model a9)
53.0: (add_move_automata a9)
53.0: (stop_wait)
53.0: (add_action a11)
53.0: (check_added_parameter_model a11)
53.0: (add_move_automata a11)
53.0: (stop_wait)
53.0: (add_action a14)
53.0: (check_added_parameter_model a14)
53.0: (add_move_automata a14)
53.0: (stop_wait)
53.0: (add_action a2)
53.0: (check_added_parameter_model a2)
53.0: (add_move_automata a2)
53.0: (stop_wait)
53.0: (add_action a15)
53.0: (check_added_parameter_model a15)
53.0: (add_move_automata a15)
53.0: (stop_wait)
53.0: (add_action a5)
53.0: (check_added_parameter_model a5)
53.0: (add_move_automata a5)
53.0: (stop_wait)
53.0: (add_action a0)
53.0: (check_added_parameter_model a0)
53.0: (add_move_automata a0)
53.0: (stop_wait)
53.0: (add_action a1)
53.0: (check_added_parameter_model a1)
53.0: (add_move_automata a1)

Plan-Length:112
Elapsed Time: 53.0
Metric (Search):453.0
Planning Time (msec): 132
Heuristic Time (msec): 7
Search Time (msec): 122
Expanded Nodes:171
States Evaluated:188
Number of Dead-Ends detected:0
Number of Duplicates detected:70
/usr/bin/time -v timeout 600 java -Xmx64g -jar ./enhsp3.jar -o ./domain_framed_autonomy_process_reset.pddl -f ./problems/a20g6-prefix-non-conforming-4-a20g6_3_data/problem10.pddl -h blind -s WAStar
Domain parsed
Problem parsed
Grounding..
Grounding Time: 4870
UFX:true
|F|:13559
|X|:9
Heuristic Problem Creation
|A|:519
|P|:2
|E|:0
Delta time heuristic model:1.0
Delta time planning model:1.0
Delta time search-execution model:1.0
Delta time validation model:1
h(I):0.0
f(n) = 100.0 (Expanded Nodes: 4, Evaluated States: 4, Time: 0.021) Frontier Size: 0
f(n) = 101.0 (Expanded Nodes: 5, Evaluated States: 5, Time: 0.05) Frontier Size: 0
f(n) = 102.0 (Expanded Nodes: 6, Evaluated States: 6, Time: 0.05) Frontier Size: 0
f(n) = 103.0 (Expanded Nodes: 7, Evaluated States: 7, Time: 0.051) Frontier Size: 0
f(n) = 104.0 (Expanded Nodes: 8, Evaluated States: 8, Time: 0.051) Frontier Size: 0
f(n) = 105.0 (Expanded Nodes: 9, Evaluated States: 9, Time: 0.051) Frontier Size: 0
f(n) = 106.0 (Expanded Nodes: 10, Evaluated States: 10, Time: 0.051) Frontier Size: 0
f(n) = 107.0 (Expanded Nodes: 11, Evaluated States: 11, Time: 0.051) Frontier Size: 0
f(n) = 108.0 (Expanded Nodes: 12, Evaluated States: 12, Time: 0.052) Frontier Size: 0
f(n) = 109.0 (Expanded Nodes: 13, Evaluated States: 13, Time: 0.052) Frontier Size: 0
f(n) = 110.0 (Expanded Nodes: 14, Evaluated States: 14, Time: 0.052) Frontier Size: 0
f(n) = 111.0 (Expanded Nodes: 15, Evaluated States: 15, Time: 0.054) Frontier Size: 0
f(n) = 112.0 (Expanded Nodes: 16, Evaluated States: 16, Time: 0.054) Frontier Size: 0
f(n) = 113.0 (Expanded Nodes: 17, Evaluated States: 17, Time: 0.054) Frontier Size: 0
f(n) = 114.0 (Expanded Nodes: 18, Evaluated States: 18, Time: 0.055) Frontier Size: 0
f(n) = 115.0 (Expanded Nodes: 19, Evaluated States: 19, Time: 0.055) Frontier Size: 0
f(n) = 116.0 (Expanded Nodes: 20, Evaluated States: 20, Time: 0.055) Frontier Size: 0
f(n) = 117.0 (Expanded Nodes: 21, Evaluated States: 21, Time: 0.055) Frontier Size: 0
f(n) = 217.0 (Expanded Nodes: 24, Evaluated States: 24, Time: 0.056) Frontier Size: 0
f(n) = 218.0 (Expanded Nodes: 25, Evaluated States: 25, Time: 0.056) Frontier Size: 0
f(n) = 219.0 (Expanded Nodes: 26, Evaluated States: 26, Time: 0.057) Frontier Size: 0
f(n) = 220.0 (Expanded Nodes: 27, Evaluated States: 27, Time: 0.057) Frontier Size: 0
f(n) = 221.0 (Expanded Nodes: 28, Evaluated States: 28, Time: 0.057) Frontier Size: 0
f(n) = 222.0 (Expanded Nodes: 29, Evaluated States: 29, Time: 0.061) Frontier Size: 0
f(n) = 223.0 (Expanded Nodes: 30, Evaluated States: 30, Time: 0.062) Frontier Size: 0
f(n) = 224.0 (Expanded Nodes: 31, Evaluated States: 31, Time: 0.062) Frontier Size: 0
f(n) = 225.0 (Expanded Nodes: 32, Evaluated States: 32, Time: 0.062) Frontier Size: 0
f(n) = 226.0 (Expanded Nodes: 33, Evaluated States: 33, Time: 0.065) Frontier Size: 0
f(n) = 227.0 (Expanded Nodes: 34, Evaluated States: 34, Time: 0.066) Frontier Size: 0
f(n) = 228.0 (Expanded Nodes: 35, Evaluated States: 35, Time: 0.066) Frontier Size: 0
f(n) = 229.0 (Expanded Nodes: 36, Evaluated States: 36, Time: 0.066) Frontier Size: 0
f(n) = 230.0 (Expanded Nodes: 37, Evaluated States: 37, Time: 0.066) Frontier Size: 0
f(n) = 231.0 (Expanded Nodes: 38, Evaluated States: 38, Time: 0.066) Frontier Size: 0
f(n) = 232.0 (Expanded Nodes: 39, Evaluated States: 39, Time: 0.067) Frontier Size: 0
f(n) = 233.0 (Expanded Nodes: 40, Evaluated States: 40, Time: 0.067) Frontier Size: 0
f(n) = 234.0 (Expanded Nodes: 41, Evaluated States: 41, Time: 0.067) Frontier Size: 0
f(n) = 334.0 (Expanded Nodes: 44, Evaluated States: 44, Time: 0.068) Frontier Size: 0
f(n) = 335.0 (Expanded Nodes: 45, Evaluated States: 45, Time: 0.068) Frontier Size: 0
f(n) = 336.0 (Expanded Nodes: 46, Evaluated States: 46, Time: 0.068) Frontier Size: 0
f(n) = 337.0 (Expanded Nodes: 47, Evaluated States: 47, Time: 0.068) Frontier Size: 0
f(n) = 338.0 (Expanded Nodes: 48, Evaluated States: 48, Time: 0.072) Frontier Size: 0
f(n) = 339.0 (Expanded Nodes: 49, Evaluated States: 49, Time: 0.073) Frontier Size: 0
f(n) = 340.0 (Expanded Nodes: 50, Evaluated States: 50, Time: 0.073) Frontier Size: 0
f(n) = 341.0 (Expanded Nodes: 51, Evaluated States: 51, Time: 0.073) Frontier Size: 0
f(n) = 342.0 (Expanded Nodes: 52, Evaluated States: 52, Time: 0.073) Frontier Size: 0
f(n) = 343.0 (Expanded Nodes: 53, Evaluated States: 53, Time: 0.074) Frontier Size: 0
f(n) = 344.0 (Expanded Nodes: 54, Evaluated States: 54, Time: 0.074) Frontier Size: 0
f(n) = 345.0 (Expanded Nodes: 55, Evaluated States: 55, Time: 0.074) Frontier Size: 0
f(n) = 346.0 (Expanded Nodes: 56, Evaluated States: 56, Time: 0.074) Frontier Size: 0
f(n) = 347.0 (Expanded Nodes: 57, Evaluated States: 57, Time: 0.074) Frontier Size: 0
f(n) = 348.0 (Expanded Nodes: 58, Evaluated States: 58, Time: 0.074) Frontier Size: 0
f(n) = 349.0 (Expanded Nodes: 59, Evaluated States: 59, Time: 0.075) Frontier Size: 0
f(n) = 350.0 (Expanded Nodes: 60, Evaluated States: 60, Time: 0.075) Frontier Size: 0
f(n) = 351.0 (Expanded Nodes: 61, Evaluated States: 61, Time: 0.075) Frontier Size: 0
f(n) = 352.0 (Expanded Nodes: 62, Evaluated States: 62, Time: 0.075) Frontier Size: 0
f(n) = 353.0 (Expanded Nodes: 63, Evaluated States: 63, Time: 0.083) Frontier Size: 0
f(n) = 354.0 (Expanded Nodes: 64, Evaluated States: 64, Time: 0.083) Frontier Size: 0
f(n) = 454.0 (Expanded Nodes: 67, Evaluated States: 67, Time: 0.083) Frontier Size: 0
Extracting plan with execution delta: 1.0
Problem Solved

Found Plan:
0: (validate_payload t0 a15 t1)
0: (sync_actions t0 t1 a15)
0: (reset pn)
0: -----waiting---- [17.0]
17.0: (validate_payload t1 a5 t2)
17.0: (sync_actions t1 t2 a5)
17.0: (reset pn)
17.0: -----waiting---- [34.0]
34.0: (validate_payload t2 a0 t3)
34.0: (sync_actions t2 t3 a0)
34.0: (reset pn)
34.0: -----waiting---- [54.0]
54.0: (validate_payload t3 a1 t4)
54.0: (sync_actions t3 t4 a1)
54.0: (reset pn)
54.0: (add_action a10)
54.0: (check_added_parameter_model a10)
54.0: (add_move_automata a10)
54.0: (stop_wait)
54.0: (add_action a6)
54.0: (check_added_parameter_model a6)
54.0: (add_move_automata a6)
54.0: (stop_wait)
54.0: (add_action a7)
54.0: (check_added_parameter_model a7)
54.0: (add_move_automata a7)
54.0: (stop_wait)
54.0: (add_action a8)
54.0: (check_added_parameter_model a8)
54.0: (add_move_automata a8)
54.0: (stop_wait)
54.0: (add_action a9)
54.0: (check_added_parameter_model a9)
54.0: (add_move_automata a9)
54.0: (stop_wait)
54.0: (add_action a11)
54.0: (check_added_parameter_model a11)
54.0: (add_move_automata a11)
54.0: (stop_wait)
54.0: (add_action a14)
54.0: (check_added_parameter_model a14)
54.0: (add_move_automata a14)
54.0: (stop_wait)
54.0: (add_action a2)
54.0: (check_added_parameter_model a2)
54.0: (add_move_automata a2)
54.0: (stop_wait)
54.0: (add_action a15)
54.0: (check_added_parameter_model a15)
54.0: (add_move_automata a15)
54.0: (stop_wait)
54.0: (add_action a5)
54.0: (check_added_parameter_model a5)
54.0: (add_move_automata a5)
54.0: (stop_wait)
54.0: (add_action a0)
54.0: (check_added_parameter_model a0)
54.0: (add_move_automata a0)
54.0: (stop_wait)
54.0: (add_action a1)
54.0: (check_added_parameter_model a1)
54.0: (add_move_automata a1)

Plan-Length:113
Elapsed Time: 54.0
Metric (Search):454.0
Planning Time (msec): 136
Heuristic Time (msec): 8
Search Time (msec): 118
Expanded Nodes:172
States Evaluated:189
Number of Dead-Ends detected:0
Number of Duplicates detected:70
