Loading openjdk/17.0.8.1_1
  Loading requirement: glibc/2.35-aocc-3.2.0-wetwhfr
    gcc-runtime/12.1.0-gcc-12.1.0-uotjsm3 glibc/2.35-aocc-3.2.0-dkzxmta
	Command being timed: "timeout 600 java -Xmx64g -jar ./enhsp3.jar -o ./domain_framed_autonomy_process_reset.pddl -f ./problems/a40g17AND-prefix-non-conforming-3-a40g17AND_3_data/problem1.pddl -h blind -s WAStar -dap -dl 1500"
	User time (seconds): 227.86
	System time (seconds): 10.00
	Percent of CPU this job got: 99%
	Elapsed (wall clock) time (h:mm:ss or m:ss): 3:58.07
	Average shared text size (kbytes): 0
	Average unshared data size (kbytes): 0
	Average stack size (kbytes): 0
	Average total size (kbytes): 0
	Maximum resident set size (kbytes): 17093796
	Average resident set size (kbytes): 0
	Major (requiring I/O) page faults: 210
	Minor (reclaiming a frame) page faults: 11903905
	Voluntary context switches: 10828
	Involuntary context switches: 15156
	Swaps: 0
	File system inputs: 0
	File system outputs: 1160
	Socket messages sent: 0
	Socket messages received: 0
	Signals delivered: 0
	Page size (bytes): 4096
	Exit status: 0
	Command being timed: "timeout 600 java -Xmx64g -jar ./enhsp3.jar -o ./domain_framed_autonomy_process_reset.pddl -f ./problems/a40g17AND-prefix-non-conforming-3-a40g17AND_3_data/problem2.pddl -h blind -s WAStar -dap -dl 1500"
	User time (seconds): 228.38
	System time (seconds): 10.27
	Percent of CPU this job got: 99%
	Elapsed (wall clock) time (h:mm:ss or m:ss): 3:58.86
	Average shared text size (kbytes): 0
	Average unshared data size (kbytes): 0
	Average stack size (kbytes): 0
	Average total size (kbytes): 0
	Maximum resident set size (kbytes): 17089748
	Average resident set size (kbytes): 0
	Major (requiring I/O) page faults: 0
	Minor (reclaiming a frame) page faults: 11955813
	Voluntary context switches: 10604
	Involuntary context switches: 15093
	Swaps: 0
	File system inputs: 0
	File system outputs: 1200
	Socket messages sent: 0
	Socket messages received: 0
	Signals delivered: 0
	Page size (bytes): 4096
	Exit status: 0
	Command being timed: "timeout 600 java -Xmx64g -jar ./enhsp3.jar -o ./domain_framed_autonomy_process_reset.pddl -f ./problems/a40g17AND-prefix-non-conforming-3-a40g17AND_3_data/problem3.pddl -h blind -s WAStar -dap -dl 1500"
	User time (seconds): 228.40
	System time (seconds): 9.55
	Percent of CPU this job got: 99%
	Elapsed (wall clock) time (h:mm:ss or m:ss): 3:58.15
	Average shared text size (kbytes): 0
	Average unshared data size (kbytes): 0
	Average stack size (kbytes): 0
	Average total size (kbytes): 0
	Maximum resident set size (kbytes): 17055216
	Average resident set size (kbytes): 0
	Major (requiring I/O) page faults: 0
	Minor (reclaiming a frame) page faults: 10932498
	Voluntary context switches: 10370
	Involuntary context switches: 14360
	Swaps: 0
	File system inputs: 0
	File system outputs: 1160
	Socket messages sent: 0
	Socket messages received: 0
	Signals delivered: 0
	Page size (bytes): 4096
	Exit status: 0
	Command being timed: "timeout 600 java -Xmx64g -jar ./enhsp3.jar -o ./domain_framed_autonomy_process_reset.pddl -f ./problems/a40g17AND-prefix-non-conforming-3-a40g17AND_3_data/problem4.pddl -h blind -s WAStar -dap -dl 1500"
	User time (seconds): 228.74
	System time (seconds): 9.98
	Percent of CPU this job got: 99%
	Elapsed (wall clock) time (h:mm:ss or m:ss): 3:58.93
	Average shared text size (kbytes): 0
	Average unshared data size (kbytes): 0
	Average stack size (kbytes): 0
	Average total size (kbytes): 0
	Maximum resident set size (kbytes): 16890584
	Average resident set size (kbytes): 0
	Major (requiring I/O) page faults: 0
	Minor (reclaiming a frame) page faults: 11774044
	Voluntary context switches: 10521
	Involuntary context switches: 14606
	Swaps: 0
	File system inputs: 0
	File system outputs: 1184
	Socket messages sent: 0
	Socket messages received: 0
	Signals delivered: 0
	Page size (bytes): 4096
	Exit status: 0
	Command being timed: "timeout 600 java -Xmx64g -jar ./enhsp3.jar -o ./domain_framed_autonomy_process_reset.pddl -f ./problems/a40g17AND-prefix-non-conforming-3-a40g17AND_3_data/problem5.pddl -h blind -s WAStar -dap -dl 1500"
	User time (seconds): 227.92
	System time (seconds): 9.81
	Percent of CPU this job got: 99%
	Elapsed (wall clock) time (h:mm:ss or m:ss): 3:57.93
	Average shared text size (kbytes): 0
	Average unshared data size (kbytes): 0
	Average stack size (kbytes): 0
	Average total size (kbytes): 0
	Maximum resident set size (kbytes): 16894740
	Average resident set size (kbytes): 0
	Major (requiring I/O) page faults: 0
	Minor (reclaiming a frame) page faults: 10706494
	Voluntary context switches: 10413
	Involuntary context switches: 14743
	Swaps: 0
	File system inputs: 0
	File system outputs: 1160
	Socket messages sent: 0
	Socket messages received: 0
	Signals delivered: 0
	Page size (bytes): 4096
	Exit status: 0
	Command being timed: "timeout 600 java -Xmx64g -jar ./enhsp3.jar -o ./domain_framed_autonomy_process_reset.pddl -f ./problems/a40g17AND-prefix-non-conforming-3-a40g17AND_3_data/problem6.pddl -h blind -s WAStar -dap -dl 1500"
	User time (seconds): 228.06
	System time (seconds): 10.02
	Percent of CPU this job got: 99%
	Elapsed (wall clock) time (h:mm:ss or m:ss): 3:58.30
	Average shared text size (kbytes): 0
	Average unshared data size (kbytes): 0
	Average stack size (kbytes): 0
	Average total size (kbytes): 0
	Maximum resident set size (kbytes): 16889828
	Average resident set size (kbytes): 0
	Major (requiring I/O) page faults: 0
	Minor (reclaiming a frame) page faults: 11580415
	Voluntary context switches: 10539
	Involuntary context switches: 14779
	Swaps: 0
	File system inputs: 0
	File system outputs: 1184
	Socket messages sent: 0
	Socket messages received: 0
	Signals delivered: 0
	Page size (bytes): 4096
	Exit status: 0
	Command being timed: "timeout 600 java -Xmx64g -jar ./enhsp3.jar -o ./domain_framed_autonomy_process_reset.pddl -f ./problems/a40g17AND-prefix-non-conforming-3-a40g17AND_3_data/problem7.pddl -h blind -s WAStar -dap -dl 1500"
	User time (seconds): 228.93
	System time (seconds): 10.36
	Percent of CPU this job got: 99%
	Elapsed (wall clock) time (h:mm:ss or m:ss): 3:59.51
	Average shared text size (kbytes): 0
	Average unshared data size (kbytes): 0
	Average stack size (kbytes): 0
	Average total size (kbytes): 0
	Maximum resident set size (kbytes): 17089864
	Average resident set size (kbytes): 0
	Major (requiring I/O) page faults: 0
	Minor (reclaiming a frame) page faults: 11950876
	Voluntary context switches: 10541
	Involuntary context switches: 15008
	Swaps: 0
	File system inputs: 0
	File system outputs: 1176
	Socket messages sent: 0
	Socket messages received: 0
	Signals delivered: 0
	Page size (bytes): 4096
	Exit status: 0
	Command being timed: "timeout 600 java -Xmx64g -jar ./enhsp3.jar -o ./domain_framed_autonomy_process_reset.pddl -f ./problems/a40g17AND-prefix-non-conforming-3-a40g17AND_3_data/problem8.pddl -h blind -s WAStar -dap -dl 1500"
	User time (seconds): 230.13
	System time (seconds): 10.38
	Percent of CPU this job got: 99%
	Elapsed (wall clock) time (h:mm:ss or m:ss): 4:00.74
	Average shared text size (kbytes): 0
	Average unshared data size (kbytes): 0
	Average stack size (kbytes): 0
	Average total size (kbytes): 0
	Maximum resident set size (kbytes): 16869512
	Average resident set size (kbytes): 0
	Major (requiring I/O) page faults: 0
	Minor (reclaiming a frame) page faults: 12091300
	Voluntary context switches: 10677
	Involuntary context switches: 15437
	Swaps: 0
	File system inputs: 0
	File system outputs: 1168
	Socket messages sent: 0
	Socket messages received: 0
	Signals delivered: 0
	Page size (bytes): 4096
	Exit status: 0
	Command being timed: "timeout 600 java -Xmx64g -jar ./enhsp3.jar -o ./domain_framed_autonomy_process_reset.pddl -f ./problems/a40g17AND-prefix-non-conforming-3-a40g17AND_3_data/problem9.pddl -h blind -s WAStar -dap -dl 1500"
	User time (seconds): 229.55
	System time (seconds): 10.48
	Percent of CPU this job got: 99%
	Elapsed (wall clock) time (h:mm:ss or m:ss): 4:00.26
	Average shared text size (kbytes): 0
	Average unshared data size (kbytes): 0
	Average stack size (kbytes): 0
	Average total size (kbytes): 0
	Maximum resident set size (kbytes): 17095488
	Average resident set size (kbytes): 0
	Major (requiring I/O) page faults: 0
	Minor (reclaiming a frame) page faults: 12031679
	Voluntary context switches: 10447
	Involuntary context switches: 15119
	Swaps: 0
	File system inputs: 0
	File system outputs: 1192
	Socket messages sent: 0
	Socket messages received: 0
	Signals delivered: 0
	Page size (bytes): 4096
	Exit status: 0
	Command being timed: "timeout 600 java -Xmx64g -jar ./enhsp3.jar -o ./domain_framed_autonomy_process_reset.pddl -f ./problems/a40g17AND-prefix-non-conforming-3-a40g17AND_3_data/problem10.pddl -h blind -s WAStar -dap -dl 1500"
	User time (seconds): 228.91
	System time (seconds): 10.39
	Percent of CPU this job got: 99%
	Elapsed (wall clock) time (h:mm:ss or m:ss): 3:59.60
	Average shared text size (kbytes): 0
	Average unshared data size (kbytes): 0
	Average stack size (kbytes): 0
	Average total size (kbytes): 0
	Maximum resident set size (kbytes): 16895340
	Average resident set size (kbytes): 0
	Major (requiring I/O) page faults: 0
	Minor (reclaiming a frame) page faults: 12172723
	Voluntary context switches: 10562
	Involuntary context switches: 14968
	Swaps: 0
	File system inputs: 0
	File system outputs: 1200
	Socket messages sent: 0
	Socket messages received: 0
	Signals delivered: 0
	Page size (bytes): 4096
	Exit status: 0
