Loading openjdk/17.0.8.1_1
  Loading requirement: glibc/2.35-aocc-3.2.0-wetwhfr
    gcc-runtime/12.1.0-gcc-12.1.0-uotjsm3 glibc/2.35-aocc-3.2.0-dkzxmta
	Command being timed: "timeout 600 java -Xmx64g -jar ./enhsp3.jar -o ./domain_framed_autonomy_process_reset.pddl -f ./problems/a42g11XOR-prefix-0-a42g11XOR_5_timed_data/problem1.pddl -h blind -s WAStar -dap -dl 1500"
	User time (seconds): 85.57
	System time (seconds): 3.76
	Percent of CPU this job got: 97%
	Elapsed (wall clock) time (h:mm:ss or m:ss): 1:31.16
	Average shared text size (kbytes): 0
	Average unshared data size (kbytes): 0
	Average stack size (kbytes): 0
	Average total size (kbytes): 0
	Maximum resident set size (kbytes): 7254612
	Average resident set size (kbytes): 0
	Major (requiring I/O) page faults: 103
	Minor (reclaiming a frame) page faults: 4235260
	Voluntary context switches: 5759
	Involuntary context switches: 7463
	Swaps: 0
	File system inputs: 0
	File system outputs: 488
	Socket messages sent: 0
	Socket messages received: 0
	Signals delivered: 0
	Page size (bytes): 4096
	Exit status: 0
	Command being timed: "timeout 600 java -Xmx64g -jar ./enhsp3.jar -o ./domain_framed_autonomy_process_reset.pddl -f ./problems/a42g11XOR-prefix-0-a42g11XOR_5_timed_data/problem2.pddl -h blind -s WAStar -dap -dl 1500"
	User time (seconds): 85.93
	System time (seconds): 3.86
	Percent of CPU this job got: 99%
	Elapsed (wall clock) time (h:mm:ss or m:ss): 1:29.85
	Average shared text size (kbytes): 0
	Average unshared data size (kbytes): 0
	Average stack size (kbytes): 0
	Average total size (kbytes): 0
	Maximum resident set size (kbytes): 7217816
	Average resident set size (kbytes): 0
	Major (requiring I/O) page faults: 0
	Minor (reclaiming a frame) page faults: 4238429
	Voluntary context switches: 6054
	Involuntary context switches: 7829
	Swaps: 0
	File system inputs: 0
	File system outputs: 512
	Socket messages sent: 0
	Socket messages received: 0
	Signals delivered: 0
	Page size (bytes): 4096
	Exit status: 0
	Command being timed: "timeout 600 java -Xmx64g -jar ./enhsp3.jar -o ./domain_framed_autonomy_process_reset.pddl -f ./problems/a42g11XOR-prefix-0-a42g11XOR_5_timed_data/problem3.pddl -h blind -s WAStar -dap -dl 1500"
	User time (seconds): 86.38
	System time (seconds): 4.00
	Percent of CPU this job got: 99%
	Elapsed (wall clock) time (h:mm:ss or m:ss): 1:30.45
	Average shared text size (kbytes): 0
	Average unshared data size (kbytes): 0
	Average stack size (kbytes): 0
	Average total size (kbytes): 0
	Maximum resident set size (kbytes): 7210916
	Average resident set size (kbytes): 0
	Major (requiring I/O) page faults: 0
	Minor (reclaiming a frame) page faults: 4487126
	Voluntary context switches: 5697
	Involuntary context switches: 7965
	Swaps: 0
	File system inputs: 0
	File system outputs: 488
	Socket messages sent: 0
	Socket messages received: 0
	Signals delivered: 0
	Page size (bytes): 4096
	Exit status: 0
	Command being timed: "timeout 600 java -Xmx64g -jar ./enhsp3.jar -o ./domain_framed_autonomy_process_reset.pddl -f ./problems/a42g11XOR-prefix-0-a42g11XOR_5_timed_data/problem4.pddl -h blind -s WAStar -dap -dl 1500"
	User time (seconds): 86.22
	System time (seconds): 3.91
	Percent of CPU this job got: 99%
	Elapsed (wall clock) time (h:mm:ss or m:ss): 1:30.20
	Average shared text size (kbytes): 0
	Average unshared data size (kbytes): 0
	Average stack size (kbytes): 0
	Average total size (kbytes): 0
	Maximum resident set size (kbytes): 7258492
	Average resident set size (kbytes): 0
	Major (requiring I/O) page faults: 0
	Minor (reclaiming a frame) page faults: 4289927
	Voluntary context switches: 5995
	Involuntary context switches: 7816
	Swaps: 0
	File system inputs: 0
	File system outputs: 520
	Socket messages sent: 0
	Socket messages received: 0
	Signals delivered: 0
	Page size (bytes): 4096
	Exit status: 0
	Command being timed: "timeout 600 java -Xmx64g -jar ./enhsp3.jar -o ./domain_framed_autonomy_process_reset.pddl -f ./problems/a42g11XOR-prefix-0-a42g11XOR_5_timed_data/problem5.pddl -h blind -s WAStar -dap -dl 1500"
	User time (seconds): 86.51
	System time (seconds): 3.95
	Percent of CPU this job got: 99%
	Elapsed (wall clock) time (h:mm:ss or m:ss): 1:30.52
	Average shared text size (kbytes): 0
	Average unshared data size (kbytes): 0
	Average stack size (kbytes): 0
	Average total size (kbytes): 0
	Maximum resident set size (kbytes): 7207956
	Average resident set size (kbytes): 0
	Major (requiring I/O) page faults: 0
	Minor (reclaiming a frame) page faults: 4450284
	Voluntary context switches: 5640
	Involuntary context switches: 7707
	Swaps: 0
	File system inputs: 0
	File system outputs: 520
	Socket messages sent: 0
	Socket messages received: 0
	Signals delivered: 0
	Page size (bytes): 4096
	Exit status: 0
	Command being timed: "timeout 600 java -Xmx64g -jar ./enhsp3.jar -o ./domain_framed_autonomy_process_reset.pddl -f ./problems/a42g11XOR-prefix-0-a42g11XOR_5_timed_data/problem6.pddl -h blind -s WAStar -dap -dl 1500"
	User time (seconds): 86.48
	System time (seconds): 3.80
	Percent of CPU this job got: 99%
	Elapsed (wall clock) time (h:mm:ss or m:ss): 1:30.32
	Average shared text size (kbytes): 0
	Average unshared data size (kbytes): 0
	Average stack size (kbytes): 0
	Average total size (kbytes): 0
	Maximum resident set size (kbytes): 7207152
	Average resident set size (kbytes): 0
	Major (requiring I/O) page faults: 0
	Minor (reclaiming a frame) page faults: 4194187
	Voluntary context switches: 5916
	Involuntary context switches: 7835
	Swaps: 0
	File system inputs: 0
	File system outputs: 488
	Socket messages sent: 0
	Socket messages received: 0
	Signals delivered: 0
	Page size (bytes): 4096
	Exit status: 0
	Command being timed: "timeout 600 java -Xmx64g -jar ./enhsp3.jar -o ./domain_framed_autonomy_process_reset.pddl -f ./problems/a42g11XOR-prefix-0-a42g11XOR_5_timed_data/problem7.pddl -h blind -s WAStar -dap -dl 1500"
	User time (seconds): 86.43
	System time (seconds): 3.98
	Percent of CPU this job got: 99%
	Elapsed (wall clock) time (h:mm:ss or m:ss): 1:30.47
	Average shared text size (kbytes): 0
	Average unshared data size (kbytes): 0
	Average stack size (kbytes): 0
	Average total size (kbytes): 0
	Maximum resident set size (kbytes): 7218764
	Average resident set size (kbytes): 0
	Major (requiring I/O) page faults: 0
	Minor (reclaiming a frame) page faults: 4452424
	Voluntary context switches: 5487
	Involuntary context switches: 7606
	Swaps: 0
	File system inputs: 0
	File system outputs: 512
	Socket messages sent: 0
	Socket messages received: 0
	Signals delivered: 0
	Page size (bytes): 4096
	Exit status: 0
	Command being timed: "timeout 600 java -Xmx64g -jar ./enhsp3.jar -o ./domain_framed_autonomy_process_reset.pddl -f ./problems/a42g11XOR-prefix-0-a42g11XOR_5_timed_data/problem8.pddl -h blind -s WAStar -dap -dl 1500"
	User time (seconds): 86.16
	System time (seconds): 3.93
	Percent of CPU this job got: 99%
	Elapsed (wall clock) time (h:mm:ss or m:ss): 1:30.16
	Average shared text size (kbytes): 0
	Average unshared data size (kbytes): 0
	Average stack size (kbytes): 0
	Average total size (kbytes): 0
	Maximum resident set size (kbytes): 7250756
	Average resident set size (kbytes): 0
	Major (requiring I/O) page faults: 0
	Minor (reclaiming a frame) page faults: 4489710
	Voluntary context switches: 5828
	Involuntary context switches: 7642
	Swaps: 0
	File system inputs: 0
	File system outputs: 512
	Socket messages sent: 0
	Socket messages received: 0
	Signals delivered: 0
	Page size (bytes): 4096
	Exit status: 0
	Command being timed: "timeout 600 java -Xmx64g -jar ./enhsp3.jar -o ./domain_framed_autonomy_process_reset.pddl -f ./problems/a42g11XOR-prefix-0-a42g11XOR_5_timed_data/problem9.pddl -h blind -s WAStar -dap -dl 1500"
	User time (seconds): 87.14
	System time (seconds): 4.01
	Percent of CPU this job got: 99%
	Elapsed (wall clock) time (h:mm:ss or m:ss): 1:31.23
	Average shared text size (kbytes): 0
	Average unshared data size (kbytes): 0
	Average stack size (kbytes): 0
	Average total size (kbytes): 0
	Maximum resident set size (kbytes): 7255316
	Average resident set size (kbytes): 0
	Major (requiring I/O) page faults: 0
	Minor (reclaiming a frame) page faults: 4440502
	Voluntary context switches: 5704
	Involuntary context switches: 7644
	Swaps: 0
	File system inputs: 0
	File system outputs: 488
	Socket messages sent: 0
	Socket messages received: 0
	Signals delivered: 0
	Page size (bytes): 4096
	Exit status: 0
	Command being timed: "timeout 600 java -Xmx64g -jar ./enhsp3.jar -o ./domain_framed_autonomy_process_reset.pddl -f ./problems/a42g11XOR-prefix-0-a42g11XOR_5_timed_data/problem10.pddl -h blind -s WAStar -dap -dl 1500"
	User time (seconds): 86.13
	System time (seconds): 4.06
	Percent of CPU this job got: 99%
	Elapsed (wall clock) time (h:mm:ss or m:ss): 1:30.26
	Average shared text size (kbytes): 0
	Average unshared data size (kbytes): 0
	Average stack size (kbytes): 0
	Average total size (kbytes): 0
	Maximum resident set size (kbytes): 7249896
	Average resident set size (kbytes): 0
	Major (requiring I/O) page faults: 0
	Minor (reclaiming a frame) page faults: 4491058
	Voluntary context switches: 5781
	Involuntary context switches: 7510
	Swaps: 0
	File system inputs: 0
	File system outputs: 520
	Socket messages sent: 0
	Socket messages received: 0
	Signals delivered: 0
	Page size (bytes): 4096
	Exit status: 0
