Loading openjdk/17.0.8.1_1
  Loading requirement: glibc/2.35-aocc-3.2.0-wetwhfr
    gcc-runtime/12.1.0-gcc-12.1.0-uotjsm3 glibc/2.35-aocc-3.2.0-dkzxmta
	Command being timed: "timeout 600 java -Xmx64g -jar ./enhsp3.jar -o ./domain_framed_autonomy_process_reset.pddl -f ./problems/a29g9AND-prefix-0-a29g9AND_5_timed/problem1.pddl -h blind -s WAStar -dap -dl 1500"
	User time (seconds): 95.87
	System time (seconds): 4.33
	Percent of CPU this job got: 99%
	Elapsed (wall clock) time (h:mm:ss or m:ss): 1:40.30
	Average shared text size (kbytes): 0
	Average unshared data size (kbytes): 0
	Average stack size (kbytes): 0
	Average total size (kbytes): 0
	Maximum resident set size (kbytes): 8029524
	Average resident set size (kbytes): 0
	Major (requiring I/O) page faults: 127
	Minor (reclaiming a frame) page faults: 4976384
	Voluntary context switches: 6799
	Involuntary context switches: 9022
	Swaps: 0
	File system inputs: 0
	File system outputs: 528
	Socket messages sent: 0
	Socket messages received: 0
	Signals delivered: 0
	Page size (bytes): 4096
	Exit status: 0
	Command being timed: "timeout 600 java -Xmx64g -jar ./enhsp3.jar -o ./domain_framed_autonomy_process_reset.pddl -f ./problems/a29g9AND-prefix-0-a29g9AND_5_timed/problem2.pddl -h blind -s WAStar -dap -dl 1500"
	User time (seconds): 95.39
	System time (seconds): 4.16
	Percent of CPU this job got: 99%
	Elapsed (wall clock) time (h:mm:ss or m:ss): 1:39.63
	Average shared text size (kbytes): 0
	Average unshared data size (kbytes): 0
	Average stack size (kbytes): 0
	Average total size (kbytes): 0
	Maximum resident set size (kbytes): 7845768
	Average resident set size (kbytes): 0
	Major (requiring I/O) page faults: 0
	Minor (reclaiming a frame) page faults: 4744612
	Voluntary context switches: 6000
	Involuntary context switches: 8257
	Swaps: 0
	File system inputs: 0
	File system outputs: 552
	Socket messages sent: 0
	Socket messages received: 0
	Signals delivered: 0
	Page size (bytes): 4096
	Exit status: 0
	Command being timed: "timeout 600 java -Xmx64g -jar ./enhsp3.jar -o ./domain_framed_autonomy_process_reset.pddl -f ./problems/a29g9AND-prefix-0-a29g9AND_5_timed/problem3.pddl -h blind -s WAStar -dap -dl 1500"
	User time (seconds): 96.77
	System time (seconds): 4.26
	Percent of CPU this job got: 99%
	Elapsed (wall clock) time (h:mm:ss or m:ss): 1:41.12
	Average shared text size (kbytes): 0
	Average unshared data size (kbytes): 0
	Average stack size (kbytes): 0
	Average total size (kbytes): 0
	Maximum resident set size (kbytes): 8021656
	Average resident set size (kbytes): 0
	Major (requiring I/O) page faults: 0
	Minor (reclaiming a frame) page faults: 4811052
	Voluntary context switches: 6434
	Involuntary context switches: 8928
	Swaps: 0
	File system inputs: 0
	File system outputs: 528
	Socket messages sent: 0
	Socket messages received: 0
	Signals delivered: 0
	Page size (bytes): 4096
	Exit status: 0
	Command being timed: "timeout 600 java -Xmx64g -jar ./enhsp3.jar -o ./domain_framed_autonomy_process_reset.pddl -f ./problems/a29g9AND-prefix-0-a29g9AND_5_timed/problem4.pddl -h blind -s WAStar -dap -dl 1500"
	User time (seconds): 96.87
	System time (seconds): 4.37
	Percent of CPU this job got: 99%
	Elapsed (wall clock) time (h:mm:ss or m:ss): 1:41.32
	Average shared text size (kbytes): 0
	Average unshared data size (kbytes): 0
	Average stack size (kbytes): 0
	Average total size (kbytes): 0
	Maximum resident set size (kbytes): 8033008
	Average resident set size (kbytes): 0
	Major (requiring I/O) page faults: 0
	Minor (reclaiming a frame) page faults: 5001349
	Voluntary context switches: 6343
	Involuntary context switches: 8639
	Swaps: 0
	File system inputs: 0
	File system outputs: 560
	Socket messages sent: 0
	Socket messages received: 0
	Signals delivered: 0
	Page size (bytes): 4096
	Exit status: 0
	Command being timed: "timeout 600 java -Xmx64g -jar ./enhsp3.jar -o ./domain_framed_autonomy_process_reset.pddl -f ./problems/a29g9AND-prefix-0-a29g9AND_5_timed/problem5.pddl -h blind -s WAStar -dap -dl 1500"
	User time (seconds): 95.83
	System time (seconds): 4.33
	Percent of CPU this job got: 99%
	Elapsed (wall clock) time (h:mm:ss or m:ss): 1:40.26
	Average shared text size (kbytes): 0
	Average unshared data size (kbytes): 0
	Average stack size (kbytes): 0
	Average total size (kbytes): 0
	Maximum resident set size (kbytes): 8023280
	Average resident set size (kbytes): 0
	Major (requiring I/O) page faults: 0
	Minor (reclaiming a frame) page faults: 4820863
	Voluntary context switches: 6545
	Involuntary context switches: 8406
	Swaps: 0
	File system inputs: 104
	File system outputs: 560
	Socket messages sent: 0
	Socket messages received: 0
	Signals delivered: 0
	Page size (bytes): 4096
	Exit status: 0
	Command being timed: "timeout 600 java -Xmx64g -jar ./enhsp3.jar -o ./domain_framed_autonomy_process_reset.pddl -f ./problems/a29g9AND-prefix-0-a29g9AND_5_timed/problem6.pddl -h blind -s WAStar -dap -dl 1500"
	User time (seconds): 96.52
	System time (seconds): 4.25
	Percent of CPU this job got: 99%
	Elapsed (wall clock) time (h:mm:ss or m:ss): 1:40.86
	Average shared text size (kbytes): 0
	Average unshared data size (kbytes): 0
	Average stack size (kbytes): 0
	Average total size (kbytes): 0
	Maximum resident set size (kbytes): 8025600
	Average resident set size (kbytes): 0
	Major (requiring I/O) page faults: 0
	Minor (reclaiming a frame) page faults: 4813293
	Voluntary context switches: 6652
	Involuntary context switches: 8935
	Swaps: 0
	File system inputs: 0
	File system outputs: 552
	Socket messages sent: 0
	Socket messages received: 0
	Signals delivered: 0
	Page size (bytes): 4096
	Exit status: 0
	Command being timed: "timeout 600 java -Xmx64g -jar ./enhsp3.jar -o ./domain_framed_autonomy_process_reset.pddl -f ./problems/a29g9AND-prefix-0-a29g9AND_5_timed/problem7.pddl -h blind -s WAStar -dap -dl 1500"
	User time (seconds): 97.30
	System time (seconds): 4.42
	Percent of CPU this job got: 99%
	Elapsed (wall clock) time (h:mm:ss or m:ss): 1:41.81
	Average shared text size (kbytes): 0
	Average unshared data size (kbytes): 0
	Average stack size (kbytes): 0
	Average total size (kbytes): 0
	Maximum resident set size (kbytes): 8027256
	Average resident set size (kbytes): 0
	Major (requiring I/O) page faults: 0
	Minor (reclaiming a frame) page faults: 4939612
	Voluntary context switches: 6611
	Involuntary context switches: 8998
	Swaps: 0
	File system inputs: 0
	File system outputs: 560
	Socket messages sent: 0
	Socket messages received: 0
	Signals delivered: 0
	Page size (bytes): 4096
	Exit status: 0
	Command being timed: "timeout 600 java -Xmx64g -jar ./enhsp3.jar -o ./domain_framed_autonomy_process_reset.pddl -f ./problems/a29g9AND-prefix-0-a29g9AND_5_timed/problem8.pddl -h blind -s WAStar -dap -dl 1500"
	User time (seconds): 96.68
	System time (seconds): 4.30
	Percent of CPU this job got: 99%
	Elapsed (wall clock) time (h:mm:ss or m:ss): 1:41.10
	Average shared text size (kbytes): 0
	Average unshared data size (kbytes): 0
	Average stack size (kbytes): 0
	Average total size (kbytes): 0
	Maximum resident set size (kbytes): 7959456
	Average resident set size (kbytes): 0
	Major (requiring I/O) page faults: 0
	Minor (reclaiming a frame) page faults: 4800369
	Voluntary context switches: 6667
	Involuntary context switches: 8988
	Swaps: 0
	File system inputs: 0
	File system outputs: 552
	Socket messages sent: 0
	Socket messages received: 0
	Signals delivered: 0
	Page size (bytes): 4096
	Exit status: 0
	Command being timed: "timeout 600 java -Xmx64g -jar ./enhsp3.jar -o ./domain_framed_autonomy_process_reset.pddl -f ./problems/a29g9AND-prefix-0-a29g9AND_5_timed/problem9.pddl -h blind -s WAStar -dap -dl 1500"
	User time (seconds): 96.93
	System time (seconds): 4.45
	Percent of CPU this job got: 99%
	Elapsed (wall clock) time (h:mm:ss or m:ss): 1:41.47
	Average shared text size (kbytes): 0
	Average unshared data size (kbytes): 0
	Average stack size (kbytes): 0
	Average total size (kbytes): 0
	Maximum resident set size (kbytes): 8026364
	Average resident set size (kbytes): 0
	Major (requiring I/O) page faults: 0
	Minor (reclaiming a frame) page faults: 4886076
	Voluntary context switches: 6418
	Involuntary context switches: 8866
	Swaps: 0
	File system inputs: 0
	File system outputs: 568
	Socket messages sent: 0
	Socket messages received: 0
	Signals delivered: 0
	Page size (bytes): 4096
	Exit status: 0
	Command being timed: "timeout 600 java -Xmx64g -jar ./enhsp3.jar -o ./domain_framed_autonomy_process_reset.pddl -f ./problems/a29g9AND-prefix-0-a29g9AND_5_timed/problem10.pddl -h blind -s WAStar -dap -dl 1500"
	User time (seconds): 97.03
	System time (seconds): 4.27
	Percent of CPU this job got: 99%
	Elapsed (wall clock) time (h:mm:ss or m:ss): 1:41.39
	Average shared text size (kbytes): 0
	Average unshared data size (kbytes): 0
	Average stack size (kbytes): 0
	Average total size (kbytes): 0
	Maximum resident set size (kbytes): 7953152
	Average resident set size (kbytes): 0
	Major (requiring I/O) page faults: 0
	Minor (reclaiming a frame) page faults: 4819618
	Voluntary context switches: 6385
	Involuntary context switches: 8892
	Swaps: 0
	File system inputs: 0
	File system outputs: 544
	Socket messages sent: 0
	Socket messages received: 0
	Signals delivered: 0
	Page size (bytes): 4096
	Exit status: 0
