/usr/bin/time -v timeout 600 java -Xmx64g -jar ./enhsp3.jar -o ./domain_framed_autonomy_process_reset.pddl -f ./problems/a42g11XOR-prefix-1-a42g11XOR_3_data/problem1.pddl -h blind -s WAStar
Domain parsed
Problem parsed
Grounding..
Grounding Time: 25253
UFX:true
|F|:85106
|X|:12
Heuristic Problem Creation
|A|:1618
|P|:2
|E|:0
Delta time heuristic model:1.0
Delta time planning model:1.0
Delta time search-execution model:1.0
Delta time validation model:1
h(I):0.0
Extracting plan with execution delta: 1.0
Problem Solved

Found Plan:
0: (validate_payload t0 a7 t1)
0: (sync_actions t0 t1 a7)
0: (add_action a13)
0: (check_added_parameter_model a13)
0: (add_move_automata a13)
0: (stop_wait)
0: (add_action a15)
0: (check_added_parameter_model a15)
0: (add_move_automata a15)
0: (stop_wait)
0: (add_action a16)
0: (check_added_parameter_model a16)
0: (add_move_automata a16)
0: (stop_wait)
0: (add_action a14)
0: (check_added_parameter_model a14)
0: (add_move_automata a14)
0: (stop_wait)
0: (add_action a8)
0: (check_added_parameter_model a8)
0: (add_move_automata a8)
0: (stop_wait)
0: (add_action a11)
0: (check_added_parameter_model a11)
0: (add_move_automata a11)
0: (stop_wait)
0: (add_action a21)
0: (check_added_parameter_model a21)
0: (add_move_automata a21)
0: (stop_wait)
0: (add_action a22)
0: (check_added_parameter_model a22)
0: (add_move_automata a22)
0: (stop_wait)
0: (add_action a12)
0: (check_added_parameter_model a12)
0: (add_move_automata a12)
0: (stop_wait)
0: (add_action a23)
0: (check_added_parameter_model a23)
0: (add_move_automata a23)
0: (stop_wait)
0: (add_action a17)
0: (check_added_parameter_model a17)
0: (add_move_automata a17)
0: (stop_wait)
0: (add_action a18)
0: (check_added_parameter_model a18)
0: (add_move_automata a18)

Plan-Length:49
Elapsed Time: 0
Metric (Search):0.0
Planning Time (msec): 131
Heuristic Time (msec): 6
Search Time (msec): 124
Expanded Nodes:152
States Evaluated:187
Number of Dead-Ends detected:0
Number of Duplicates detected:91
/usr/bin/time -v timeout 600 java -Xmx64g -jar ./enhsp3.jar -o ./domain_framed_autonomy_process_reset.pddl -f ./problems/a42g11XOR-prefix-1-a42g11XOR_3_data/problem2.pddl -h blind -s WAStar
Domain parsed
Problem parsed
Grounding..
Grounding Time: 25070
UFX:true
|F|:85106
|X|:12
Heuristic Problem Creation
|A|:1618
|P|:2
|E|:0
Delta time heuristic model:1.0
Delta time planning model:1.0
Delta time search-execution model:1.0
Delta time validation model:1
h(I):0.0
Extracting plan with execution delta: 1.0
Problem Solved

Found Plan:
0: (validate_payload t0 a7 t1)
0: (sync_actions t0 t1 a7)
0: (add_action a13)
0: (check_added_parameter_model a13)
0: (add_move_automata a13)
0: (stop_wait)
0: (add_action a15)
0: (check_added_parameter_model a15)
0: (add_move_automata a15)
0: (stop_wait)
0: (add_action a16)
0: (check_added_parameter_model a16)
0: (add_move_automata a16)
0: (stop_wait)
0: (add_action a14)
0: (check_added_parameter_model a14)
0: (add_move_automata a14)
0: (stop_wait)
0: (add_action a8)
0: (check_added_parameter_model a8)
0: (add_move_automata a8)
0: (stop_wait)
0: (add_action a11)
0: (check_added_parameter_model a11)
0: (add_move_automata a11)
0: (stop_wait)
0: (add_action a21)
0: (check_added_parameter_model a21)
0: (add_move_automata a21)
0: (stop_wait)
0: (add_action a22)
0: (check_added_parameter_model a22)
0: (add_move_automata a22)
0: (stop_wait)
0: (add_action a12)
0: (check_added_parameter_model a12)
0: (add_move_automata a12)
0: (stop_wait)
0: (add_action a23)
0: (check_added_parameter_model a23)
0: (add_move_automata a23)
0: (stop_wait)
0: (add_action a17)
0: (check_added_parameter_model a17)
0: (add_move_automata a17)
0: (stop_wait)
0: (add_action a18)
0: (check_added_parameter_model a18)
0: (add_move_automata a18)

Plan-Length:49
Elapsed Time: 0
Metric (Search):0.0
Planning Time (msec): 100
Heuristic Time (msec): 7
Search Time (msec): 88
Expanded Nodes:152
States Evaluated:187
Number of Dead-Ends detected:0
Number of Duplicates detected:91
/usr/bin/time -v timeout 600 java -Xmx64g -jar ./enhsp3.jar -o ./domain_framed_autonomy_process_reset.pddl -f ./problems/a42g11XOR-prefix-1-a42g11XOR_3_data/problem3.pddl -h blind -s WAStar
Domain parsed
Problem parsed
Grounding..
Grounding Time: 25131
UFX:true
|F|:85106
|X|:12
Heuristic Problem Creation
|A|:1618
|P|:2
|E|:0
Delta time heuristic model:1.0
Delta time planning model:1.0
Delta time search-execution model:1.0
Delta time validation model:1
h(I):0.0
Extracting plan with execution delta: 1.0
Problem Solved

Found Plan:
0: (validate_payload t0 a7 t1)
0: (sync_actions t0 t1 a7)
0: (add_action a13)
0: (check_added_parameter_model a13)
0: (add_move_automata a13)
0: (stop_wait)
0: (add_action a15)
0: (check_added_parameter_model a15)
0: (add_move_automata a15)
0: (stop_wait)
0: (add_action a16)
0: (check_added_parameter_model a16)
0: (add_move_automata a16)
0: (stop_wait)
0: (add_action a14)
0: (check_added_parameter_model a14)
0: (add_move_automata a14)
0: (stop_wait)
0: (add_action a8)
0: (check_added_parameter_model a8)
0: (add_move_automata a8)
0: (stop_wait)
0: (add_action a11)
0: (check_added_parameter_model a11)
0: (add_move_automata a11)
0: (stop_wait)
0: (add_action a21)
0: (check_added_parameter_model a21)
0: (add_move_automata a21)
0: (stop_wait)
0: (add_action a22)
0: (check_added_parameter_model a22)
0: (add_move_automata a22)
0: (stop_wait)
0: (add_action a12)
0: (check_added_parameter_model a12)
0: (add_move_automata a12)
0: (stop_wait)
0: (add_action a23)
0: (check_added_parameter_model a23)
0: (add_move_automata a23)
0: (stop_wait)
0: (add_action a17)
0: (check_added_parameter_model a17)
0: (add_move_automata a17)
0: (stop_wait)
0: (add_action a18)
0: (check_added_parameter_model a18)
0: (add_move_automata a18)

Plan-Length:49
Elapsed Time: 0
Metric (Search):0.0
Planning Time (msec): 141
Heuristic Time (msec): 7
Search Time (msec): 127
Expanded Nodes:152
States Evaluated:187
Number of Dead-Ends detected:0
Number of Duplicates detected:91
/usr/bin/time -v timeout 600 java -Xmx64g -jar ./enhsp3.jar -o ./domain_framed_autonomy_process_reset.pddl -f ./problems/a42g11XOR-prefix-1-a42g11XOR_3_data/problem4.pddl -h blind -s WAStar
Domain parsed
Problem parsed
Grounding..
Grounding Time: 25294
UFX:true
|F|:85106
|X|:12
Heuristic Problem Creation
|A|:1618
|P|:2
|E|:0
Delta time heuristic model:1.0
Delta time planning model:1.0
Delta time search-execution model:1.0
Delta time validation model:1
h(I):0.0
Extracting plan with execution delta: 1.0
Problem Solved

Found Plan:
0: (validate_payload t0 a7 t1)
0: (sync_actions t0 t1 a7)
0: (add_action a13)
0: (check_added_parameter_model a13)
0: (add_move_automata a13)
0: (stop_wait)
0: (add_action a15)
0: (check_added_parameter_model a15)
0: (add_move_automata a15)
0: (stop_wait)
0: (add_action a16)
0: (check_added_parameter_model a16)
0: (add_move_automata a16)
0: (stop_wait)
0: (add_action a14)
0: (check_added_parameter_model a14)
0: (add_move_automata a14)
0: (stop_wait)
0: (add_action a8)
0: (check_added_parameter_model a8)
0: (add_move_automata a8)
0: (stop_wait)
0: (add_action a11)
0: (check_added_parameter_model a11)
0: (add_move_automata a11)
0: (stop_wait)
0: (add_action a21)
0: (check_added_parameter_model a21)
0: (add_move_automata a21)
0: (stop_wait)
0: (add_action a22)
0: (check_added_parameter_model a22)
0: (add_move_automata a22)
0: (stop_wait)
0: (add_action a12)
0: (check_added_parameter_model a12)
0: (add_move_automata a12)
0: (stop_wait)
0: (add_action a23)
0: (check_added_parameter_model a23)
0: (add_move_automata a23)
0: (stop_wait)
0: (add_action a17)
0: (check_added_parameter_model a17)
0: (add_move_automata a17)
0: (stop_wait)
0: (add_action a18)
0: (check_added_parameter_model a18)
0: (add_move_automata a18)

Plan-Length:49
Elapsed Time: 0
Metric (Search):0.0
Planning Time (msec): 125
Heuristic Time (msec): 7
Search Time (msec): 112
Expanded Nodes:152
States Evaluated:187
Number of Dead-Ends detected:0
Number of Duplicates detected:91
/usr/bin/time -v timeout 600 java -Xmx64g -jar ./enhsp3.jar -o ./domain_framed_autonomy_process_reset.pddl -f ./problems/a42g11XOR-prefix-1-a42g11XOR_3_data/problem5.pddl -h blind -s WAStar
Domain parsed
Problem parsed
Grounding..
Grounding Time: 25205
UFX:true
|F|:85106
|X|:12
Heuristic Problem Creation
|A|:1618
|P|:2
|E|:0
Delta time heuristic model:1.0
Delta time planning model:1.0
Delta time search-execution model:1.0
Delta time validation model:1
h(I):0.0
Extracting plan with execution delta: 1.0
Problem Solved

Found Plan:
0: (validate_payload t0 a7 t1)
0: (sync_actions t0 t1 a7)
0: (add_action a13)
0: (check_added_parameter_model a13)
0: (add_move_automata a13)
0: (stop_wait)
0: (add_action a15)
0: (check_added_parameter_model a15)
0: (add_move_automata a15)
0: (stop_wait)
0: (add_action a16)
0: (check_added_parameter_model a16)
0: (add_move_automata a16)
0: (stop_wait)
0: (add_action a14)
0: (check_added_parameter_model a14)
0: (add_move_automata a14)
0: (stop_wait)
0: (add_action a8)
0: (check_added_parameter_model a8)
0: (add_move_automata a8)
0: (stop_wait)
0: (add_action a11)
0: (check_added_parameter_model a11)
0: (add_move_automata a11)
0: (stop_wait)
0: (add_action a21)
0: (check_added_parameter_model a21)
0: (add_move_automata a21)
0: (stop_wait)
0: (add_action a22)
0: (check_added_parameter_model a22)
0: (add_move_automata a22)
0: (stop_wait)
0: (add_action a12)
0: (check_added_parameter_model a12)
0: (add_move_automata a12)
0: (stop_wait)
0: (add_action a23)
0: (check_added_parameter_model a23)
0: (add_move_automata a23)
0: (stop_wait)
0: (add_action a17)
0: (check_added_parameter_model a17)
0: (add_move_automata a17)
0: (stop_wait)
0: (add_action a18)
0: (check_added_parameter_model a18)
0: (add_move_automata a18)

Plan-Length:49
Elapsed Time: 0
Metric (Search):0.0
Planning Time (msec): 107
Heuristic Time (msec): 9
Search Time (msec): 100
Expanded Nodes:152
States Evaluated:187
Number of Dead-Ends detected:0
Number of Duplicates detected:91
/usr/bin/time -v timeout 600 java -Xmx64g -jar ./enhsp3.jar -o ./domain_framed_autonomy_process_reset.pddl -f ./problems/a42g11XOR-prefix-1-a42g11XOR_3_data/problem6.pddl -h blind -s WAStar
Domain parsed
Problem parsed
Grounding..
Grounding Time: 25038
UFX:true
|F|:85106
|X|:12
Heuristic Problem Creation
|A|:1618
|P|:2
|E|:0
Delta time heuristic model:1.0
Delta time planning model:1.0
Delta time search-execution model:1.0
Delta time validation model:1
h(I):0.0
Extracting plan with execution delta: 1.0
Problem Solved

Found Plan:
0: (validate_payload t0 a7 t1)
0: (sync_actions t0 t1 a7)
0: (add_action a13)
0: (check_added_parameter_model a13)
0: (add_move_automata a13)
0: (stop_wait)
0: (add_action a15)
0: (check_added_parameter_model a15)
0: (add_move_automata a15)
0: (stop_wait)
0: (add_action a16)
0: (check_added_parameter_model a16)
0: (add_move_automata a16)
0: (stop_wait)
0: (add_action a14)
0: (check_added_parameter_model a14)
0: (add_move_automata a14)
0: (stop_wait)
0: (add_action a8)
0: (check_added_parameter_model a8)
0: (add_move_automata a8)
0: (stop_wait)
0: (add_action a11)
0: (check_added_parameter_model a11)
0: (add_move_automata a11)
0: (stop_wait)
0: (add_action a21)
0: (check_added_parameter_model a21)
0: (add_move_automata a21)
0: (stop_wait)
0: (add_action a22)
0: (check_added_parameter_model a22)
0: (add_move_automata a22)
0: (stop_wait)
0: (add_action a12)
0: (check_added_parameter_model a12)
0: (add_move_automata a12)
0: (stop_wait)
0: (add_action a23)
0: (check_added_parameter_model a23)
0: (add_move_automata a23)
0: (stop_wait)
0: (add_action a17)
0: (check_added_parameter_model a17)
0: (add_move_automata a17)
0: (stop_wait)
0: (add_action a18)
0: (check_added_parameter_model a18)
0: (add_move_automata a18)

Plan-Length:49
Elapsed Time: 0
Metric (Search):0.0
Planning Time (msec): 139
Heuristic Time (msec): 7
Search Time (msec): 127
Expanded Nodes:152
States Evaluated:187
Number of Dead-Ends detected:0
Number of Duplicates detected:91
/usr/bin/time -v timeout 600 java -Xmx64g -jar ./enhsp3.jar -o ./domain_framed_autonomy_process_reset.pddl -f ./problems/a42g11XOR-prefix-1-a42g11XOR_3_data/problem7.pddl -h blind -s WAStar
Domain parsed
Problem parsed
Grounding..
Grounding Time: 25468
UFX:true
|F|:85106
|X|:12
Heuristic Problem Creation
|A|:1618
|P|:2
|E|:0
Delta time heuristic model:1.0
Delta time planning model:1.0
Delta time search-execution model:1.0
Delta time validation model:1
h(I):0.0
Extracting plan with execution delta: 1.0
Problem Solved

Found Plan:
0: (validate_payload t0 a7 t1)
0: (sync_actions t0 t1 a7)
0: (add_action a13)
0: (check_added_parameter_model a13)
0: (add_move_automata a13)
0: (stop_wait)
0: (add_action a15)
0: (check_added_parameter_model a15)
0: (add_move_automata a15)
0: (stop_wait)
0: (add_action a16)
0: (check_added_parameter_model a16)
0: (add_move_automata a16)
0: (stop_wait)
0: (add_action a14)
0: (check_added_parameter_model a14)
0: (add_move_automata a14)
0: (stop_wait)
0: (add_action a8)
0: (check_added_parameter_model a8)
0: (add_move_automata a8)
0: (stop_wait)
0: (add_action a11)
0: (check_added_parameter_model a11)
0: (add_move_automata a11)
0: (stop_wait)
0: (add_action a21)
0: (check_added_parameter_model a21)
0: (add_move_automata a21)
0: (stop_wait)
0: (add_action a22)
0: (check_added_parameter_model a22)
0: (add_move_automata a22)
0: (stop_wait)
0: (add_action a12)
0: (check_added_parameter_model a12)
0: (add_move_automata a12)
0: (stop_wait)
0: (add_action a23)
0: (check_added_parameter_model a23)
0: (add_move_automata a23)
0: (stop_wait)
0: (add_action a17)
0: (check_added_parameter_model a17)
0: (add_move_automata a17)
0: (stop_wait)
0: (add_action a18)
0: (check_added_parameter_model a18)
0: (add_move_automata a18)

Plan-Length:49
Elapsed Time: 0
Metric (Search):0.0
Planning Time (msec): 127
Heuristic Time (msec): 7
Search Time (msec): 113
Expanded Nodes:152
States Evaluated:187
Number of Dead-Ends detected:0
Number of Duplicates detected:91
/usr/bin/time -v timeout 600 java -Xmx64g -jar ./enhsp3.jar -o ./domain_framed_autonomy_process_reset.pddl -f ./problems/a42g11XOR-prefix-1-a42g11XOR_3_data/problem8.pddl -h blind -s WAStar
Domain parsed
Problem parsed
Grounding..
Grounding Time: 24753
UFX:true
|F|:85106
|X|:12
Heuristic Problem Creation
|A|:1618
|P|:2
|E|:0
Delta time heuristic model:1.0
Delta time planning model:1.0
Delta time search-execution model:1.0
Delta time validation model:1
h(I):0.0
Extracting plan with execution delta: 1.0
Problem Solved

Found Plan:
0: (validate_payload t0 a7 t1)
0: (sync_actions t0 t1 a7)
0: (add_action a13)
0: (check_added_parameter_model a13)
0: (add_move_automata a13)
0: (stop_wait)
0: (add_action a15)
0: (check_added_parameter_model a15)
0: (add_move_automata a15)
0: (stop_wait)
0: (add_action a16)
0: (check_added_parameter_model a16)
0: (add_move_automata a16)
0: (stop_wait)
0: (add_action a14)
0: (check_added_parameter_model a14)
0: (add_move_automata a14)
0: (stop_wait)
0: (add_action a8)
0: (check_added_parameter_model a8)
0: (add_move_automata a8)
0: (stop_wait)
0: (add_action a11)
0: (check_added_parameter_model a11)
0: (add_move_automata a11)
0: (stop_wait)
0: (add_action a21)
0: (check_added_parameter_model a21)
0: (add_move_automata a21)
0: (stop_wait)
0: (add_action a22)
0: (check_added_parameter_model a22)
0: (add_move_automata a22)
0: (stop_wait)
0: (add_action a12)
0: (check_added_parameter_model a12)
0: (add_move_automata a12)
0: (stop_wait)
0: (add_action a23)
0: (check_added_parameter_model a23)
0: (add_move_automata a23)
0: (stop_wait)
0: (add_action a17)
0: (check_added_parameter_model a17)
0: (add_move_automata a17)
0: (stop_wait)
0: (add_action a18)
0: (check_added_parameter_model a18)
0: (add_move_automata a18)

Plan-Length:49
Elapsed Time: 0
Metric (Search):0.0
Planning Time (msec): 139
Heuristic Time (msec): 7
Search Time (msec): 131
Expanded Nodes:152
States Evaluated:187
Number of Dead-Ends detected:0
Number of Duplicates detected:91
/usr/bin/time -v timeout 600 java -Xmx64g -jar ./enhsp3.jar -o ./domain_framed_autonomy_process_reset.pddl -f ./problems/a42g11XOR-prefix-1-a42g11XOR_3_data/problem9.pddl -h blind -s WAStar
Domain parsed
Problem parsed
Grounding..
Grounding Time: 25254
UFX:true
|F|:85106
|X|:12
Heuristic Problem Creation
|A|:1618
|P|:2
|E|:0
Delta time heuristic model:1.0
Delta time planning model:1.0
Delta time search-execution model:1.0
Delta time validation model:1
h(I):0.0
Extracting plan with execution delta: 1.0
Problem Solved

Found Plan:
0: (validate_payload t0 a7 t1)
0: (sync_actions t0 t1 a7)
0: (add_action a13)
0: (check_added_parameter_model a13)
0: (add_move_automata a13)
0: (stop_wait)
0: (add_action a15)
0: (check_added_parameter_model a15)
0: (add_move_automata a15)
0: (stop_wait)
0: (add_action a16)
0: (check_added_parameter_model a16)
0: (add_move_automata a16)
0: (stop_wait)
0: (add_action a14)
0: (check_added_parameter_model a14)
0: (add_move_automata a14)
0: (stop_wait)
0: (add_action a8)
0: (check_added_parameter_model a8)
0: (add_move_automata a8)
0: (stop_wait)
0: (add_action a11)
0: (check_added_parameter_model a11)
0: (add_move_automata a11)
0: (stop_wait)
0: (add_action a21)
0: (check_added_parameter_model a21)
0: (add_move_automata a21)
0: (stop_wait)
0: (add_action a22)
0: (check_added_parameter_model a22)
0: (add_move_automata a22)
0: (stop_wait)
0: (add_action a12)
0: (check_added_parameter_model a12)
0: (add_move_automata a12)
0: (stop_wait)
0: (add_action a23)
0: (check_added_parameter_model a23)
0: (add_move_automata a23)
0: (stop_wait)
0: (add_action a17)
0: (check_added_parameter_model a17)
0: (add_move_automata a17)
0: (stop_wait)
0: (add_action a18)
0: (check_added_parameter_model a18)
0: (add_move_automata a18)

Plan-Length:49
Elapsed Time: 0
Metric (Search):0.0
Planning Time (msec): 143
Heuristic Time (msec): 6
Search Time (msec): 133
Expanded Nodes:152
States Evaluated:187
Number of Dead-Ends detected:0
Number of Duplicates detected:91
/usr/bin/time -v timeout 600 java -Xmx64g -jar ./enhsp3.jar -o ./domain_framed_autonomy_process_reset.pddl -f ./problems/a42g11XOR-prefix-1-a42g11XOR_3_data/problem10.pddl -h blind -s WAStar
Domain parsed
Problem parsed
Grounding..
Grounding Time: 25203
UFX:true
|F|:85106
|X|:12
Heuristic Problem Creation
|A|:1618
|P|:2
|E|:0
Delta time heuristic model:1.0
Delta time planning model:1.0
Delta time search-execution model:1.0
Delta time validation model:1
h(I):0.0
Extracting plan with execution delta: 1.0
Problem Solved

Found Plan:
0: (validate_payload t0 a7 t1)
0: (sync_actions t0 t1 a7)
0: (add_action a13)
0: (check_added_parameter_model a13)
0: (add_move_automata a13)
0: (stop_wait)
0: (add_action a15)
0: (check_added_parameter_model a15)
0: (add_move_automata a15)
0: (stop_wait)
0: (add_action a16)
0: (check_added_parameter_model a16)
0: (add_move_automata a16)
0: (stop_wait)
0: (add_action a14)
0: (check_added_parameter_model a14)
0: (add_move_automata a14)
0: (stop_wait)
0: (add_action a8)
0: (check_added_parameter_model a8)
0: (add_move_automata a8)
0: (stop_wait)
0: (add_action a11)
0: (check_added_parameter_model a11)
0: (add_move_automata a11)
0: (stop_wait)
0: (add_action a21)
0: (check_added_parameter_model a21)
0: (add_move_automata a21)
0: (stop_wait)
0: (add_action a22)
0: (check_added_parameter_model a22)
0: (add_move_automata a22)
0: (stop_wait)
0: (add_action a12)
0: (check_added_parameter_model a12)
0: (add_move_automata a12)
0: (stop_wait)
0: (add_action a23)
0: (check_added_parameter_model a23)
0: (add_move_automata a23)
0: (stop_wait)
0: (add_action a17)
0: (check_added_parameter_model a17)
0: (add_move_automata a17)
0: (stop_wait)
0: (add_action a18)
0: (check_added_parameter_model a18)
0: (add_move_automata a18)

Plan-Length:49
Elapsed Time: 0
Metric (Search):0.0
Planning Time (msec): 139
Heuristic Time (msec): 11
Search Time (msec): 129
Expanded Nodes:152
States Evaluated:187
Number of Dead-Ends detected:0
Number of Duplicates detected:91
