Loading openjdk/17.0.8.1_1
  Loading requirement: glibc/2.35-aocc-3.2.0-wetwhfr
    gcc-runtime/12.1.0-gcc-12.1.0-uotjsm3 glibc/2.35-aocc-3.2.0-dkzxmta
	Command being timed: "timeout 600 java -Xmx64g -jar ./enhsp3.jar -o ./domain_framed_autonomy_process_reset.pddl -f ./problems/a42g11XOR-prefix-4-a42g11XOR_7_timed_data/problem1.pddl -h blind -s WAStar -dap -dl 1500"
	User time (seconds): 127.99
	System time (seconds): 5.69
	Percent of CPU this job got: 99%
	Elapsed (wall clock) time (h:mm:ss or m:ss): 2:13.89
	Average shared text size (kbytes): 0
	Average unshared data size (kbytes): 0
	Average stack size (kbytes): 0
	Average total size (kbytes): 0
	Maximum resident set size (kbytes): 10051536
	Average resident set size (kbytes): 0
	Major (requiring I/O) page faults: 131
	Minor (reclaiming a frame) page faults: 6492313
	Voluntary context switches: 7596
	Involuntary context switches: 10184
	Swaps: 0
	File system inputs: 0
	File system outputs: 704
	Socket messages sent: 0
	Socket messages received: 0
	Signals delivered: 0
	Page size (bytes): 4096
	Exit status: 0
	Command being timed: "timeout 600 java -Xmx64g -jar ./enhsp3.jar -o ./domain_framed_autonomy_process_reset.pddl -f ./problems/a42g11XOR-prefix-4-a42g11XOR_7_timed_data/problem2.pddl -h blind -s WAStar -dap -dl 1500"
	User time (seconds): 128.74
	System time (seconds): 5.66
	Percent of CPU this job got: 99%
	Elapsed (wall clock) time (h:mm:ss or m:ss): 2:14.53
	Average shared text size (kbytes): 0
	Average unshared data size (kbytes): 0
	Average stack size (kbytes): 0
	Average total size (kbytes): 0
	Maximum resident set size (kbytes): 10030296
	Average resident set size (kbytes): 0
	Major (requiring I/O) page faults: 0
	Minor (reclaiming a frame) page faults: 6359166
	Voluntary context switches: 7245
	Involuntary context switches: 9817
	Swaps: 0
	File system inputs: 0
	File system outputs: 712
	Socket messages sent: 0
	Socket messages received: 0
	Signals delivered: 0
	Page size (bytes): 4096
	Exit status: 0
	Command being timed: "timeout 600 java -Xmx64g -jar ./enhsp3.jar -o ./domain_framed_autonomy_process_reset.pddl -f ./problems/a42g11XOR-prefix-4-a42g11XOR_7_timed_data/problem3.pddl -h blind -s WAStar -dap -dl 1500"
	User time (seconds): 129.77
	System time (seconds): 5.57
	Percent of CPU this job got: 99%
	Elapsed (wall clock) time (h:mm:ss or m:ss): 2:15.44
	Average shared text size (kbytes): 0
	Average unshared data size (kbytes): 0
	Average stack size (kbytes): 0
	Average total size (kbytes): 0
	Maximum resident set size (kbytes): 9953508
	Average resident set size (kbytes): 0
	Major (requiring I/O) page faults: 0
	Minor (reclaiming a frame) page faults: 5936252
	Voluntary context switches: 7676
	Involuntary context switches: 10434
	Swaps: 0
	File system inputs: 0
	File system outputs: 712
	Socket messages sent: 0
	Socket messages received: 0
	Signals delivered: 0
	Page size (bytes): 4096
	Exit status: 0
	Command being timed: "timeout 600 java -Xmx64g -jar ./enhsp3.jar -o ./domain_framed_autonomy_process_reset.pddl -f ./problems/a42g11XOR-prefix-4-a42g11XOR_7_timed_data/problem4.pddl -h blind -s WAStar -dap -dl 1500"
	User time (seconds): 129.94
	System time (seconds): 5.86
	Percent of CPU this job got: 99%
	Elapsed (wall clock) time (h:mm:ss or m:ss): 2:15.92
	Average shared text size (kbytes): 0
	Average unshared data size (kbytes): 0
	Average stack size (kbytes): 0
	Average total size (kbytes): 0
	Maximum resident set size (kbytes): 9947692
	Average resident set size (kbytes): 0
	Major (requiring I/O) page faults: 0
	Minor (reclaiming a frame) page faults: 6472059
	Voluntary context switches: 7480
	Involuntary context switches: 10151
	Swaps: 0
	File system inputs: 0
	File system outputs: 736
	Socket messages sent: 0
	Socket messages received: 0
	Signals delivered: 0
	Page size (bytes): 4096
	Exit status: 0
	Command being timed: "timeout 600 java -Xmx64g -jar ./enhsp3.jar -o ./domain_framed_autonomy_process_reset.pddl -f ./problems/a42g11XOR-prefix-4-a42g11XOR_7_timed_data/problem5.pddl -h blind -s WAStar -dap -dl 1500"
	User time (seconds): 128.12
	System time (seconds): 5.72
	Percent of CPU this job got: 99%
	Elapsed (wall clock) time (h:mm:ss or m:ss): 2:13.95
	Average shared text size (kbytes): 0
	Average unshared data size (kbytes): 0
	Average stack size (kbytes): 0
	Average total size (kbytes): 0
	Maximum resident set size (kbytes): 10029124
	Average resident set size (kbytes): 0
	Major (requiring I/O) page faults: 0
	Minor (reclaiming a frame) page faults: 6228004
	Voluntary context switches: 7235
	Involuntary context switches: 9652
	Swaps: 0
	File system inputs: 0
	File system outputs: 720
	Socket messages sent: 0
	Socket messages received: 0
	Signals delivered: 0
	Page size (bytes): 4096
	Exit status: 0
	Command being timed: "timeout 600 java -Xmx64g -jar ./enhsp3.jar -o ./domain_framed_autonomy_process_reset.pddl -f ./problems/a42g11XOR-prefix-4-a42g11XOR_7_timed_data/problem6.pddl -h blind -s WAStar -dap -dl 1500"
	User time (seconds): 129.35
	System time (seconds): 5.67
	Percent of CPU this job got: 99%
	Elapsed (wall clock) time (h:mm:ss or m:ss): 2:15.13
	Average shared text size (kbytes): 0
	Average unshared data size (kbytes): 0
	Average stack size (kbytes): 0
	Average total size (kbytes): 0
	Maximum resident set size (kbytes): 10064284
	Average resident set size (kbytes): 0
	Major (requiring I/O) page faults: 0
	Minor (reclaiming a frame) page faults: 6198038
	Voluntary context switches: 7362
	Involuntary context switches: 9721
	Swaps: 0
	File system inputs: 0
	File system outputs: 712
	Socket messages sent: 0
	Socket messages received: 0
	Signals delivered: 0
	Page size (bytes): 4096
	Exit status: 0
	Command being timed: "timeout 600 java -Xmx64g -jar ./enhsp3.jar -o ./domain_framed_autonomy_process_reset.pddl -f ./problems/a42g11XOR-prefix-4-a42g11XOR_7_timed_data/problem7.pddl -h blind -s WAStar -dap -dl 1500"
	User time (seconds): 129.46
	System time (seconds): 5.71
	Percent of CPU this job got: 99%
	Elapsed (wall clock) time (h:mm:ss or m:ss): 2:15.27
	Average shared text size (kbytes): 0
	Average unshared data size (kbytes): 0
	Average stack size (kbytes): 0
	Average total size (kbytes): 0
	Maximum resident set size (kbytes): 10008624
	Average resident set size (kbytes): 0
	Major (requiring I/O) page faults: 0
	Minor (reclaiming a frame) page faults: 6355709
	Voluntary context switches: 7206
	Involuntary context switches: 9916
	Swaps: 0
	File system inputs: 0
	File system outputs: 736
	Socket messages sent: 0
	Socket messages received: 0
	Signals delivered: 0
	Page size (bytes): 4096
	Exit status: 0
	Command being timed: "timeout 600 java -Xmx64g -jar ./enhsp3.jar -o ./domain_framed_autonomy_process_reset.pddl -f ./problems/a42g11XOR-prefix-4-a42g11XOR_7_timed_data/problem8.pddl -h blind -s WAStar -dap -dl 1500"
	User time (seconds): 128.28
	System time (seconds): 5.77
	Percent of CPU this job got: 99%
	Elapsed (wall clock) time (h:mm:ss or m:ss): 2:14.20
	Average shared text size (kbytes): 0
	Average unshared data size (kbytes): 0
	Average stack size (kbytes): 0
	Average total size (kbytes): 0
	Maximum resident set size (kbytes): 9935484
	Average resident set size (kbytes): 0
	Major (requiring I/O) page faults: 0
	Minor (reclaiming a frame) page faults: 6289827
	Voluntary context switches: 7487
	Involuntary context switches: 9670
	Swaps: 0
	File system inputs: 0
	File system outputs: 728
	Socket messages sent: 0
	Socket messages received: 0
	Signals delivered: 0
	Page size (bytes): 4096
	Exit status: 0
	Command being timed: "timeout 600 java -Xmx64g -jar ./enhsp3.jar -o ./domain_framed_autonomy_process_reset.pddl -f ./problems/a42g11XOR-prefix-4-a42g11XOR_7_timed_data/problem9.pddl -h blind -s WAStar -dap -dl 1500"
	User time (seconds): 129.59
	System time (seconds): 5.94
	Percent of CPU this job got: 99%
	Elapsed (wall clock) time (h:mm:ss or m:ss): 2:15.62
	Average shared text size (kbytes): 0
	Average unshared data size (kbytes): 0
	Average stack size (kbytes): 0
	Average total size (kbytes): 0
	Maximum resident set size (kbytes): 10070720
	Average resident set size (kbytes): 0
	Major (requiring I/O) page faults: 0
	Minor (reclaiming a frame) page faults: 6439330
	Voluntary context switches: 7726
	Involuntary context switches: 9745
	Swaps: 0
	File system inputs: 0
	File system outputs: 736
	Socket messages sent: 0
	Socket messages received: 0
	Signals delivered: 0
	Page size (bytes): 4096
	Exit status: 0
	Command being timed: "timeout 600 java -Xmx64g -jar ./enhsp3.jar -o ./domain_framed_autonomy_process_reset.pddl -f ./problems/a42g11XOR-prefix-4-a42g11XOR_7_timed_data/problem10.pddl -h blind -s WAStar -dap -dl 1500"
	User time (seconds): 130.55
	System time (seconds): 5.76
	Percent of CPU this job got: 99%
	Elapsed (wall clock) time (h:mm:ss or m:ss): 2:16.43
	Average shared text size (kbytes): 0
	Average unshared data size (kbytes): 0
	Average stack size (kbytes): 0
	Average total size (kbytes): 0
	Maximum resident set size (kbytes): 10069836
	Average resident set size (kbytes): 0
	Major (requiring I/O) page faults: 0
	Minor (reclaiming a frame) page faults: 6242648
	Voluntary context switches: 7731
	Involuntary context switches: 10179
	Swaps: 0
	File system inputs: 0
	File system outputs: 728
	Socket messages sent: 0
	Socket messages received: 0
	Signals delivered: 0
	Page size (bytes): 4096
	Exit status: 0
