/usr/bin/time -v timeout 600 java -Xmx64g -jar ./enhsp3.jar -o ./domain_framed_autonomy_process_reset.pddl -f ./problems/a42g11XOR-prefix-non-conforming-3-a42g11XOR_5_data/problem1.pddl -h blind -s WAStar
Domain parsed
Problem parsed
Grounding..
Grounding Time: 43094
UFX:true
|F|:105065
|X|:17
Heuristic Problem Creation
|A|:1748
|P|:2
|E|:0
Delta time heuristic model:1.0
Delta time planning model:1.0
Delta time search-execution model:1.0
Delta time validation model:1
h(I):0.0
f(n) = 100.0 (Expanded Nodes: 4, Evaluated States: 4, Time: 0.026) Frontier Size: 0
f(n) = 101.0 (Expanded Nodes: 5, Evaluated States: 5, Time: 0.049) Frontier Size: 0
f(n) = 102.0 (Expanded Nodes: 6, Evaluated States: 6, Time: 0.05) Frontier Size: 0
f(n) = 103.0 (Expanded Nodes: 7, Evaluated States: 7, Time: 0.05) Frontier Size: 0
f(n) = 104.0 (Expanded Nodes: 8, Evaluated States: 8, Time: 0.05) Frontier Size: 0
f(n) = 105.0 (Expanded Nodes: 9, Evaluated States: 9, Time: 0.051) Frontier Size: 0
f(n) = 106.0 (Expanded Nodes: 10, Evaluated States: 10, Time: 0.051) Frontier Size: 0
f(n) = 107.0 (Expanded Nodes: 11, Evaluated States: 11, Time: 0.056) Frontier Size: 0
f(n) = 108.0 (Expanded Nodes: 12, Evaluated States: 12, Time: 0.057) Frontier Size: 0
f(n) = 109.0 (Expanded Nodes: 13, Evaluated States: 13, Time: 0.057) Frontier Size: 0
f(n) = 110.0 (Expanded Nodes: 14, Evaluated States: 14, Time: 0.061) Frontier Size: 0
f(n) = 111.0 (Expanded Nodes: 15, Evaluated States: 15, Time: 0.061) Frontier Size: 0
f(n) = 112.0 (Expanded Nodes: 16, Evaluated States: 16, Time: 0.062) Frontier Size: 0
f(n) = 113.0 (Expanded Nodes: 17, Evaluated States: 17, Time: 0.062) Frontier Size: 0
f(n) = 114.0 (Expanded Nodes: 18, Evaluated States: 18, Time: 0.062) Frontier Size: 0
f(n) = 115.0 (Expanded Nodes: 19, Evaluated States: 19, Time: 0.063) Frontier Size: 0
f(n) = 116.0 (Expanded Nodes: 20, Evaluated States: 20, Time: 0.064) Frontier Size: 0
f(n) = 117.0 (Expanded Nodes: 21, Evaluated States: 21, Time: 0.064) Frontier Size: 0
f(n) = 118.0 (Expanded Nodes: 22, Evaluated States: 22, Time: 0.065) Frontier Size: 0
f(n) = 119.0 (Expanded Nodes: 23, Evaluated States: 23, Time: 0.065) Frontier Size: 0
f(n) = 219.0 (Expanded Nodes: 26, Evaluated States: 26, Time: 0.07) Frontier Size: 0
f(n) = 220.0 (Expanded Nodes: 27, Evaluated States: 27, Time: 0.071) Frontier Size: 0
f(n) = 221.0 (Expanded Nodes: 28, Evaluated States: 28, Time: 0.071) Frontier Size: 0
f(n) = 222.0 (Expanded Nodes: 29, Evaluated States: 29, Time: 0.072) Frontier Size: 0
f(n) = 223.0 (Expanded Nodes: 30, Evaluated States: 30, Time: 0.072) Frontier Size: 0
f(n) = 224.0 (Expanded Nodes: 31, Evaluated States: 31, Time: 0.072) Frontier Size: 0
f(n) = 225.0 (Expanded Nodes: 32, Evaluated States: 32, Time: 0.073) Frontier Size: 0
f(n) = 226.0 (Expanded Nodes: 33, Evaluated States: 33, Time: 0.077) Frontier Size: 0
f(n) = 227.0 (Expanded Nodes: 34, Evaluated States: 34, Time: 0.077) Frontier Size: 0
f(n) = 228.0 (Expanded Nodes: 35, Evaluated States: 35, Time: 0.077) Frontier Size: 0
f(n) = 229.0 (Expanded Nodes: 36, Evaluated States: 36, Time: 0.078) Frontier Size: 0
f(n) = 230.0 (Expanded Nodes: 37, Evaluated States: 37, Time: 0.078) Frontier Size: 0
f(n) = 231.0 (Expanded Nodes: 38, Evaluated States: 38, Time: 0.081) Frontier Size: 0
f(n) = 232.0 (Expanded Nodes: 39, Evaluated States: 39, Time: 0.082) Frontier Size: 0
f(n) = 233.0 (Expanded Nodes: 40, Evaluated States: 40, Time: 0.082) Frontier Size: 0
f(n) = 234.0 (Expanded Nodes: 41, Evaluated States: 41, Time: 0.082) Frontier Size: 0
f(n) = 334.0 (Expanded Nodes: 44, Evaluated States: 44, Time: 0.083) Frontier Size: 0
Extracting plan with execution delta: 1.0
Problem Solved

Found Plan:
0: (validate_payload t0 a23 t1)
0: (sync_actions t0 t1 a23)
0: (reset pn)
0: -----waiting---- [19.0]
19.0: (validate_payload t1 a17 t2)
19.0: (sync_actions t1 t2 a17)
19.0: (reset pn)
19.0: -----waiting---- [34.0]
34.0: (validate_payload t2 a18 t3)
34.0: (sync_actions t2 t3 a18)
34.0: (reset pn)
34.0: (add_action a7)
34.0: (check_added_parameter_model a7)
34.0: (add_move_automata a7)
34.0: (stop_wait)
34.0: (add_action a13)
34.0: (check_added_parameter_model a13)
34.0: (add_move_automata a13)
34.0: (stop_wait)
34.0: (add_action a15)
34.0: (check_added_parameter_model a15)
34.0: (add_move_automata a15)
34.0: (stop_wait)
34.0: (add_action a16)
34.0: (check_added_parameter_model a16)
34.0: (add_move_automata a16)
34.0: (stop_wait)
34.0: (add_action a14)
34.0: (check_added_parameter_model a14)
34.0: (add_move_automata a14)
34.0: (stop_wait)
34.0: (add_action a8)
34.0: (check_added_parameter_model a8)
34.0: (add_move_automata a8)
34.0: (stop_wait)
34.0: (add_action a11)
34.0: (check_added_parameter_model a11)
34.0: (add_move_automata a11)
34.0: (stop_wait)
34.0: (add_action a38)
34.0: (check_added_parameter_model a38)
34.0: (add_move_automata a38)
34.0: (stop_wait)
34.0: (add_action a40)
34.0: (check_added_parameter_model a40)
34.0: (add_move_automata a40)
34.0: (stop_wait)
34.0: (add_action a41)
34.0: (check_added_parameter_model a41)
34.0: (add_move_automata a41)
34.0: (stop_wait)
34.0: (add_action a12)
34.0: (check_added_parameter_model a12)
34.0: (add_move_automata a12)
34.0: (stop_wait)
34.0: (add_action a23)
34.0: (check_added_parameter_model a23)
34.0: (add_move_automata a23)
34.0: (stop_wait)
34.0: (add_action a17)
34.0: (check_added_parameter_model a17)
34.0: (add_move_automata a17)
34.0: (stop_wait)
34.0: (add_action a18)
34.0: (check_added_parameter_model a18)
34.0: (add_move_automata a18)

Plan-Length:98
Elapsed Time: 34.0
Metric (Search):334.0
Planning Time (msec): 209
Heuristic Time (msec): 6
Search Time (msec): 200
Expanded Nodes:250
States Evaluated:283
Number of Dead-Ends detected:0
Number of Duplicates detected:134
/usr/bin/time -v timeout 600 java -Xmx64g -jar ./enhsp3.jar -o ./domain_framed_autonomy_process_reset.pddl -f ./problems/a42g11XOR-prefix-non-conforming-3-a42g11XOR_5_data/problem2.pddl -h blind -s WAStar
Domain parsed
Problem parsed
Grounding..
Grounding Time: 43421
UFX:true
|F|:105065
|X|:17
Heuristic Problem Creation
|A|:1748
|P|:2
|E|:0
Delta time heuristic model:1.0
Delta time planning model:1.0
Delta time search-execution model:1.0
Delta time validation model:1
h(I):0.0
f(n) = 100.0 (Expanded Nodes: 4, Evaluated States: 4, Time: 0.029) Frontier Size: 0
f(n) = 101.0 (Expanded Nodes: 5, Evaluated States: 5, Time: 0.055) Frontier Size: 0
f(n) = 102.0 (Expanded Nodes: 6, Evaluated States: 6, Time: 0.056) Frontier Size: 0
f(n) = 103.0 (Expanded Nodes: 7, Evaluated States: 7, Time: 0.056) Frontier Size: 0
f(n) = 104.0 (Expanded Nodes: 8, Evaluated States: 8, Time: 0.056) Frontier Size: 0
f(n) = 105.0 (Expanded Nodes: 9, Evaluated States: 9, Time: 0.057) Frontier Size: 0
f(n) = 106.0 (Expanded Nodes: 10, Evaluated States: 10, Time: 0.057) Frontier Size: 0
f(n) = 107.0 (Expanded Nodes: 11, Evaluated States: 11, Time: 0.057) Frontier Size: 0
f(n) = 108.0 (Expanded Nodes: 12, Evaluated States: 12, Time: 0.058) Frontier Size: 0
f(n) = 109.0 (Expanded Nodes: 13, Evaluated States: 13, Time: 0.058) Frontier Size: 0
f(n) = 110.0 (Expanded Nodes: 14, Evaluated States: 14, Time: 0.065) Frontier Size: 0
f(n) = 111.0 (Expanded Nodes: 15, Evaluated States: 15, Time: 0.065) Frontier Size: 0
f(n) = 112.0 (Expanded Nodes: 16, Evaluated States: 16, Time: 0.066) Frontier Size: 0
f(n) = 113.0 (Expanded Nodes: 17, Evaluated States: 17, Time: 0.066) Frontier Size: 0
f(n) = 114.0 (Expanded Nodes: 18, Evaluated States: 18, Time: 0.066) Frontier Size: 0
f(n) = 115.0 (Expanded Nodes: 19, Evaluated States: 19, Time: 0.067) Frontier Size: 0
f(n) = 116.0 (Expanded Nodes: 20, Evaluated States: 20, Time: 0.067) Frontier Size: 0
f(n) = 216.0 (Expanded Nodes: 23, Evaluated States: 23, Time: 0.072) Frontier Size: 0
f(n) = 217.0 (Expanded Nodes: 24, Evaluated States: 24, Time: 0.072) Frontier Size: 0
f(n) = 218.0 (Expanded Nodes: 25, Evaluated States: 25, Time: 0.073) Frontier Size: 0
f(n) = 219.0 (Expanded Nodes: 26, Evaluated States: 26, Time: 0.073) Frontier Size: 0
f(n) = 220.0 (Expanded Nodes: 27, Evaluated States: 27, Time: 0.073) Frontier Size: 0
f(n) = 221.0 (Expanded Nodes: 28, Evaluated States: 28, Time: 0.074) Frontier Size: 0
f(n) = 222.0 (Expanded Nodes: 29, Evaluated States: 29, Time: 0.074) Frontier Size: 0
f(n) = 223.0 (Expanded Nodes: 30, Evaluated States: 30, Time: 0.074) Frontier Size: 0
f(n) = 224.0 (Expanded Nodes: 31, Evaluated States: 31, Time: 0.075) Frontier Size: 0
f(n) = 225.0 (Expanded Nodes: 32, Evaluated States: 32, Time: 0.075) Frontier Size: 0
f(n) = 226.0 (Expanded Nodes: 33, Evaluated States: 33, Time: 0.079) Frontier Size: 0
f(n) = 227.0 (Expanded Nodes: 34, Evaluated States: 34, Time: 0.08) Frontier Size: 0
f(n) = 228.0 (Expanded Nodes: 35, Evaluated States: 35, Time: 0.081) Frontier Size: 0
f(n) = 229.0 (Expanded Nodes: 36, Evaluated States: 36, Time: 0.083) Frontier Size: 0
f(n) = 230.0 (Expanded Nodes: 37, Evaluated States: 37, Time: 0.083) Frontier Size: 0
f(n) = 231.0 (Expanded Nodes: 38, Evaluated States: 38, Time: 0.084) Frontier Size: 0
f(n) = 232.0 (Expanded Nodes: 39, Evaluated States: 39, Time: 0.084) Frontier Size: 0
f(n) = 233.0 (Expanded Nodes: 40, Evaluated States: 40, Time: 0.084) Frontier Size: 0
f(n) = 234.0 (Expanded Nodes: 41, Evaluated States: 41, Time: 0.084) Frontier Size: 0
f(n) = 235.0 (Expanded Nodes: 42, Evaluated States: 42, Time: 0.084) Frontier Size: 0
f(n) = 236.0 (Expanded Nodes: 43, Evaluated States: 43, Time: 0.085) Frontier Size: 0
f(n) = 237.0 (Expanded Nodes: 44, Evaluated States: 44, Time: 0.085) Frontier Size: 0
f(n) = 238.0 (Expanded Nodes: 45, Evaluated States: 45, Time: 0.085) Frontier Size: 0
f(n) = 239.0 (Expanded Nodes: 46, Evaluated States: 46, Time: 0.09) Frontier Size: 0
f(n) = 240.0 (Expanded Nodes: 47, Evaluated States: 47, Time: 0.09) Frontier Size: 0
f(n) = 241.0 (Expanded Nodes: 48, Evaluated States: 48, Time: 0.09) Frontier Size: 0
f(n) = 341.0 (Expanded Nodes: 51, Evaluated States: 51, Time: 0.092) Frontier Size: 0
Extracting plan with execution delta: 1.0
Problem Solved

Found Plan:
0: (validate_payload t0 a23 t1)
0: (sync_actions t0 t1 a23)
0: (reset pn)
0: -----waiting---- [16.0]
16.0: (validate_payload t1 a17 t2)
16.0: (sync_actions t1 t2 a17)
16.0: (reset pn)
16.0: -----waiting---- [41.0]
41.0: (validate_payload t2 a18 t3)
41.0: (sync_actions t2 t3 a18)
41.0: (reset pn)
41.0: (add_action a7)
41.0: (check_added_parameter_model a7)
41.0: (add_move_automata a7)
41.0: (stop_wait)
41.0: (add_action a13)
41.0: (check_added_parameter_model a13)
41.0: (add_move_automata a13)
41.0: (stop_wait)
41.0: (add_action a15)
41.0: (check_added_parameter_model a15)
41.0: (add_move_automata a15)
41.0: (stop_wait)
41.0: (add_action a16)
41.0: (check_added_parameter_model a16)
41.0: (add_move_automata a16)
41.0: (stop_wait)
41.0: (add_action a14)
41.0: (check_added_parameter_model a14)
41.0: (add_move_automata a14)
41.0: (stop_wait)
41.0: (add_action a8)
41.0: (check_added_parameter_model a8)
41.0: (add_move_automata a8)
41.0: (stop_wait)
41.0: (add_action a11)
41.0: (check_added_parameter_model a11)
41.0: (add_move_automata a11)
41.0: (stop_wait)
41.0: (add_action a38)
41.0: (check_added_parameter_model a38)
41.0: (add_move_automata a38)
41.0: (stop_wait)
41.0: (add_action a40)
41.0: (check_added_parameter_model a40)
41.0: (add_move_automata a40)
41.0: (stop_wait)
41.0: (add_action a41)
41.0: (check_added_parameter_model a41)
41.0: (add_move_automata a41)
41.0: (stop_wait)
41.0: (add_action a12)
41.0: (check_added_parameter_model a12)
41.0: (add_move_automata a12)
41.0: (stop_wait)
41.0: (add_action a23)
41.0: (check_added_parameter_model a23)
41.0: (add_move_automata a23)
41.0: (stop_wait)
41.0: (add_action a17)
41.0: (check_added_parameter_model a17)
41.0: (add_move_automata a17)
41.0: (stop_wait)
41.0: (add_action a18)
41.0: (check_added_parameter_model a18)
41.0: (add_move_automata a18)

Plan-Length:105
Elapsed Time: 41.0
Metric (Search):341.0
Planning Time (msec): 189
Heuristic Time (msec): 6
Search Time (msec): 177
Expanded Nodes:257
States Evaluated:290
Number of Dead-Ends detected:0
Number of Duplicates detected:134
/usr/bin/time -v timeout 600 java -Xmx64g -jar ./enhsp3.jar -o ./domain_framed_autonomy_process_reset.pddl -f ./problems/a42g11XOR-prefix-non-conforming-3-a42g11XOR_5_data/problem3.pddl -h blind -s WAStar
Domain parsed
Problem parsed
Grounding..
Grounding Time: 43077
UFX:true
|F|:105065
|X|:17
Heuristic Problem Creation
|A|:1748
|P|:2
|E|:0
Delta time heuristic model:1.0
Delta time planning model:1.0
Delta time search-execution model:1.0
Delta time validation model:1
h(I):0.0
f(n) = 100.0 (Expanded Nodes: 4, Evaluated States: 4, Time: 0.018) Frontier Size: 0
f(n) = 101.0 (Expanded Nodes: 5, Evaluated States: 5, Time: 0.043) Frontier Size: 0
f(n) = 102.0 (Expanded Nodes: 6, Evaluated States: 6, Time: 0.043) Frontier Size: 0
f(n) = 103.0 (Expanded Nodes: 7, Evaluated States: 7, Time: 0.045) Frontier Size: 0
f(n) = 104.0 (Expanded Nodes: 8, Evaluated States: 8, Time: 0.049) Frontier Size: 0
f(n) = 105.0 (Expanded Nodes: 9, Evaluated States: 9, Time: 0.049) Frontier Size: 0
f(n) = 106.0 (Expanded Nodes: 10, Evaluated States: 10, Time: 0.05) Frontier Size: 0
f(n) = 107.0 (Expanded Nodes: 11, Evaluated States: 11, Time: 0.05) Frontier Size: 0
f(n) = 108.0 (Expanded Nodes: 12, Evaluated States: 12, Time: 0.05) Frontier Size: 0
f(n) = 109.0 (Expanded Nodes: 13, Evaluated States: 13, Time: 0.051) Frontier Size: 0
f(n) = 110.0 (Expanded Nodes: 14, Evaluated States: 14, Time: 0.051) Frontier Size: 0
f(n) = 111.0 (Expanded Nodes: 15, Evaluated States: 15, Time: 0.052) Frontier Size: 0
f(n) = 112.0 (Expanded Nodes: 16, Evaluated States: 16, Time: 0.053) Frontier Size: 0
f(n) = 113.0 (Expanded Nodes: 17, Evaluated States: 17, Time: 0.057) Frontier Size: 0
f(n) = 114.0 (Expanded Nodes: 18, Evaluated States: 18, Time: 0.057) Frontier Size: 0
f(n) = 115.0 (Expanded Nodes: 19, Evaluated States: 19, Time: 0.057) Frontier Size: 0
f(n) = 116.0 (Expanded Nodes: 20, Evaluated States: 20, Time: 0.058) Frontier Size: 0
f(n) = 117.0 (Expanded Nodes: 21, Evaluated States: 21, Time: 0.058) Frontier Size: 0
f(n) = 118.0 (Expanded Nodes: 22, Evaluated States: 22, Time: 0.059) Frontier Size: 0
f(n) = 119.0 (Expanded Nodes: 23, Evaluated States: 23, Time: 0.059) Frontier Size: 0
f(n) = 219.0 (Expanded Nodes: 26, Evaluated States: 26, Time: 0.065) Frontier Size: 0
f(n) = 220.0 (Expanded Nodes: 27, Evaluated States: 27, Time: 0.065) Frontier Size: 0
f(n) = 221.0 (Expanded Nodes: 28, Evaluated States: 28, Time: 0.066) Frontier Size: 0
f(n) = 222.0 (Expanded Nodes: 29, Evaluated States: 29, Time: 0.066) Frontier Size: 0
f(n) = 223.0 (Expanded Nodes: 30, Evaluated States: 30, Time: 0.066) Frontier Size: 0
f(n) = 224.0 (Expanded Nodes: 31, Evaluated States: 31, Time: 0.067) Frontier Size: 0
f(n) = 225.0 (Expanded Nodes: 32, Evaluated States: 32, Time: 0.067) Frontier Size: 0
f(n) = 226.0 (Expanded Nodes: 33, Evaluated States: 33, Time: 0.071) Frontier Size: 0
f(n) = 227.0 (Expanded Nodes: 34, Evaluated States: 34, Time: 0.072) Frontier Size: 0
f(n) = 228.0 (Expanded Nodes: 35, Evaluated States: 35, Time: 0.072) Frontier Size: 0
f(n) = 229.0 (Expanded Nodes: 36, Evaluated States: 36, Time: 0.073) Frontier Size: 0
f(n) = 230.0 (Expanded Nodes: 37, Evaluated States: 37, Time: 0.073) Frontier Size: 0
f(n) = 231.0 (Expanded Nodes: 38, Evaluated States: 38, Time: 0.073) Frontier Size: 0
f(n) = 232.0 (Expanded Nodes: 39, Evaluated States: 39, Time: 0.074) Frontier Size: 0
f(n) = 233.0 (Expanded Nodes: 40, Evaluated States: 40, Time: 0.074) Frontier Size: 0
f(n) = 234.0 (Expanded Nodes: 41, Evaluated States: 41, Time: 0.074) Frontier Size: 0
f(n) = 235.0 (Expanded Nodes: 42, Evaluated States: 42, Time: 0.075) Frontier Size: 0
f(n) = 236.0 (Expanded Nodes: 43, Evaluated States: 43, Time: 0.075) Frontier Size: 0
f(n) = 237.0 (Expanded Nodes: 44, Evaluated States: 44, Time: 0.081) Frontier Size: 0
f(n) = 337.0 (Expanded Nodes: 47, Evaluated States: 47, Time: 0.082) Frontier Size: 0
Extracting plan with execution delta: 1.0
Problem Solved

Found Plan:
0: (validate_payload t0 a23 t1)
0: (sync_actions t0 t1 a23)
0: (reset pn)
0: -----waiting---- [19.0]
19.0: (validate_payload t1 a17 t2)
19.0: (sync_actions t1 t2 a17)
19.0: (reset pn)
19.0: -----waiting---- [37.0]
37.0: (validate_payload t2 a18 t3)
37.0: (sync_actions t2 t3 a18)
37.0: (reset pn)
37.0: (add_action a7)
37.0: (check_added_parameter_model a7)
37.0: (add_move_automata a7)
37.0: (stop_wait)
37.0: (add_action a13)
37.0: (check_added_parameter_model a13)
37.0: (add_move_automata a13)
37.0: (stop_wait)
37.0: (add_action a15)
37.0: (check_added_parameter_model a15)
37.0: (add_move_automata a15)
37.0: (stop_wait)
37.0: (add_action a16)
37.0: (check_added_parameter_model a16)
37.0: (add_move_automata a16)
37.0: (stop_wait)
37.0: (add_action a14)
37.0: (check_added_parameter_model a14)
37.0: (add_move_automata a14)
37.0: (stop_wait)
37.0: (add_action a8)
37.0: (check_added_parameter_model a8)
37.0: (add_move_automata a8)
37.0: (stop_wait)
37.0: (add_action a11)
37.0: (check_added_parameter_model a11)
37.0: (add_move_automata a11)
37.0: (stop_wait)
37.0: (add_action a38)
37.0: (check_added_parameter_model a38)
37.0: (add_move_automata a38)
37.0: (stop_wait)
37.0: (add_action a40)
37.0: (check_added_parameter_model a40)
37.0: (add_move_automata a40)
37.0: (stop_wait)
37.0: (add_action a41)
37.0: (check_added_parameter_model a41)
37.0: (add_move_automata a41)
37.0: (stop_wait)
37.0: (add_action a12)
37.0: (check_added_parameter_model a12)
37.0: (add_move_automata a12)
37.0: (stop_wait)
37.0: (add_action a23)
37.0: (check_added_parameter_model a23)
37.0: (add_move_automata a23)
37.0: (stop_wait)
37.0: (add_action a17)
37.0: (check_added_parameter_model a17)
37.0: (add_move_automata a17)
37.0: (stop_wait)
37.0: (add_action a18)
37.0: (check_added_parameter_model a18)
37.0: (add_move_automata a18)

Plan-Length:101
Elapsed Time: 37.0
Metric (Search):337.0
Planning Time (msec): 215
Heuristic Time (msec): 2
Search Time (msec): 200
Expanded Nodes:253
States Evaluated:286
Number of Dead-Ends detected:0
Number of Duplicates detected:134
/usr/bin/time -v timeout 600 java -Xmx64g -jar ./enhsp3.jar -o ./domain_framed_autonomy_process_reset.pddl -f ./problems/a42g11XOR-prefix-non-conforming-3-a42g11XOR_5_data/problem4.pddl -h blind -s WAStar
Domain parsed
Problem parsed
Grounding..
Grounding Time: 42979
UFX:true
|F|:105065
|X|:17
Heuristic Problem Creation
|A|:1748
|P|:2
|E|:0
Delta time heuristic model:1.0
Delta time planning model:1.0
Delta time search-execution model:1.0
Delta time validation model:1
h(I):0.0
f(n) = 100.0 (Expanded Nodes: 4, Evaluated States: 4, Time: 0.025) Frontier Size: 0
f(n) = 101.0 (Expanded Nodes: 5, Evaluated States: 5, Time: 0.047) Frontier Size: 0
f(n) = 102.0 (Expanded Nodes: 6, Evaluated States: 6, Time: 0.054) Frontier Size: 0
f(n) = 103.0 (Expanded Nodes: 7, Evaluated States: 7, Time: 0.055) Frontier Size: 0
f(n) = 104.0 (Expanded Nodes: 8, Evaluated States: 8, Time: 0.055) Frontier Size: 0
f(n) = 105.0 (Expanded Nodes: 9, Evaluated States: 9, Time: 0.056) Frontier Size: 0
f(n) = 106.0 (Expanded Nodes: 10, Evaluated States: 10, Time: 0.056) Frontier Size: 0
f(n) = 107.0 (Expanded Nodes: 11, Evaluated States: 11, Time: 0.056) Frontier Size: 0
f(n) = 108.0 (Expanded Nodes: 12, Evaluated States: 12, Time: 0.057) Frontier Size: 0
f(n) = 109.0 (Expanded Nodes: 13, Evaluated States: 13, Time: 0.057) Frontier Size: 0
f(n) = 110.0 (Expanded Nodes: 14, Evaluated States: 14, Time: 0.058) Frontier Size: 0
f(n) = 111.0 (Expanded Nodes: 15, Evaluated States: 15, Time: 0.058) Frontier Size: 0
f(n) = 112.0 (Expanded Nodes: 16, Evaluated States: 16, Time: 0.059) Frontier Size: 0
f(n) = 113.0 (Expanded Nodes: 17, Evaluated States: 17, Time: 0.061) Frontier Size: 0
f(n) = 114.0 (Expanded Nodes: 18, Evaluated States: 18, Time: 0.061) Frontier Size: 0
f(n) = 115.0 (Expanded Nodes: 19, Evaluated States: 19, Time: 0.062) Frontier Size: 0
f(n) = 116.0 (Expanded Nodes: 20, Evaluated States: 20, Time: 0.062) Frontier Size: 0
f(n) = 117.0 (Expanded Nodes: 21, Evaluated States: 21, Time: 0.063) Frontier Size: 0
f(n) = 118.0 (Expanded Nodes: 22, Evaluated States: 22, Time: 0.063) Frontier Size: 0
f(n) = 119.0 (Expanded Nodes: 23, Evaluated States: 23, Time: 0.064) Frontier Size: 0
f(n) = 120.0 (Expanded Nodes: 24, Evaluated States: 24, Time: 0.066) Frontier Size: 0
f(n) = 121.0 (Expanded Nodes: 25, Evaluated States: 25, Time: 0.066) Frontier Size: 0
f(n) = 122.0 (Expanded Nodes: 26, Evaluated States: 26, Time: 0.067) Frontier Size: 0
f(n) = 123.0 (Expanded Nodes: 27, Evaluated States: 27, Time: 0.071) Frontier Size: 0
f(n) = 124.0 (Expanded Nodes: 28, Evaluated States: 28, Time: 0.071) Frontier Size: 0
f(n) = 224.0 (Expanded Nodes: 31, Evaluated States: 31, Time: 0.072) Frontier Size: 0
f(n) = 225.0 (Expanded Nodes: 32, Evaluated States: 32, Time: 0.073) Frontier Size: 0
f(n) = 226.0 (Expanded Nodes: 33, Evaluated States: 33, Time: 0.073) Frontier Size: 0
f(n) = 227.0 (Expanded Nodes: 34, Evaluated States: 34, Time: 0.074) Frontier Size: 0
f(n) = 228.0 (Expanded Nodes: 35, Evaluated States: 35, Time: 0.074) Frontier Size: 0
f(n) = 229.0 (Expanded Nodes: 36, Evaluated States: 36, Time: 0.074) Frontier Size: 0
f(n) = 230.0 (Expanded Nodes: 37, Evaluated States: 37, Time: 0.075) Frontier Size: 0
f(n) = 231.0 (Expanded Nodes: 38, Evaluated States: 38, Time: 0.075) Frontier Size: 0
f(n) = 232.0 (Expanded Nodes: 39, Evaluated States: 39, Time: 0.075) Frontier Size: 0
f(n) = 233.0 (Expanded Nodes: 40, Evaluated States: 40, Time: 0.076) Frontier Size: 0
f(n) = 234.0 (Expanded Nodes: 41, Evaluated States: 41, Time: 0.076) Frontier Size: 0
f(n) = 235.0 (Expanded Nodes: 42, Evaluated States: 42, Time: 0.076) Frontier Size: 0
f(n) = 236.0 (Expanded Nodes: 43, Evaluated States: 43, Time: 0.083) Frontier Size: 0
f(n) = 237.0 (Expanded Nodes: 44, Evaluated States: 44, Time: 0.083) Frontier Size: 0
f(n) = 238.0 (Expanded Nodes: 45, Evaluated States: 45, Time: 0.083) Frontier Size: 0
f(n) = 239.0 (Expanded Nodes: 46, Evaluated States: 46, Time: 0.084) Frontier Size: 0
f(n) = 240.0 (Expanded Nodes: 47, Evaluated States: 47, Time: 0.084) Frontier Size: 0
f(n) = 340.0 (Expanded Nodes: 50, Evaluated States: 50, Time: 0.085) Frontier Size: 0
Extracting plan with execution delta: 1.0
Problem Solved

Found Plan:
0: (validate_payload t0 a23 t1)
0: (sync_actions t0 t1 a23)
0: (reset pn)
0: -----waiting---- [24.0]
24.0: (validate_payload t1 a17 t2)
24.0: (sync_actions t1 t2 a17)
24.0: (reset pn)
24.0: -----waiting---- [40.0]
40.0: (validate_payload t2 a18 t3)
40.0: (sync_actions t2 t3 a18)
40.0: (reset pn)
40.0: (add_action a7)
40.0: (check_added_parameter_model a7)
40.0: (add_move_automata a7)
40.0: (stop_wait)
40.0: (add_action a13)
40.0: (check_added_parameter_model a13)
40.0: (add_move_automata a13)
40.0: (stop_wait)
40.0: (add_action a15)
40.0: (check_added_parameter_model a15)
40.0: (add_move_automata a15)
40.0: (stop_wait)
40.0: (add_action a16)
40.0: (check_added_parameter_model a16)
40.0: (add_move_automata a16)
40.0: (stop_wait)
40.0: (add_action a14)
40.0: (check_added_parameter_model a14)
40.0: (add_move_automata a14)
40.0: (stop_wait)
40.0: (add_action a8)
40.0: (check_added_parameter_model a8)
40.0: (add_move_automata a8)
40.0: (stop_wait)
40.0: (add_action a11)
40.0: (check_added_parameter_model a11)
40.0: (add_move_automata a11)
40.0: (stop_wait)
40.0: (add_action a38)
40.0: (check_added_parameter_model a38)
40.0: (add_move_automata a38)
40.0: (stop_wait)
40.0: (add_action a40)
40.0: (check_added_parameter_model a40)
40.0: (add_move_automata a40)
40.0: (stop_wait)
40.0: (add_action a41)
40.0: (check_added_parameter_model a41)
40.0: (add_move_automata a41)
40.0: (stop_wait)
40.0: (add_action a12)
40.0: (check_added_parameter_model a12)
40.0: (add_move_automata a12)
40.0: (stop_wait)
40.0: (add_action a23)
40.0: (check_added_parameter_model a23)
40.0: (add_move_automata a23)
40.0: (stop_wait)
40.0: (add_action a17)
40.0: (check_added_parameter_model a17)
40.0: (add_move_automata a17)
40.0: (stop_wait)
40.0: (add_action a18)
40.0: (check_added_parameter_model a18)
40.0: (add_move_automata a18)

Plan-Length:104
Elapsed Time: 40.0
Metric (Search):340.0
Planning Time (msec): 222
Heuristic Time (msec): 5
Search Time (msec): 210
Expanded Nodes:256
States Evaluated:289
Number of Dead-Ends detected:0
Number of Duplicates detected:134
/usr/bin/time -v timeout 600 java -Xmx64g -jar ./enhsp3.jar -o ./domain_framed_autonomy_process_reset.pddl -f ./problems/a42g11XOR-prefix-non-conforming-3-a42g11XOR_5_data/problem5.pddl -h blind -s WAStar
Domain parsed
Problem parsed
Grounding..
Grounding Time: 43252
UFX:true
|F|:105065
|X|:17
Heuristic Problem Creation
|A|:1748
|P|:2
|E|:0
Delta time heuristic model:1.0
Delta time planning model:1.0
Delta time search-execution model:1.0
Delta time validation model:1
h(I):0.0
f(n) = 100.0 (Expanded Nodes: 4, Evaluated States: 4, Time: 0.025) Frontier Size: 0
f(n) = 101.0 (Expanded Nodes: 5, Evaluated States: 5, Time: 0.049) Frontier Size: 0
f(n) = 102.0 (Expanded Nodes: 6, Evaluated States: 6, Time: 0.049) Frontier Size: 0
f(n) = 103.0 (Expanded Nodes: 7, Evaluated States: 7, Time: 0.05) Frontier Size: 0
f(n) = 104.0 (Expanded Nodes: 8, Evaluated States: 8, Time: 0.05) Frontier Size: 0
f(n) = 105.0 (Expanded Nodes: 9, Evaluated States: 9, Time: 0.051) Frontier Size: 0
f(n) = 106.0 (Expanded Nodes: 10, Evaluated States: 10, Time: 0.051) Frontier Size: 0
f(n) = 107.0 (Expanded Nodes: 11, Evaluated States: 11, Time: 0.051) Frontier Size: 0
f(n) = 108.0 (Expanded Nodes: 12, Evaluated States: 12, Time: 0.052) Frontier Size: 0
f(n) = 109.0 (Expanded Nodes: 13, Evaluated States: 13, Time: 0.052) Frontier Size: 0
f(n) = 110.0 (Expanded Nodes: 14, Evaluated States: 14, Time: 0.061) Frontier Size: 0
f(n) = 111.0 (Expanded Nodes: 15, Evaluated States: 15, Time: 0.062) Frontier Size: 0
f(n) = 112.0 (Expanded Nodes: 16, Evaluated States: 16, Time: 0.062) Frontier Size: 0
f(n) = 113.0 (Expanded Nodes: 17, Evaluated States: 17, Time: 0.063) Frontier Size: 0
f(n) = 114.0 (Expanded Nodes: 18, Evaluated States: 18, Time: 0.063) Frontier Size: 0
f(n) = 115.0 (Expanded Nodes: 19, Evaluated States: 19, Time: 0.063) Frontier Size: 0
f(n) = 116.0 (Expanded Nodes: 20, Evaluated States: 20, Time: 0.064) Frontier Size: 0
f(n) = 117.0 (Expanded Nodes: 21, Evaluated States: 21, Time: 0.064) Frontier Size: 0
f(n) = 118.0 (Expanded Nodes: 22, Evaluated States: 22, Time: 0.065) Frontier Size: 0
f(n) = 119.0 (Expanded Nodes: 23, Evaluated States: 23, Time: 0.065) Frontier Size: 0
f(n) = 120.0 (Expanded Nodes: 24, Evaluated States: 24, Time: 0.07) Frontier Size: 0
f(n) = 121.0 (Expanded Nodes: 25, Evaluated States: 25, Time: 0.07) Frontier Size: 0
f(n) = 122.0 (Expanded Nodes: 26, Evaluated States: 26, Time: 0.071) Frontier Size: 0
f(n) = 123.0 (Expanded Nodes: 27, Evaluated States: 27, Time: 0.071) Frontier Size: 0
f(n) = 223.0 (Expanded Nodes: 30, Evaluated States: 30, Time: 0.072) Frontier Size: 0
f(n) = 224.0 (Expanded Nodes: 31, Evaluated States: 31, Time: 0.073) Frontier Size: 0
f(n) = 225.0 (Expanded Nodes: 32, Evaluated States: 32, Time: 0.074) Frontier Size: 0
f(n) = 226.0 (Expanded Nodes: 33, Evaluated States: 33, Time: 0.078) Frontier Size: 0
f(n) = 227.0 (Expanded Nodes: 34, Evaluated States: 34, Time: 0.078) Frontier Size: 0
f(n) = 228.0 (Expanded Nodes: 35, Evaluated States: 35, Time: 0.078) Frontier Size: 0
f(n) = 229.0 (Expanded Nodes: 36, Evaluated States: 36, Time: 0.079) Frontier Size: 0
f(n) = 230.0 (Expanded Nodes: 37, Evaluated States: 37, Time: 0.079) Frontier Size: 0
f(n) = 231.0 (Expanded Nodes: 38, Evaluated States: 38, Time: 0.08) Frontier Size: 0
f(n) = 232.0 (Expanded Nodes: 39, Evaluated States: 39, Time: 0.08) Frontier Size: 0
f(n) = 233.0 (Expanded Nodes: 40, Evaluated States: 40, Time: 0.08) Frontier Size: 0
f(n) = 234.0 (Expanded Nodes: 41, Evaluated States: 41, Time: 0.085) Frontier Size: 0
f(n) = 235.0 (Expanded Nodes: 42, Evaluated States: 42, Time: 0.085) Frontier Size: 0
f(n) = 236.0 (Expanded Nodes: 43, Evaluated States: 43, Time: 0.09) Frontier Size: 0
f(n) = 237.0 (Expanded Nodes: 44, Evaluated States: 44, Time: 0.09) Frontier Size: 0
f(n) = 238.0 (Expanded Nodes: 45, Evaluated States: 45, Time: 0.09) Frontier Size: 0
f(n) = 239.0 (Expanded Nodes: 46, Evaluated States: 46, Time: 0.09) Frontier Size: 0
f(n) = 240.0 (Expanded Nodes: 47, Evaluated States: 47, Time: 0.091) Frontier Size: 0
f(n) = 241.0 (Expanded Nodes: 48, Evaluated States: 48, Time: 0.091) Frontier Size: 0
f(n) = 242.0 (Expanded Nodes: 49, Evaluated States: 49, Time: 0.091) Frontier Size: 0
f(n) = 342.0 (Expanded Nodes: 52, Evaluated States: 52, Time: 0.092) Frontier Size: 0
Extracting plan with execution delta: 1.0
Problem Solved

Found Plan:
0: (validate_payload t0 a23 t1)
0: (sync_actions t0 t1 a23)
0: (reset pn)
0: -----waiting---- [23.0]
23.0: (validate_payload t1 a17 t2)
23.0: (sync_actions t1 t2 a17)
23.0: (reset pn)
23.0: -----waiting---- [42.0]
42.0: (validate_payload t2 a18 t3)
42.0: (sync_actions t2 t3 a18)
42.0: (reset pn)
42.0: (add_action a7)
42.0: (check_added_parameter_model a7)
42.0: (add_move_automata a7)
42.0: (stop_wait)
42.0: (add_action a13)
42.0: (check_added_parameter_model a13)
42.0: (add_move_automata a13)
42.0: (stop_wait)
42.0: (add_action a15)
42.0: (check_added_parameter_model a15)
42.0: (add_move_automata a15)
42.0: (stop_wait)
42.0: (add_action a16)
42.0: (check_added_parameter_model a16)
42.0: (add_move_automata a16)
42.0: (stop_wait)
42.0: (add_action a14)
42.0: (check_added_parameter_model a14)
42.0: (add_move_automata a14)
42.0: (stop_wait)
42.0: (add_action a8)
42.0: (check_added_parameter_model a8)
42.0: (add_move_automata a8)
42.0: (stop_wait)
42.0: (add_action a11)
42.0: (check_added_parameter_model a11)
42.0: (add_move_automata a11)
42.0: (stop_wait)
42.0: (add_action a38)
42.0: (check_added_parameter_model a38)
42.0: (add_move_automata a38)
42.0: (stop_wait)
42.0: (add_action a40)
42.0: (check_added_parameter_model a40)
42.0: (add_move_automata a40)
42.0: (stop_wait)
42.0: (add_action a41)
42.0: (check_added_parameter_model a41)
42.0: (add_move_automata a41)
42.0: (stop_wait)
42.0: (add_action a12)
42.0: (check_added_parameter_model a12)
42.0: (add_move_automata a12)
42.0: (stop_wait)
42.0: (add_action a23)
42.0: (check_added_parameter_model a23)
42.0: (add_move_automata a23)
42.0: (stop_wait)
42.0: (add_action a17)
42.0: (check_added_parameter_model a17)
42.0: (add_move_automata a17)
42.0: (stop_wait)
42.0: (add_action a18)
42.0: (check_added_parameter_model a18)
42.0: (add_move_automata a18)

Plan-Length:106
Elapsed Time: 42.0
Metric (Search):342.0
Planning Time (msec): 214
Heuristic Time (msec): 7
Search Time (msec): 204
Expanded Nodes:258
States Evaluated:291
Number of Dead-Ends detected:0
Number of Duplicates detected:134
/usr/bin/time -v timeout 600 java -Xmx64g -jar ./enhsp3.jar -o ./domain_framed_autonomy_process_reset.pddl -f ./problems/a42g11XOR-prefix-non-conforming-3-a42g11XOR_5_data/problem6.pddl -h blind -s WAStar
Domain parsed
Problem parsed
Grounding..
Grounding Time: 42893
UFX:true
|F|:105065
|X|:17
Heuristic Problem Creation
|A|:1748
|P|:2
|E|:0
Delta time heuristic model:1.0
Delta time planning model:1.0
Delta time search-execution model:1.0
Delta time validation model:1
h(I):0.0
f(n) = 100.0 (Expanded Nodes: 4, Evaluated States: 4, Time: 0.025) Frontier Size: 0
f(n) = 101.0 (Expanded Nodes: 5, Evaluated States: 5, Time: 0.046) Frontier Size: 0
f(n) = 102.0 (Expanded Nodes: 6, Evaluated States: 6, Time: 0.047) Frontier Size: 0
f(n) = 103.0 (Expanded Nodes: 7, Evaluated States: 7, Time: 0.05) Frontier Size: 0
f(n) = 104.0 (Expanded Nodes: 8, Evaluated States: 8, Time: 0.053) Frontier Size: 0
f(n) = 105.0 (Expanded Nodes: 9, Evaluated States: 9, Time: 0.053) Frontier Size: 0
f(n) = 106.0 (Expanded Nodes: 10, Evaluated States: 10, Time: 0.054) Frontier Size: 0
f(n) = 107.0 (Expanded Nodes: 11, Evaluated States: 11, Time: 0.054) Frontier Size: 0
f(n) = 108.0 (Expanded Nodes: 12, Evaluated States: 12, Time: 0.054) Frontier Size: 0
f(n) = 109.0 (Expanded Nodes: 13, Evaluated States: 13, Time: 0.055) Frontier Size: 0
f(n) = 110.0 (Expanded Nodes: 14, Evaluated States: 14, Time: 0.056) Frontier Size: 0
f(n) = 111.0 (Expanded Nodes: 15, Evaluated States: 15, Time: 0.057) Frontier Size: 0
f(n) = 112.0 (Expanded Nodes: 16, Evaluated States: 16, Time: 0.057) Frontier Size: 0
f(n) = 113.0 (Expanded Nodes: 17, Evaluated States: 17, Time: 0.057) Frontier Size: 0
f(n) = 114.0 (Expanded Nodes: 18, Evaluated States: 18, Time: 0.058) Frontier Size: 0
f(n) = 115.0 (Expanded Nodes: 19, Evaluated States: 19, Time: 0.058) Frontier Size: 0
f(n) = 116.0 (Expanded Nodes: 20, Evaluated States: 20, Time: 0.059) Frontier Size: 0
f(n) = 117.0 (Expanded Nodes: 21, Evaluated States: 21, Time: 0.059) Frontier Size: 0
f(n) = 118.0 (Expanded Nodes: 22, Evaluated States: 22, Time: 0.06) Frontier Size: 0
f(n) = 119.0 (Expanded Nodes: 23, Evaluated States: 23, Time: 0.06) Frontier Size: 0
f(n) = 120.0 (Expanded Nodes: 24, Evaluated States: 24, Time: 0.061) Frontier Size: 0
f(n) = 121.0 (Expanded Nodes: 25, Evaluated States: 25, Time: 0.061) Frontier Size: 0
f(n) = 122.0 (Expanded Nodes: 26, Evaluated States: 26, Time: 0.061) Frontier Size: 0
f(n) = 222.0 (Expanded Nodes: 29, Evaluated States: 29, Time: 0.064) Frontier Size: 0
f(n) = 223.0 (Expanded Nodes: 30, Evaluated States: 30, Time: 0.064) Frontier Size: 0
f(n) = 224.0 (Expanded Nodes: 31, Evaluated States: 31, Time: 0.065) Frontier Size: 0
f(n) = 225.0 (Expanded Nodes: 32, Evaluated States: 32, Time: 0.065) Frontier Size: 0
f(n) = 226.0 (Expanded Nodes: 33, Evaluated States: 33, Time: 0.065) Frontier Size: 0
f(n) = 227.0 (Expanded Nodes: 34, Evaluated States: 34, Time: 0.065) Frontier Size: 0
f(n) = 228.0 (Expanded Nodes: 35, Evaluated States: 35, Time: 0.066) Frontier Size: 0
f(n) = 229.0 (Expanded Nodes: 36, Evaluated States: 36, Time: 0.066) Frontier Size: 0
f(n) = 230.0 (Expanded Nodes: 37, Evaluated States: 37, Time: 0.066) Frontier Size: 0
f(n) = 231.0 (Expanded Nodes: 38, Evaluated States: 38, Time: 0.066) Frontier Size: 0
f(n) = 232.0 (Expanded Nodes: 39, Evaluated States: 39, Time: 0.067) Frontier Size: 0
f(n) = 233.0 (Expanded Nodes: 40, Evaluated States: 40, Time: 0.067) Frontier Size: 0
f(n) = 234.0 (Expanded Nodes: 41, Evaluated States: 41, Time: 0.067) Frontier Size: 0
f(n) = 235.0 (Expanded Nodes: 42, Evaluated States: 42, Time: 0.068) Frontier Size: 0
f(n) = 236.0 (Expanded Nodes: 43, Evaluated States: 43, Time: 0.068) Frontier Size: 0
f(n) = 237.0 (Expanded Nodes: 44, Evaluated States: 44, Time: 0.068) Frontier Size: 0
f(n) = 238.0 (Expanded Nodes: 45, Evaluated States: 45, Time: 0.077) Frontier Size: 0
f(n) = 239.0 (Expanded Nodes: 46, Evaluated States: 46, Time: 0.078) Frontier Size: 0
f(n) = 240.0 (Expanded Nodes: 47, Evaluated States: 47, Time: 0.078) Frontier Size: 0
f(n) = 241.0 (Expanded Nodes: 48, Evaluated States: 48, Time: 0.078) Frontier Size: 0
f(n) = 242.0 (Expanded Nodes: 49, Evaluated States: 49, Time: 0.079) Frontier Size: 0
f(n) = 243.0 (Expanded Nodes: 50, Evaluated States: 50, Time: 0.079) Frontier Size: 0
f(n) = 244.0 (Expanded Nodes: 51, Evaluated States: 51, Time: 0.079) Frontier Size: 0
f(n) = 344.0 (Expanded Nodes: 54, Evaluated States: 54, Time: 0.08) Frontier Size: 0
Extracting plan with execution delta: 1.0
Problem Solved

Found Plan:
0: (validate_payload t0 a23 t1)
0: (sync_actions t0 t1 a23)
0: (reset pn)
0: -----waiting---- [22.0]
22.0: (validate_payload t1 a17 t2)
22.0: (sync_actions t1 t2 a17)
22.0: (reset pn)
22.0: -----waiting---- [44.0]
44.0: (validate_payload t2 a18 t3)
44.0: (sync_actions t2 t3 a18)
44.0: (reset pn)
44.0: (add_action a7)
44.0: (check_added_parameter_model a7)
44.0: (add_move_automata a7)
44.0: (stop_wait)
44.0: (add_action a13)
44.0: (check_added_parameter_model a13)
44.0: (add_move_automata a13)
44.0: (stop_wait)
44.0: (add_action a15)
44.0: (check_added_parameter_model a15)
44.0: (add_move_automata a15)
44.0: (stop_wait)
44.0: (add_action a16)
44.0: (check_added_parameter_model a16)
44.0: (add_move_automata a16)
44.0: (stop_wait)
44.0: (add_action a14)
44.0: (check_added_parameter_model a14)
44.0: (add_move_automata a14)
44.0: (stop_wait)
44.0: (add_action a8)
44.0: (check_added_parameter_model a8)
44.0: (add_move_automata a8)
44.0: (stop_wait)
44.0: (add_action a11)
44.0: (check_added_parameter_model a11)
44.0: (add_move_automata a11)
44.0: (stop_wait)
44.0: (add_action a38)
44.0: (check_added_parameter_model a38)
44.0: (add_move_automata a38)
44.0: (stop_wait)
44.0: (add_action a40)
44.0: (check_added_parameter_model a40)
44.0: (add_move_automata a40)
44.0: (stop_wait)
44.0: (add_action a41)
44.0: (check_added_parameter_model a41)
44.0: (add_move_automata a41)
44.0: (stop_wait)
44.0: (add_action a12)
44.0: (check_added_parameter_model a12)
44.0: (add_move_automata a12)
44.0: (stop_wait)
44.0: (add_action a23)
44.0: (check_added_parameter_model a23)
44.0: (add_move_automata a23)
44.0: (stop_wait)
44.0: (add_action a17)
44.0: (check_added_parameter_model a17)
44.0: (add_move_automata a17)
44.0: (stop_wait)
44.0: (add_action a18)
44.0: (check_added_parameter_model a18)
44.0: (add_move_automata a18)

Plan-Length:108
Elapsed Time: 44.0
Metric (Search):344.0
Planning Time (msec): 180
Heuristic Time (msec): 15
Search Time (msec): 164
Expanded Nodes:260
States Evaluated:293
Number of Dead-Ends detected:0
Number of Duplicates detected:134
/usr/bin/time -v timeout 600 java -Xmx64g -jar ./enhsp3.jar -o ./domain_framed_autonomy_process_reset.pddl -f ./problems/a42g11XOR-prefix-non-conforming-3-a42g11XOR_5_data/problem7.pddl -h blind -s WAStar
Domain parsed
Problem parsed
Grounding..
Grounding Time: 41112
UFX:true
|F|:105065
|X|:17
Heuristic Problem Creation
|A|:1748
|P|:2
|E|:0
Delta time heuristic model:1.0
Delta time planning model:1.0
Delta time search-execution model:1.0
Delta time validation model:1
h(I):0.0
f(n) = 100.0 (Expanded Nodes: 4, Evaluated States: 4, Time: 0.021) Frontier Size: 0
f(n) = 101.0 (Expanded Nodes: 5, Evaluated States: 5, Time: 0.04) Frontier Size: 0
f(n) = 102.0 (Expanded Nodes: 6, Evaluated States: 6, Time: 0.04) Frontier Size: 0
f(n) = 103.0 (Expanded Nodes: 7, Evaluated States: 7, Time: 0.041) Frontier Size: 0
f(n) = 104.0 (Expanded Nodes: 8, Evaluated States: 8, Time: 0.041) Frontier Size: 0
f(n) = 105.0 (Expanded Nodes: 9, Evaluated States: 9, Time: 0.047) Frontier Size: 0
f(n) = 106.0 (Expanded Nodes: 10, Evaluated States: 10, Time: 0.047) Frontier Size: 0
f(n) = 107.0 (Expanded Nodes: 11, Evaluated States: 11, Time: 0.047) Frontier Size: 0
f(n) = 108.0 (Expanded Nodes: 12, Evaluated States: 12, Time: 0.048) Frontier Size: 0
f(n) = 109.0 (Expanded Nodes: 13, Evaluated States: 13, Time: 0.048) Frontier Size: 0
f(n) = 110.0 (Expanded Nodes: 14, Evaluated States: 14, Time: 0.048) Frontier Size: 0
f(n) = 111.0 (Expanded Nodes: 15, Evaluated States: 15, Time: 0.049) Frontier Size: 0
f(n) = 112.0 (Expanded Nodes: 16, Evaluated States: 16, Time: 0.049) Frontier Size: 0
f(n) = 113.0 (Expanded Nodes: 17, Evaluated States: 17, Time: 0.053) Frontier Size: 0
f(n) = 114.0 (Expanded Nodes: 18, Evaluated States: 18, Time: 0.054) Frontier Size: 0
f(n) = 115.0 (Expanded Nodes: 19, Evaluated States: 19, Time: 0.054) Frontier Size: 0
f(n) = 116.0 (Expanded Nodes: 20, Evaluated States: 20, Time: 0.054) Frontier Size: 0
f(n) = 216.0 (Expanded Nodes: 23, Evaluated States: 23, Time: 0.059) Frontier Size: 0
f(n) = 217.0 (Expanded Nodes: 24, Evaluated States: 24, Time: 0.059) Frontier Size: 0
f(n) = 218.0 (Expanded Nodes: 25, Evaluated States: 25, Time: 0.059) Frontier Size: 0
f(n) = 219.0 (Expanded Nodes: 26, Evaluated States: 26, Time: 0.06) Frontier Size: 0
f(n) = 220.0 (Expanded Nodes: 27, Evaluated States: 27, Time: 0.06) Frontier Size: 0
f(n) = 221.0 (Expanded Nodes: 28, Evaluated States: 28, Time: 0.061) Frontier Size: 0
f(n) = 222.0 (Expanded Nodes: 29, Evaluated States: 29, Time: 0.061) Frontier Size: 0
f(n) = 223.0 (Expanded Nodes: 30, Evaluated States: 30, Time: 0.062) Frontier Size: 0
f(n) = 224.0 (Expanded Nodes: 31, Evaluated States: 31, Time: 0.062) Frontier Size: 0
f(n) = 225.0 (Expanded Nodes: 32, Evaluated States: 32, Time: 0.066) Frontier Size: 0
f(n) = 226.0 (Expanded Nodes: 33, Evaluated States: 33, Time: 0.066) Frontier Size: 0
f(n) = 227.0 (Expanded Nodes: 34, Evaluated States: 34, Time: 0.066) Frontier Size: 0
f(n) = 228.0 (Expanded Nodes: 35, Evaluated States: 35, Time: 0.067) Frontier Size: 0
f(n) = 229.0 (Expanded Nodes: 36, Evaluated States: 36, Time: 0.067) Frontier Size: 0
f(n) = 230.0 (Expanded Nodes: 37, Evaluated States: 37, Time: 0.067) Frontier Size: 0
f(n) = 231.0 (Expanded Nodes: 38, Evaluated States: 38, Time: 0.069) Frontier Size: 0
f(n) = 232.0 (Expanded Nodes: 39, Evaluated States: 39, Time: 0.07) Frontier Size: 0
f(n) = 233.0 (Expanded Nodes: 40, Evaluated States: 40, Time: 0.07) Frontier Size: 0
f(n) = 234.0 (Expanded Nodes: 41, Evaluated States: 41, Time: 0.07) Frontier Size: 0
f(n) = 334.0 (Expanded Nodes: 44, Evaluated States: 44, Time: 0.071) Frontier Size: 0
Extracting plan with execution delta: 1.0
Problem Solved

Found Plan:
0: (validate_payload t0 a23 t1)
0: (sync_actions t0 t1 a23)
0: (reset pn)
0: -----waiting---- [16.0]
16.0: (validate_payload t1 a17 t2)
16.0: (sync_actions t1 t2 a17)
16.0: (reset pn)
16.0: -----waiting---- [34.0]
34.0: (validate_payload t2 a18 t3)
34.0: (sync_actions t2 t3 a18)
34.0: (reset pn)
34.0: (add_action a7)
34.0: (check_added_parameter_model a7)
34.0: (add_move_automata a7)
34.0: (stop_wait)
34.0: (add_action a13)
34.0: (check_added_parameter_model a13)
34.0: (add_move_automata a13)
34.0: (stop_wait)
34.0: (add_action a15)
34.0: (check_added_parameter_model a15)
34.0: (add_move_automata a15)
34.0: (stop_wait)
34.0: (add_action a16)
34.0: (check_added_parameter_model a16)
34.0: (add_move_automata a16)
34.0: (stop_wait)
34.0: (add_action a14)
34.0: (check_added_parameter_model a14)
34.0: (add_move_automata a14)
34.0: (stop_wait)
34.0: (add_action a8)
34.0: (check_added_parameter_model a8)
34.0: (add_move_automata a8)
34.0: (stop_wait)
34.0: (add_action a11)
34.0: (check_added_parameter_model a11)
34.0: (add_move_automata a11)
34.0: (stop_wait)
34.0: (add_action a38)
34.0: (check_added_parameter_model a38)
34.0: (add_move_automata a38)
34.0: (stop_wait)
34.0: (add_action a40)
34.0: (check_added_parameter_model a40)
34.0: (add_move_automata a40)
34.0: (stop_wait)
34.0: (add_action a41)
34.0: (check_added_parameter_model a41)
34.0: (add_move_automata a41)
34.0: (stop_wait)
34.0: (add_action a12)
34.0: (check_added_parameter_model a12)
34.0: (add_move_automata a12)
34.0: (stop_wait)
34.0: (add_action a23)
34.0: (check_added_parameter_model a23)
34.0: (add_move_automata a23)
34.0: (stop_wait)
34.0: (add_action a17)
34.0: (check_added_parameter_model a17)
34.0: (add_move_automata a17)
34.0: (stop_wait)
34.0: (add_action a18)
34.0: (check_added_parameter_model a18)
34.0: (add_move_automata a18)

Plan-Length:98
Elapsed Time: 34.0
Metric (Search):334.0
Planning Time (msec): 186
Heuristic Time (msec): 8
Search Time (msec): 177
Expanded Nodes:250
States Evaluated:283
Number of Dead-Ends detected:0
Number of Duplicates detected:134
/usr/bin/time -v timeout 600 java -Xmx64g -jar ./enhsp3.jar -o ./domain_framed_autonomy_process_reset.pddl -f ./problems/a42g11XOR-prefix-non-conforming-3-a42g11XOR_5_data/problem8.pddl -h blind -s WAStar
Domain parsed
Problem parsed
Grounding..
Grounding Time: 39498
UFX:true
|F|:105065
|X|:17
Heuristic Problem Creation
|A|:1748
|P|:2
|E|:0
Delta time heuristic model:1.0
Delta time planning model:1.0
Delta time search-execution model:1.0
Delta time validation model:1
h(I):0.0
f(n) = 100.0 (Expanded Nodes: 4, Evaluated States: 4, Time: 0.022) Frontier Size: 0
f(n) = 101.0 (Expanded Nodes: 5, Evaluated States: 5, Time: 0.046) Frontier Size: 0
f(n) = 102.0 (Expanded Nodes: 6, Evaluated States: 6, Time: 0.047) Frontier Size: 0
f(n) = 103.0 (Expanded Nodes: 7, Evaluated States: 7, Time: 0.047) Frontier Size: 0
f(n) = 104.0 (Expanded Nodes: 8, Evaluated States: 8, Time: 0.047) Frontier Size: 0
f(n) = 105.0 (Expanded Nodes: 9, Evaluated States: 9, Time: 0.048) Frontier Size: 0
f(n) = 106.0 (Expanded Nodes: 10, Evaluated States: 10, Time: 0.052) Frontier Size: 0
f(n) = 107.0 (Expanded Nodes: 11, Evaluated States: 11, Time: 0.052) Frontier Size: 0
f(n) = 108.0 (Expanded Nodes: 12, Evaluated States: 12, Time: 0.052) Frontier Size: 0
f(n) = 109.0 (Expanded Nodes: 13, Evaluated States: 13, Time: 0.053) Frontier Size: 0
f(n) = 110.0 (Expanded Nodes: 14, Evaluated States: 14, Time: 0.053) Frontier Size: 0
f(n) = 111.0 (Expanded Nodes: 15, Evaluated States: 15, Time: 0.053) Frontier Size: 0
f(n) = 112.0 (Expanded Nodes: 16, Evaluated States: 16, Time: 0.058) Frontier Size: 0
f(n) = 113.0 (Expanded Nodes: 17, Evaluated States: 17, Time: 0.058) Frontier Size: 0
f(n) = 114.0 (Expanded Nodes: 18, Evaluated States: 18, Time: 0.058) Frontier Size: 0
f(n) = 115.0 (Expanded Nodes: 19, Evaluated States: 19, Time: 0.062) Frontier Size: 0
f(n) = 116.0 (Expanded Nodes: 20, Evaluated States: 20, Time: 0.062) Frontier Size: 0
f(n) = 117.0 (Expanded Nodes: 21, Evaluated States: 21, Time: 0.062) Frontier Size: 0
f(n) = 118.0 (Expanded Nodes: 22, Evaluated States: 22, Time: 0.063) Frontier Size: 0
f(n) = 119.0 (Expanded Nodes: 23, Evaluated States: 23, Time: 0.063) Frontier Size: 0
f(n) = 120.0 (Expanded Nodes: 24, Evaluated States: 24, Time: 0.063) Frontier Size: 0
f(n) = 121.0 (Expanded Nodes: 25, Evaluated States: 25, Time: 0.063) Frontier Size: 0
f(n) = 122.0 (Expanded Nodes: 26, Evaluated States: 26, Time: 0.064) Frontier Size: 0
f(n) = 123.0 (Expanded Nodes: 27, Evaluated States: 27, Time: 0.064) Frontier Size: 0
f(n) = 223.0 (Expanded Nodes: 30, Evaluated States: 30, Time: 0.067) Frontier Size: 0
f(n) = 224.0 (Expanded Nodes: 31, Evaluated States: 31, Time: 0.067) Frontier Size: 0
f(n) = 225.0 (Expanded Nodes: 32, Evaluated States: 32, Time: 0.068) Frontier Size: 0
f(n) = 226.0 (Expanded Nodes: 33, Evaluated States: 33, Time: 0.069) Frontier Size: 0
f(n) = 227.0 (Expanded Nodes: 34, Evaluated States: 34, Time: 0.07) Frontier Size: 0
f(n) = 228.0 (Expanded Nodes: 35, Evaluated States: 35, Time: 0.07) Frontier Size: 0
f(n) = 229.0 (Expanded Nodes: 36, Evaluated States: 36, Time: 0.071) Frontier Size: 0
f(n) = 230.0 (Expanded Nodes: 37, Evaluated States: 37, Time: 0.071) Frontier Size: 0
f(n) = 231.0 (Expanded Nodes: 38, Evaluated States: 38, Time: 0.071) Frontier Size: 0
f(n) = 232.0 (Expanded Nodes: 39, Evaluated States: 39, Time: 0.071) Frontier Size: 0
f(n) = 233.0 (Expanded Nodes: 40, Evaluated States: 40, Time: 0.072) Frontier Size: 0
f(n) = 234.0 (Expanded Nodes: 41, Evaluated States: 41, Time: 0.072) Frontier Size: 0
f(n) = 235.0 (Expanded Nodes: 42, Evaluated States: 42, Time: 0.072) Frontier Size: 0
f(n) = 236.0 (Expanded Nodes: 43, Evaluated States: 43, Time: 0.072) Frontier Size: 0
f(n) = 237.0 (Expanded Nodes: 44, Evaluated States: 44, Time: 0.072) Frontier Size: 0
f(n) = 238.0 (Expanded Nodes: 45, Evaluated States: 45, Time: 0.073) Frontier Size: 0
f(n) = 239.0 (Expanded Nodes: 46, Evaluated States: 46, Time: 0.073) Frontier Size: 0
f(n) = 339.0 (Expanded Nodes: 49, Evaluated States: 49, Time: 0.073) Frontier Size: 0
Extracting plan with execution delta: 1.0
Problem Solved

Found Plan:
0: (validate_payload t0 a23 t1)
0: (sync_actions t0 t1 a23)
0: (reset pn)
0: -----waiting---- [23.0]
23.0: (validate_payload t1 a17 t2)
23.0: (sync_actions t1 t2 a17)
23.0: (reset pn)
23.0: -----waiting---- [39.0]
39.0: (validate_payload t2 a18 t3)
39.0: (sync_actions t2 t3 a18)
39.0: (reset pn)
39.0: (add_action a7)
39.0: (check_added_parameter_model a7)
39.0: (add_move_automata a7)
39.0: (stop_wait)
39.0: (add_action a13)
39.0: (check_added_parameter_model a13)
39.0: (add_move_automata a13)
39.0: (stop_wait)
39.0: (add_action a15)
39.0: (check_added_parameter_model a15)
39.0: (add_move_automata a15)
39.0: (stop_wait)
39.0: (add_action a16)
39.0: (check_added_parameter_model a16)
39.0: (add_move_automata a16)
39.0: (stop_wait)
39.0: (add_action a14)
39.0: (check_added_parameter_model a14)
39.0: (add_move_automata a14)
39.0: (stop_wait)
39.0: (add_action a8)
39.0: (check_added_parameter_model a8)
39.0: (add_move_automata a8)
39.0: (stop_wait)
39.0: (add_action a11)
39.0: (check_added_parameter_model a11)
39.0: (add_move_automata a11)
39.0: (stop_wait)
39.0: (add_action a38)
39.0: (check_added_parameter_model a38)
39.0: (add_move_automata a38)
39.0: (stop_wait)
39.0: (add_action a40)
39.0: (check_added_parameter_model a40)
39.0: (add_move_automata a40)
39.0: (stop_wait)
39.0: (add_action a41)
39.0: (check_added_parameter_model a41)
39.0: (add_move_automata a41)
39.0: (stop_wait)
39.0: (add_action a12)
39.0: (check_added_parameter_model a12)
39.0: (add_move_automata a12)
39.0: (stop_wait)
39.0: (add_action a23)
39.0: (check_added_parameter_model a23)
39.0: (add_move_automata a23)
39.0: (stop_wait)
39.0: (add_action a17)
39.0: (check_added_parameter_model a17)
39.0: (add_move_automata a17)
39.0: (stop_wait)
39.0: (add_action a18)
39.0: (check_added_parameter_model a18)
39.0: (add_move_automata a18)

Plan-Length:103
Elapsed Time: 39.0
Metric (Search):339.0
Planning Time (msec): 154
Heuristic Time (msec): 9
Search Time (msec): 142
Expanded Nodes:255
States Evaluated:288
Number of Dead-Ends detected:0
Number of Duplicates detected:134
/usr/bin/time -v timeout 600 java -Xmx64g -jar ./enhsp3.jar -o ./domain_framed_autonomy_process_reset.pddl -f ./problems/a42g11XOR-prefix-non-conforming-3-a42g11XOR_5_data/problem9.pddl -h blind -s WAStar
Domain parsed
Problem parsed
Grounding..
Grounding Time: 39440
UFX:true
|F|:105065
|X|:17
Heuristic Problem Creation
|A|:1748
|P|:2
|E|:0
Delta time heuristic model:1.0
Delta time planning model:1.0
Delta time search-execution model:1.0
Delta time validation model:1
h(I):0.0
f(n) = 100.0 (Expanded Nodes: 4, Evaluated States: 4, Time: 0.025) Frontier Size: 0
f(n) = 101.0 (Expanded Nodes: 5, Evaluated States: 5, Time: 0.041) Frontier Size: 0
f(n) = 102.0 (Expanded Nodes: 6, Evaluated States: 6, Time: 0.042) Frontier Size: 0
f(n) = 103.0 (Expanded Nodes: 7, Evaluated States: 7, Time: 0.042) Frontier Size: 0
f(n) = 104.0 (Expanded Nodes: 8, Evaluated States: 8, Time: 0.042) Frontier Size: 0
f(n) = 105.0 (Expanded Nodes: 9, Evaluated States: 9, Time: 0.043) Frontier Size: 0
f(n) = 106.0 (Expanded Nodes: 10, Evaluated States: 10, Time: 0.043) Frontier Size: 0
f(n) = 107.0 (Expanded Nodes: 11, Evaluated States: 11, Time: 0.047) Frontier Size: 0
f(n) = 108.0 (Expanded Nodes: 12, Evaluated States: 12, Time: 0.048) Frontier Size: 0
f(n) = 109.0 (Expanded Nodes: 13, Evaluated States: 13, Time: 0.048) Frontier Size: 0
f(n) = 110.0 (Expanded Nodes: 14, Evaluated States: 14, Time: 0.048) Frontier Size: 0
f(n) = 111.0 (Expanded Nodes: 15, Evaluated States: 15, Time: 0.049) Frontier Size: 0
f(n) = 112.0 (Expanded Nodes: 16, Evaluated States: 16, Time: 0.049) Frontier Size: 0
f(n) = 113.0 (Expanded Nodes: 17, Evaluated States: 17, Time: 0.05) Frontier Size: 0
f(n) = 114.0 (Expanded Nodes: 18, Evaluated States: 18, Time: 0.05) Frontier Size: 0
f(n) = 115.0 (Expanded Nodes: 19, Evaluated States: 19, Time: 0.05) Frontier Size: 0
f(n) = 116.0 (Expanded Nodes: 20, Evaluated States: 20, Time: 0.055) Frontier Size: 0
f(n) = 117.0 (Expanded Nodes: 21, Evaluated States: 21, Time: 0.055) Frontier Size: 0
f(n) = 118.0 (Expanded Nodes: 22, Evaluated States: 22, Time: 0.055) Frontier Size: 0
f(n) = 119.0 (Expanded Nodes: 23, Evaluated States: 23, Time: 0.055) Frontier Size: 0
f(n) = 120.0 (Expanded Nodes: 24, Evaluated States: 24, Time: 0.056) Frontier Size: 0
f(n) = 121.0 (Expanded Nodes: 25, Evaluated States: 25, Time: 0.056) Frontier Size: 0
f(n) = 122.0 (Expanded Nodes: 26, Evaluated States: 26, Time: 0.056) Frontier Size: 0
f(n) = 123.0 (Expanded Nodes: 27, Evaluated States: 27, Time: 0.057) Frontier Size: 0
f(n) = 124.0 (Expanded Nodes: 28, Evaluated States: 28, Time: 0.057) Frontier Size: 0
f(n) = 125.0 (Expanded Nodes: 29, Evaluated States: 29, Time: 0.057) Frontier Size: 0
f(n) = 225.0 (Expanded Nodes: 32, Evaluated States: 32, Time: 0.063) Frontier Size: 0
f(n) = 226.0 (Expanded Nodes: 33, Evaluated States: 33, Time: 0.063) Frontier Size: 0
f(n) = 227.0 (Expanded Nodes: 34, Evaluated States: 34, Time: 0.064) Frontier Size: 0
f(n) = 228.0 (Expanded Nodes: 35, Evaluated States: 35, Time: 0.065) Frontier Size: 0
f(n) = 229.0 (Expanded Nodes: 36, Evaluated States: 36, Time: 0.067) Frontier Size: 0
f(n) = 230.0 (Expanded Nodes: 37, Evaluated States: 37, Time: 0.067) Frontier Size: 0
f(n) = 231.0 (Expanded Nodes: 38, Evaluated States: 38, Time: 0.067) Frontier Size: 0
f(n) = 232.0 (Expanded Nodes: 39, Evaluated States: 39, Time: 0.067) Frontier Size: 0
f(n) = 233.0 (Expanded Nodes: 40, Evaluated States: 40, Time: 0.069) Frontier Size: 0
f(n) = 234.0 (Expanded Nodes: 41, Evaluated States: 41, Time: 0.07) Frontier Size: 0
f(n) = 235.0 (Expanded Nodes: 42, Evaluated States: 42, Time: 0.07) Frontier Size: 0
f(n) = 236.0 (Expanded Nodes: 43, Evaluated States: 43, Time: 0.07) Frontier Size: 0
f(n) = 237.0 (Expanded Nodes: 44, Evaluated States: 44, Time: 0.07) Frontier Size: 0
f(n) = 238.0 (Expanded Nodes: 45, Evaluated States: 45, Time: 0.07) Frontier Size: 0
f(n) = 239.0 (Expanded Nodes: 46, Evaluated States: 46, Time: 0.07) Frontier Size: 0
f(n) = 240.0 (Expanded Nodes: 47, Evaluated States: 47, Time: 0.07) Frontier Size: 0
f(n) = 241.0 (Expanded Nodes: 48, Evaluated States: 48, Time: 0.071) Frontier Size: 0
f(n) = 242.0 (Expanded Nodes: 49, Evaluated States: 49, Time: 0.071) Frontier Size: 0
f(n) = 243.0 (Expanded Nodes: 50, Evaluated States: 50, Time: 0.071) Frontier Size: 0
f(n) = 244.0 (Expanded Nodes: 51, Evaluated States: 51, Time: 0.071) Frontier Size: 0
f(n) = 245.0 (Expanded Nodes: 52, Evaluated States: 52, Time: 0.071) Frontier Size: 0
f(n) = 246.0 (Expanded Nodes: 53, Evaluated States: 53, Time: 0.074) Frontier Size: 0
f(n) = 346.0 (Expanded Nodes: 56, Evaluated States: 56, Time: 0.075) Frontier Size: 0
Extracting plan with execution delta: 1.0
Problem Solved

Found Plan:
0: (validate_payload t0 a23 t1)
0: (sync_actions t0 t1 a23)
0: (reset pn)
0: -----waiting---- [25.0]
25.0: (validate_payload t1 a17 t2)
25.0: (sync_actions t1 t2 a17)
25.0: (reset pn)
25.0: -----waiting---- [46.0]
46.0: (validate_payload t2 a18 t3)
46.0: (sync_actions t2 t3 a18)
46.0: (reset pn)
46.0: (add_action a7)
46.0: (check_added_parameter_model a7)
46.0: (add_move_automata a7)
46.0: (stop_wait)
46.0: (add_action a13)
46.0: (check_added_parameter_model a13)
46.0: (add_move_automata a13)
46.0: (stop_wait)
46.0: (add_action a15)
46.0: (check_added_parameter_model a15)
46.0: (add_move_automata a15)
46.0: (stop_wait)
46.0: (add_action a16)
46.0: (check_added_parameter_model a16)
46.0: (add_move_automata a16)
46.0: (stop_wait)
46.0: (add_action a14)
46.0: (check_added_parameter_model a14)
46.0: (add_move_automata a14)
46.0: (stop_wait)
46.0: (add_action a8)
46.0: (check_added_parameter_model a8)
46.0: (add_move_automata a8)
46.0: (stop_wait)
46.0: (add_action a11)
46.0: (check_added_parameter_model a11)
46.0: (add_move_automata a11)
46.0: (stop_wait)
46.0: (add_action a38)
46.0: (check_added_parameter_model a38)
46.0: (add_move_automata a38)
46.0: (stop_wait)
46.0: (add_action a40)
46.0: (check_added_parameter_model a40)
46.0: (add_move_automata a40)
46.0: (stop_wait)
46.0: (add_action a41)
46.0: (check_added_parameter_model a41)
46.0: (add_move_automata a41)
46.0: (stop_wait)
46.0: (add_action a12)
46.0: (check_added_parameter_model a12)
46.0: (add_move_automata a12)
46.0: (stop_wait)
46.0: (add_action a23)
46.0: (check_added_parameter_model a23)
46.0: (add_move_automata a23)
46.0: (stop_wait)
46.0: (add_action a17)
46.0: (check_added_parameter_model a17)
46.0: (add_move_automata a17)
46.0: (stop_wait)
46.0: (add_action a18)
46.0: (check_added_parameter_model a18)
46.0: (add_move_automata a18)

Plan-Length:110
Elapsed Time: 46.0
Metric (Search):346.0
Planning Time (msec): 149
Heuristic Time (msec): 9
Search Time (msec): 145
Expanded Nodes:262
States Evaluated:295
Number of Dead-Ends detected:0
Number of Duplicates detected:134
/usr/bin/time -v timeout 600 java -Xmx64g -jar ./enhsp3.jar -o ./domain_framed_autonomy_process_reset.pddl -f ./problems/a42g11XOR-prefix-non-conforming-3-a42g11XOR_5_data/problem10.pddl -h blind -s WAStar
Domain parsed
Problem parsed
Grounding..
Grounding Time: 39583
UFX:true
|F|:105065
|X|:17
Heuristic Problem Creation
|A|:1748
|P|:2
|E|:0
Delta time heuristic model:1.0
Delta time planning model:1.0
Delta time search-execution model:1.0
Delta time validation model:1
h(I):0.0
f(n) = 100.0 (Expanded Nodes: 4, Evaluated States: 4, Time: 0.018) Frontier Size: 0
f(n) = 101.0 (Expanded Nodes: 5, Evaluated States: 5, Time: 0.047) Frontier Size: 0
f(n) = 102.0 (Expanded Nodes: 6, Evaluated States: 6, Time: 0.047) Frontier Size: 0
f(n) = 103.0 (Expanded Nodes: 7, Evaluated States: 7, Time: 0.047) Frontier Size: 0
f(n) = 104.0 (Expanded Nodes: 8, Evaluated States: 8, Time: 0.048) Frontier Size: 0
f(n) = 105.0 (Expanded Nodes: 9, Evaluated States: 9, Time: 0.048) Frontier Size: 0
f(n) = 106.0 (Expanded Nodes: 10, Evaluated States: 10, Time: 0.049) Frontier Size: 0
f(n) = 107.0 (Expanded Nodes: 11, Evaluated States: 11, Time: 0.049) Frontier Size: 0
f(n) = 108.0 (Expanded Nodes: 12, Evaluated States: 12, Time: 0.054) Frontier Size: 0
f(n) = 109.0 (Expanded Nodes: 13, Evaluated States: 13, Time: 0.056) Frontier Size: 0
f(n) = 110.0 (Expanded Nodes: 14, Evaluated States: 14, Time: 0.056) Frontier Size: 0
f(n) = 111.0 (Expanded Nodes: 15, Evaluated States: 15, Time: 0.057) Frontier Size: 0
f(n) = 112.0 (Expanded Nodes: 16, Evaluated States: 16, Time: 0.057) Frontier Size: 0
f(n) = 113.0 (Expanded Nodes: 17, Evaluated States: 17, Time: 0.057) Frontier Size: 0
f(n) = 114.0 (Expanded Nodes: 18, Evaluated States: 18, Time: 0.058) Frontier Size: 0
f(n) = 115.0 (Expanded Nodes: 19, Evaluated States: 19, Time: 0.058) Frontier Size: 0
f(n) = 116.0 (Expanded Nodes: 20, Evaluated States: 20, Time: 0.058) Frontier Size: 0
f(n) = 117.0 (Expanded Nodes: 21, Evaluated States: 21, Time: 0.059) Frontier Size: 0
f(n) = 118.0 (Expanded Nodes: 22, Evaluated States: 22, Time: 0.063) Frontier Size: 0
f(n) = 119.0 (Expanded Nodes: 23, Evaluated States: 23, Time: 0.064) Frontier Size: 0
f(n) = 120.0 (Expanded Nodes: 24, Evaluated States: 24, Time: 0.064) Frontier Size: 0
f(n) = 121.0 (Expanded Nodes: 25, Evaluated States: 25, Time: 0.065) Frontier Size: 0
f(n) = 122.0 (Expanded Nodes: 26, Evaluated States: 26, Time: 0.065) Frontier Size: 0
f(n) = 222.0 (Expanded Nodes: 29, Evaluated States: 29, Time: 0.066) Frontier Size: 0
f(n) = 223.0 (Expanded Nodes: 30, Evaluated States: 30, Time: 0.066) Frontier Size: 0
f(n) = 224.0 (Expanded Nodes: 31, Evaluated States: 31, Time: 0.067) Frontier Size: 0
f(n) = 225.0 (Expanded Nodes: 32, Evaluated States: 32, Time: 0.067) Frontier Size: 0
f(n) = 226.0 (Expanded Nodes: 33, Evaluated States: 33, Time: 0.071) Frontier Size: 0
f(n) = 227.0 (Expanded Nodes: 34, Evaluated States: 34, Time: 0.074) Frontier Size: 0
f(n) = 228.0 (Expanded Nodes: 35, Evaluated States: 35, Time: 0.075) Frontier Size: 0
f(n) = 229.0 (Expanded Nodes: 36, Evaluated States: 36, Time: 0.075) Frontier Size: 0
f(n) = 230.0 (Expanded Nodes: 37, Evaluated States: 37, Time: 0.075) Frontier Size: 0
f(n) = 231.0 (Expanded Nodes: 38, Evaluated States: 38, Time: 0.076) Frontier Size: 0
f(n) = 232.0 (Expanded Nodes: 39, Evaluated States: 39, Time: 0.076) Frontier Size: 0
f(n) = 233.0 (Expanded Nodes: 40, Evaluated States: 40, Time: 0.076) Frontier Size: 0
f(n) = 234.0 (Expanded Nodes: 41, Evaluated States: 41, Time: 0.077) Frontier Size: 0
f(n) = 235.0 (Expanded Nodes: 42, Evaluated States: 42, Time: 0.077) Frontier Size: 0
f(n) = 236.0 (Expanded Nodes: 43, Evaluated States: 43, Time: 0.081) Frontier Size: 0
f(n) = 237.0 (Expanded Nodes: 44, Evaluated States: 44, Time: 0.082) Frontier Size: 0
f(n) = 238.0 (Expanded Nodes: 45, Evaluated States: 45, Time: 0.082) Frontier Size: 0
f(n) = 239.0 (Expanded Nodes: 46, Evaluated States: 46, Time: 0.082) Frontier Size: 0
f(n) = 240.0 (Expanded Nodes: 47, Evaluated States: 47, Time: 0.083) Frontier Size: 0
f(n) = 241.0 (Expanded Nodes: 48, Evaluated States: 48, Time: 0.083) Frontier Size: 0
f(n) = 242.0 (Expanded Nodes: 49, Evaluated States: 49, Time: 0.083) Frontier Size: 0
f(n) = 342.0 (Expanded Nodes: 52, Evaluated States: 52, Time: 0.089) Frontier Size: 0
Extracting plan with execution delta: 1.0
Problem Solved

Found Plan:
0: (validate_payload t0 a23 t1)
0: (sync_actions t0 t1 a23)
0: (reset pn)
0: -----waiting---- [22.0]
22.0: (validate_payload t1 a17 t2)
22.0: (sync_actions t1 t2 a17)
22.0: (reset pn)
22.0: -----waiting---- [42.0]
42.0: (validate_payload t2 a18 t3)
42.0: (sync_actions t2 t3 a18)
42.0: (reset pn)
42.0: (add_action a7)
42.0: (check_added_parameter_model a7)
42.0: (add_move_automata a7)
42.0: (stop_wait)
42.0: (add_action a13)
42.0: (check_added_parameter_model a13)
42.0: (add_move_automata a13)
42.0: (stop_wait)
42.0: (add_action a15)
42.0: (check_added_parameter_model a15)
42.0: (add_move_automata a15)
42.0: (stop_wait)
42.0: (add_action a16)
42.0: (check_added_parameter_model a16)
42.0: (add_move_automata a16)
42.0: (stop_wait)
42.0: (add_action a14)
42.0: (check_added_parameter_model a14)
42.0: (add_move_automata a14)
42.0: (stop_wait)
42.0: (add_action a8)
42.0: (check_added_parameter_model a8)
42.0: (add_move_automata a8)
42.0: (stop_wait)
42.0: (add_action a11)
42.0: (check_added_parameter_model a11)
42.0: (add_move_automata a11)
42.0: (stop_wait)
42.0: (add_action a38)
42.0: (check_added_parameter_model a38)
42.0: (add_move_automata a38)
42.0: (stop_wait)
42.0: (add_action a40)
42.0: (check_added_parameter_model a40)
42.0: (add_move_automata a40)
42.0: (stop_wait)
42.0: (add_action a41)
42.0: (check_added_parameter_model a41)
42.0: (add_move_automata a41)
42.0: (stop_wait)
42.0: (add_action a12)
42.0: (check_added_parameter_model a12)
42.0: (add_move_automata a12)
42.0: (stop_wait)
42.0: (add_action a23)
42.0: (check_added_parameter_model a23)
42.0: (add_move_automata a23)
42.0: (stop_wait)
42.0: (add_action a17)
42.0: (check_added_parameter_model a17)
42.0: (add_move_automata a17)
42.0: (stop_wait)
42.0: (add_action a18)
42.0: (check_added_parameter_model a18)
42.0: (add_move_automata a18)

Plan-Length:106
Elapsed Time: 42.0
Metric (Search):342.0
Planning Time (msec): 209
Heuristic Time (msec): 4
Search Time (msec): 201
Expanded Nodes:258
States Evaluated:291
Number of Dead-Ends detected:0
Number of Duplicates detected:134
