/usr/bin/time -v timeout 600 java -Xmx64g -jar ./enhsp3.jar -o ./domain_framed_autonomy_process_reset.pddl -f ./problems/a35g6-prefix-0-a35g6_1_timed_data/problem1.pddl -h blind -s WAStar
Domain parsed
Problem parsed
Grounding..
Grounding Time: 10061
UFX:true
|F|:47957
|X|:5
Heuristic Problem Creation
|A|:1606
|P|:1
|E|:0
Delta time heuristic model:1.0
Delta time planning model:1.0
Delta time search-execution model:1.0
Delta time validation model:1
h(I):0.0
f(n) = 1.0 (Expanded Nodes: 6, Evaluated States: 7, Time: 0.024) Frontier Size: 1
f(n) = 2.0 (Expanded Nodes: 8, Evaluated States: 10, Time: 0.042) Frontier Size: 2
f(n) = 3.0 (Expanded Nodes: 10, Evaluated States: 13, Time: 0.049) Frontier Size: 3
f(n) = 4.0 (Expanded Nodes: 12, Evaluated States: 16, Time: 0.05) Frontier Size: 4
f(n) = 5.0 (Expanded Nodes: 14, Evaluated States: 19, Time: 0.054) Frontier Size: 5
f(n) = 6.0 (Expanded Nodes: 16, Evaluated States: 22, Time: 0.055) Frontier Size: 6
f(n) = 7.0 (Expanded Nodes: 18, Evaluated States: 25, Time: 0.056) Frontier Size: 7
f(n) = 8.0 (Expanded Nodes: 20, Evaluated States: 28, Time: 0.057) Frontier Size: 8
f(n) = 9.0 (Expanded Nodes: 22, Evaluated States: 31, Time: 0.062) Frontier Size: 9
f(n) = 10.0 (Expanded Nodes: 24, Evaluated States: 34, Time: 0.063) Frontier Size: 10
f(n) = 11.0 (Expanded Nodes: 26, Evaluated States: 37, Time: 0.063) Frontier Size: 11
f(n) = 12.0 (Expanded Nodes: 28, Evaluated States: 40, Time: 0.064) Frontier Size: 12
f(n) = 13.0 (Expanded Nodes: 30, Evaluated States: 43, Time: 0.065) Frontier Size: 13
f(n) = 14.0 (Expanded Nodes: 32, Evaluated States: 46, Time: 0.066) Frontier Size: 14
f(n) = 15.0 (Expanded Nodes: 34, Evaluated States: 49, Time: 0.066) Frontier Size: 15
f(n) = 16.0 (Expanded Nodes: 36, Evaluated States: 52, Time: 0.072) Frontier Size: 16
f(n) = 17.0 (Expanded Nodes: 38, Evaluated States: 55, Time: 0.073) Frontier Size: 17
f(n) = 18.0 (Expanded Nodes: 40, Evaluated States: 58, Time: 0.074) Frontier Size: 18
f(n) = 19.0 (Expanded Nodes: 42, Evaluated States: 61, Time: 0.077) Frontier Size: 19
f(n) = 20.0 (Expanded Nodes: 44, Evaluated States: 64, Time: 0.078) Frontier Size: 20
Extracting plan with execution delta: 1.0
Problem Solved

Found Plan:
0: (add_action a8)
0: (check_added_parameter_model a8)
0: (add_move_automata a8)
0: -----waiting---- [20.0]
20.0: (stop_wait)
20.0: (add_action a13)
20.0: (check_added_parameter_model a13)
20.0: (add_move_automata a13)
20.0: (stop_wait)
20.0: (add_action a15)
20.0: (check_added_parameter_model a15)
20.0: (add_move_automata a15)
20.0: (stop_wait)
20.0: (add_action a26)
20.0: (check_added_parameter_model a26)
20.0: (add_move_automata a26)
20.0: (stop_wait)
20.0: (add_action a28)
20.0: (check_added_parameter_model a28)
20.0: (add_move_automata a28)
20.0: (stop_wait)
20.0: (add_action a14)
20.0: (check_added_parameter_model a14)
20.0: (add_move_automata a14)
20.0: (stop_wait)
20.0: (add_action a9)
20.0: (check_added_parameter_model a9)
20.0: (add_move_automata a9)
20.0: (stop_wait)
20.0: (add_action a12)
20.0: (check_added_parameter_model a12)
20.0: (add_move_automata a12)
20.0: (stop_wait)
20.0: (add_action a17)
20.0: (check_added_parameter_model a17)
20.0: (add_move_automata a17)
20.0: (stop_wait)
20.0: (add_action a3)
20.0: (check_added_parameter_model a3)
20.0: (add_move_automata a3)
20.0: (stop_wait)
20.0: (add_action a6)
20.0: (check_added_parameter_model a6)
20.0: (add_move_automata a6)
20.0: (stop_wait)
20.0: (add_action a5)
20.0: (check_added_parameter_model a5)
20.0: (add_move_automata a5)
20.0: (stop_wait)
20.0: (add_action a21)
20.0: (check_added_parameter_model a21)
20.0: (add_move_automata a21)
20.0: (stop_wait)
20.0: (add_action a24)
20.0: (check_added_parameter_model a24)
20.0: (add_move_automata a24)
20.0: (stop_wait)
20.0: (add_action a16)
20.0: (check_added_parameter_model a16)
20.0: (add_move_automata a16)
20.0: (stop_wait)
20.0: (add_action a19)
20.0: (check_added_parameter_model a19)
20.0: (add_move_automata a19)
20.0: (stop_wait)
20.0: (add_action a20)
20.0: (check_added_parameter_model a20)
20.0: (add_move_automata a20)

Plan-Length:87
Elapsed Time: 20.0
Metric (Search):20.0
Planning Time (msec): 188
Heuristic Time (msec): 8
Search Time (msec): 180
Expanded Nodes:236
States Evaluated:289
Number of Dead-Ends detected:0
Number of Duplicates detected:145
/usr/bin/time -v timeout 600 java -Xmx64g -jar ./enhsp3.jar -o ./domain_framed_autonomy_process_reset.pddl -f ./problems/a35g6-prefix-0-a35g6_1_timed_data/problem2.pddl -h blind -s WAStar
Domain parsed
Problem parsed
Grounding..
Grounding Time: 10966
UFX:true
|F|:47957
|X|:5
Heuristic Problem Creation
|A|:1606
|P|:1
|E|:0
Delta time heuristic model:1.0
Delta time planning model:1.0
Delta time search-execution model:1.0
Delta time validation model:1
h(I):0.0
f(n) = 1.0 (Expanded Nodes: 6, Evaluated States: 7, Time: 0.025) Frontier Size: 1
f(n) = 2.0 (Expanded Nodes: 8, Evaluated States: 10, Time: 0.049) Frontier Size: 2
f(n) = 3.0 (Expanded Nodes: 10, Evaluated States: 13, Time: 0.054) Frontier Size: 3
f(n) = 4.0 (Expanded Nodes: 12, Evaluated States: 16, Time: 0.055) Frontier Size: 4
f(n) = 5.0 (Expanded Nodes: 14, Evaluated States: 19, Time: 0.056) Frontier Size: 5
f(n) = 6.0 (Expanded Nodes: 16, Evaluated States: 22, Time: 0.057) Frontier Size: 6
f(n) = 7.0 (Expanded Nodes: 18, Evaluated States: 25, Time: 0.057) Frontier Size: 7
f(n) = 8.0 (Expanded Nodes: 20, Evaluated States: 28, Time: 0.063) Frontier Size: 8
f(n) = 9.0 (Expanded Nodes: 22, Evaluated States: 31, Time: 0.063) Frontier Size: 9
f(n) = 10.0 (Expanded Nodes: 24, Evaluated States: 34, Time: 0.067) Frontier Size: 10
f(n) = 11.0 (Expanded Nodes: 26, Evaluated States: 37, Time: 0.069) Frontier Size: 11
f(n) = 12.0 (Expanded Nodes: 28, Evaluated States: 40, Time: 0.07) Frontier Size: 12
f(n) = 13.0 (Expanded Nodes: 30, Evaluated States: 43, Time: 0.071) Frontier Size: 13
f(n) = 14.0 (Expanded Nodes: 32, Evaluated States: 46, Time: 0.075) Frontier Size: 14
f(n) = 15.0 (Expanded Nodes: 34, Evaluated States: 49, Time: 0.076) Frontier Size: 15
f(n) = 16.0 (Expanded Nodes: 36, Evaluated States: 52, Time: 0.078) Frontier Size: 16
f(n) = 17.0 (Expanded Nodes: 38, Evaluated States: 55, Time: 0.079) Frontier Size: 17
f(n) = 18.0 (Expanded Nodes: 40, Evaluated States: 58, Time: 0.083) Frontier Size: 18
f(n) = 19.0 (Expanded Nodes: 42, Evaluated States: 61, Time: 0.083) Frontier Size: 19
f(n) = 20.0 (Expanded Nodes: 44, Evaluated States: 64, Time: 0.084) Frontier Size: 20
Extracting plan with execution delta: 1.0
Problem Solved

Found Plan:
0: (add_action a8)
0: (check_added_parameter_model a8)
0: (add_move_automata a8)
0: -----waiting---- [20.0]
20.0: (stop_wait)
20.0: (add_action a13)
20.0: (check_added_parameter_model a13)
20.0: (add_move_automata a13)
20.0: (stop_wait)
20.0: (add_action a15)
20.0: (check_added_parameter_model a15)
20.0: (add_move_automata a15)
20.0: (stop_wait)
20.0: (add_action a26)
20.0: (check_added_parameter_model a26)
20.0: (add_move_automata a26)
20.0: (stop_wait)
20.0: (add_action a28)
20.0: (check_added_parameter_model a28)
20.0: (add_move_automata a28)
20.0: (stop_wait)
20.0: (add_action a14)
20.0: (check_added_parameter_model a14)
20.0: (add_move_automata a14)
20.0: (stop_wait)
20.0: (add_action a9)
20.0: (check_added_parameter_model a9)
20.0: (add_move_automata a9)
20.0: (stop_wait)
20.0: (add_action a12)
20.0: (check_added_parameter_model a12)
20.0: (add_move_automata a12)
20.0: (stop_wait)
20.0: (add_action a17)
20.0: (check_added_parameter_model a17)
20.0: (add_move_automata a17)
20.0: (stop_wait)
20.0: (add_action a3)
20.0: (check_added_parameter_model a3)
20.0: (add_move_automata a3)
20.0: (stop_wait)
20.0: (add_action a6)
20.0: (check_added_parameter_model a6)
20.0: (add_move_automata a6)
20.0: (stop_wait)
20.0: (add_action a5)
20.0: (check_added_parameter_model a5)
20.0: (add_move_automata a5)
20.0: (stop_wait)
20.0: (add_action a21)
20.0: (check_added_parameter_model a21)
20.0: (add_move_automata a21)
20.0: (stop_wait)
20.0: (add_action a24)
20.0: (check_added_parameter_model a24)
20.0: (add_move_automata a24)
20.0: (stop_wait)
20.0: (add_action a16)
20.0: (check_added_parameter_model a16)
20.0: (add_move_automata a16)
20.0: (stop_wait)
20.0: (add_action a19)
20.0: (check_added_parameter_model a19)
20.0: (add_move_automata a19)
20.0: (stop_wait)
20.0: (add_action a20)
20.0: (check_added_parameter_model a20)
20.0: (add_move_automata a20)

Plan-Length:87
Elapsed Time: 20.0
Metric (Search):20.0
Planning Time (msec): 199
Heuristic Time (msec): 12
Search Time (msec): 189
Expanded Nodes:236
States Evaluated:289
Number of Dead-Ends detected:0
Number of Duplicates detected:145
/usr/bin/time -v timeout 600 java -Xmx64g -jar ./enhsp3.jar -o ./domain_framed_autonomy_process_reset.pddl -f ./problems/a35g6-prefix-0-a35g6_1_timed_data/problem3.pddl -h blind -s WAStar
Domain parsed
Problem parsed
Grounding..
Grounding Time: 10212
UFX:true
|F|:47957
|X|:5
Heuristic Problem Creation
|A|:1606
|P|:1
|E|:0
Delta time heuristic model:1.0
Delta time planning model:1.0
Delta time search-execution model:1.0
Delta time validation model:1
h(I):0.0
f(n) = 1.0 (Expanded Nodes: 6, Evaluated States: 7, Time: 0.022) Frontier Size: 1
f(n) = 2.0 (Expanded Nodes: 8, Evaluated States: 10, Time: 0.046) Frontier Size: 2
f(n) = 3.0 (Expanded Nodes: 10, Evaluated States: 13, Time: 0.047) Frontier Size: 3
f(n) = 4.0 (Expanded Nodes: 12, Evaluated States: 16, Time: 0.048) Frontier Size: 4
f(n) = 5.0 (Expanded Nodes: 14, Evaluated States: 19, Time: 0.05) Frontier Size: 5
f(n) = 6.0 (Expanded Nodes: 16, Evaluated States: 22, Time: 0.051) Frontier Size: 6
f(n) = 7.0 (Expanded Nodes: 18, Evaluated States: 25, Time: 0.052) Frontier Size: 7
f(n) = 8.0 (Expanded Nodes: 20, Evaluated States: 28, Time: 0.053) Frontier Size: 8
f(n) = 9.0 (Expanded Nodes: 22, Evaluated States: 31, Time: 0.053) Frontier Size: 9
f(n) = 10.0 (Expanded Nodes: 24, Evaluated States: 34, Time: 0.054) Frontier Size: 10
f(n) = 11.0 (Expanded Nodes: 26, Evaluated States: 37, Time: 0.055) Frontier Size: 11
f(n) = 12.0 (Expanded Nodes: 28, Evaluated States: 40, Time: 0.055) Frontier Size: 12
f(n) = 13.0 (Expanded Nodes: 30, Evaluated States: 43, Time: 0.056) Frontier Size: 13
f(n) = 14.0 (Expanded Nodes: 32, Evaluated States: 46, Time: 0.057) Frontier Size: 14
f(n) = 15.0 (Expanded Nodes: 34, Evaluated States: 49, Time: 0.059) Frontier Size: 15
f(n) = 16.0 (Expanded Nodes: 36, Evaluated States: 52, Time: 0.06) Frontier Size: 16
f(n) = 17.0 (Expanded Nodes: 38, Evaluated States: 55, Time: 0.06) Frontier Size: 17
f(n) = 18.0 (Expanded Nodes: 40, Evaluated States: 58, Time: 0.065) Frontier Size: 18
f(n) = 19.0 (Expanded Nodes: 42, Evaluated States: 61, Time: 0.066) Frontier Size: 19
f(n) = 20.0 (Expanded Nodes: 44, Evaluated States: 64, Time: 0.067) Frontier Size: 20
Extracting plan with execution delta: 1.0
Problem Solved

Found Plan:
0: (add_action a8)
0: (check_added_parameter_model a8)
0: (add_move_automata a8)
0: -----waiting---- [20.0]
20.0: (stop_wait)
20.0: (add_action a13)
20.0: (check_added_parameter_model a13)
20.0: (add_move_automata a13)
20.0: (stop_wait)
20.0: (add_action a15)
20.0: (check_added_parameter_model a15)
20.0: (add_move_automata a15)
20.0: (stop_wait)
20.0: (add_action a26)
20.0: (check_added_parameter_model a26)
20.0: (add_move_automata a26)
20.0: (stop_wait)
20.0: (add_action a28)
20.0: (check_added_parameter_model a28)
20.0: (add_move_automata a28)
20.0: (stop_wait)
20.0: (add_action a14)
20.0: (check_added_parameter_model a14)
20.0: (add_move_automata a14)
20.0: (stop_wait)
20.0: (add_action a9)
20.0: (check_added_parameter_model a9)
20.0: (add_move_automata a9)
20.0: (stop_wait)
20.0: (add_action a12)
20.0: (check_added_parameter_model a12)
20.0: (add_move_automata a12)
20.0: (stop_wait)
20.0: (add_action a17)
20.0: (check_added_parameter_model a17)
20.0: (add_move_automata a17)
20.0: (stop_wait)
20.0: (add_action a3)
20.0: (check_added_parameter_model a3)
20.0: (add_move_automata a3)
20.0: (stop_wait)
20.0: (add_action a6)
20.0: (check_added_parameter_model a6)
20.0: (add_move_automata a6)
20.0: (stop_wait)
20.0: (add_action a5)
20.0: (check_added_parameter_model a5)
20.0: (add_move_automata a5)
20.0: (stop_wait)
20.0: (add_action a21)
20.0: (check_added_parameter_model a21)
20.0: (add_move_automata a21)
20.0: (stop_wait)
20.0: (add_action a24)
20.0: (check_added_parameter_model a24)
20.0: (add_move_automata a24)
20.0: (stop_wait)
20.0: (add_action a16)
20.0: (check_added_parameter_model a16)
20.0: (add_move_automata a16)
20.0: (stop_wait)
20.0: (add_action a19)
20.0: (check_added_parameter_model a19)
20.0: (add_move_automata a19)
20.0: (stop_wait)
20.0: (add_action a20)
20.0: (check_added_parameter_model a20)
20.0: (add_move_automata a20)

Plan-Length:87
Elapsed Time: 20.0
Metric (Search):20.0
Planning Time (msec): 137
Heuristic Time (msec): 8
Search Time (msec): 131
Expanded Nodes:236
States Evaluated:289
Number of Dead-Ends detected:0
Number of Duplicates detected:145
/usr/bin/time -v timeout 600 java -Xmx64g -jar ./enhsp3.jar -o ./domain_framed_autonomy_process_reset.pddl -f ./problems/a35g6-prefix-0-a35g6_1_timed_data/problem4.pddl -h blind -s WAStar
Domain parsed
Problem parsed
Grounding..
Grounding Time: 10434
UFX:true
|F|:47957
|X|:5
Heuristic Problem Creation
|A|:1606
|P|:1
|E|:0
Delta time heuristic model:1.0
Delta time planning model:1.0
Delta time search-execution model:1.0
Delta time validation model:1
h(I):0.0
f(n) = 1.0 (Expanded Nodes: 6, Evaluated States: 7, Time: 0.023) Frontier Size: 1
f(n) = 2.0 (Expanded Nodes: 8, Evaluated States: 10, Time: 0.045) Frontier Size: 2
f(n) = 3.0 (Expanded Nodes: 10, Evaluated States: 13, Time: 0.045) Frontier Size: 3
f(n) = 4.0 (Expanded Nodes: 12, Evaluated States: 16, Time: 0.046) Frontier Size: 4
f(n) = 5.0 (Expanded Nodes: 14, Evaluated States: 19, Time: 0.051) Frontier Size: 5
f(n) = 6.0 (Expanded Nodes: 16, Evaluated States: 22, Time: 0.051) Frontier Size: 6
f(n) = 7.0 (Expanded Nodes: 18, Evaluated States: 25, Time: 0.052) Frontier Size: 7
f(n) = 8.0 (Expanded Nodes: 20, Evaluated States: 28, Time: 0.053) Frontier Size: 8
f(n) = 9.0 (Expanded Nodes: 22, Evaluated States: 31, Time: 0.058) Frontier Size: 9
f(n) = 10.0 (Expanded Nodes: 24, Evaluated States: 34, Time: 0.058) Frontier Size: 10
f(n) = 11.0 (Expanded Nodes: 26, Evaluated States: 37, Time: 0.059) Frontier Size: 11
f(n) = 12.0 (Expanded Nodes: 28, Evaluated States: 40, Time: 0.06) Frontier Size: 12
f(n) = 13.0 (Expanded Nodes: 30, Evaluated States: 43, Time: 0.064) Frontier Size: 13
f(n) = 14.0 (Expanded Nodes: 32, Evaluated States: 46, Time: 0.065) Frontier Size: 14
f(n) = 15.0 (Expanded Nodes: 34, Evaluated States: 49, Time: 0.066) Frontier Size: 15
f(n) = 16.0 (Expanded Nodes: 36, Evaluated States: 52, Time: 0.067) Frontier Size: 16
f(n) = 17.0 (Expanded Nodes: 38, Evaluated States: 55, Time: 0.072) Frontier Size: 17
f(n) = 18.0 (Expanded Nodes: 40, Evaluated States: 58, Time: 0.072) Frontier Size: 18
f(n) = 19.0 (Expanded Nodes: 42, Evaluated States: 61, Time: 0.073) Frontier Size: 19
f(n) = 20.0 (Expanded Nodes: 44, Evaluated States: 64, Time: 0.073) Frontier Size: 20
Extracting plan with execution delta: 1.0
Problem Solved

Found Plan:
0: (add_action a8)
0: (check_added_parameter_model a8)
0: (add_move_automata a8)
0: -----waiting---- [20.0]
20.0: (stop_wait)
20.0: (add_action a13)
20.0: (check_added_parameter_model a13)
20.0: (add_move_automata a13)
20.0: (stop_wait)
20.0: (add_action a15)
20.0: (check_added_parameter_model a15)
20.0: (add_move_automata a15)
20.0: (stop_wait)
20.0: (add_action a26)
20.0: (check_added_parameter_model a26)
20.0: (add_move_automata a26)
20.0: (stop_wait)
20.0: (add_action a28)
20.0: (check_added_parameter_model a28)
20.0: (add_move_automata a28)
20.0: (stop_wait)
20.0: (add_action a14)
20.0: (check_added_parameter_model a14)
20.0: (add_move_automata a14)
20.0: (stop_wait)
20.0: (add_action a9)
20.0: (check_added_parameter_model a9)
20.0: (add_move_automata a9)
20.0: (stop_wait)
20.0: (add_action a12)
20.0: (check_added_parameter_model a12)
20.0: (add_move_automata a12)
20.0: (stop_wait)
20.0: (add_action a17)
20.0: (check_added_parameter_model a17)
20.0: (add_move_automata a17)
20.0: (stop_wait)
20.0: (add_action a3)
20.0: (check_added_parameter_model a3)
20.0: (add_move_automata a3)
20.0: (stop_wait)
20.0: (add_action a6)
20.0: (check_added_parameter_model a6)
20.0: (add_move_automata a6)
20.0: (stop_wait)
20.0: (add_action a5)
20.0: (check_added_parameter_model a5)
20.0: (add_move_automata a5)
20.0: (stop_wait)
20.0: (add_action a21)
20.0: (check_added_parameter_model a21)
20.0: (add_move_automata a21)
20.0: (stop_wait)
20.0: (add_action a24)
20.0: (check_added_parameter_model a24)
20.0: (add_move_automata a24)
20.0: (stop_wait)
20.0: (add_action a16)
20.0: (check_added_parameter_model a16)
20.0: (add_move_automata a16)
20.0: (stop_wait)
20.0: (add_action a19)
20.0: (check_added_parameter_model a19)
20.0: (add_move_automata a19)
20.0: (stop_wait)
20.0: (add_action a20)
20.0: (check_added_parameter_model a20)
20.0: (add_move_automata a20)

Plan-Length:87
Elapsed Time: 20.0
Metric (Search):20.0
Planning Time (msec): 181
Heuristic Time (msec): 7
Search Time (msec): 174
Expanded Nodes:236
States Evaluated:289
Number of Dead-Ends detected:0
Number of Duplicates detected:145
/usr/bin/time -v timeout 600 java -Xmx64g -jar ./enhsp3.jar -o ./domain_framed_autonomy_process_reset.pddl -f ./problems/a35g6-prefix-0-a35g6_1_timed_data/problem5.pddl -h blind -s WAStar
Domain parsed
Problem parsed
Grounding..
Grounding Time: 10423
UFX:true
|F|:47957
|X|:5
Heuristic Problem Creation
|A|:1606
|P|:1
|E|:0
Delta time heuristic model:1.0
Delta time planning model:1.0
Delta time search-execution model:1.0
Delta time validation model:1
h(I):0.0
f(n) = 1.0 (Expanded Nodes: 6, Evaluated States: 7, Time: 0.032) Frontier Size: 1
f(n) = 2.0 (Expanded Nodes: 8, Evaluated States: 10, Time: 0.049) Frontier Size: 2
f(n) = 3.0 (Expanded Nodes: 10, Evaluated States: 13, Time: 0.055) Frontier Size: 3
f(n) = 4.0 (Expanded Nodes: 12, Evaluated States: 16, Time: 0.059) Frontier Size: 4
f(n) = 5.0 (Expanded Nodes: 14, Evaluated States: 19, Time: 0.059) Frontier Size: 5
f(n) = 6.0 (Expanded Nodes: 16, Evaluated States: 22, Time: 0.06) Frontier Size: 6
f(n) = 7.0 (Expanded Nodes: 18, Evaluated States: 25, Time: 0.065) Frontier Size: 7
f(n) = 8.0 (Expanded Nodes: 20, Evaluated States: 28, Time: 0.066) Frontier Size: 8
f(n) = 9.0 (Expanded Nodes: 22, Evaluated States: 31, Time: 0.067) Frontier Size: 9
f(n) = 10.0 (Expanded Nodes: 24, Evaluated States: 34, Time: 0.067) Frontier Size: 10
f(n) = 11.0 (Expanded Nodes: 26, Evaluated States: 37, Time: 0.068) Frontier Size: 11
f(n) = 12.0 (Expanded Nodes: 28, Evaluated States: 40, Time: 0.073) Frontier Size: 12
f(n) = 13.0 (Expanded Nodes: 30, Evaluated States: 43, Time: 0.074) Frontier Size: 13
f(n) = 14.0 (Expanded Nodes: 32, Evaluated States: 46, Time: 0.075) Frontier Size: 14
f(n) = 15.0 (Expanded Nodes: 34, Evaluated States: 49, Time: 0.075) Frontier Size: 15
f(n) = 16.0 (Expanded Nodes: 36, Evaluated States: 52, Time: 0.076) Frontier Size: 16
f(n) = 17.0 (Expanded Nodes: 38, Evaluated States: 55, Time: 0.082) Frontier Size: 17
f(n) = 18.0 (Expanded Nodes: 40, Evaluated States: 58, Time: 0.083) Frontier Size: 18
f(n) = 19.0 (Expanded Nodes: 42, Evaluated States: 61, Time: 0.084) Frontier Size: 19
f(n) = 20.0 (Expanded Nodes: 44, Evaluated States: 64, Time: 0.086) Frontier Size: 20
Extracting plan with execution delta: 1.0
Problem Solved

Found Plan:
0: (add_action a8)
0: (check_added_parameter_model a8)
0: (add_move_automata a8)
0: -----waiting---- [20.0]
20.0: (stop_wait)
20.0: (add_action a13)
20.0: (check_added_parameter_model a13)
20.0: (add_move_automata a13)
20.0: (stop_wait)
20.0: (add_action a15)
20.0: (check_added_parameter_model a15)
20.0: (add_move_automata a15)
20.0: (stop_wait)
20.0: (add_action a26)
20.0: (check_added_parameter_model a26)
20.0: (add_move_automata a26)
20.0: (stop_wait)
20.0: (add_action a28)
20.0: (check_added_parameter_model a28)
20.0: (add_move_automata a28)
20.0: (stop_wait)
20.0: (add_action a14)
20.0: (check_added_parameter_model a14)
20.0: (add_move_automata a14)
20.0: (stop_wait)
20.0: (add_action a9)
20.0: (check_added_parameter_model a9)
20.0: (add_move_automata a9)
20.0: (stop_wait)
20.0: (add_action a12)
20.0: (check_added_parameter_model a12)
20.0: (add_move_automata a12)
20.0: (stop_wait)
20.0: (add_action a17)
20.0: (check_added_parameter_model a17)
20.0: (add_move_automata a17)
20.0: (stop_wait)
20.0: (add_action a3)
20.0: (check_added_parameter_model a3)
20.0: (add_move_automata a3)
20.0: (stop_wait)
20.0: (add_action a6)
20.0: (check_added_parameter_model a6)
20.0: (add_move_automata a6)
20.0: (stop_wait)
20.0: (add_action a5)
20.0: (check_added_parameter_model a5)
20.0: (add_move_automata a5)
20.0: (stop_wait)
20.0: (add_action a21)
20.0: (check_added_parameter_model a21)
20.0: (add_move_automata a21)
20.0: (stop_wait)
20.0: (add_action a24)
20.0: (check_added_parameter_model a24)
20.0: (add_move_automata a24)
20.0: (stop_wait)
20.0: (add_action a16)
20.0: (check_added_parameter_model a16)
20.0: (add_move_automata a16)
20.0: (stop_wait)
20.0: (add_action a19)
20.0: (check_added_parameter_model a19)
20.0: (add_move_automata a19)
20.0: (stop_wait)
20.0: (add_action a20)
20.0: (check_added_parameter_model a20)
20.0: (add_move_automata a20)

Plan-Length:87
Elapsed Time: 20.0
Metric (Search):20.0
Planning Time (msec): 188
Heuristic Time (msec): 7
Search Time (msec): 179
Expanded Nodes:236
States Evaluated:289
Number of Dead-Ends detected:0
Number of Duplicates detected:145
/usr/bin/time -v timeout 600 java -Xmx64g -jar ./enhsp3.jar -o ./domain_framed_autonomy_process_reset.pddl -f ./problems/a35g6-prefix-0-a35g6_1_timed_data/problem6.pddl -h blind -s WAStar
Domain parsed
Problem parsed
Grounding..
Grounding Time: 10444
UFX:true
|F|:47957
|X|:5
Heuristic Problem Creation
|A|:1606
|P|:1
|E|:0
Delta time heuristic model:1.0
Delta time planning model:1.0
Delta time search-execution model:1.0
Delta time validation model:1
h(I):0.0
f(n) = 1.0 (Expanded Nodes: 6, Evaluated States: 7, Time: 0.028) Frontier Size: 1
f(n) = 2.0 (Expanded Nodes: 8, Evaluated States: 10, Time: 0.051) Frontier Size: 2
f(n) = 3.0 (Expanded Nodes: 10, Evaluated States: 13, Time: 0.052) Frontier Size: 3
f(n) = 4.0 (Expanded Nodes: 12, Evaluated States: 16, Time: 0.057) Frontier Size: 4
f(n) = 5.0 (Expanded Nodes: 14, Evaluated States: 19, Time: 0.058) Frontier Size: 5
f(n) = 6.0 (Expanded Nodes: 16, Evaluated States: 22, Time: 0.058) Frontier Size: 6
f(n) = 7.0 (Expanded Nodes: 18, Evaluated States: 25, Time: 0.06) Frontier Size: 7
f(n) = 8.0 (Expanded Nodes: 20, Evaluated States: 28, Time: 0.061) Frontier Size: 8
f(n) = 9.0 (Expanded Nodes: 22, Evaluated States: 31, Time: 0.065) Frontier Size: 9
f(n) = 10.0 (Expanded Nodes: 24, Evaluated States: 34, Time: 0.066) Frontier Size: 10
f(n) = 11.0 (Expanded Nodes: 26, Evaluated States: 37, Time: 0.066) Frontier Size: 11
f(n) = 12.0 (Expanded Nodes: 28, Evaluated States: 40, Time: 0.067) Frontier Size: 12
f(n) = 13.0 (Expanded Nodes: 30, Evaluated States: 43, Time: 0.068) Frontier Size: 13
f(n) = 14.0 (Expanded Nodes: 32, Evaluated States: 46, Time: 0.072) Frontier Size: 14
f(n) = 15.0 (Expanded Nodes: 34, Evaluated States: 49, Time: 0.073) Frontier Size: 15
f(n) = 16.0 (Expanded Nodes: 36, Evaluated States: 52, Time: 0.075) Frontier Size: 16
f(n) = 17.0 (Expanded Nodes: 38, Evaluated States: 55, Time: 0.076) Frontier Size: 17
f(n) = 18.0 (Expanded Nodes: 40, Evaluated States: 58, Time: 0.08) Frontier Size: 18
f(n) = 19.0 (Expanded Nodes: 42, Evaluated States: 61, Time: 0.08) Frontier Size: 19
f(n) = 20.0 (Expanded Nodes: 44, Evaluated States: 64, Time: 0.081) Frontier Size: 20
Extracting plan with execution delta: 1.0
Problem Solved

Found Plan:
0: (add_action a8)
0: (check_added_parameter_model a8)
0: (add_move_automata a8)
0: -----waiting---- [20.0]
20.0: (stop_wait)
20.0: (add_action a13)
20.0: (check_added_parameter_model a13)
20.0: (add_move_automata a13)
20.0: (stop_wait)
20.0: (add_action a15)
20.0: (check_added_parameter_model a15)
20.0: (add_move_automata a15)
20.0: (stop_wait)
20.0: (add_action a26)
20.0: (check_added_parameter_model a26)
20.0: (add_move_automata a26)
20.0: (stop_wait)
20.0: (add_action a28)
20.0: (check_added_parameter_model a28)
20.0: (add_move_automata a28)
20.0: (stop_wait)
20.0: (add_action a14)
20.0: (check_added_parameter_model a14)
20.0: (add_move_automata a14)
20.0: (stop_wait)
20.0: (add_action a9)
20.0: (check_added_parameter_model a9)
20.0: (add_move_automata a9)
20.0: (stop_wait)
20.0: (add_action a12)
20.0: (check_added_parameter_model a12)
20.0: (add_move_automata a12)
20.0: (stop_wait)
20.0: (add_action a17)
20.0: (check_added_parameter_model a17)
20.0: (add_move_automata a17)
20.0: (stop_wait)
20.0: (add_action a3)
20.0: (check_added_parameter_model a3)
20.0: (add_move_automata a3)
20.0: (stop_wait)
20.0: (add_action a6)
20.0: (check_added_parameter_model a6)
20.0: (add_move_automata a6)
20.0: (stop_wait)
20.0: (add_action a5)
20.0: (check_added_parameter_model a5)
20.0: (add_move_automata a5)
20.0: (stop_wait)
20.0: (add_action a21)
20.0: (check_added_parameter_model a21)
20.0: (add_move_automata a21)
20.0: (stop_wait)
20.0: (add_action a24)
20.0: (check_added_parameter_model a24)
20.0: (add_move_automata a24)
20.0: (stop_wait)
20.0: (add_action a16)
20.0: (check_added_parameter_model a16)
20.0: (add_move_automata a16)
20.0: (stop_wait)
20.0: (add_action a19)
20.0: (check_added_parameter_model a19)
20.0: (add_move_automata a19)
20.0: (stop_wait)
20.0: (add_action a20)
20.0: (check_added_parameter_model a20)
20.0: (add_move_automata a20)

Plan-Length:87
Elapsed Time: 20.0
Metric (Search):20.0
Planning Time (msec): 173
Heuristic Time (msec): 8
Search Time (msec): 169
Expanded Nodes:236
States Evaluated:289
Number of Dead-Ends detected:0
Number of Duplicates detected:145
/usr/bin/time -v timeout 600 java -Xmx64g -jar ./enhsp3.jar -o ./domain_framed_autonomy_process_reset.pddl -f ./problems/a35g6-prefix-0-a35g6_1_timed_data/problem7.pddl -h blind -s WAStar
Domain parsed
Problem parsed
Grounding..
Grounding Time: 10706
UFX:true
|F|:47957
|X|:5
Heuristic Problem Creation
|A|:1606
|P|:1
|E|:0
Delta time heuristic model:1.0
Delta time planning model:1.0
Delta time search-execution model:1.0
Delta time validation model:1
h(I):0.0
f(n) = 1.0 (Expanded Nodes: 6, Evaluated States: 7, Time: 0.024) Frontier Size: 1
f(n) = 2.0 (Expanded Nodes: 8, Evaluated States: 10, Time: 0.05) Frontier Size: 2
f(n) = 3.0 (Expanded Nodes: 10, Evaluated States: 13, Time: 0.051) Frontier Size: 3
f(n) = 4.0 (Expanded Nodes: 12, Evaluated States: 16, Time: 0.052) Frontier Size: 4
f(n) = 5.0 (Expanded Nodes: 14, Evaluated States: 19, Time: 0.053) Frontier Size: 5
f(n) = 6.0 (Expanded Nodes: 16, Evaluated States: 22, Time: 0.053) Frontier Size: 6
f(n) = 7.0 (Expanded Nodes: 18, Evaluated States: 25, Time: 0.054) Frontier Size: 7
f(n) = 8.0 (Expanded Nodes: 20, Evaluated States: 28, Time: 0.059) Frontier Size: 8
f(n) = 9.0 (Expanded Nodes: 22, Evaluated States: 31, Time: 0.063) Frontier Size: 9
f(n) = 10.0 (Expanded Nodes: 24, Evaluated States: 34, Time: 0.064) Frontier Size: 10
f(n) = 11.0 (Expanded Nodes: 26, Evaluated States: 37, Time: 0.065) Frontier Size: 11
f(n) = 12.0 (Expanded Nodes: 28, Evaluated States: 40, Time: 0.065) Frontier Size: 12
f(n) = 13.0 (Expanded Nodes: 30, Evaluated States: 43, Time: 0.066) Frontier Size: 13
f(n) = 14.0 (Expanded Nodes: 32, Evaluated States: 46, Time: 0.067) Frontier Size: 14
f(n) = 15.0 (Expanded Nodes: 34, Evaluated States: 49, Time: 0.07) Frontier Size: 15
f(n) = 16.0 (Expanded Nodes: 36, Evaluated States: 52, Time: 0.071) Frontier Size: 16
f(n) = 17.0 (Expanded Nodes: 38, Evaluated States: 55, Time: 0.072) Frontier Size: 17
f(n) = 18.0 (Expanded Nodes: 40, Evaluated States: 58, Time: 0.072) Frontier Size: 18
f(n) = 19.0 (Expanded Nodes: 42, Evaluated States: 61, Time: 0.077) Frontier Size: 19
f(n) = 20.0 (Expanded Nodes: 44, Evaluated States: 64, Time: 0.078) Frontier Size: 20
Extracting plan with execution delta: 1.0
Problem Solved

Found Plan:
0: (add_action a8)
0: (check_added_parameter_model a8)
0: (add_move_automata a8)
0: -----waiting---- [20.0]
20.0: (stop_wait)
20.0: (add_action a13)
20.0: (check_added_parameter_model a13)
20.0: (add_move_automata a13)
20.0: (stop_wait)
20.0: (add_action a15)
20.0: (check_added_parameter_model a15)
20.0: (add_move_automata a15)
20.0: (stop_wait)
20.0: (add_action a26)
20.0: (check_added_parameter_model a26)
20.0: (add_move_automata a26)
20.0: (stop_wait)
20.0: (add_action a28)
20.0: (check_added_parameter_model a28)
20.0: (add_move_automata a28)
20.0: (stop_wait)
20.0: (add_action a14)
20.0: (check_added_parameter_model a14)
20.0: (add_move_automata a14)
20.0: (stop_wait)
20.0: (add_action a9)
20.0: (check_added_parameter_model a9)
20.0: (add_move_automata a9)
20.0: (stop_wait)
20.0: (add_action a12)
20.0: (check_added_parameter_model a12)
20.0: (add_move_automata a12)
20.0: (stop_wait)
20.0: (add_action a17)
20.0: (check_added_parameter_model a17)
20.0: (add_move_automata a17)
20.0: (stop_wait)
20.0: (add_action a3)
20.0: (check_added_parameter_model a3)
20.0: (add_move_automata a3)
20.0: (stop_wait)
20.0: (add_action a6)
20.0: (check_added_parameter_model a6)
20.0: (add_move_automata a6)
20.0: (stop_wait)
20.0: (add_action a5)
20.0: (check_added_parameter_model a5)
20.0: (add_move_automata a5)
20.0: (stop_wait)
20.0: (add_action a21)
20.0: (check_added_parameter_model a21)
20.0: (add_move_automata a21)
20.0: (stop_wait)
20.0: (add_action a24)
20.0: (check_added_parameter_model a24)
20.0: (add_move_automata a24)
20.0: (stop_wait)
20.0: (add_action a16)
20.0: (check_added_parameter_model a16)
20.0: (add_move_automata a16)
20.0: (stop_wait)
20.0: (add_action a19)
20.0: (check_added_parameter_model a19)
20.0: (add_move_automata a19)
20.0: (stop_wait)
20.0: (add_action a20)
20.0: (check_added_parameter_model a20)
20.0: (add_move_automata a20)

Plan-Length:87
Elapsed Time: 20.0
Metric (Search):20.0
Planning Time (msec): 146
Heuristic Time (msec): 1
Search Time (msec): 136
Expanded Nodes:236
States Evaluated:289
Number of Dead-Ends detected:0
Number of Duplicates detected:145
/usr/bin/time -v timeout 600 java -Xmx64g -jar ./enhsp3.jar -o ./domain_framed_autonomy_process_reset.pddl -f ./problems/a35g6-prefix-0-a35g6_1_timed_data/problem8.pddl -h blind -s WAStar
Domain parsed
Problem parsed
Grounding..
Grounding Time: 10317
UFX:true
|F|:47957
|X|:5
Heuristic Problem Creation
|A|:1606
|P|:1
|E|:0
Delta time heuristic model:1.0
Delta time planning model:1.0
Delta time search-execution model:1.0
Delta time validation model:1
h(I):0.0
f(n) = 1.0 (Expanded Nodes: 6, Evaluated States: 7, Time: 0.025) Frontier Size: 1
f(n) = 2.0 (Expanded Nodes: 8, Evaluated States: 10, Time: 0.049) Frontier Size: 2
f(n) = 3.0 (Expanded Nodes: 10, Evaluated States: 13, Time: 0.049) Frontier Size: 3
f(n) = 4.0 (Expanded Nodes: 12, Evaluated States: 16, Time: 0.05) Frontier Size: 4
f(n) = 5.0 (Expanded Nodes: 14, Evaluated States: 19, Time: 0.051) Frontier Size: 5
f(n) = 6.0 (Expanded Nodes: 16, Evaluated States: 22, Time: 0.055) Frontier Size: 6
f(n) = 7.0 (Expanded Nodes: 18, Evaluated States: 25, Time: 0.056) Frontier Size: 7
f(n) = 8.0 (Expanded Nodes: 20, Evaluated States: 28, Time: 0.057) Frontier Size: 8
f(n) = 9.0 (Expanded Nodes: 22, Evaluated States: 31, Time: 0.058) Frontier Size: 9
f(n) = 10.0 (Expanded Nodes: 24, Evaluated States: 34, Time: 0.058) Frontier Size: 10
f(n) = 11.0 (Expanded Nodes: 26, Evaluated States: 37, Time: 0.059) Frontier Size: 11
f(n) = 12.0 (Expanded Nodes: 28, Evaluated States: 40, Time: 0.064) Frontier Size: 12
f(n) = 13.0 (Expanded Nodes: 30, Evaluated States: 43, Time: 0.065) Frontier Size: 13
f(n) = 14.0 (Expanded Nodes: 32, Evaluated States: 46, Time: 0.067) Frontier Size: 14
f(n) = 15.0 (Expanded Nodes: 34, Evaluated States: 49, Time: 0.071) Frontier Size: 15
f(n) = 16.0 (Expanded Nodes: 36, Evaluated States: 52, Time: 0.073) Frontier Size: 16
f(n) = 17.0 (Expanded Nodes: 38, Evaluated States: 55, Time: 0.074) Frontier Size: 17
f(n) = 18.0 (Expanded Nodes: 40, Evaluated States: 58, Time: 0.079) Frontier Size: 18
f(n) = 19.0 (Expanded Nodes: 42, Evaluated States: 61, Time: 0.079) Frontier Size: 19
f(n) = 20.0 (Expanded Nodes: 44, Evaluated States: 64, Time: 0.08) Frontier Size: 20
Extracting plan with execution delta: 1.0
Problem Solved

Found Plan:
0: (add_action a8)
0: (check_added_parameter_model a8)
0: (add_move_automata a8)
0: -----waiting---- [20.0]
20.0: (stop_wait)
20.0: (add_action a13)
20.0: (check_added_parameter_model a13)
20.0: (add_move_automata a13)
20.0: (stop_wait)
20.0: (add_action a15)
20.0: (check_added_parameter_model a15)
20.0: (add_move_automata a15)
20.0: (stop_wait)
20.0: (add_action a26)
20.0: (check_added_parameter_model a26)
20.0: (add_move_automata a26)
20.0: (stop_wait)
20.0: (add_action a28)
20.0: (check_added_parameter_model a28)
20.0: (add_move_automata a28)
20.0: (stop_wait)
20.0: (add_action a14)
20.0: (check_added_parameter_model a14)
20.0: (add_move_automata a14)
20.0: (stop_wait)
20.0: (add_action a9)
20.0: (check_added_parameter_model a9)
20.0: (add_move_automata a9)
20.0: (stop_wait)
20.0: (add_action a12)
20.0: (check_added_parameter_model a12)
20.0: (add_move_automata a12)
20.0: (stop_wait)
20.0: (add_action a17)
20.0: (check_added_parameter_model a17)
20.0: (add_move_automata a17)
20.0: (stop_wait)
20.0: (add_action a3)
20.0: (check_added_parameter_model a3)
20.0: (add_move_automata a3)
20.0: (stop_wait)
20.0: (add_action a6)
20.0: (check_added_parameter_model a6)
20.0: (add_move_automata a6)
20.0: (stop_wait)
20.0: (add_action a5)
20.0: (check_added_parameter_model a5)
20.0: (add_move_automata a5)
20.0: (stop_wait)
20.0: (add_action a21)
20.0: (check_added_parameter_model a21)
20.0: (add_move_automata a21)
20.0: (stop_wait)
20.0: (add_action a24)
20.0: (check_added_parameter_model a24)
20.0: (add_move_automata a24)
20.0: (stop_wait)
20.0: (add_action a16)
20.0: (check_added_parameter_model a16)
20.0: (add_move_automata a16)
20.0: (stop_wait)
20.0: (add_action a19)
20.0: (check_added_parameter_model a19)
20.0: (add_move_automata a19)
20.0: (stop_wait)
20.0: (add_action a20)
20.0: (check_added_parameter_model a20)
20.0: (add_move_automata a20)

Plan-Length:87
Elapsed Time: 20.0
Metric (Search):20.0
Planning Time (msec): 160
Heuristic Time (msec): 6
Search Time (msec): 151
Expanded Nodes:236
States Evaluated:289
Number of Dead-Ends detected:0
Number of Duplicates detected:145
/usr/bin/time -v timeout 600 java -Xmx64g -jar ./enhsp3.jar -o ./domain_framed_autonomy_process_reset.pddl -f ./problems/a35g6-prefix-0-a35g6_1_timed_data/problem9.pddl -h blind -s WAStar
Domain parsed
Problem parsed
Grounding..
Grounding Time: 10457
UFX:true
|F|:47957
|X|:5
Heuristic Problem Creation
|A|:1606
|P|:1
|E|:0
Delta time heuristic model:1.0
Delta time planning model:1.0
Delta time search-execution model:1.0
Delta time validation model:1
h(I):0.0
f(n) = 1.0 (Expanded Nodes: 6, Evaluated States: 7, Time: 0.03) Frontier Size: 1
f(n) = 2.0 (Expanded Nodes: 8, Evaluated States: 10, Time: 0.048) Frontier Size: 2
f(n) = 3.0 (Expanded Nodes: 10, Evaluated States: 13, Time: 0.053) Frontier Size: 3
f(n) = 4.0 (Expanded Nodes: 12, Evaluated States: 16, Time: 0.058) Frontier Size: 4
f(n) = 5.0 (Expanded Nodes: 14, Evaluated States: 19, Time: 0.059) Frontier Size: 5
f(n) = 6.0 (Expanded Nodes: 16, Evaluated States: 22, Time: 0.06) Frontier Size: 6
f(n) = 7.0 (Expanded Nodes: 18, Evaluated States: 25, Time: 0.061) Frontier Size: 7
f(n) = 8.0 (Expanded Nodes: 20, Evaluated States: 28, Time: 0.062) Frontier Size: 8
f(n) = 9.0 (Expanded Nodes: 22, Evaluated States: 31, Time: 0.062) Frontier Size: 9
f(n) = 10.0 (Expanded Nodes: 24, Evaluated States: 34, Time: 0.063) Frontier Size: 10
f(n) = 11.0 (Expanded Nodes: 26, Evaluated States: 37, Time: 0.068) Frontier Size: 11
f(n) = 12.0 (Expanded Nodes: 28, Evaluated States: 40, Time: 0.07) Frontier Size: 12
f(n) = 13.0 (Expanded Nodes: 30, Evaluated States: 43, Time: 0.074) Frontier Size: 13
f(n) = 14.0 (Expanded Nodes: 32, Evaluated States: 46, Time: 0.075) Frontier Size: 14
f(n) = 15.0 (Expanded Nodes: 34, Evaluated States: 49, Time: 0.077) Frontier Size: 15
f(n) = 16.0 (Expanded Nodes: 36, Evaluated States: 52, Time: 0.077) Frontier Size: 16
f(n) = 17.0 (Expanded Nodes: 38, Evaluated States: 55, Time: 0.078) Frontier Size: 17
f(n) = 18.0 (Expanded Nodes: 40, Evaluated States: 58, Time: 0.079) Frontier Size: 18
f(n) = 19.0 (Expanded Nodes: 42, Evaluated States: 61, Time: 0.079) Frontier Size: 19
f(n) = 20.0 (Expanded Nodes: 44, Evaluated States: 64, Time: 0.084) Frontier Size: 20
Extracting plan with execution delta: 1.0
Problem Solved

Found Plan:
0: (add_action a8)
0: (check_added_parameter_model a8)
0: (add_move_automata a8)
0: -----waiting---- [20.0]
20.0: (stop_wait)
20.0: (add_action a13)
20.0: (check_added_parameter_model a13)
20.0: (add_move_automata a13)
20.0: (stop_wait)
20.0: (add_action a15)
20.0: (check_added_parameter_model a15)
20.0: (add_move_automata a15)
20.0: (stop_wait)
20.0: (add_action a26)
20.0: (check_added_parameter_model a26)
20.0: (add_move_automata a26)
20.0: (stop_wait)
20.0: (add_action a28)
20.0: (check_added_parameter_model a28)
20.0: (add_move_automata a28)
20.0: (stop_wait)
20.0: (add_action a14)
20.0: (check_added_parameter_model a14)
20.0: (add_move_automata a14)
20.0: (stop_wait)
20.0: (add_action a9)
20.0: (check_added_parameter_model a9)
20.0: (add_move_automata a9)
20.0: (stop_wait)
20.0: (add_action a12)
20.0: (check_added_parameter_model a12)
20.0: (add_move_automata a12)
20.0: (stop_wait)
20.0: (add_action a17)
20.0: (check_added_parameter_model a17)
20.0: (add_move_automata a17)
20.0: (stop_wait)
20.0: (add_action a3)
20.0: (check_added_parameter_model a3)
20.0: (add_move_automata a3)
20.0: (stop_wait)
20.0: (add_action a6)
20.0: (check_added_parameter_model a6)
20.0: (add_move_automata a6)
20.0: (stop_wait)
20.0: (add_action a5)
20.0: (check_added_parameter_model a5)
20.0: (add_move_automata a5)
20.0: (stop_wait)
20.0: (add_action a21)
20.0: (check_added_parameter_model a21)
20.0: (add_move_automata a21)
20.0: (stop_wait)
20.0: (add_action a24)
20.0: (check_added_parameter_model a24)
20.0: (add_move_automata a24)
20.0: (stop_wait)
20.0: (add_action a16)
20.0: (check_added_parameter_model a16)
20.0: (add_move_automata a16)
20.0: (stop_wait)
20.0: (add_action a19)
20.0: (check_added_parameter_model a19)
20.0: (add_move_automata a19)
20.0: (stop_wait)
20.0: (add_action a20)
20.0: (check_added_parameter_model a20)
20.0: (add_move_automata a20)

Plan-Length:87
Elapsed Time: 20.0
Metric (Search):20.0
Planning Time (msec): 201
Heuristic Time (msec): 13
Search Time (msec): 195
Expanded Nodes:236
States Evaluated:289
Number of Dead-Ends detected:0
Number of Duplicates detected:145
/usr/bin/time -v timeout 600 java -Xmx64g -jar ./enhsp3.jar -o ./domain_framed_autonomy_process_reset.pddl -f ./problems/a35g6-prefix-0-a35g6_1_timed_data/problem10.pddl -h blind -s WAStar
Domain parsed
Problem parsed
Grounding..
Grounding Time: 10622
UFX:true
|F|:47957
|X|:5
Heuristic Problem Creation
|A|:1606
|P|:1
|E|:0
Delta time heuristic model:1.0
Delta time planning model:1.0
Delta time search-execution model:1.0
Delta time validation model:1
h(I):0.0
f(n) = 1.0 (Expanded Nodes: 6, Evaluated States: 7, Time: 0.035) Frontier Size: 1
f(n) = 2.0 (Expanded Nodes: 8, Evaluated States: 10, Time: 0.055) Frontier Size: 2
f(n) = 3.0 (Expanded Nodes: 10, Evaluated States: 13, Time: 0.057) Frontier Size: 3
f(n) = 4.0 (Expanded Nodes: 12, Evaluated States: 16, Time: 0.057) Frontier Size: 4
f(n) = 5.0 (Expanded Nodes: 14, Evaluated States: 19, Time: 0.058) Frontier Size: 5
f(n) = 6.0 (Expanded Nodes: 16, Evaluated States: 22, Time: 0.059) Frontier Size: 6
f(n) = 7.0 (Expanded Nodes: 18, Evaluated States: 25, Time: 0.06) Frontier Size: 7
f(n) = 8.0 (Expanded Nodes: 20, Evaluated States: 28, Time: 0.061) Frontier Size: 8
f(n) = 9.0 (Expanded Nodes: 22, Evaluated States: 31, Time: 0.061) Frontier Size: 9
f(n) = 10.0 (Expanded Nodes: 24, Evaluated States: 34, Time: 0.062) Frontier Size: 10
f(n) = 11.0 (Expanded Nodes: 26, Evaluated States: 37, Time: 0.063) Frontier Size: 11
f(n) = 12.0 (Expanded Nodes: 28, Evaluated States: 40, Time: 0.063) Frontier Size: 12
f(n) = 13.0 (Expanded Nodes: 30, Evaluated States: 43, Time: 0.064) Frontier Size: 13
f(n) = 14.0 (Expanded Nodes: 32, Evaluated States: 46, Time: 0.065) Frontier Size: 14
f(n) = 15.0 (Expanded Nodes: 34, Evaluated States: 49, Time: 0.066) Frontier Size: 15
f(n) = 16.0 (Expanded Nodes: 36, Evaluated States: 52, Time: 0.066) Frontier Size: 16
f(n) = 17.0 (Expanded Nodes: 38, Evaluated States: 55, Time: 0.067) Frontier Size: 17
f(n) = 18.0 (Expanded Nodes: 40, Evaluated States: 58, Time: 0.067) Frontier Size: 18
f(n) = 19.0 (Expanded Nodes: 42, Evaluated States: 61, Time: 0.068) Frontier Size: 19
f(n) = 20.0 (Expanded Nodes: 44, Evaluated States: 64, Time: 0.068) Frontier Size: 20
Extracting plan with execution delta: 1.0
Problem Solved

Found Plan:
0: (add_action a8)
0: (check_added_parameter_model a8)
0: (add_move_automata a8)
0: -----waiting---- [20.0]
20.0: (stop_wait)
20.0: (add_action a13)
20.0: (check_added_parameter_model a13)
20.0: (add_move_automata a13)
20.0: (stop_wait)
20.0: (add_action a15)
20.0: (check_added_parameter_model a15)
20.0: (add_move_automata a15)
20.0: (stop_wait)
20.0: (add_action a26)
20.0: (check_added_parameter_model a26)
20.0: (add_move_automata a26)
20.0: (stop_wait)
20.0: (add_action a28)
20.0: (check_added_parameter_model a28)
20.0: (add_move_automata a28)
20.0: (stop_wait)
20.0: (add_action a14)
20.0: (check_added_parameter_model a14)
20.0: (add_move_automata a14)
20.0: (stop_wait)
20.0: (add_action a9)
20.0: (check_added_parameter_model a9)
20.0: (add_move_automata a9)
20.0: (stop_wait)
20.0: (add_action a12)
20.0: (check_added_parameter_model a12)
20.0: (add_move_automata a12)
20.0: (stop_wait)
20.0: (add_action a17)
20.0: (check_added_parameter_model a17)
20.0: (add_move_automata a17)
20.0: (stop_wait)
20.0: (add_action a3)
20.0: (check_added_parameter_model a3)
20.0: (add_move_automata a3)
20.0: (stop_wait)
20.0: (add_action a6)
20.0: (check_added_parameter_model a6)
20.0: (add_move_automata a6)
20.0: (stop_wait)
20.0: (add_action a5)
20.0: (check_added_parameter_model a5)
20.0: (add_move_automata a5)
20.0: (stop_wait)
20.0: (add_action a21)
20.0: (check_added_parameter_model a21)
20.0: (add_move_automata a21)
20.0: (stop_wait)
20.0: (add_action a24)
20.0: (check_added_parameter_model a24)
20.0: (add_move_automata a24)
20.0: (stop_wait)
20.0: (add_action a16)
20.0: (check_added_parameter_model a16)
20.0: (add_move_automata a16)
20.0: (stop_wait)
20.0: (add_action a19)
20.0: (check_added_parameter_model a19)
20.0: (add_move_automata a19)
20.0: (stop_wait)
20.0: (add_action a20)
20.0: (check_added_parameter_model a20)
20.0: (add_move_automata a20)

Plan-Length:87
Elapsed Time: 20.0
Metric (Search):20.0
Planning Time (msec): 146
Heuristic Time (msec): 16
Search Time (msec): 137
Expanded Nodes:236
States Evaluated:289
Number of Dead-Ends detected:0
Number of Duplicates detected:145
