/usr/bin/time -v timeout 600 java -Xmx64g -jar ./enhsp3.jar -o ./domain_framed_autonomy_process_reset.pddl -f ./problems/a35g6-prefix-0-a35g6_3_data/problem1.pddl -h blind -s WAStar
Domain parsed
Problem parsed
Grounding..
Grounding Time: 20561
UFX:true
|F|:67811
|X|:12
Heuristic Problem Creation
|A|:1698
|P|:1
|E|:0
Delta time heuristic model:1.0
Delta time planning model:1.0
Delta time search-execution model:1.0
Delta time validation model:1
h(I):0.0
Extracting plan with execution delta: 1.0
Problem Solved

Found Plan:
0: (add_action a8)
0: (check_added_parameter_model a8)
0: (add_move_automata a8)
0: (stop_wait)
0: (add_action a13)
0: (check_added_parameter_model a13)
0: (add_move_automata a13)
0: (stop_wait)
0: (add_action a15)
0: (check_added_parameter_model a15)
0: (add_move_automata a15)
0: (stop_wait)
0: (add_action a26)
0: (check_added_parameter_model a26)
0: (add_move_automata a26)
0: (stop_wait)
0: (add_action a28)
0: (check_added_parameter_model a28)
0: (add_move_automata a28)
0: (stop_wait)
0: (add_action a14)
0: (check_added_parameter_model a14)
0: (add_move_automata a14)
0: (stop_wait)
0: (add_action a9)
0: (check_added_parameter_model a9)
0: (add_move_automata a9)
0: (stop_wait)
0: (add_action a12)
0: (check_added_parameter_model a12)
0: (add_move_automata a12)
0: (stop_wait)
0: (add_action a17)
0: (check_added_parameter_model a17)
0: (add_move_automata a17)
0: (stop_wait)
0: (add_action a3)
0: (check_added_parameter_model a3)
0: (add_move_automata a3)
0: (stop_wait)
0: (add_action a6)
0: (check_added_parameter_model a6)
0: (add_move_automata a6)
0: (stop_wait)
0: (add_action a5)
0: (check_added_parameter_model a5)
0: (add_move_automata a5)
0: (stop_wait)
0: (add_action a21)
0: (check_added_parameter_model a21)
0: (add_move_automata a21)
0: (stop_wait)
0: (add_action a24)
0: (check_added_parameter_model a24)
0: (add_move_automata a24)
0: (stop_wait)
0: (add_action a16)
0: (check_added_parameter_model a16)
0: (add_move_automata a16)
0: (stop_wait)
0: (add_action a19)
0: (check_added_parameter_model a19)
0: (add_move_automata a19)
0: (stop_wait)
0: (add_action a20)
0: (check_added_parameter_model a20)
0: (add_move_automata a20)

Plan-Length:67
Elapsed Time: 0
Metric (Search):0.0
Planning Time (msec): 142
Heuristic Time (msec): 6
Search Time (msec): 133
Expanded Nodes:196
States Evaluated:228
Number of Dead-Ends detected:0
Number of Duplicates detected:126
/usr/bin/time -v timeout 600 java -Xmx64g -jar ./enhsp3.jar -o ./domain_framed_autonomy_process_reset.pddl -f ./problems/a35g6-prefix-0-a35g6_3_data/problem2.pddl -h blind -s WAStar
Domain parsed
Problem parsed
Grounding..
Grounding Time: 21238
UFX:true
|F|:67811
|X|:12
Heuristic Problem Creation
|A|:1698
|P|:1
|E|:0
Delta time heuristic model:1.0
Delta time planning model:1.0
Delta time search-execution model:1.0
Delta time validation model:1
h(I):0.0
Extracting plan with execution delta: 1.0
Problem Solved

Found Plan:
0: (add_action a8)
0: (check_added_parameter_model a8)
0: (add_move_automata a8)
0: (stop_wait)
0: (add_action a13)
0: (check_added_parameter_model a13)
0: (add_move_automata a13)
0: (stop_wait)
0: (add_action a15)
0: (check_added_parameter_model a15)
0: (add_move_automata a15)
0: (stop_wait)
0: (add_action a26)
0: (check_added_parameter_model a26)
0: (add_move_automata a26)
0: (stop_wait)
0: (add_action a28)
0: (check_added_parameter_model a28)
0: (add_move_automata a28)
0: (stop_wait)
0: (add_action a14)
0: (check_added_parameter_model a14)
0: (add_move_automata a14)
0: (stop_wait)
0: (add_action a9)
0: (check_added_parameter_model a9)
0: (add_move_automata a9)
0: (stop_wait)
0: (add_action a12)
0: (check_added_parameter_model a12)
0: (add_move_automata a12)
0: (stop_wait)
0: (add_action a17)
0: (check_added_parameter_model a17)
0: (add_move_automata a17)
0: (stop_wait)
0: (add_action a3)
0: (check_added_parameter_model a3)
0: (add_move_automata a3)
0: (stop_wait)
0: (add_action a6)
0: (check_added_parameter_model a6)
0: (add_move_automata a6)
0: (stop_wait)
0: (add_action a5)
0: (check_added_parameter_model a5)
0: (add_move_automata a5)
0: (stop_wait)
0: (add_action a21)
0: (check_added_parameter_model a21)
0: (add_move_automata a21)
0: (stop_wait)
0: (add_action a24)
0: (check_added_parameter_model a24)
0: (add_move_automata a24)
0: (stop_wait)
0: (add_action a16)
0: (check_added_parameter_model a16)
0: (add_move_automata a16)
0: (stop_wait)
0: (add_action a19)
0: (check_added_parameter_model a19)
0: (add_move_automata a19)
0: (stop_wait)
0: (add_action a20)
0: (check_added_parameter_model a20)
0: (add_move_automata a20)

Plan-Length:67
Elapsed Time: 0
Metric (Search):0.0
Planning Time (msec): 140
Heuristic Time (msec): 8
Search Time (msec): 131
Expanded Nodes:196
States Evaluated:228
Number of Dead-Ends detected:0
Number of Duplicates detected:126
/usr/bin/time -v timeout 600 java -Xmx64g -jar ./enhsp3.jar -o ./domain_framed_autonomy_process_reset.pddl -f ./problems/a35g6-prefix-0-a35g6_3_data/problem3.pddl -h blind -s WAStar
Domain parsed
Problem parsed
Grounding..
Grounding Time: 21386
UFX:true
|F|:67811
|X|:12
Heuristic Problem Creation
|A|:1698
|P|:1
|E|:0
Delta time heuristic model:1.0
Delta time planning model:1.0
Delta time search-execution model:1.0
Delta time validation model:1
h(I):0.0
Extracting plan with execution delta: 1.0
Problem Solved

Found Plan:
0: (add_action a8)
0: (check_added_parameter_model a8)
0: (add_move_automata a8)
0: (stop_wait)
0: (add_action a13)
0: (check_added_parameter_model a13)
0: (add_move_automata a13)
0: (stop_wait)
0: (add_action a15)
0: (check_added_parameter_model a15)
0: (add_move_automata a15)
0: (stop_wait)
0: (add_action a26)
0: (check_added_parameter_model a26)
0: (add_move_automata a26)
0: (stop_wait)
0: (add_action a28)
0: (check_added_parameter_model a28)
0: (add_move_automata a28)
0: (stop_wait)
0: (add_action a14)
0: (check_added_parameter_model a14)
0: (add_move_automata a14)
0: (stop_wait)
0: (add_action a9)
0: (check_added_parameter_model a9)
0: (add_move_automata a9)
0: (stop_wait)
0: (add_action a12)
0: (check_added_parameter_model a12)
0: (add_move_automata a12)
0: (stop_wait)
0: (add_action a17)
0: (check_added_parameter_model a17)
0: (add_move_automata a17)
0: (stop_wait)
0: (add_action a3)
0: (check_added_parameter_model a3)
0: (add_move_automata a3)
0: (stop_wait)
0: (add_action a6)
0: (check_added_parameter_model a6)
0: (add_move_automata a6)
0: (stop_wait)
0: (add_action a5)
0: (check_added_parameter_model a5)
0: (add_move_automata a5)
0: (stop_wait)
0: (add_action a21)
0: (check_added_parameter_model a21)
0: (add_move_automata a21)
0: (stop_wait)
0: (add_action a24)
0: (check_added_parameter_model a24)
0: (add_move_automata a24)
0: (stop_wait)
0: (add_action a16)
0: (check_added_parameter_model a16)
0: (add_move_automata a16)
0: (stop_wait)
0: (add_action a19)
0: (check_added_parameter_model a19)
0: (add_move_automata a19)
0: (stop_wait)
0: (add_action a20)
0: (check_added_parameter_model a20)
0: (add_move_automata a20)

Plan-Length:67
Elapsed Time: 0
Metric (Search):0.0
Planning Time (msec): 105
Heuristic Time (msec): 3
Search Time (msec): 92
Expanded Nodes:196
States Evaluated:228
Number of Dead-Ends detected:0
Number of Duplicates detected:126
/usr/bin/time -v timeout 600 java -Xmx64g -jar ./enhsp3.jar -o ./domain_framed_autonomy_process_reset.pddl -f ./problems/a35g6-prefix-0-a35g6_3_data/problem4.pddl -h blind -s WAStar
Domain parsed
Problem parsed
Grounding..
Grounding Time: 21242
UFX:true
|F|:67811
|X|:12
Heuristic Problem Creation
|A|:1698
|P|:1
|E|:0
Delta time heuristic model:1.0
Delta time planning model:1.0
Delta time search-execution model:1.0
Delta time validation model:1
h(I):0.0
Extracting plan with execution delta: 1.0
Problem Solved

Found Plan:
0: (add_action a8)
0: (check_added_parameter_model a8)
0: (add_move_automata a8)
0: (stop_wait)
0: (add_action a13)
0: (check_added_parameter_model a13)
0: (add_move_automata a13)
0: (stop_wait)
0: (add_action a15)
0: (check_added_parameter_model a15)
0: (add_move_automata a15)
0: (stop_wait)
0: (add_action a26)
0: (check_added_parameter_model a26)
0: (add_move_automata a26)
0: (stop_wait)
0: (add_action a28)
0: (check_added_parameter_model a28)
0: (add_move_automata a28)
0: (stop_wait)
0: (add_action a14)
0: (check_added_parameter_model a14)
0: (add_move_automata a14)
0: (stop_wait)
0: (add_action a9)
0: (check_added_parameter_model a9)
0: (add_move_automata a9)
0: (stop_wait)
0: (add_action a12)
0: (check_added_parameter_model a12)
0: (add_move_automata a12)
0: (stop_wait)
0: (add_action a17)
0: (check_added_parameter_model a17)
0: (add_move_automata a17)
0: (stop_wait)
0: (add_action a3)
0: (check_added_parameter_model a3)
0: (add_move_automata a3)
0: (stop_wait)
0: (add_action a6)
0: (check_added_parameter_model a6)
0: (add_move_automata a6)
0: (stop_wait)
0: (add_action a5)
0: (check_added_parameter_model a5)
0: (add_move_automata a5)
0: (stop_wait)
0: (add_action a21)
0: (check_added_parameter_model a21)
0: (add_move_automata a21)
0: (stop_wait)
0: (add_action a24)
0: (check_added_parameter_model a24)
0: (add_move_automata a24)
0: (stop_wait)
0: (add_action a16)
0: (check_added_parameter_model a16)
0: (add_move_automata a16)
0: (stop_wait)
0: (add_action a19)
0: (check_added_parameter_model a19)
0: (add_move_automata a19)
0: (stop_wait)
0: (add_action a20)
0: (check_added_parameter_model a20)
0: (add_move_automata a20)

Plan-Length:67
Elapsed Time: 0
Metric (Search):0.0
Planning Time (msec): 128
Heuristic Time (msec): 7
Search Time (msec): 112
Expanded Nodes:196
States Evaluated:228
Number of Dead-Ends detected:0
Number of Duplicates detected:126
/usr/bin/time -v timeout 600 java -Xmx64g -jar ./enhsp3.jar -o ./domain_framed_autonomy_process_reset.pddl -f ./problems/a35g6-prefix-0-a35g6_3_data/problem5.pddl -h blind -s WAStar
Domain parsed
Problem parsed
Grounding..
Grounding Time: 21348
UFX:true
|F|:67811
|X|:12
Heuristic Problem Creation
|A|:1698
|P|:1
|E|:0
Delta time heuristic model:1.0
Delta time planning model:1.0
Delta time search-execution model:1.0
Delta time validation model:1
h(I):0.0
Extracting plan with execution delta: 1.0
Problem Solved

Found Plan:
0: (add_action a8)
0: (check_added_parameter_model a8)
0: (add_move_automata a8)
0: (stop_wait)
0: (add_action a13)
0: (check_added_parameter_model a13)
0: (add_move_automata a13)
0: (stop_wait)
0: (add_action a15)
0: (check_added_parameter_model a15)
0: (add_move_automata a15)
0: (stop_wait)
0: (add_action a26)
0: (check_added_parameter_model a26)
0: (add_move_automata a26)
0: (stop_wait)
0: (add_action a28)
0: (check_added_parameter_model a28)
0: (add_move_automata a28)
0: (stop_wait)
0: (add_action a14)
0: (check_added_parameter_model a14)
0: (add_move_automata a14)
0: (stop_wait)
0: (add_action a9)
0: (check_added_parameter_model a9)
0: (add_move_automata a9)
0: (stop_wait)
0: (add_action a12)
0: (check_added_parameter_model a12)
0: (add_move_automata a12)
0: (stop_wait)
0: (add_action a17)
0: (check_added_parameter_model a17)
0: (add_move_automata a17)
0: (stop_wait)
0: (add_action a3)
0: (check_added_parameter_model a3)
0: (add_move_automata a3)
0: (stop_wait)
0: (add_action a6)
0: (check_added_parameter_model a6)
0: (add_move_automata a6)
0: (stop_wait)
0: (add_action a5)
0: (check_added_parameter_model a5)
0: (add_move_automata a5)
0: (stop_wait)
0: (add_action a21)
0: (check_added_parameter_model a21)
0: (add_move_automata a21)
0: (stop_wait)
0: (add_action a24)
0: (check_added_parameter_model a24)
0: (add_move_automata a24)
0: (stop_wait)
0: (add_action a16)
0: (check_added_parameter_model a16)
0: (add_move_automata a16)
0: (stop_wait)
0: (add_action a19)
0: (check_added_parameter_model a19)
0: (add_move_automata a19)
0: (stop_wait)
0: (add_action a20)
0: (check_added_parameter_model a20)
0: (add_move_automata a20)

Plan-Length:67
Elapsed Time: 0
Metric (Search):0.0
Planning Time (msec): 153
Heuristic Time (msec): 7
Search Time (msec): 139
Expanded Nodes:196
States Evaluated:228
Number of Dead-Ends detected:0
Number of Duplicates detected:126
/usr/bin/time -v timeout 600 java -Xmx64g -jar ./enhsp3.jar -o ./domain_framed_autonomy_process_reset.pddl -f ./problems/a35g6-prefix-0-a35g6_3_data/problem6.pddl -h blind -s WAStar
Domain parsed
Problem parsed
Grounding..
Grounding Time: 20545
UFX:true
|F|:67811
|X|:12
Heuristic Problem Creation
|A|:1698
|P|:1
|E|:0
Delta time heuristic model:1.0
Delta time planning model:1.0
Delta time search-execution model:1.0
Delta time validation model:1
h(I):0.0
Extracting plan with execution delta: 1.0
Problem Solved

Found Plan:
0: (add_action a8)
0: (check_added_parameter_model a8)
0: (add_move_automata a8)
0: (stop_wait)
0: (add_action a13)
0: (check_added_parameter_model a13)
0: (add_move_automata a13)
0: (stop_wait)
0: (add_action a15)
0: (check_added_parameter_model a15)
0: (add_move_automata a15)
0: (stop_wait)
0: (add_action a26)
0: (check_added_parameter_model a26)
0: (add_move_automata a26)
0: (stop_wait)
0: (add_action a28)
0: (check_added_parameter_model a28)
0: (add_move_automata a28)
0: (stop_wait)
0: (add_action a14)
0: (check_added_parameter_model a14)
0: (add_move_automata a14)
0: (stop_wait)
0: (add_action a9)
0: (check_added_parameter_model a9)
0: (add_move_automata a9)
0: (stop_wait)
0: (add_action a12)
0: (check_added_parameter_model a12)
0: (add_move_automata a12)
0: (stop_wait)
0: (add_action a17)
0: (check_added_parameter_model a17)
0: (add_move_automata a17)
0: (stop_wait)
0: (add_action a3)
0: (check_added_parameter_model a3)
0: (add_move_automata a3)
0: (stop_wait)
0: (add_action a6)
0: (check_added_parameter_model a6)
0: (add_move_automata a6)
0: (stop_wait)
0: (add_action a5)
0: (check_added_parameter_model a5)
0: (add_move_automata a5)
0: (stop_wait)
0: (add_action a21)
0: (check_added_parameter_model a21)
0: (add_move_automata a21)
0: (stop_wait)
0: (add_action a24)
0: (check_added_parameter_model a24)
0: (add_move_automata a24)
0: (stop_wait)
0: (add_action a16)
0: (check_added_parameter_model a16)
0: (add_move_automata a16)
0: (stop_wait)
0: (add_action a19)
0: (check_added_parameter_model a19)
0: (add_move_automata a19)
0: (stop_wait)
0: (add_action a20)
0: (check_added_parameter_model a20)
0: (add_move_automata a20)

Plan-Length:67
Elapsed Time: 0
Metric (Search):0.0
Planning Time (msec): 142
Heuristic Time (msec): 5
Search Time (msec): 131
Expanded Nodes:196
States Evaluated:228
Number of Dead-Ends detected:0
Number of Duplicates detected:126
/usr/bin/time -v timeout 600 java -Xmx64g -jar ./enhsp3.jar -o ./domain_framed_autonomy_process_reset.pddl -f ./problems/a35g6-prefix-0-a35g6_3_data/problem7.pddl -h blind -s WAStar
Domain parsed
Problem parsed
Grounding..
Grounding Time: 19541
UFX:true
|F|:67811
|X|:12
Heuristic Problem Creation
|A|:1698
|P|:1
|E|:0
Delta time heuristic model:1.0
Delta time planning model:1.0
Delta time search-execution model:1.0
Delta time validation model:1
h(I):0.0
Extracting plan with execution delta: 1.0
Problem Solved

Found Plan:
0: (add_action a8)
0: (check_added_parameter_model a8)
0: (add_move_automata a8)
0: (stop_wait)
0: (add_action a13)
0: (check_added_parameter_model a13)
0: (add_move_automata a13)
0: (stop_wait)
0: (add_action a15)
0: (check_added_parameter_model a15)
0: (add_move_automata a15)
0: (stop_wait)
0: (add_action a26)
0: (check_added_parameter_model a26)
0: (add_move_automata a26)
0: (stop_wait)
0: (add_action a28)
0: (check_added_parameter_model a28)
0: (add_move_automata a28)
0: (stop_wait)
0: (add_action a14)
0: (check_added_parameter_model a14)
0: (add_move_automata a14)
0: (stop_wait)
0: (add_action a9)
0: (check_added_parameter_model a9)
0: (add_move_automata a9)
0: (stop_wait)
0: (add_action a12)
0: (check_added_parameter_model a12)
0: (add_move_automata a12)
0: (stop_wait)
0: (add_action a17)
0: (check_added_parameter_model a17)
0: (add_move_automata a17)
0: (stop_wait)
0: (add_action a3)
0: (check_added_parameter_model a3)
0: (add_move_automata a3)
0: (stop_wait)
0: (add_action a6)
0: (check_added_parameter_model a6)
0: (add_move_automata a6)
0: (stop_wait)
0: (add_action a5)
0: (check_added_parameter_model a5)
0: (add_move_automata a5)
0: (stop_wait)
0: (add_action a21)
0: (check_added_parameter_model a21)
0: (add_move_automata a21)
0: (stop_wait)
0: (add_action a24)
0: (check_added_parameter_model a24)
0: (add_move_automata a24)
0: (stop_wait)
0: (add_action a16)
0: (check_added_parameter_model a16)
0: (add_move_automata a16)
0: (stop_wait)
0: (add_action a19)
0: (check_added_parameter_model a19)
0: (add_move_automata a19)
0: (stop_wait)
0: (add_action a20)
0: (check_added_parameter_model a20)
0: (add_move_automata a20)

Plan-Length:67
Elapsed Time: 0
Metric (Search):0.0
Planning Time (msec): 137
Heuristic Time (msec): 6
Search Time (msec): 125
Expanded Nodes:196
States Evaluated:228
Number of Dead-Ends detected:0
Number of Duplicates detected:126
/usr/bin/time -v timeout 600 java -Xmx64g -jar ./enhsp3.jar -o ./domain_framed_autonomy_process_reset.pddl -f ./problems/a35g6-prefix-0-a35g6_3_data/problem8.pddl -h blind -s WAStar
Domain parsed
Problem parsed
Grounding..
Grounding Time: 19329
UFX:true
|F|:67811
|X|:12
Heuristic Problem Creation
|A|:1698
|P|:1
|E|:0
Delta time heuristic model:1.0
Delta time planning model:1.0
Delta time search-execution model:1.0
Delta time validation model:1
h(I):0.0
Extracting plan with execution delta: 1.0
Problem Solved

Found Plan:
0: (add_action a8)
0: (check_added_parameter_model a8)
0: (add_move_automata a8)
0: (stop_wait)
0: (add_action a13)
0: (check_added_parameter_model a13)
0: (add_move_automata a13)
0: (stop_wait)
0: (add_action a15)
0: (check_added_parameter_model a15)
0: (add_move_automata a15)
0: (stop_wait)
0: (add_action a26)
0: (check_added_parameter_model a26)
0: (add_move_automata a26)
0: (stop_wait)
0: (add_action a28)
0: (check_added_parameter_model a28)
0: (add_move_automata a28)
0: (stop_wait)
0: (add_action a14)
0: (check_added_parameter_model a14)
0: (add_move_automata a14)
0: (stop_wait)
0: (add_action a9)
0: (check_added_parameter_model a9)
0: (add_move_automata a9)
0: (stop_wait)
0: (add_action a12)
0: (check_added_parameter_model a12)
0: (add_move_automata a12)
0: (stop_wait)
0: (add_action a17)
0: (check_added_parameter_model a17)
0: (add_move_automata a17)
0: (stop_wait)
0: (add_action a3)
0: (check_added_parameter_model a3)
0: (add_move_automata a3)
0: (stop_wait)
0: (add_action a6)
0: (check_added_parameter_model a6)
0: (add_move_automata a6)
0: (stop_wait)
0: (add_action a5)
0: (check_added_parameter_model a5)
0: (add_move_automata a5)
0: (stop_wait)
0: (add_action a21)
0: (check_added_parameter_model a21)
0: (add_move_automata a21)
0: (stop_wait)
0: (add_action a24)
0: (check_added_parameter_model a24)
0: (add_move_automata a24)
0: (stop_wait)
0: (add_action a16)
0: (check_added_parameter_model a16)
0: (add_move_automata a16)
0: (stop_wait)
0: (add_action a19)
0: (check_added_parameter_model a19)
0: (add_move_automata a19)
0: (stop_wait)
0: (add_action a20)
0: (check_added_parameter_model a20)
0: (add_move_automata a20)

Plan-Length:67
Elapsed Time: 0
Metric (Search):0.0
Planning Time (msec): 125
Heuristic Time (msec): 5
Search Time (msec): 114
Expanded Nodes:196
States Evaluated:228
Number of Dead-Ends detected:0
Number of Duplicates detected:126
/usr/bin/time -v timeout 600 java -Xmx64g -jar ./enhsp3.jar -o ./domain_framed_autonomy_process_reset.pddl -f ./problems/a35g6-prefix-0-a35g6_3_data/problem9.pddl -h blind -s WAStar
Domain parsed
Problem parsed
Grounding..
Grounding Time: 19986
UFX:true
|F|:67811
|X|:12
Heuristic Problem Creation
|A|:1698
|P|:1
|E|:0
Delta time heuristic model:1.0
Delta time planning model:1.0
Delta time search-execution model:1.0
Delta time validation model:1
h(I):0.0
Extracting plan with execution delta: 1.0
Problem Solved

Found Plan:
0: (add_action a8)
0: (check_added_parameter_model a8)
0: (add_move_automata a8)
0: (stop_wait)
0: (add_action a13)
0: (check_added_parameter_model a13)
0: (add_move_automata a13)
0: (stop_wait)
0: (add_action a15)
0: (check_added_parameter_model a15)
0: (add_move_automata a15)
0: (stop_wait)
0: (add_action a26)
0: (check_added_parameter_model a26)
0: (add_move_automata a26)
0: (stop_wait)
0: (add_action a28)
0: (check_added_parameter_model a28)
0: (add_move_automata a28)
0: (stop_wait)
0: (add_action a14)
0: (check_added_parameter_model a14)
0: (add_move_automata a14)
0: (stop_wait)
0: (add_action a9)
0: (check_added_parameter_model a9)
0: (add_move_automata a9)
0: (stop_wait)
0: (add_action a12)
0: (check_added_parameter_model a12)
0: (add_move_automata a12)
0: (stop_wait)
0: (add_action a17)
0: (check_added_parameter_model a17)
0: (add_move_automata a17)
0: (stop_wait)
0: (add_action a3)
0: (check_added_parameter_model a3)
0: (add_move_automata a3)
0: (stop_wait)
0: (add_action a6)
0: (check_added_parameter_model a6)
0: (add_move_automata a6)
0: (stop_wait)
0: (add_action a5)
0: (check_added_parameter_model a5)
0: (add_move_automata a5)
0: (stop_wait)
0: (add_action a21)
0: (check_added_parameter_model a21)
0: (add_move_automata a21)
0: (stop_wait)
0: (add_action a24)
0: (check_added_parameter_model a24)
0: (add_move_automata a24)
0: (stop_wait)
0: (add_action a16)
0: (check_added_parameter_model a16)
0: (add_move_automata a16)
0: (stop_wait)
0: (add_action a19)
0: (check_added_parameter_model a19)
0: (add_move_automata a19)
0: (stop_wait)
0: (add_action a20)
0: (check_added_parameter_model a20)
0: (add_move_automata a20)

Plan-Length:67
Elapsed Time: 0
Metric (Search):0.0
Planning Time (msec): 134
Heuristic Time (msec): 10
Search Time (msec): 124
Expanded Nodes:196
States Evaluated:228
Number of Dead-Ends detected:0
Number of Duplicates detected:126
/usr/bin/time -v timeout 600 java -Xmx64g -jar ./enhsp3.jar -o ./domain_framed_autonomy_process_reset.pddl -f ./problems/a35g6-prefix-0-a35g6_3_data/problem10.pddl -h blind -s WAStar
Domain parsed
Problem parsed
Grounding..
Grounding Time: 19519
UFX:true
|F|:67811
|X|:12
Heuristic Problem Creation
|A|:1698
|P|:1
|E|:0
Delta time heuristic model:1.0
Delta time planning model:1.0
Delta time search-execution model:1.0
Delta time validation model:1
h(I):0.0
Extracting plan with execution delta: 1.0
Problem Solved

Found Plan:
0: (add_action a8)
0: (check_added_parameter_model a8)
0: (add_move_automata a8)
0: (stop_wait)
0: (add_action a13)
0: (check_added_parameter_model a13)
0: (add_move_automata a13)
0: (stop_wait)
0: (add_action a15)
0: (check_added_parameter_model a15)
0: (add_move_automata a15)
0: (stop_wait)
0: (add_action a26)
0: (check_added_parameter_model a26)
0: (add_move_automata a26)
0: (stop_wait)
0: (add_action a28)
0: (check_added_parameter_model a28)
0: (add_move_automata a28)
0: (stop_wait)
0: (add_action a14)
0: (check_added_parameter_model a14)
0: (add_move_automata a14)
0: (stop_wait)
0: (add_action a9)
0: (check_added_parameter_model a9)
0: (add_move_automata a9)
0: (stop_wait)
0: (add_action a12)
0: (check_added_parameter_model a12)
0: (add_move_automata a12)
0: (stop_wait)
0: (add_action a17)
0: (check_added_parameter_model a17)
0: (add_move_automata a17)
0: (stop_wait)
0: (add_action a3)
0: (check_added_parameter_model a3)
0: (add_move_automata a3)
0: (stop_wait)
0: (add_action a6)
0: (check_added_parameter_model a6)
0: (add_move_automata a6)
0: (stop_wait)
0: (add_action a5)
0: (check_added_parameter_model a5)
0: (add_move_automata a5)
0: (stop_wait)
0: (add_action a21)
0: (check_added_parameter_model a21)
0: (add_move_automata a21)
0: (stop_wait)
0: (add_action a24)
0: (check_added_parameter_model a24)
0: (add_move_automata a24)
0: (stop_wait)
0: (add_action a16)
0: (check_added_parameter_model a16)
0: (add_move_automata a16)
0: (stop_wait)
0: (add_action a19)
0: (check_added_parameter_model a19)
0: (add_move_automata a19)
0: (stop_wait)
0: (add_action a20)
0: (check_added_parameter_model a20)
0: (add_move_automata a20)

Plan-Length:67
Elapsed Time: 0
Metric (Search):0.0
Planning Time (msec): 120
Heuristic Time (msec): 2
Search Time (msec): 107
Expanded Nodes:196
States Evaluated:228
Number of Dead-Ends detected:0
Number of Duplicates detected:126
