/usr/bin/time -v timeout 600 java -Xmx64g -jar ./enhsp3.jar -o ./domain_framed_autonomy_process_reset.pddl -f ./problems/a35g6-prefix-0-a35g6_3_timed/problem1.pddl -h blind -s WAStar
Domain parsed
Problem parsed
Grounding..
Grounding Time: 21543
UFX:true
|F|:67811
|X|:5
Heuristic Problem Creation
|A|:1698
|P|:1
|E|:0
Delta time heuristic model:1.0
Delta time planning model:1.0
Delta time search-execution model:1.0
Delta time validation model:1
h(I):0.0
Extracting plan with execution delta: 1.0
Problem Solved

Found Plan:
0: (add_action a8)
0: (check_added_parameter_model a8)
0: (add_move_automata a8)
0: (stop_wait)
0: (add_action a4)
0: (check_added_parameter_model a4)
0: (add_move_automata a4)
0: (stop_wait)
0: (add_action a31)
0: (check_added_parameter_model a31)
0: (add_move_automata a31)
0: (stop_wait)
0: (add_action a30)
0: (check_added_parameter_model a30)
0: (add_move_automata a30)
0: (stop_wait)
0: (add_action a1)
0: (check_added_parameter_model a1)
0: (add_move_automata a1)
0: (stop_wait)
0: (add_action a0)
0: (check_added_parameter_model a0)
0: (add_move_automata a0)
0: (stop_wait)
0: (add_action a2)
0: (check_added_parameter_model a2)
0: (add_move_automata a2)
0: (stop_wait)
0: (add_action a33)
0: (check_added_parameter_model a33)
0: (add_move_automata a33)
0: (stop_wait)
0: (add_action a32)
0: (check_added_parameter_model a32)
0: (add_move_automata a32)
0: (stop_wait)
0: (add_action a29)
0: (check_added_parameter_model a29)
0: (add_move_automata a29)
0: (stop_wait)
0: (add_action a27)
0: (check_added_parameter_model a27)
0: (add_move_automata a27)
0: (stop_wait)
0: (add_action a23)
0: (check_added_parameter_model a23)
0: (add_move_automata a23)
0: (stop_wait)
0: (add_action a34)
0: (check_added_parameter_model a34)
0: (add_move_automata a34)
0: (stop_wait)
0: (add_action a7)
0: (check_added_parameter_model a7)
0: (add_move_automata a7)
0: (stop_wait)
0: (add_action a9)
0: (check_added_parameter_model a9)
0: (add_move_automata a9)
0: (stop_wait)
0: (add_action a12)
0: (check_added_parameter_model a12)
0: (add_move_automata a12)
0: (stop_wait)
0: (add_action a17)
0: (check_added_parameter_model a17)
0: (add_move_automata a17)
0: (stop_wait)
0: (add_action a3)
0: (check_added_parameter_model a3)
0: (add_move_automata a3)
0: (stop_wait)
0: (add_action a6)
0: (check_added_parameter_model a6)
0: (add_move_automata a6)
0: (stop_wait)
0: (add_action a5)
0: (check_added_parameter_model a5)
0: (add_move_automata a5)
0: (stop_wait)
0: (add_action a21)
0: (check_added_parameter_model a21)
0: (add_move_automata a21)
0: (stop_wait)
0: (add_action a24)
0: (check_added_parameter_model a24)
0: (add_move_automata a24)
0: (stop_wait)
0: (add_action a16)
0: (check_added_parameter_model a16)
0: (add_move_automata a16)
0: (stop_wait)
0: (add_action a19)
0: (check_added_parameter_model a19)
0: (add_move_automata a19)
0: (stop_wait)
0: (add_action a20)
0: (check_added_parameter_model a20)
0: (add_move_automata a20)

Plan-Length:99
Elapsed Time: 0
Metric (Search):0.0
Planning Time (msec): 171
Heuristic Time (msec): 2
Search Time (msec): 157
Expanded Nodes:253
States Evaluated:306
Number of Dead-Ends detected:0
Number of Duplicates detected:157
/usr/bin/time -v timeout 600 java -Xmx64g -jar ./enhsp3.jar -o ./domain_framed_autonomy_process_reset.pddl -f ./problems/a35g6-prefix-0-a35g6_3_timed/problem2.pddl -h blind -s WAStar
Domain parsed
Problem parsed
Grounding..
Grounding Time: 21333
UFX:true
|F|:67811
|X|:5
Heuristic Problem Creation
|A|:1698
|P|:1
|E|:0
Delta time heuristic model:1.0
Delta time planning model:1.0
Delta time search-execution model:1.0
Delta time validation model:1
h(I):0.0
Extracting plan with execution delta: 1.0
Problem Solved

Found Plan:
0: (add_action a8)
0: (check_added_parameter_model a8)
0: (add_move_automata a8)
0: (stop_wait)
0: (add_action a4)
0: (check_added_parameter_model a4)
0: (add_move_automata a4)
0: (stop_wait)
0: (add_action a31)
0: (check_added_parameter_model a31)
0: (add_move_automata a31)
0: (stop_wait)
0: (add_action a30)
0: (check_added_parameter_model a30)
0: (add_move_automata a30)
0: (stop_wait)
0: (add_action a1)
0: (check_added_parameter_model a1)
0: (add_move_automata a1)
0: (stop_wait)
0: (add_action a0)
0: (check_added_parameter_model a0)
0: (add_move_automata a0)
0: (stop_wait)
0: (add_action a2)
0: (check_added_parameter_model a2)
0: (add_move_automata a2)
0: (stop_wait)
0: (add_action a33)
0: (check_added_parameter_model a33)
0: (add_move_automata a33)
0: (stop_wait)
0: (add_action a32)
0: (check_added_parameter_model a32)
0: (add_move_automata a32)
0: (stop_wait)
0: (add_action a29)
0: (check_added_parameter_model a29)
0: (add_move_automata a29)
0: (stop_wait)
0: (add_action a27)
0: (check_added_parameter_model a27)
0: (add_move_automata a27)
0: (stop_wait)
0: (add_action a23)
0: (check_added_parameter_model a23)
0: (add_move_automata a23)
0: (stop_wait)
0: (add_action a34)
0: (check_added_parameter_model a34)
0: (add_move_automata a34)
0: (stop_wait)
0: (add_action a7)
0: (check_added_parameter_model a7)
0: (add_move_automata a7)
0: (stop_wait)
0: (add_action a9)
0: (check_added_parameter_model a9)
0: (add_move_automata a9)
0: (stop_wait)
0: (add_action a12)
0: (check_added_parameter_model a12)
0: (add_move_automata a12)
0: (stop_wait)
0: (add_action a17)
0: (check_added_parameter_model a17)
0: (add_move_automata a17)
0: (stop_wait)
0: (add_action a3)
0: (check_added_parameter_model a3)
0: (add_move_automata a3)
0: (stop_wait)
0: (add_action a6)
0: (check_added_parameter_model a6)
0: (add_move_automata a6)
0: (stop_wait)
0: (add_action a5)
0: (check_added_parameter_model a5)
0: (add_move_automata a5)
0: (stop_wait)
0: (add_action a21)
0: (check_added_parameter_model a21)
0: (add_move_automata a21)
0: (stop_wait)
0: (add_action a24)
0: (check_added_parameter_model a24)
0: (add_move_automata a24)
0: (stop_wait)
0: (add_action a16)
0: (check_added_parameter_model a16)
0: (add_move_automata a16)
0: (stop_wait)
0: (add_action a19)
0: (check_added_parameter_model a19)
0: (add_move_automata a19)
0: (stop_wait)
0: (add_action a20)
0: (check_added_parameter_model a20)
0: (add_move_automata a20)

Plan-Length:99
Elapsed Time: 0
Metric (Search):0.0
Planning Time (msec): 170
Heuristic Time (msec): 7
Search Time (msec): 159
Expanded Nodes:253
States Evaluated:306
Number of Dead-Ends detected:0
Number of Duplicates detected:157
/usr/bin/time -v timeout 600 java -Xmx64g -jar ./enhsp3.jar -o ./domain_framed_autonomy_process_reset.pddl -f ./problems/a35g6-prefix-0-a35g6_3_timed/problem3.pddl -h blind -s WAStar
Domain parsed
Problem parsed
Grounding..
Grounding Time: 21616
UFX:true
|F|:67811
|X|:5
Heuristic Problem Creation
|A|:1698
|P|:1
|E|:0
Delta time heuristic model:1.0
Delta time planning model:1.0
Delta time search-execution model:1.0
Delta time validation model:1
h(I):0.0
Extracting plan with execution delta: 1.0
Problem Solved

Found Plan:
0: (add_action a8)
0: (check_added_parameter_model a8)
0: (add_move_automata a8)
0: (stop_wait)
0: (add_action a4)
0: (check_added_parameter_model a4)
0: (add_move_automata a4)
0: (stop_wait)
0: (add_action a31)
0: (check_added_parameter_model a31)
0: (add_move_automata a31)
0: (stop_wait)
0: (add_action a30)
0: (check_added_parameter_model a30)
0: (add_move_automata a30)
0: (stop_wait)
0: (add_action a1)
0: (check_added_parameter_model a1)
0: (add_move_automata a1)
0: (stop_wait)
0: (add_action a0)
0: (check_added_parameter_model a0)
0: (add_move_automata a0)
0: (stop_wait)
0: (add_action a2)
0: (check_added_parameter_model a2)
0: (add_move_automata a2)
0: (stop_wait)
0: (add_action a33)
0: (check_added_parameter_model a33)
0: (add_move_automata a33)
0: (stop_wait)
0: (add_action a32)
0: (check_added_parameter_model a32)
0: (add_move_automata a32)
0: (stop_wait)
0: (add_action a29)
0: (check_added_parameter_model a29)
0: (add_move_automata a29)
0: (stop_wait)
0: (add_action a27)
0: (check_added_parameter_model a27)
0: (add_move_automata a27)
0: (stop_wait)
0: (add_action a23)
0: (check_added_parameter_model a23)
0: (add_move_automata a23)
0: (stop_wait)
0: (add_action a34)
0: (check_added_parameter_model a34)
0: (add_move_automata a34)
0: (stop_wait)
0: (add_action a7)
0: (check_added_parameter_model a7)
0: (add_move_automata a7)
0: (stop_wait)
0: (add_action a9)
0: (check_added_parameter_model a9)
0: (add_move_automata a9)
0: (stop_wait)
0: (add_action a12)
0: (check_added_parameter_model a12)
0: (add_move_automata a12)
0: (stop_wait)
0: (add_action a17)
0: (check_added_parameter_model a17)
0: (add_move_automata a17)
0: (stop_wait)
0: (add_action a3)
0: (check_added_parameter_model a3)
0: (add_move_automata a3)
0: (stop_wait)
0: (add_action a6)
0: (check_added_parameter_model a6)
0: (add_move_automata a6)
0: (stop_wait)
0: (add_action a5)
0: (check_added_parameter_model a5)
0: (add_move_automata a5)
0: (stop_wait)
0: (add_action a21)
0: (check_added_parameter_model a21)
0: (add_move_automata a21)
0: (stop_wait)
0: (add_action a24)
0: (check_added_parameter_model a24)
0: (add_move_automata a24)
0: (stop_wait)
0: (add_action a16)
0: (check_added_parameter_model a16)
0: (add_move_automata a16)
0: (stop_wait)
0: (add_action a19)
0: (check_added_parameter_model a19)
0: (add_move_automata a19)
0: (stop_wait)
0: (add_action a20)
0: (check_added_parameter_model a20)
0: (add_move_automata a20)

Plan-Length:99
Elapsed Time: 0
Metric (Search):0.0
Planning Time (msec): 172
Heuristic Time (msec): 8
Search Time (msec): 168
Expanded Nodes:253
States Evaluated:306
Number of Dead-Ends detected:0
Number of Duplicates detected:157
/usr/bin/time -v timeout 600 java -Xmx64g -jar ./enhsp3.jar -o ./domain_framed_autonomy_process_reset.pddl -f ./problems/a35g6-prefix-0-a35g6_3_timed/problem4.pddl -h blind -s WAStar
Domain parsed
Problem parsed
Grounding..
Grounding Time: 21379
UFX:true
|F|:67811
|X|:5
Heuristic Problem Creation
|A|:1698
|P|:1
|E|:0
Delta time heuristic model:1.0
Delta time planning model:1.0
Delta time search-execution model:1.0
Delta time validation model:1
h(I):0.0
Extracting plan with execution delta: 1.0
Problem Solved

Found Plan:
0: (add_action a8)
0: (check_added_parameter_model a8)
0: (add_move_automata a8)
0: (stop_wait)
0: (add_action a4)
0: (check_added_parameter_model a4)
0: (add_move_automata a4)
0: (stop_wait)
0: (add_action a31)
0: (check_added_parameter_model a31)
0: (add_move_automata a31)
0: (stop_wait)
0: (add_action a30)
0: (check_added_parameter_model a30)
0: (add_move_automata a30)
0: (stop_wait)
0: (add_action a1)
0: (check_added_parameter_model a1)
0: (add_move_automata a1)
0: (stop_wait)
0: (add_action a0)
0: (check_added_parameter_model a0)
0: (add_move_automata a0)
0: (stop_wait)
0: (add_action a2)
0: (check_added_parameter_model a2)
0: (add_move_automata a2)
0: (stop_wait)
0: (add_action a33)
0: (check_added_parameter_model a33)
0: (add_move_automata a33)
0: (stop_wait)
0: (add_action a32)
0: (check_added_parameter_model a32)
0: (add_move_automata a32)
0: (stop_wait)
0: (add_action a29)
0: (check_added_parameter_model a29)
0: (add_move_automata a29)
0: (stop_wait)
0: (add_action a27)
0: (check_added_parameter_model a27)
0: (add_move_automata a27)
0: (stop_wait)
0: (add_action a23)
0: (check_added_parameter_model a23)
0: (add_move_automata a23)
0: (stop_wait)
0: (add_action a34)
0: (check_added_parameter_model a34)
0: (add_move_automata a34)
0: (stop_wait)
0: (add_action a7)
0: (check_added_parameter_model a7)
0: (add_move_automata a7)
0: (stop_wait)
0: (add_action a9)
0: (check_added_parameter_model a9)
0: (add_move_automata a9)
0: (stop_wait)
0: (add_action a12)
0: (check_added_parameter_model a12)
0: (add_move_automata a12)
0: (stop_wait)
0: (add_action a17)
0: (check_added_parameter_model a17)
0: (add_move_automata a17)
0: (stop_wait)
0: (add_action a3)
0: (check_added_parameter_model a3)
0: (add_move_automata a3)
0: (stop_wait)
0: (add_action a6)
0: (check_added_parameter_model a6)
0: (add_move_automata a6)
0: (stop_wait)
0: (add_action a5)
0: (check_added_parameter_model a5)
0: (add_move_automata a5)
0: (stop_wait)
0: (add_action a21)
0: (check_added_parameter_model a21)
0: (add_move_automata a21)
0: (stop_wait)
0: (add_action a24)
0: (check_added_parameter_model a24)
0: (add_move_automata a24)
0: (stop_wait)
0: (add_action a16)
0: (check_added_parameter_model a16)
0: (add_move_automata a16)
0: (stop_wait)
0: (add_action a19)
0: (check_added_parameter_model a19)
0: (add_move_automata a19)
0: (stop_wait)
0: (add_action a20)
0: (check_added_parameter_model a20)
0: (add_move_automata a20)

Plan-Length:99
Elapsed Time: 0
Metric (Search):0.0
Planning Time (msec): 179
Heuristic Time (msec): 6
Search Time (msec): 164
Expanded Nodes:253
States Evaluated:306
Number of Dead-Ends detected:0
Number of Duplicates detected:157
/usr/bin/time -v timeout 600 java -Xmx64g -jar ./enhsp3.jar -o ./domain_framed_autonomy_process_reset.pddl -f ./problems/a35g6-prefix-0-a35g6_3_timed/problem5.pddl -h blind -s WAStar
Domain parsed
Problem parsed
Grounding..
Grounding Time: 21356
UFX:true
|F|:67811
|X|:5
Heuristic Problem Creation
|A|:1698
|P|:1
|E|:0
Delta time heuristic model:1.0
Delta time planning model:1.0
Delta time search-execution model:1.0
Delta time validation model:1
h(I):0.0
Extracting plan with execution delta: 1.0
Problem Solved

Found Plan:
0: (add_action a8)
0: (check_added_parameter_model a8)
0: (add_move_automata a8)
0: (stop_wait)
0: (add_action a4)
0: (check_added_parameter_model a4)
0: (add_move_automata a4)
0: (stop_wait)
0: (add_action a31)
0: (check_added_parameter_model a31)
0: (add_move_automata a31)
0: (stop_wait)
0: (add_action a30)
0: (check_added_parameter_model a30)
0: (add_move_automata a30)
0: (stop_wait)
0: (add_action a1)
0: (check_added_parameter_model a1)
0: (add_move_automata a1)
0: (stop_wait)
0: (add_action a0)
0: (check_added_parameter_model a0)
0: (add_move_automata a0)
0: (stop_wait)
0: (add_action a2)
0: (check_added_parameter_model a2)
0: (add_move_automata a2)
0: (stop_wait)
0: (add_action a33)
0: (check_added_parameter_model a33)
0: (add_move_automata a33)
0: (stop_wait)
0: (add_action a32)
0: (check_added_parameter_model a32)
0: (add_move_automata a32)
0: (stop_wait)
0: (add_action a29)
0: (check_added_parameter_model a29)
0: (add_move_automata a29)
0: (stop_wait)
0: (add_action a27)
0: (check_added_parameter_model a27)
0: (add_move_automata a27)
0: (stop_wait)
0: (add_action a23)
0: (check_added_parameter_model a23)
0: (add_move_automata a23)
0: (stop_wait)
0: (add_action a34)
0: (check_added_parameter_model a34)
0: (add_move_automata a34)
0: (stop_wait)
0: (add_action a7)
0: (check_added_parameter_model a7)
0: (add_move_automata a7)
0: (stop_wait)
0: (add_action a9)
0: (check_added_parameter_model a9)
0: (add_move_automata a9)
0: (stop_wait)
0: (add_action a12)
0: (check_added_parameter_model a12)
0: (add_move_automata a12)
0: (stop_wait)
0: (add_action a17)
0: (check_added_parameter_model a17)
0: (add_move_automata a17)
0: (stop_wait)
0: (add_action a3)
0: (check_added_parameter_model a3)
0: (add_move_automata a3)
0: (stop_wait)
0: (add_action a6)
0: (check_added_parameter_model a6)
0: (add_move_automata a6)
0: (stop_wait)
0: (add_action a5)
0: (check_added_parameter_model a5)
0: (add_move_automata a5)
0: (stop_wait)
0: (add_action a21)
0: (check_added_parameter_model a21)
0: (add_move_automata a21)
0: (stop_wait)
0: (add_action a24)
0: (check_added_parameter_model a24)
0: (add_move_automata a24)
0: (stop_wait)
0: (add_action a16)
0: (check_added_parameter_model a16)
0: (add_move_automata a16)
0: (stop_wait)
0: (add_action a19)
0: (check_added_parameter_model a19)
0: (add_move_automata a19)
0: (stop_wait)
0: (add_action a20)
0: (check_added_parameter_model a20)
0: (add_move_automata a20)

Plan-Length:99
Elapsed Time: 0
Metric (Search):0.0
Planning Time (msec): 172
Heuristic Time (msec): 9
Search Time (msec): 166
Expanded Nodes:253
States Evaluated:306
Number of Dead-Ends detected:0
Number of Duplicates detected:157
/usr/bin/time -v timeout 600 java -Xmx64g -jar ./enhsp3.jar -o ./domain_framed_autonomy_process_reset.pddl -f ./problems/a35g6-prefix-0-a35g6_3_timed/problem6.pddl -h blind -s WAStar
Domain parsed
Problem parsed
Grounding..
Grounding Time: 21038
UFX:true
|F|:67811
|X|:5
Heuristic Problem Creation
|A|:1698
|P|:1
|E|:0
Delta time heuristic model:1.0
Delta time planning model:1.0
Delta time search-execution model:1.0
Delta time validation model:1
h(I):0.0
Extracting plan with execution delta: 1.0
Problem Solved

Found Plan:
0: (add_action a8)
0: (check_added_parameter_model a8)
0: (add_move_automata a8)
0: (stop_wait)
0: (add_action a4)
0: (check_added_parameter_model a4)
0: (add_move_automata a4)
0: (stop_wait)
0: (add_action a31)
0: (check_added_parameter_model a31)
0: (add_move_automata a31)
0: (stop_wait)
0: (add_action a30)
0: (check_added_parameter_model a30)
0: (add_move_automata a30)
0: (stop_wait)
0: (add_action a1)
0: (check_added_parameter_model a1)
0: (add_move_automata a1)
0: (stop_wait)
0: (add_action a0)
0: (check_added_parameter_model a0)
0: (add_move_automata a0)
0: (stop_wait)
0: (add_action a2)
0: (check_added_parameter_model a2)
0: (add_move_automata a2)
0: (stop_wait)
0: (add_action a33)
0: (check_added_parameter_model a33)
0: (add_move_automata a33)
0: (stop_wait)
0: (add_action a32)
0: (check_added_parameter_model a32)
0: (add_move_automata a32)
0: (stop_wait)
0: (add_action a29)
0: (check_added_parameter_model a29)
0: (add_move_automata a29)
0: (stop_wait)
0: (add_action a27)
0: (check_added_parameter_model a27)
0: (add_move_automata a27)
0: (stop_wait)
0: (add_action a23)
0: (check_added_parameter_model a23)
0: (add_move_automata a23)
0: (stop_wait)
0: (add_action a34)
0: (check_added_parameter_model a34)
0: (add_move_automata a34)
0: (stop_wait)
0: (add_action a7)
0: (check_added_parameter_model a7)
0: (add_move_automata a7)
0: (stop_wait)
0: (add_action a9)
0: (check_added_parameter_model a9)
0: (add_move_automata a9)
0: (stop_wait)
0: (add_action a12)
0: (check_added_parameter_model a12)
0: (add_move_automata a12)
0: (stop_wait)
0: (add_action a17)
0: (check_added_parameter_model a17)
0: (add_move_automata a17)
0: (stop_wait)
0: (add_action a3)
0: (check_added_parameter_model a3)
0: (add_move_automata a3)
0: (stop_wait)
0: (add_action a6)
0: (check_added_parameter_model a6)
0: (add_move_automata a6)
0: (stop_wait)
0: (add_action a5)
0: (check_added_parameter_model a5)
0: (add_move_automata a5)
0: (stop_wait)
0: (add_action a21)
0: (check_added_parameter_model a21)
0: (add_move_automata a21)
0: (stop_wait)
0: (add_action a24)
0: (check_added_parameter_model a24)
0: (add_move_automata a24)
0: (stop_wait)
0: (add_action a16)
0: (check_added_parameter_model a16)
0: (add_move_automata a16)
0: (stop_wait)
0: (add_action a19)
0: (check_added_parameter_model a19)
0: (add_move_automata a19)
0: (stop_wait)
0: (add_action a20)
0: (check_added_parameter_model a20)
0: (add_move_automata a20)

Plan-Length:99
Elapsed Time: 0
Metric (Search):0.0
Planning Time (msec): 170
Heuristic Time (msec): 5
Search Time (msec): 156
Expanded Nodes:253
States Evaluated:306
Number of Dead-Ends detected:0
Number of Duplicates detected:157
/usr/bin/time -v timeout 600 java -Xmx64g -jar ./enhsp3.jar -o ./domain_framed_autonomy_process_reset.pddl -f ./problems/a35g6-prefix-0-a35g6_3_timed/problem7.pddl -h blind -s WAStar
Domain parsed
Problem parsed
Grounding..
Grounding Time: 21506
UFX:true
|F|:67811
|X|:5
Heuristic Problem Creation
|A|:1698
|P|:1
|E|:0
Delta time heuristic model:1.0
Delta time planning model:1.0
Delta time search-execution model:1.0
Delta time validation model:1
h(I):0.0
Extracting plan with execution delta: 1.0
Problem Solved

Found Plan:
0: (add_action a8)
0: (check_added_parameter_model a8)
0: (add_move_automata a8)
0: (stop_wait)
0: (add_action a4)
0: (check_added_parameter_model a4)
0: (add_move_automata a4)
0: (stop_wait)
0: (add_action a31)
0: (check_added_parameter_model a31)
0: (add_move_automata a31)
0: (stop_wait)
0: (add_action a30)
0: (check_added_parameter_model a30)
0: (add_move_automata a30)
0: (stop_wait)
0: (add_action a1)
0: (check_added_parameter_model a1)
0: (add_move_automata a1)
0: (stop_wait)
0: (add_action a0)
0: (check_added_parameter_model a0)
0: (add_move_automata a0)
0: (stop_wait)
0: (add_action a2)
0: (check_added_parameter_model a2)
0: (add_move_automata a2)
0: (stop_wait)
0: (add_action a33)
0: (check_added_parameter_model a33)
0: (add_move_automata a33)
0: (stop_wait)
0: (add_action a32)
0: (check_added_parameter_model a32)
0: (add_move_automata a32)
0: (stop_wait)
0: (add_action a29)
0: (check_added_parameter_model a29)
0: (add_move_automata a29)
0: (stop_wait)
0: (add_action a27)
0: (check_added_parameter_model a27)
0: (add_move_automata a27)
0: (stop_wait)
0: (add_action a23)
0: (check_added_parameter_model a23)
0: (add_move_automata a23)
0: (stop_wait)
0: (add_action a34)
0: (check_added_parameter_model a34)
0: (add_move_automata a34)
0: (stop_wait)
0: (add_action a7)
0: (check_added_parameter_model a7)
0: (add_move_automata a7)
0: (stop_wait)
0: (add_action a9)
0: (check_added_parameter_model a9)
0: (add_move_automata a9)
0: (stop_wait)
0: (add_action a12)
0: (check_added_parameter_model a12)
0: (add_move_automata a12)
0: (stop_wait)
0: (add_action a17)
0: (check_added_parameter_model a17)
0: (add_move_automata a17)
0: (stop_wait)
0: (add_action a3)
0: (check_added_parameter_model a3)
0: (add_move_automata a3)
0: (stop_wait)
0: (add_action a6)
0: (check_added_parameter_model a6)
0: (add_move_automata a6)
0: (stop_wait)
0: (add_action a5)
0: (check_added_parameter_model a5)
0: (add_move_automata a5)
0: (stop_wait)
0: (add_action a21)
0: (check_added_parameter_model a21)
0: (add_move_automata a21)
0: (stop_wait)
0: (add_action a24)
0: (check_added_parameter_model a24)
0: (add_move_automata a24)
0: (stop_wait)
0: (add_action a16)
0: (check_added_parameter_model a16)
0: (add_move_automata a16)
0: (stop_wait)
0: (add_action a19)
0: (check_added_parameter_model a19)
0: (add_move_automata a19)
0: (stop_wait)
0: (add_action a20)
0: (check_added_parameter_model a20)
0: (add_move_automata a20)

Plan-Length:99
Elapsed Time: 0
Metric (Search):0.0
Planning Time (msec): 173
Heuristic Time (msec): 10
Search Time (msec): 162
Expanded Nodes:253
States Evaluated:306
Number of Dead-Ends detected:0
Number of Duplicates detected:157
/usr/bin/time -v timeout 600 java -Xmx64g -jar ./enhsp3.jar -o ./domain_framed_autonomy_process_reset.pddl -f ./problems/a35g6-prefix-0-a35g6_3_timed/problem8.pddl -h blind -s WAStar
Domain parsed
Problem parsed
Grounding..
Grounding Time: 21301
UFX:true
|F|:67811
|X|:5
Heuristic Problem Creation
|A|:1698
|P|:1
|E|:0
Delta time heuristic model:1.0
Delta time planning model:1.0
Delta time search-execution model:1.0
Delta time validation model:1
h(I):0.0
Extracting plan with execution delta: 1.0
Problem Solved

Found Plan:
0: (add_action a8)
0: (check_added_parameter_model a8)
0: (add_move_automata a8)
0: (stop_wait)
0: (add_action a4)
0: (check_added_parameter_model a4)
0: (add_move_automata a4)
0: (stop_wait)
0: (add_action a31)
0: (check_added_parameter_model a31)
0: (add_move_automata a31)
0: (stop_wait)
0: (add_action a30)
0: (check_added_parameter_model a30)
0: (add_move_automata a30)
0: (stop_wait)
0: (add_action a1)
0: (check_added_parameter_model a1)
0: (add_move_automata a1)
0: (stop_wait)
0: (add_action a0)
0: (check_added_parameter_model a0)
0: (add_move_automata a0)
0: (stop_wait)
0: (add_action a2)
0: (check_added_parameter_model a2)
0: (add_move_automata a2)
0: (stop_wait)
0: (add_action a33)
0: (check_added_parameter_model a33)
0: (add_move_automata a33)
0: (stop_wait)
0: (add_action a32)
0: (check_added_parameter_model a32)
0: (add_move_automata a32)
0: (stop_wait)
0: (add_action a29)
0: (check_added_parameter_model a29)
0: (add_move_automata a29)
0: (stop_wait)
0: (add_action a27)
0: (check_added_parameter_model a27)
0: (add_move_automata a27)
0: (stop_wait)
0: (add_action a23)
0: (check_added_parameter_model a23)
0: (add_move_automata a23)
0: (stop_wait)
0: (add_action a34)
0: (check_added_parameter_model a34)
0: (add_move_automata a34)
0: (stop_wait)
0: (add_action a7)
0: (check_added_parameter_model a7)
0: (add_move_automata a7)
0: (stop_wait)
0: (add_action a9)
0: (check_added_parameter_model a9)
0: (add_move_automata a9)
0: (stop_wait)
0: (add_action a12)
0: (check_added_parameter_model a12)
0: (add_move_automata a12)
0: (stop_wait)
0: (add_action a17)
0: (check_added_parameter_model a17)
0: (add_move_automata a17)
0: (stop_wait)
0: (add_action a3)
0: (check_added_parameter_model a3)
0: (add_move_automata a3)
0: (stop_wait)
0: (add_action a6)
0: (check_added_parameter_model a6)
0: (add_move_automata a6)
0: (stop_wait)
0: (add_action a5)
0: (check_added_parameter_model a5)
0: (add_move_automata a5)
0: (stop_wait)
0: (add_action a21)
0: (check_added_parameter_model a21)
0: (add_move_automata a21)
0: (stop_wait)
0: (add_action a24)
0: (check_added_parameter_model a24)
0: (add_move_automata a24)
0: (stop_wait)
0: (add_action a16)
0: (check_added_parameter_model a16)
0: (add_move_automata a16)
0: (stop_wait)
0: (add_action a19)
0: (check_added_parameter_model a19)
0: (add_move_automata a19)
0: (stop_wait)
0: (add_action a20)
0: (check_added_parameter_model a20)
0: (add_move_automata a20)

Plan-Length:99
Elapsed Time: 0
Metric (Search):0.0
Planning Time (msec): 174
Heuristic Time (msec): 8
Search Time (msec): 166
Expanded Nodes:253
States Evaluated:306
Number of Dead-Ends detected:0
Number of Duplicates detected:157
/usr/bin/time -v timeout 600 java -Xmx64g -jar ./enhsp3.jar -o ./domain_framed_autonomy_process_reset.pddl -f ./problems/a35g6-prefix-0-a35g6_3_timed/problem9.pddl -h blind -s WAStar
Domain parsed
Problem parsed
Grounding..
Grounding Time: 21307
UFX:true
|F|:67811
|X|:5
Heuristic Problem Creation
|A|:1698
|P|:1
|E|:0
Delta time heuristic model:1.0
Delta time planning model:1.0
Delta time search-execution model:1.0
Delta time validation model:1
h(I):0.0
Extracting plan with execution delta: 1.0
Problem Solved

Found Plan:
0: (add_action a8)
0: (check_added_parameter_model a8)
0: (add_move_automata a8)
0: (stop_wait)
0: (add_action a4)
0: (check_added_parameter_model a4)
0: (add_move_automata a4)
0: (stop_wait)
0: (add_action a31)
0: (check_added_parameter_model a31)
0: (add_move_automata a31)
0: (stop_wait)
0: (add_action a30)
0: (check_added_parameter_model a30)
0: (add_move_automata a30)
0: (stop_wait)
0: (add_action a1)
0: (check_added_parameter_model a1)
0: (add_move_automata a1)
0: (stop_wait)
0: (add_action a0)
0: (check_added_parameter_model a0)
0: (add_move_automata a0)
0: (stop_wait)
0: (add_action a2)
0: (check_added_parameter_model a2)
0: (add_move_automata a2)
0: (stop_wait)
0: (add_action a33)
0: (check_added_parameter_model a33)
0: (add_move_automata a33)
0: (stop_wait)
0: (add_action a32)
0: (check_added_parameter_model a32)
0: (add_move_automata a32)
0: (stop_wait)
0: (add_action a29)
0: (check_added_parameter_model a29)
0: (add_move_automata a29)
0: (stop_wait)
0: (add_action a27)
0: (check_added_parameter_model a27)
0: (add_move_automata a27)
0: (stop_wait)
0: (add_action a23)
0: (check_added_parameter_model a23)
0: (add_move_automata a23)
0: (stop_wait)
0: (add_action a34)
0: (check_added_parameter_model a34)
0: (add_move_automata a34)
0: (stop_wait)
0: (add_action a7)
0: (check_added_parameter_model a7)
0: (add_move_automata a7)
0: (stop_wait)
0: (add_action a9)
0: (check_added_parameter_model a9)
0: (add_move_automata a9)
0: (stop_wait)
0: (add_action a12)
0: (check_added_parameter_model a12)
0: (add_move_automata a12)
0: (stop_wait)
0: (add_action a17)
0: (check_added_parameter_model a17)
0: (add_move_automata a17)
0: (stop_wait)
0: (add_action a3)
0: (check_added_parameter_model a3)
0: (add_move_automata a3)
0: (stop_wait)
0: (add_action a6)
0: (check_added_parameter_model a6)
0: (add_move_automata a6)
0: (stop_wait)
0: (add_action a5)
0: (check_added_parameter_model a5)
0: (add_move_automata a5)
0: (stop_wait)
0: (add_action a21)
0: (check_added_parameter_model a21)
0: (add_move_automata a21)
0: (stop_wait)
0: (add_action a24)
0: (check_added_parameter_model a24)
0: (add_move_automata a24)
0: (stop_wait)
0: (add_action a16)
0: (check_added_parameter_model a16)
0: (add_move_automata a16)
0: (stop_wait)
0: (add_action a19)
0: (check_added_parameter_model a19)
0: (add_move_automata a19)
0: (stop_wait)
0: (add_action a20)
0: (check_added_parameter_model a20)
0: (add_move_automata a20)

Plan-Length:99
Elapsed Time: 0
Metric (Search):0.0
Planning Time (msec): 114
Heuristic Time (msec): 3
Search Time (msec): 110
Expanded Nodes:253
States Evaluated:306
Number of Dead-Ends detected:0
Number of Duplicates detected:157
/usr/bin/time -v timeout 600 java -Xmx64g -jar ./enhsp3.jar -o ./domain_framed_autonomy_process_reset.pddl -f ./problems/a35g6-prefix-0-a35g6_3_timed/problem10.pddl -h blind -s WAStar
Domain parsed
Problem parsed
Grounding..
Grounding Time: 21341
UFX:true
|F|:67811
|X|:5
Heuristic Problem Creation
|A|:1698
|P|:1
|E|:0
Delta time heuristic model:1.0
Delta time planning model:1.0
Delta time search-execution model:1.0
Delta time validation model:1
h(I):0.0
Extracting plan with execution delta: 1.0
Problem Solved

Found Plan:
0: (add_action a8)
0: (check_added_parameter_model a8)
0: (add_move_automata a8)
0: (stop_wait)
0: (add_action a4)
0: (check_added_parameter_model a4)
0: (add_move_automata a4)
0: (stop_wait)
0: (add_action a31)
0: (check_added_parameter_model a31)
0: (add_move_automata a31)
0: (stop_wait)
0: (add_action a30)
0: (check_added_parameter_model a30)
0: (add_move_automata a30)
0: (stop_wait)
0: (add_action a1)
0: (check_added_parameter_model a1)
0: (add_move_automata a1)
0: (stop_wait)
0: (add_action a0)
0: (check_added_parameter_model a0)
0: (add_move_automata a0)
0: (stop_wait)
0: (add_action a2)
0: (check_added_parameter_model a2)
0: (add_move_automata a2)
0: (stop_wait)
0: (add_action a33)
0: (check_added_parameter_model a33)
0: (add_move_automata a33)
0: (stop_wait)
0: (add_action a32)
0: (check_added_parameter_model a32)
0: (add_move_automata a32)
0: (stop_wait)
0: (add_action a29)
0: (check_added_parameter_model a29)
0: (add_move_automata a29)
0: (stop_wait)
0: (add_action a27)
0: (check_added_parameter_model a27)
0: (add_move_automata a27)
0: (stop_wait)
0: (add_action a23)
0: (check_added_parameter_model a23)
0: (add_move_automata a23)
0: (stop_wait)
0: (add_action a34)
0: (check_added_parameter_model a34)
0: (add_move_automata a34)
0: (stop_wait)
0: (add_action a7)
0: (check_added_parameter_model a7)
0: (add_move_automata a7)
0: (stop_wait)
0: (add_action a9)
0: (check_added_parameter_model a9)
0: (add_move_automata a9)
0: (stop_wait)
0: (add_action a12)
0: (check_added_parameter_model a12)
0: (add_move_automata a12)
0: (stop_wait)
0: (add_action a17)
0: (check_added_parameter_model a17)
0: (add_move_automata a17)
0: (stop_wait)
0: (add_action a3)
0: (check_added_parameter_model a3)
0: (add_move_automata a3)
0: (stop_wait)
0: (add_action a6)
0: (check_added_parameter_model a6)
0: (add_move_automata a6)
0: (stop_wait)
0: (add_action a5)
0: (check_added_parameter_model a5)
0: (add_move_automata a5)
0: (stop_wait)
0: (add_action a21)
0: (check_added_parameter_model a21)
0: (add_move_automata a21)
0: (stop_wait)
0: (add_action a24)
0: (check_added_parameter_model a24)
0: (add_move_automata a24)
0: (stop_wait)
0: (add_action a16)
0: (check_added_parameter_model a16)
0: (add_move_automata a16)
0: (stop_wait)
0: (add_action a19)
0: (check_added_parameter_model a19)
0: (add_move_automata a19)
0: (stop_wait)
0: (add_action a20)
0: (check_added_parameter_model a20)
0: (add_move_automata a20)

Plan-Length:99
Elapsed Time: 0
Metric (Search):0.0
Planning Time (msec): 173
Heuristic Time (msec): 7
Search Time (msec): 165
Expanded Nodes:253
States Evaluated:306
Number of Dead-Ends detected:0
Number of Duplicates detected:157
