/usr/bin/time -v timeout 600 java -Xmx64g -jar ./enhsp3.jar -o ./domain_framed_autonomy_process_reset.pddl -f ./problems/a29g9AND-prefix-1-a29g9AND_5_timed_data/problem1.pddl -h blind -s WAStar
Domain parsed
Problem parsed
Grounding..
Grounding Time: 46603
UFX:true
|F|:117811
|X|:17
Heuristic Problem Creation
|A|:2041
|P|:2
|E|:0
Delta time heuristic model:1.0
Delta time planning model:1.0
Delta time search-execution model:1.0
Delta time validation model:1
h(I):0.0
Extracting plan with execution delta: 1.0
Problem Solved

Found Plan:
0: (validate_payload t0 a4 t1)
0: (sync_actions t0 t1 a4)
0: (add_action a0)
0: (check_added_parameter_model a0)
0: (add_move_automata a0)
0: (stop_wait)
0: (add_action a1)
0: (check_added_parameter_model a1)
0: (add_move_automata a1)
0: (stop_wait)
0: (add_action a2)
0: (check_added_parameter_model a2)
0: (add_move_automata a2)
0: (stop_wait)
0: (add_action a3)
0: (check_added_parameter_model a3)
0: (add_move_automata a3)
0: (stop_wait)
0: (add_action a5)
0: (check_added_parameter_model a5)
0: (add_move_automata a5)
0: (stop_wait)
0: (add_action a15)
0: (check_added_parameter_model a15)
0: (add_move_automata a15)
0: (stop_wait)
0: (add_action a21)
0: (check_added_parameter_model a21)
0: (add_move_automata a21)
0: (stop_wait)
0: (add_action a24)
0: (check_added_parameter_model a24)
0: (add_move_automata a24)
0: (stop_wait)
0: (add_action a27)
0: (check_added_parameter_model a27)
0: (add_move_automata a27)
0: (stop_wait)
0: (add_action a26)
0: (check_added_parameter_model a26)
0: (add_move_automata a26)
0: (stop_wait)
0: (add_action a22)
0: (check_added_parameter_model a22)
0: (add_move_automata a22)
0: (stop_wait)
0: (add_action a16)
0: (check_added_parameter_model a16)
0: (add_move_automata a16)
0: (stop_wait)
0: (add_action a8)
0: (check_added_parameter_model a8)
0: (add_move_automata a8)
0: (stop_wait)
0: (add_action a19)
0: (check_added_parameter_model a19)
0: (add_move_automata a19)
0: (stop_wait)
0: (add_action a11)
0: (check_added_parameter_model a11)
0: (add_move_automata a11)
0: (stop_wait)
0: (add_action a12)
0: (check_added_parameter_model a12)
0: (add_move_automata a12)

Plan-Length:65
Elapsed Time: 0
Metric (Search):0.0
Planning Time (msec): 135
Heuristic Time (msec): 8
Search Time (msec): 131
Expanded Nodes:267
States Evaluated:308
Number of Dead-Ends detected:0
Number of Duplicates detected:169
/usr/bin/time -v timeout 600 java -Xmx64g -jar ./enhsp3.jar -o ./domain_framed_autonomy_process_reset.pddl -f ./problems/a29g9AND-prefix-1-a29g9AND_5_timed_data/problem2.pddl -h blind -s WAStar
Domain parsed
Problem parsed
Grounding..
Grounding Time: 47026
UFX:true
|F|:117811
|X|:17
Heuristic Problem Creation
|A|:2041
|P|:2
|E|:0
Delta time heuristic model:1.0
Delta time planning model:1.0
Delta time search-execution model:1.0
Delta time validation model:1
h(I):0.0
Extracting plan with execution delta: 1.0
Problem Solved

Found Plan:
0: (validate_payload t0 a4 t1)
0: (sync_actions t0 t1 a4)
0: (add_action a0)
0: (check_added_parameter_model a0)
0: (add_move_automata a0)
0: (stop_wait)
0: (add_action a1)
0: (check_added_parameter_model a1)
0: (add_move_automata a1)
0: (stop_wait)
0: (add_action a2)
0: (check_added_parameter_model a2)
0: (add_move_automata a2)
0: (stop_wait)
0: (add_action a3)
0: (check_added_parameter_model a3)
0: (add_move_automata a3)
0: (stop_wait)
0: (add_action a5)
0: (check_added_parameter_model a5)
0: (add_move_automata a5)
0: (stop_wait)
0: (add_action a15)
0: (check_added_parameter_model a15)
0: (add_move_automata a15)
0: (stop_wait)
0: (add_action a21)
0: (check_added_parameter_model a21)
0: (add_move_automata a21)
0: (stop_wait)
0: (add_action a24)
0: (check_added_parameter_model a24)
0: (add_move_automata a24)
0: (stop_wait)
0: (add_action a27)
0: (check_added_parameter_model a27)
0: (add_move_automata a27)
0: (stop_wait)
0: (add_action a26)
0: (check_added_parameter_model a26)
0: (add_move_automata a26)
0: (stop_wait)
0: (add_action a22)
0: (check_added_parameter_model a22)
0: (add_move_automata a22)
0: (stop_wait)
0: (add_action a16)
0: (check_added_parameter_model a16)
0: (add_move_automata a16)
0: (stop_wait)
0: (add_action a8)
0: (check_added_parameter_model a8)
0: (add_move_automata a8)
0: (stop_wait)
0: (add_action a19)
0: (check_added_parameter_model a19)
0: (add_move_automata a19)
0: (stop_wait)
0: (add_action a11)
0: (check_added_parameter_model a11)
0: (add_move_automata a11)
0: (stop_wait)
0: (add_action a12)
0: (check_added_parameter_model a12)
0: (add_move_automata a12)

Plan-Length:65
Elapsed Time: 0
Metric (Search):0.0
Planning Time (msec): 153
Heuristic Time (msec): 10
Search Time (msec): 142
Expanded Nodes:267
States Evaluated:308
Number of Dead-Ends detected:0
Number of Duplicates detected:169
/usr/bin/time -v timeout 600 java -Xmx64g -jar ./enhsp3.jar -o ./domain_framed_autonomy_process_reset.pddl -f ./problems/a29g9AND-prefix-1-a29g9AND_5_timed_data/problem3.pddl -h blind -s WAStar
Domain parsed
Problem parsed
Grounding..
Grounding Time: 46932
UFX:true
|F|:117811
|X|:17
Heuristic Problem Creation
|A|:2041
|P|:2
|E|:0
Delta time heuristic model:1.0
Delta time planning model:1.0
Delta time search-execution model:1.0
Delta time validation model:1
h(I):0.0
Extracting plan with execution delta: 1.0
Problem Solved

Found Plan:
0: (validate_payload t0 a4 t1)
0: (sync_actions t0 t1 a4)
0: (add_action a0)
0: (check_added_parameter_model a0)
0: (add_move_automata a0)
0: (stop_wait)
0: (add_action a1)
0: (check_added_parameter_model a1)
0: (add_move_automata a1)
0: (stop_wait)
0: (add_action a2)
0: (check_added_parameter_model a2)
0: (add_move_automata a2)
0: (stop_wait)
0: (add_action a3)
0: (check_added_parameter_model a3)
0: (add_move_automata a3)
0: (stop_wait)
0: (add_action a5)
0: (check_added_parameter_model a5)
0: (add_move_automata a5)
0: (stop_wait)
0: (add_action a15)
0: (check_added_parameter_model a15)
0: (add_move_automata a15)
0: (stop_wait)
0: (add_action a21)
0: (check_added_parameter_model a21)
0: (add_move_automata a21)
0: (stop_wait)
0: (add_action a24)
0: (check_added_parameter_model a24)
0: (add_move_automata a24)
0: (stop_wait)
0: (add_action a27)
0: (check_added_parameter_model a27)
0: (add_move_automata a27)
0: (stop_wait)
0: (add_action a26)
0: (check_added_parameter_model a26)
0: (add_move_automata a26)
0: (stop_wait)
0: (add_action a22)
0: (check_added_parameter_model a22)
0: (add_move_automata a22)
0: (stop_wait)
0: (add_action a16)
0: (check_added_parameter_model a16)
0: (add_move_automata a16)
0: (stop_wait)
0: (add_action a8)
0: (check_added_parameter_model a8)
0: (add_move_automata a8)
0: (stop_wait)
0: (add_action a19)
0: (check_added_parameter_model a19)
0: (add_move_automata a19)
0: (stop_wait)
0: (add_action a11)
0: (check_added_parameter_model a11)
0: (add_move_automata a11)
0: (stop_wait)
0: (add_action a12)
0: (check_added_parameter_model a12)
0: (add_move_automata a12)

Plan-Length:65
Elapsed Time: 0
Metric (Search):0.0
Planning Time (msec): 152
Heuristic Time (msec): 5
Search Time (msec): 145
Expanded Nodes:267
States Evaluated:308
Number of Dead-Ends detected:0
Number of Duplicates detected:169
/usr/bin/time -v timeout 600 java -Xmx64g -jar ./enhsp3.jar -o ./domain_framed_autonomy_process_reset.pddl -f ./problems/a29g9AND-prefix-1-a29g9AND_5_timed_data/problem4.pddl -h blind -s WAStar
Domain parsed
Problem parsed
Grounding..
Grounding Time: 47210
UFX:true
|F|:117811
|X|:17
Heuristic Problem Creation
|A|:2041
|P|:2
|E|:0
Delta time heuristic model:1.0
Delta time planning model:1.0
Delta time search-execution model:1.0
Delta time validation model:1
h(I):0.0
Extracting plan with execution delta: 1.0
Problem Solved

Found Plan:
0: (validate_payload t0 a4 t1)
0: (sync_actions t0 t1 a4)
0: (add_action a0)
0: (check_added_parameter_model a0)
0: (add_move_automata a0)
0: (stop_wait)
0: (add_action a1)
0: (check_added_parameter_model a1)
0: (add_move_automata a1)
0: (stop_wait)
0: (add_action a2)
0: (check_added_parameter_model a2)
0: (add_move_automata a2)
0: (stop_wait)
0: (add_action a3)
0: (check_added_parameter_model a3)
0: (add_move_automata a3)
0: (stop_wait)
0: (add_action a5)
0: (check_added_parameter_model a5)
0: (add_move_automata a5)
0: (stop_wait)
0: (add_action a15)
0: (check_added_parameter_model a15)
0: (add_move_automata a15)
0: (stop_wait)
0: (add_action a21)
0: (check_added_parameter_model a21)
0: (add_move_automata a21)
0: (stop_wait)
0: (add_action a24)
0: (check_added_parameter_model a24)
0: (add_move_automata a24)
0: (stop_wait)
0: (add_action a27)
0: (check_added_parameter_model a27)
0: (add_move_automata a27)
0: (stop_wait)
0: (add_action a26)
0: (check_added_parameter_model a26)
0: (add_move_automata a26)
0: (stop_wait)
0: (add_action a22)
0: (check_added_parameter_model a22)
0: (add_move_automata a22)
0: (stop_wait)
0: (add_action a16)
0: (check_added_parameter_model a16)
0: (add_move_automata a16)
0: (stop_wait)
0: (add_action a8)
0: (check_added_parameter_model a8)
0: (add_move_automata a8)
0: (stop_wait)
0: (add_action a19)
0: (check_added_parameter_model a19)
0: (add_move_automata a19)
0: (stop_wait)
0: (add_action a11)
0: (check_added_parameter_model a11)
0: (add_move_automata a11)
0: (stop_wait)
0: (add_action a12)
0: (check_added_parameter_model a12)
0: (add_move_automata a12)

Plan-Length:65
Elapsed Time: 0
Metric (Search):0.0
Planning Time (msec): 142
Heuristic Time (msec): 6
Search Time (msec): 135
Expanded Nodes:267
States Evaluated:308
Number of Dead-Ends detected:0
Number of Duplicates detected:169
/usr/bin/time -v timeout 600 java -Xmx64g -jar ./enhsp3.jar -o ./domain_framed_autonomy_process_reset.pddl -f ./problems/a29g9AND-prefix-1-a29g9AND_5_timed_data/problem5.pddl -h blind -s WAStar
Domain parsed
Problem parsed
Grounding..
Grounding Time: 47872
UFX:true
|F|:117811
|X|:17
Heuristic Problem Creation
|A|:2041
|P|:2
|E|:0
Delta time heuristic model:1.0
Delta time planning model:1.0
Delta time search-execution model:1.0
Delta time validation model:1
h(I):0.0
Extracting plan with execution delta: 1.0
Problem Solved

Found Plan:
0: (validate_payload t0 a4 t1)
0: (sync_actions t0 t1 a4)
0: (add_action a0)
0: (check_added_parameter_model a0)
0: (add_move_automata a0)
0: (stop_wait)
0: (add_action a1)
0: (check_added_parameter_model a1)
0: (add_move_automata a1)
0: (stop_wait)
0: (add_action a2)
0: (check_added_parameter_model a2)
0: (add_move_automata a2)
0: (stop_wait)
0: (add_action a3)
0: (check_added_parameter_model a3)
0: (add_move_automata a3)
0: (stop_wait)
0: (add_action a5)
0: (check_added_parameter_model a5)
0: (add_move_automata a5)
0: (stop_wait)
0: (add_action a15)
0: (check_added_parameter_model a15)
0: (add_move_automata a15)
0: (stop_wait)
0: (add_action a21)
0: (check_added_parameter_model a21)
0: (add_move_automata a21)
0: (stop_wait)
0: (add_action a24)
0: (check_added_parameter_model a24)
0: (add_move_automata a24)
0: (stop_wait)
0: (add_action a27)
0: (check_added_parameter_model a27)
0: (add_move_automata a27)
0: (stop_wait)
0: (add_action a26)
0: (check_added_parameter_model a26)
0: (add_move_automata a26)
0: (stop_wait)
0: (add_action a22)
0: (check_added_parameter_model a22)
0: (add_move_automata a22)
0: (stop_wait)
0: (add_action a16)
0: (check_added_parameter_model a16)
0: (add_move_automata a16)
0: (stop_wait)
0: (add_action a8)
0: (check_added_parameter_model a8)
0: (add_move_automata a8)
0: (stop_wait)
0: (add_action a19)
0: (check_added_parameter_model a19)
0: (add_move_automata a19)
0: (stop_wait)
0: (add_action a11)
0: (check_added_parameter_model a11)
0: (add_move_automata a11)
0: (stop_wait)
0: (add_action a12)
0: (check_added_parameter_model a12)
0: (add_move_automata a12)

Plan-Length:65
Elapsed Time: 0
Metric (Search):0.0
Planning Time (msec): 136
Heuristic Time (msec): 1
Search Time (msec): 128
Expanded Nodes:267
States Evaluated:308
Number of Dead-Ends detected:0
Number of Duplicates detected:169
/usr/bin/time -v timeout 600 java -Xmx64g -jar ./enhsp3.jar -o ./domain_framed_autonomy_process_reset.pddl -f ./problems/a29g9AND-prefix-1-a29g9AND_5_timed_data/problem6.pddl -h blind -s WAStar
Domain parsed
Problem parsed
Grounding..
Grounding Time: 47638
UFX:true
|F|:117811
|X|:17
Heuristic Problem Creation
|A|:2041
|P|:2
|E|:0
Delta time heuristic model:1.0
Delta time planning model:1.0
Delta time search-execution model:1.0
Delta time validation model:1
h(I):0.0
Extracting plan with execution delta: 1.0
Problem Solved

Found Plan:
0: (validate_payload t0 a4 t1)
0: (sync_actions t0 t1 a4)
0: (add_action a0)
0: (check_added_parameter_model a0)
0: (add_move_automata a0)
0: (stop_wait)
0: (add_action a1)
0: (check_added_parameter_model a1)
0: (add_move_automata a1)
0: (stop_wait)
0: (add_action a2)
0: (check_added_parameter_model a2)
0: (add_move_automata a2)
0: (stop_wait)
0: (add_action a3)
0: (check_added_parameter_model a3)
0: (add_move_automata a3)
0: (stop_wait)
0: (add_action a5)
0: (check_added_parameter_model a5)
0: (add_move_automata a5)
0: (stop_wait)
0: (add_action a15)
0: (check_added_parameter_model a15)
0: (add_move_automata a15)
0: (stop_wait)
0: (add_action a21)
0: (check_added_parameter_model a21)
0: (add_move_automata a21)
0: (stop_wait)
0: (add_action a24)
0: (check_added_parameter_model a24)
0: (add_move_automata a24)
0: (stop_wait)
0: (add_action a27)
0: (check_added_parameter_model a27)
0: (add_move_automata a27)
0: (stop_wait)
0: (add_action a26)
0: (check_added_parameter_model a26)
0: (add_move_automata a26)
0: (stop_wait)
0: (add_action a22)
0: (check_added_parameter_model a22)
0: (add_move_automata a22)
0: (stop_wait)
0: (add_action a16)
0: (check_added_parameter_model a16)
0: (add_move_automata a16)
0: (stop_wait)
0: (add_action a8)
0: (check_added_parameter_model a8)
0: (add_move_automata a8)
0: (stop_wait)
0: (add_action a19)
0: (check_added_parameter_model a19)
0: (add_move_automata a19)
0: (stop_wait)
0: (add_action a11)
0: (check_added_parameter_model a11)
0: (add_move_automata a11)
0: (stop_wait)
0: (add_action a12)
0: (check_added_parameter_model a12)
0: (add_move_automata a12)

Plan-Length:65
Elapsed Time: 0
Metric (Search):0.0
Planning Time (msec): 157
Heuristic Time (msec): 6
Search Time (msec): 147
Expanded Nodes:267
States Evaluated:308
Number of Dead-Ends detected:0
Number of Duplicates detected:169
/usr/bin/time -v timeout 600 java -Xmx64g -jar ./enhsp3.jar -o ./domain_framed_autonomy_process_reset.pddl -f ./problems/a29g9AND-prefix-1-a29g9AND_5_timed_data/problem7.pddl -h blind -s WAStar
Domain parsed
Problem parsed
Grounding..
Grounding Time: 47290
UFX:true
|F|:117811
|X|:17
Heuristic Problem Creation
|A|:2041
|P|:2
|E|:0
Delta time heuristic model:1.0
Delta time planning model:1.0
Delta time search-execution model:1.0
Delta time validation model:1
h(I):0.0
Extracting plan with execution delta: 1.0
Problem Solved

Found Plan:
0: (validate_payload t0 a4 t1)
0: (sync_actions t0 t1 a4)
0: (add_action a0)
0: (check_added_parameter_model a0)
0: (add_move_automata a0)
0: (stop_wait)
0: (add_action a1)
0: (check_added_parameter_model a1)
0: (add_move_automata a1)
0: (stop_wait)
0: (add_action a2)
0: (check_added_parameter_model a2)
0: (add_move_automata a2)
0: (stop_wait)
0: (add_action a3)
0: (check_added_parameter_model a3)
0: (add_move_automata a3)
0: (stop_wait)
0: (add_action a5)
0: (check_added_parameter_model a5)
0: (add_move_automata a5)
0: (stop_wait)
0: (add_action a15)
0: (check_added_parameter_model a15)
0: (add_move_automata a15)
0: (stop_wait)
0: (add_action a21)
0: (check_added_parameter_model a21)
0: (add_move_automata a21)
0: (stop_wait)
0: (add_action a24)
0: (check_added_parameter_model a24)
0: (add_move_automata a24)
0: (stop_wait)
0: (add_action a27)
0: (check_added_parameter_model a27)
0: (add_move_automata a27)
0: (stop_wait)
0: (add_action a26)
0: (check_added_parameter_model a26)
0: (add_move_automata a26)
0: (stop_wait)
0: (add_action a22)
0: (check_added_parameter_model a22)
0: (add_move_automata a22)
0: (stop_wait)
0: (add_action a16)
0: (check_added_parameter_model a16)
0: (add_move_automata a16)
0: (stop_wait)
0: (add_action a8)
0: (check_added_parameter_model a8)
0: (add_move_automata a8)
0: (stop_wait)
0: (add_action a19)
0: (check_added_parameter_model a19)
0: (add_move_automata a19)
0: (stop_wait)
0: (add_action a11)
0: (check_added_parameter_model a11)
0: (add_move_automata a11)
0: (stop_wait)
0: (add_action a12)
0: (check_added_parameter_model a12)
0: (add_move_automata a12)

Plan-Length:65
Elapsed Time: 0
Metric (Search):0.0
Planning Time (msec): 165
Heuristic Time (msec): 6
Search Time (msec): 158
Expanded Nodes:267
States Evaluated:308
Number of Dead-Ends detected:0
Number of Duplicates detected:169
/usr/bin/time -v timeout 600 java -Xmx64g -jar ./enhsp3.jar -o ./domain_framed_autonomy_process_reset.pddl -f ./problems/a29g9AND-prefix-1-a29g9AND_5_timed_data/problem8.pddl -h blind -s WAStar
Domain parsed
Problem parsed
Grounding..
Grounding Time: 47268
UFX:true
|F|:117811
|X|:17
Heuristic Problem Creation
|A|:2041
|P|:2
|E|:0
Delta time heuristic model:1.0
Delta time planning model:1.0
Delta time search-execution model:1.0
Delta time validation model:1
h(I):0.0
Extracting plan with execution delta: 1.0
Problem Solved

Found Plan:
0: (validate_payload t0 a4 t1)
0: (sync_actions t0 t1 a4)
0: (add_action a0)
0: (check_added_parameter_model a0)
0: (add_move_automata a0)
0: (stop_wait)
0: (add_action a1)
0: (check_added_parameter_model a1)
0: (add_move_automata a1)
0: (stop_wait)
0: (add_action a2)
0: (check_added_parameter_model a2)
0: (add_move_automata a2)
0: (stop_wait)
0: (add_action a3)
0: (check_added_parameter_model a3)
0: (add_move_automata a3)
0: (stop_wait)
0: (add_action a5)
0: (check_added_parameter_model a5)
0: (add_move_automata a5)
0: (stop_wait)
0: (add_action a15)
0: (check_added_parameter_model a15)
0: (add_move_automata a15)
0: (stop_wait)
0: (add_action a21)
0: (check_added_parameter_model a21)
0: (add_move_automata a21)
0: (stop_wait)
0: (add_action a24)
0: (check_added_parameter_model a24)
0: (add_move_automata a24)
0: (stop_wait)
0: (add_action a27)
0: (check_added_parameter_model a27)
0: (add_move_automata a27)
0: (stop_wait)
0: (add_action a26)
0: (check_added_parameter_model a26)
0: (add_move_automata a26)
0: (stop_wait)
0: (add_action a22)
0: (check_added_parameter_model a22)
0: (add_move_automata a22)
0: (stop_wait)
0: (add_action a16)
0: (check_added_parameter_model a16)
0: (add_move_automata a16)
0: (stop_wait)
0: (add_action a8)
0: (check_added_parameter_model a8)
0: (add_move_automata a8)
0: (stop_wait)
0: (add_action a19)
0: (check_added_parameter_model a19)
0: (add_move_automata a19)
0: (stop_wait)
0: (add_action a11)
0: (check_added_parameter_model a11)
0: (add_move_automata a11)
0: (stop_wait)
0: (add_action a12)
0: (check_added_parameter_model a12)
0: (add_move_automata a12)

Plan-Length:65
Elapsed Time: 0
Metric (Search):0.0
Planning Time (msec): 154
Heuristic Time (msec): 9
Search Time (msec): 146
Expanded Nodes:267
States Evaluated:308
Number of Dead-Ends detected:0
Number of Duplicates detected:169
/usr/bin/time -v timeout 600 java -Xmx64g -jar ./enhsp3.jar -o ./domain_framed_autonomy_process_reset.pddl -f ./problems/a29g9AND-prefix-1-a29g9AND_5_timed_data/problem9.pddl -h blind -s WAStar
Domain parsed
Problem parsed
Grounding..
Grounding Time: 47023
UFX:true
|F|:117811
|X|:17
Heuristic Problem Creation
|A|:2041
|P|:2
|E|:0
Delta time heuristic model:1.0
Delta time planning model:1.0
Delta time search-execution model:1.0
Delta time validation model:1
h(I):0.0
Extracting plan with execution delta: 1.0
Problem Solved

Found Plan:
0: (validate_payload t0 a4 t1)
0: (sync_actions t0 t1 a4)
0: (add_action a0)
0: (check_added_parameter_model a0)
0: (add_move_automata a0)
0: (stop_wait)
0: (add_action a1)
0: (check_added_parameter_model a1)
0: (add_move_automata a1)
0: (stop_wait)
0: (add_action a2)
0: (check_added_parameter_model a2)
0: (add_move_automata a2)
0: (stop_wait)
0: (add_action a3)
0: (check_added_parameter_model a3)
0: (add_move_automata a3)
0: (stop_wait)
0: (add_action a5)
0: (check_added_parameter_model a5)
0: (add_move_automata a5)
0: (stop_wait)
0: (add_action a15)
0: (check_added_parameter_model a15)
0: (add_move_automata a15)
0: (stop_wait)
0: (add_action a21)
0: (check_added_parameter_model a21)
0: (add_move_automata a21)
0: (stop_wait)
0: (add_action a24)
0: (check_added_parameter_model a24)
0: (add_move_automata a24)
0: (stop_wait)
0: (add_action a27)
0: (check_added_parameter_model a27)
0: (add_move_automata a27)
0: (stop_wait)
0: (add_action a26)
0: (check_added_parameter_model a26)
0: (add_move_automata a26)
0: (stop_wait)
0: (add_action a22)
0: (check_added_parameter_model a22)
0: (add_move_automata a22)
0: (stop_wait)
0: (add_action a16)
0: (check_added_parameter_model a16)
0: (add_move_automata a16)
0: (stop_wait)
0: (add_action a8)
0: (check_added_parameter_model a8)
0: (add_move_automata a8)
0: (stop_wait)
0: (add_action a19)
0: (check_added_parameter_model a19)
0: (add_move_automata a19)
0: (stop_wait)
0: (add_action a11)
0: (check_added_parameter_model a11)
0: (add_move_automata a11)
0: (stop_wait)
0: (add_action a12)
0: (check_added_parameter_model a12)
0: (add_move_automata a12)

Plan-Length:65
Elapsed Time: 0
Metric (Search):0.0
Planning Time (msec): 162
Heuristic Time (msec): 7
Search Time (msec): 157
Expanded Nodes:267
States Evaluated:308
Number of Dead-Ends detected:0
Number of Duplicates detected:169
/usr/bin/time -v timeout 600 java -Xmx64g -jar ./enhsp3.jar -o ./domain_framed_autonomy_process_reset.pddl -f ./problems/a29g9AND-prefix-1-a29g9AND_5_timed_data/problem10.pddl -h blind -s WAStar
Domain parsed
Problem parsed
Grounding..
Grounding Time: 47442
UFX:true
|F|:117811
|X|:17
Heuristic Problem Creation
|A|:2041
|P|:2
|E|:0
Delta time heuristic model:1.0
Delta time planning model:1.0
Delta time search-execution model:1.0
Delta time validation model:1
h(I):0.0
Extracting plan with execution delta: 1.0
Problem Solved

Found Plan:
0: (validate_payload t0 a4 t1)
0: (sync_actions t0 t1 a4)
0: (add_action a0)
0: (add_parameter a0 sDEC5_2 categorical c1)
0: (check_added_parameter_model a0)
0: (add_move_automata a0)
0: (stop_wait)
0: (add_action a1)
0: (check_added_parameter_model a1)
0: (add_move_automata a1)
0: (stop_wait)
0: (add_action a2)
0: (check_added_parameter_model a2)
0: (add_move_automata a2)
0: (stop_wait)
0: (add_action a3)
0: (check_added_parameter_model a3)
0: (add_move_automata a3)
0: (stop_wait)
0: (add_action a5)
0: (check_added_parameter_model a5)
0: (add_move_automata a5)
0: (stop_wait)
0: (add_action a15)
0: (check_added_parameter_model a15)
0: (add_move_automata a15)
0: (stop_wait)
0: (add_action a21)
0: (check_added_parameter_model a21)
0: (add_move_automata a21)
0: (stop_wait)
0: (add_action a24)
0: (check_added_parameter_model a24)
0: (add_move_automata a24)
0: (stop_wait)
0: (add_action a27)
0: (check_added_parameter_model a27)
0: (add_move_automata a27)
0: (stop_wait)
0: (add_action a26)
0: (check_added_parameter_model a26)
0: (add_move_automata a26)
0: (stop_wait)
0: (add_action a22)
0: (check_added_parameter_model a22)
0: (add_move_automata a22)
0: (stop_wait)
0: (add_action a16)
0: (check_added_parameter_model a16)
0: (add_move_automata a16)
0: (stop_wait)
0: (add_action a8)
0: (check_added_parameter_model a8)
0: (add_move_automata a8)
0: (stop_wait)
0: (add_action a19)
0: (check_added_parameter_model a19)
0: (add_move_automata a19)
0: (stop_wait)
0: (add_action a11)
0: (check_added_parameter_model a11)
0: (add_move_automata a11)
0: (stop_wait)
0: (add_action a12)
0: (check_added_parameter_model a12)
0: (add_move_automata a12)

Plan-Length:66
Elapsed Time: 0
Metric (Search):0.0
Planning Time (msec): 202
Heuristic Time (msec): 5
Search Time (msec): 192
Expanded Nodes:431
States Evaluated:566
Number of Dead-Ends detected:0
Number of Duplicates detected:398
