/usr/bin/time -v timeout 600 java -Xmx64g -jar ./enhsp3.jar -o ./domain_framed_autonomy_process_reset.pddl -f ./problems/a42g11XOR-prefix-1-a42g11XOR_7_timed/problem1.pddl -h blind -s WAStar
Domain parsed
Problem parsed
Grounding..
Grounding Time: 63718
UFX:true
|F|:122541
|X|:9
Heuristic Problem Creation
|A|:1826
|P|:2
|E|:0
Delta time heuristic model:1.0
Delta time planning model:1.0
Delta time search-execution model:1.0
Delta time validation model:1
h(I):0.0
f(n) = 100.0 (Expanded Nodes: 18, Evaluated States: 29, Time: 0.044) Frontier Size: 11
Extracting plan with execution delta: 1.0
Problem Solved

Found Plan:
0: (validate_payload t0 a7 t1)
0: (sync_actions t0 t1 a7)
0: (add_action a4)
0: (check_added_parameter_model a4)
0: (add_move_automata a4)
0: (reset Chain_Response_ActivityA_ActivityC)
0: (stop_wait)
0: (add_action a20)
0: (check_added_parameter_model a20)
0: (add_move_automata a20)
0: (stop_wait)
0: (add_action a19)
0: (check_added_parameter_model a19)
0: (add_move_automata a19)
0: (stop_wait)
0: (add_action a39)
0: (check_added_parameter_model a39)
0: (add_move_automata a39)
0: (stop_wait)
0: (add_action a31)
0: (check_added_parameter_model a31)
0: (add_move_automata a31)
0: (stop_wait)
0: (add_action a30)
0: (check_added_parameter_model a30)
0: (add_move_automata a30)
0: (stop_wait)
0: (add_action a33)
0: (check_added_parameter_model a33)
0: (add_move_automata a33)
0: (stop_wait)
0: (add_action a32)
0: (check_added_parameter_model a32)
0: (add_move_automata a32)
0: (stop_wait)
0: (add_action a5)
0: (check_added_parameter_model a5)
0: (add_move_automata a5)
0: (stop_wait)
0: (add_action a6)
0: (check_added_parameter_model a6)
0: (add_move_automata a6)
0: (stop_wait)
0: (add_action a8)
0: (check_added_parameter_model a8)
0: (add_move_automata a8)
0: (stop_wait)
0: (add_action a11)
0: (check_added_parameter_model a11)
0: (add_move_automata a11)
0: (stop_wait)
0: (add_action a38)
0: (check_added_parameter_model a38)
0: (add_move_automata a38)
0: (stop_wait)
0: (add_action a40)
0: (check_added_parameter_model a40)
0: (add_move_automata a40)
0: (stop_wait)
0: (add_action a41)
0: (check_added_parameter_model a41)
0: (add_move_automata a41)
0: (stop_wait)
0: (add_action a12)
0: (check_added_parameter_model a12)
0: (add_move_automata a12)
0: (stop_wait)
0: (add_action a23)
0: (check_added_parameter_model a23)
0: (add_move_automata a23)
0: (stop_wait)
0: (add_action a17)
0: (check_added_parameter_model a17)
0: (add_move_automata a17)
0: (stop_wait)
0: (add_action a18)
0: (check_added_parameter_model a18)
0: (add_move_automata a18)

Plan-Length:78
Elapsed Time: 0
Metric (Search):100.0
Planning Time (msec): 196
Heuristic Time (msec): 8
Search Time (msec): 184
Expanded Nodes:464
States Evaluated:594
Number of Dead-Ends detected:0
Number of Duplicates detected:349
/usr/bin/time -v timeout 600 java -Xmx64g -jar ./enhsp3.jar -o ./domain_framed_autonomy_process_reset.pddl -f ./problems/a42g11XOR-prefix-1-a42g11XOR_7_timed/problem2.pddl -h blind -s WAStar
Domain parsed
Problem parsed
Grounding..
Grounding Time: 64236
UFX:true
|F|:122541
|X|:9
Heuristic Problem Creation
|A|:1826
|P|:2
|E|:0
Delta time heuristic model:1.0
Delta time planning model:1.0
Delta time search-execution model:1.0
Delta time validation model:1
h(I):0.0
f(n) = 100.0 (Expanded Nodes: 18, Evaluated States: 29, Time: 0.05) Frontier Size: 11
Extracting plan with execution delta: 1.0
Problem Solved

Found Plan:
0: (validate_payload t0 a7 t1)
0: (sync_actions t0 t1 a7)
0: (add_action a4)
0: (check_added_parameter_model a4)
0: (add_move_automata a4)
0: (reset Chain_Response_ActivityA_ActivityC)
0: (stop_wait)
0: (add_action a20)
0: (check_added_parameter_model a20)
0: (add_move_automata a20)
0: (stop_wait)
0: (add_action a19)
0: (check_added_parameter_model a19)
0: (add_move_automata a19)
0: (stop_wait)
0: (add_action a39)
0: (check_added_parameter_model a39)
0: (add_move_automata a39)
0: (stop_wait)
0: (add_action a31)
0: (check_added_parameter_model a31)
0: (add_move_automata a31)
0: (stop_wait)
0: (add_action a30)
0: (check_added_parameter_model a30)
0: (add_move_automata a30)
0: (stop_wait)
0: (add_action a33)
0: (check_added_parameter_model a33)
0: (add_move_automata a33)
0: (stop_wait)
0: (add_action a32)
0: (check_added_parameter_model a32)
0: (add_move_automata a32)
0: (stop_wait)
0: (add_action a5)
0: (check_added_parameter_model a5)
0: (add_move_automata a5)
0: (stop_wait)
0: (add_action a6)
0: (check_added_parameter_model a6)
0: (add_move_automata a6)
0: (stop_wait)
0: (add_action a8)
0: (check_added_parameter_model a8)
0: (add_move_automata a8)
0: (stop_wait)
0: (add_action a11)
0: (check_added_parameter_model a11)
0: (add_move_automata a11)
0: (stop_wait)
0: (add_action a38)
0: (check_added_parameter_model a38)
0: (add_move_automata a38)
0: (stop_wait)
0: (add_action a40)
0: (check_added_parameter_model a40)
0: (add_move_automata a40)
0: (stop_wait)
0: (add_action a41)
0: (check_added_parameter_model a41)
0: (add_move_automata a41)
0: (stop_wait)
0: (add_action a12)
0: (check_added_parameter_model a12)
0: (add_move_automata a12)
0: (stop_wait)
0: (add_action a23)
0: (check_added_parameter_model a23)
0: (add_move_automata a23)
0: (stop_wait)
0: (add_action a17)
0: (check_added_parameter_model a17)
0: (add_move_automata a17)
0: (stop_wait)
0: (add_action a18)
0: (check_added_parameter_model a18)
0: (add_move_automata a18)

Plan-Length:78
Elapsed Time: 0
Metric (Search):100.0
Planning Time (msec): 329
Heuristic Time (msec): 9
Search Time (msec): 318
Expanded Nodes:464
States Evaluated:594
Number of Dead-Ends detected:0
Number of Duplicates detected:349
/usr/bin/time -v timeout 600 java -Xmx64g -jar ./enhsp3.jar -o ./domain_framed_autonomy_process_reset.pddl -f ./problems/a42g11XOR-prefix-1-a42g11XOR_7_timed/problem3.pddl -h blind -s WAStar
Domain parsed
Problem parsed
Grounding..
Grounding Time: 64200
UFX:true
|F|:122541
|X|:9
Heuristic Problem Creation
|A|:1826
|P|:2
|E|:0
Delta time heuristic model:1.0
Delta time planning model:1.0
Delta time search-execution model:1.0
Delta time validation model:1
h(I):0.0
f(n) = 100.0 (Expanded Nodes: 18, Evaluated States: 29, Time: 0.048) Frontier Size: 11
Extracting plan with execution delta: 1.0
Problem Solved

Found Plan:
0: (validate_payload t0 a7 t1)
0: (sync_actions t0 t1 a7)
0: (add_action a4)
0: (check_added_parameter_model a4)
0: (add_move_automata a4)
0: (reset Chain_Response_ActivityA_ActivityC)
0: (stop_wait)
0: (add_action a20)
0: (check_added_parameter_model a20)
0: (add_move_automata a20)
0: (stop_wait)
0: (add_action a19)
0: (check_added_parameter_model a19)
0: (add_move_automata a19)
0: (stop_wait)
0: (add_action a39)
0: (check_added_parameter_model a39)
0: (add_move_automata a39)
0: (stop_wait)
0: (add_action a31)
0: (check_added_parameter_model a31)
0: (add_move_automata a31)
0: (stop_wait)
0: (add_action a30)
0: (check_added_parameter_model a30)
0: (add_move_automata a30)
0: (stop_wait)
0: (add_action a33)
0: (check_added_parameter_model a33)
0: (add_move_automata a33)
0: (stop_wait)
0: (add_action a32)
0: (check_added_parameter_model a32)
0: (add_move_automata a32)
0: (stop_wait)
0: (add_action a5)
0: (check_added_parameter_model a5)
0: (add_move_automata a5)
0: (stop_wait)
0: (add_action a6)
0: (check_added_parameter_model a6)
0: (add_move_automata a6)
0: (stop_wait)
0: (add_action a8)
0: (check_added_parameter_model a8)
0: (add_move_automata a8)
0: (stop_wait)
0: (add_action a11)
0: (check_added_parameter_model a11)
0: (add_move_automata a11)
0: (stop_wait)
0: (add_action a38)
0: (check_added_parameter_model a38)
0: (add_move_automata a38)
0: (stop_wait)
0: (add_action a40)
0: (check_added_parameter_model a40)
0: (add_move_automata a40)
0: (stop_wait)
0: (add_action a41)
0: (check_added_parameter_model a41)
0: (add_move_automata a41)
0: (stop_wait)
0: (add_action a12)
0: (check_added_parameter_model a12)
0: (add_move_automata a12)
0: (stop_wait)
0: (add_action a23)
0: (check_added_parameter_model a23)
0: (add_move_automata a23)
0: (stop_wait)
0: (add_action a17)
0: (check_added_parameter_model a17)
0: (add_move_automata a17)
0: (stop_wait)
0: (add_action a18)
0: (check_added_parameter_model a18)
0: (add_move_automata a18)

Plan-Length:78
Elapsed Time: 0
Metric (Search):100.0
Planning Time (msec): 250
Heuristic Time (msec): 11
Search Time (msec): 246
Expanded Nodes:464
States Evaluated:594
Number of Dead-Ends detected:0
Number of Duplicates detected:349
/usr/bin/time -v timeout 600 java -Xmx64g -jar ./enhsp3.jar -o ./domain_framed_autonomy_process_reset.pddl -f ./problems/a42g11XOR-prefix-1-a42g11XOR_7_timed/problem4.pddl -h blind -s WAStar
Domain parsed
Problem parsed
Grounding..
Grounding Time: 63292
UFX:true
|F|:122541
|X|:9
Heuristic Problem Creation
|A|:1826
|P|:2
|E|:0
Delta time heuristic model:1.0
Delta time planning model:1.0
Delta time search-execution model:1.0
Delta time validation model:1
h(I):0.0
f(n) = 100.0 (Expanded Nodes: 18, Evaluated States: 29, Time: 0.044) Frontier Size: 11
Extracting plan with execution delta: 1.0
Problem Solved

Found Plan:
0: (validate_payload t0 a7 t1)
0: (sync_actions t0 t1 a7)
0: (add_action a4)
0: (check_added_parameter_model a4)
0: (add_move_automata a4)
0: (reset Chain_Response_ActivityA_ActivityC)
0: (stop_wait)
0: (add_action a20)
0: (check_added_parameter_model a20)
0: (add_move_automata a20)
0: (stop_wait)
0: (add_action a19)
0: (check_added_parameter_model a19)
0: (add_move_automata a19)
0: (stop_wait)
0: (add_action a39)
0: (check_added_parameter_model a39)
0: (add_move_automata a39)
0: (stop_wait)
0: (add_action a31)
0: (check_added_parameter_model a31)
0: (add_move_automata a31)
0: (stop_wait)
0: (add_action a30)
0: (check_added_parameter_model a30)
0: (add_move_automata a30)
0: (stop_wait)
0: (add_action a33)
0: (check_added_parameter_model a33)
0: (add_move_automata a33)
0: (stop_wait)
0: (add_action a32)
0: (check_added_parameter_model a32)
0: (add_move_automata a32)
0: (stop_wait)
0: (add_action a5)
0: (check_added_parameter_model a5)
0: (add_move_automata a5)
0: (stop_wait)
0: (add_action a6)
0: (check_added_parameter_model a6)
0: (add_move_automata a6)
0: (stop_wait)
0: (add_action a8)
0: (check_added_parameter_model a8)
0: (add_move_automata a8)
0: (stop_wait)
0: (add_action a11)
0: (check_added_parameter_model a11)
0: (add_move_automata a11)
0: (stop_wait)
0: (add_action a38)
0: (check_added_parameter_model a38)
0: (add_move_automata a38)
0: (stop_wait)
0: (add_action a40)
0: (check_added_parameter_model a40)
0: (add_move_automata a40)
0: (stop_wait)
0: (add_action a41)
0: (check_added_parameter_model a41)
0: (add_move_automata a41)
0: (stop_wait)
0: (add_action a12)
0: (check_added_parameter_model a12)
0: (add_move_automata a12)
0: (stop_wait)
0: (add_action a23)
0: (check_added_parameter_model a23)
0: (add_move_automata a23)
0: (stop_wait)
0: (add_action a17)
0: (check_added_parameter_model a17)
0: (add_move_automata a17)
0: (stop_wait)
0: (add_action a18)
0: (check_added_parameter_model a18)
0: (add_move_automata a18)

Plan-Length:78
Elapsed Time: 0
Metric (Search):100.0
Planning Time (msec): 317
Heuristic Time (msec): 4
Search Time (msec): 310
Expanded Nodes:464
States Evaluated:594
Number of Dead-Ends detected:0
Number of Duplicates detected:349
/usr/bin/time -v timeout 600 java -Xmx64g -jar ./enhsp3.jar -o ./domain_framed_autonomy_process_reset.pddl -f ./problems/a42g11XOR-prefix-1-a42g11XOR_7_timed/problem5.pddl -h blind -s WAStar
Domain parsed
Problem parsed
Grounding..
Grounding Time: 64332
UFX:true
|F|:122541
|X|:9
Heuristic Problem Creation
|A|:1826
|P|:2
|E|:0
Delta time heuristic model:1.0
Delta time planning model:1.0
Delta time search-execution model:1.0
Delta time validation model:1
h(I):0.0
f(n) = 100.0 (Expanded Nodes: 18, Evaluated States: 29, Time: 0.046) Frontier Size: 11
Extracting plan with execution delta: 1.0
Problem Solved

Found Plan:
0: (validate_payload t0 a7 t1)
0: (sync_actions t0 t1 a7)
0: (add_action a4)
0: (check_added_parameter_model a4)
0: (add_move_automata a4)
0: (reset Chain_Response_ActivityA_ActivityC)
0: (stop_wait)
0: (add_action a20)
0: (check_added_parameter_model a20)
0: (add_move_automata a20)
0: (stop_wait)
0: (add_action a19)
0: (check_added_parameter_model a19)
0: (add_move_automata a19)
0: (stop_wait)
0: (add_action a39)
0: (check_added_parameter_model a39)
0: (add_move_automata a39)
0: (stop_wait)
0: (add_action a31)
0: (check_added_parameter_model a31)
0: (add_move_automata a31)
0: (stop_wait)
0: (add_action a30)
0: (check_added_parameter_model a30)
0: (add_move_automata a30)
0: (stop_wait)
0: (add_action a33)
0: (check_added_parameter_model a33)
0: (add_move_automata a33)
0: (stop_wait)
0: (add_action a32)
0: (check_added_parameter_model a32)
0: (add_move_automata a32)
0: (stop_wait)
0: (add_action a5)
0: (check_added_parameter_model a5)
0: (add_move_automata a5)
0: (stop_wait)
0: (add_action a6)
0: (check_added_parameter_model a6)
0: (add_move_automata a6)
0: (stop_wait)
0: (add_action a8)
0: (check_added_parameter_model a8)
0: (add_move_automata a8)
0: (stop_wait)
0: (add_action a11)
0: (check_added_parameter_model a11)
0: (add_move_automata a11)
0: (stop_wait)
0: (add_action a38)
0: (check_added_parameter_model a38)
0: (add_move_automata a38)
0: (stop_wait)
0: (add_action a40)
0: (check_added_parameter_model a40)
0: (add_move_automata a40)
0: (stop_wait)
0: (add_action a41)
0: (check_added_parameter_model a41)
0: (add_move_automata a41)
0: (stop_wait)
0: (add_action a12)
0: (check_added_parameter_model a12)
0: (add_move_automata a12)
0: (stop_wait)
0: (add_action a23)
0: (check_added_parameter_model a23)
0: (add_move_automata a23)
0: (stop_wait)
0: (add_action a17)
0: (check_added_parameter_model a17)
0: (add_move_automata a17)
0: (stop_wait)
0: (add_action a18)
0: (check_added_parameter_model a18)
0: (add_move_automata a18)

Plan-Length:78
Elapsed Time: 0
Metric (Search):100.0
Planning Time (msec): 327
Heuristic Time (msec): 7
Search Time (msec): 323
Expanded Nodes:464
States Evaluated:594
Number of Dead-Ends detected:0
Number of Duplicates detected:349
/usr/bin/time -v timeout 600 java -Xmx64g -jar ./enhsp3.jar -o ./domain_framed_autonomy_process_reset.pddl -f ./problems/a42g11XOR-prefix-1-a42g11XOR_7_timed/problem6.pddl -h blind -s WAStar
Domain parsed
Problem parsed
Grounding..
Grounding Time: 65014
UFX:true
|F|:122541
|X|:9
Heuristic Problem Creation
|A|:1826
|P|:2
|E|:0
Delta time heuristic model:1.0
Delta time planning model:1.0
Delta time search-execution model:1.0
Delta time validation model:1
h(I):0.0
f(n) = 100.0 (Expanded Nodes: 18, Evaluated States: 29, Time: 0.046) Frontier Size: 11
Extracting plan with execution delta: 1.0
Problem Solved

Found Plan:
0: (validate_payload t0 a7 t1)
0: (sync_actions t0 t1 a7)
0: (add_action a4)
0: (check_added_parameter_model a4)
0: (add_move_automata a4)
0: (reset Chain_Response_ActivityA_ActivityC)
0: (stop_wait)
0: (add_action a20)
0: (check_added_parameter_model a20)
0: (add_move_automata a20)
0: (stop_wait)
0: (add_action a19)
0: (check_added_parameter_model a19)
0: (add_move_automata a19)
0: (stop_wait)
0: (add_action a39)
0: (check_added_parameter_model a39)
0: (add_move_automata a39)
0: (stop_wait)
0: (add_action a31)
0: (check_added_parameter_model a31)
0: (add_move_automata a31)
0: (stop_wait)
0: (add_action a30)
0: (check_added_parameter_model a30)
0: (add_move_automata a30)
0: (stop_wait)
0: (add_action a33)
0: (check_added_parameter_model a33)
0: (add_move_automata a33)
0: (stop_wait)
0: (add_action a32)
0: (check_added_parameter_model a32)
0: (add_move_automata a32)
0: (stop_wait)
0: (add_action a5)
0: (check_added_parameter_model a5)
0: (add_move_automata a5)
0: (stop_wait)
0: (add_action a6)
0: (check_added_parameter_model a6)
0: (add_move_automata a6)
0: (stop_wait)
0: (add_action a8)
0: (check_added_parameter_model a8)
0: (add_move_automata a8)
0: (stop_wait)
0: (add_action a11)
0: (check_added_parameter_model a11)
0: (add_move_automata a11)
0: (stop_wait)
0: (add_action a38)
0: (check_added_parameter_model a38)
0: (add_move_automata a38)
0: (stop_wait)
0: (add_action a40)
0: (check_added_parameter_model a40)
0: (add_move_automata a40)
0: (stop_wait)
0: (add_action a41)
0: (check_added_parameter_model a41)
0: (add_move_automata a41)
0: (stop_wait)
0: (add_action a12)
0: (check_added_parameter_model a12)
0: (add_move_automata a12)
0: (stop_wait)
0: (add_action a23)
0: (check_added_parameter_model a23)
0: (add_move_automata a23)
0: (stop_wait)
0: (add_action a17)
0: (check_added_parameter_model a17)
0: (add_move_automata a17)
0: (stop_wait)
0: (add_action a18)
0: (check_added_parameter_model a18)
0: (add_move_automata a18)

Plan-Length:78
Elapsed Time: 0
Metric (Search):100.0
Planning Time (msec): 222
Heuristic Time (msec): 5
Search Time (msec): 213
Expanded Nodes:464
States Evaluated:594
Number of Dead-Ends detected:0
Number of Duplicates detected:349
/usr/bin/time -v timeout 600 java -Xmx64g -jar ./enhsp3.jar -o ./domain_framed_autonomy_process_reset.pddl -f ./problems/a42g11XOR-prefix-1-a42g11XOR_7_timed/problem7.pddl -h blind -s WAStar
Domain parsed
Problem parsed
Grounding..
Grounding Time: 64755
UFX:true
|F|:122541
|X|:9
Heuristic Problem Creation
|A|:1826
|P|:2
|E|:0
Delta time heuristic model:1.0
Delta time planning model:1.0
Delta time search-execution model:1.0
Delta time validation model:1
h(I):0.0
f(n) = 100.0 (Expanded Nodes: 18, Evaluated States: 29, Time: 0.037) Frontier Size: 11
Extracting plan with execution delta: 1.0
Problem Solved

Found Plan:
0: (validate_payload t0 a7 t1)
0: (sync_actions t0 t1 a7)
0: (add_action a4)
0: (check_added_parameter_model a4)
0: (add_move_automata a4)
0: (reset Chain_Response_ActivityA_ActivityC)
0: (stop_wait)
0: (add_action a20)
0: (check_added_parameter_model a20)
0: (add_move_automata a20)
0: (stop_wait)
0: (add_action a19)
0: (check_added_parameter_model a19)
0: (add_move_automata a19)
0: (stop_wait)
0: (add_action a39)
0: (check_added_parameter_model a39)
0: (add_move_automata a39)
0: (stop_wait)
0: (add_action a31)
0: (check_added_parameter_model a31)
0: (add_move_automata a31)
0: (stop_wait)
0: (add_action a30)
0: (check_added_parameter_model a30)
0: (add_move_automata a30)
0: (stop_wait)
0: (add_action a33)
0: (check_added_parameter_model a33)
0: (add_move_automata a33)
0: (stop_wait)
0: (add_action a32)
0: (check_added_parameter_model a32)
0: (add_move_automata a32)
0: (stop_wait)
0: (add_action a5)
0: (check_added_parameter_model a5)
0: (add_move_automata a5)
0: (stop_wait)
0: (add_action a6)
0: (check_added_parameter_model a6)
0: (add_move_automata a6)
0: (stop_wait)
0: (add_action a8)
0: (check_added_parameter_model a8)
0: (add_move_automata a8)
0: (stop_wait)
0: (add_action a11)
0: (check_added_parameter_model a11)
0: (add_move_automata a11)
0: (stop_wait)
0: (add_action a38)
0: (check_added_parameter_model a38)
0: (add_move_automata a38)
0: (stop_wait)
0: (add_action a40)
0: (check_added_parameter_model a40)
0: (add_move_automata a40)
0: (stop_wait)
0: (add_action a41)
0: (check_added_parameter_model a41)
0: (add_move_automata a41)
0: (stop_wait)
0: (add_action a12)
0: (check_added_parameter_model a12)
0: (add_move_automata a12)
0: (stop_wait)
0: (add_action a23)
0: (check_added_parameter_model a23)
0: (add_move_automata a23)
0: (stop_wait)
0: (add_action a17)
0: (check_added_parameter_model a17)
0: (add_move_automata a17)
0: (stop_wait)
0: (add_action a18)
0: (check_added_parameter_model a18)
0: (add_move_automata a18)

Plan-Length:78
Elapsed Time: 0
Metric (Search):100.0
Planning Time (msec): 192
Heuristic Time (msec): 5
Search Time (msec): 187
Expanded Nodes:464
States Evaluated:594
Number of Dead-Ends detected:0
Number of Duplicates detected:349
/usr/bin/time -v timeout 600 java -Xmx64g -jar ./enhsp3.jar -o ./domain_framed_autonomy_process_reset.pddl -f ./problems/a42g11XOR-prefix-1-a42g11XOR_7_timed/problem8.pddl -h blind -s WAStar
Domain parsed
Problem parsed
Grounding..
Grounding Time: 66315
UFX:true
|F|:122541
|X|:9
Heuristic Problem Creation
|A|:1826
|P|:2
|E|:0
Delta time heuristic model:1.0
Delta time planning model:1.0
Delta time search-execution model:1.0
Delta time validation model:1
h(I):0.0
f(n) = 100.0 (Expanded Nodes: 18, Evaluated States: 29, Time: 0.037) Frontier Size: 11
Extracting plan with execution delta: 1.0
Problem Solved

Found Plan:
0: (validate_payload t0 a7 t1)
0: (sync_actions t0 t1 a7)
0: (add_action a4)
0: (check_added_parameter_model a4)
0: (add_move_automata a4)
0: (reset Chain_Response_ActivityA_ActivityC)
0: (stop_wait)
0: (add_action a20)
0: (check_added_parameter_model a20)
0: (add_move_automata a20)
0: (stop_wait)
0: (add_action a19)
0: (check_added_parameter_model a19)
0: (add_move_automata a19)
0: (stop_wait)
0: (add_action a39)
0: (check_added_parameter_model a39)
0: (add_move_automata a39)
0: (stop_wait)
0: (add_action a31)
0: (check_added_parameter_model a31)
0: (add_move_automata a31)
0: (stop_wait)
0: (add_action a30)
0: (check_added_parameter_model a30)
0: (add_move_automata a30)
0: (stop_wait)
0: (add_action a33)
0: (check_added_parameter_model a33)
0: (add_move_automata a33)
0: (stop_wait)
0: (add_action a32)
0: (check_added_parameter_model a32)
0: (add_move_automata a32)
0: (stop_wait)
0: (add_action a5)
0: (check_added_parameter_model a5)
0: (add_move_automata a5)
0: (stop_wait)
0: (add_action a6)
0: (check_added_parameter_model a6)
0: (add_move_automata a6)
0: (stop_wait)
0: (add_action a8)
0: (check_added_parameter_model a8)
0: (add_move_automata a8)
0: (stop_wait)
0: (add_action a11)
0: (check_added_parameter_model a11)
0: (add_move_automata a11)
0: (stop_wait)
0: (add_action a38)
0: (check_added_parameter_model a38)
0: (add_move_automata a38)
0: (stop_wait)
0: (add_action a40)
0: (check_added_parameter_model a40)
0: (add_move_automata a40)
0: (stop_wait)
0: (add_action a41)
0: (check_added_parameter_model a41)
0: (add_move_automata a41)
0: (stop_wait)
0: (add_action a12)
0: (check_added_parameter_model a12)
0: (add_move_automata a12)
0: (stop_wait)
0: (add_action a23)
0: (check_added_parameter_model a23)
0: (add_move_automata a23)
0: (stop_wait)
0: (add_action a17)
0: (check_added_parameter_model a17)
0: (add_move_automata a17)
0: (stop_wait)
0: (add_action a18)
0: (check_added_parameter_model a18)
0: (add_move_automata a18)

Plan-Length:78
Elapsed Time: 0
Metric (Search):100.0
Planning Time (msec): 192
Heuristic Time (msec): 2
Search Time (msec): 181
Expanded Nodes:464
States Evaluated:594
Number of Dead-Ends detected:0
Number of Duplicates detected:349
/usr/bin/time -v timeout 600 java -Xmx64g -jar ./enhsp3.jar -o ./domain_framed_autonomy_process_reset.pddl -f ./problems/a42g11XOR-prefix-1-a42g11XOR_7_timed/problem9.pddl -h blind -s WAStar
Domain parsed
Problem parsed
Grounding..
Grounding Time: 66593
UFX:true
|F|:122541
|X|:9
Heuristic Problem Creation
|A|:1826
|P|:2
|E|:0
Delta time heuristic model:1.0
Delta time planning model:1.0
Delta time search-execution model:1.0
Delta time validation model:1
h(I):0.0
f(n) = 100.0 (Expanded Nodes: 18, Evaluated States: 29, Time: 0.045) Frontier Size: 11
Extracting plan with execution delta: 1.0
Problem Solved

Found Plan:
0: (validate_payload t0 a7 t1)
0: (sync_actions t0 t1 a7)
0: (add_action a4)
0: (check_added_parameter_model a4)
0: (add_move_automata a4)
0: (reset Chain_Response_ActivityA_ActivityC)
0: (stop_wait)
0: (add_action a20)
0: (check_added_parameter_model a20)
0: (add_move_automata a20)
0: (stop_wait)
0: (add_action a19)
0: (check_added_parameter_model a19)
0: (add_move_automata a19)
0: (stop_wait)
0: (add_action a39)
0: (check_added_parameter_model a39)
0: (add_move_automata a39)
0: (stop_wait)
0: (add_action a31)
0: (check_added_parameter_model a31)
0: (add_move_automata a31)
0: (stop_wait)
0: (add_action a30)
0: (check_added_parameter_model a30)
0: (add_move_automata a30)
0: (stop_wait)
0: (add_action a33)
0: (check_added_parameter_model a33)
0: (add_move_automata a33)
0: (stop_wait)
0: (add_action a32)
0: (check_added_parameter_model a32)
0: (add_move_automata a32)
0: (stop_wait)
0: (add_action a5)
0: (check_added_parameter_model a5)
0: (add_move_automata a5)
0: (stop_wait)
0: (add_action a6)
0: (check_added_parameter_model a6)
0: (add_move_automata a6)
0: (stop_wait)
0: (add_action a8)
0: (check_added_parameter_model a8)
0: (add_move_automata a8)
0: (stop_wait)
0: (add_action a11)
0: (check_added_parameter_model a11)
0: (add_move_automata a11)
0: (stop_wait)
0: (add_action a38)
0: (check_added_parameter_model a38)
0: (add_move_automata a38)
0: (stop_wait)
0: (add_action a40)
0: (check_added_parameter_model a40)
0: (add_move_automata a40)
0: (stop_wait)
0: (add_action a41)
0: (check_added_parameter_model a41)
0: (add_move_automata a41)
0: (stop_wait)
0: (add_action a12)
0: (check_added_parameter_model a12)
0: (add_move_automata a12)
0: (stop_wait)
0: (add_action a23)
0: (check_added_parameter_model a23)
0: (add_move_automata a23)
0: (stop_wait)
0: (add_action a17)
0: (check_added_parameter_model a17)
0: (add_move_automata a17)
0: (stop_wait)
0: (add_action a18)
0: (check_added_parameter_model a18)
0: (add_move_automata a18)

Plan-Length:78
Elapsed Time: 0
Metric (Search):100.0
Planning Time (msec): 315
Heuristic Time (msec): 8
Search Time (msec): 307
Expanded Nodes:464
States Evaluated:594
Number of Dead-Ends detected:0
Number of Duplicates detected:349
/usr/bin/time -v timeout 600 java -Xmx64g -jar ./enhsp3.jar -o ./domain_framed_autonomy_process_reset.pddl -f ./problems/a42g11XOR-prefix-1-a42g11XOR_7_timed/problem10.pddl -h blind -s WAStar
Domain parsed
Problem parsed
Grounding..
Grounding Time: 66788
UFX:true
|F|:122541
|X|:9
Heuristic Problem Creation
|A|:1826
|P|:2
|E|:0
Delta time heuristic model:1.0
Delta time planning model:1.0
Delta time search-execution model:1.0
Delta time validation model:1
h(I):0.0
f(n) = 100.0 (Expanded Nodes: 18, Evaluated States: 29, Time: 0.05) Frontier Size: 11
Extracting plan with execution delta: 1.0
Problem Solved

Found Plan:
0: (validate_payload t0 a7 t1)
0: (sync_actions t0 t1 a7)
0: (add_action a4)
0: (check_added_parameter_model a4)
0: (add_move_automata a4)
0: (reset Chain_Response_ActivityA_ActivityC)
0: (stop_wait)
0: (add_action a20)
0: (check_added_parameter_model a20)
0: (add_move_automata a20)
0: (stop_wait)
0: (add_action a19)
0: (check_added_parameter_model a19)
0: (add_move_automata a19)
0: (stop_wait)
0: (add_action a39)
0: (check_added_parameter_model a39)
0: (add_move_automata a39)
0: (stop_wait)
0: (add_action a31)
0: (check_added_parameter_model a31)
0: (add_move_automata a31)
0: (stop_wait)
0: (add_action a30)
0: (check_added_parameter_model a30)
0: (add_move_automata a30)
0: (stop_wait)
0: (add_action a33)
0: (check_added_parameter_model a33)
0: (add_move_automata a33)
0: (stop_wait)
0: (add_action a32)
0: (check_added_parameter_model a32)
0: (add_move_automata a32)
0: (stop_wait)
0: (add_action a5)
0: (check_added_parameter_model a5)
0: (add_move_automata a5)
0: (stop_wait)
0: (add_action a6)
0: (check_added_parameter_model a6)
0: (add_move_automata a6)
0: (stop_wait)
0: (add_action a8)
0: (check_added_parameter_model a8)
0: (add_move_automata a8)
0: (stop_wait)
0: (add_action a11)
0: (check_added_parameter_model a11)
0: (add_move_automata a11)
0: (stop_wait)
0: (add_action a38)
0: (check_added_parameter_model a38)
0: (add_move_automata a38)
0: (stop_wait)
0: (add_action a40)
0: (check_added_parameter_model a40)
0: (add_move_automata a40)
0: (stop_wait)
0: (add_action a41)
0: (check_added_parameter_model a41)
0: (add_move_automata a41)
0: (stop_wait)
0: (add_action a12)
0: (check_added_parameter_model a12)
0: (add_move_automata a12)
0: (stop_wait)
0: (add_action a23)
0: (check_added_parameter_model a23)
0: (add_move_automata a23)
0: (stop_wait)
0: (add_action a17)
0: (check_added_parameter_model a17)
0: (add_move_automata a17)
0: (stop_wait)
0: (add_action a18)
0: (check_added_parameter_model a18)
0: (add_move_automata a18)

Plan-Length:78
Elapsed Time: 0
Metric (Search):100.0
Planning Time (msec): 215
Heuristic Time (msec): 6
Search Time (msec): 207
Expanded Nodes:464
States Evaluated:594
Number of Dead-Ends detected:0
Number of Duplicates detected:349
Loading openjdk/17.0.8.1_1
  Loading requirement: glibc/2.35-aocc-3.2.0-wetwhfr
    gcc-runtime/12.1.0-gcc-12.1.0-uotjsm3 glibc/2.35-aocc-3.2.0-dkzxmta
	Command being timed: "timeout 600 java -Xmx64g -jar ./enhsp3.jar -o ./domain_framed_autonomy_process_reset.pddl -f ./problems/a42g11XOR-prefix-1-a42g11XOR_7_timed/problem1.pddl -h blind -s WAStar -dap -dl 1500"
	User time (seconds): 116.69
	System time (seconds): 5.01
	Percent of CPU this job got: 99%
	Elapsed (wall clock) time (h:mm:ss or m:ss): 2:01.80
	Average shared text size (kbytes): 0
	Average unshared data size (kbytes): 0
	Average stack size (kbytes): 0
	Average total size (kbytes): 0
	Maximum resident set size (kbytes): 9513872
	Average resident set size (kbytes): 0
	Major (requiring I/O) page faults: 263
	Minor (reclaiming a frame) page faults: 5836122
	Voluntary context switches: 7061
	Involuntary context switches: 8251
	Swaps: 0
	File system inputs: 0
	File system outputs: 624
	Socket messages sent: 0
	Socket messages received: 0
	Signals delivered: 0
	Page size (bytes): 4096
	Exit status: 0
	Command being timed: "timeout 600 java -Xmx64g -jar ./enhsp3.jar -o ./domain_framed_autonomy_process_reset.pddl -f ./problems/a42g11XOR-prefix-1-a42g11XOR_7_timed/problem2.pddl -h blind -s WAStar -dap -dl 1500"
	User time (seconds): 117.46
	System time (seconds): 5.15
	Percent of CPU this job got: 99%
	Elapsed (wall clock) time (h:mm:ss or m:ss): 2:02.69
	Average shared text size (kbytes): 0
	Average unshared data size (kbytes): 0
	Average stack size (kbytes): 0
	Average total size (kbytes): 0
	Maximum resident set size (kbytes): 9527528
	Average resident set size (kbytes): 0
	Major (requiring I/O) page faults: 0
	Minor (reclaiming a frame) page faults: 5731673
	Voluntary context switches: 6640
	Involuntary context switches: 8496
	Swaps: 0
	File system inputs: 0
	File system outputs: 664
	Socket messages sent: 0
	Socket messages received: 0
	Signals delivered: 0
	Page size (bytes): 4096
	Exit status: 0
	Command being timed: "timeout 600 java -Xmx64g -jar ./enhsp3.jar -o ./domain_framed_autonomy_process_reset.pddl -f ./problems/a42g11XOR-prefix-1-a42g11XOR_7_timed/problem3.pddl -h blind -s WAStar -dap -dl 1500"
	User time (seconds): 118.50
	System time (seconds): 5.19
	Percent of CPU this job got: 99%
	Elapsed (wall clock) time (h:mm:ss or m:ss): 2:03.77
	Average shared text size (kbytes): 0
	Average unshared data size (kbytes): 0
	Average stack size (kbytes): 0
	Average total size (kbytes): 0
	Maximum resident set size (kbytes): 9528032
	Average resident set size (kbytes): 0
	Major (requiring I/O) page faults: 0
	Minor (reclaiming a frame) page faults: 5913025
	Voluntary context switches: 6707
	Involuntary context switches: 8659
	Swaps: 0
	File system inputs: 0
	File system outputs: 664
	Socket messages sent: 0
	Socket messages received: 0
	Signals delivered: 0
	Page size (bytes): 4096
	Exit status: 0
	Command being timed: "timeout 600 java -Xmx64g -jar ./enhsp3.jar -o ./domain_framed_autonomy_process_reset.pddl -f ./problems/a42g11XOR-prefix-1-a42g11XOR_7_timed/problem4.pddl -h blind -s WAStar -dap -dl 1500"
	User time (seconds): 116.79
	System time (seconds): 5.16
	Percent of CPU this job got: 99%
	Elapsed (wall clock) time (h:mm:ss or m:ss): 2:02.03
	Average shared text size (kbytes): 0
	Average unshared data size (kbytes): 0
	Average stack size (kbytes): 0
	Average total size (kbytes): 0
	Maximum resident set size (kbytes): 9561400
	Average resident set size (kbytes): 0
	Major (requiring I/O) page faults: 0
	Minor (reclaiming a frame) page faults: 5810608
	Voluntary context switches: 6480
	Involuntary context switches: 8406
	Swaps: 0
	File system inputs: 0
	File system outputs: 648
	Socket messages sent: 0
	Socket messages received: 0
	Signals delivered: 0
	Page size (bytes): 4096
	Exit status: 0
	Command being timed: "timeout 600 java -Xmx64g -jar ./enhsp3.jar -o ./domain_framed_autonomy_process_reset.pddl -f ./problems/a42g11XOR-prefix-1-a42g11XOR_7_timed/problem5.pddl -h blind -s WAStar -dap -dl 1500"
	User time (seconds): 117.22
	System time (seconds): 4.29
	Percent of CPU this job got: 99%
	Elapsed (wall clock) time (h:mm:ss or m:ss): 2:01.60
	Average shared text size (kbytes): 0
	Average unshared data size (kbytes): 0
	Average stack size (kbytes): 0
	Average total size (kbytes): 0
	Maximum resident set size (kbytes): 9519248
	Average resident set size (kbytes): 0
	Major (requiring I/O) page faults: 0
	Minor (reclaiming a frame) page faults: 4302414
	Voluntary context switches: 6559
	Involuntary context switches: 8326
	Swaps: 0
	File system inputs: 0
	File system outputs: 672
	Socket messages sent: 0
	Socket messages received: 0
	Signals delivered: 0
	Page size (bytes): 4096
	Exit status: 0
	Command being timed: "timeout 600 java -Xmx64g -jar ./enhsp3.jar -o ./domain_framed_autonomy_process_reset.pddl -f ./problems/a42g11XOR-prefix-1-a42g11XOR_7_timed/problem6.pddl -h blind -s WAStar -dap -dl 1500"
	User time (seconds): 118.81
	System time (seconds): 5.38
	Percent of CPU this job got: 99%
	Elapsed (wall clock) time (h:mm:ss or m:ss): 2:04.28
	Average shared text size (kbytes): 0
	Average unshared data size (kbytes): 0
	Average stack size (kbytes): 0
	Average total size (kbytes): 0
	Maximum resident set size (kbytes): 9514912
	Average resident set size (kbytes): 0
	Major (requiring I/O) page faults: 0
	Minor (reclaiming a frame) page faults: 6101825
	Voluntary context switches: 6764
	Involuntary context switches: 8716
	Swaps: 0
	File system inputs: 0
	File system outputs: 664
	Socket messages sent: 0
	Socket messages received: 0
	Signals delivered: 0
	Page size (bytes): 4096
	Exit status: 0
	Command being timed: "timeout 600 java -Xmx64g -jar ./enhsp3.jar -o ./domain_framed_autonomy_process_reset.pddl -f ./problems/a42g11XOR-prefix-1-a42g11XOR_7_timed/problem7.pddl -h blind -s WAStar -dap -dl 1500"
	User time (seconds): 119.79
	System time (seconds): 5.40
	Percent of CPU this job got: 99%
	Elapsed (wall clock) time (h:mm:ss or m:ss): 2:05.59
	Average shared text size (kbytes): 0
	Average unshared data size (kbytes): 0
	Average stack size (kbytes): 0
	Average total size (kbytes): 0
	Maximum resident set size (kbytes): 9532944
	Average resident set size (kbytes): 0
	Major (requiring I/O) page faults: 0
	Minor (reclaiming a frame) page faults: 5728233
	Voluntary context switches: 7098
	Involuntary context switches: 11748
	Swaps: 0
	File system inputs: 0
	File system outputs: 664
	Socket messages sent: 0
	Socket messages received: 0
	Signals delivered: 0
	Page size (bytes): 4096
	Exit status: 0
	Command being timed: "timeout 600 java -Xmx64g -jar ./enhsp3.jar -o ./domain_framed_autonomy_process_reset.pddl -f ./problems/a42g11XOR-prefix-1-a42g11XOR_7_timed/problem8.pddl -h blind -s WAStar -dap -dl 1500"
	User time (seconds): 121.55
	System time (seconds): 5.43
	Percent of CPU this job got: 99%
	Elapsed (wall clock) time (h:mm:ss or m:ss): 2:07.06
	Average shared text size (kbytes): 0
	Average unshared data size (kbytes): 0
	Average stack size (kbytes): 0
	Average total size (kbytes): 0
	Maximum resident set size (kbytes): 9529804
	Average resident set size (kbytes): 0
	Major (requiring I/O) page faults: 0
	Minor (reclaiming a frame) page faults: 6045524
	Voluntary context switches: 7393
	Involuntary context switches: 8913
	Swaps: 0
	File system inputs: 0
	File system outputs: 664
	Socket messages sent: 0
	Socket messages received: 0
	Signals delivered: 0
	Page size (bytes): 4096
	Exit status: 0
	Command being timed: "timeout 600 java -Xmx64g -jar ./enhsp3.jar -o ./domain_framed_autonomy_process_reset.pddl -f ./problems/a42g11XOR-prefix-1-a42g11XOR_7_timed/problem9.pddl -h blind -s WAStar -dap -dl 1500"
	User time (seconds): 121.96
	System time (seconds): 5.39
	Percent of CPU this job got: 99%
	Elapsed (wall clock) time (h:mm:ss or m:ss): 2:07.44
	Average shared text size (kbytes): 0
	Average unshared data size (kbytes): 0
	Average stack size (kbytes): 0
	Average total size (kbytes): 0
	Maximum resident set size (kbytes): 9592764
	Average resident set size (kbytes): 0
	Major (requiring I/O) page faults: 0
	Minor (reclaiming a frame) page faults: 6052191
	Voluntary context switches: 6729
	Involuntary context switches: 8939
	Swaps: 0
	File system inputs: 0
	File system outputs: 664
	Socket messages sent: 0
	Socket messages received: 0
	Signals delivered: 0
	Page size (bytes): 4096
	Exit status: 0
	Command being timed: "timeout 600 java -Xmx64g -jar ./enhsp3.jar -o ./domain_framed_autonomy_process_reset.pddl -f ./problems/a42g11XOR-prefix-1-a42g11XOR_7_timed/problem10.pddl -h blind -s WAStar -dap -dl 1500"
	User time (seconds): 122.14
	System time (seconds): 5.35
	Percent of CPU this job got: 99%
	Elapsed (wall clock) time (h:mm:ss or m:ss): 2:07.58
	Average shared text size (kbytes): 0
	Average unshared data size (kbytes): 0
	Average stack size (kbytes): 0
	Average total size (kbytes): 0
	Maximum resident set size (kbytes): 9526288
	Average resident set size (kbytes): 0
	Major (requiring I/O) page faults: 0
	Minor (reclaiming a frame) page faults: 6050048
	Voluntary context switches: 7118
	Involuntary context switches: 8725
	Swaps: 0
	File system inputs: 0
	File system outputs: 672
	Socket messages sent: 0
	Socket messages received: 0
	Signals delivered: 0
	Page size (bytes): 4096
	Exit status: 0
