/usr/bin/time -v timeout 600 java -Xmx64g -jar ./enhsp3.jar -o ./domain_framed_autonomy_process_reset.pddl -f ./problems/a20g6-prefix-non-conforming-1-a20g6_3_timed_data/problem1.pddl -h blind -s WAStar
Domain parsed
Problem parsed
Grounding..
Grounding Time: 5879
UFX:true
|F|:16860
|X|:12
Heuristic Problem Creation
|A|:534
|P|:2
|E|:0
Delta time heuristic model:1.0
Delta time planning model:1.0
Delta time search-execution model:1.0
Delta time validation model:1
h(I):0.0
f(n) = 100.0 (Expanded Nodes: 4, Evaluated States: 4, Time: 0.019) Frontier Size: 0
Extracting plan with execution delta: 1.0
Problem Solved

Found Plan:
0: (validate_payload t0 a1 t1)
0: (sync_actions t0 t1 a1)
0: (reset pn)
0: (add_action a10)
0: (check_added_parameter_model a10)
0: (add_move_automata a10)
0: (stop_wait)
0: (add_action a6)
0: (check_added_parameter_model a6)
0: (add_move_automata a6)
0: (stop_wait)
0: (add_action a7)
0: (check_added_parameter_model a7)
0: (add_move_automata a7)
0: (stop_wait)
0: (add_action a8)
0: (check_added_parameter_model a8)
0: (add_move_automata a8)
0: (stop_wait)
0: (add_action a9)
0: (check_added_parameter_model a9)
0: (add_move_automata a9)
0: (stop_wait)
0: (add_action a11)
0: (check_added_parameter_model a11)
0: (add_move_automata a11)
0: (stop_wait)
0: (add_action a14)
0: (check_added_parameter_model a14)
0: (add_move_automata a14)
0: (stop_wait)
0: (add_action a2)
0: (check_added_parameter_model a2)
0: (add_move_automata a2)
0: (stop_wait)
0: (add_action a15)
0: (check_added_parameter_model a15)
0: (add_move_automata a15)
0: (stop_wait)
0: (add_action a5)
0: (check_added_parameter_model a5)
0: (add_move_automata a5)
0: (stop_wait)
0: (add_action a0)
0: (check_added_parameter_model a0)
0: (add_move_automata a0)
0: (stop_wait)
0: (add_action a1)
0: (check_added_parameter_model a1)
0: (add_move_automata a1)

Plan-Length:50
Elapsed Time: 0
Metric (Search):100.0
Planning Time (msec): 103
Heuristic Time (msec): 5
Search Time (msec): 88
Expanded Nodes:109
States Evaluated:126
Number of Dead-Ends detected:0
Number of Duplicates detected:67
/usr/bin/time -v timeout 600 java -Xmx64g -jar ./enhsp3.jar -o ./domain_framed_autonomy_process_reset.pddl -f ./problems/a20g6-prefix-non-conforming-1-a20g6_3_timed_data/problem2.pddl -h blind -s WAStar
Domain parsed
Problem parsed
Grounding..
Grounding Time: 6123
UFX:true
|F|:16860
|X|:12
Heuristic Problem Creation
|A|:534
|P|:2
|E|:0
Delta time heuristic model:1.0
Delta time planning model:1.0
Delta time search-execution model:1.0
Delta time validation model:1
h(I):0.0
f(n) = 100.0 (Expanded Nodes: 4, Evaluated States: 4, Time: 0.022) Frontier Size: 0
Extracting plan with execution delta: 1.0
Problem Solved

Found Plan:
0: (validate_payload t0 a1 t1)
0: (sync_actions t0 t1 a1)
0: (reset pn)
0: (add_action a10)
0: (check_added_parameter_model a10)
0: (add_move_automata a10)
0: (stop_wait)
0: (add_action a6)
0: (check_added_parameter_model a6)
0: (add_move_automata a6)
0: (stop_wait)
0: (add_action a7)
0: (check_added_parameter_model a7)
0: (add_move_automata a7)
0: (stop_wait)
0: (add_action a8)
0: (check_added_parameter_model a8)
0: (add_move_automata a8)
0: (stop_wait)
0: (add_action a9)
0: (check_added_parameter_model a9)
0: (add_move_automata a9)
0: (stop_wait)
0: (add_action a11)
0: (check_added_parameter_model a11)
0: (add_move_automata a11)
0: (stop_wait)
0: (add_action a14)
0: (check_added_parameter_model a14)
0: (add_move_automata a14)
0: (stop_wait)
0: (add_action a2)
0: (check_added_parameter_model a2)
0: (add_move_automata a2)
0: (stop_wait)
0: (add_action a15)
0: (check_added_parameter_model a15)
0: (add_move_automata a15)
0: (stop_wait)
0: (add_action a5)
0: (check_added_parameter_model a5)
0: (add_move_automata a5)
0: (stop_wait)
0: (add_action a0)
0: (check_added_parameter_model a0)
0: (add_move_automata a0)
0: (stop_wait)
0: (add_action a1)
0: (check_added_parameter_model a1)
0: (add_move_automata a1)

Plan-Length:50
Elapsed Time: 0
Metric (Search):100.0
Planning Time (msec): 103
Heuristic Time (msec): 7
Search Time (msec): 93
Expanded Nodes:109
States Evaluated:126
Number of Dead-Ends detected:0
Number of Duplicates detected:67
/usr/bin/time -v timeout 600 java -Xmx64g -jar ./enhsp3.jar -o ./domain_framed_autonomy_process_reset.pddl -f ./problems/a20g6-prefix-non-conforming-1-a20g6_3_timed_data/problem3.pddl -h blind -s WAStar
Domain parsed
Problem parsed
Grounding..
Grounding Time: 5888
UFX:true
|F|:16860
|X|:12
Heuristic Problem Creation
|A|:534
|P|:2
|E|:0
Delta time heuristic model:1.0
Delta time planning model:1.0
Delta time search-execution model:1.0
Delta time validation model:1
h(I):0.0
f(n) = 100.0 (Expanded Nodes: 4, Evaluated States: 4, Time: 0.019) Frontier Size: 0
Extracting plan with execution delta: 1.0
Problem Solved

Found Plan:
0: (validate_payload t0 a1 t1)
0: (sync_actions t0 t1 a1)
0: (reset pn)
0: (add_action a10)
0: (check_added_parameter_model a10)
0: (add_move_automata a10)
0: (stop_wait)
0: (add_action a6)
0: (check_added_parameter_model a6)
0: (add_move_automata a6)
0: (stop_wait)
0: (add_action a7)
0: (check_added_parameter_model a7)
0: (add_move_automata a7)
0: (stop_wait)
0: (add_action a8)
0: (check_added_parameter_model a8)
0: (add_move_automata a8)
0: (stop_wait)
0: (add_action a9)
0: (check_added_parameter_model a9)
0: (add_move_automata a9)
0: (stop_wait)
0: (add_action a11)
0: (check_added_parameter_model a11)
0: (add_move_automata a11)
0: (stop_wait)
0: (add_action a14)
0: (check_added_parameter_model a14)
0: (add_move_automata a14)
0: (stop_wait)
0: (add_action a2)
0: (check_added_parameter_model a2)
0: (add_move_automata a2)
0: (stop_wait)
0: (add_action a15)
0: (check_added_parameter_model a15)
0: (add_move_automata a15)
0: (stop_wait)
0: (add_action a5)
0: (check_added_parameter_model a5)
0: (add_move_automata a5)
0: (stop_wait)
0: (add_action a0)
0: (check_added_parameter_model a0)
0: (add_move_automata a0)
0: (stop_wait)
0: (add_action a1)
0: (check_added_parameter_model a1)
0: (add_move_automata a1)

Plan-Length:50
Elapsed Time: 0
Metric (Search):100.0
Planning Time (msec): 110
Heuristic Time (msec): 2
Search Time (msec): 95
Expanded Nodes:109
States Evaluated:126
Number of Dead-Ends detected:0
Number of Duplicates detected:67
/usr/bin/time -v timeout 600 java -Xmx64g -jar ./enhsp3.jar -o ./domain_framed_autonomy_process_reset.pddl -f ./problems/a20g6-prefix-non-conforming-1-a20g6_3_timed_data/problem4.pddl -h blind -s WAStar
Domain parsed
Problem parsed
Grounding..
Grounding Time: 5913
UFX:true
|F|:16860
|X|:12
Heuristic Problem Creation
|A|:534
|P|:2
|E|:0
Delta time heuristic model:1.0
Delta time planning model:1.0
Delta time search-execution model:1.0
Delta time validation model:1
h(I):0.0
f(n) = 100.0 (Expanded Nodes: 4, Evaluated States: 4, Time: 0.018) Frontier Size: 0
Extracting plan with execution delta: 1.0
Problem Solved

Found Plan:
0: (validate_payload t0 a1 t1)
0: (sync_actions t0 t1 a1)
0: (reset pn)
0: (add_action a10)
0: (check_added_parameter_model a10)
0: (add_move_automata a10)
0: (stop_wait)
0: (add_action a6)
0: (check_added_parameter_model a6)
0: (add_move_automata a6)
0: (stop_wait)
0: (add_action a7)
0: (check_added_parameter_model a7)
0: (add_move_automata a7)
0: (stop_wait)
0: (add_action a8)
0: (check_added_parameter_model a8)
0: (add_move_automata a8)
0: (stop_wait)
0: (add_action a9)
0: (check_added_parameter_model a9)
0: (add_move_automata a9)
0: (stop_wait)
0: (add_action a11)
0: (check_added_parameter_model a11)
0: (add_move_automata a11)
0: (stop_wait)
0: (add_action a14)
0: (check_added_parameter_model a14)
0: (add_move_automata a14)
0: (stop_wait)
0: (add_action a2)
0: (check_added_parameter_model a2)
0: (add_move_automata a2)
0: (stop_wait)
0: (add_action a15)
0: (check_added_parameter_model a15)
0: (add_move_automata a15)
0: (stop_wait)
0: (add_action a5)
0: (check_added_parameter_model a5)
0: (add_move_automata a5)
0: (stop_wait)
0: (add_action a0)
0: (check_added_parameter_model a0)
0: (add_move_automata a0)
0: (stop_wait)
0: (add_action a1)
0: (check_added_parameter_model a1)
0: (add_move_automata a1)

Plan-Length:50
Elapsed Time: 0
Metric (Search):100.0
Planning Time (msec): 99
Heuristic Time (msec): 6
Search Time (msec): 91
Expanded Nodes:109
States Evaluated:126
Number of Dead-Ends detected:0
Number of Duplicates detected:67
/usr/bin/time -v timeout 600 java -Xmx64g -jar ./enhsp3.jar -o ./domain_framed_autonomy_process_reset.pddl -f ./problems/a20g6-prefix-non-conforming-1-a20g6_3_timed_data/problem5.pddl -h blind -s WAStar
Domain parsed
Problem parsed
Grounding..
Grounding Time: 5821
UFX:true
|F|:16860
|X|:12
Heuristic Problem Creation
|A|:534
|P|:2
|E|:0
Delta time heuristic model:1.0
Delta time planning model:1.0
Delta time search-execution model:1.0
Delta time validation model:1
h(I):0.0
f(n) = 100.0 (Expanded Nodes: 4, Evaluated States: 4, Time: 0.017) Frontier Size: 0
Extracting plan with execution delta: 1.0
Problem Solved

Found Plan:
0: (validate_payload t0 a1 t1)
0: (sync_actions t0 t1 a1)
0: (reset pn)
0: (add_action a10)
0: (check_added_parameter_model a10)
0: (add_move_automata a10)
0: (stop_wait)
0: (add_action a6)
0: (check_added_parameter_model a6)
0: (add_move_automata a6)
0: (stop_wait)
0: (add_action a7)
0: (check_added_parameter_model a7)
0: (add_move_automata a7)
0: (stop_wait)
0: (add_action a8)
0: (check_added_parameter_model a8)
0: (add_move_automata a8)
0: (stop_wait)
0: (add_action a9)
0: (check_added_parameter_model a9)
0: (add_move_automata a9)
0: (stop_wait)
0: (add_action a11)
0: (check_added_parameter_model a11)
0: (add_move_automata a11)
0: (stop_wait)
0: (add_action a14)
0: (check_added_parameter_model a14)
0: (add_move_automata a14)
0: (stop_wait)
0: (add_action a2)
0: (check_added_parameter_model a2)
0: (add_move_automata a2)
0: (stop_wait)
0: (add_action a15)
0: (check_added_parameter_model a15)
0: (add_move_automata a15)
0: (stop_wait)
0: (add_action a5)
0: (check_added_parameter_model a5)
0: (add_move_automata a5)
0: (stop_wait)
0: (add_action a0)
0: (check_added_parameter_model a0)
0: (add_move_automata a0)
0: (stop_wait)
0: (add_action a1)
0: (check_added_parameter_model a1)
0: (add_move_automata a1)

Plan-Length:50
Elapsed Time: 0
Metric (Search):100.0
Planning Time (msec): 102
Heuristic Time (msec): 1
Search Time (msec): 88
Expanded Nodes:109
States Evaluated:126
Number of Dead-Ends detected:0
Number of Duplicates detected:67
/usr/bin/time -v timeout 600 java -Xmx64g -jar ./enhsp3.jar -o ./domain_framed_autonomy_process_reset.pddl -f ./problems/a20g6-prefix-non-conforming-1-a20g6_3_timed_data/problem6.pddl -h blind -s WAStar
Domain parsed
Problem parsed
Grounding..
Grounding Time: 6058
UFX:true
|F|:16860
|X|:12
Heuristic Problem Creation
|A|:534
|P|:2
|E|:0
Delta time heuristic model:1.0
Delta time planning model:1.0
Delta time search-execution model:1.0
Delta time validation model:1
h(I):0.0
f(n) = 100.0 (Expanded Nodes: 4, Evaluated States: 4, Time: 0.021) Frontier Size: 0
Extracting plan with execution delta: 1.0
Problem Solved

Found Plan:
0: (validate_payload t0 a1 t1)
0: (sync_actions t0 t1 a1)
0: (reset pn)
0: (add_action a10)
0: (check_added_parameter_model a10)
0: (add_move_automata a10)
0: (stop_wait)
0: (add_action a6)
0: (check_added_parameter_model a6)
0: (add_move_automata a6)
0: (stop_wait)
0: (add_action a7)
0: (check_added_parameter_model a7)
0: (add_move_automata a7)
0: (stop_wait)
0: (add_action a8)
0: (check_added_parameter_model a8)
0: (add_move_automata a8)
0: (stop_wait)
0: (add_action a9)
0: (check_added_parameter_model a9)
0: (add_move_automata a9)
0: (stop_wait)
0: (add_action a11)
0: (check_added_parameter_model a11)
0: (add_move_automata a11)
0: (stop_wait)
0: (add_action a14)
0: (check_added_parameter_model a14)
0: (add_move_automata a14)
0: (stop_wait)
0: (add_action a2)
0: (check_added_parameter_model a2)
0: (add_move_automata a2)
0: (stop_wait)
0: (add_action a15)
0: (check_added_parameter_model a15)
0: (add_move_automata a15)
0: (stop_wait)
0: (add_action a5)
0: (check_added_parameter_model a5)
0: (add_move_automata a5)
0: (stop_wait)
0: (add_action a0)
0: (check_added_parameter_model a0)
0: (add_move_automata a0)
0: (stop_wait)
0: (add_action a1)
0: (check_added_parameter_model a1)
0: (add_move_automata a1)

Plan-Length:50
Elapsed Time: 0
Metric (Search):100.0
Planning Time (msec): 100
Heuristic Time (msec): 6
Search Time (msec): 97
Expanded Nodes:109
States Evaluated:126
Number of Dead-Ends detected:0
Number of Duplicates detected:67
/usr/bin/time -v timeout 600 java -Xmx64g -jar ./enhsp3.jar -o ./domain_framed_autonomy_process_reset.pddl -f ./problems/a20g6-prefix-non-conforming-1-a20g6_3_timed_data/problem7.pddl -h blind -s WAStar
Domain parsed
Problem parsed
Grounding..
Grounding Time: 5999
UFX:true
|F|:16860
|X|:12
Heuristic Problem Creation
|A|:534
|P|:2
|E|:0
Delta time heuristic model:1.0
Delta time planning model:1.0
Delta time search-execution model:1.0
Delta time validation model:1
h(I):0.0
f(n) = 100.0 (Expanded Nodes: 4, Evaluated States: 4, Time: 0.029) Frontier Size: 0
Extracting plan with execution delta: 1.0
Problem Solved

Found Plan:
0: (validate_payload t0 a1 t1)
0: (sync_actions t0 t1 a1)
0: (reset pn)
0: (add_action a10)
0: (check_added_parameter_model a10)
0: (add_move_automata a10)
0: (stop_wait)
0: (add_action a6)
0: (check_added_parameter_model a6)
0: (add_move_automata a6)
0: (stop_wait)
0: (add_action a7)
0: (check_added_parameter_model a7)
0: (add_move_automata a7)
0: (stop_wait)
0: (add_action a8)
0: (check_added_parameter_model a8)
0: (add_move_automata a8)
0: (stop_wait)
0: (add_action a9)
0: (check_added_parameter_model a9)
0: (add_move_automata a9)
0: (stop_wait)
0: (add_action a11)
0: (check_added_parameter_model a11)
0: (add_move_automata a11)
0: (stop_wait)
0: (add_action a14)
0: (check_added_parameter_model a14)
0: (add_move_automata a14)
0: (stop_wait)
0: (add_action a2)
0: (check_added_parameter_model a2)
0: (add_move_automata a2)
0: (stop_wait)
0: (add_action a15)
0: (check_added_parameter_model a15)
0: (add_move_automata a15)
0: (stop_wait)
0: (add_action a5)
0: (check_added_parameter_model a5)
0: (add_move_automata a5)
0: (stop_wait)
0: (add_action a0)
0: (check_added_parameter_model a0)
0: (add_move_automata a0)
0: (stop_wait)
0: (add_action a1)
0: (check_added_parameter_model a1)
0: (add_move_automata a1)

Plan-Length:50
Elapsed Time: 0
Metric (Search):100.0
Planning Time (msec): 112
Heuristic Time (msec): 9
Search Time (msec): 108
Expanded Nodes:109
States Evaluated:126
Number of Dead-Ends detected:0
Number of Duplicates detected:67
/usr/bin/time -v timeout 600 java -Xmx64g -jar ./enhsp3.jar -o ./domain_framed_autonomy_process_reset.pddl -f ./problems/a20g6-prefix-non-conforming-1-a20g6_3_timed_data/problem8.pddl -h blind -s WAStar
Domain parsed
Problem parsed
Grounding..
Grounding Time: 5621
UFX:true
|F|:16860
|X|:12
Heuristic Problem Creation
|A|:534
|P|:2
|E|:0
Delta time heuristic model:1.0
Delta time planning model:1.0
Delta time search-execution model:1.0
Delta time validation model:1
h(I):0.0
f(n) = 100.0 (Expanded Nodes: 4, Evaluated States: 4, Time: 0.023) Frontier Size: 0
Extracting plan with execution delta: 1.0
Problem Solved

Found Plan:
0: (validate_payload t0 a1 t1)
0: (sync_actions t0 t1 a1)
0: (reset pn)
0: (add_action a10)
0: (check_added_parameter_model a10)
0: (add_move_automata a10)
0: (stop_wait)
0: (add_action a6)
0: (check_added_parameter_model a6)
0: (add_move_automata a6)
0: (stop_wait)
0: (add_action a7)
0: (check_added_parameter_model a7)
0: (add_move_automata a7)
0: (stop_wait)
0: (add_action a8)
0: (check_added_parameter_model a8)
0: (add_move_automata a8)
0: (stop_wait)
0: (add_action a9)
0: (check_added_parameter_model a9)
0: (add_move_automata a9)
0: (stop_wait)
0: (add_action a11)
0: (check_added_parameter_model a11)
0: (add_move_automata a11)
0: (stop_wait)
0: (add_action a14)
0: (check_added_parameter_model a14)
0: (add_move_automata a14)
0: (stop_wait)
0: (add_action a2)
0: (check_added_parameter_model a2)
0: (add_move_automata a2)
0: (stop_wait)
0: (add_action a15)
0: (check_added_parameter_model a15)
0: (add_move_automata a15)
0: (stop_wait)
0: (add_action a5)
0: (check_added_parameter_model a5)
0: (add_move_automata a5)
0: (stop_wait)
0: (add_action a0)
0: (check_added_parameter_model a0)
0: (add_move_automata a0)
0: (stop_wait)
0: (add_action a1)
0: (check_added_parameter_model a1)
0: (add_move_automata a1)

Plan-Length:50
Elapsed Time: 0
Metric (Search):100.0
Planning Time (msec): 105
Heuristic Time (msec): 11
Search Time (msec): 95
Expanded Nodes:109
States Evaluated:126
Number of Dead-Ends detected:0
Number of Duplicates detected:67
/usr/bin/time -v timeout 600 java -Xmx64g -jar ./enhsp3.jar -o ./domain_framed_autonomy_process_reset.pddl -f ./problems/a20g6-prefix-non-conforming-1-a20g6_3_timed_data/problem9.pddl -h blind -s WAStar
Domain parsed
Problem parsed
Grounding..
Grounding Time: 6467
UFX:true
|F|:16860
|X|:12
Heuristic Problem Creation
|A|:534
|P|:2
|E|:0
Delta time heuristic model:1.0
Delta time planning model:1.0
Delta time search-execution model:1.0
Delta time validation model:1
h(I):0.0
f(n) = 100.0 (Expanded Nodes: 4, Evaluated States: 4, Time: 0.019) Frontier Size: 0
Extracting plan with execution delta: 1.0
Problem Solved

Found Plan:
0: (validate_payload t0 a1 t1)
0: (sync_actions t0 t1 a1)
0: (reset pn)
0: (add_action a10)
0: (check_added_parameter_model a10)
0: (add_move_automata a10)
0: (stop_wait)
0: (add_action a6)
0: (check_added_parameter_model a6)
0: (add_move_automata a6)
0: (stop_wait)
0: (add_action a7)
0: (check_added_parameter_model a7)
0: (add_move_automata a7)
0: (stop_wait)
0: (add_action a8)
0: (check_added_parameter_model a8)
0: (add_move_automata a8)
0: (stop_wait)
0: (add_action a9)
0: (check_added_parameter_model a9)
0: (add_move_automata a9)
0: (stop_wait)
0: (add_action a11)
0: (check_added_parameter_model a11)
0: (add_move_automata a11)
0: (stop_wait)
0: (add_action a14)
0: (check_added_parameter_model a14)
0: (add_move_automata a14)
0: (stop_wait)
0: (add_action a2)
0: (check_added_parameter_model a2)
0: (add_move_automata a2)
0: (stop_wait)
0: (add_action a15)
0: (check_added_parameter_model a15)
0: (add_move_automata a15)
0: (stop_wait)
0: (add_action a5)
0: (check_added_parameter_model a5)
0: (add_move_automata a5)
0: (stop_wait)
0: (add_action a0)
0: (check_added_parameter_model a0)
0: (add_move_automata a0)
0: (stop_wait)
0: (add_action a1)
0: (check_added_parameter_model a1)
0: (add_move_automata a1)

Plan-Length:50
Elapsed Time: 0
Metric (Search):100.0
Planning Time (msec): 105
Heuristic Time (msec): 8
Search Time (msec): 97
Expanded Nodes:109
States Evaluated:126
Number of Dead-Ends detected:0
Number of Duplicates detected:67
/usr/bin/time -v timeout 600 java -Xmx64g -jar ./enhsp3.jar -o ./domain_framed_autonomy_process_reset.pddl -f ./problems/a20g6-prefix-non-conforming-1-a20g6_3_timed_data/problem10.pddl -h blind -s WAStar
Domain parsed
Problem parsed
Grounding..
Grounding Time: 5952
UFX:true
|F|:16860
|X|:12
Heuristic Problem Creation
|A|:534
|P|:2
|E|:0
Delta time heuristic model:1.0
Delta time planning model:1.0
Delta time search-execution model:1.0
Delta time validation model:1
h(I):0.0
f(n) = 100.0 (Expanded Nodes: 4, Evaluated States: 4, Time: 0.024) Frontier Size: 0
Extracting plan with execution delta: 1.0
Problem Solved

Found Plan:
0: (validate_payload t0 a1 t1)
0: (sync_actions t0 t1 a1)
0: (reset pn)
0: (add_action a10)
0: (check_added_parameter_model a10)
0: (add_move_automata a10)
0: (stop_wait)
0: (add_action a6)
0: (check_added_parameter_model a6)
0: (add_move_automata a6)
0: (stop_wait)
0: (add_action a7)
0: (check_added_parameter_model a7)
0: (add_move_automata a7)
0: (stop_wait)
0: (add_action a8)
0: (check_added_parameter_model a8)
0: (add_move_automata a8)
0: (stop_wait)
0: (add_action a9)
0: (check_added_parameter_model a9)
0: (add_move_automata a9)
0: (stop_wait)
0: (add_action a11)
0: (check_added_parameter_model a11)
0: (add_move_automata a11)
0: (stop_wait)
0: (add_action a14)
0: (check_added_parameter_model a14)
0: (add_move_automata a14)
0: (stop_wait)
0: (add_action a2)
0: (check_added_parameter_model a2)
0: (add_move_automata a2)
0: (stop_wait)
0: (add_action a15)
0: (check_added_parameter_model a15)
0: (add_move_automata a15)
0: (stop_wait)
0: (add_action a5)
0: (check_added_parameter_model a5)
0: (add_move_automata a5)
0: (stop_wait)
0: (add_action a0)
0: (check_added_parameter_model a0)
0: (add_move_automata a0)
0: (stop_wait)
0: (add_action a1)
0: (check_added_parameter_model a1)
0: (add_move_automata a1)

Plan-Length:50
Elapsed Time: 0
Metric (Search):100.0
Planning Time (msec): 98
Heuristic Time (msec): 6
Search Time (msec): 94
Expanded Nodes:109
States Evaluated:126
Number of Dead-Ends detected:0
Number of Duplicates detected:67
Loading openjdk/17.0.8.1_1
  Loading requirement: glibc/2.35-aocc-3.2.0-wetwhfr
    gcc-runtime/12.1.0-gcc-12.1.0-uotjsm3 glibc/2.35-aocc-3.2.0-dkzxmta
	Command being timed: "timeout 600 java -Xmx64g -jar ./enhsp3.jar -o ./domain_framed_autonomy_process_reset.pddl -f ./problems/a20g6-prefix-non-conforming-1-a20g6_3_timed_data/problem1.pddl -h blind -s WAStar -dap -dl 1500"
	User time (seconds): 12.60
	System time (seconds): 0.71
	Percent of CPU this job got: 99%
	Elapsed (wall clock) time (h:mm:ss or m:ss): 0:13.35
	Average shared text size (kbytes): 0
	Average unshared data size (kbytes): 0
	Average stack size (kbytes): 0
	Average total size (kbytes): 0
	Maximum resident set size (kbytes): 1298092
	Average resident set size (kbytes): 0
	Major (requiring I/O) page faults: 0
	Minor (reclaiming a frame) page faults: 612498
	Voluntary context switches: 2761
	Involuntary context switches: 3504
	Swaps: 0
	File system inputs: 0
	File system outputs: 128
	Socket messages sent: 0
	Socket messages received: 0
	Signals delivered: 0
	Page size (bytes): 4096
	Exit status: 0
	Command being timed: "timeout 600 java -Xmx64g -jar ./enhsp3.jar -o ./domain_framed_autonomy_process_reset.pddl -f ./problems/a20g6-prefix-non-conforming-1-a20g6_3_timed_data/problem2.pddl -h blind -s WAStar -dap -dl 1500"
	User time (seconds): 13.03
	System time (seconds): 0.67
	Percent of CPU this job got: 99%
	Elapsed (wall clock) time (h:mm:ss or m:ss): 0:13.74
	Average shared text size (kbytes): 0
	Average unshared data size (kbytes): 0
	Average stack size (kbytes): 0
	Average total size (kbytes): 0
	Maximum resident set size (kbytes): 1300920
	Average resident set size (kbytes): 0
	Major (requiring I/O) page faults: 0
	Minor (reclaiming a frame) page faults: 622447
	Voluntary context switches: 2883
	Involuntary context switches: 3730
	Swaps: 0
	File system inputs: 0
	File system outputs: 160
	Socket messages sent: 0
	Socket messages received: 0
	Signals delivered: 0
	Page size (bytes): 4096
	Exit status: 0
	Command being timed: "timeout 600 java -Xmx64g -jar ./enhsp3.jar -o ./domain_framed_autonomy_process_reset.pddl -f ./problems/a20g6-prefix-non-conforming-1-a20g6_3_timed_data/problem3.pddl -h blind -s WAStar -dap -dl 1500"
	User time (seconds): 13.15
	System time (seconds): 0.65
	Percent of CPU this job got: 99%
	Elapsed (wall clock) time (h:mm:ss or m:ss): 0:13.83
	Average shared text size (kbytes): 0
	Average unshared data size (kbytes): 0
	Average stack size (kbytes): 0
	Average total size (kbytes): 0
	Maximum resident set size (kbytes): 1299964
	Average resident set size (kbytes): 0
	Major (requiring I/O) page faults: 0
	Minor (reclaiming a frame) page faults: 610598
	Voluntary context switches: 2679
	Involuntary context switches: 3629
	Swaps: 0
	File system inputs: 0
	File system outputs: 128
	Socket messages sent: 0
	Socket messages received: 0
	Signals delivered: 0
	Page size (bytes): 4096
	Exit status: 0
	Command being timed: "timeout 600 java -Xmx64g -jar ./enhsp3.jar -o ./domain_framed_autonomy_process_reset.pddl -f ./problems/a20g6-prefix-non-conforming-1-a20g6_3_timed_data/problem4.pddl -h blind -s WAStar -dap -dl 1500"
	User time (seconds): 12.96
	System time (seconds): 0.64
	Percent of CPU this job got: 99%
	Elapsed (wall clock) time (h:mm:ss or m:ss): 0:13.64
	Average shared text size (kbytes): 0
	Average unshared data size (kbytes): 0
	Average stack size (kbytes): 0
	Average total size (kbytes): 0
	Maximum resident set size (kbytes): 1293056
	Average resident set size (kbytes): 0
	Major (requiring I/O) page faults: 0
	Minor (reclaiming a frame) page faults: 614958
	Voluntary context switches: 2867
	Involuntary context switches: 3742
	Swaps: 0
	File system inputs: 0
	File system outputs: 160
	Socket messages sent: 0
	Socket messages received: 0
	Signals delivered: 0
	Page size (bytes): 4096
	Exit status: 0
	Command being timed: "timeout 600 java -Xmx64g -jar ./enhsp3.jar -o ./domain_framed_autonomy_process_reset.pddl -f ./problems/a20g6-prefix-non-conforming-1-a20g6_3_timed_data/problem5.pddl -h blind -s WAStar -dap -dl 1500"
	User time (seconds): 12.73
	System time (seconds): 0.62
	Percent of CPU this job got: 99%
	Elapsed (wall clock) time (h:mm:ss or m:ss): 0:13.40
	Average shared text size (kbytes): 0
	Average unshared data size (kbytes): 0
	Average stack size (kbytes): 0
	Average total size (kbytes): 0
	Maximum resident set size (kbytes): 1291964
	Average resident set size (kbytes): 0
	Major (requiring I/O) page faults: 0
	Minor (reclaiming a frame) page faults: 609854
	Voluntary context switches: 2744
	Involuntary context switches: 3502
	Swaps: 0
	File system inputs: 0
	File system outputs: 152
	Socket messages sent: 0
	Socket messages received: 0
	Signals delivered: 0
	Page size (bytes): 4096
	Exit status: 0
	Command being timed: "timeout 600 java -Xmx64g -jar ./enhsp3.jar -o ./domain_framed_autonomy_process_reset.pddl -f ./problems/a20g6-prefix-non-conforming-1-a20g6_3_timed_data/problem6.pddl -h blind -s WAStar -dap -dl 1500"
	User time (seconds): 13.02
	System time (seconds): 0.65
	Percent of CPU this job got: 99%
	Elapsed (wall clock) time (h:mm:ss or m:ss): 0:13.71
	Average shared text size (kbytes): 0
	Average unshared data size (kbytes): 0
	Average stack size (kbytes): 0
	Average total size (kbytes): 0
	Maximum resident set size (kbytes): 1299816
	Average resident set size (kbytes): 0
	Major (requiring I/O) page faults: 0
	Minor (reclaiming a frame) page faults: 615227
	Voluntary context switches: 2999
	Involuntary context switches: 3817
	Swaps: 0
	File system inputs: 0
	File system outputs: 136
	Socket messages sent: 0
	Socket messages received: 0
	Signals delivered: 0
	Page size (bytes): 4096
	Exit status: 0
	Command being timed: "timeout 600 java -Xmx64g -jar ./enhsp3.jar -o ./domain_framed_autonomy_process_reset.pddl -f ./problems/a20g6-prefix-non-conforming-1-a20g6_3_timed_data/problem7.pddl -h blind -s WAStar -dap -dl 1500"
	User time (seconds): 12.82
	System time (seconds): 0.64
	Percent of CPU this job got: 99%
	Elapsed (wall clock) time (h:mm:ss or m:ss): 0:13.50
	Average shared text size (kbytes): 0
	Average unshared data size (kbytes): 0
	Average stack size (kbytes): 0
	Average total size (kbytes): 0
	Maximum resident set size (kbytes): 1297852
	Average resident set size (kbytes): 0
	Major (requiring I/O) page faults: 0
	Minor (reclaiming a frame) page faults: 621204
	Voluntary context switches: 2604
	Involuntary context switches: 3535
	Swaps: 0
	File system inputs: 0
	File system outputs: 152
	Socket messages sent: 0
	Socket messages received: 0
	Signals delivered: 0
	Page size (bytes): 4096
	Exit status: 0
	Command being timed: "timeout 600 java -Xmx64g -jar ./enhsp3.jar -o ./domain_framed_autonomy_process_reset.pddl -f ./problems/a20g6-prefix-non-conforming-1-a20g6_3_timed_data/problem8.pddl -h blind -s WAStar -dap -dl 1500"
	User time (seconds): 12.50
	System time (seconds): 0.66
	Percent of CPU this job got: 99%
	Elapsed (wall clock) time (h:mm:ss or m:ss): 0:13.18
	Average shared text size (kbytes): 0
	Average unshared data size (kbytes): 0
	Average stack size (kbytes): 0
	Average total size (kbytes): 0
	Maximum resident set size (kbytes): 1291192
	Average resident set size (kbytes): 0
	Major (requiring I/O) page faults: 0
	Minor (reclaiming a frame) page faults: 609214
	Voluntary context switches: 2698
	Involuntary context switches: 3485
	Swaps: 0
	File system inputs: 0
	File system outputs: 160
	Socket messages sent: 0
	Socket messages received: 0
	Signals delivered: 0
	Page size (bytes): 4096
	Exit status: 0
	Command being timed: "timeout 600 java -Xmx64g -jar ./enhsp3.jar -o ./domain_framed_autonomy_process_reset.pddl -f ./problems/a20g6-prefix-non-conforming-1-a20g6_3_timed_data/problem9.pddl -h blind -s WAStar -dap -dl 1500"
	User time (seconds): 13.22
	System time (seconds): 0.64
	Percent of CPU this job got: 99%
	Elapsed (wall clock) time (h:mm:ss or m:ss): 0:13.90
	Average shared text size (kbytes): 0
	Average unshared data size (kbytes): 0
	Average stack size (kbytes): 0
	Average total size (kbytes): 0
	Maximum resident set size (kbytes): 1294648
	Average resident set size (kbytes): 0
	Major (requiring I/O) page faults: 0
	Minor (reclaiming a frame) page faults: 605310
	Voluntary context switches: 3166
	Involuntary context switches: 3993
	Swaps: 0
	File system inputs: 0
	File system outputs: 128
	Socket messages sent: 0
	Socket messages received: 0
	Signals delivered: 0
	Page size (bytes): 4096
	Exit status: 0
	Command being timed: "timeout 600 java -Xmx64g -jar ./enhsp3.jar -o ./domain_framed_autonomy_process_reset.pddl -f ./problems/a20g6-prefix-non-conforming-1-a20g6_3_timed_data/problem10.pddl -h blind -s WAStar -dap -dl 1500"
	User time (seconds): 13.09
	System time (seconds): 0.66
	Percent of CPU this job got: 99%
	Elapsed (wall clock) time (h:mm:ss or m:ss): 0:13.80
	Average shared text size (kbytes): 0
	Average unshared data size (kbytes): 0
	Average stack size (kbytes): 0
	Average total size (kbytes): 0
	Maximum resident set size (kbytes): 1299672
	Average resident set size (kbytes): 0
	Major (requiring I/O) page faults: 0
	Minor (reclaiming a frame) page faults: 618830
	Voluntary context switches: 2741
	Involuntary context switches: 3743
	Swaps: 0
	File system inputs: 0
	File system outputs: 160
	Socket messages sent: 0
	Socket messages received: 0
	Signals delivered: 0
	Page size (bytes): 4096
	Exit status: 0
