/usr/bin/time -v timeout 600 java -Xmx64g -jar ./enhsp3.jar -o ./domain_framed_autonomy_process_reset.pddl -f ./problems/a20g6-prefix-3-a20g6_7_data/problem1.pddl -h blind -s WAStar
Domain parsed
Problem parsed
Grounding..
Grounding Time: 14048
UFX:true
|F|:28935
|X|:22
Heuristic Problem Creation
|A|:1230
|P|:2
|E|:0
Delta time heuristic model:1.0
Delta time planning model:1.0
Delta time search-execution model:1.0
Delta time validation model:1
h(I):0.0
f(n) = 1.0 (Expanded Nodes: 5, Evaluated States: 6, Time: 0.025) Frontier Size: 1
f(n) = 2.0 (Expanded Nodes: 7, Evaluated States: 9, Time: 0.049) Frontier Size: 2
f(n) = 3.0 (Expanded Nodes: 9, Evaluated States: 12, Time: 0.05) Frontier Size: 3
f(n) = 4.0 (Expanded Nodes: 11, Evaluated States: 15, Time: 0.05) Frontier Size: 4
f(n) = 5.0 (Expanded Nodes: 13, Evaluated States: 18, Time: 0.051) Frontier Size: 5
f(n) = 6.0 (Expanded Nodes: 15, Evaluated States: 21, Time: 0.052) Frontier Size: 6
f(n) = 7.0 (Expanded Nodes: 17, Evaluated States: 24, Time: 0.053) Frontier Size: 7
f(n) = 8.0 (Expanded Nodes: 19, Evaluated States: 27, Time: 0.057) Frontier Size: 8
f(n) = 9.0 (Expanded Nodes: 21, Evaluated States: 30, Time: 0.057) Frontier Size: 9
f(n) = 10.0 (Expanded Nodes: 23, Evaluated States: 33, Time: 0.058) Frontier Size: 10
f(n) = 11.0 (Expanded Nodes: 25, Evaluated States: 36, Time: 0.059) Frontier Size: 11
f(n) = 12.0 (Expanded Nodes: 27, Evaluated States: 39, Time: 0.063) Frontier Size: 12
f(n) = 13.0 (Expanded Nodes: 29, Evaluated States: 42, Time: 0.064) Frontier Size: 13
f(n) = 14.0 (Expanded Nodes: 31, Evaluated States: 45, Time: 0.065) Frontier Size: 14
f(n) = 15.0 (Expanded Nodes: 33, Evaluated States: 48, Time: 0.065) Frontier Size: 15
f(n) = 16.0 (Expanded Nodes: 35, Evaluated States: 51, Time: 0.066) Frontier Size: 16
f(n) = 17.0 (Expanded Nodes: 37, Evaluated States: 54, Time: 0.073) Frontier Size: 17
f(n) = 18.0 (Expanded Nodes: 39, Evaluated States: 57, Time: 0.073) Frontier Size: 18
f(n) = 19.0 (Expanded Nodes: 41, Evaluated States: 60, Time: 0.074) Frontier Size: 19
f(n) = 20.0 (Expanded Nodes: 46, Evaluated States: 67, Time: 0.077) Frontier Size: 21
f(n) = 21.0 (Expanded Nodes: 48, Evaluated States: 70, Time: 0.081) Frontier Size: 22
f(n) = 22.0 (Expanded Nodes: 50, Evaluated States: 73, Time: 0.082) Frontier Size: 23
f(n) = 23.0 (Expanded Nodes: 52, Evaluated States: 76, Time: 0.082) Frontier Size: 24
f(n) = 24.0 (Expanded Nodes: 54, Evaluated States: 79, Time: 0.083) Frontier Size: 25
f(n) = 25.0 (Expanded Nodes: 56, Evaluated States: 82, Time: 0.083) Frontier Size: 26
f(n) = 26.0 (Expanded Nodes: 58, Evaluated States: 85, Time: 0.084) Frontier Size: 27
f(n) = 27.0 (Expanded Nodes: 60, Evaluated States: 88, Time: 0.084) Frontier Size: 28
f(n) = 28.0 (Expanded Nodes: 62, Evaluated States: 91, Time: 0.09) Frontier Size: 29
f(n) = 29.0 (Expanded Nodes: 64, Evaluated States: 94, Time: 0.091) Frontier Size: 30
f(n) = 30.0 (Expanded Nodes: 66, Evaluated States: 97, Time: 0.092) Frontier Size: 31
f(n) = 31.0 (Expanded Nodes: 68, Evaluated States: 100, Time: 0.092) Frontier Size: 32
f(n) = 32.0 (Expanded Nodes: 70, Evaluated States: 103, Time: 0.092) Frontier Size: 33
f(n) = 33.0 (Expanded Nodes: 72, Evaluated States: 106, Time: 0.093) Frontier Size: 34
Extracting plan with execution delta: 1.0
Problem Solved

Found Plan:
0: (validate_payload t0 a10 t1)
0: (sync_actions t0 t1 a10)
0: -----waiting---- [19.0]
19.0: (validate_payload t1 a6 t2)
19.0: (sync_actions t1 t2 a6)
19.0: -----waiting---- [33.0]
33.0: (validate_payload t2 a7 t3)
33.0: (sync_actions t2 t3 a7)
33.0: (add_action a8)
33.0: (check_added_parameter_model a8)
33.0: (add_move_automata a8)
33.0: (stop_wait)
33.0: (add_action a9)
33.0: (check_added_parameter_model a9)
33.0: (add_move_automata a9)
33.0: (stop_wait)
33.0: (add_action a11)
33.0: (add_parameter a11 sDEC2_1 categorical c2)
33.0: (check_added_parameter_model a11)
33.0: (add_move_automata a11)
33.0: (stop_wait)
33.0: (add_action a14)
33.0: (check_added_parameter_model a14)
33.0: (add_move_automata a14)
33.0: (stop_wait)
33.0: (add_action a2)
33.0: (check_added_parameter_model a2)
33.0: (add_move_automata a2)
33.0: (stop_wait)
33.0: (add_action a15)
33.0: (check_added_parameter_model a15)
33.0: (add_move_automata a15)
33.0: (stop_wait)
33.0: (add_action a5)
33.0: (check_added_parameter_model a5)
33.0: (add_move_automata a5)
33.0: (stop_wait)
33.0: (add_action a0)
33.0: (check_added_parameter_model a0)
33.0: (add_move_automata a0)
33.0: (stop_wait)
33.0: (add_action a1)
33.0: (check_added_parameter_model a1)
33.0: (add_move_automata a1)

Plan-Length:75
Elapsed Time: 33.0
Metric (Search):33.0
Planning Time (msec): 170
Heuristic Time (msec): 8
Search Time (msec): 163
Expanded Nodes:224
States Evaluated:280
Number of Dead-Ends detected:0
Number of Duplicates detected:110
/usr/bin/time -v timeout 600 java -Xmx64g -jar ./enhsp3.jar -o ./domain_framed_autonomy_process_reset.pddl -f ./problems/a20g6-prefix-3-a20g6_7_data/problem2.pddl -h blind -s WAStar
Domain parsed
Problem parsed
Grounding..
Grounding Time: 13727
UFX:true
|F|:28935
|X|:22
Heuristic Problem Creation
|A|:1230
|P|:2
|E|:0
Delta time heuristic model:1.0
Delta time planning model:1.0
Delta time search-execution model:1.0
Delta time validation model:1
h(I):0.0
f(n) = 1.0 (Expanded Nodes: 5, Evaluated States: 6, Time: 0.023) Frontier Size: 1
f(n) = 2.0 (Expanded Nodes: 7, Evaluated States: 9, Time: 0.046) Frontier Size: 2
f(n) = 3.0 (Expanded Nodes: 9, Evaluated States: 12, Time: 0.046) Frontier Size: 3
f(n) = 4.0 (Expanded Nodes: 11, Evaluated States: 15, Time: 0.047) Frontier Size: 4
f(n) = 5.0 (Expanded Nodes: 13, Evaluated States: 18, Time: 0.048) Frontier Size: 5
f(n) = 6.0 (Expanded Nodes: 15, Evaluated States: 21, Time: 0.053) Frontier Size: 6
f(n) = 7.0 (Expanded Nodes: 17, Evaluated States: 24, Time: 0.054) Frontier Size: 7
f(n) = 8.0 (Expanded Nodes: 19, Evaluated States: 27, Time: 0.054) Frontier Size: 8
f(n) = 9.0 (Expanded Nodes: 21, Evaluated States: 30, Time: 0.055) Frontier Size: 9
f(n) = 10.0 (Expanded Nodes: 23, Evaluated States: 33, Time: 0.055) Frontier Size: 10
f(n) = 11.0 (Expanded Nodes: 25, Evaluated States: 36, Time: 0.056) Frontier Size: 11
f(n) = 12.0 (Expanded Nodes: 27, Evaluated States: 39, Time: 0.06) Frontier Size: 12
f(n) = 13.0 (Expanded Nodes: 29, Evaluated States: 42, Time: 0.063) Frontier Size: 13
f(n) = 14.0 (Expanded Nodes: 31, Evaluated States: 45, Time: 0.063) Frontier Size: 14
f(n) = 15.0 (Expanded Nodes: 33, Evaluated States: 48, Time: 0.064) Frontier Size: 15
f(n) = 16.0 (Expanded Nodes: 35, Evaluated States: 51, Time: 0.065) Frontier Size: 16
f(n) = 17.0 (Expanded Nodes: 42, Evaluated States: 63, Time: 0.071) Frontier Size: 21
f(n) = 18.0 (Expanded Nodes: 46, Evaluated States: 71, Time: 0.077) Frontier Size: 25
f(n) = 19.0 (Expanded Nodes: 50, Evaluated States: 79, Time: 0.078) Frontier Size: 29
f(n) = 20.0 (Expanded Nodes: 54, Evaluated States: 87, Time: 0.079) Frontier Size: 33
f(n) = 21.0 (Expanded Nodes: 58, Evaluated States: 95, Time: 0.08) Frontier Size: 37
f(n) = 22.0 (Expanded Nodes: 62, Evaluated States: 103, Time: 0.088) Frontier Size: 41
f(n) = 23.0 (Expanded Nodes: 66, Evaluated States: 111, Time: 0.089) Frontier Size: 45
f(n) = 24.0 (Expanded Nodes: 70, Evaluated States: 119, Time: 0.089) Frontier Size: 49
f(n) = 25.0 (Expanded Nodes: 74, Evaluated States: 127, Time: 0.09) Frontier Size: 53
f(n) = 26.0 (Expanded Nodes: 78, Evaluated States: 135, Time: 0.091) Frontier Size: 57
f(n) = 27.0 (Expanded Nodes: 82, Evaluated States: 143, Time: 0.098) Frontier Size: 61
f(n) = 28.0 (Expanded Nodes: 86, Evaluated States: 151, Time: 0.099) Frontier Size: 65
f(n) = 29.0 (Expanded Nodes: 90, Evaluated States: 159, Time: 0.099) Frontier Size: 69
f(n) = 30.0 (Expanded Nodes: 94, Evaluated States: 167, Time: 0.1) Frontier Size: 73
f(n) = 31.0 (Expanded Nodes: 98, Evaluated States: 175, Time: 0.107) Frontier Size: 77
f(n) = 32.0 (Expanded Nodes: 102, Evaluated States: 183, Time: 0.108) Frontier Size: 81
f(n) = 33.0 (Expanded Nodes: 106, Evaluated States: 191, Time: 0.109) Frontier Size: 85
f(n) = 34.0 (Expanded Nodes: 110, Evaluated States: 199, Time: 0.109) Frontier Size: 89
f(n) = 35.0 (Expanded Nodes: 114, Evaluated States: 207, Time: 0.11) Frontier Size: 93
f(n) = 36.0 (Expanded Nodes: 118, Evaluated States: 215, Time: 0.117) Frontier Size: 97
f(n) = 37.0 (Expanded Nodes: 122, Evaluated States: 223, Time: 0.117) Frontier Size: 101
f(n) = 38.0 (Expanded Nodes: 126, Evaluated States: 231, Time: 0.118) Frontier Size: 105
f(n) = 39.0 (Expanded Nodes: 130, Evaluated States: 239, Time: 0.119) Frontier Size: 109
f(n) = 40.0 (Expanded Nodes: 134, Evaluated States: 247, Time: 0.119) Frontier Size: 113
Extracting plan with execution delta: 1.0
Problem Solved

Found Plan:
0: (validate_payload t0 a10 t1)
0: (sync_actions t0 t1 a10)
0: -----waiting---- [16.0]
16.0: (validate_payload t1 a16 t2)
16.0: (sync_actions t1 t2 a16)
16.0: -----waiting---- [40.0]
40.0: (validate_payload t2 a18 t3)
40.0: (sync_actions t2 t3 a18)
40.0: (add_action a19)
40.0: (check_added_parameter_model a19)
40.0: (add_move_automata a19)
40.0: (stop_wait)
40.0: (add_action a17)
40.0: (check_added_parameter_model a17)
40.0: (add_move_automata a17)
40.0: (stop_wait)
40.0: (add_action a11)
40.0: (add_parameter a11 sDEC2_1 categorical c2)
40.0: (check_added_parameter_model a11)
40.0: (add_move_automata a11)
40.0: (stop_wait)
40.0: (add_action a14)
40.0: (check_added_parameter_model a14)
40.0: (add_move_automata a14)
40.0: (stop_wait)
40.0: (add_action a3)
40.0: (add_parameter a3 sDEC3_2 integer v5)
40.0: (check_added_parameter_model a3)
40.0: (add_move_automata a3)
40.0: (stop_wait)
40.0: (add_action a4)
40.0: (check_added_parameter_model a4)
40.0: (add_move_automata a4)
40.0: (stop_wait)
40.0: (add_action a15)
40.0: (check_added_parameter_model a15)
40.0: (add_move_automata a15)
40.0: (stop_wait)
40.0: (add_action a5)
40.0: (check_added_parameter_model a5)
40.0: (add_move_automata a5)
40.0: (stop_wait)
40.0: (add_action a0)
40.0: (check_added_parameter_model a0)
40.0: (add_move_automata a0)
40.0: (stop_wait)
40.0: (add_action a1)
40.0: (check_added_parameter_model a1)
40.0: (add_move_automata a1)

Plan-Length:87
Elapsed Time: 40.0
Metric (Search):40.0
Planning Time (msec): 389
Heuristic Time (msec): 5
Search Time (msec): 383
Expanded Nodes:964
States Evaluated:1314
Number of Dead-Ends detected:0
Number of Duplicates detected:757
/usr/bin/time -v timeout 600 java -Xmx64g -jar ./enhsp3.jar -o ./domain_framed_autonomy_process_reset.pddl -f ./problems/a20g6-prefix-3-a20g6_7_data/problem3.pddl -h blind -s WAStar
Domain parsed
Problem parsed
Grounding..
Grounding Time: 14287
UFX:true
|F|:28935
|X|:22
Heuristic Problem Creation
|A|:1230
|P|:2
|E|:0
Delta time heuristic model:1.0
Delta time planning model:1.0
Delta time search-execution model:1.0
Delta time validation model:1
h(I):0.0
f(n) = 1.0 (Expanded Nodes: 5, Evaluated States: 6, Time: 0.029) Frontier Size: 1
f(n) = 2.0 (Expanded Nodes: 7, Evaluated States: 9, Time: 0.051) Frontier Size: 2
f(n) = 3.0 (Expanded Nodes: 9, Evaluated States: 12, Time: 0.052) Frontier Size: 3
f(n) = 4.0 (Expanded Nodes: 11, Evaluated States: 15, Time: 0.053) Frontier Size: 4
f(n) = 5.0 (Expanded Nodes: 13, Evaluated States: 18, Time: 0.061) Frontier Size: 5
f(n) = 6.0 (Expanded Nodes: 15, Evaluated States: 21, Time: 0.062) Frontier Size: 6
f(n) = 7.0 (Expanded Nodes: 17, Evaluated States: 24, Time: 0.063) Frontier Size: 7
f(n) = 8.0 (Expanded Nodes: 19, Evaluated States: 27, Time: 0.063) Frontier Size: 8
f(n) = 9.0 (Expanded Nodes: 21, Evaluated States: 30, Time: 0.064) Frontier Size: 9
f(n) = 10.0 (Expanded Nodes: 23, Evaluated States: 33, Time: 0.069) Frontier Size: 10
f(n) = 11.0 (Expanded Nodes: 25, Evaluated States: 36, Time: 0.069) Frontier Size: 11
f(n) = 12.0 (Expanded Nodes: 27, Evaluated States: 39, Time: 0.07) Frontier Size: 12
f(n) = 13.0 (Expanded Nodes: 29, Evaluated States: 42, Time: 0.07) Frontier Size: 13
f(n) = 14.0 (Expanded Nodes: 31, Evaluated States: 45, Time: 0.071) Frontier Size: 14
f(n) = 15.0 (Expanded Nodes: 33, Evaluated States: 48, Time: 0.071) Frontier Size: 15
f(n) = 16.0 (Expanded Nodes: 35, Evaluated States: 51, Time: 0.072) Frontier Size: 16
f(n) = 17.0 (Expanded Nodes: 37, Evaluated States: 54, Time: 0.08) Frontier Size: 17
f(n) = 18.0 (Expanded Nodes: 39, Evaluated States: 57, Time: 0.08) Frontier Size: 18
f(n) = 19.0 (Expanded Nodes: 41, Evaluated States: 60, Time: 0.081) Frontier Size: 19
f(n) = 20.0 (Expanded Nodes: 43, Evaluated States: 63, Time: 0.081) Frontier Size: 20
f(n) = 21.0 (Expanded Nodes: 45, Evaluated States: 66, Time: 0.082) Frontier Size: 21
f(n) = 22.0 (Expanded Nodes: 47, Evaluated States: 69, Time: 0.082) Frontier Size: 22
f(n) = 23.0 (Expanded Nodes: 52, Evaluated States: 76, Time: 0.089) Frontier Size: 24
f(n) = 24.0 (Expanded Nodes: 54, Evaluated States: 79, Time: 0.09) Frontier Size: 25
f(n) = 25.0 (Expanded Nodes: 56, Evaluated States: 82, Time: 0.09) Frontier Size: 26
f(n) = 26.0 (Expanded Nodes: 58, Evaluated States: 85, Time: 0.09) Frontier Size: 27
f(n) = 27.0 (Expanded Nodes: 60, Evaluated States: 88, Time: 0.091) Frontier Size: 28
f(n) = 28.0 (Expanded Nodes: 62, Evaluated States: 91, Time: 0.091) Frontier Size: 29
f(n) = 29.0 (Expanded Nodes: 64, Evaluated States: 94, Time: 0.091) Frontier Size: 30
f(n) = 30.0 (Expanded Nodes: 66, Evaluated States: 97, Time: 0.091) Frontier Size: 31
f(n) = 31.0 (Expanded Nodes: 68, Evaluated States: 100, Time: 0.092) Frontier Size: 32
f(n) = 32.0 (Expanded Nodes: 70, Evaluated States: 103, Time: 0.092) Frontier Size: 33
f(n) = 33.0 (Expanded Nodes: 72, Evaluated States: 106, Time: 0.097) Frontier Size: 34
f(n) = 34.0 (Expanded Nodes: 74, Evaluated States: 109, Time: 0.098) Frontier Size: 35
f(n) = 35.0 (Expanded Nodes: 76, Evaluated States: 112, Time: 0.099) Frontier Size: 36
f(n) = 36.0 (Expanded Nodes: 78, Evaluated States: 115, Time: 0.099) Frontier Size: 37
f(n) = 37.0 (Expanded Nodes: 80, Evaluated States: 118, Time: 0.099) Frontier Size: 38
f(n) = 38.0 (Expanded Nodes: 82, Evaluated States: 121, Time: 0.099) Frontier Size: 39
Extracting plan with execution delta: 1.0
Problem Solved

Found Plan:
0: (validate_payload t0 a10 t1)
0: (sync_actions t0 t1 a10)
0: -----waiting---- [22.0]
22.0: (validate_payload t1 a16 t2)
22.0: (sync_actions t1 t2 a16)
22.0: -----waiting---- [38.0]
38.0: (validate_payload t2 a18 t3)
38.0: (sync_actions t2 t3 a18)
38.0: (add_action a19)
38.0: (check_added_parameter_model a19)
38.0: (add_move_automata a19)
38.0: (stop_wait)
38.0: (add_action a17)
38.0: (check_added_parameter_model a17)
38.0: (add_move_automata a17)
38.0: (stop_wait)
38.0: (add_action a11)
38.0: (add_parameter a11 sDEC2_1 categorical c2)
38.0: (check_added_parameter_model a11)
38.0: (add_move_automata a11)
38.0: (stop_wait)
38.0: (add_action a14)
38.0: (check_added_parameter_model a14)
38.0: (add_move_automata a14)
38.0: (stop_wait)
38.0: (add_action a2)
38.0: (check_added_parameter_model a2)
38.0: (add_move_automata a2)
38.0: (stop_wait)
38.0: (add_action a15)
38.0: (check_added_parameter_model a15)
38.0: (add_move_automata a15)
38.0: (stop_wait)
38.0: (add_action a5)
38.0: (check_added_parameter_model a5)
38.0: (add_move_automata a5)
38.0: (stop_wait)
38.0: (add_action a0)
38.0: (check_added_parameter_model a0)
38.0: (add_move_automata a0)
38.0: (stop_wait)
38.0: (add_action a1)
38.0: (check_added_parameter_model a1)
38.0: (add_move_automata a1)

Plan-Length:80
Elapsed Time: 38.0
Metric (Search):38.0
Planning Time (msec): 154
Heuristic Time (msec): 7
Search Time (msec): 140
Expanded Nodes:206
States Evaluated:271
Number of Dead-Ends detected:0
Number of Duplicates detected:103
/usr/bin/time -v timeout 600 java -Xmx64g -jar ./enhsp3.jar -o ./domain_framed_autonomy_process_reset.pddl -f ./problems/a20g6-prefix-3-a20g6_7_data/problem4.pddl -h blind -s WAStar
Domain parsed
Problem parsed
Grounding..
Grounding Time: 13727
UFX:true
|F|:28935
|X|:22
Heuristic Problem Creation
|A|:1230
|P|:2
|E|:0
Delta time heuristic model:1.0
Delta time planning model:1.0
Delta time search-execution model:1.0
Delta time validation model:1
h(I):0.0
f(n) = 1.0 (Expanded Nodes: 5, Evaluated States: 6, Time: 0.015) Frontier Size: 1
f(n) = 2.0 (Expanded Nodes: 7, Evaluated States: 9, Time: 0.045) Frontier Size: 2
f(n) = 3.0 (Expanded Nodes: 9, Evaluated States: 12, Time: 0.045) Frontier Size: 3
f(n) = 4.0 (Expanded Nodes: 11, Evaluated States: 15, Time: 0.046) Frontier Size: 4
f(n) = 5.0 (Expanded Nodes: 13, Evaluated States: 18, Time: 0.047) Frontier Size: 5
f(n) = 6.0 (Expanded Nodes: 15, Evaluated States: 21, Time: 0.052) Frontier Size: 6
f(n) = 7.0 (Expanded Nodes: 17, Evaluated States: 24, Time: 0.052) Frontier Size: 7
f(n) = 8.0 (Expanded Nodes: 19, Evaluated States: 27, Time: 0.053) Frontier Size: 8
f(n) = 9.0 (Expanded Nodes: 21, Evaluated States: 30, Time: 0.054) Frontier Size: 9
f(n) = 10.0 (Expanded Nodes: 23, Evaluated States: 33, Time: 0.054) Frontier Size: 10
f(n) = 11.0 (Expanded Nodes: 25, Evaluated States: 36, Time: 0.054) Frontier Size: 11
f(n) = 12.0 (Expanded Nodes: 27, Evaluated States: 39, Time: 0.055) Frontier Size: 12
f(n) = 13.0 (Expanded Nodes: 29, Evaluated States: 42, Time: 0.057) Frontier Size: 13
f(n) = 14.0 (Expanded Nodes: 31, Evaluated States: 45, Time: 0.058) Frontier Size: 14
f(n) = 15.0 (Expanded Nodes: 33, Evaluated States: 48, Time: 0.06) Frontier Size: 15
f(n) = 16.0 (Expanded Nodes: 35, Evaluated States: 51, Time: 0.061) Frontier Size: 16
f(n) = 17.0 (Expanded Nodes: 40, Evaluated States: 58, Time: 0.063) Frontier Size: 18
f(n) = 18.0 (Expanded Nodes: 42, Evaluated States: 61, Time: 0.065) Frontier Size: 19
f(n) = 19.0 (Expanded Nodes: 44, Evaluated States: 64, Time: 0.065) Frontier Size: 20
f(n) = 20.0 (Expanded Nodes: 46, Evaluated States: 67, Time: 0.065) Frontier Size: 21
f(n) = 21.0 (Expanded Nodes: 48, Evaluated States: 70, Time: 0.066) Frontier Size: 22
f(n) = 22.0 (Expanded Nodes: 50, Evaluated States: 73, Time: 0.066) Frontier Size: 23
f(n) = 23.0 (Expanded Nodes: 52, Evaluated States: 76, Time: 0.068) Frontier Size: 24
f(n) = 24.0 (Expanded Nodes: 54, Evaluated States: 79, Time: 0.068) Frontier Size: 25
f(n) = 25.0 (Expanded Nodes: 56, Evaluated States: 82, Time: 0.068) Frontier Size: 26
f(n) = 26.0 (Expanded Nodes: 58, Evaluated States: 85, Time: 0.069) Frontier Size: 27
f(n) = 27.0 (Expanded Nodes: 60, Evaluated States: 88, Time: 0.069) Frontier Size: 28
f(n) = 28.0 (Expanded Nodes: 62, Evaluated States: 91, Time: 0.073) Frontier Size: 29
f(n) = 29.0 (Expanded Nodes: 64, Evaluated States: 94, Time: 0.074) Frontier Size: 30
f(n) = 30.0 (Expanded Nodes: 66, Evaluated States: 97, Time: 0.074) Frontier Size: 31
f(n) = 31.0 (Expanded Nodes: 68, Evaluated States: 100, Time: 0.074) Frontier Size: 32
f(n) = 32.0 (Expanded Nodes: 70, Evaluated States: 103, Time: 0.075) Frontier Size: 33
f(n) = 33.0 (Expanded Nodes: 72, Evaluated States: 106, Time: 0.075) Frontier Size: 34
f(n) = 34.0 (Expanded Nodes: 74, Evaluated States: 109, Time: 0.075) Frontier Size: 35
f(n) = 35.0 (Expanded Nodes: 76, Evaluated States: 112, Time: 0.075) Frontier Size: 36
f(n) = 36.0 (Expanded Nodes: 78, Evaluated States: 115, Time: 0.076) Frontier Size: 37
f(n) = 37.0 (Expanded Nodes: 80, Evaluated States: 118, Time: 0.076) Frontier Size: 38
f(n) = 38.0 (Expanded Nodes: 82, Evaluated States: 121, Time: 0.076) Frontier Size: 39
f(n) = 39.0 (Expanded Nodes: 84, Evaluated States: 124, Time: 0.078) Frontier Size: 40
f(n) = 40.0 (Expanded Nodes: 86, Evaluated States: 127, Time: 0.078) Frontier Size: 41
Extracting plan with execution delta: 1.0
Problem Solved

Found Plan:
0: (validate_payload t0 a10 t1)
0: (sync_actions t0 t1 a10)
0: -----waiting---- [16.0]
16.0: (validate_payload t1 a6 t2)
16.0: (sync_actions t1 t2 a6)
16.0: -----waiting---- [40.0]
40.0: (validate_payload t2 a7 t3)
40.0: (sync_actions t2 t3 a7)
40.0: (add_action a8)
40.0: (check_added_parameter_model a8)
40.0: (add_move_automata a8)
40.0: (stop_wait)
40.0: (add_action a9)
40.0: (check_added_parameter_model a9)
40.0: (add_move_automata a9)
40.0: (stop_wait)
40.0: (add_action a11)
40.0: (add_parameter a11 sDEC2_1 categorical c2)
40.0: (check_added_parameter_model a11)
40.0: (add_move_automata a11)
40.0: (stop_wait)
40.0: (add_action a14)
40.0: (check_added_parameter_model a14)
40.0: (add_move_automata a14)
40.0: (stop_wait)
40.0: (add_action a2)
40.0: (check_added_parameter_model a2)
40.0: (add_move_automata a2)
40.0: (stop_wait)
40.0: (add_action a15)
40.0: (check_added_parameter_model a15)
40.0: (add_move_automata a15)
40.0: (stop_wait)
40.0: (add_action a5)
40.0: (check_added_parameter_model a5)
40.0: (add_move_automata a5)
40.0: (stop_wait)
40.0: (add_action a0)
40.0: (check_added_parameter_model a0)
40.0: (add_move_automata a0)
40.0: (stop_wait)
40.0: (add_action a1)
40.0: (check_added_parameter_model a1)
40.0: (add_move_automata a1)

Plan-Length:82
Elapsed Time: 40.0
Metric (Search):40.0
Planning Time (msec): 138
Heuristic Time (msec): 7
Search Time (msec): 121
Expanded Nodes:223
States Evaluated:287
Number of Dead-Ends detected:0
Number of Duplicates detected:111
/usr/bin/time -v timeout 600 java -Xmx64g -jar ./enhsp3.jar -o ./domain_framed_autonomy_process_reset.pddl -f ./problems/a20g6-prefix-3-a20g6_7_data/problem5.pddl -h blind -s WAStar
Domain parsed
Problem parsed
Grounding..
Grounding Time: 13849
UFX:true
|F|:28935
|X|:22
Heuristic Problem Creation
|A|:1230
|P|:2
|E|:0
Delta time heuristic model:1.0
Delta time planning model:1.0
Delta time search-execution model:1.0
Delta time validation model:1
h(I):0.0
f(n) = 1.0 (Expanded Nodes: 5, Evaluated States: 6, Time: 0.022) Frontier Size: 1
f(n) = 2.0 (Expanded Nodes: 7, Evaluated States: 9, Time: 0.049) Frontier Size: 2
f(n) = 3.0 (Expanded Nodes: 9, Evaluated States: 12, Time: 0.05) Frontier Size: 3
f(n) = 4.0 (Expanded Nodes: 11, Evaluated States: 15, Time: 0.051) Frontier Size: 4
f(n) = 5.0 (Expanded Nodes: 13, Evaluated States: 18, Time: 0.054) Frontier Size: 5
f(n) = 6.0 (Expanded Nodes: 15, Evaluated States: 21, Time: 0.059) Frontier Size: 6
f(n) = 7.0 (Expanded Nodes: 17, Evaluated States: 24, Time: 0.061) Frontier Size: 7
f(n) = 8.0 (Expanded Nodes: 19, Evaluated States: 27, Time: 0.065) Frontier Size: 8
f(n) = 9.0 (Expanded Nodes: 21, Evaluated States: 30, Time: 0.065) Frontier Size: 9
f(n) = 10.0 (Expanded Nodes: 23, Evaluated States: 33, Time: 0.066) Frontier Size: 10
f(n) = 11.0 (Expanded Nodes: 25, Evaluated States: 36, Time: 0.066) Frontier Size: 11
f(n) = 12.0 (Expanded Nodes: 27, Evaluated States: 39, Time: 0.067) Frontier Size: 12
f(n) = 13.0 (Expanded Nodes: 29, Evaluated States: 42, Time: 0.068) Frontier Size: 13
f(n) = 14.0 (Expanded Nodes: 31, Evaluated States: 45, Time: 0.074) Frontier Size: 14
f(n) = 15.0 (Expanded Nodes: 33, Evaluated States: 48, Time: 0.075) Frontier Size: 15
f(n) = 16.0 (Expanded Nodes: 35, Evaluated States: 51, Time: 0.079) Frontier Size: 16
f(n) = 17.0 (Expanded Nodes: 40, Evaluated States: 58, Time: 0.086) Frontier Size: 18
f(n) = 18.0 (Expanded Nodes: 42, Evaluated States: 61, Time: 0.091) Frontier Size: 19
f(n) = 19.0 (Expanded Nodes: 44, Evaluated States: 64, Time: 0.091) Frontier Size: 20
f(n) = 20.0 (Expanded Nodes: 46, Evaluated States: 67, Time: 0.091) Frontier Size: 21
f(n) = 21.0 (Expanded Nodes: 48, Evaluated States: 70, Time: 0.091) Frontier Size: 22
f(n) = 22.0 (Expanded Nodes: 50, Evaluated States: 73, Time: 0.092) Frontier Size: 23
f(n) = 23.0 (Expanded Nodes: 52, Evaluated States: 76, Time: 0.092) Frontier Size: 24
f(n) = 24.0 (Expanded Nodes: 54, Evaluated States: 79, Time: 0.092) Frontier Size: 25
f(n) = 25.0 (Expanded Nodes: 56, Evaluated States: 82, Time: 0.093) Frontier Size: 26
f(n) = 26.0 (Expanded Nodes: 58, Evaluated States: 85, Time: 0.093) Frontier Size: 27
f(n) = 27.0 (Expanded Nodes: 60, Evaluated States: 88, Time: 0.093) Frontier Size: 28
f(n) = 28.0 (Expanded Nodes: 62, Evaluated States: 91, Time: 0.097) Frontier Size: 29
f(n) = 29.0 (Expanded Nodes: 64, Evaluated States: 94, Time: 0.098) Frontier Size: 30
f(n) = 30.0 (Expanded Nodes: 66, Evaluated States: 97, Time: 0.101) Frontier Size: 31
f(n) = 31.0 (Expanded Nodes: 68, Evaluated States: 100, Time: 0.101) Frontier Size: 32
f(n) = 32.0 (Expanded Nodes: 70, Evaluated States: 103, Time: 0.102) Frontier Size: 33
f(n) = 33.0 (Expanded Nodes: 72, Evaluated States: 106, Time: 0.102) Frontier Size: 34
f(n) = 34.0 (Expanded Nodes: 74, Evaluated States: 109, Time: 0.102) Frontier Size: 35
f(n) = 35.0 (Expanded Nodes: 76, Evaluated States: 112, Time: 0.102) Frontier Size: 36
f(n) = 36.0 (Expanded Nodes: 78, Evaluated States: 115, Time: 0.103) Frontier Size: 37
f(n) = 37.0 (Expanded Nodes: 80, Evaluated States: 118, Time: 0.103) Frontier Size: 38
f(n) = 38.0 (Expanded Nodes: 82, Evaluated States: 121, Time: 0.103) Frontier Size: 39
f(n) = 39.0 (Expanded Nodes: 84, Evaluated States: 124, Time: 0.103) Frontier Size: 40
f(n) = 40.0 (Expanded Nodes: 86, Evaluated States: 127, Time: 0.104) Frontier Size: 41
Extracting plan with execution delta: 1.0
Problem Solved

Found Plan:
0: (validate_payload t0 a10 t1)
0: (sync_actions t0 t1 a10)
0: -----waiting---- [16.0]
16.0: (validate_payload t1 a6 t2)
16.0: (sync_actions t1 t2 a6)
16.0: -----waiting---- [40.0]
40.0: (validate_payload t2 a7 t3)
40.0: (sync_actions t2 t3 a7)
40.0: (add_action a8)
40.0: (check_added_parameter_model a8)
40.0: (add_move_automata a8)
40.0: (stop_wait)
40.0: (add_action a9)
40.0: (check_added_parameter_model a9)
40.0: (add_move_automata a9)
40.0: (stop_wait)
40.0: (add_action a11)
40.0: (add_parameter a11 sDEC2_1 categorical c2)
40.0: (check_added_parameter_model a11)
40.0: (add_move_automata a11)
40.0: (stop_wait)
40.0: (add_action a14)
40.0: (check_added_parameter_model a14)
40.0: (add_move_automata a14)
40.0: (stop_wait)
40.0: (add_action a2)
40.0: (check_added_parameter_model a2)
40.0: (add_move_automata a2)
40.0: (stop_wait)
40.0: (add_action a15)
40.0: (check_added_parameter_model a15)
40.0: (add_move_automata a15)
40.0: (stop_wait)
40.0: (add_action a5)
40.0: (check_added_parameter_model a5)
40.0: (add_move_automata a5)
40.0: (stop_wait)
40.0: (add_action a0)
40.0: (check_added_parameter_model a0)
40.0: (add_move_automata a0)
40.0: (stop_wait)
40.0: (add_action a1)
40.0: (check_added_parameter_model a1)
40.0: (add_move_automata a1)

Plan-Length:82
Elapsed Time: 40.0
Metric (Search):40.0
Planning Time (msec): 162
Heuristic Time (msec): 7
Search Time (msec): 150
Expanded Nodes:223
States Evaluated:287
Number of Dead-Ends detected:0
Number of Duplicates detected:111
/usr/bin/time -v timeout 600 java -Xmx64g -jar ./enhsp3.jar -o ./domain_framed_autonomy_process_reset.pddl -f ./problems/a20g6-prefix-3-a20g6_7_data/problem6.pddl -h blind -s WAStar
Domain parsed
Problem parsed
Grounding..
Grounding Time: 14394
UFX:true
|F|:28935
|X|:22
Heuristic Problem Creation
|A|:1230
|P|:2
|E|:0
Delta time heuristic model:1.0
Delta time planning model:1.0
Delta time search-execution model:1.0
Delta time validation model:1
h(I):0.0
f(n) = 1.0 (Expanded Nodes: 5, Evaluated States: 6, Time: 0.019) Frontier Size: 1
f(n) = 2.0 (Expanded Nodes: 7, Evaluated States: 9, Time: 0.042) Frontier Size: 2
f(n) = 3.0 (Expanded Nodes: 9, Evaluated States: 12, Time: 0.043) Frontier Size: 3
f(n) = 4.0 (Expanded Nodes: 11, Evaluated States: 15, Time: 0.043) Frontier Size: 4
f(n) = 5.0 (Expanded Nodes: 13, Evaluated States: 18, Time: 0.044) Frontier Size: 5
f(n) = 6.0 (Expanded Nodes: 15, Evaluated States: 21, Time: 0.047) Frontier Size: 6
f(n) = 7.0 (Expanded Nodes: 17, Evaluated States: 24, Time: 0.048) Frontier Size: 7
f(n) = 8.0 (Expanded Nodes: 19, Evaluated States: 27, Time: 0.049) Frontier Size: 8
f(n) = 9.0 (Expanded Nodes: 21, Evaluated States: 30, Time: 0.05) Frontier Size: 9
f(n) = 10.0 (Expanded Nodes: 23, Evaluated States: 33, Time: 0.05) Frontier Size: 10
f(n) = 11.0 (Expanded Nodes: 25, Evaluated States: 36, Time: 0.052) Frontier Size: 11
f(n) = 12.0 (Expanded Nodes: 27, Evaluated States: 39, Time: 0.055) Frontier Size: 12
f(n) = 13.0 (Expanded Nodes: 29, Evaluated States: 42, Time: 0.055) Frontier Size: 13
f(n) = 14.0 (Expanded Nodes: 31, Evaluated States: 45, Time: 0.056) Frontier Size: 14
f(n) = 15.0 (Expanded Nodes: 33, Evaluated States: 48, Time: 0.056) Frontier Size: 15
f(n) = 16.0 (Expanded Nodes: 35, Evaluated States: 51, Time: 0.057) Frontier Size: 16
f(n) = 17.0 (Expanded Nodes: 37, Evaluated States: 54, Time: 0.057) Frontier Size: 17
f(n) = 18.0 (Expanded Nodes: 39, Evaluated States: 57, Time: 0.057) Frontier Size: 18
f(n) = 19.0 (Expanded Nodes: 41, Evaluated States: 60, Time: 0.058) Frontier Size: 19
f(n) = 20.0 (Expanded Nodes: 43, Evaluated States: 63, Time: 0.059) Frontier Size: 20
f(n) = 21.0 (Expanded Nodes: 45, Evaluated States: 66, Time: 0.06) Frontier Size: 21
f(n) = 22.0 (Expanded Nodes: 47, Evaluated States: 69, Time: 0.06) Frontier Size: 22
f(n) = 23.0 (Expanded Nodes: 49, Evaluated States: 72, Time: 0.061) Frontier Size: 23
f(n) = 24.0 (Expanded Nodes: 56, Evaluated States: 84, Time: 0.067) Frontier Size: 28
f(n) = 25.0 (Expanded Nodes: 60, Evaluated States: 92, Time: 0.069) Frontier Size: 32
f(n) = 26.0 (Expanded Nodes: 64, Evaluated States: 100, Time: 0.071) Frontier Size: 36
f(n) = 27.0 (Expanded Nodes: 68, Evaluated States: 108, Time: 0.072) Frontier Size: 40
f(n) = 28.0 (Expanded Nodes: 72, Evaluated States: 116, Time: 0.074) Frontier Size: 44
f(n) = 29.0 (Expanded Nodes: 76, Evaluated States: 124, Time: 0.074) Frontier Size: 48
f(n) = 30.0 (Expanded Nodes: 80, Evaluated States: 132, Time: 0.075) Frontier Size: 52
f(n) = 31.0 (Expanded Nodes: 84, Evaluated States: 140, Time: 0.075) Frontier Size: 56
f(n) = 32.0 (Expanded Nodes: 88, Evaluated States: 148, Time: 0.076) Frontier Size: 60
f(n) = 33.0 (Expanded Nodes: 92, Evaluated States: 156, Time: 0.076) Frontier Size: 64
f(n) = 34.0 (Expanded Nodes: 96, Evaluated States: 164, Time: 0.083) Frontier Size: 68
f(n) = 35.0 (Expanded Nodes: 100, Evaluated States: 172, Time: 0.084) Frontier Size: 72
f(n) = 36.0 (Expanded Nodes: 104, Evaluated States: 180, Time: 0.084) Frontier Size: 76
f(n) = 37.0 (Expanded Nodes: 108, Evaluated States: 188, Time: 0.085) Frontier Size: 80
f(n) = 38.0 (Expanded Nodes: 112, Evaluated States: 196, Time: 0.085) Frontier Size: 84
f(n) = 39.0 (Expanded Nodes: 116, Evaluated States: 204, Time: 0.086) Frontier Size: 88
f(n) = 40.0 (Expanded Nodes: 120, Evaluated States: 212, Time: 0.091) Frontier Size: 92
f(n) = 41.0 (Expanded Nodes: 124, Evaluated States: 220, Time: 0.092) Frontier Size: 96
f(n) = 42.0 (Expanded Nodes: 128, Evaluated States: 228, Time: 0.092) Frontier Size: 100
f(n) = 43.0 (Expanded Nodes: 132, Evaluated States: 236, Time: 0.093) Frontier Size: 104
Extracting plan with execution delta: 1.0
Problem Solved

Found Plan:
0: (validate_payload t0 a10 t1)
0: (sync_actions t0 t1 a10)
0: -----waiting---- [23.0]
23.0: (validate_payload t1 a16 t2)
23.0: (sync_actions t1 t2 a16)
23.0: -----waiting---- [43.0]
43.0: (validate_payload t2 a18 t3)
43.0: (sync_actions t2 t3 a18)
43.0: (add_action a19)
43.0: (check_added_parameter_model a19)
43.0: (add_move_automata a19)
43.0: (stop_wait)
43.0: (add_action a17)
43.0: (check_added_parameter_model a17)
43.0: (add_move_automata a17)
43.0: (stop_wait)
43.0: (add_action a11)
43.0: (add_parameter a11 sDEC2_1 categorical c2)
43.0: (check_added_parameter_model a11)
43.0: (add_move_automata a11)
43.0: (stop_wait)
43.0: (add_action a14)
43.0: (check_added_parameter_model a14)
43.0: (add_move_automata a14)
43.0: (stop_wait)
43.0: (add_action a3)
43.0: (add_parameter a3 sDEC3_2 integer v0)
43.0: (check_added_parameter_model a3)
43.0: (add_move_automata a3)
43.0: (stop_wait)
43.0: (add_action a4)
43.0: (check_added_parameter_model a4)
43.0: (add_move_automata a4)
43.0: (stop_wait)
43.0: (add_action a15)
43.0: (check_added_parameter_model a15)
43.0: (add_move_automata a15)
43.0: (stop_wait)
43.0: (add_action a5)
43.0: (check_added_parameter_model a5)
43.0: (add_move_automata a5)
43.0: (stop_wait)
43.0: (add_action a0)
43.0: (check_added_parameter_model a0)
43.0: (add_move_automata a0)
43.0: (stop_wait)
43.0: (add_action a1)
43.0: (check_added_parameter_model a1)
43.0: (add_move_automata a1)

Plan-Length:90
Elapsed Time: 43.0
Metric (Search):43.0
Planning Time (msec): 264
Heuristic Time (msec): 2
Search Time (msec): 250
Expanded Nodes:1041
States Evaluated:1414
Number of Dead-Ends detected:0
Number of Duplicates detected:880
/usr/bin/time -v timeout 600 java -Xmx64g -jar ./enhsp3.jar -o ./domain_framed_autonomy_process_reset.pddl -f ./problems/a20g6-prefix-3-a20g6_7_data/problem7.pddl -h blind -s WAStar
Domain parsed
Problem parsed
Grounding..
Grounding Time: 14427
UFX:true
|F|:28935
|X|:22
Heuristic Problem Creation
|A|:1230
|P|:2
|E|:0
Delta time heuristic model:1.0
Delta time planning model:1.0
Delta time search-execution model:1.0
Delta time validation model:1
h(I):0.0
f(n) = 1.0 (Expanded Nodes: 5, Evaluated States: 6, Time: 0.022) Frontier Size: 1
f(n) = 2.0 (Expanded Nodes: 7, Evaluated States: 9, Time: 0.047) Frontier Size: 2
f(n) = 3.0 (Expanded Nodes: 9, Evaluated States: 12, Time: 0.048) Frontier Size: 3
f(n) = 4.0 (Expanded Nodes: 11, Evaluated States: 15, Time: 0.05) Frontier Size: 4
f(n) = 5.0 (Expanded Nodes: 13, Evaluated States: 18, Time: 0.05) Frontier Size: 5
f(n) = 6.0 (Expanded Nodes: 15, Evaluated States: 21, Time: 0.052) Frontier Size: 6
f(n) = 7.0 (Expanded Nodes: 17, Evaluated States: 24, Time: 0.053) Frontier Size: 7
f(n) = 8.0 (Expanded Nodes: 19, Evaluated States: 27, Time: 0.054) Frontier Size: 8
f(n) = 9.0 (Expanded Nodes: 21, Evaluated States: 30, Time: 0.055) Frontier Size: 9
f(n) = 10.0 (Expanded Nodes: 23, Evaluated States: 33, Time: 0.056) Frontier Size: 10
f(n) = 11.0 (Expanded Nodes: 25, Evaluated States: 36, Time: 0.058) Frontier Size: 11
f(n) = 12.0 (Expanded Nodes: 27, Evaluated States: 39, Time: 0.058) Frontier Size: 12
f(n) = 13.0 (Expanded Nodes: 29, Evaluated States: 42, Time: 0.059) Frontier Size: 13
f(n) = 14.0 (Expanded Nodes: 31, Evaluated States: 45, Time: 0.059) Frontier Size: 14
f(n) = 15.0 (Expanded Nodes: 33, Evaluated States: 48, Time: 0.06) Frontier Size: 15
f(n) = 16.0 (Expanded Nodes: 35, Evaluated States: 51, Time: 0.061) Frontier Size: 16
f(n) = 17.0 (Expanded Nodes: 37, Evaluated States: 54, Time: 0.062) Frontier Size: 17
f(n) = 18.0 (Expanded Nodes: 39, Evaluated States: 57, Time: 0.063) Frontier Size: 18
f(n) = 19.0 (Expanded Nodes: 41, Evaluated States: 60, Time: 0.063) Frontier Size: 19
f(n) = 20.0 (Expanded Nodes: 43, Evaluated States: 63, Time: 0.063) Frontier Size: 20
f(n) = 21.0 (Expanded Nodes: 45, Evaluated States: 66, Time: 0.064) Frontier Size: 21
f(n) = 22.0 (Expanded Nodes: 52, Evaluated States: 78, Time: 0.065) Frontier Size: 26
f(n) = 23.0 (Expanded Nodes: 56, Evaluated States: 86, Time: 0.066) Frontier Size: 30
f(n) = 24.0 (Expanded Nodes: 60, Evaluated States: 94, Time: 0.071) Frontier Size: 34
f(n) = 25.0 (Expanded Nodes: 64, Evaluated States: 102, Time: 0.073) Frontier Size: 38
f(n) = 26.0 (Expanded Nodes: 68, Evaluated States: 110, Time: 0.073) Frontier Size: 42
f(n) = 27.0 (Expanded Nodes: 72, Evaluated States: 118, Time: 0.074) Frontier Size: 46
f(n) = 28.0 (Expanded Nodes: 76, Evaluated States: 126, Time: 0.074) Frontier Size: 50
f(n) = 29.0 (Expanded Nodes: 80, Evaluated States: 134, Time: 0.075) Frontier Size: 54
f(n) = 30.0 (Expanded Nodes: 84, Evaluated States: 142, Time: 0.081) Frontier Size: 58
f(n) = 31.0 (Expanded Nodes: 88, Evaluated States: 150, Time: 0.081) Frontier Size: 62
f(n) = 32.0 (Expanded Nodes: 92, Evaluated States: 158, Time: 0.082) Frontier Size: 66
f(n) = 33.0 (Expanded Nodes: 96, Evaluated States: 166, Time: 0.083) Frontier Size: 70
f(n) = 34.0 (Expanded Nodes: 100, Evaluated States: 174, Time: 0.083) Frontier Size: 74
f(n) = 35.0 (Expanded Nodes: 104, Evaluated States: 182, Time: 0.084) Frontier Size: 78
f(n) = 36.0 (Expanded Nodes: 108, Evaluated States: 190, Time: 0.089) Frontier Size: 82
f(n) = 37.0 (Expanded Nodes: 112, Evaluated States: 198, Time: 0.094) Frontier Size: 86
f(n) = 38.0 (Expanded Nodes: 116, Evaluated States: 206, Time: 0.094) Frontier Size: 90
f(n) = 39.0 (Expanded Nodes: 120, Evaluated States: 214, Time: 0.095) Frontier Size: 94
f(n) = 40.0 (Expanded Nodes: 124, Evaluated States: 222, Time: 0.095) Frontier Size: 98
f(n) = 41.0 (Expanded Nodes: 128, Evaluated States: 230, Time: 0.096) Frontier Size: 102
f(n) = 42.0 (Expanded Nodes: 132, Evaluated States: 238, Time: 0.102) Frontier Size: 106
f(n) = 43.0 (Expanded Nodes: 136, Evaluated States: 246, Time: 0.103) Frontier Size: 110
f(n) = 44.0 (Expanded Nodes: 140, Evaluated States: 254, Time: 0.104) Frontier Size: 114
f(n) = 45.0 (Expanded Nodes: 144, Evaluated States: 262, Time: 0.104) Frontier Size: 118
Extracting plan with execution delta: 1.0
Problem Solved

Found Plan:
0: (validate_payload t0 a10 t1)
0: (sync_actions t0 t1 a10)
0: -----waiting---- [21.0]
21.0: (validate_payload t1 a16 t2)
21.0: (sync_actions t1 t2 a16)
21.0: -----waiting---- [45.0]
45.0: (validate_payload t2 a18 t3)
45.0: (sync_actions t2 t3 a18)
45.0: (add_action a19)
45.0: (check_added_parameter_model a19)
45.0: (add_move_automata a19)
45.0: (stop_wait)
45.0: (add_action a17)
45.0: (check_added_parameter_model a17)
45.0: (add_move_automata a17)
45.0: (stop_wait)
45.0: (add_action a11)
45.0: (add_parameter a11 sDEC2_1 categorical c2)
45.0: (check_added_parameter_model a11)
45.0: (add_move_automata a11)
45.0: (stop_wait)
45.0: (add_action a14)
45.0: (check_added_parameter_model a14)
45.0: (add_move_automata a14)
45.0: (stop_wait)
45.0: (add_action a3)
45.0: (add_parameter a3 sDEC3_2 integer v5)
45.0: (check_added_parameter_model a3)
45.0: (add_move_automata a3)
45.0: (stop_wait)
45.0: (add_action a4)
45.0: (check_added_parameter_model a4)
45.0: (add_move_automata a4)
45.0: (stop_wait)
45.0: (add_action a15)
45.0: (check_added_parameter_model a15)
45.0: (add_move_automata a15)
45.0: (stop_wait)
45.0: (add_action a5)
45.0: (check_added_parameter_model a5)
45.0: (add_move_automata a5)
45.0: (stop_wait)
45.0: (add_action a0)
45.0: (check_added_parameter_model a0)
45.0: (add_move_automata a0)
45.0: (stop_wait)
45.0: (add_action a1)
45.0: (check_added_parameter_model a1)
45.0: (add_move_automata a1)

Plan-Length:92
Elapsed Time: 45.0
Metric (Search):45.0
Planning Time (msec): 204
Heuristic Time (msec): 10
Search Time (msec): 200
Expanded Nodes:554
States Evaluated:838
Number of Dead-Ends detected:0
Number of Duplicates detected:424
/usr/bin/time -v timeout 600 java -Xmx64g -jar ./enhsp3.jar -o ./domain_framed_autonomy_process_reset.pddl -f ./problems/a20g6-prefix-3-a20g6_7_data/problem8.pddl -h blind -s WAStar
Domain parsed
Problem parsed
Grounding..
Grounding Time: 14149
UFX:true
|F|:28935
|X|:22
Heuristic Problem Creation
|A|:1230
|P|:2
|E|:0
Delta time heuristic model:1.0
Delta time planning model:1.0
Delta time search-execution model:1.0
Delta time validation model:1
h(I):0.0
f(n) = 1.0 (Expanded Nodes: 5, Evaluated States: 6, Time: 0.021) Frontier Size: 1
f(n) = 2.0 (Expanded Nodes: 7, Evaluated States: 9, Time: 0.041) Frontier Size: 2
f(n) = 3.0 (Expanded Nodes: 9, Evaluated States: 12, Time: 0.042) Frontier Size: 3
f(n) = 4.0 (Expanded Nodes: 11, Evaluated States: 15, Time: 0.046) Frontier Size: 4
f(n) = 5.0 (Expanded Nodes: 13, Evaluated States: 18, Time: 0.047) Frontier Size: 5
f(n) = 6.0 (Expanded Nodes: 15, Evaluated States: 21, Time: 0.048) Frontier Size: 6
f(n) = 7.0 (Expanded Nodes: 17, Evaluated States: 24, Time: 0.049) Frontier Size: 7
f(n) = 8.0 (Expanded Nodes: 19, Evaluated States: 27, Time: 0.054) Frontier Size: 8
f(n) = 9.0 (Expanded Nodes: 21, Evaluated States: 30, Time: 0.054) Frontier Size: 9
f(n) = 10.0 (Expanded Nodes: 23, Evaluated States: 33, Time: 0.055) Frontier Size: 10
f(n) = 11.0 (Expanded Nodes: 25, Evaluated States: 36, Time: 0.055) Frontier Size: 11
f(n) = 12.0 (Expanded Nodes: 27, Evaluated States: 39, Time: 0.056) Frontier Size: 12
f(n) = 13.0 (Expanded Nodes: 29, Evaluated States: 42, Time: 0.057) Frontier Size: 13
f(n) = 14.0 (Expanded Nodes: 31, Evaluated States: 45, Time: 0.057) Frontier Size: 14
f(n) = 15.0 (Expanded Nodes: 33, Evaluated States: 48, Time: 0.064) Frontier Size: 15
f(n) = 16.0 (Expanded Nodes: 40, Evaluated States: 60, Time: 0.071) Frontier Size: 20
f(n) = 17.0 (Expanded Nodes: 44, Evaluated States: 68, Time: 0.072) Frontier Size: 24
f(n) = 18.0 (Expanded Nodes: 48, Evaluated States: 76, Time: 0.073) Frontier Size: 28
f(n) = 19.0 (Expanded Nodes: 52, Evaluated States: 84, Time: 0.079) Frontier Size: 32
f(n) = 20.0 (Expanded Nodes: 56, Evaluated States: 92, Time: 0.08) Frontier Size: 36
f(n) = 21.0 (Expanded Nodes: 60, Evaluated States: 100, Time: 0.081) Frontier Size: 40
f(n) = 22.0 (Expanded Nodes: 64, Evaluated States: 108, Time: 0.082) Frontier Size: 44
f(n) = 23.0 (Expanded Nodes: 68, Evaluated States: 116, Time: 0.088) Frontier Size: 48
f(n) = 24.0 (Expanded Nodes: 72, Evaluated States: 124, Time: 0.088) Frontier Size: 52
f(n) = 25.0 (Expanded Nodes: 76, Evaluated States: 132, Time: 0.089) Frontier Size: 56
f(n) = 26.0 (Expanded Nodes: 80, Evaluated States: 140, Time: 0.09) Frontier Size: 60
f(n) = 27.0 (Expanded Nodes: 84, Evaluated States: 148, Time: 0.097) Frontier Size: 64
f(n) = 28.0 (Expanded Nodes: 88, Evaluated States: 156, Time: 0.098) Frontier Size: 68
f(n) = 29.0 (Expanded Nodes: 92, Evaluated States: 164, Time: 0.098) Frontier Size: 72
f(n) = 30.0 (Expanded Nodes: 96, Evaluated States: 172, Time: 0.099) Frontier Size: 76
f(n) = 31.0 (Expanded Nodes: 100, Evaluated States: 180, Time: 0.1) Frontier Size: 80
Extracting plan with execution delta: 1.0
Problem Solved

Found Plan:
0: (validate_payload t0 a10 t1)
0: (sync_actions t0 t1 a10)
0: -----waiting---- [15.0]
15.0: (validate_payload t1 a16 t2)
15.0: (sync_actions t1 t2 a16)
15.0: -----waiting---- [31.0]
31.0: (validate_payload t2 a18 t3)
31.0: (sync_actions t2 t3 a18)
31.0: (add_action a19)
31.0: (check_added_parameter_model a19)
31.0: (add_move_automata a19)
31.0: (stop_wait)
31.0: (add_action a17)
31.0: (check_added_parameter_model a17)
31.0: (add_move_automata a17)
31.0: (stop_wait)
31.0: (add_action a11)
31.0: (add_parameter a11 sDEC2_1 categorical c2)
31.0: (check_added_parameter_model a11)
31.0: (add_move_automata a11)
31.0: (stop_wait)
31.0: (add_action a14)
31.0: (check_added_parameter_model a14)
31.0: (add_move_automata a14)
31.0: (stop_wait)
31.0: (add_action a3)
31.0: (add_parameter a3 sDEC3_2 integer v5)
31.0: (check_added_parameter_model a3)
31.0: (add_move_automata a3)
31.0: (stop_wait)
31.0: (add_action a4)
31.0: (check_added_parameter_model a4)
31.0: (add_move_automata a4)
31.0: (stop_wait)
31.0: (add_action a15)
31.0: (check_added_parameter_model a15)
31.0: (add_move_automata a15)
31.0: (stop_wait)
31.0: (add_action a5)
31.0: (check_added_parameter_model a5)
31.0: (add_move_automata a5)
31.0: (stop_wait)
31.0: (add_action a0)
31.0: (check_added_parameter_model a0)
31.0: (add_move_automata a0)
31.0: (stop_wait)
31.0: (add_action a1)
31.0: (check_added_parameter_model a1)
31.0: (add_move_automata a1)

Plan-Length:78
Elapsed Time: 31.0
Metric (Search):31.0
Planning Time (msec): 369
Heuristic Time (msec): 6
Search Time (msec): 361
Expanded Nodes:819
States Evaluated:1118
Number of Dead-Ends detected:0
Number of Duplicates detected:639
/usr/bin/time -v timeout 600 java -Xmx64g -jar ./enhsp3.jar -o ./domain_framed_autonomy_process_reset.pddl -f ./problems/a20g6-prefix-3-a20g6_7_data/problem9.pddl -h blind -s WAStar
Domain parsed
Problem parsed
Grounding..
Grounding Time: 14180
UFX:true
|F|:28935
|X|:22
Heuristic Problem Creation
|A|:1230
|P|:2
|E|:0
Delta time heuristic model:1.0
Delta time planning model:1.0
Delta time search-execution model:1.0
Delta time validation model:1
h(I):0.0
f(n) = 1.0 (Expanded Nodes: 5, Evaluated States: 6, Time: 0.026) Frontier Size: 1
f(n) = 2.0 (Expanded Nodes: 7, Evaluated States: 9, Time: 0.052) Frontier Size: 2
f(n) = 3.0 (Expanded Nodes: 9, Evaluated States: 12, Time: 0.053) Frontier Size: 3
f(n) = 4.0 (Expanded Nodes: 11, Evaluated States: 15, Time: 0.053) Frontier Size: 4
f(n) = 5.0 (Expanded Nodes: 13, Evaluated States: 18, Time: 0.054) Frontier Size: 5
f(n) = 6.0 (Expanded Nodes: 15, Evaluated States: 21, Time: 0.055) Frontier Size: 6
f(n) = 7.0 (Expanded Nodes: 17, Evaluated States: 24, Time: 0.058) Frontier Size: 7
f(n) = 8.0 (Expanded Nodes: 19, Evaluated States: 27, Time: 0.061) Frontier Size: 8
f(n) = 9.0 (Expanded Nodes: 21, Evaluated States: 30, Time: 0.065) Frontier Size: 9
f(n) = 10.0 (Expanded Nodes: 23, Evaluated States: 33, Time: 0.066) Frontier Size: 10
f(n) = 11.0 (Expanded Nodes: 25, Evaluated States: 36, Time: 0.067) Frontier Size: 11
f(n) = 12.0 (Expanded Nodes: 27, Evaluated States: 39, Time: 0.067) Frontier Size: 12
f(n) = 13.0 (Expanded Nodes: 29, Evaluated States: 42, Time: 0.068) Frontier Size: 13
f(n) = 14.0 (Expanded Nodes: 31, Evaluated States: 45, Time: 0.069) Frontier Size: 14
f(n) = 15.0 (Expanded Nodes: 33, Evaluated States: 48, Time: 0.069) Frontier Size: 15
f(n) = 16.0 (Expanded Nodes: 35, Evaluated States: 51, Time: 0.07) Frontier Size: 16
f(n) = 17.0 (Expanded Nodes: 40, Evaluated States: 58, Time: 0.077) Frontier Size: 18
f(n) = 18.0 (Expanded Nodes: 42, Evaluated States: 61, Time: 0.078) Frontier Size: 19
f(n) = 19.0 (Expanded Nodes: 44, Evaluated States: 64, Time: 0.078) Frontier Size: 20
f(n) = 20.0 (Expanded Nodes: 46, Evaluated States: 67, Time: 0.084) Frontier Size: 21
f(n) = 21.0 (Expanded Nodes: 48, Evaluated States: 70, Time: 0.084) Frontier Size: 22
f(n) = 22.0 (Expanded Nodes: 50, Evaluated States: 73, Time: 0.084) Frontier Size: 23
f(n) = 23.0 (Expanded Nodes: 52, Evaluated States: 76, Time: 0.085) Frontier Size: 24
f(n) = 24.0 (Expanded Nodes: 54, Evaluated States: 79, Time: 0.085) Frontier Size: 25
f(n) = 25.0 (Expanded Nodes: 56, Evaluated States: 82, Time: 0.086) Frontier Size: 26
f(n) = 26.0 (Expanded Nodes: 58, Evaluated States: 85, Time: 0.086) Frontier Size: 27
f(n) = 27.0 (Expanded Nodes: 60, Evaluated States: 88, Time: 0.089) Frontier Size: 28
f(n) = 28.0 (Expanded Nodes: 62, Evaluated States: 91, Time: 0.093) Frontier Size: 29
f(n) = 29.0 (Expanded Nodes: 64, Evaluated States: 94, Time: 0.094) Frontier Size: 30
Extracting plan with execution delta: 1.0
Problem Solved

Found Plan:
0: (validate_payload t0 a10 t1)
0: (sync_actions t0 t1 a10)
0: -----waiting---- [16.0]
16.0: (validate_payload t1 a16 t2)
16.0: (sync_actions t1 t2 a16)
16.0: -----waiting---- [29.0]
29.0: (validate_payload t2 a18 t3)
29.0: (sync_actions t2 t3 a18)
29.0: (add_action a19)
29.0: (check_added_parameter_model a19)
29.0: (add_move_automata a19)
29.0: (stop_wait)
29.0: (add_action a17)
29.0: (check_added_parameter_model a17)
29.0: (add_move_automata a17)
29.0: (stop_wait)
29.0: (add_action a11)
29.0: (add_parameter a11 sDEC2_1 categorical c2)
29.0: (check_added_parameter_model a11)
29.0: (add_move_automata a11)
29.0: (stop_wait)
29.0: (add_action a14)
29.0: (check_added_parameter_model a14)
29.0: (add_move_automata a14)
29.0: (stop_wait)
29.0: (add_action a2)
29.0: (check_added_parameter_model a2)
29.0: (add_move_automata a2)
29.0: (stop_wait)
29.0: (add_action a15)
29.0: (check_added_parameter_model a15)
29.0: (add_move_automata a15)
29.0: (stop_wait)
29.0: (add_action a5)
29.0: (check_added_parameter_model a5)
29.0: (add_move_automata a5)
29.0: (stop_wait)
29.0: (add_action a0)
29.0: (check_added_parameter_model a0)
29.0: (add_move_automata a0)
29.0: (stop_wait)
29.0: (add_action a1)
29.0: (check_added_parameter_model a1)
29.0: (add_move_automata a1)

Plan-Length:71
Elapsed Time: 29.0
Metric (Search):29.0
Planning Time (msec): 156
Heuristic Time (msec): 6
Search Time (msec): 150
Expanded Nodes:240
States Evaluated:295
Number of Dead-Ends detected:0
Number of Duplicates detected:119
/usr/bin/time -v timeout 600 java -Xmx64g -jar ./enhsp3.jar -o ./domain_framed_autonomy_process_reset.pddl -f ./problems/a20g6-prefix-3-a20g6_7_data/problem10.pddl -h blind -s WAStar
Domain parsed
Problem parsed
Grounding..
Grounding Time: 13858
UFX:true
|F|:28935
|X|:22
Heuristic Problem Creation
|A|:1230
|P|:2
|E|:0
Delta time heuristic model:1.0
Delta time planning model:1.0
Delta time search-execution model:1.0
Delta time validation model:1
h(I):0.0
f(n) = 1.0 (Expanded Nodes: 5, Evaluated States: 6, Time: 0.027) Frontier Size: 1
f(n) = 2.0 (Expanded Nodes: 7, Evaluated States: 9, Time: 0.055) Frontier Size: 2
f(n) = 3.0 (Expanded Nodes: 9, Evaluated States: 12, Time: 0.057) Frontier Size: 3
f(n) = 4.0 (Expanded Nodes: 11, Evaluated States: 15, Time: 0.058) Frontier Size: 4
f(n) = 5.0 (Expanded Nodes: 13, Evaluated States: 18, Time: 0.058) Frontier Size: 5
f(n) = 6.0 (Expanded Nodes: 15, Evaluated States: 21, Time: 0.059) Frontier Size: 6
f(n) = 7.0 (Expanded Nodes: 17, Evaluated States: 24, Time: 0.065) Frontier Size: 7
f(n) = 8.0 (Expanded Nodes: 19, Evaluated States: 27, Time: 0.068) Frontier Size: 8
f(n) = 9.0 (Expanded Nodes: 21, Evaluated States: 30, Time: 0.069) Frontier Size: 9
f(n) = 10.0 (Expanded Nodes: 23, Evaluated States: 33, Time: 0.07) Frontier Size: 10
f(n) = 11.0 (Expanded Nodes: 25, Evaluated States: 36, Time: 0.07) Frontier Size: 11
f(n) = 12.0 (Expanded Nodes: 27, Evaluated States: 39, Time: 0.071) Frontier Size: 12
f(n) = 13.0 (Expanded Nodes: 29, Evaluated States: 42, Time: 0.073) Frontier Size: 13
f(n) = 14.0 (Expanded Nodes: 31, Evaluated States: 45, Time: 0.077) Frontier Size: 14
f(n) = 15.0 (Expanded Nodes: 33, Evaluated States: 48, Time: 0.078) Frontier Size: 15
f(n) = 16.0 (Expanded Nodes: 35, Evaluated States: 51, Time: 0.078) Frontier Size: 16
f(n) = 17.0 (Expanded Nodes: 37, Evaluated States: 54, Time: 0.079) Frontier Size: 17
f(n) = 18.0 (Expanded Nodes: 39, Evaluated States: 57, Time: 0.08) Frontier Size: 18
f(n) = 19.0 (Expanded Nodes: 41, Evaluated States: 60, Time: 0.08) Frontier Size: 19
f(n) = 20.0 (Expanded Nodes: 43, Evaluated States: 63, Time: 0.085) Frontier Size: 20
f(n) = 21.0 (Expanded Nodes: 48, Evaluated States: 70, Time: 0.087) Frontier Size: 22
f(n) = 22.0 (Expanded Nodes: 50, Evaluated States: 73, Time: 0.087) Frontier Size: 23
f(n) = 23.0 (Expanded Nodes: 52, Evaluated States: 76, Time: 0.088) Frontier Size: 24
f(n) = 24.0 (Expanded Nodes: 54, Evaluated States: 79, Time: 0.095) Frontier Size: 25
f(n) = 25.0 (Expanded Nodes: 56, Evaluated States: 82, Time: 0.096) Frontier Size: 26
f(n) = 26.0 (Expanded Nodes: 58, Evaluated States: 85, Time: 0.096) Frontier Size: 27
f(n) = 27.0 (Expanded Nodes: 60, Evaluated States: 88, Time: 0.097) Frontier Size: 28
f(n) = 28.0 (Expanded Nodes: 62, Evaluated States: 91, Time: 0.097) Frontier Size: 29
f(n) = 29.0 (Expanded Nodes: 64, Evaluated States: 94, Time: 0.097) Frontier Size: 30
f(n) = 30.0 (Expanded Nodes: 66, Evaluated States: 97, Time: 0.098) Frontier Size: 31
f(n) = 31.0 (Expanded Nodes: 68, Evaluated States: 100, Time: 0.098) Frontier Size: 32
f(n) = 32.0 (Expanded Nodes: 70, Evaluated States: 103, Time: 0.099) Frontier Size: 33
f(n) = 33.0 (Expanded Nodes: 72, Evaluated States: 106, Time: 0.099) Frontier Size: 34
f(n) = 34.0 (Expanded Nodes: 74, Evaluated States: 109, Time: 0.105) Frontier Size: 35
f(n) = 35.0 (Expanded Nodes: 76, Evaluated States: 112, Time: 0.105) Frontier Size: 36
f(n) = 36.0 (Expanded Nodes: 78, Evaluated States: 115, Time: 0.107) Frontier Size: 37
f(n) = 37.0 (Expanded Nodes: 80, Evaluated States: 118, Time: 0.11) Frontier Size: 38
Extracting plan with execution delta: 1.0
Problem Solved

Found Plan:
0: (validate_payload t0 a10 t1)
0: (sync_actions t0 t1 a10)
0: -----waiting---- [20.0]
20.0: (validate_payload t1 a16 t2)
20.0: (sync_actions t1 t2 a16)
20.0: -----waiting---- [37.0]
37.0: (validate_payload t2 a18 t3)
37.0: (sync_actions t2 t3 a18)
37.0: (add_action a19)
37.0: (check_added_parameter_model a19)
37.0: (add_move_automata a19)
37.0: (stop_wait)
37.0: (add_action a17)
37.0: (check_added_parameter_model a17)
37.0: (add_move_automata a17)
37.0: (stop_wait)
37.0: (add_action a11)
37.0: (add_parameter a11 sDEC2_1 categorical c2)
37.0: (check_added_parameter_model a11)
37.0: (add_move_automata a11)
37.0: (stop_wait)
37.0: (add_action a14)
37.0: (check_added_parameter_model a14)
37.0: (add_move_automata a14)
37.0: (stop_wait)
37.0: (add_action a2)
37.0: (check_added_parameter_model a2)
37.0: (add_move_automata a2)
37.0: (stop_wait)
37.0: (add_action a15)
37.0: (check_added_parameter_model a15)
37.0: (add_move_automata a15)
37.0: (stop_wait)
37.0: (add_action a5)
37.0: (check_added_parameter_model a5)
37.0: (add_move_automata a5)
37.0: (stop_wait)
37.0: (add_action a0)
37.0: (check_added_parameter_model a0)
37.0: (add_move_automata a0)
37.0: (stop_wait)
37.0: (add_action a1)
37.0: (check_added_parameter_model a1)
37.0: (add_move_automata a1)

Plan-Length:79
Elapsed Time: 37.0
Metric (Search):37.0
Planning Time (msec): 184
Heuristic Time (msec): 9
Search Time (msec): 172
Expanded Nodes:221
States Evaluated:290
Number of Dead-Ends detected:0
Number of Duplicates detected:111
Loading openjdk/17.0.8.1_1
  Loading requirement: glibc/2.35-aocc-3.2.0-wetwhfr
    gcc-runtime/12.1.0-gcc-12.1.0-uotjsm3 glibc/2.35-aocc-3.2.0-dkzxmta
	Command being timed: "timeout 600 java -Xmx64g -jar ./enhsp3.jar -o ./domain_framed_autonomy_process_reset.pddl -f ./problems/a20g6-prefix-3-a20g6_7_data/problem1.pddl -h blind -s WAStar -dap -dl 1500"
	User time (seconds): 32.75
	System time (seconds): 1.57
	Percent of CPU this job got: 99%
	Elapsed (wall clock) time (h:mm:ss or m:ss): 0:34.37
	Average shared text size (kbytes): 0
	Average unshared data size (kbytes): 0
	Average stack size (kbytes): 0
	Average total size (kbytes): 0
	Maximum resident set size (kbytes): 2773964
	Average resident set size (kbytes): 0
	Major (requiring I/O) page faults: 0
	Minor (reclaiming a frame) page faults: 1661835
	Voluntary context switches: 3941
	Involuntary context switches: 5596
	Swaps: 0
	File system inputs: 0
	File system outputs: 216
	Socket messages sent: 0
	Socket messages received: 0
	Signals delivered: 0
	Page size (bytes): 4096
	Exit status: 0
	Command being timed: "timeout 600 java -Xmx64g -jar ./enhsp3.jar -o ./domain_framed_autonomy_process_reset.pddl -f ./problems/a20g6-prefix-3-a20g6_7_data/problem2.pddl -h blind -s WAStar -dap -dl 1500"
	User time (seconds): 32.86
	System time (seconds): 1.59
	Percent of CPU this job got: 99%
	Elapsed (wall clock) time (h:mm:ss or m:ss): 0:34.67
	Average shared text size (kbytes): 0
	Average unshared data size (kbytes): 0
	Average stack size (kbytes): 0
	Average total size (kbytes): 0
	Maximum resident set size (kbytes): 2769120
	Average resident set size (kbytes): 0
	Major (requiring I/O) page faults: 0
	Minor (reclaiming a frame) page faults: 1659940
	Voluntary context switches: 4031
	Involuntary context switches: 5531
	Swaps: 0
	File system inputs: 0
	File system outputs: 248
	Socket messages sent: 0
	Socket messages received: 0
	Signals delivered: 0
	Page size (bytes): 4096
	Exit status: 0
	Command being timed: "timeout 600 java -Xmx64g -jar ./enhsp3.jar -o ./domain_framed_autonomy_process_reset.pddl -f ./problems/a20g6-prefix-3-a20g6_7_data/problem3.pddl -h blind -s WAStar -dap -dl 1500"
	User time (seconds): 32.54
	System time (seconds): 1.57
	Percent of CPU this job got: 99%
	Elapsed (wall clock) time (h:mm:ss or m:ss): 0:34.15
	Average shared text size (kbytes): 0
	Average unshared data size (kbytes): 0
	Average stack size (kbytes): 0
	Average total size (kbytes): 0
	Maximum resident set size (kbytes): 2771416
	Average resident set size (kbytes): 0
	Major (requiring I/O) page faults: 0
	Minor (reclaiming a frame) page faults: 1604219
	Voluntary context switches: 4202
	Involuntary context switches: 5583
	Swaps: 0
	File system inputs: 0
	File system outputs: 256
	Socket messages sent: 0
	Socket messages received: 0
	Signals delivered: 0
	Page size (bytes): 4096
	Exit status: 0
	Command being timed: "timeout 600 java -Xmx64g -jar ./enhsp3.jar -o ./domain_framed_autonomy_process_reset.pddl -f ./problems/a20g6-prefix-3-a20g6_7_data/problem4.pddl -h blind -s WAStar -dap -dl 1500"
	User time (seconds): 32.33
	System time (seconds): 1.60
	Percent of CPU this job got: 99%
	Elapsed (wall clock) time (h:mm:ss or m:ss): 0:33.96
	Average shared text size (kbytes): 0
	Average unshared data size (kbytes): 0
	Average stack size (kbytes): 0
	Average total size (kbytes): 0
	Maximum resident set size (kbytes): 2815472
	Average resident set size (kbytes): 0
	Major (requiring I/O) page faults: 0
	Minor (reclaiming a frame) page faults: 1690764
	Voluntary context switches: 4087
	Involuntary context switches: 5414
	Swaps: 0
	File system inputs: 0
	File system outputs: 240
	Socket messages sent: 0
	Socket messages received: 0
	Signals delivered: 0
	Page size (bytes): 4096
	Exit status: 0
	Command being timed: "timeout 600 java -Xmx64g -jar ./enhsp3.jar -o ./domain_framed_autonomy_process_reset.pddl -f ./problems/a20g6-prefix-3-a20g6_7_data/problem5.pddl -h blind -s WAStar -dap -dl 1500"
	User time (seconds): 32.86
	System time (seconds): 1.57
	Percent of CPU this job got: 99%
	Elapsed (wall clock) time (h:mm:ss or m:ss): 0:34.46
	Average shared text size (kbytes): 0
	Average unshared data size (kbytes): 0
	Average stack size (kbytes): 0
	Average total size (kbytes): 0
	Maximum resident set size (kbytes): 2771796
	Average resident set size (kbytes): 0
	Major (requiring I/O) page faults: 0
	Minor (reclaiming a frame) page faults: 1693657
	Voluntary context switches: 4081
	Involuntary context switches: 5633
	Swaps: 0
	File system inputs: 0
	File system outputs: 256
	Socket messages sent: 0
	Socket messages received: 0
	Signals delivered: 0
	Page size (bytes): 4096
	Exit status: 0
	Command being timed: "timeout 600 java -Xmx64g -jar ./enhsp3.jar -o ./domain_framed_autonomy_process_reset.pddl -f ./problems/a20g6-prefix-3-a20g6_7_data/problem6.pddl -h blind -s WAStar -dap -dl 1500"
	User time (seconds): 33.34
	System time (seconds): 1.54
	Percent of CPU this job got: 99%
	Elapsed (wall clock) time (h:mm:ss or m:ss): 0:34.92
	Average shared text size (kbytes): 0
	Average unshared data size (kbytes): 0
	Average stack size (kbytes): 0
	Average total size (kbytes): 0
	Maximum resident set size (kbytes): 2777732
	Average resident set size (kbytes): 0
	Major (requiring I/O) page faults: 0
	Minor (reclaiming a frame) page faults: 1641583
	Voluntary context switches: 4167
	Involuntary context switches: 5838
	Swaps: 0
	File system inputs: 0
	File system outputs: 264
	Socket messages sent: 0
	Socket messages received: 0
	Signals delivered: 0
	Page size (bytes): 4096
	Exit status: 0
	Command being timed: "timeout 600 java -Xmx64g -jar ./enhsp3.jar -o ./domain_framed_autonomy_process_reset.pddl -f ./problems/a20g6-prefix-3-a20g6_7_data/problem7.pddl -h blind -s WAStar -dap -dl 1500"
	User time (seconds): 33.09
	System time (seconds): 1.55
	Percent of CPU this job got: 99%
	Elapsed (wall clock) time (h:mm:ss or m:ss): 0:34.70
	Average shared text size (kbytes): 0
	Average unshared data size (kbytes): 0
	Average stack size (kbytes): 0
	Average total size (kbytes): 0
	Maximum resident set size (kbytes): 2778592
	Average resident set size (kbytes): 0
	Major (requiring I/O) page faults: 0
	Minor (reclaiming a frame) page faults: 1639976
	Voluntary context switches: 4114
	Involuntary context switches: 5781
	Swaps: 0
	File system inputs: 0
	File system outputs: 272
	Socket messages sent: 0
	Socket messages received: 0
	Signals delivered: 0
	Page size (bytes): 4096
	Exit status: 0
	Command being timed: "timeout 600 java -Xmx64g -jar ./enhsp3.jar -o ./domain_framed_autonomy_process_reset.pddl -f ./problems/a20g6-prefix-3-a20g6_7_data/problem8.pddl -h blind -s WAStar -dap -dl 1500"
	User time (seconds): 33.11
	System time (seconds): 1.62
	Percent of CPU this job got: 99%
	Elapsed (wall clock) time (h:mm:ss or m:ss): 0:34.78
	Average shared text size (kbytes): 0
	Average unshared data size (kbytes): 0
	Average stack size (kbytes): 0
	Average total size (kbytes): 0
	Maximum resident set size (kbytes): 2771952
	Average resident set size (kbytes): 0
	Major (requiring I/O) page faults: 0
	Minor (reclaiming a frame) page faults: 1700139
	Voluntary context switches: 4081
	Involuntary context switches: 5778
	Swaps: 0
	File system inputs: 0
	File system outputs: 240
	Socket messages sent: 0
	Socket messages received: 0
	Signals delivered: 0
	Page size (bytes): 4096
	Exit status: 0
	Command being timed: "timeout 600 java -Xmx64g -jar ./enhsp3.jar -o ./domain_framed_autonomy_process_reset.pddl -f ./problems/a20g6-prefix-3-a20g6_7_data/problem9.pddl -h blind -s WAStar -dap -dl 1500"
	User time (seconds): 33.12
	System time (seconds): 1.64
	Percent of CPU this job got: 99%
	Elapsed (wall clock) time (h:mm:ss or m:ss): 0:34.81
	Average shared text size (kbytes): 0
	Average unshared data size (kbytes): 0
	Average stack size (kbytes): 0
	Average total size (kbytes): 0
	Maximum resident set size (kbytes): 2766916
	Average resident set size (kbytes): 0
	Major (requiring I/O) page faults: 0
	Minor (reclaiming a frame) page faults: 1703390
	Voluntary context switches: 3858
	Involuntary context switches: 5592
	Swaps: 0
	File system inputs: 0
	File system outputs: 272
	Socket messages sent: 0
	Socket messages received: 0
	Signals delivered: 0
	Page size (bytes): 4096
	Exit status: 0
	Command being timed: "timeout 600 java -Xmx64g -jar ./enhsp3.jar -o ./domain_framed_autonomy_process_reset.pddl -f ./problems/a20g6-prefix-3-a20g6_7_data/problem10.pddl -h blind -s WAStar -dap -dl 1500"
	User time (seconds): 32.73
	System time (seconds): 1.54
	Percent of CPU this job got: 99%
	Elapsed (wall clock) time (h:mm:ss or m:ss): 0:34.30
	Average shared text size (kbytes): 0
	Average unshared data size (kbytes): 0
	Average stack size (kbytes): 0
	Average total size (kbytes): 0
	Maximum resident set size (kbytes): 2767916
	Average resident set size (kbytes): 0
	Major (requiring I/O) page faults: 0
	Minor (reclaiming a frame) page faults: 1665169
	Voluntary context switches: 3682
	Involuntary context switches: 5331
	Swaps: 0
	File system inputs: 0
	File system outputs: 256
	Socket messages sent: 0
	Socket messages received: 0
	Signals delivered: 0
	Page size (bytes): 4096
	Exit status: 0
