/usr/bin/time -v timeout 600 java -Xmx64g -jar ./enhsp3.jar -o ./domain_framed_autonomy_process_reset.pddl -f ./problems/a20g6-prefix-1-a20g6_5_data/problem1.pddl -h blind -s WAStar
Domain parsed
Problem parsed
Grounding..
Grounding Time: 7152
UFX:true
|F|:19263
|X|:14
Heuristic Problem Creation
|A|:833
|P|:2
|E|:0
Delta time heuristic model:1.0
Delta time planning model:1.0
Delta time search-execution model:1.0
Delta time validation model:1
h(I):0.0
Extracting plan with execution delta: 1.0
Problem Solved

Found Plan:
0: (validate_payload t0 a10 t1)
0: (sync_actions t0 t1 a10)
0: (add_action a6)
0: (check_added_parameter_model a6)
0: (add_move_automata a6)
0: (stop_wait)
0: (add_action a7)
0: (check_added_parameter_model a7)
0: (add_move_automata a7)
0: (stop_wait)
0: (add_action a8)
0: (check_added_parameter_model a8)
0: (add_move_automata a8)
0: (stop_wait)
0: (add_action a9)
0: (check_added_parameter_model a9)
0: (add_move_automata a9)
0: (stop_wait)
0: (add_action a11)
0: (check_added_parameter_model a11)
0: (add_move_automata a11)
0: (stop_wait)
0: (add_action a14)
0: (check_added_parameter_model a14)
0: (add_move_automata a14)
0: (stop_wait)
0: (add_action a2)
0: (check_added_parameter_model a2)
0: (add_move_automata a2)
0: (stop_wait)
0: (add_action a15)
0: (check_added_parameter_model a15)
0: (add_move_automata a15)
0: (stop_wait)
0: (add_action a5)
0: (check_added_parameter_model a5)
0: (add_move_automata a5)
0: (stop_wait)
0: (add_action a0)
0: (check_added_parameter_model a0)
0: (add_move_automata a0)
0: (stop_wait)
0: (add_action a1)
0: (check_added_parameter_model a1)
0: (add_move_automata a1)

Plan-Length:45
Elapsed Time: 0
Metric (Search):0.0
Planning Time (msec): 82
Heuristic Time (msec): 6
Search Time (msec): 70
Expanded Nodes:103
States Evaluated:120
Number of Dead-Ends detected:0
Number of Duplicates detected:63
/usr/bin/time -v timeout 600 java -Xmx64g -jar ./enhsp3.jar -o ./domain_framed_autonomy_process_reset.pddl -f ./problems/a20g6-prefix-1-a20g6_5_data/problem2.pddl -h blind -s WAStar
Domain parsed
Problem parsed
Grounding..
Grounding Time: 7139
UFX:true
|F|:19263
|X|:14
Heuristic Problem Creation
|A|:833
|P|:2
|E|:0
Delta time heuristic model:1.0
Delta time planning model:1.0
Delta time search-execution model:1.0
Delta time validation model:1
h(I):0.0
Extracting plan with execution delta: 1.0
Problem Solved

Found Plan:
0: (validate_payload t0 a10 t1)
0: (sync_actions t0 t1 a10)
0: (add_action a6)
0: (check_added_parameter_model a6)
0: (add_move_automata a6)
0: (stop_wait)
0: (add_action a7)
0: (check_added_parameter_model a7)
0: (add_move_automata a7)
0: (stop_wait)
0: (add_action a8)
0: (check_added_parameter_model a8)
0: (add_move_automata a8)
0: (stop_wait)
0: (add_action a9)
0: (check_added_parameter_model a9)
0: (add_move_automata a9)
0: (stop_wait)
0: (add_action a11)
0: (check_added_parameter_model a11)
0: (add_move_automata a11)
0: (stop_wait)
0: (add_action a14)
0: (check_added_parameter_model a14)
0: (add_move_automata a14)
0: (stop_wait)
0: (add_action a2)
0: (check_added_parameter_model a2)
0: (add_move_automata a2)
0: (stop_wait)
0: (add_action a15)
0: (check_added_parameter_model a15)
0: (add_move_automata a15)
0: (stop_wait)
0: (add_action a5)
0: (check_added_parameter_model a5)
0: (add_move_automata a5)
0: (stop_wait)
0: (add_action a0)
0: (check_added_parameter_model a0)
0: (add_move_automata a0)
0: (stop_wait)
0: (add_action a1)
0: (check_added_parameter_model a1)
0: (add_move_automata a1)

Plan-Length:45
Elapsed Time: 0
Metric (Search):0.0
Planning Time (msec): 86
Heuristic Time (msec): 5
Search Time (msec): 74
Expanded Nodes:103
States Evaluated:120
Number of Dead-Ends detected:0
Number of Duplicates detected:63
/usr/bin/time -v timeout 600 java -Xmx64g -jar ./enhsp3.jar -o ./domain_framed_autonomy_process_reset.pddl -f ./problems/a20g6-prefix-1-a20g6_5_data/problem3.pddl -h blind -s WAStar
Domain parsed
Problem parsed
Grounding..
Grounding Time: 7215
UFX:true
|F|:19263
|X|:14
Heuristic Problem Creation
|A|:833
|P|:2
|E|:0
Delta time heuristic model:1.0
Delta time planning model:1.0
Delta time search-execution model:1.0
Delta time validation model:1
h(I):0.0
Extracting plan with execution delta: 1.0
Problem Solved

Found Plan:
0: (validate_payload t0 a10 t1)
0: (sync_actions t0 t1 a10)
0: (add_action a6)
0: (check_added_parameter_model a6)
0: (add_move_automata a6)
0: (stop_wait)
0: (add_action a7)
0: (check_added_parameter_model a7)
0: (add_move_automata a7)
0: (stop_wait)
0: (add_action a8)
0: (check_added_parameter_model a8)
0: (add_move_automata a8)
0: (stop_wait)
0: (add_action a9)
0: (check_added_parameter_model a9)
0: (add_move_automata a9)
0: (stop_wait)
0: (add_action a11)
0: (check_added_parameter_model a11)
0: (add_move_automata a11)
0: (stop_wait)
0: (add_action a14)
0: (check_added_parameter_model a14)
0: (add_move_automata a14)
0: (stop_wait)
0: (add_action a2)
0: (check_added_parameter_model a2)
0: (add_move_automata a2)
0: (stop_wait)
0: (add_action a15)
0: (check_added_parameter_model a15)
0: (add_move_automata a15)
0: (stop_wait)
0: (add_action a5)
0: (check_added_parameter_model a5)
0: (add_move_automata a5)
0: (stop_wait)
0: (add_action a0)
0: (check_added_parameter_model a0)
0: (add_move_automata a0)
0: (stop_wait)
0: (add_action a1)
0: (check_added_parameter_model a1)
0: (add_move_automata a1)

Plan-Length:45
Elapsed Time: 0
Metric (Search):0.0
Planning Time (msec): 90
Heuristic Time (msec): 7
Search Time (msec): 79
Expanded Nodes:103
States Evaluated:120
Number of Dead-Ends detected:0
Number of Duplicates detected:63
/usr/bin/time -v timeout 600 java -Xmx64g -jar ./enhsp3.jar -o ./domain_framed_autonomy_process_reset.pddl -f ./problems/a20g6-prefix-1-a20g6_5_data/problem4.pddl -h blind -s WAStar
Domain parsed
Problem parsed
Grounding..
Grounding Time: 7356
UFX:true
|F|:19263
|X|:14
Heuristic Problem Creation
|A|:833
|P|:2
|E|:0
Delta time heuristic model:1.0
Delta time planning model:1.0
Delta time search-execution model:1.0
Delta time validation model:1
h(I):0.0
Extracting plan with execution delta: 1.0
Problem Solved

Found Plan:
0: (validate_payload t0 a10 t1)
0: (sync_actions t0 t1 a10)
0: (add_action a6)
0: (check_added_parameter_model a6)
0: (add_move_automata a6)
0: (stop_wait)
0: (add_action a7)
0: (check_added_parameter_model a7)
0: (add_move_automata a7)
0: (stop_wait)
0: (add_action a8)
0: (check_added_parameter_model a8)
0: (add_move_automata a8)
0: (stop_wait)
0: (add_action a9)
0: (check_added_parameter_model a9)
0: (add_move_automata a9)
0: (stop_wait)
0: (add_action a11)
0: (check_added_parameter_model a11)
0: (add_move_automata a11)
0: (stop_wait)
0: (add_action a14)
0: (check_added_parameter_model a14)
0: (add_move_automata a14)
0: (stop_wait)
0: (add_action a2)
0: (check_added_parameter_model a2)
0: (add_move_automata a2)
0: (stop_wait)
0: (add_action a15)
0: (check_added_parameter_model a15)
0: (add_move_automata a15)
0: (stop_wait)
0: (add_action a5)
0: (check_added_parameter_model a5)
0: (add_move_automata a5)
0: (stop_wait)
0: (add_action a0)
0: (check_added_parameter_model a0)
0: (add_move_automata a0)
0: (stop_wait)
0: (add_action a1)
0: (check_added_parameter_model a1)
0: (add_move_automata a1)

Plan-Length:45
Elapsed Time: 0
Metric (Search):0.0
Planning Time (msec): 91
Heuristic Time (msec): 8
Search Time (msec): 80
Expanded Nodes:103
States Evaluated:120
Number of Dead-Ends detected:0
Number of Duplicates detected:63
/usr/bin/time -v timeout 600 java -Xmx64g -jar ./enhsp3.jar -o ./domain_framed_autonomy_process_reset.pddl -f ./problems/a20g6-prefix-1-a20g6_5_data/problem5.pddl -h blind -s WAStar
Domain parsed
Problem parsed
Grounding..
Grounding Time: 7653
UFX:true
|F|:19263
|X|:14
Heuristic Problem Creation
|A|:833
|P|:2
|E|:0
Delta time heuristic model:1.0
Delta time planning model:1.0
Delta time search-execution model:1.0
Delta time validation model:1
h(I):0.0
Extracting plan with execution delta: 1.0
Problem Solved

Found Plan:
0: (validate_payload t0 a10 t1)
0: (sync_actions t0 t1 a10)
0: (add_action a6)
0: (check_added_parameter_model a6)
0: (add_move_automata a6)
0: (stop_wait)
0: (add_action a7)
0: (check_added_parameter_model a7)
0: (add_move_automata a7)
0: (stop_wait)
0: (add_action a8)
0: (check_added_parameter_model a8)
0: (add_move_automata a8)
0: (stop_wait)
0: (add_action a9)
0: (check_added_parameter_model a9)
0: (add_move_automata a9)
0: (stop_wait)
0: (add_action a11)
0: (check_added_parameter_model a11)
0: (add_move_automata a11)
0: (stop_wait)
0: (add_action a14)
0: (check_added_parameter_model a14)
0: (add_move_automata a14)
0: (stop_wait)
0: (add_action a2)
0: (check_added_parameter_model a2)
0: (add_move_automata a2)
0: (stop_wait)
0: (add_action a15)
0: (check_added_parameter_model a15)
0: (add_move_automata a15)
0: (stop_wait)
0: (add_action a5)
0: (check_added_parameter_model a5)
0: (add_move_automata a5)
0: (stop_wait)
0: (add_action a0)
0: (check_added_parameter_model a0)
0: (add_move_automata a0)
0: (stop_wait)
0: (add_action a1)
0: (check_added_parameter_model a1)
0: (add_move_automata a1)

Plan-Length:45
Elapsed Time: 0
Metric (Search):0.0
Planning Time (msec): 83
Heuristic Time (msec): 7
Search Time (msec): 73
Expanded Nodes:103
States Evaluated:120
Number of Dead-Ends detected:0
Number of Duplicates detected:63
/usr/bin/time -v timeout 600 java -Xmx64g -jar ./enhsp3.jar -o ./domain_framed_autonomy_process_reset.pddl -f ./problems/a20g6-prefix-1-a20g6_5_data/problem6.pddl -h blind -s WAStar
Domain parsed
Problem parsed
Grounding..
Grounding Time: 7120
UFX:true
|F|:19263
|X|:14
Heuristic Problem Creation
|A|:833
|P|:2
|E|:0
Delta time heuristic model:1.0
Delta time planning model:1.0
Delta time search-execution model:1.0
Delta time validation model:1
h(I):0.0
Extracting plan with execution delta: 1.0
Problem Solved

Found Plan:
0: (validate_payload t0 a10 t1)
0: (sync_actions t0 t1 a10)
0: (add_action a6)
0: (check_added_parameter_model a6)
0: (add_move_automata a6)
0: (stop_wait)
0: (add_action a7)
0: (check_added_parameter_model a7)
0: (add_move_automata a7)
0: (stop_wait)
0: (add_action a8)
0: (check_added_parameter_model a8)
0: (add_move_automata a8)
0: (stop_wait)
0: (add_action a9)
0: (check_added_parameter_model a9)
0: (add_move_automata a9)
0: (stop_wait)
0: (add_action a11)
0: (check_added_parameter_model a11)
0: (add_move_automata a11)
0: (stop_wait)
0: (add_action a14)
0: (check_added_parameter_model a14)
0: (add_move_automata a14)
0: (stop_wait)
0: (add_action a2)
0: (check_added_parameter_model a2)
0: (add_move_automata a2)
0: (stop_wait)
0: (add_action a15)
0: (check_added_parameter_model a15)
0: (add_move_automata a15)
0: (stop_wait)
0: (add_action a5)
0: (check_added_parameter_model a5)
0: (add_move_automata a5)
0: (stop_wait)
0: (add_action a0)
0: (check_added_parameter_model a0)
0: (add_move_automata a0)
0: (stop_wait)
0: (add_action a1)
0: (check_added_parameter_model a1)
0: (add_move_automata a1)

Plan-Length:45
Elapsed Time: 0
Metric (Search):0.0
Planning Time (msec): 89
Heuristic Time (msec): 7
Search Time (msec): 74
Expanded Nodes:103
States Evaluated:120
Number of Dead-Ends detected:0
Number of Duplicates detected:63
/usr/bin/time -v timeout 600 java -Xmx64g -jar ./enhsp3.jar -o ./domain_framed_autonomy_process_reset.pddl -f ./problems/a20g6-prefix-1-a20g6_5_data/problem7.pddl -h blind -s WAStar
Domain parsed
Problem parsed
Grounding..
Grounding Time: 7063
UFX:true
|F|:19263
|X|:14
Heuristic Problem Creation
|A|:833
|P|:2
|E|:0
Delta time heuristic model:1.0
Delta time planning model:1.0
Delta time search-execution model:1.0
Delta time validation model:1
h(I):0.0
Extracting plan with execution delta: 1.0
Problem Solved

Found Plan:
0: (validate_payload t0 a10 t1)
0: (sync_actions t0 t1 a10)
0: (add_action a6)
0: (check_added_parameter_model a6)
0: (add_move_automata a6)
0: (stop_wait)
0: (add_action a7)
0: (check_added_parameter_model a7)
0: (add_move_automata a7)
0: (stop_wait)
0: (add_action a8)
0: (check_added_parameter_model a8)
0: (add_move_automata a8)
0: (stop_wait)
0: (add_action a9)
0: (check_added_parameter_model a9)
0: (add_move_automata a9)
0: (stop_wait)
0: (add_action a11)
0: (check_added_parameter_model a11)
0: (add_move_automata a11)
0: (stop_wait)
0: (add_action a14)
0: (check_added_parameter_model a14)
0: (add_move_automata a14)
0: (stop_wait)
0: (add_action a2)
0: (check_added_parameter_model a2)
0: (add_move_automata a2)
0: (stop_wait)
0: (add_action a15)
0: (check_added_parameter_model a15)
0: (add_move_automata a15)
0: (stop_wait)
0: (add_action a5)
0: (check_added_parameter_model a5)
0: (add_move_automata a5)
0: (stop_wait)
0: (add_action a0)
0: (check_added_parameter_model a0)
0: (add_move_automata a0)
0: (stop_wait)
0: (add_action a1)
0: (check_added_parameter_model a1)
0: (add_move_automata a1)

Plan-Length:45
Elapsed Time: 0
Metric (Search):0.0
Planning Time (msec): 83
Heuristic Time (msec): 7
Search Time (msec): 70
Expanded Nodes:103
States Evaluated:120
Number of Dead-Ends detected:0
Number of Duplicates detected:63
/usr/bin/time -v timeout 600 java -Xmx64g -jar ./enhsp3.jar -o ./domain_framed_autonomy_process_reset.pddl -f ./problems/a20g6-prefix-1-a20g6_5_data/problem8.pddl -h blind -s WAStar
Domain parsed
Problem parsed
Grounding..
Grounding Time: 7269
UFX:true
|F|:19263
|X|:14
Heuristic Problem Creation
|A|:833
|P|:2
|E|:0
Delta time heuristic model:1.0
Delta time planning model:1.0
Delta time search-execution model:1.0
Delta time validation model:1
h(I):0.0
Extracting plan with execution delta: 1.0
Problem Solved

Found Plan:
0: (validate_payload t0 a10 t1)
0: (sync_actions t0 t1 a10)
0: (add_action a6)
0: (check_added_parameter_model a6)
0: (add_move_automata a6)
0: (stop_wait)
0: (add_action a7)
0: (check_added_parameter_model a7)
0: (add_move_automata a7)
0: (stop_wait)
0: (add_action a8)
0: (check_added_parameter_model a8)
0: (add_move_automata a8)
0: (stop_wait)
0: (add_action a9)
0: (check_added_parameter_model a9)
0: (add_move_automata a9)
0: (stop_wait)
0: (add_action a11)
0: (check_added_parameter_model a11)
0: (add_move_automata a11)
0: (stop_wait)
0: (add_action a14)
0: (check_added_parameter_model a14)
0: (add_move_automata a14)
0: (stop_wait)
0: (add_action a2)
0: (check_added_parameter_model a2)
0: (add_move_automata a2)
0: (stop_wait)
0: (add_action a15)
0: (check_added_parameter_model a15)
0: (add_move_automata a15)
0: (stop_wait)
0: (add_action a5)
0: (check_added_parameter_model a5)
0: (add_move_automata a5)
0: (stop_wait)
0: (add_action a0)
0: (check_added_parameter_model a0)
0: (add_move_automata a0)
0: (stop_wait)
0: (add_action a1)
0: (check_added_parameter_model a1)
0: (add_move_automata a1)

Plan-Length:45
Elapsed Time: 0
Metric (Search):0.0
Planning Time (msec): 84
Heuristic Time (msec): 6
Search Time (msec): 73
Expanded Nodes:103
States Evaluated:120
Number of Dead-Ends detected:0
Number of Duplicates detected:63
/usr/bin/time -v timeout 600 java -Xmx64g -jar ./enhsp3.jar -o ./domain_framed_autonomy_process_reset.pddl -f ./problems/a20g6-prefix-1-a20g6_5_data/problem9.pddl -h blind -s WAStar
Domain parsed
Problem parsed
Grounding..
Grounding Time: 8197
UFX:true
|F|:19263
|X|:14
Heuristic Problem Creation
|A|:833
|P|:2
|E|:0
Delta time heuristic model:1.0
Delta time planning model:1.0
Delta time search-execution model:1.0
Delta time validation model:1
h(I):0.0
Extracting plan with execution delta: 1.0
Problem Solved

Found Plan:
0: (validate_payload t0 a10 t1)
0: (sync_actions t0 t1 a10)
0: (add_action a6)
0: (check_added_parameter_model a6)
0: (add_move_automata a6)
0: (stop_wait)
0: (add_action a7)
0: (check_added_parameter_model a7)
0: (add_move_automata a7)
0: (stop_wait)
0: (add_action a8)
0: (check_added_parameter_model a8)
0: (add_move_automata a8)
0: (stop_wait)
0: (add_action a9)
0: (check_added_parameter_model a9)
0: (add_move_automata a9)
0: (stop_wait)
0: (add_action a11)
0: (check_added_parameter_model a11)
0: (add_move_automata a11)
0: (stop_wait)
0: (add_action a14)
0: (check_added_parameter_model a14)
0: (add_move_automata a14)
0: (stop_wait)
0: (add_action a2)
0: (check_added_parameter_model a2)
0: (add_move_automata a2)
0: (stop_wait)
0: (add_action a15)
0: (check_added_parameter_model a15)
0: (add_move_automata a15)
0: (stop_wait)
0: (add_action a5)
0: (check_added_parameter_model a5)
0: (add_move_automata a5)
0: (stop_wait)
0: (add_action a0)
0: (check_added_parameter_model a0)
0: (add_move_automata a0)
0: (stop_wait)
0: (add_action a1)
0: (check_added_parameter_model a1)
0: (add_move_automata a1)

Plan-Length:45
Elapsed Time: 0
Metric (Search):0.0
Planning Time (msec): 80
Heuristic Time (msec): 5
Search Time (msec): 71
Expanded Nodes:103
States Evaluated:120
Number of Dead-Ends detected:0
Number of Duplicates detected:63
/usr/bin/time -v timeout 600 java -Xmx64g -jar ./enhsp3.jar -o ./domain_framed_autonomy_process_reset.pddl -f ./problems/a20g6-prefix-1-a20g6_5_data/problem10.pddl -h blind -s WAStar
Domain parsed
Problem parsed
Grounding..
Grounding Time: 7543
UFX:true
|F|:19263
|X|:14
Heuristic Problem Creation
|A|:833
|P|:2
|E|:0
Delta time heuristic model:1.0
Delta time planning model:1.0
Delta time search-execution model:1.0
Delta time validation model:1
h(I):0.0
Extracting plan with execution delta: 1.0
Problem Solved

Found Plan:
0: (validate_payload t0 a10 t1)
0: (sync_actions t0 t1 a10)
0: (add_action a6)
0: (check_added_parameter_model a6)
0: (add_move_automata a6)
0: (stop_wait)
0: (add_action a7)
0: (check_added_parameter_model a7)
0: (add_move_automata a7)
0: (stop_wait)
0: (add_action a8)
0: (check_added_parameter_model a8)
0: (add_move_automata a8)
0: (stop_wait)
0: (add_action a9)
0: (check_added_parameter_model a9)
0: (add_move_automata a9)
0: (stop_wait)
0: (add_action a11)
0: (check_added_parameter_model a11)
0: (add_move_automata a11)
0: (stop_wait)
0: (add_action a14)
0: (check_added_parameter_model a14)
0: (add_move_automata a14)
0: (stop_wait)
0: (add_action a2)
0: (check_added_parameter_model a2)
0: (add_move_automata a2)
0: (stop_wait)
0: (add_action a15)
0: (check_added_parameter_model a15)
0: (add_move_automata a15)
0: (stop_wait)
0: (add_action a5)
0: (check_added_parameter_model a5)
0: (add_move_automata a5)
0: (stop_wait)
0: (add_action a0)
0: (check_added_parameter_model a0)
0: (add_move_automata a0)
0: (stop_wait)
0: (add_action a1)
0: (check_added_parameter_model a1)
0: (add_move_automata a1)

Plan-Length:45
Elapsed Time: 0
Metric (Search):0.0
Planning Time (msec): 80
Heuristic Time (msec): 2
Search Time (msec): 66
Expanded Nodes:103
States Evaluated:120
Number of Dead-Ends detected:0
Number of Duplicates detected:63
Loading openjdk/17.0.8.1_1
  Loading requirement: glibc/2.35-aocc-3.2.0-wetwhfr
    gcc-runtime/12.1.0-gcc-12.1.0-uotjsm3 glibc/2.35-aocc-3.2.0-dkzxmta
	Command being timed: "timeout 600 java -Xmx64g -jar ./enhsp3.jar -o ./domain_framed_autonomy_process_reset.pddl -f ./problems/a20g6-prefix-1-a20g6_5_data/problem1.pddl -h blind -s WAStar -dap -dl 1500"
	User time (seconds): 15.63
	System time (seconds): 0.80
	Percent of CPU this job got: 99%
	Elapsed (wall clock) time (h:mm:ss or m:ss): 0:16.46
	Average shared text size (kbytes): 0
	Average unshared data size (kbytes): 0
	Average stack size (kbytes): 0
	Average total size (kbytes): 0
	Maximum resident set size (kbytes): 1474112
	Average resident set size (kbytes): 0
	Major (requiring I/O) page faults: 0
	Minor (reclaiming a frame) page faults: 738189
	Voluntary context switches: 3189
	Involuntary context switches: 4038
	Swaps: 0
	File system inputs: 0
	File system outputs: 136
	Socket messages sent: 0
	Socket messages received: 0
	Signals delivered: 0
	Page size (bytes): 4096
	Exit status: 0
	Command being timed: "timeout 600 java -Xmx64g -jar ./enhsp3.jar -o ./domain_framed_autonomy_process_reset.pddl -f ./problems/a20g6-prefix-1-a20g6_5_data/problem2.pddl -h blind -s WAStar -dap -dl 1500"
	User time (seconds): 15.46
	System time (seconds): 0.74
	Percent of CPU this job got: 99%
	Elapsed (wall clock) time (h:mm:ss or m:ss): 0:16.24
	Average shared text size (kbytes): 0
	Average unshared data size (kbytes): 0
	Average stack size (kbytes): 0
	Average total size (kbytes): 0
	Maximum resident set size (kbytes): 1466924
	Average resident set size (kbytes): 0
	Major (requiring I/O) page faults: 0
	Minor (reclaiming a frame) page faults: 754104
	Voluntary context switches: 3036
	Involuntary context switches: 3974
	Swaps: 0
	File system inputs: 0
	File system outputs: 144
	Socket messages sent: 0
	Socket messages received: 0
	Signals delivered: 0
	Page size (bytes): 4096
	Exit status: 0
	Command being timed: "timeout 600 java -Xmx64g -jar ./enhsp3.jar -o ./domain_framed_autonomy_process_reset.pddl -f ./problems/a20g6-prefix-1-a20g6_5_data/problem3.pddl -h blind -s WAStar -dap -dl 1500"
	User time (seconds): 15.72
	System time (seconds): 0.72
	Percent of CPU this job got: 99%
	Elapsed (wall clock) time (h:mm:ss or m:ss): 0:16.48
	Average shared text size (kbytes): 0
	Average unshared data size (kbytes): 0
	Average stack size (kbytes): 0
	Average total size (kbytes): 0
	Maximum resident set size (kbytes): 1466544
	Average resident set size (kbytes): 0
	Major (requiring I/O) page faults: 0
	Minor (reclaiming a frame) page faults: 694598
	Voluntary context switches: 3214
	Involuntary context switches: 4180
	Swaps: 0
	File system inputs: 0
	File system outputs: 144
	Socket messages sent: 0
	Socket messages received: 0
	Signals delivered: 0
	Page size (bytes): 4096
	Exit status: 0
	Command being timed: "timeout 600 java -Xmx64g -jar ./enhsp3.jar -o ./domain_framed_autonomy_process_reset.pddl -f ./problems/a20g6-prefix-1-a20g6_5_data/problem4.pddl -h blind -s WAStar -dap -dl 1500"
	User time (seconds): 16.13
	System time (seconds): 0.80
	Percent of CPU this job got: 99%
	Elapsed (wall clock) time (h:mm:ss or m:ss): 0:16.98
	Average shared text size (kbytes): 0
	Average unshared data size (kbytes): 0
	Average stack size (kbytes): 0
	Average total size (kbytes): 0
	Maximum resident set size (kbytes): 1471816
	Average resident set size (kbytes): 0
	Major (requiring I/O) page faults: 0
	Minor (reclaiming a frame) page faults: 736735
	Voluntary context switches: 3151
	Involuntary context switches: 4134
	Swaps: 0
	File system inputs: 0
	File system outputs: 144
	Socket messages sent: 0
	Socket messages received: 0
	Signals delivered: 0
	Page size (bytes): 4096
	Exit status: 0
	Command being timed: "timeout 600 java -Xmx64g -jar ./enhsp3.jar -o ./domain_framed_autonomy_process_reset.pddl -f ./problems/a20g6-prefix-1-a20g6_5_data/problem5.pddl -h blind -s WAStar -dap -dl 1500"
	User time (seconds): 16.15
	System time (seconds): 0.79
	Percent of CPU this job got: 99%
	Elapsed (wall clock) time (h:mm:ss or m:ss): 0:16.97
	Average shared text size (kbytes): 0
	Average unshared data size (kbytes): 0
	Average stack size (kbytes): 0
	Average total size (kbytes): 0
	Maximum resident set size (kbytes): 1468044
	Average resident set size (kbytes): 0
	Major (requiring I/O) page faults: 0
	Minor (reclaiming a frame) page faults: 691094
	Voluntary context switches: 3179
	Involuntary context switches: 4194
	Swaps: 0
	File system inputs: 0
	File system outputs: 168
	Socket messages sent: 0
	Socket messages received: 0
	Signals delivered: 0
	Page size (bytes): 4096
	Exit status: 0
	Command being timed: "timeout 600 java -Xmx64g -jar ./enhsp3.jar -o ./domain_framed_autonomy_process_reset.pddl -f ./problems/a20g6-prefix-1-a20g6_5_data/problem6.pddl -h blind -s WAStar -dap -dl 1500"
	User time (seconds): 15.35
	System time (seconds): 0.77
	Percent of CPU this job got: 99%
	Elapsed (wall clock) time (h:mm:ss or m:ss): 0:16.16
	Average shared text size (kbytes): 0
	Average unshared data size (kbytes): 0
	Average stack size (kbytes): 0
	Average total size (kbytes): 0
	Maximum resident set size (kbytes): 1465620
	Average resident set size (kbytes): 0
	Major (requiring I/O) page faults: 0
	Minor (reclaiming a frame) page faults: 738915
	Voluntary context switches: 2884
	Involuntary context switches: 3812
	Swaps: 0
	File system inputs: 0
	File system outputs: 144
	Socket messages sent: 0
	Socket messages received: 0
	Signals delivered: 0
	Page size (bytes): 4096
	Exit status: 0
	Command being timed: "timeout 600 java -Xmx64g -jar ./enhsp3.jar -o ./domain_framed_autonomy_process_reset.pddl -f ./problems/a20g6-prefix-1-a20g6_5_data/problem7.pddl -h blind -s WAStar -dap -dl 1500"
	User time (seconds): 15.31
	System time (seconds): 0.75
	Percent of CPU this job got: 99%
	Elapsed (wall clock) time (h:mm:ss or m:ss): 0:16.09
	Average shared text size (kbytes): 0
	Average unshared data size (kbytes): 0
	Average stack size (kbytes): 0
	Average total size (kbytes): 0
	Maximum resident set size (kbytes): 1469440
	Average resident set size (kbytes): 0
	Major (requiring I/O) page faults: 0
	Minor (reclaiming a frame) page faults: 696529
	Voluntary context switches: 3096
	Involuntary context switches: 3857
	Swaps: 0
	File system inputs: 0
	File system outputs: 144
	Socket messages sent: 0
	Socket messages received: 0
	Signals delivered: 0
	Page size (bytes): 4096
	Exit status: 0
	Command being timed: "timeout 600 java -Xmx64g -jar ./enhsp3.jar -o ./domain_framed_autonomy_process_reset.pddl -f ./problems/a20g6-prefix-1-a20g6_5_data/problem8.pddl -h blind -s WAStar -dap -dl 1500"
	User time (seconds): 15.42
	System time (seconds): 0.77
	Percent of CPU this job got: 99%
	Elapsed (wall clock) time (h:mm:ss or m:ss): 0:16.23
	Average shared text size (kbytes): 0
	Average unshared data size (kbytes): 0
	Average stack size (kbytes): 0
	Average total size (kbytes): 0
	Maximum resident set size (kbytes): 1473336
	Average resident set size (kbytes): 0
	Major (requiring I/O) page faults: 0
	Minor (reclaiming a frame) page faults: 723928
	Voluntary context switches: 3122
	Involuntary context switches: 3899
	Swaps: 0
	File system inputs: 0
	File system outputs: 144
	Socket messages sent: 0
	Socket messages received: 0
	Signals delivered: 0
	Page size (bytes): 4096
	Exit status: 0
	Command being timed: "timeout 600 java -Xmx64g -jar ./enhsp3.jar -o ./domain_framed_autonomy_process_reset.pddl -f ./problems/a20g6-prefix-1-a20g6_5_data/problem9.pddl -h blind -s WAStar -dap -dl 1500"
	User time (seconds): 15.97
	System time (seconds): 0.75
	Percent of CPU this job got: 99%
	Elapsed (wall clock) time (h:mm:ss or m:ss): 0:16.74
	Average shared text size (kbytes): 0
	Average unshared data size (kbytes): 0
	Average stack size (kbytes): 0
	Average total size (kbytes): 0
	Maximum resident set size (kbytes): 1471572
	Average resident set size (kbytes): 0
	Major (requiring I/O) page faults: 0
	Minor (reclaiming a frame) page faults: 691091
	Voluntary context switches: 3247
	Involuntary context switches: 4196
	Swaps: 0
	File system inputs: 0
	File system outputs: 144
	Socket messages sent: 0
	Socket messages received: 0
	Signals delivered: 0
	Page size (bytes): 4096
	Exit status: 0
	Command being timed: "timeout 600 java -Xmx64g -jar ./enhsp3.jar -o ./domain_framed_autonomy_process_reset.pddl -f ./problems/a20g6-prefix-1-a20g6_5_data/problem10.pddl -h blind -s WAStar -dap -dl 1500"
	User time (seconds): 15.80
	System time (seconds): 0.80
	Percent of CPU this job got: 99%
	Elapsed (wall clock) time (h:mm:ss or m:ss): 0:16.64
	Average shared text size (kbytes): 0
	Average unshared data size (kbytes): 0
	Average stack size (kbytes): 0
	Average total size (kbytes): 0
	Maximum resident set size (kbytes): 1468556
	Average resident set size (kbytes): 0
	Major (requiring I/O) page faults: 0
	Minor (reclaiming a frame) page faults: 733355
	Voluntary context switches: 3195
	Involuntary context switches: 4169
	Swaps: 0
	File system inputs: 0
	File system outputs: 160
	Socket messages sent: 0
	Socket messages received: 0
	Signals delivered: 0
	Page size (bytes): 4096
	Exit status: 0
