/usr/bin/time -v timeout 600 java -Xmx64g -jar ./enhsp3.jar -o ./domain_framed_autonomy_process_reset.pddl -f ./problems/a35g6-prefix-0-a35g6_3_data/problem1.pddl -h blind -s WAStar
Domain parsed
Problem parsed
Grounding..
Grounding Time: 20561
UFX:true
|F|:67811
|X|:12
Heuristic Problem Creation
|A|:1698
|P|:1
|E|:0
Delta time heuristic model:1.0
Delta time planning model:1.0
Delta time search-execution model:1.0
Delta time validation model:1
h(I):0.0
Extracting plan with execution delta: 1.0
Problem Solved

Found Plan:
0: (add_action a8)
0: (check_added_parameter_model a8)
0: (add_move_automata a8)
0: (stop_wait)
0: (add_action a13)
0: (check_added_parameter_model a13)
0: (add_move_automata a13)
0: (stop_wait)
0: (add_action a15)
0: (check_added_parameter_model a15)
0: (add_move_automata a15)
0: (stop_wait)
0: (add_action a26)
0: (check_added_parameter_model a26)
0: (add_move_automata a26)
0: (stop_wait)
0: (add_action a28)
0: (check_added_parameter_model a28)
0: (add_move_automata a28)
0: (stop_wait)
0: (add_action a14)
0: (check_added_parameter_model a14)
0: (add_move_automata a14)
0: (stop_wait)
0: (add_action a9)
0: (check_added_parameter_model a9)
0: (add_move_automata a9)
0: (stop_wait)
0: (add_action a12)
0: (check_added_parameter_model a12)
0: (add_move_automata a12)
0: (stop_wait)
0: (add_action a17)
0: (check_added_parameter_model a17)
0: (add_move_automata a17)
0: (stop_wait)
0: (add_action a3)
0: (check_added_parameter_model a3)
0: (add_move_automata a3)
0: (stop_wait)
0: (add_action a6)
0: (check_added_parameter_model a6)
0: (add_move_automata a6)
0: (stop_wait)
0: (add_action a5)
0: (check_added_parameter_model a5)
0: (add_move_automata a5)
0: (stop_wait)
0: (add_action a21)
0: (check_added_parameter_model a21)
0: (add_move_automata a21)
0: (stop_wait)
0: (add_action a24)
0: (check_added_parameter_model a24)
0: (add_move_automata a24)
0: (stop_wait)
0: (add_action a16)
0: (check_added_parameter_model a16)
0: (add_move_automata a16)
0: (stop_wait)
0: (add_action a19)
0: (check_added_parameter_model a19)
0: (add_move_automata a19)
0: (stop_wait)
0: (add_action a20)
0: (check_added_parameter_model a20)
0: (add_move_automata a20)

Plan-Length:67
Elapsed Time: 0
Metric (Search):0.0
Planning Time (msec): 142
Heuristic Time (msec): 6
Search Time (msec): 133
Expanded Nodes:196
States Evaluated:228
Number of Dead-Ends detected:0
Number of Duplicates detected:126
/usr/bin/time -v timeout 600 java -Xmx64g -jar ./enhsp3.jar -o ./domain_framed_autonomy_process_reset.pddl -f ./problems/a35g6-prefix-0-a35g6_3_data/problem2.pddl -h blind -s WAStar
Domain parsed
Problem parsed
Grounding..
Grounding Time: 21238
UFX:true
|F|:67811
|X|:12
Heuristic Problem Creation
|A|:1698
|P|:1
|E|:0
Delta time heuristic model:1.0
Delta time planning model:1.0
Delta time search-execution model:1.0
Delta time validation model:1
h(I):0.0
Extracting plan with execution delta: 1.0
Problem Solved

Found Plan:
0: (add_action a8)
0: (check_added_parameter_model a8)
0: (add_move_automata a8)
0: (stop_wait)
0: (add_action a13)
0: (check_added_parameter_model a13)
0: (add_move_automata a13)
0: (stop_wait)
0: (add_action a15)
0: (check_added_parameter_model a15)
0: (add_move_automata a15)
0: (stop_wait)
0: (add_action a26)
0: (check_added_parameter_model a26)
0: (add_move_automata a26)
0: (stop_wait)
0: (add_action a28)
0: (check_added_parameter_model a28)
0: (add_move_automata a28)
0: (stop_wait)
0: (add_action a14)
0: (check_added_parameter_model a14)
0: (add_move_automata a14)
0: (stop_wait)
0: (add_action a9)
0: (check_added_parameter_model a9)
0: (add_move_automata a9)
0: (stop_wait)
0: (add_action a12)
0: (check_added_parameter_model a12)
0: (add_move_automata a12)
0: (stop_wait)
0: (add_action a17)
0: (check_added_parameter_model a17)
0: (add_move_automata a17)
0: (stop_wait)
0: (add_action a3)
0: (check_added_parameter_model a3)
0: (add_move_automata a3)
0: (stop_wait)
0: (add_action a6)
0: (check_added_parameter_model a6)
0: (add_move_automata a6)
0: (stop_wait)
0: (add_action a5)
0: (check_added_parameter_model a5)
0: (add_move_automata a5)
0: (stop_wait)
0: (add_action a21)
0: (check_added_parameter_model a21)
0: (add_move_automata a21)
0: (stop_wait)
0: (add_action a24)
0: (check_added_parameter_model a24)
0: (add_move_automata a24)
0: (stop_wait)
0: (add_action a16)
0: (check_added_parameter_model a16)
0: (add_move_automata a16)
0: (stop_wait)
0: (add_action a19)
0: (check_added_parameter_model a19)
0: (add_move_automata a19)
0: (stop_wait)
0: (add_action a20)
0: (check_added_parameter_model a20)
0: (add_move_automata a20)

Plan-Length:67
Elapsed Time: 0
Metric (Search):0.0
Planning Time (msec): 140
Heuristic Time (msec): 8
Search Time (msec): 131
Expanded Nodes:196
States Evaluated:228
Number of Dead-Ends detected:0
Number of Duplicates detected:126
/usr/bin/time -v timeout 600 java -Xmx64g -jar ./enhsp3.jar -o ./domain_framed_autonomy_process_reset.pddl -f ./problems/a35g6-prefix-0-a35g6_3_data/problem3.pddl -h blind -s WAStar
Domain parsed
Problem parsed
Grounding..
Grounding Time: 21386
UFX:true
|F|:67811
|X|:12
Heuristic Problem Creation
|A|:1698
|P|:1
|E|:0
Delta time heuristic model:1.0
Delta time planning model:1.0
Delta time search-execution model:1.0
Delta time validation model:1
h(I):0.0
Extracting plan with execution delta: 1.0
Problem Solved

Found Plan:
0: (add_action a8)
0: (check_added_parameter_model a8)
0: (add_move_automata a8)
0: (stop_wait)
0: (add_action a13)
0: (check_added_parameter_model a13)
0: (add_move_automata a13)
0: (stop_wait)
0: (add_action a15)
0: (check_added_parameter_model a15)
0: (add_move_automata a15)
0: (stop_wait)
0: (add_action a26)
0: (check_added_parameter_model a26)
0: (add_move_automata a26)
0: (stop_wait)
0: (add_action a28)
0: (check_added_parameter_model a28)
0: (add_move_automata a28)
0: (stop_wait)
0: (add_action a14)
0: (check_added_parameter_model a14)
0: (add_move_automata a14)
0: (stop_wait)
0: (add_action a9)
0: (check_added_parameter_model a9)
0: (add_move_automata a9)
0: (stop_wait)
0: (add_action a12)
0: (check_added_parameter_model a12)
0: (add_move_automata a12)
0: (stop_wait)
0: (add_action a17)
0: (check_added_parameter_model a17)
0: (add_move_automata a17)
0: (stop_wait)
0: (add_action a3)
0: (check_added_parameter_model a3)
0: (add_move_automata a3)
0: (stop_wait)
0: (add_action a6)
0: (check_added_parameter_model a6)
0: (add_move_automata a6)
0: (stop_wait)
0: (add_action a5)
0: (check_added_parameter_model a5)
0: (add_move_automata a5)
0: (stop_wait)
0: (add_action a21)
0: (check_added_parameter_model a21)
0: (add_move_automata a21)
0: (stop_wait)
0: (add_action a24)
0: (check_added_parameter_model a24)
0: (add_move_automata a24)
0: (stop_wait)
0: (add_action a16)
0: (check_added_parameter_model a16)
0: (add_move_automata a16)
0: (stop_wait)
0: (add_action a19)
0: (check_added_parameter_model a19)
0: (add_move_automata a19)
0: (stop_wait)
0: (add_action a20)
0: (check_added_parameter_model a20)
0: (add_move_automata a20)

Plan-Length:67
Elapsed Time: 0
Metric (Search):0.0
Planning Time (msec): 105
Heuristic Time (msec): 3
Search Time (msec): 92
Expanded Nodes:196
States Evaluated:228
Number of Dead-Ends detected:0
Number of Duplicates detected:126
/usr/bin/time -v timeout 600 java -Xmx64g -jar ./enhsp3.jar -o ./domain_framed_autonomy_process_reset.pddl -f ./problems/a35g6-prefix-0-a35g6_3_data/problem4.pddl -h blind -s WAStar
Domain parsed
Problem parsed
Grounding..
Grounding Time: 21242
UFX:true
|F|:67811
|X|:12
Heuristic Problem Creation
|A|:1698
|P|:1
|E|:0
Delta time heuristic model:1.0
Delta time planning model:1.0
Delta time search-execution model:1.0
Delta time validation model:1
h(I):0.0
Extracting plan with execution delta: 1.0
Problem Solved

Found Plan:
0: (add_action a8)
0: (check_added_parameter_model a8)
0: (add_move_automata a8)
0: (stop_wait)
0: (add_action a13)
0: (check_added_parameter_model a13)
0: (add_move_automata a13)
0: (stop_wait)
0: (add_action a15)
0: (check_added_parameter_model a15)
0: (add_move_automata a15)
0: (stop_wait)
0: (add_action a26)
0: (check_added_parameter_model a26)
0: (add_move_automata a26)
0: (stop_wait)
0: (add_action a28)
0: (check_added_parameter_model a28)
0: (add_move_automata a28)
0: (stop_wait)
0: (add_action a14)
0: (check_added_parameter_model a14)
0: (add_move_automata a14)
0: (stop_wait)
0: (add_action a9)
0: (check_added_parameter_model a9)
0: (add_move_automata a9)
0: (stop_wait)
0: (add_action a12)
0: (check_added_parameter_model a12)
0: (add_move_automata a12)
0: (stop_wait)
0: (add_action a17)
0: (check_added_parameter_model a17)
0: (add_move_automata a17)
0: (stop_wait)
0: (add_action a3)
0: (check_added_parameter_model a3)
0: (add_move_automata a3)
0: (stop_wait)
0: (add_action a6)
0: (check_added_parameter_model a6)
0: (add_move_automata a6)
0: (stop_wait)
0: (add_action a5)
0: (check_added_parameter_model a5)
0: (add_move_automata a5)
0: (stop_wait)
0: (add_action a21)
0: (check_added_parameter_model a21)
0: (add_move_automata a21)
0: (stop_wait)
0: (add_action a24)
0: (check_added_parameter_model a24)
0: (add_move_automata a24)
0: (stop_wait)
0: (add_action a16)
0: (check_added_parameter_model a16)
0: (add_move_automata a16)
0: (stop_wait)
0: (add_action a19)
0: (check_added_parameter_model a19)
0: (add_move_automata a19)
0: (stop_wait)
0: (add_action a20)
0: (check_added_parameter_model a20)
0: (add_move_automata a20)

Plan-Length:67
Elapsed Time: 0
Metric (Search):0.0
Planning Time (msec): 128
Heuristic Time (msec): 7
Search Time (msec): 112
Expanded Nodes:196
States Evaluated:228
Number of Dead-Ends detected:0
Number of Duplicates detected:126
/usr/bin/time -v timeout 600 java -Xmx64g -jar ./enhsp3.jar -o ./domain_framed_autonomy_process_reset.pddl -f ./problems/a35g6-prefix-0-a35g6_3_data/problem5.pddl -h blind -s WAStar
Domain parsed
Problem parsed
Grounding..
Grounding Time: 21348
UFX:true
|F|:67811
|X|:12
Heuristic Problem Creation
|A|:1698
|P|:1
|E|:0
Delta time heuristic model:1.0
Delta time planning model:1.0
Delta time search-execution model:1.0
Delta time validation model:1
h(I):0.0
Extracting plan with execution delta: 1.0
Problem Solved

Found Plan:
0: (add_action a8)
0: (check_added_parameter_model a8)
0: (add_move_automata a8)
0: (stop_wait)
0: (add_action a13)
0: (check_added_parameter_model a13)
0: (add_move_automata a13)
0: (stop_wait)
0: (add_action a15)
0: (check_added_parameter_model a15)
0: (add_move_automata a15)
0: (stop_wait)
0: (add_action a26)
0: (check_added_parameter_model a26)
0: (add_move_automata a26)
0: (stop_wait)
0: (add_action a28)
0: (check_added_parameter_model a28)
0: (add_move_automata a28)
0: (stop_wait)
0: (add_action a14)
0: (check_added_parameter_model a14)
0: (add_move_automata a14)
0: (stop_wait)
0: (add_action a9)
0: (check_added_parameter_model a9)
0: (add_move_automata a9)
0: (stop_wait)
0: (add_action a12)
0: (check_added_parameter_model a12)
0: (add_move_automata a12)
0: (stop_wait)
0: (add_action a17)
0: (check_added_parameter_model a17)
0: (add_move_automata a17)
0: (stop_wait)
0: (add_action a3)
0: (check_added_parameter_model a3)
0: (add_move_automata a3)
0: (stop_wait)
0: (add_action a6)
0: (check_added_parameter_model a6)
0: (add_move_automata a6)
0: (stop_wait)
0: (add_action a5)
0: (check_added_parameter_model a5)
0: (add_move_automata a5)
0: (stop_wait)
0: (add_action a21)
0: (check_added_parameter_model a21)
0: (add_move_automata a21)
0: (stop_wait)
0: (add_action a24)
0: (check_added_parameter_model a24)
0: (add_move_automata a24)
0: (stop_wait)
0: (add_action a16)
0: (check_added_parameter_model a16)
0: (add_move_automata a16)
0: (stop_wait)
0: (add_action a19)
0: (check_added_parameter_model a19)
0: (add_move_automata a19)
0: (stop_wait)
0: (add_action a20)
0: (check_added_parameter_model a20)
0: (add_move_automata a20)

Plan-Length:67
Elapsed Time: 0
Metric (Search):0.0
Planning Time (msec): 153
Heuristic Time (msec): 7
Search Time (msec): 139
Expanded Nodes:196
States Evaluated:228
Number of Dead-Ends detected:0
Number of Duplicates detected:126
/usr/bin/time -v timeout 600 java -Xmx64g -jar ./enhsp3.jar -o ./domain_framed_autonomy_process_reset.pddl -f ./problems/a35g6-prefix-0-a35g6_3_data/problem6.pddl -h blind -s WAStar
Domain parsed
Problem parsed
Grounding..
Grounding Time: 20545
UFX:true
|F|:67811
|X|:12
Heuristic Problem Creation
|A|:1698
|P|:1
|E|:0
Delta time heuristic model:1.0
Delta time planning model:1.0
Delta time search-execution model:1.0
Delta time validation model:1
h(I):0.0
Extracting plan with execution delta: 1.0
Problem Solved

Found Plan:
0: (add_action a8)
0: (check_added_parameter_model a8)
0: (add_move_automata a8)
0: (stop_wait)
0: (add_action a13)
0: (check_added_parameter_model a13)
0: (add_move_automata a13)
0: (stop_wait)
0: (add_action a15)
0: (check_added_parameter_model a15)
0: (add_move_automata a15)
0: (stop_wait)
0: (add_action a26)
0: (check_added_parameter_model a26)
0: (add_move_automata a26)
0: (stop_wait)
0: (add_action a28)
0: (check_added_parameter_model a28)
0: (add_move_automata a28)
0: (stop_wait)
0: (add_action a14)
0: (check_added_parameter_model a14)
0: (add_move_automata a14)
0: (stop_wait)
0: (add_action a9)
0: (check_added_parameter_model a9)
0: (add_move_automata a9)
0: (stop_wait)
0: (add_action a12)
0: (check_added_parameter_model a12)
0: (add_move_automata a12)
0: (stop_wait)
0: (add_action a17)
0: (check_added_parameter_model a17)
0: (add_move_automata a17)
0: (stop_wait)
0: (add_action a3)
0: (check_added_parameter_model a3)
0: (add_move_automata a3)
0: (stop_wait)
0: (add_action a6)
0: (check_added_parameter_model a6)
0: (add_move_automata a6)
0: (stop_wait)
0: (add_action a5)
0: (check_added_parameter_model a5)
0: (add_move_automata a5)
0: (stop_wait)
0: (add_action a21)
0: (check_added_parameter_model a21)
0: (add_move_automata a21)
0: (stop_wait)
0: (add_action a24)
0: (check_added_parameter_model a24)
0: (add_move_automata a24)
0: (stop_wait)
0: (add_action a16)
0: (check_added_parameter_model a16)
0: (add_move_automata a16)
0: (stop_wait)
0: (add_action a19)
0: (check_added_parameter_model a19)
0: (add_move_automata a19)
0: (stop_wait)
0: (add_action a20)
0: (check_added_parameter_model a20)
0: (add_move_automata a20)

Plan-Length:67
Elapsed Time: 0
Metric (Search):0.0
Planning Time (msec): 142
Heuristic Time (msec): 5
Search Time (msec): 131
Expanded Nodes:196
States Evaluated:228
Number of Dead-Ends detected:0
Number of Duplicates detected:126
/usr/bin/time -v timeout 600 java -Xmx64g -jar ./enhsp3.jar -o ./domain_framed_autonomy_process_reset.pddl -f ./problems/a35g6-prefix-0-a35g6_3_data/problem7.pddl -h blind -s WAStar
Domain parsed
Problem parsed
Grounding..
Grounding Time: 19541
UFX:true
|F|:67811
|X|:12
Heuristic Problem Creation
|A|:1698
|P|:1
|E|:0
Delta time heuristic model:1.0
Delta time planning model:1.0
Delta time search-execution model:1.0
Delta time validation model:1
h(I):0.0
Extracting plan with execution delta: 1.0
Problem Solved

Found Plan:
0: (add_action a8)
0: (check_added_parameter_model a8)
0: (add_move_automata a8)
0: (stop_wait)
0: (add_action a13)
0: (check_added_parameter_model a13)
0: (add_move_automata a13)
0: (stop_wait)
0: (add_action a15)
0: (check_added_parameter_model a15)
0: (add_move_automata a15)
0: (stop_wait)
0: (add_action a26)
0: (check_added_parameter_model a26)
0: (add_move_automata a26)
0: (stop_wait)
0: (add_action a28)
0: (check_added_parameter_model a28)
0: (add_move_automata a28)
0: (stop_wait)
0: (add_action a14)
0: (check_added_parameter_model a14)
0: (add_move_automata a14)
0: (stop_wait)
0: (add_action a9)
0: (check_added_parameter_model a9)
0: (add_move_automata a9)
0: (stop_wait)
0: (add_action a12)
0: (check_added_parameter_model a12)
0: (add_move_automata a12)
0: (stop_wait)
0: (add_action a17)
0: (check_added_parameter_model a17)
0: (add_move_automata a17)
0: (stop_wait)
0: (add_action a3)
0: (check_added_parameter_model a3)
0: (add_move_automata a3)
0: (stop_wait)
0: (add_action a6)
0: (check_added_parameter_model a6)
0: (add_move_automata a6)
0: (stop_wait)
0: (add_action a5)
0: (check_added_parameter_model a5)
0: (add_move_automata a5)
0: (stop_wait)
0: (add_action a21)
0: (check_added_parameter_model a21)
0: (add_move_automata a21)
0: (stop_wait)
0: (add_action a24)
0: (check_added_parameter_model a24)
0: (add_move_automata a24)
0: (stop_wait)
0: (add_action a16)
0: (check_added_parameter_model a16)
0: (add_move_automata a16)
0: (stop_wait)
0: (add_action a19)
0: (check_added_parameter_model a19)
0: (add_move_automata a19)
0: (stop_wait)
0: (add_action a20)
0: (check_added_parameter_model a20)
0: (add_move_automata a20)

Plan-Length:67
Elapsed Time: 0
Metric (Search):0.0
Planning Time (msec): 137
Heuristic Time (msec): 6
Search Time (msec): 125
Expanded Nodes:196
States Evaluated:228
Number of Dead-Ends detected:0
Number of Duplicates detected:126
/usr/bin/time -v timeout 600 java -Xmx64g -jar ./enhsp3.jar -o ./domain_framed_autonomy_process_reset.pddl -f ./problems/a35g6-prefix-0-a35g6_3_data/problem8.pddl -h blind -s WAStar
Domain parsed
Problem parsed
Grounding..
Grounding Time: 19329
UFX:true
|F|:67811
|X|:12
Heuristic Problem Creation
|A|:1698
|P|:1
|E|:0
Delta time heuristic model:1.0
Delta time planning model:1.0
Delta time search-execution model:1.0
Delta time validation model:1
h(I):0.0
Extracting plan with execution delta: 1.0
Problem Solved

Found Plan:
0: (add_action a8)
0: (check_added_parameter_model a8)
0: (add_move_automata a8)
0: (stop_wait)
0: (add_action a13)
0: (check_added_parameter_model a13)
0: (add_move_automata a13)
0: (stop_wait)
0: (add_action a15)
0: (check_added_parameter_model a15)
0: (add_move_automata a15)
0: (stop_wait)
0: (add_action a26)
0: (check_added_parameter_model a26)
0: (add_move_automata a26)
0: (stop_wait)
0: (add_action a28)
0: (check_added_parameter_model a28)
0: (add_move_automata a28)
0: (stop_wait)
0: (add_action a14)
0: (check_added_parameter_model a14)
0: (add_move_automata a14)
0: (stop_wait)
0: (add_action a9)
0: (check_added_parameter_model a9)
0: (add_move_automata a9)
0: (stop_wait)
0: (add_action a12)
0: (check_added_parameter_model a12)
0: (add_move_automata a12)
0: (stop_wait)
0: (add_action a17)
0: (check_added_parameter_model a17)
0: (add_move_automata a17)
0: (stop_wait)
0: (add_action a3)
0: (check_added_parameter_model a3)
0: (add_move_automata a3)
0: (stop_wait)
0: (add_action a6)
0: (check_added_parameter_model a6)
0: (add_move_automata a6)
0: (stop_wait)
0: (add_action a5)
0: (check_added_parameter_model a5)
0: (add_move_automata a5)
0: (stop_wait)
0: (add_action a21)
0: (check_added_parameter_model a21)
0: (add_move_automata a21)
0: (stop_wait)
0: (add_action a24)
0: (check_added_parameter_model a24)
0: (add_move_automata a24)
0: (stop_wait)
0: (add_action a16)
0: (check_added_parameter_model a16)
0: (add_move_automata a16)
0: (stop_wait)
0: (add_action a19)
0: (check_added_parameter_model a19)
0: (add_move_automata a19)
0: (stop_wait)
0: (add_action a20)
0: (check_added_parameter_model a20)
0: (add_move_automata a20)

Plan-Length:67
Elapsed Time: 0
Metric (Search):0.0
Planning Time (msec): 125
Heuristic Time (msec): 5
Search Time (msec): 114
Expanded Nodes:196
States Evaluated:228
Number of Dead-Ends detected:0
Number of Duplicates detected:126
/usr/bin/time -v timeout 600 java -Xmx64g -jar ./enhsp3.jar -o ./domain_framed_autonomy_process_reset.pddl -f ./problems/a35g6-prefix-0-a35g6_3_data/problem9.pddl -h blind -s WAStar
Domain parsed
Problem parsed
Grounding..
Grounding Time: 19986
UFX:true
|F|:67811
|X|:12
Heuristic Problem Creation
|A|:1698
|P|:1
|E|:0
Delta time heuristic model:1.0
Delta time planning model:1.0
Delta time search-execution model:1.0
Delta time validation model:1
h(I):0.0
Extracting plan with execution delta: 1.0
Problem Solved

Found Plan:
0: (add_action a8)
0: (check_added_parameter_model a8)
0: (add_move_automata a8)
0: (stop_wait)
0: (add_action a13)
0: (check_added_parameter_model a13)
0: (add_move_automata a13)
0: (stop_wait)
0: (add_action a15)
0: (check_added_parameter_model a15)
0: (add_move_automata a15)
0: (stop_wait)
0: (add_action a26)
0: (check_added_parameter_model a26)
0: (add_move_automata a26)
0: (stop_wait)
0: (add_action a28)
0: (check_added_parameter_model a28)
0: (add_move_automata a28)
0: (stop_wait)
0: (add_action a14)
0: (check_added_parameter_model a14)
0: (add_move_automata a14)
0: (stop_wait)
0: (add_action a9)
0: (check_added_parameter_model a9)
0: (add_move_automata a9)
0: (stop_wait)
0: (add_action a12)
0: (check_added_parameter_model a12)
0: (add_move_automata a12)
0: (stop_wait)
0: (add_action a17)
0: (check_added_parameter_model a17)
0: (add_move_automata a17)
0: (stop_wait)
0: (add_action a3)
0: (check_added_parameter_model a3)
0: (add_move_automata a3)
0: (stop_wait)
0: (add_action a6)
0: (check_added_parameter_model a6)
0: (add_move_automata a6)
0: (stop_wait)
0: (add_action a5)
0: (check_added_parameter_model a5)
0: (add_move_automata a5)
0: (stop_wait)
0: (add_action a21)
0: (check_added_parameter_model a21)
0: (add_move_automata a21)
0: (stop_wait)
0: (add_action a24)
0: (check_added_parameter_model a24)
0: (add_move_automata a24)
0: (stop_wait)
0: (add_action a16)
0: (check_added_parameter_model a16)
0: (add_move_automata a16)
0: (stop_wait)
0: (add_action a19)
0: (check_added_parameter_model a19)
0: (add_move_automata a19)
0: (stop_wait)
0: (add_action a20)
0: (check_added_parameter_model a20)
0: (add_move_automata a20)

Plan-Length:67
Elapsed Time: 0
Metric (Search):0.0
Planning Time (msec): 134
Heuristic Time (msec): 10
Search Time (msec): 124
Expanded Nodes:196
States Evaluated:228
Number of Dead-Ends detected:0
Number of Duplicates detected:126
/usr/bin/time -v timeout 600 java -Xmx64g -jar ./enhsp3.jar -o ./domain_framed_autonomy_process_reset.pddl -f ./problems/a35g6-prefix-0-a35g6_3_data/problem10.pddl -h blind -s WAStar
Domain parsed
Problem parsed
Grounding..
Grounding Time: 19519
UFX:true
|F|:67811
|X|:12
Heuristic Problem Creation
|A|:1698
|P|:1
|E|:0
Delta time heuristic model:1.0
Delta time planning model:1.0
Delta time search-execution model:1.0
Delta time validation model:1
h(I):0.0
Extracting plan with execution delta: 1.0
Problem Solved

Found Plan:
0: (add_action a8)
0: (check_added_parameter_model a8)
0: (add_move_automata a8)
0: (stop_wait)
0: (add_action a13)
0: (check_added_parameter_model a13)
0: (add_move_automata a13)
0: (stop_wait)
0: (add_action a15)
0: (check_added_parameter_model a15)
0: (add_move_automata a15)
0: (stop_wait)
0: (add_action a26)
0: (check_added_parameter_model a26)
0: (add_move_automata a26)
0: (stop_wait)
0: (add_action a28)
0: (check_added_parameter_model a28)
0: (add_move_automata a28)
0: (stop_wait)
0: (add_action a14)
0: (check_added_parameter_model a14)
0: (add_move_automata a14)
0: (stop_wait)
0: (add_action a9)
0: (check_added_parameter_model a9)
0: (add_move_automata a9)
0: (stop_wait)
0: (add_action a12)
0: (check_added_parameter_model a12)
0: (add_move_automata a12)
0: (stop_wait)
0: (add_action a17)
0: (check_added_parameter_model a17)
0: (add_move_automata a17)
0: (stop_wait)
0: (add_action a3)
0: (check_added_parameter_model a3)
0: (add_move_automata a3)
0: (stop_wait)
0: (add_action a6)
0: (check_added_parameter_model a6)
0: (add_move_automata a6)
0: (stop_wait)
0: (add_action a5)
0: (check_added_parameter_model a5)
0: (add_move_automata a5)
0: (stop_wait)
0: (add_action a21)
0: (check_added_parameter_model a21)
0: (add_move_automata a21)
0: (stop_wait)
0: (add_action a24)
0: (check_added_parameter_model a24)
0: (add_move_automata a24)
0: (stop_wait)
0: (add_action a16)
0: (check_added_parameter_model a16)
0: (add_move_automata a16)
0: (stop_wait)
0: (add_action a19)
0: (check_added_parameter_model a19)
0: (add_move_automata a19)
0: (stop_wait)
0: (add_action a20)
0: (check_added_parameter_model a20)
0: (add_move_automata a20)

Plan-Length:67
Elapsed Time: 0
Metric (Search):0.0
Planning Time (msec): 120
Heuristic Time (msec): 2
Search Time (msec): 107
Expanded Nodes:196
States Evaluated:228
Number of Dead-Ends detected:0
Number of Duplicates detected:126
Loading openjdk/17.0.8.1_1
  Loading requirement: glibc/2.35-aocc-3.2.0-wetwhfr
    gcc-runtime/12.1.0-gcc-12.1.0-uotjsm3 glibc/2.35-aocc-3.2.0-dkzxmta
	Command being timed: "timeout 600 java -Xmx64g -jar ./enhsp3.jar -o ./domain_framed_autonomy_process_reset.pddl -f ./problems/a35g6-prefix-0-a35g6_3_data/problem1.pddl -h blind -s WAStar -dap -dl 1500"
	User time (seconds): 41.83
	System time (seconds): 1.88
	Percent of CPU this job got: 97%
	Elapsed (wall clock) time (h:mm:ss or m:ss): 0:44.83
	Average shared text size (kbytes): 0
	Average unshared data size (kbytes): 0
	Average stack size (kbytes): 0
	Average total size (kbytes): 0
	Maximum resident set size (kbytes): 3446736
	Average resident set size (kbytes): 0
	Major (requiring I/O) page faults: 173
	Minor (reclaiming a frame) page faults: 2076175
	Voluntary context switches: 4689
	Involuntary context switches: 5998
	Swaps: 0
	File system inputs: 32
	File system outputs: 272
	Socket messages sent: 0
	Socket messages received: 0
	Signals delivered: 0
	Page size (bytes): 4096
	Exit status: 0
	Command being timed: "timeout 600 java -Xmx64g -jar ./enhsp3.jar -o ./domain_framed_autonomy_process_reset.pddl -f ./problems/a35g6-prefix-0-a35g6_3_data/problem2.pddl -h blind -s WAStar -dap -dl 1500"
	User time (seconds): 41.73
	System time (seconds): 1.95
	Percent of CPU this job got: 99%
	Elapsed (wall clock) time (h:mm:ss or m:ss): 0:43.73
	Average shared text size (kbytes): 0
	Average unshared data size (kbytes): 0
	Average stack size (kbytes): 0
	Average total size (kbytes): 0
	Maximum resident set size (kbytes): 3440152
	Average resident set size (kbytes): 0
	Major (requiring I/O) page faults: 0
	Minor (reclaiming a frame) page faults: 2109931
	Voluntary context switches: 4201
	Involuntary context switches: 5896
	Swaps: 0
	File system inputs: 0
	File system outputs: 304
	Socket messages sent: 0
	Socket messages received: 0
	Signals delivered: 0
	Page size (bytes): 4096
	Exit status: 0
	Command being timed: "timeout 600 java -Xmx64g -jar ./enhsp3.jar -o ./domain_framed_autonomy_process_reset.pddl -f ./problems/a35g6-prefix-0-a35g6_3_data/problem3.pddl -h blind -s WAStar -dap -dl 1500"
	User time (seconds): 41.78
	System time (seconds): 1.93
	Percent of CPU this job got: 99%
	Elapsed (wall clock) time (h:mm:ss or m:ss): 0:43.76
	Average shared text size (kbytes): 0
	Average unshared data size (kbytes): 0
	Average stack size (kbytes): 0
	Average total size (kbytes): 0
	Maximum resident set size (kbytes): 3436300
	Average resident set size (kbytes): 0
	Major (requiring I/O) page faults: 0
	Minor (reclaiming a frame) page faults: 2080944
	Voluntary context switches: 4748
	Involuntary context switches: 6142
	Swaps: 0
	File system inputs: 0
	File system outputs: 280
	Socket messages sent: 0
	Socket messages received: 0
	Signals delivered: 0
	Page size (bytes): 4096
	Exit status: 0
	Command being timed: "timeout 600 java -Xmx64g -jar ./enhsp3.jar -o ./domain_framed_autonomy_process_reset.pddl -f ./problems/a35g6-prefix-0-a35g6_3_data/problem4.pddl -h blind -s WAStar -dap -dl 1500"
	User time (seconds): 42.20
	System time (seconds): 1.82
	Percent of CPU this job got: 99%
	Elapsed (wall clock) time (h:mm:ss or m:ss): 0:44.06
	Average shared text size (kbytes): 0
	Average unshared data size (kbytes): 0
	Average stack size (kbytes): 0
	Average total size (kbytes): 0
	Maximum resident set size (kbytes): 3448004
	Average resident set size (kbytes): 0
	Major (requiring I/O) page faults: 0
	Minor (reclaiming a frame) page faults: 2068792
	Voluntary context switches: 4340
	Involuntary context switches: 5996
	Swaps: 0
	File system inputs: 0
	File system outputs: 304
	Socket messages sent: 0
	Socket messages received: 0
	Signals delivered: 0
	Page size (bytes): 4096
	Exit status: 0
	Command being timed: "timeout 600 java -Xmx64g -jar ./enhsp3.jar -o ./domain_framed_autonomy_process_reset.pddl -f ./problems/a35g6-prefix-0-a35g6_3_data/problem5.pddl -h blind -s WAStar -dap -dl 1500"
	User time (seconds): 42.54
	System time (seconds): 1.98
	Percent of CPU this job got: 99%
	Elapsed (wall clock) time (h:mm:ss or m:ss): 0:44.58
	Average shared text size (kbytes): 0
	Average unshared data size (kbytes): 0
	Average stack size (kbytes): 0
	Average total size (kbytes): 0
	Maximum resident set size (kbytes): 3447300
	Average resident set size (kbytes): 0
	Major (requiring I/O) page faults: 0
	Minor (reclaiming a frame) page faults: 2067574
	Voluntary context switches: 4358
	Involuntary context switches: 6143
	Swaps: 0
	File system inputs: 0
	File system outputs: 296
	Socket messages sent: 0
	Socket messages received: 0
	Signals delivered: 0
	Page size (bytes): 4096
	Exit status: 0
	Command being timed: "timeout 600 java -Xmx64g -jar ./enhsp3.jar -o ./domain_framed_autonomy_process_reset.pddl -f ./problems/a35g6-prefix-0-a35g6_3_data/problem6.pddl -h blind -s WAStar -dap -dl 1500"
	User time (seconds): 39.05
	System time (seconds): 1.82
	Percent of CPU this job got: 99%
	Elapsed (wall clock) time (h:mm:ss or m:ss): 0:40.92
	Average shared text size (kbytes): 0
	Average unshared data size (kbytes): 0
	Average stack size (kbytes): 0
	Average total size (kbytes): 0
	Maximum resident set size (kbytes): 3447028
	Average resident set size (kbytes): 0
	Major (requiring I/O) page faults: 0
	Minor (reclaiming a frame) page faults: 1905193
	Voluntary context switches: 4088
	Involuntary context switches: 5318
	Swaps: 0
	File system inputs: 0
	File system outputs: 288
	Socket messages sent: 0
	Socket messages received: 0
	Signals delivered: 0
	Page size (bytes): 4096
	Exit status: 0
	Command being timed: "timeout 600 java -Xmx64g -jar ./enhsp3.jar -o ./domain_framed_autonomy_process_reset.pddl -f ./problems/a35g6-prefix-0-a35g6_3_data/problem7.pddl -h blind -s WAStar -dap -dl 1500"
	User time (seconds): 38.28
	System time (seconds): 1.87
	Percent of CPU this job got: 99%
	Elapsed (wall clock) time (h:mm:ss or m:ss): 0:40.19
	Average shared text size (kbytes): 0
	Average unshared data size (kbytes): 0
	Average stack size (kbytes): 0
	Average total size (kbytes): 0
	Maximum resident set size (kbytes): 3448248
	Average resident set size (kbytes): 0
	Major (requiring I/O) page faults: 0
	Minor (reclaiming a frame) page faults: 1943619
	Voluntary context switches: 4287
	Involuntary context switches: 5664
	Swaps: 0
	File system inputs: 0
	File system outputs: 256
	Socket messages sent: 0
	Socket messages received: 0
	Signals delivered: 0
	Page size (bytes): 4096
	Exit status: 0
	Command being timed: "timeout 600 java -Xmx64g -jar ./enhsp3.jar -o ./domain_framed_autonomy_process_reset.pddl -f ./problems/a35g6-prefix-0-a35g6_3_data/problem8.pddl -h blind -s WAStar -dap -dl 1500"
	User time (seconds): 37.84
	System time (seconds): 1.79
	Percent of CPU this job got: 99%
	Elapsed (wall clock) time (h:mm:ss or m:ss): 0:39.68
	Average shared text size (kbytes): 0
	Average unshared data size (kbytes): 0
	Average stack size (kbytes): 0
	Average total size (kbytes): 0
	Maximum resident set size (kbytes): 3434316
	Average resident set size (kbytes): 0
	Major (requiring I/O) page faults: 0
	Minor (reclaiming a frame) page faults: 2009445
	Voluntary context switches: 4168
	Involuntary context switches: 5379
	Swaps: 0
	File system inputs: 0
	File system outputs: 272
	Socket messages sent: 0
	Socket messages received: 0
	Signals delivered: 0
	Page size (bytes): 4096
	Exit status: 0
	Command being timed: "timeout 600 java -Xmx64g -jar ./enhsp3.jar -o ./domain_framed_autonomy_process_reset.pddl -f ./problems/a35g6-prefix-0-a35g6_3_data/problem9.pddl -h blind -s WAStar -dap -dl 1500"
	User time (seconds): 38.86
	System time (seconds): 1.75
	Percent of CPU this job got: 99%
	Elapsed (wall clock) time (h:mm:ss or m:ss): 0:40.66
	Average shared text size (kbytes): 0
	Average unshared data size (kbytes): 0
	Average stack size (kbytes): 0
	Average total size (kbytes): 0
	Maximum resident set size (kbytes): 3444132
	Average resident set size (kbytes): 0
	Major (requiring I/O) page faults: 0
	Minor (reclaiming a frame) page faults: 1939951
	Voluntary context switches: 4394
	Involuntary context switches: 5873
	Swaps: 0
	File system inputs: 0
	File system outputs: 280
	Socket messages sent: 0
	Socket messages received: 0
	Signals delivered: 0
	Page size (bytes): 4096
	Exit status: 0
	Command being timed: "timeout 600 java -Xmx64g -jar ./enhsp3.jar -o ./domain_framed_autonomy_process_reset.pddl -f ./problems/a35g6-prefix-0-a35g6_3_data/problem10.pddl -h blind -s WAStar -dap -dl 1500"
	User time (seconds): 38.63
	System time (seconds): 1.77
	Percent of CPU this job got: 99%
	Elapsed (wall clock) time (h:mm:ss or m:ss): 0:40.44
	Average shared text size (kbytes): 0
	Average unshared data size (kbytes): 0
	Average stack size (kbytes): 0
	Average total size (kbytes): 0
	Maximum resident set size (kbytes): 3434396
	Average resident set size (kbytes): 0
	Major (requiring I/O) page faults: 0
	Minor (reclaiming a frame) page faults: 1903053
	Voluntary context switches: 4362
	Involuntary context switches: 5794
	Swaps: 0
	File system inputs: 0
	File system outputs: 272
	Socket messages sent: 0
	Socket messages received: 0
	Signals delivered: 0
	Page size (bytes): 4096
	Exit status: 0
