/usr/bin/time -v timeout 600 java -Xmx64g -jar ./enhsp3.jar -o ./domain_framed_autonomy_process_reset.pddl -f ./problems/a29g9AND-prefix-non-conforming-1-a29g9AND_3_timed/problem1.pddl -h blind -s WAStar
Domain parsed
Problem parsed
Grounding..
Grounding Time: 32891
UFX:true
|F|:98379
|X|:12
Heuristic Problem Creation
|A|:1917
|P|:2
|E|:0
Delta time heuristic model:1.0
Delta time planning model:1.0
Delta time search-execution model:1.0
Delta time validation model:1
h(I):0.0
f(n) = 100.0 (Expanded Nodes: 4, Evaluated States: 4, Time: 0.023) Frontier Size: 0
Extracting plan with execution delta: 1.0
Problem Solved

Found Plan:
0: (validate_payload t0 a12 t1)
0: (sync_actions t0 t1 a12)
0: (reset pn)
0: (add_action a4)
0: (check_added_parameter_model a4)
0: (add_move_automata a4)
0: (stop_wait)
0: (add_action a0)
0: (check_added_parameter_model a0)
0: (add_move_automata a0)
0: (stop_wait)
0: (add_action a1)
0: (check_added_parameter_model a1)
0: (add_move_automata a1)
0: (stop_wait)
0: (add_action a2)
0: (check_added_parameter_model a2)
0: (add_move_automata a2)
0: (stop_wait)
0: (add_action a3)
0: (check_added_parameter_model a3)
0: (add_move_automata a3)
0: (stop_wait)
0: (add_action a5)
0: (check_added_parameter_model a5)
0: (add_move_automata a5)
0: (stop_wait)
0: (add_action a15)
0: (check_added_parameter_model a15)
0: (add_move_automata a15)
0: (stop_wait)
0: (add_action a21)
0: (check_added_parameter_model a21)
0: (add_move_automata a21)
0: (stop_wait)
0: (add_action a24)
0: (check_added_parameter_model a24)
0: (add_move_automata a24)
0: (stop_wait)
0: (add_action a27)
0: (check_added_parameter_model a27)
0: (add_move_automata a27)
0: (stop_wait)
0: (add_action a26)
0: (check_added_parameter_model a26)
0: (add_move_automata a26)
0: (stop_wait)
0: (add_action a22)
0: (check_added_parameter_model a22)
0: (add_move_automata a22)
0: (stop_wait)
0: (add_action a16)
0: (check_added_parameter_model a16)
0: (add_move_automata a16)
0: (stop_wait)
0: (add_action a8)
0: (check_added_parameter_model a8)
0: (add_move_automata a8)
0: (stop_wait)
0: (add_action a19)
0: (check_added_parameter_model a19)
0: (add_move_automata a19)
0: (stop_wait)
0: (add_action a11)
0: (check_added_parameter_model a11)
0: (add_move_automata a11)
0: (stop_wait)
0: (add_action a12)
0: (check_added_parameter_model a12)
0: (add_move_automata a12)

Plan-Length:70
Elapsed Time: 0
Metric (Search):100.0
Planning Time (msec): 188
Heuristic Time (msec): 5
Search Time (msec): 175
Expanded Nodes:273
States Evaluated:314
Number of Dead-Ends detected:0
Number of Duplicates detected:173
/usr/bin/time -v timeout 600 java -Xmx64g -jar ./enhsp3.jar -o ./domain_framed_autonomy_process_reset.pddl -f ./problems/a29g9AND-prefix-non-conforming-1-a29g9AND_3_timed/problem2.pddl -h blind -s WAStar
Domain parsed
Problem parsed
Grounding..
Grounding Time: 33026
UFX:true
|F|:98379
|X|:12
Heuristic Problem Creation
|A|:1917
|P|:2
|E|:0
Delta time heuristic model:1.0
Delta time planning model:1.0
Delta time search-execution model:1.0
Delta time validation model:1
h(I):0.0
f(n) = 100.0 (Expanded Nodes: 4, Evaluated States: 4, Time: 0.023) Frontier Size: 0
Extracting plan with execution delta: 1.0
Problem Solved

Found Plan:
0: (validate_payload t0 a12 t1)
0: (sync_actions t0 t1 a12)
0: (reset pn)
0: (add_action a4)
0: (check_added_parameter_model a4)
0: (add_move_automata a4)
0: (stop_wait)
0: (add_action a0)
0: (check_added_parameter_model a0)
0: (add_move_automata a0)
0: (stop_wait)
0: (add_action a1)
0: (check_added_parameter_model a1)
0: (add_move_automata a1)
0: (stop_wait)
0: (add_action a2)
0: (check_added_parameter_model a2)
0: (add_move_automata a2)
0: (stop_wait)
0: (add_action a3)
0: (check_added_parameter_model a3)
0: (add_move_automata a3)
0: (stop_wait)
0: (add_action a5)
0: (check_added_parameter_model a5)
0: (add_move_automata a5)
0: (stop_wait)
0: (add_action a15)
0: (check_added_parameter_model a15)
0: (add_move_automata a15)
0: (stop_wait)
0: (add_action a21)
0: (check_added_parameter_model a21)
0: (add_move_automata a21)
0: (stop_wait)
0: (add_action a24)
0: (check_added_parameter_model a24)
0: (add_move_automata a24)
0: (stop_wait)
0: (add_action a27)
0: (check_added_parameter_model a27)
0: (add_move_automata a27)
0: (stop_wait)
0: (add_action a26)
0: (check_added_parameter_model a26)
0: (add_move_automata a26)
0: (stop_wait)
0: (add_action a22)
0: (check_added_parameter_model a22)
0: (add_move_automata a22)
0: (stop_wait)
0: (add_action a16)
0: (check_added_parameter_model a16)
0: (add_move_automata a16)
0: (stop_wait)
0: (add_action a8)
0: (check_added_parameter_model a8)
0: (add_move_automata a8)
0: (stop_wait)
0: (add_action a19)
0: (check_added_parameter_model a19)
0: (add_move_automata a19)
0: (stop_wait)
0: (add_action a11)
0: (check_added_parameter_model a11)
0: (add_move_automata a11)
0: (stop_wait)
0: (add_action a12)
0: (check_added_parameter_model a12)
0: (add_move_automata a12)

Plan-Length:70
Elapsed Time: 0
Metric (Search):100.0
Planning Time (msec): 202
Heuristic Time (msec): 7
Search Time (msec): 194
Expanded Nodes:273
States Evaluated:314
Number of Dead-Ends detected:0
Number of Duplicates detected:173
/usr/bin/time -v timeout 600 java -Xmx64g -jar ./enhsp3.jar -o ./domain_framed_autonomy_process_reset.pddl -f ./problems/a29g9AND-prefix-non-conforming-1-a29g9AND_3_timed/problem3.pddl -h blind -s WAStar
Domain parsed
Problem parsed
Grounding..
Grounding Time: 33458
UFX:true
|F|:98379
|X|:12
Heuristic Problem Creation
|A|:1917
|P|:2
|E|:0
Delta time heuristic model:1.0
Delta time planning model:1.0
Delta time search-execution model:1.0
Delta time validation model:1
h(I):0.0
f(n) = 100.0 (Expanded Nodes: 4, Evaluated States: 4, Time: 0.033) Frontier Size: 0
Extracting plan with execution delta: 1.0
Problem Solved

Found Plan:
0: (validate_payload t0 a12 t1)
0: (sync_actions t0 t1 a12)
0: (reset pn)
0: (add_action a4)
0: (check_added_parameter_model a4)
0: (add_move_automata a4)
0: (stop_wait)
0: (add_action a0)
0: (check_added_parameter_model a0)
0: (add_move_automata a0)
0: (stop_wait)
0: (add_action a1)
0: (check_added_parameter_model a1)
0: (add_move_automata a1)
0: (stop_wait)
0: (add_action a2)
0: (check_added_parameter_model a2)
0: (add_move_automata a2)
0: (stop_wait)
0: (add_action a3)
0: (check_added_parameter_model a3)
0: (add_move_automata a3)
0: (stop_wait)
0: (add_action a5)
0: (check_added_parameter_model a5)
0: (add_move_automata a5)
0: (stop_wait)
0: (add_action a15)
0: (check_added_parameter_model a15)
0: (add_move_automata a15)
0: (stop_wait)
0: (add_action a21)
0: (check_added_parameter_model a21)
0: (add_move_automata a21)
0: (stop_wait)
0: (add_action a24)
0: (check_added_parameter_model a24)
0: (add_move_automata a24)
0: (stop_wait)
0: (add_action a27)
0: (check_added_parameter_model a27)
0: (add_move_automata a27)
0: (stop_wait)
0: (add_action a26)
0: (check_added_parameter_model a26)
0: (add_move_automata a26)
0: (stop_wait)
0: (add_action a22)
0: (check_added_parameter_model a22)
0: (add_move_automata a22)
0: (stop_wait)
0: (add_action a16)
0: (check_added_parameter_model a16)
0: (add_move_automata a16)
0: (stop_wait)
0: (add_action a8)
0: (check_added_parameter_model a8)
0: (add_move_automata a8)
0: (stop_wait)
0: (add_action a19)
0: (check_added_parameter_model a19)
0: (add_move_automata a19)
0: (stop_wait)
0: (add_action a11)
0: (check_added_parameter_model a11)
0: (add_move_automata a11)
0: (stop_wait)
0: (add_action a12)
0: (check_added_parameter_model a12)
0: (add_move_automata a12)

Plan-Length:70
Elapsed Time: 0
Metric (Search):100.0
Planning Time (msec): 234
Heuristic Time (msec): 10
Search Time (msec): 220
Expanded Nodes:273
States Evaluated:314
Number of Dead-Ends detected:0
Number of Duplicates detected:173
/usr/bin/time -v timeout 600 java -Xmx64g -jar ./enhsp3.jar -o ./domain_framed_autonomy_process_reset.pddl -f ./problems/a29g9AND-prefix-non-conforming-1-a29g9AND_3_timed/problem4.pddl -h blind -s WAStar
Domain parsed
Problem parsed
Grounding..
Grounding Time: 33049
UFX:true
|F|:98379
|X|:12
Heuristic Problem Creation
|A|:1917
|P|:2
|E|:0
Delta time heuristic model:1.0
Delta time planning model:1.0
Delta time search-execution model:1.0
Delta time validation model:1
h(I):0.0
f(n) = 100.0 (Expanded Nodes: 4, Evaluated States: 4, Time: 0.023) Frontier Size: 0
Extracting plan with execution delta: 1.0
Problem Solved

Found Plan:
0: (validate_payload t0 a12 t1)
0: (sync_actions t0 t1 a12)
0: (reset pn)
0: (add_action a4)
0: (check_added_parameter_model a4)
0: (add_move_automata a4)
0: (stop_wait)
0: (add_action a0)
0: (check_added_parameter_model a0)
0: (add_move_automata a0)
0: (stop_wait)
0: (add_action a1)
0: (check_added_parameter_model a1)
0: (add_move_automata a1)
0: (stop_wait)
0: (add_action a2)
0: (check_added_parameter_model a2)
0: (add_move_automata a2)
0: (stop_wait)
0: (add_action a3)
0: (check_added_parameter_model a3)
0: (add_move_automata a3)
0: (stop_wait)
0: (add_action a5)
0: (check_added_parameter_model a5)
0: (add_move_automata a5)
0: (stop_wait)
0: (add_action a15)
0: (check_added_parameter_model a15)
0: (add_move_automata a15)
0: (stop_wait)
0: (add_action a21)
0: (check_added_parameter_model a21)
0: (add_move_automata a21)
0: (stop_wait)
0: (add_action a24)
0: (check_added_parameter_model a24)
0: (add_move_automata a24)
0: (stop_wait)
0: (add_action a27)
0: (check_added_parameter_model a27)
0: (add_move_automata a27)
0: (stop_wait)
0: (add_action a26)
0: (check_added_parameter_model a26)
0: (add_move_automata a26)
0: (stop_wait)
0: (add_action a22)
0: (check_added_parameter_model a22)
0: (add_move_automata a22)
0: (stop_wait)
0: (add_action a16)
0: (check_added_parameter_model a16)
0: (add_move_automata a16)
0: (stop_wait)
0: (add_action a8)
0: (check_added_parameter_model a8)
0: (add_move_automata a8)
0: (stop_wait)
0: (add_action a19)
0: (check_added_parameter_model a19)
0: (add_move_automata a19)
0: (stop_wait)
0: (add_action a11)
0: (check_added_parameter_model a11)
0: (add_move_automata a11)
0: (stop_wait)
0: (add_action a12)
0: (check_added_parameter_model a12)
0: (add_move_automata a12)

Plan-Length:70
Elapsed Time: 0
Metric (Search):100.0
Planning Time (msec): 235
Heuristic Time (msec): 4
Search Time (msec): 228
Expanded Nodes:273
States Evaluated:314
Number of Dead-Ends detected:0
Number of Duplicates detected:173
/usr/bin/time -v timeout 600 java -Xmx64g -jar ./enhsp3.jar -o ./domain_framed_autonomy_process_reset.pddl -f ./problems/a29g9AND-prefix-non-conforming-1-a29g9AND_3_timed/problem5.pddl -h blind -s WAStar
Domain parsed
Problem parsed
Grounding..
Grounding Time: 33146
UFX:true
|F|:98379
|X|:12
Heuristic Problem Creation
|A|:1917
|P|:2
|E|:0
Delta time heuristic model:1.0
Delta time planning model:1.0
Delta time search-execution model:1.0
Delta time validation model:1
h(I):0.0
f(n) = 100.0 (Expanded Nodes: 4, Evaluated States: 4, Time: 0.028) Frontier Size: 0
Extracting plan with execution delta: 1.0
Problem Solved

Found Plan:
0: (validate_payload t0 a12 t1)
0: (sync_actions t0 t1 a12)
0: (reset pn)
0: (add_action a4)
0: (check_added_parameter_model a4)
0: (add_move_automata a4)
0: (stop_wait)
0: (add_action a0)
0: (check_added_parameter_model a0)
0: (add_move_automata a0)
0: (stop_wait)
0: (add_action a1)
0: (check_added_parameter_model a1)
0: (add_move_automata a1)
0: (stop_wait)
0: (add_action a2)
0: (check_added_parameter_model a2)
0: (add_move_automata a2)
0: (stop_wait)
0: (add_action a3)
0: (check_added_parameter_model a3)
0: (add_move_automata a3)
0: (stop_wait)
0: (add_action a5)
0: (check_added_parameter_model a5)
0: (add_move_automata a5)
0: (stop_wait)
0: (add_action a15)
0: (check_added_parameter_model a15)
0: (add_move_automata a15)
0: (stop_wait)
0: (add_action a21)
0: (check_added_parameter_model a21)
0: (add_move_automata a21)
0: (stop_wait)
0: (add_action a24)
0: (check_added_parameter_model a24)
0: (add_move_automata a24)
0: (stop_wait)
0: (add_action a27)
0: (check_added_parameter_model a27)
0: (add_move_automata a27)
0: (stop_wait)
0: (add_action a26)
0: (check_added_parameter_model a26)
0: (add_move_automata a26)
0: (stop_wait)
0: (add_action a22)
0: (check_added_parameter_model a22)
0: (add_move_automata a22)
0: (stop_wait)
0: (add_action a16)
0: (check_added_parameter_model a16)
0: (add_move_automata a16)
0: (stop_wait)
0: (add_action a8)
0: (check_added_parameter_model a8)
0: (add_move_automata a8)
0: (stop_wait)
0: (add_action a19)
0: (check_added_parameter_model a19)
0: (add_move_automata a19)
0: (stop_wait)
0: (add_action a11)
0: (check_added_parameter_model a11)
0: (add_move_automata a11)
0: (stop_wait)
0: (add_action a12)
0: (check_added_parameter_model a12)
0: (add_move_automata a12)

Plan-Length:70
Elapsed Time: 0
Metric (Search):100.0
Planning Time (msec): 229
Heuristic Time (msec): 6
Search Time (msec): 215
Expanded Nodes:273
States Evaluated:314
Number of Dead-Ends detected:0
Number of Duplicates detected:173
/usr/bin/time -v timeout 600 java -Xmx64g -jar ./enhsp3.jar -o ./domain_framed_autonomy_process_reset.pddl -f ./problems/a29g9AND-prefix-non-conforming-1-a29g9AND_3_timed/problem6.pddl -h blind -s WAStar
Domain parsed
Problem parsed
Grounding..
Grounding Time: 33226
UFX:true
|F|:98379
|X|:12
Heuristic Problem Creation
|A|:1917
|P|:2
|E|:0
Delta time heuristic model:1.0
Delta time planning model:1.0
Delta time search-execution model:1.0
Delta time validation model:1
h(I):0.0
f(n) = 100.0 (Expanded Nodes: 4, Evaluated States: 4, Time: 0.015) Frontier Size: 0
Extracting plan with execution delta: 1.0
Problem Solved

Found Plan:
0: (validate_payload t0 a12 t1)
0: (sync_actions t0 t1 a12)
0: (reset pn)
0: (add_action a4)
0: (check_added_parameter_model a4)
0: (add_move_automata a4)
0: (stop_wait)
0: (add_action a0)
0: (check_added_parameter_model a0)
0: (add_move_automata a0)
0: (stop_wait)
0: (add_action a1)
0: (check_added_parameter_model a1)
0: (add_move_automata a1)
0: (stop_wait)
0: (add_action a2)
0: (check_added_parameter_model a2)
0: (add_move_automata a2)
0: (stop_wait)
0: (add_action a3)
0: (check_added_parameter_model a3)
0: (add_move_automata a3)
0: (stop_wait)
0: (add_action a5)
0: (check_added_parameter_model a5)
0: (add_move_automata a5)
0: (stop_wait)
0: (add_action a15)
0: (check_added_parameter_model a15)
0: (add_move_automata a15)
0: (stop_wait)
0: (add_action a21)
0: (check_added_parameter_model a21)
0: (add_move_automata a21)
0: (stop_wait)
0: (add_action a24)
0: (check_added_parameter_model a24)
0: (add_move_automata a24)
0: (stop_wait)
0: (add_action a27)
0: (check_added_parameter_model a27)
0: (add_move_automata a27)
0: (stop_wait)
0: (add_action a26)
0: (check_added_parameter_model a26)
0: (add_move_automata a26)
0: (stop_wait)
0: (add_action a22)
0: (check_added_parameter_model a22)
0: (add_move_automata a22)
0: (stop_wait)
0: (add_action a16)
0: (check_added_parameter_model a16)
0: (add_move_automata a16)
0: (stop_wait)
0: (add_action a8)
0: (check_added_parameter_model a8)
0: (add_move_automata a8)
0: (stop_wait)
0: (add_action a19)
0: (check_added_parameter_model a19)
0: (add_move_automata a19)
0: (stop_wait)
0: (add_action a11)
0: (check_added_parameter_model a11)
0: (add_move_automata a11)
0: (stop_wait)
0: (add_action a12)
0: (check_added_parameter_model a12)
0: (add_move_automata a12)

Plan-Length:70
Elapsed Time: 0
Metric (Search):100.0
Planning Time (msec): 144
Heuristic Time (msec): 8
Search Time (msec): 137
Expanded Nodes:273
States Evaluated:314
Number of Dead-Ends detected:0
Number of Duplicates detected:173
/usr/bin/time -v timeout 600 java -Xmx64g -jar ./enhsp3.jar -o ./domain_framed_autonomy_process_reset.pddl -f ./problems/a29g9AND-prefix-non-conforming-1-a29g9AND_3_timed/problem7.pddl -h blind -s WAStar
Domain parsed
Problem parsed
Grounding..
Grounding Time: 33197
UFX:true
|F|:98379
|X|:12
Heuristic Problem Creation
|A|:1917
|P|:2
|E|:0
Delta time heuristic model:1.0
Delta time planning model:1.0
Delta time search-execution model:1.0
Delta time validation model:1
h(I):0.0
f(n) = 100.0 (Expanded Nodes: 4, Evaluated States: 4, Time: 0.025) Frontier Size: 0
Extracting plan with execution delta: 1.0
Problem Solved

Found Plan:
0: (validate_payload t0 a12 t1)
0: (sync_actions t0 t1 a12)
0: (reset pn)
0: (add_action a4)
0: (check_added_parameter_model a4)
0: (add_move_automata a4)
0: (stop_wait)
0: (add_action a0)
0: (check_added_parameter_model a0)
0: (add_move_automata a0)
0: (stop_wait)
0: (add_action a1)
0: (check_added_parameter_model a1)
0: (add_move_automata a1)
0: (stop_wait)
0: (add_action a2)
0: (check_added_parameter_model a2)
0: (add_move_automata a2)
0: (stop_wait)
0: (add_action a3)
0: (check_added_parameter_model a3)
0: (add_move_automata a3)
0: (stop_wait)
0: (add_action a5)
0: (check_added_parameter_model a5)
0: (add_move_automata a5)
0: (stop_wait)
0: (add_action a15)
0: (check_added_parameter_model a15)
0: (add_move_automata a15)
0: (stop_wait)
0: (add_action a21)
0: (check_added_parameter_model a21)
0: (add_move_automata a21)
0: (stop_wait)
0: (add_action a24)
0: (check_added_parameter_model a24)
0: (add_move_automata a24)
0: (stop_wait)
0: (add_action a27)
0: (check_added_parameter_model a27)
0: (add_move_automata a27)
0: (stop_wait)
0: (add_action a26)
0: (check_added_parameter_model a26)
0: (add_move_automata a26)
0: (stop_wait)
0: (add_action a22)
0: (check_added_parameter_model a22)
0: (add_move_automata a22)
0: (stop_wait)
0: (add_action a16)
0: (check_added_parameter_model a16)
0: (add_move_automata a16)
0: (stop_wait)
0: (add_action a8)
0: (check_added_parameter_model a8)
0: (add_move_automata a8)
0: (stop_wait)
0: (add_action a19)
0: (check_added_parameter_model a19)
0: (add_move_automata a19)
0: (stop_wait)
0: (add_action a11)
0: (check_added_parameter_model a11)
0: (add_move_automata a11)
0: (stop_wait)
0: (add_action a12)
0: (check_added_parameter_model a12)
0: (add_move_automata a12)

Plan-Length:70
Elapsed Time: 0
Metric (Search):100.0
Planning Time (msec): 173
Heuristic Time (msec): 6
Search Time (msec): 166
Expanded Nodes:273
States Evaluated:314
Number of Dead-Ends detected:0
Number of Duplicates detected:173
/usr/bin/time -v timeout 600 java -Xmx64g -jar ./enhsp3.jar -o ./domain_framed_autonomy_process_reset.pddl -f ./problems/a29g9AND-prefix-non-conforming-1-a29g9AND_3_timed/problem8.pddl -h blind -s WAStar
Domain parsed
Problem parsed
Grounding..
Grounding Time: 33402
UFX:true
|F|:98379
|X|:12
Heuristic Problem Creation
|A|:1917
|P|:2
|E|:0
Delta time heuristic model:1.0
Delta time planning model:1.0
Delta time search-execution model:1.0
Delta time validation model:1
h(I):0.0
f(n) = 100.0 (Expanded Nodes: 4, Evaluated States: 4, Time: 0.026) Frontier Size: 0
Extracting plan with execution delta: 1.0
Problem Solved

Found Plan:
0: (validate_payload t0 a12 t1)
0: (sync_actions t0 t1 a12)
0: (reset pn)
0: (add_action a4)
0: (check_added_parameter_model a4)
0: (add_move_automata a4)
0: (stop_wait)
0: (add_action a0)
0: (check_added_parameter_model a0)
0: (add_move_automata a0)
0: (stop_wait)
0: (add_action a1)
0: (check_added_parameter_model a1)
0: (add_move_automata a1)
0: (stop_wait)
0: (add_action a2)
0: (check_added_parameter_model a2)
0: (add_move_automata a2)
0: (stop_wait)
0: (add_action a3)
0: (check_added_parameter_model a3)
0: (add_move_automata a3)
0: (stop_wait)
0: (add_action a5)
0: (check_added_parameter_model a5)
0: (add_move_automata a5)
0: (stop_wait)
0: (add_action a15)
0: (check_added_parameter_model a15)
0: (add_move_automata a15)
0: (stop_wait)
0: (add_action a21)
0: (check_added_parameter_model a21)
0: (add_move_automata a21)
0: (stop_wait)
0: (add_action a24)
0: (check_added_parameter_model a24)
0: (add_move_automata a24)
0: (stop_wait)
0: (add_action a27)
0: (check_added_parameter_model a27)
0: (add_move_automata a27)
0: (stop_wait)
0: (add_action a26)
0: (check_added_parameter_model a26)
0: (add_move_automata a26)
0: (stop_wait)
0: (add_action a22)
0: (check_added_parameter_model a22)
0: (add_move_automata a22)
0: (stop_wait)
0: (add_action a16)
0: (check_added_parameter_model a16)
0: (add_move_automata a16)
0: (stop_wait)
0: (add_action a8)
0: (check_added_parameter_model a8)
0: (add_move_automata a8)
0: (stop_wait)
0: (add_action a19)
0: (check_added_parameter_model a19)
0: (add_move_automata a19)
0: (stop_wait)
0: (add_action a11)
0: (check_added_parameter_model a11)
0: (add_move_automata a11)
0: (stop_wait)
0: (add_action a12)
0: (check_added_parameter_model a12)
0: (add_move_automata a12)

Plan-Length:70
Elapsed Time: 0
Metric (Search):100.0
Planning Time (msec): 225
Heuristic Time (msec): 10
Search Time (msec): 213
Expanded Nodes:273
States Evaluated:314
Number of Dead-Ends detected:0
Number of Duplicates detected:173
/usr/bin/time -v timeout 600 java -Xmx64g -jar ./enhsp3.jar -o ./domain_framed_autonomy_process_reset.pddl -f ./problems/a29g9AND-prefix-non-conforming-1-a29g9AND_3_timed/problem9.pddl -h blind -s WAStar
Domain parsed
Problem parsed
Grounding..
Grounding Time: 33283
UFX:true
|F|:98379
|X|:12
Heuristic Problem Creation
|A|:1917
|P|:2
|E|:0
Delta time heuristic model:1.0
Delta time planning model:1.0
Delta time search-execution model:1.0
Delta time validation model:1
h(I):0.0
f(n) = 100.0 (Expanded Nodes: 4, Evaluated States: 4, Time: 0.025) Frontier Size: 0
Extracting plan with execution delta: 1.0
Problem Solved

Found Plan:
0: (validate_payload t0 a12 t1)
0: (sync_actions t0 t1 a12)
0: (reset pn)
0: (add_action a4)
0: (check_added_parameter_model a4)
0: (add_move_automata a4)
0: (stop_wait)
0: (add_action a0)
0: (check_added_parameter_model a0)
0: (add_move_automata a0)
0: (stop_wait)
0: (add_action a1)
0: (check_added_parameter_model a1)
0: (add_move_automata a1)
0: (stop_wait)
0: (add_action a2)
0: (check_added_parameter_model a2)
0: (add_move_automata a2)
0: (stop_wait)
0: (add_action a3)
0: (check_added_parameter_model a3)
0: (add_move_automata a3)
0: (stop_wait)
0: (add_action a5)
0: (check_added_parameter_model a5)
0: (add_move_automata a5)
0: (stop_wait)
0: (add_action a15)
0: (check_added_parameter_model a15)
0: (add_move_automata a15)
0: (stop_wait)
0: (add_action a21)
0: (check_added_parameter_model a21)
0: (add_move_automata a21)
0: (stop_wait)
0: (add_action a24)
0: (check_added_parameter_model a24)
0: (add_move_automata a24)
0: (stop_wait)
0: (add_action a27)
0: (check_added_parameter_model a27)
0: (add_move_automata a27)
0: (stop_wait)
0: (add_action a26)
0: (check_added_parameter_model a26)
0: (add_move_automata a26)
0: (stop_wait)
0: (add_action a22)
0: (check_added_parameter_model a22)
0: (add_move_automata a22)
0: (stop_wait)
0: (add_action a16)
0: (check_added_parameter_model a16)
0: (add_move_automata a16)
0: (stop_wait)
0: (add_action a8)
0: (check_added_parameter_model a8)
0: (add_move_automata a8)
0: (stop_wait)
0: (add_action a19)
0: (check_added_parameter_model a19)
0: (add_move_automata a19)
0: (stop_wait)
0: (add_action a11)
0: (check_added_parameter_model a11)
0: (add_move_automata a11)
0: (stop_wait)
0: (add_action a12)
0: (check_added_parameter_model a12)
0: (add_move_automata a12)

Plan-Length:70
Elapsed Time: 0
Metric (Search):100.0
Planning Time (msec): 164
Heuristic Time (msec): 8
Search Time (msec): 153
Expanded Nodes:273
States Evaluated:314
Number of Dead-Ends detected:0
Number of Duplicates detected:173
/usr/bin/time -v timeout 600 java -Xmx64g -jar ./enhsp3.jar -o ./domain_framed_autonomy_process_reset.pddl -f ./problems/a29g9AND-prefix-non-conforming-1-a29g9AND_3_timed/problem10.pddl -h blind -s WAStar
Domain parsed
Problem parsed
Grounding..
Grounding Time: 33465
UFX:true
|F|:98379
|X|:12
Heuristic Problem Creation
|A|:1917
|P|:2
|E|:0
Delta time heuristic model:1.0
Delta time planning model:1.0
Delta time search-execution model:1.0
Delta time validation model:1
h(I):0.0
f(n) = 100.0 (Expanded Nodes: 4, Evaluated States: 4, Time: 0.024) Frontier Size: 0
Extracting plan with execution delta: 1.0
Problem Solved

Found Plan:
0: (validate_payload t0 a12 t1)
0: (sync_actions t0 t1 a12)
0: (reset pn)
0: (add_action a4)
0: (check_added_parameter_model a4)
0: (add_move_automata a4)
0: (stop_wait)
0: (add_action a0)
0: (check_added_parameter_model a0)
0: (add_move_automata a0)
0: (stop_wait)
0: (add_action a1)
0: (check_added_parameter_model a1)
0: (add_move_automata a1)
0: (stop_wait)
0: (add_action a2)
0: (check_added_parameter_model a2)
0: (add_move_automata a2)
0: (stop_wait)
0: (add_action a3)
0: (check_added_parameter_model a3)
0: (add_move_automata a3)
0: (stop_wait)
0: (add_action a5)
0: (check_added_parameter_model a5)
0: (add_move_automata a5)
0: (stop_wait)
0: (add_action a15)
0: (check_added_parameter_model a15)
0: (add_move_automata a15)
0: (stop_wait)
0: (add_action a21)
0: (check_added_parameter_model a21)
0: (add_move_automata a21)
0: (stop_wait)
0: (add_action a24)
0: (check_added_parameter_model a24)
0: (add_move_automata a24)
0: (stop_wait)
0: (add_action a27)
0: (check_added_parameter_model a27)
0: (add_move_automata a27)
0: (stop_wait)
0: (add_action a26)
0: (check_added_parameter_model a26)
0: (add_move_automata a26)
0: (stop_wait)
0: (add_action a22)
0: (check_added_parameter_model a22)
0: (add_move_automata a22)
0: (stop_wait)
0: (add_action a16)
0: (check_added_parameter_model a16)
0: (add_move_automata a16)
0: (stop_wait)
0: (add_action a8)
0: (check_added_parameter_model a8)
0: (add_move_automata a8)
0: (stop_wait)
0: (add_action a19)
0: (check_added_parameter_model a19)
0: (add_move_automata a19)
0: (stop_wait)
0: (add_action a11)
0: (check_added_parameter_model a11)
0: (add_move_automata a11)
0: (stop_wait)
0: (add_action a12)
0: (check_added_parameter_model a12)
0: (add_move_automata a12)

Plan-Length:70
Elapsed Time: 0
Metric (Search):100.0
Planning Time (msec): 195
Heuristic Time (msec): 7
Search Time (msec): 186
Expanded Nodes:273
States Evaluated:314
Number of Dead-Ends detected:0
Number of Duplicates detected:173
Loading openjdk/17.0.8.1_1
  Loading requirement: glibc/2.35-aocc-3.2.0-wetwhfr
    gcc-runtime/12.1.0-gcc-12.1.0-uotjsm3 glibc/2.35-aocc-3.2.0-dkzxmta
	Command being timed: "timeout 600 java -Xmx64g -jar ./enhsp3.jar -o ./domain_framed_autonomy_process_reset.pddl -f ./problems/a29g9AND-prefix-non-conforming-1-a29g9AND_3_timed/problem1.pddl -h blind -s WAStar -dap -dl 1500"
	User time (seconds): 63.71
	System time (seconds): 2.71
	Percent of CPU this job got: 99%
	Elapsed (wall clock) time (h:mm:ss or m:ss): 1:06.48
	Average shared text size (kbytes): 0
	Average unshared data size (kbytes): 0
	Average stack size (kbytes): 0
	Average total size (kbytes): 0
	Maximum resident set size (kbytes): 5333348
	Average resident set size (kbytes): 0
	Major (requiring I/O) page faults: 255
	Minor (reclaiming a frame) page faults: 2977567
	Voluntary context switches: 5336
	Involuntary context switches: 6992
	Swaps: 0
	File system inputs: 0
	File system outputs: 368
	Socket messages sent: 0
	Socket messages received: 0
	Signals delivered: 0
	Page size (bytes): 4096
	Exit status: 0
	Command being timed: "timeout 600 java -Xmx64g -jar ./enhsp3.jar -o ./domain_framed_autonomy_process_reset.pddl -f ./problems/a29g9AND-prefix-non-conforming-1-a29g9AND_3_timed/problem2.pddl -h blind -s WAStar -dap -dl 1500"
	User time (seconds): 63.61
	System time (seconds): 2.85
	Percent of CPU this job got: 99%
	Elapsed (wall clock) time (h:mm:ss or m:ss): 1:06.52
	Average shared text size (kbytes): 0
	Average unshared data size (kbytes): 0
	Average stack size (kbytes): 0
	Average total size (kbytes): 0
	Maximum resident set size (kbytes): 5326824
	Average resident set size (kbytes): 0
	Major (requiring I/O) page faults: 0
	Minor (reclaiming a frame) page faults: 3028326
	Voluntary context switches: 5324
	Involuntary context switches: 7092
	Swaps: 0
	File system inputs: 0
	File system outputs: 400
	Socket messages sent: 0
	Socket messages received: 0
	Signals delivered: 0
	Page size (bytes): 4096
	Exit status: 0
	Command being timed: "timeout 600 java -Xmx64g -jar ./enhsp3.jar -o ./domain_framed_autonomy_process_reset.pddl -f ./problems/a29g9AND-prefix-non-conforming-1-a29g9AND_3_timed/problem3.pddl -h blind -s WAStar -dap -dl 1500"
	User time (seconds): 63.99
	System time (seconds): 2.84
	Percent of CPU this job got: 99%
	Elapsed (wall clock) time (h:mm:ss or m:ss): 1:06.88
	Average shared text size (kbytes): 0
	Average unshared data size (kbytes): 0
	Average stack size (kbytes): 0
	Average total size (kbytes): 0
	Maximum resident set size (kbytes): 5334460
	Average resident set size (kbytes): 0
	Major (requiring I/O) page faults: 157
	Minor (reclaiming a frame) page faults: 3113115
	Voluntary context switches: 5209
	Involuntary context switches: 7190
	Swaps: 0
	File system inputs: 0
	File system outputs: 392
	Socket messages sent: 0
	Socket messages received: 0
	Signals delivered: 0
	Page size (bytes): 4096
	Exit status: 0
	Command being timed: "timeout 600 java -Xmx64g -jar ./enhsp3.jar -o ./domain_framed_autonomy_process_reset.pddl -f ./problems/a29g9AND-prefix-non-conforming-1-a29g9AND_3_timed/problem4.pddl -h blind -s WAStar -dap -dl 1500"
	User time (seconds): 64.25
	System time (seconds): 2.85
	Percent of CPU this job got: 99%
	Elapsed (wall clock) time (h:mm:ss or m:ss): 1:07.17
	Average shared text size (kbytes): 0
	Average unshared data size (kbytes): 0
	Average stack size (kbytes): 0
	Average total size (kbytes): 0
	Maximum resident set size (kbytes): 5332316
	Average resident set size (kbytes): 0
	Major (requiring I/O) page faults: 0
	Minor (reclaiming a frame) page faults: 3032473
	Voluntary context switches: 4960
	Involuntary context switches: 7153
	Swaps: 0
	File system inputs: 0
	File system outputs: 400
	Socket messages sent: 0
	Socket messages received: 0
	Signals delivered: 0
	Page size (bytes): 4096
	Exit status: 0
	Command being timed: "timeout 600 java -Xmx64g -jar ./enhsp3.jar -o ./domain_framed_autonomy_process_reset.pddl -f ./problems/a29g9AND-prefix-non-conforming-1-a29g9AND_3_timed/problem5.pddl -h blind -s WAStar -dap -dl 1500"
	User time (seconds): 64.22
	System time (seconds): 2.85
	Percent of CPU this job got: 99%
	Elapsed (wall clock) time (h:mm:ss or m:ss): 1:07.13
	Average shared text size (kbytes): 0
	Average unshared data size (kbytes): 0
	Average stack size (kbytes): 0
	Average total size (kbytes): 0
	Maximum resident set size (kbytes): 5333124
	Average resident set size (kbytes): 0
	Major (requiring I/O) page faults: 0
	Minor (reclaiming a frame) page faults: 3131662
	Voluntary context switches: 5130
	Involuntary context switches: 7195
	Swaps: 0
	File system inputs: 0
	File system outputs: 408
	Socket messages sent: 0
	Socket messages received: 0
	Signals delivered: 0
	Page size (bytes): 4096
	Exit status: 0
	Command being timed: "timeout 600 java -Xmx64g -jar ./enhsp3.jar -o ./domain_framed_autonomy_process_reset.pddl -f ./problems/a29g9AND-prefix-non-conforming-1-a29g9AND_3_timed/problem6.pddl -h blind -s WAStar -dap -dl 1500"
	User time (seconds): 63.65
	System time (seconds): 2.72
	Percent of CPU this job got: 99%
	Elapsed (wall clock) time (h:mm:ss or m:ss): 1:06.41
	Average shared text size (kbytes): 0
	Average unshared data size (kbytes): 0
	Average stack size (kbytes): 0
	Average total size (kbytes): 0
	Maximum resident set size (kbytes): 5339280
	Average resident set size (kbytes): 0
	Major (requiring I/O) page faults: 0
	Minor (reclaiming a frame) page faults: 3013603
	Voluntary context switches: 5638
	Involuntary context switches: 7305
	Swaps: 0
	File system inputs: 0
	File system outputs: 400
	Socket messages sent: 0
	Socket messages received: 0
	Signals delivered: 0
	Page size (bytes): 4096
	Exit status: 0
	Command being timed: "timeout 600 java -Xmx64g -jar ./enhsp3.jar -o ./domain_framed_autonomy_process_reset.pddl -f ./problems/a29g9AND-prefix-non-conforming-1-a29g9AND_3_timed/problem7.pddl -h blind -s WAStar -dap -dl 1500"
	User time (seconds): 63.17
	System time (seconds): 2.88
	Percent of CPU this job got: 99%
	Elapsed (wall clock) time (h:mm:ss or m:ss): 1:06.10
	Average shared text size (kbytes): 0
	Average unshared data size (kbytes): 0
	Average stack size (kbytes): 0
	Average total size (kbytes): 0
	Maximum resident set size (kbytes): 5302804
	Average resident set size (kbytes): 0
	Major (requiring I/O) page faults: 0
	Minor (reclaiming a frame) page faults: 3143092
	Voluntary context switches: 5486
	Involuntary context switches: 7352
	Swaps: 0
	File system inputs: 0
	File system outputs: 408
	Socket messages sent: 0
	Socket messages received: 0
	Signals delivered: 0
	Page size (bytes): 4096
	Exit status: 0
	Command being timed: "timeout 600 java -Xmx64g -jar ./enhsp3.jar -o ./domain_framed_autonomy_process_reset.pddl -f ./problems/a29g9AND-prefix-non-conforming-1-a29g9AND_3_timed/problem8.pddl -h blind -s WAStar -dap -dl 1500"
	User time (seconds): 63.92
	System time (seconds): 2.88
	Percent of CPU this job got: 99%
	Elapsed (wall clock) time (h:mm:ss or m:ss): 1:06.86
	Average shared text size (kbytes): 0
	Average unshared data size (kbytes): 0
	Average stack size (kbytes): 0
	Average total size (kbytes): 0
	Maximum resident set size (kbytes): 5320048
	Average resident set size (kbytes): 0
	Major (requiring I/O) page faults: 0
	Minor (reclaiming a frame) page faults: 3132670
	Voluntary context switches: 5236
	Involuntary context switches: 7243
	Swaps: 0
	File system inputs: 0
	File system outputs: 408
	Socket messages sent: 0
	Socket messages received: 0
	Signals delivered: 0
	Page size (bytes): 4096
	Exit status: 0
	Command being timed: "timeout 600 java -Xmx64g -jar ./enhsp3.jar -o ./domain_framed_autonomy_process_reset.pddl -f ./problems/a29g9AND-prefix-non-conforming-1-a29g9AND_3_timed/problem9.pddl -h blind -s WAStar -dap -dl 1500"
	User time (seconds): 63.81
	System time (seconds): 2.93
	Percent of CPU this job got: 99%
	Elapsed (wall clock) time (h:mm:ss or m:ss): 1:06.79
	Average shared text size (kbytes): 0
	Average unshared data size (kbytes): 0
	Average stack size (kbytes): 0
	Average total size (kbytes): 0
	Maximum resident set size (kbytes): 5316892
	Average resident set size (kbytes): 0
	Major (requiring I/O) page faults: 0
	Minor (reclaiming a frame) page faults: 3149120
	Voluntary context switches: 5090
	Involuntary context switches: 7228
	Swaps: 0
	File system inputs: 0
	File system outputs: 400
	Socket messages sent: 0
	Socket messages received: 0
	Signals delivered: 0
	Page size (bytes): 4096
	Exit status: 0
	Command being timed: "timeout 600 java -Xmx64g -jar ./enhsp3.jar -o ./domain_framed_autonomy_process_reset.pddl -f ./problems/a29g9AND-prefix-non-conforming-1-a29g9AND_3_timed/problem10.pddl -h blind -s WAStar -dap -dl 1500"
	User time (seconds): 64.38
	System time (seconds): 2.86
	Percent of CPU this job got: 99%
	Elapsed (wall clock) time (h:mm:ss or m:ss): 1:07.29
	Average shared text size (kbytes): 0
	Average unshared data size (kbytes): 0
	Average stack size (kbytes): 0
	Average total size (kbytes): 0
	Maximum resident set size (kbytes): 5317564
	Average resident set size (kbytes): 0
	Major (requiring I/O) page faults: 0
	Minor (reclaiming a frame) page faults: 3076256
	Voluntary context switches: 4949
	Involuntary context switches: 7257
	Swaps: 0
	File system inputs: 0
	File system outputs: 400
	Socket messages sent: 0
	Socket messages received: 0
	Signals delivered: 0
	Page size (bytes): 4096
	Exit status: 0
