/usr/bin/time -v timeout 600 java -Xmx64g -jar ./enhsp3.jar -o ./domain_framed_autonomy_process_reset.pddl -f ./problems/a35g6-prefix-0-a35g6_1_timed/problem1.pddl -h blind -s WAStar
Domain parsed
Problem parsed
Grounding..
Grounding Time: 9985
UFX:true
|F|:47957
|X|:3
Heuristic Problem Creation
|A|:1606
|P|:1
|E|:0
Delta time heuristic model:1.0
Delta time planning model:1.0
Delta time search-execution model:1.0
Delta time validation model:1
h(I):0.0
f(n) = 1.0 (Expanded Nodes: 6, Evaluated States: 7, Time: 0.024) Frontier Size: 1
f(n) = 2.0 (Expanded Nodes: 8, Evaluated States: 10, Time: 0.05) Frontier Size: 2
f(n) = 3.0 (Expanded Nodes: 10, Evaluated States: 13, Time: 0.051) Frontier Size: 3
f(n) = 4.0 (Expanded Nodes: 12, Evaluated States: 16, Time: 0.052) Frontier Size: 4
f(n) = 5.0 (Expanded Nodes: 14, Evaluated States: 19, Time: 0.052) Frontier Size: 5
f(n) = 6.0 (Expanded Nodes: 16, Evaluated States: 22, Time: 0.053) Frontier Size: 6
f(n) = 7.0 (Expanded Nodes: 18, Evaluated States: 25, Time: 0.053) Frontier Size: 7
f(n) = 8.0 (Expanded Nodes: 20, Evaluated States: 28, Time: 0.054) Frontier Size: 8
f(n) = 9.0 (Expanded Nodes: 22, Evaluated States: 31, Time: 0.055) Frontier Size: 9
f(n) = 10.0 (Expanded Nodes: 24, Evaluated States: 34, Time: 0.055) Frontier Size: 10
f(n) = 11.0 (Expanded Nodes: 26, Evaluated States: 37, Time: 0.056) Frontier Size: 11
f(n) = 12.0 (Expanded Nodes: 28, Evaluated States: 40, Time: 0.056) Frontier Size: 12
f(n) = 13.0 (Expanded Nodes: 30, Evaluated States: 43, Time: 0.059) Frontier Size: 13
f(n) = 14.0 (Expanded Nodes: 32, Evaluated States: 46, Time: 0.06) Frontier Size: 14
f(n) = 15.0 (Expanded Nodes: 34, Evaluated States: 49, Time: 0.061) Frontier Size: 15
f(n) = 16.0 (Expanded Nodes: 36, Evaluated States: 52, Time: 0.062) Frontier Size: 16
f(n) = 17.0 (Expanded Nodes: 38, Evaluated States: 55, Time: 0.063) Frontier Size: 17
f(n) = 18.0 (Expanded Nodes: 40, Evaluated States: 58, Time: 0.065) Frontier Size: 18
f(n) = 19.0 (Expanded Nodes: 42, Evaluated States: 61, Time: 0.065) Frontier Size: 19
f(n) = 20.0 (Expanded Nodes: 44, Evaluated States: 64, Time: 0.068) Frontier Size: 20
Extracting plan with execution delta: 1.0
Problem Solved

Found Plan:
0: (add_action a8)
0: (check_added_parameter_model a8)
0: (add_move_automata a8)
0: -----waiting---- [20.0]
20.0: (stop_wait)
20.0: (add_action a4)
20.0: (check_added_parameter_model a4)
20.0: (add_move_automata a4)
20.0: (stop_wait)
20.0: (add_action a31)
20.0: (check_added_parameter_model a31)
20.0: (add_move_automata a31)
20.0: (stop_wait)
20.0: (add_action a30)
20.0: (check_added_parameter_model a30)
20.0: (add_move_automata a30)
20.0: (stop_wait)
20.0: (add_action a1)
20.0: (check_added_parameter_model a1)
20.0: (add_move_automata a1)
20.0: (stop_wait)
20.0: (add_action a0)
20.0: (check_added_parameter_model a0)
20.0: (add_move_automata a0)
20.0: (stop_wait)
20.0: (add_action a2)
20.0: (check_added_parameter_model a2)
20.0: (add_move_automata a2)
20.0: (stop_wait)
20.0: (add_action a33)
20.0: (check_added_parameter_model a33)
20.0: (add_move_automata a33)
20.0: (stop_wait)
20.0: (add_action a32)
20.0: (check_added_parameter_model a32)
20.0: (add_move_automata a32)
20.0: (stop_wait)
20.0: (add_action a29)
20.0: (check_added_parameter_model a29)
20.0: (add_move_automata a29)
20.0: (stop_wait)
20.0: (add_action a27)
20.0: (check_added_parameter_model a27)
20.0: (add_move_automata a27)
20.0: (stop_wait)
20.0: (add_action a23)
20.0: (check_added_parameter_model a23)
20.0: (add_move_automata a23)
20.0: (stop_wait)
20.0: (add_action a34)
20.0: (check_added_parameter_model a34)
20.0: (add_move_automata a34)
20.0: (stop_wait)
20.0: (add_action a7)
20.0: (check_added_parameter_model a7)
20.0: (add_move_automata a7)
20.0: (stop_wait)
20.0: (add_action a9)
20.0: (check_added_parameter_model a9)
20.0: (add_move_automata a9)
20.0: (stop_wait)
20.0: (add_action a12)
20.0: (check_added_parameter_model a12)
20.0: (add_move_automata a12)
20.0: (stop_wait)
20.0: (add_action a17)
20.0: (check_added_parameter_model a17)
20.0: (add_move_automata a17)
20.0: (stop_wait)
20.0: (add_action a3)
20.0: (check_added_parameter_model a3)
20.0: (add_move_automata a3)
20.0: (stop_wait)
20.0: (add_action a6)
20.0: (check_added_parameter_model a6)
20.0: (add_move_automata a6)
20.0: (stop_wait)
20.0: (add_action a5)
20.0: (check_added_parameter_model a5)
20.0: (add_move_automata a5)
20.0: (stop_wait)
20.0: (add_action a21)
20.0: (check_added_parameter_model a21)
20.0: (add_move_automata a21)
20.0: (stop_wait)
20.0: (add_action a24)
20.0: (check_added_parameter_model a24)
20.0: (add_move_automata a24)
20.0: (stop_wait)
20.0: (add_action a16)
20.0: (check_added_parameter_model a16)
20.0: (add_move_automata a16)
20.0: (stop_wait)
20.0: (add_action a19)
20.0: (check_added_parameter_model a19)
20.0: (add_move_automata a19)
20.0: (stop_wait)
20.0: (add_action a20)
20.0: (check_added_parameter_model a20)
20.0: (add_move_automata a20)

Plan-Length:119
Elapsed Time: 20.0
Metric (Search):20.0
Planning Time (msec): 175
Heuristic Time (msec): 1
Search Time (msec): 165
Expanded Nodes:419
States Evaluated:561
Number of Dead-Ends detected:0
Number of Duplicates detected:379
/usr/bin/time -v timeout 600 java -Xmx64g -jar ./enhsp3.jar -o ./domain_framed_autonomy_process_reset.pddl -f ./problems/a35g6-prefix-0-a35g6_1_timed/problem2.pddl -h blind -s WAStar
Domain parsed
Problem parsed
Grounding..
Grounding Time: 10910
UFX:true
|F|:47957
|X|:3
Heuristic Problem Creation
|A|:1606
|P|:1
|E|:0
Delta time heuristic model:1.0
Delta time planning model:1.0
Delta time search-execution model:1.0
Delta time validation model:1
h(I):0.0
f(n) = 1.0 (Expanded Nodes: 6, Evaluated States: 7, Time: 0.023) Frontier Size: 1
f(n) = 2.0 (Expanded Nodes: 8, Evaluated States: 10, Time: 0.045) Frontier Size: 2
f(n) = 3.0 (Expanded Nodes: 10, Evaluated States: 13, Time: 0.049) Frontier Size: 3
f(n) = 4.0 (Expanded Nodes: 12, Evaluated States: 16, Time: 0.049) Frontier Size: 4
f(n) = 5.0 (Expanded Nodes: 14, Evaluated States: 19, Time: 0.05) Frontier Size: 5
f(n) = 6.0 (Expanded Nodes: 16, Evaluated States: 22, Time: 0.05) Frontier Size: 6
f(n) = 7.0 (Expanded Nodes: 18, Evaluated States: 25, Time: 0.051) Frontier Size: 7
f(n) = 8.0 (Expanded Nodes: 20, Evaluated States: 28, Time: 0.052) Frontier Size: 8
f(n) = 9.0 (Expanded Nodes: 22, Evaluated States: 31, Time: 0.053) Frontier Size: 9
f(n) = 10.0 (Expanded Nodes: 24, Evaluated States: 34, Time: 0.053) Frontier Size: 10
f(n) = 11.0 (Expanded Nodes: 26, Evaluated States: 37, Time: 0.054) Frontier Size: 11
f(n) = 12.0 (Expanded Nodes: 28, Evaluated States: 40, Time: 0.055) Frontier Size: 12
f(n) = 13.0 (Expanded Nodes: 30, Evaluated States: 43, Time: 0.056) Frontier Size: 13
f(n) = 14.0 (Expanded Nodes: 32, Evaluated States: 46, Time: 0.057) Frontier Size: 14
f(n) = 15.0 (Expanded Nodes: 34, Evaluated States: 49, Time: 0.058) Frontier Size: 15
f(n) = 16.0 (Expanded Nodes: 36, Evaluated States: 52, Time: 0.059) Frontier Size: 16
f(n) = 17.0 (Expanded Nodes: 38, Evaluated States: 55, Time: 0.06) Frontier Size: 17
f(n) = 18.0 (Expanded Nodes: 40, Evaluated States: 58, Time: 0.06) Frontier Size: 18
f(n) = 19.0 (Expanded Nodes: 42, Evaluated States: 61, Time: 0.06) Frontier Size: 19
f(n) = 20.0 (Expanded Nodes: 44, Evaluated States: 64, Time: 0.061) Frontier Size: 20
Extracting plan with execution delta: 1.0
Problem Solved

Found Plan:
0: (add_action a8)
0: (check_added_parameter_model a8)
0: (add_move_automata a8)
0: -----waiting---- [20.0]
20.0: (stop_wait)
20.0: (add_action a4)
20.0: (check_added_parameter_model a4)
20.0: (add_move_automata a4)
20.0: (stop_wait)
20.0: (add_action a31)
20.0: (check_added_parameter_model a31)
20.0: (add_move_automata a31)
20.0: (stop_wait)
20.0: (add_action a30)
20.0: (check_added_parameter_model a30)
20.0: (add_move_automata a30)
20.0: (stop_wait)
20.0: (add_action a1)
20.0: (check_added_parameter_model a1)
20.0: (add_move_automata a1)
20.0: (stop_wait)
20.0: (add_action a0)
20.0: (check_added_parameter_model a0)
20.0: (add_move_automata a0)
20.0: (stop_wait)
20.0: (add_action a2)
20.0: (check_added_parameter_model a2)
20.0: (add_move_automata a2)
20.0: (stop_wait)
20.0: (add_action a33)
20.0: (check_added_parameter_model a33)
20.0: (add_move_automata a33)
20.0: (stop_wait)
20.0: (add_action a32)
20.0: (check_added_parameter_model a32)
20.0: (add_move_automata a32)
20.0: (stop_wait)
20.0: (add_action a29)
20.0: (check_added_parameter_model a29)
20.0: (add_move_automata a29)
20.0: (stop_wait)
20.0: (add_action a27)
20.0: (check_added_parameter_model a27)
20.0: (add_move_automata a27)
20.0: (stop_wait)
20.0: (add_action a23)
20.0: (check_added_parameter_model a23)
20.0: (add_move_automata a23)
20.0: (stop_wait)
20.0: (add_action a34)
20.0: (check_added_parameter_model a34)
20.0: (add_move_automata a34)
20.0: (stop_wait)
20.0: (add_action a7)
20.0: (check_added_parameter_model a7)
20.0: (add_move_automata a7)
20.0: (stop_wait)
20.0: (add_action a9)
20.0: (check_added_parameter_model a9)
20.0: (add_move_automata a9)
20.0: (stop_wait)
20.0: (add_action a12)
20.0: (check_added_parameter_model a12)
20.0: (add_move_automata a12)
20.0: (stop_wait)
20.0: (add_action a17)
20.0: (check_added_parameter_model a17)
20.0: (add_move_automata a17)
20.0: (stop_wait)
20.0: (add_action a3)
20.0: (check_added_parameter_model a3)
20.0: (add_move_automata a3)
20.0: (stop_wait)
20.0: (add_action a6)
20.0: (check_added_parameter_model a6)
20.0: (add_move_automata a6)
20.0: (stop_wait)
20.0: (add_action a5)
20.0: (check_added_parameter_model a5)
20.0: (add_move_automata a5)
20.0: (stop_wait)
20.0: (add_action a21)
20.0: (check_added_parameter_model a21)
20.0: (add_move_automata a21)
20.0: (stop_wait)
20.0: (add_action a24)
20.0: (check_added_parameter_model a24)
20.0: (add_move_automata a24)
20.0: (stop_wait)
20.0: (add_action a16)
20.0: (check_added_parameter_model a16)
20.0: (add_move_automata a16)
20.0: (stop_wait)
20.0: (add_action a19)
20.0: (check_added_parameter_model a19)
20.0: (add_move_automata a19)
20.0: (stop_wait)
20.0: (add_action a20)
20.0: (check_added_parameter_model a20)
20.0: (add_move_automata a20)

Plan-Length:119
Elapsed Time: 20.0
Metric (Search):20.0
Planning Time (msec): 168
Heuristic Time (msec): 8
Search Time (msec): 160
Expanded Nodes:419
States Evaluated:561
Number of Dead-Ends detected:0
Number of Duplicates detected:379
/usr/bin/time -v timeout 600 java -Xmx64g -jar ./enhsp3.jar -o ./domain_framed_autonomy_process_reset.pddl -f ./problems/a35g6-prefix-0-a35g6_1_timed/problem3.pddl -h blind -s WAStar
Domain parsed
Problem parsed
Grounding..
Grounding Time: 10340
UFX:true
|F|:47957
|X|:3
Heuristic Problem Creation
|A|:1606
|P|:1
|E|:0
Delta time heuristic model:1.0
Delta time planning model:1.0
Delta time search-execution model:1.0
Delta time validation model:1
h(I):0.0
f(n) = 1.0 (Expanded Nodes: 6, Evaluated States: 7, Time: 0.034) Frontier Size: 1
f(n) = 2.0 (Expanded Nodes: 8, Evaluated States: 10, Time: 0.056) Frontier Size: 2
f(n) = 3.0 (Expanded Nodes: 10, Evaluated States: 13, Time: 0.057) Frontier Size: 3
f(n) = 4.0 (Expanded Nodes: 12, Evaluated States: 16, Time: 0.057) Frontier Size: 4
f(n) = 5.0 (Expanded Nodes: 14, Evaluated States: 19, Time: 0.058) Frontier Size: 5
f(n) = 6.0 (Expanded Nodes: 16, Evaluated States: 22, Time: 0.058) Frontier Size: 6
f(n) = 7.0 (Expanded Nodes: 18, Evaluated States: 25, Time: 0.059) Frontier Size: 7
f(n) = 8.0 (Expanded Nodes: 20, Evaluated States: 28, Time: 0.063) Frontier Size: 8
f(n) = 9.0 (Expanded Nodes: 22, Evaluated States: 31, Time: 0.064) Frontier Size: 9
f(n) = 10.0 (Expanded Nodes: 24, Evaluated States: 34, Time: 0.064) Frontier Size: 10
f(n) = 11.0 (Expanded Nodes: 26, Evaluated States: 37, Time: 0.065) Frontier Size: 11
f(n) = 12.0 (Expanded Nodes: 28, Evaluated States: 40, Time: 0.066) Frontier Size: 12
f(n) = 13.0 (Expanded Nodes: 30, Evaluated States: 43, Time: 0.067) Frontier Size: 13
f(n) = 14.0 (Expanded Nodes: 32, Evaluated States: 46, Time: 0.068) Frontier Size: 14
f(n) = 15.0 (Expanded Nodes: 34, Evaluated States: 49, Time: 0.069) Frontier Size: 15
f(n) = 16.0 (Expanded Nodes: 36, Evaluated States: 52, Time: 0.07) Frontier Size: 16
f(n) = 17.0 (Expanded Nodes: 38, Evaluated States: 55, Time: 0.071) Frontier Size: 17
f(n) = 18.0 (Expanded Nodes: 40, Evaluated States: 58, Time: 0.071) Frontier Size: 18
f(n) = 19.0 (Expanded Nodes: 42, Evaluated States: 61, Time: 0.073) Frontier Size: 19
f(n) = 20.0 (Expanded Nodes: 44, Evaluated States: 64, Time: 0.073) Frontier Size: 20
Extracting plan with execution delta: 1.0
Problem Solved

Found Plan:
0: (add_action a8)
0: (check_added_parameter_model a8)
0: (add_move_automata a8)
0: -----waiting---- [20.0]
20.0: (stop_wait)
20.0: (add_action a4)
20.0: (check_added_parameter_model a4)
20.0: (add_move_automata a4)
20.0: (stop_wait)
20.0: (add_action a31)
20.0: (check_added_parameter_model a31)
20.0: (add_move_automata a31)
20.0: (stop_wait)
20.0: (add_action a30)
20.0: (check_added_parameter_model a30)
20.0: (add_move_automata a30)
20.0: (stop_wait)
20.0: (add_action a1)
20.0: (check_added_parameter_model a1)
20.0: (add_move_automata a1)
20.0: (stop_wait)
20.0: (add_action a0)
20.0: (check_added_parameter_model a0)
20.0: (add_move_automata a0)
20.0: (stop_wait)
20.0: (add_action a2)
20.0: (check_added_parameter_model a2)
20.0: (add_move_automata a2)
20.0: (stop_wait)
20.0: (add_action a33)
20.0: (check_added_parameter_model a33)
20.0: (add_move_automata a33)
20.0: (stop_wait)
20.0: (add_action a32)
20.0: (check_added_parameter_model a32)
20.0: (add_move_automata a32)
20.0: (stop_wait)
20.0: (add_action a29)
20.0: (check_added_parameter_model a29)
20.0: (add_move_automata a29)
20.0: (stop_wait)
20.0: (add_action a27)
20.0: (check_added_parameter_model a27)
20.0: (add_move_automata a27)
20.0: (stop_wait)
20.0: (add_action a23)
20.0: (check_added_parameter_model a23)
20.0: (add_move_automata a23)
20.0: (stop_wait)
20.0: (add_action a34)
20.0: (check_added_parameter_model a34)
20.0: (add_move_automata a34)
20.0: (stop_wait)
20.0: (add_action a7)
20.0: (check_added_parameter_model a7)
20.0: (add_move_automata a7)
20.0: (stop_wait)
20.0: (add_action a9)
20.0: (check_added_parameter_model a9)
20.0: (add_move_automata a9)
20.0: (stop_wait)
20.0: (add_action a12)
20.0: (check_added_parameter_model a12)
20.0: (add_move_automata a12)
20.0: (stop_wait)
20.0: (add_action a17)
20.0: (check_added_parameter_model a17)
20.0: (add_move_automata a17)
20.0: (stop_wait)
20.0: (add_action a3)
20.0: (check_added_parameter_model a3)
20.0: (add_move_automata a3)
20.0: (stop_wait)
20.0: (add_action a6)
20.0: (check_added_parameter_model a6)
20.0: (add_move_automata a6)
20.0: (stop_wait)
20.0: (add_action a5)
20.0: (check_added_parameter_model a5)
20.0: (add_move_automata a5)
20.0: (stop_wait)
20.0: (add_action a21)
20.0: (check_added_parameter_model a21)
20.0: (add_move_automata a21)
20.0: (stop_wait)
20.0: (add_action a24)
20.0: (check_added_parameter_model a24)
20.0: (add_move_automata a24)
20.0: (stop_wait)
20.0: (add_action a16)
20.0: (check_added_parameter_model a16)
20.0: (add_move_automata a16)
20.0: (stop_wait)
20.0: (add_action a19)
20.0: (check_added_parameter_model a19)
20.0: (add_move_automata a19)
20.0: (stop_wait)
20.0: (add_action a20)
20.0: (check_added_parameter_model a20)
20.0: (add_move_automata a20)

Plan-Length:119
Elapsed Time: 20.0
Metric (Search):20.0
Planning Time (msec): 189
Heuristic Time (msec): 8
Search Time (msec): 173
Expanded Nodes:419
States Evaluated:561
Number of Dead-Ends detected:0
Number of Duplicates detected:379
/usr/bin/time -v timeout 600 java -Xmx64g -jar ./enhsp3.jar -o ./domain_framed_autonomy_process_reset.pddl -f ./problems/a35g6-prefix-0-a35g6_1_timed/problem4.pddl -h blind -s WAStar
Domain parsed
Problem parsed
Grounding..
Grounding Time: 10406
UFX:true
|F|:47957
|X|:3
Heuristic Problem Creation
|A|:1606
|P|:1
|E|:0
Delta time heuristic model:1.0
Delta time planning model:1.0
Delta time search-execution model:1.0
Delta time validation model:1
h(I):0.0
f(n) = 1.0 (Expanded Nodes: 6, Evaluated States: 7, Time: 0.025) Frontier Size: 1
f(n) = 2.0 (Expanded Nodes: 8, Evaluated States: 10, Time: 0.052) Frontier Size: 2
f(n) = 3.0 (Expanded Nodes: 10, Evaluated States: 13, Time: 0.057) Frontier Size: 3
f(n) = 4.0 (Expanded Nodes: 12, Evaluated States: 16, Time: 0.058) Frontier Size: 4
f(n) = 5.0 (Expanded Nodes: 14, Evaluated States: 19, Time: 0.062) Frontier Size: 5
f(n) = 6.0 (Expanded Nodes: 16, Evaluated States: 22, Time: 0.062) Frontier Size: 6
f(n) = 7.0 (Expanded Nodes: 18, Evaluated States: 25, Time: 0.063) Frontier Size: 7
f(n) = 8.0 (Expanded Nodes: 20, Evaluated States: 28, Time: 0.064) Frontier Size: 8
f(n) = 9.0 (Expanded Nodes: 22, Evaluated States: 31, Time: 0.064) Frontier Size: 9
f(n) = 10.0 (Expanded Nodes: 24, Evaluated States: 34, Time: 0.065) Frontier Size: 10
f(n) = 11.0 (Expanded Nodes: 26, Evaluated States: 37, Time: 0.065) Frontier Size: 11
f(n) = 12.0 (Expanded Nodes: 28, Evaluated States: 40, Time: 0.066) Frontier Size: 12
f(n) = 13.0 (Expanded Nodes: 30, Evaluated States: 43, Time: 0.066) Frontier Size: 13
f(n) = 14.0 (Expanded Nodes: 32, Evaluated States: 46, Time: 0.07) Frontier Size: 14
f(n) = 15.0 (Expanded Nodes: 34, Evaluated States: 49, Time: 0.072) Frontier Size: 15
f(n) = 16.0 (Expanded Nodes: 36, Evaluated States: 52, Time: 0.073) Frontier Size: 16
f(n) = 17.0 (Expanded Nodes: 38, Evaluated States: 55, Time: 0.074) Frontier Size: 17
f(n) = 18.0 (Expanded Nodes: 40, Evaluated States: 58, Time: 0.075) Frontier Size: 18
f(n) = 19.0 (Expanded Nodes: 42, Evaluated States: 61, Time: 0.076) Frontier Size: 19
f(n) = 20.0 (Expanded Nodes: 44, Evaluated States: 64, Time: 0.076) Frontier Size: 20
Extracting plan with execution delta: 1.0
Problem Solved

Found Plan:
0: (add_action a8)
0: (check_added_parameter_model a8)
0: (add_move_automata a8)
0: -----waiting---- [20.0]
20.0: (stop_wait)
20.0: (add_action a4)
20.0: (check_added_parameter_model a4)
20.0: (add_move_automata a4)
20.0: (stop_wait)
20.0: (add_action a31)
20.0: (check_added_parameter_model a31)
20.0: (add_move_automata a31)
20.0: (stop_wait)
20.0: (add_action a30)
20.0: (check_added_parameter_model a30)
20.0: (add_move_automata a30)
20.0: (stop_wait)
20.0: (add_action a1)
20.0: (check_added_parameter_model a1)
20.0: (add_move_automata a1)
20.0: (stop_wait)
20.0: (add_action a0)
20.0: (check_added_parameter_model a0)
20.0: (add_move_automata a0)
20.0: (stop_wait)
20.0: (add_action a2)
20.0: (check_added_parameter_model a2)
20.0: (add_move_automata a2)
20.0: (stop_wait)
20.0: (add_action a33)
20.0: (check_added_parameter_model a33)
20.0: (add_move_automata a33)
20.0: (stop_wait)
20.0: (add_action a32)
20.0: (check_added_parameter_model a32)
20.0: (add_move_automata a32)
20.0: (stop_wait)
20.0: (add_action a29)
20.0: (check_added_parameter_model a29)
20.0: (add_move_automata a29)
20.0: (stop_wait)
20.0: (add_action a27)
20.0: (check_added_parameter_model a27)
20.0: (add_move_automata a27)
20.0: (stop_wait)
20.0: (add_action a23)
20.0: (check_added_parameter_model a23)
20.0: (add_move_automata a23)
20.0: (stop_wait)
20.0: (add_action a34)
20.0: (check_added_parameter_model a34)
20.0: (add_move_automata a34)
20.0: (stop_wait)
20.0: (add_action a7)
20.0: (check_added_parameter_model a7)
20.0: (add_move_automata a7)
20.0: (stop_wait)
20.0: (add_action a9)
20.0: (check_added_parameter_model a9)
20.0: (add_move_automata a9)
20.0: (stop_wait)
20.0: (add_action a12)
20.0: (check_added_parameter_model a12)
20.0: (add_move_automata a12)
20.0: (stop_wait)
20.0: (add_action a17)
20.0: (check_added_parameter_model a17)
20.0: (add_move_automata a17)
20.0: (stop_wait)
20.0: (add_action a3)
20.0: (check_added_parameter_model a3)
20.0: (add_move_automata a3)
20.0: (stop_wait)
20.0: (add_action a6)
20.0: (check_added_parameter_model a6)
20.0: (add_move_automata a6)
20.0: (stop_wait)
20.0: (add_action a5)
20.0: (check_added_parameter_model a5)
20.0: (add_move_automata a5)
20.0: (stop_wait)
20.0: (add_action a21)
20.0: (check_added_parameter_model a21)
20.0: (add_move_automata a21)
20.0: (stop_wait)
20.0: (add_action a24)
20.0: (check_added_parameter_model a24)
20.0: (add_move_automata a24)
20.0: (stop_wait)
20.0: (add_action a16)
20.0: (check_added_parameter_model a16)
20.0: (add_move_automata a16)
20.0: (stop_wait)
20.0: (add_action a19)
20.0: (check_added_parameter_model a19)
20.0: (add_move_automata a19)
20.0: (stop_wait)
20.0: (add_action a20)
20.0: (check_added_parameter_model a20)
20.0: (add_move_automata a20)

Plan-Length:119
Elapsed Time: 20.0
Metric (Search):20.0
Planning Time (msec): 179
Heuristic Time (msec): 6
Search Time (msec): 174
Expanded Nodes:419
States Evaluated:561
Number of Dead-Ends detected:0
Number of Duplicates detected:379
/usr/bin/time -v timeout 600 java -Xmx64g -jar ./enhsp3.jar -o ./domain_framed_autonomy_process_reset.pddl -f ./problems/a35g6-prefix-0-a35g6_1_timed/problem5.pddl -h blind -s WAStar
Domain parsed
Problem parsed
Grounding..
Grounding Time: 10900
UFX:true
|F|:47957
|X|:3
Heuristic Problem Creation
|A|:1606
|P|:1
|E|:0
Delta time heuristic model:1.0
Delta time planning model:1.0
Delta time search-execution model:1.0
Delta time validation model:1
h(I):0.0
f(n) = 1.0 (Expanded Nodes: 6, Evaluated States: 7, Time: 0.028) Frontier Size: 1
f(n) = 2.0 (Expanded Nodes: 8, Evaluated States: 10, Time: 0.053) Frontier Size: 2
f(n) = 3.0 (Expanded Nodes: 10, Evaluated States: 13, Time: 0.059) Frontier Size: 3
f(n) = 4.0 (Expanded Nodes: 12, Evaluated States: 16, Time: 0.06) Frontier Size: 4
f(n) = 5.0 (Expanded Nodes: 14, Evaluated States: 19, Time: 0.06) Frontier Size: 5
f(n) = 6.0 (Expanded Nodes: 16, Evaluated States: 22, Time: 0.061) Frontier Size: 6
f(n) = 7.0 (Expanded Nodes: 18, Evaluated States: 25, Time: 0.062) Frontier Size: 7
f(n) = 8.0 (Expanded Nodes: 20, Evaluated States: 28, Time: 0.067) Frontier Size: 8
f(n) = 9.0 (Expanded Nodes: 22, Evaluated States: 31, Time: 0.068) Frontier Size: 9
f(n) = 10.0 (Expanded Nodes: 24, Evaluated States: 34, Time: 0.068) Frontier Size: 10
f(n) = 11.0 (Expanded Nodes: 26, Evaluated States: 37, Time: 0.069) Frontier Size: 11
f(n) = 12.0 (Expanded Nodes: 28, Evaluated States: 40, Time: 0.074) Frontier Size: 12
f(n) = 13.0 (Expanded Nodes: 30, Evaluated States: 43, Time: 0.075) Frontier Size: 13
f(n) = 14.0 (Expanded Nodes: 32, Evaluated States: 46, Time: 0.075) Frontier Size: 14
f(n) = 15.0 (Expanded Nodes: 34, Evaluated States: 49, Time: 0.076) Frontier Size: 15
f(n) = 16.0 (Expanded Nodes: 36, Evaluated States: 52, Time: 0.077) Frontier Size: 16
f(n) = 17.0 (Expanded Nodes: 38, Evaluated States: 55, Time: 0.082) Frontier Size: 17
f(n) = 18.0 (Expanded Nodes: 40, Evaluated States: 58, Time: 0.082) Frontier Size: 18
f(n) = 19.0 (Expanded Nodes: 42, Evaluated States: 61, Time: 0.083) Frontier Size: 19
f(n) = 20.0 (Expanded Nodes: 44, Evaluated States: 64, Time: 0.084) Frontier Size: 20
Extracting plan with execution delta: 1.0
Problem Solved

Found Plan:
0: (add_action a8)
0: (check_added_parameter_model a8)
0: (add_move_automata a8)
0: -----waiting---- [20.0]
20.0: (stop_wait)
20.0: (add_action a4)
20.0: (check_added_parameter_model a4)
20.0: (add_move_automata a4)
20.0: (stop_wait)
20.0: (add_action a31)
20.0: (check_added_parameter_model a31)
20.0: (add_move_automata a31)
20.0: (stop_wait)
20.0: (add_action a30)
20.0: (check_added_parameter_model a30)
20.0: (add_move_automata a30)
20.0: (stop_wait)
20.0: (add_action a1)
20.0: (check_added_parameter_model a1)
20.0: (add_move_automata a1)
20.0: (stop_wait)
20.0: (add_action a0)
20.0: (check_added_parameter_model a0)
20.0: (add_move_automata a0)
20.0: (stop_wait)
20.0: (add_action a2)
20.0: (check_added_parameter_model a2)
20.0: (add_move_automata a2)
20.0: (stop_wait)
20.0: (add_action a33)
20.0: (check_added_parameter_model a33)
20.0: (add_move_automata a33)
20.0: (stop_wait)
20.0: (add_action a32)
20.0: (check_added_parameter_model a32)
20.0: (add_move_automata a32)
20.0: (stop_wait)
20.0: (add_action a29)
20.0: (check_added_parameter_model a29)
20.0: (add_move_automata a29)
20.0: (stop_wait)
20.0: (add_action a27)
20.0: (check_added_parameter_model a27)
20.0: (add_move_automata a27)
20.0: (stop_wait)
20.0: (add_action a23)
20.0: (check_added_parameter_model a23)
20.0: (add_move_automata a23)
20.0: (stop_wait)
20.0: (add_action a34)
20.0: (check_added_parameter_model a34)
20.0: (add_move_automata a34)
20.0: (stop_wait)
20.0: (add_action a7)
20.0: (check_added_parameter_model a7)
20.0: (add_move_automata a7)
20.0: (stop_wait)
20.0: (add_action a9)
20.0: (check_added_parameter_model a9)
20.0: (add_move_automata a9)
20.0: (stop_wait)
20.0: (add_action a12)
20.0: (check_added_parameter_model a12)
20.0: (add_move_automata a12)
20.0: (stop_wait)
20.0: (add_action a17)
20.0: (check_added_parameter_model a17)
20.0: (add_move_automata a17)
20.0: (stop_wait)
20.0: (add_action a3)
20.0: (check_added_parameter_model a3)
20.0: (add_move_automata a3)
20.0: (stop_wait)
20.0: (add_action a6)
20.0: (check_added_parameter_model a6)
20.0: (add_move_automata a6)
20.0: (stop_wait)
20.0: (add_action a5)
20.0: (check_added_parameter_model a5)
20.0: (add_move_automata a5)
20.0: (stop_wait)
20.0: (add_action a21)
20.0: (check_added_parameter_model a21)
20.0: (add_move_automata a21)
20.0: (stop_wait)
20.0: (add_action a24)
20.0: (check_added_parameter_model a24)
20.0: (add_move_automata a24)
20.0: (stop_wait)
20.0: (add_action a16)
20.0: (check_added_parameter_model a16)
20.0: (add_move_automata a16)
20.0: (stop_wait)
20.0: (add_action a19)
20.0: (check_added_parameter_model a19)
20.0: (add_move_automata a19)
20.0: (stop_wait)
20.0: (add_action a20)
20.0: (check_added_parameter_model a20)
20.0: (add_move_automata a20)

Plan-Length:119
Elapsed Time: 20.0
Metric (Search):20.0
Planning Time (msec): 291
Heuristic Time (msec): 3
Search Time (msec): 273
Expanded Nodes:419
States Evaluated:561
Number of Dead-Ends detected:0
Number of Duplicates detected:379
/usr/bin/time -v timeout 600 java -Xmx64g -jar ./enhsp3.jar -o ./domain_framed_autonomy_process_reset.pddl -f ./problems/a35g6-prefix-0-a35g6_1_timed/problem6.pddl -h blind -s WAStar
Domain parsed
Problem parsed
Grounding..
Grounding Time: 11222
UFX:true
|F|:47957
|X|:3
Heuristic Problem Creation
|A|:1606
|P|:1
|E|:0
Delta time heuristic model:1.0
Delta time planning model:1.0
Delta time search-execution model:1.0
Delta time validation model:1
h(I):0.0
f(n) = 1.0 (Expanded Nodes: 6, Evaluated States: 7, Time: 0.022) Frontier Size: 1
f(n) = 2.0 (Expanded Nodes: 8, Evaluated States: 10, Time: 0.05) Frontier Size: 2
f(n) = 3.0 (Expanded Nodes: 10, Evaluated States: 13, Time: 0.051) Frontier Size: 3
f(n) = 4.0 (Expanded Nodes: 12, Evaluated States: 16, Time: 0.051) Frontier Size: 4
f(n) = 5.0 (Expanded Nodes: 14, Evaluated States: 19, Time: 0.056) Frontier Size: 5
f(n) = 6.0 (Expanded Nodes: 16, Evaluated States: 22, Time: 0.057) Frontier Size: 6
f(n) = 7.0 (Expanded Nodes: 18, Evaluated States: 25, Time: 0.057) Frontier Size: 7
f(n) = 8.0 (Expanded Nodes: 20, Evaluated States: 28, Time: 0.058) Frontier Size: 8
f(n) = 9.0 (Expanded Nodes: 22, Evaluated States: 31, Time: 0.059) Frontier Size: 9
f(n) = 10.0 (Expanded Nodes: 24, Evaluated States: 34, Time: 0.064) Frontier Size: 10
f(n) = 11.0 (Expanded Nodes: 26, Evaluated States: 37, Time: 0.064) Frontier Size: 11
f(n) = 12.0 (Expanded Nodes: 28, Evaluated States: 40, Time: 0.065) Frontier Size: 12
f(n) = 13.0 (Expanded Nodes: 30, Evaluated States: 43, Time: 0.066) Frontier Size: 13
f(n) = 14.0 (Expanded Nodes: 32, Evaluated States: 46, Time: 0.066) Frontier Size: 14
f(n) = 15.0 (Expanded Nodes: 34, Evaluated States: 49, Time: 0.071) Frontier Size: 15
f(n) = 16.0 (Expanded Nodes: 36, Evaluated States: 52, Time: 0.071) Frontier Size: 16
f(n) = 17.0 (Expanded Nodes: 38, Evaluated States: 55, Time: 0.072) Frontier Size: 17
f(n) = 18.0 (Expanded Nodes: 40, Evaluated States: 58, Time: 0.072) Frontier Size: 18
f(n) = 19.0 (Expanded Nodes: 42, Evaluated States: 61, Time: 0.073) Frontier Size: 19
f(n) = 20.0 (Expanded Nodes: 44, Evaluated States: 64, Time: 0.078) Frontier Size: 20
Extracting plan with execution delta: 1.0
Problem Solved

Found Plan:
0: (add_action a8)
0: (check_added_parameter_model a8)
0: (add_move_automata a8)
0: -----waiting---- [20.0]
20.0: (stop_wait)
20.0: (add_action a4)
20.0: (check_added_parameter_model a4)
20.0: (add_move_automata a4)
20.0: (stop_wait)
20.0: (add_action a31)
20.0: (check_added_parameter_model a31)
20.0: (add_move_automata a31)
20.0: (stop_wait)
20.0: (add_action a30)
20.0: (check_added_parameter_model a30)
20.0: (add_move_automata a30)
20.0: (stop_wait)
20.0: (add_action a1)
20.0: (check_added_parameter_model a1)
20.0: (add_move_automata a1)
20.0: (stop_wait)
20.0: (add_action a0)
20.0: (check_added_parameter_model a0)
20.0: (add_move_automata a0)
20.0: (stop_wait)
20.0: (add_action a2)
20.0: (check_added_parameter_model a2)
20.0: (add_move_automata a2)
20.0: (stop_wait)
20.0: (add_action a33)
20.0: (check_added_parameter_model a33)
20.0: (add_move_automata a33)
20.0: (stop_wait)
20.0: (add_action a32)
20.0: (check_added_parameter_model a32)
20.0: (add_move_automata a32)
20.0: (stop_wait)
20.0: (add_action a29)
20.0: (check_added_parameter_model a29)
20.0: (add_move_automata a29)
20.0: (stop_wait)
20.0: (add_action a27)
20.0: (check_added_parameter_model a27)
20.0: (add_move_automata a27)
20.0: (stop_wait)
20.0: (add_action a23)
20.0: (check_added_parameter_model a23)
20.0: (add_move_automata a23)
20.0: (stop_wait)
20.0: (add_action a34)
20.0: (check_added_parameter_model a34)
20.0: (add_move_automata a34)
20.0: (stop_wait)
20.0: (add_action a7)
20.0: (check_added_parameter_model a7)
20.0: (add_move_automata a7)
20.0: (stop_wait)
20.0: (add_action a9)
20.0: (check_added_parameter_model a9)
20.0: (add_move_automata a9)
20.0: (stop_wait)
20.0: (add_action a12)
20.0: (check_added_parameter_model a12)
20.0: (add_move_automata a12)
20.0: (stop_wait)
20.0: (add_action a17)
20.0: (check_added_parameter_model a17)
20.0: (add_move_automata a17)
20.0: (stop_wait)
20.0: (add_action a3)
20.0: (check_added_parameter_model a3)
20.0: (add_move_automata a3)
20.0: (stop_wait)
20.0: (add_action a6)
20.0: (check_added_parameter_model a6)
20.0: (add_move_automata a6)
20.0: (stop_wait)
20.0: (add_action a5)
20.0: (check_added_parameter_model a5)
20.0: (add_move_automata a5)
20.0: (stop_wait)
20.0: (add_action a21)
20.0: (check_added_parameter_model a21)
20.0: (add_move_automata a21)
20.0: (stop_wait)
20.0: (add_action a24)
20.0: (check_added_parameter_model a24)
20.0: (add_move_automata a24)
20.0: (stop_wait)
20.0: (add_action a16)
20.0: (check_added_parameter_model a16)
20.0: (add_move_automata a16)
20.0: (stop_wait)
20.0: (add_action a19)
20.0: (check_added_parameter_model a19)
20.0: (add_move_automata a19)
20.0: (stop_wait)
20.0: (add_action a20)
20.0: (check_added_parameter_model a20)
20.0: (add_move_automata a20)

Plan-Length:119
Elapsed Time: 20.0
Metric (Search):20.0
Planning Time (msec): 250
Heuristic Time (msec): 8
Search Time (msec): 238
Expanded Nodes:419
States Evaluated:561
Number of Dead-Ends detected:0
Number of Duplicates detected:379
/usr/bin/time -v timeout 600 java -Xmx64g -jar ./enhsp3.jar -o ./domain_framed_autonomy_process_reset.pddl -f ./problems/a35g6-prefix-0-a35g6_1_timed/problem7.pddl -h blind -s WAStar
Domain parsed
Problem parsed
Grounding..
Grounding Time: 10421
UFX:true
|F|:47957
|X|:3
Heuristic Problem Creation
|A|:1606
|P|:1
|E|:0
Delta time heuristic model:1.0
Delta time planning model:1.0
Delta time search-execution model:1.0
Delta time validation model:1
h(I):0.0
f(n) = 1.0 (Expanded Nodes: 6, Evaluated States: 7, Time: 0.026) Frontier Size: 1
f(n) = 2.0 (Expanded Nodes: 8, Evaluated States: 10, Time: 0.053) Frontier Size: 2
f(n) = 3.0 (Expanded Nodes: 10, Evaluated States: 13, Time: 0.054) Frontier Size: 3
f(n) = 4.0 (Expanded Nodes: 12, Evaluated States: 16, Time: 0.055) Frontier Size: 4
f(n) = 5.0 (Expanded Nodes: 14, Evaluated States: 19, Time: 0.055) Frontier Size: 5
f(n) = 6.0 (Expanded Nodes: 16, Evaluated States: 22, Time: 0.056) Frontier Size: 6
f(n) = 7.0 (Expanded Nodes: 18, Evaluated States: 25, Time: 0.057) Frontier Size: 7
f(n) = 8.0 (Expanded Nodes: 20, Evaluated States: 28, Time: 0.057) Frontier Size: 8
f(n) = 9.0 (Expanded Nodes: 22, Evaluated States: 31, Time: 0.058) Frontier Size: 9
f(n) = 10.0 (Expanded Nodes: 24, Evaluated States: 34, Time: 0.059) Frontier Size: 10
f(n) = 11.0 (Expanded Nodes: 26, Evaluated States: 37, Time: 0.059) Frontier Size: 11
f(n) = 12.0 (Expanded Nodes: 28, Evaluated States: 40, Time: 0.065) Frontier Size: 12
f(n) = 13.0 (Expanded Nodes: 30, Evaluated States: 43, Time: 0.069) Frontier Size: 13
f(n) = 14.0 (Expanded Nodes: 32, Evaluated States: 46, Time: 0.07) Frontier Size: 14
f(n) = 15.0 (Expanded Nodes: 34, Evaluated States: 49, Time: 0.071) Frontier Size: 15
f(n) = 16.0 (Expanded Nodes: 36, Evaluated States: 52, Time: 0.071) Frontier Size: 16
f(n) = 17.0 (Expanded Nodes: 38, Evaluated States: 55, Time: 0.076) Frontier Size: 17
f(n) = 18.0 (Expanded Nodes: 40, Evaluated States: 58, Time: 0.076) Frontier Size: 18
f(n) = 19.0 (Expanded Nodes: 42, Evaluated States: 61, Time: 0.077) Frontier Size: 19
f(n) = 20.0 (Expanded Nodes: 44, Evaluated States: 64, Time: 0.079) Frontier Size: 20
Extracting plan with execution delta: 1.0
Problem Solved

Found Plan:
0: (add_action a8)
0: (check_added_parameter_model a8)
0: (add_move_automata a8)
0: -----waiting---- [20.0]
20.0: (stop_wait)
20.0: (add_action a4)
20.0: (check_added_parameter_model a4)
20.0: (add_move_automata a4)
20.0: (stop_wait)
20.0: (add_action a31)
20.0: (check_added_parameter_model a31)
20.0: (add_move_automata a31)
20.0: (stop_wait)
20.0: (add_action a30)
20.0: (check_added_parameter_model a30)
20.0: (add_move_automata a30)
20.0: (stop_wait)
20.0: (add_action a1)
20.0: (check_added_parameter_model a1)
20.0: (add_move_automata a1)
20.0: (stop_wait)
20.0: (add_action a0)
20.0: (check_added_parameter_model a0)
20.0: (add_move_automata a0)
20.0: (stop_wait)
20.0: (add_action a2)
20.0: (check_added_parameter_model a2)
20.0: (add_move_automata a2)
20.0: (stop_wait)
20.0: (add_action a33)
20.0: (check_added_parameter_model a33)
20.0: (add_move_automata a33)
20.0: (stop_wait)
20.0: (add_action a32)
20.0: (check_added_parameter_model a32)
20.0: (add_move_automata a32)
20.0: (stop_wait)
20.0: (add_action a29)
20.0: (check_added_parameter_model a29)
20.0: (add_move_automata a29)
20.0: (stop_wait)
20.0: (add_action a27)
20.0: (check_added_parameter_model a27)
20.0: (add_move_automata a27)
20.0: (stop_wait)
20.0: (add_action a23)
20.0: (check_added_parameter_model a23)
20.0: (add_move_automata a23)
20.0: (stop_wait)
20.0: (add_action a34)
20.0: (check_added_parameter_model a34)
20.0: (add_move_automata a34)
20.0: (stop_wait)
20.0: (add_action a7)
20.0: (check_added_parameter_model a7)
20.0: (add_move_automata a7)
20.0: (stop_wait)
20.0: (add_action a9)
20.0: (check_added_parameter_model a9)
20.0: (add_move_automata a9)
20.0: (stop_wait)
20.0: (add_action a12)
20.0: (check_added_parameter_model a12)
20.0: (add_move_automata a12)
20.0: (stop_wait)
20.0: (add_action a17)
20.0: (check_added_parameter_model a17)
20.0: (add_move_automata a17)
20.0: (stop_wait)
20.0: (add_action a3)
20.0: (check_added_parameter_model a3)
20.0: (add_move_automata a3)
20.0: (stop_wait)
20.0: (add_action a6)
20.0: (check_added_parameter_model a6)
20.0: (add_move_automata a6)
20.0: (stop_wait)
20.0: (add_action a5)
20.0: (check_added_parameter_model a5)
20.0: (add_move_automata a5)
20.0: (stop_wait)
20.0: (add_action a21)
20.0: (check_added_parameter_model a21)
20.0: (add_move_automata a21)
20.0: (stop_wait)
20.0: (add_action a24)
20.0: (check_added_parameter_model a24)
20.0: (add_move_automata a24)
20.0: (stop_wait)
20.0: (add_action a16)
20.0: (check_added_parameter_model a16)
20.0: (add_move_automata a16)
20.0: (stop_wait)
20.0: (add_action a19)
20.0: (check_added_parameter_model a19)
20.0: (add_move_automata a19)
20.0: (stop_wait)
20.0: (add_action a20)
20.0: (check_added_parameter_model a20)
20.0: (add_move_automata a20)

Plan-Length:119
Elapsed Time: 20.0
Metric (Search):20.0
Planning Time (msec): 237
Heuristic Time (msec): 9
Search Time (msec): 227
Expanded Nodes:419
States Evaluated:561
Number of Dead-Ends detected:0
Number of Duplicates detected:379
/usr/bin/time -v timeout 600 java -Xmx64g -jar ./enhsp3.jar -o ./domain_framed_autonomy_process_reset.pddl -f ./problems/a35g6-prefix-0-a35g6_1_timed/problem8.pddl -h blind -s WAStar
Domain parsed
Problem parsed
Grounding..
Grounding Time: 10533
UFX:true
|F|:47957
|X|:3
Heuristic Problem Creation
|A|:1606
|P|:1
|E|:0
Delta time heuristic model:1.0
Delta time planning model:1.0
Delta time search-execution model:1.0
Delta time validation model:1
h(I):0.0
f(n) = 1.0 (Expanded Nodes: 6, Evaluated States: 7, Time: 0.02) Frontier Size: 1
f(n) = 2.0 (Expanded Nodes: 8, Evaluated States: 10, Time: 0.048) Frontier Size: 2
f(n) = 3.0 (Expanded Nodes: 10, Evaluated States: 13, Time: 0.049) Frontier Size: 3
f(n) = 4.0 (Expanded Nodes: 12, Evaluated States: 16, Time: 0.055) Frontier Size: 4
f(n) = 5.0 (Expanded Nodes: 14, Evaluated States: 19, Time: 0.056) Frontier Size: 5
f(n) = 6.0 (Expanded Nodes: 16, Evaluated States: 22, Time: 0.056) Frontier Size: 6
f(n) = 7.0 (Expanded Nodes: 18, Evaluated States: 25, Time: 0.057) Frontier Size: 7
f(n) = 8.0 (Expanded Nodes: 20, Evaluated States: 28, Time: 0.058) Frontier Size: 8
f(n) = 9.0 (Expanded Nodes: 22, Evaluated States: 31, Time: 0.062) Frontier Size: 9
f(n) = 10.0 (Expanded Nodes: 24, Evaluated States: 34, Time: 0.063) Frontier Size: 10
f(n) = 11.0 (Expanded Nodes: 26, Evaluated States: 37, Time: 0.067) Frontier Size: 11
f(n) = 12.0 (Expanded Nodes: 28, Evaluated States: 40, Time: 0.068) Frontier Size: 12
f(n) = 13.0 (Expanded Nodes: 30, Evaluated States: 43, Time: 0.068) Frontier Size: 13
f(n) = 14.0 (Expanded Nodes: 32, Evaluated States: 46, Time: 0.071) Frontier Size: 14
f(n) = 15.0 (Expanded Nodes: 34, Evaluated States: 49, Time: 0.072) Frontier Size: 15
f(n) = 16.0 (Expanded Nodes: 36, Evaluated States: 52, Time: 0.076) Frontier Size: 16
f(n) = 17.0 (Expanded Nodes: 38, Evaluated States: 55, Time: 0.077) Frontier Size: 17
f(n) = 18.0 (Expanded Nodes: 40, Evaluated States: 58, Time: 0.08) Frontier Size: 18
f(n) = 19.0 (Expanded Nodes: 42, Evaluated States: 61, Time: 0.08) Frontier Size: 19
f(n) = 20.0 (Expanded Nodes: 44, Evaluated States: 64, Time: 0.081) Frontier Size: 20
Extracting plan with execution delta: 1.0
Problem Solved

Found Plan:
0: (add_action a8)
0: (check_added_parameter_model a8)
0: (add_move_automata a8)
0: -----waiting---- [20.0]
20.0: (stop_wait)
20.0: (add_action a4)
20.0: (check_added_parameter_model a4)
20.0: (add_move_automata a4)
20.0: (stop_wait)
20.0: (add_action a31)
20.0: (check_added_parameter_model a31)
20.0: (add_move_automata a31)
20.0: (stop_wait)
20.0: (add_action a30)
20.0: (check_added_parameter_model a30)
20.0: (add_move_automata a30)
20.0: (stop_wait)
20.0: (add_action a1)
20.0: (check_added_parameter_model a1)
20.0: (add_move_automata a1)
20.0: (stop_wait)
20.0: (add_action a0)
20.0: (check_added_parameter_model a0)
20.0: (add_move_automata a0)
20.0: (stop_wait)
20.0: (add_action a2)
20.0: (check_added_parameter_model a2)
20.0: (add_move_automata a2)
20.0: (stop_wait)
20.0: (add_action a33)
20.0: (check_added_parameter_model a33)
20.0: (add_move_automata a33)
20.0: (stop_wait)
20.0: (add_action a32)
20.0: (check_added_parameter_model a32)
20.0: (add_move_automata a32)
20.0: (stop_wait)
20.0: (add_action a29)
20.0: (check_added_parameter_model a29)
20.0: (add_move_automata a29)
20.0: (stop_wait)
20.0: (add_action a27)
20.0: (check_added_parameter_model a27)
20.0: (add_move_automata a27)
20.0: (stop_wait)
20.0: (add_action a23)
20.0: (check_added_parameter_model a23)
20.0: (add_move_automata a23)
20.0: (stop_wait)
20.0: (add_action a34)
20.0: (check_added_parameter_model a34)
20.0: (add_move_automata a34)
20.0: (stop_wait)
20.0: (add_action a7)
20.0: (check_added_parameter_model a7)
20.0: (add_move_automata a7)
20.0: (stop_wait)
20.0: (add_action a9)
20.0: (check_added_parameter_model a9)
20.0: (add_move_automata a9)
20.0: (stop_wait)
20.0: (add_action a12)
20.0: (check_added_parameter_model a12)
20.0: (add_move_automata a12)
20.0: (stop_wait)
20.0: (add_action a17)
20.0: (check_added_parameter_model a17)
20.0: (add_move_automata a17)
20.0: (stop_wait)
20.0: (add_action a3)
20.0: (check_added_parameter_model a3)
20.0: (add_move_automata a3)
20.0: (stop_wait)
20.0: (add_action a6)
20.0: (check_added_parameter_model a6)
20.0: (add_move_automata a6)
20.0: (stop_wait)
20.0: (add_action a5)
20.0: (check_added_parameter_model a5)
20.0: (add_move_automata a5)
20.0: (stop_wait)
20.0: (add_action a21)
20.0: (check_added_parameter_model a21)
20.0: (add_move_automata a21)
20.0: (stop_wait)
20.0: (add_action a24)
20.0: (check_added_parameter_model a24)
20.0: (add_move_automata a24)
20.0: (stop_wait)
20.0: (add_action a16)
20.0: (check_added_parameter_model a16)
20.0: (add_move_automata a16)
20.0: (stop_wait)
20.0: (add_action a19)
20.0: (check_added_parameter_model a19)
20.0: (add_move_automata a19)
20.0: (stop_wait)
20.0: (add_action a20)
20.0: (check_added_parameter_model a20)
20.0: (add_move_automata a20)

Plan-Length:119
Elapsed Time: 20.0
Metric (Search):20.0
Planning Time (msec): 239
Heuristic Time (msec): 1
Search Time (msec): 230
Expanded Nodes:419
States Evaluated:561
Number of Dead-Ends detected:0
Number of Duplicates detected:379
/usr/bin/time -v timeout 600 java -Xmx64g -jar ./enhsp3.jar -o ./domain_framed_autonomy_process_reset.pddl -f ./problems/a35g6-prefix-0-a35g6_1_timed/problem9.pddl -h blind -s WAStar
Domain parsed
Problem parsed
Grounding..
Grounding Time: 10594
UFX:true
|F|:47957
|X|:3
Heuristic Problem Creation
|A|:1606
|P|:1
|E|:0
Delta time heuristic model:1.0
Delta time planning model:1.0
Delta time search-execution model:1.0
Delta time validation model:1
h(I):0.0
f(n) = 1.0 (Expanded Nodes: 6, Evaluated States: 7, Time: 0.029) Frontier Size: 1
f(n) = 2.0 (Expanded Nodes: 8, Evaluated States: 10, Time: 0.055) Frontier Size: 2
f(n) = 3.0 (Expanded Nodes: 10, Evaluated States: 13, Time: 0.056) Frontier Size: 3
f(n) = 4.0 (Expanded Nodes: 12, Evaluated States: 16, Time: 0.056) Frontier Size: 4
f(n) = 5.0 (Expanded Nodes: 14, Evaluated States: 19, Time: 0.057) Frontier Size: 5
f(n) = 6.0 (Expanded Nodes: 16, Evaluated States: 22, Time: 0.057) Frontier Size: 6
f(n) = 7.0 (Expanded Nodes: 18, Evaluated States: 25, Time: 0.058) Frontier Size: 7
f(n) = 8.0 (Expanded Nodes: 20, Evaluated States: 28, Time: 0.06) Frontier Size: 8
f(n) = 9.0 (Expanded Nodes: 22, Evaluated States: 31, Time: 0.061) Frontier Size: 9
f(n) = 10.0 (Expanded Nodes: 24, Evaluated States: 34, Time: 0.061) Frontier Size: 10
f(n) = 11.0 (Expanded Nodes: 26, Evaluated States: 37, Time: 0.062) Frontier Size: 11
f(n) = 12.0 (Expanded Nodes: 28, Evaluated States: 40, Time: 0.063) Frontier Size: 12
f(n) = 13.0 (Expanded Nodes: 30, Evaluated States: 43, Time: 0.064) Frontier Size: 13
f(n) = 14.0 (Expanded Nodes: 32, Evaluated States: 46, Time: 0.064) Frontier Size: 14
f(n) = 15.0 (Expanded Nodes: 34, Evaluated States: 49, Time: 0.065) Frontier Size: 15
f(n) = 16.0 (Expanded Nodes: 36, Evaluated States: 52, Time: 0.067) Frontier Size: 16
f(n) = 17.0 (Expanded Nodes: 38, Evaluated States: 55, Time: 0.067) Frontier Size: 17
f(n) = 18.0 (Expanded Nodes: 40, Evaluated States: 58, Time: 0.069) Frontier Size: 18
f(n) = 19.0 (Expanded Nodes: 42, Evaluated States: 61, Time: 0.07) Frontier Size: 19
f(n) = 20.0 (Expanded Nodes: 44, Evaluated States: 64, Time: 0.073) Frontier Size: 20
Extracting plan with execution delta: 1.0
Problem Solved

Found Plan:
0: (add_action a8)
0: (check_added_parameter_model a8)
0: (add_move_automata a8)
0: -----waiting---- [20.0]
20.0: (stop_wait)
20.0: (add_action a4)
20.0: (check_added_parameter_model a4)
20.0: (add_move_automata a4)
20.0: (stop_wait)
20.0: (add_action a31)
20.0: (check_added_parameter_model a31)
20.0: (add_move_automata a31)
20.0: (stop_wait)
20.0: (add_action a30)
20.0: (check_added_parameter_model a30)
20.0: (add_move_automata a30)
20.0: (stop_wait)
20.0: (add_action a1)
20.0: (check_added_parameter_model a1)
20.0: (add_move_automata a1)
20.0: (stop_wait)
20.0: (add_action a0)
20.0: (check_added_parameter_model a0)
20.0: (add_move_automata a0)
20.0: (stop_wait)
20.0: (add_action a2)
20.0: (check_added_parameter_model a2)
20.0: (add_move_automata a2)
20.0: (stop_wait)
20.0: (add_action a33)
20.0: (check_added_parameter_model a33)
20.0: (add_move_automata a33)
20.0: (stop_wait)
20.0: (add_action a32)
20.0: (check_added_parameter_model a32)
20.0: (add_move_automata a32)
20.0: (stop_wait)
20.0: (add_action a29)
20.0: (check_added_parameter_model a29)
20.0: (add_move_automata a29)
20.0: (stop_wait)
20.0: (add_action a27)
20.0: (check_added_parameter_model a27)
20.0: (add_move_automata a27)
20.0: (stop_wait)
20.0: (add_action a23)
20.0: (check_added_parameter_model a23)
20.0: (add_move_automata a23)
20.0: (stop_wait)
20.0: (add_action a34)
20.0: (check_added_parameter_model a34)
20.0: (add_move_automata a34)
20.0: (stop_wait)
20.0: (add_action a7)
20.0: (check_added_parameter_model a7)
20.0: (add_move_automata a7)
20.0: (stop_wait)
20.0: (add_action a9)
20.0: (check_added_parameter_model a9)
20.0: (add_move_automata a9)
20.0: (stop_wait)
20.0: (add_action a12)
20.0: (check_added_parameter_model a12)
20.0: (add_move_automata a12)
20.0: (stop_wait)
20.0: (add_action a17)
20.0: (check_added_parameter_model a17)
20.0: (add_move_automata a17)
20.0: (stop_wait)
20.0: (add_action a3)
20.0: (check_added_parameter_model a3)
20.0: (add_move_automata a3)
20.0: (stop_wait)
20.0: (add_action a6)
20.0: (check_added_parameter_model a6)
20.0: (add_move_automata a6)
20.0: (stop_wait)
20.0: (add_action a5)
20.0: (check_added_parameter_model a5)
20.0: (add_move_automata a5)
20.0: (stop_wait)
20.0: (add_action a21)
20.0: (check_added_parameter_model a21)
20.0: (add_move_automata a21)
20.0: (stop_wait)
20.0: (add_action a24)
20.0: (check_added_parameter_model a24)
20.0: (add_move_automata a24)
20.0: (stop_wait)
20.0: (add_action a16)
20.0: (check_added_parameter_model a16)
20.0: (add_move_automata a16)
20.0: (stop_wait)
20.0: (add_action a19)
20.0: (check_added_parameter_model a19)
20.0: (add_move_automata a19)
20.0: (stop_wait)
20.0: (add_action a20)
20.0: (check_added_parameter_model a20)
20.0: (add_move_automata a20)

Plan-Length:119
Elapsed Time: 20.0
Metric (Search):20.0
Planning Time (msec): 173
Heuristic Time (msec): 10
Search Time (msec): 162
Expanded Nodes:419
States Evaluated:561
Number of Dead-Ends detected:0
Number of Duplicates detected:379
/usr/bin/time -v timeout 600 java -Xmx64g -jar ./enhsp3.jar -o ./domain_framed_autonomy_process_reset.pddl -f ./problems/a35g6-prefix-0-a35g6_1_timed/problem10.pddl -h blind -s WAStar
Domain parsed
Problem parsed
Grounding..
Grounding Time: 10623
UFX:true
|F|:47957
|X|:3
Heuristic Problem Creation
|A|:1606
|P|:1
|E|:0
Delta time heuristic model:1.0
Delta time planning model:1.0
Delta time search-execution model:1.0
Delta time validation model:1
h(I):0.0
f(n) = 1.0 (Expanded Nodes: 6, Evaluated States: 7, Time: 0.021) Frontier Size: 1
f(n) = 2.0 (Expanded Nodes: 8, Evaluated States: 10, Time: 0.05) Frontier Size: 2
f(n) = 3.0 (Expanded Nodes: 10, Evaluated States: 13, Time: 0.051) Frontier Size: 3
f(n) = 4.0 (Expanded Nodes: 12, Evaluated States: 16, Time: 0.052) Frontier Size: 4
f(n) = 5.0 (Expanded Nodes: 14, Evaluated States: 19, Time: 0.056) Frontier Size: 5
f(n) = 6.0 (Expanded Nodes: 16, Evaluated States: 22, Time: 0.057) Frontier Size: 6
f(n) = 7.0 (Expanded Nodes: 18, Evaluated States: 25, Time: 0.058) Frontier Size: 7
f(n) = 8.0 (Expanded Nodes: 20, Evaluated States: 28, Time: 0.058) Frontier Size: 8
f(n) = 9.0 (Expanded Nodes: 22, Evaluated States: 31, Time: 0.064) Frontier Size: 9
f(n) = 10.0 (Expanded Nodes: 24, Evaluated States: 34, Time: 0.064) Frontier Size: 10
f(n) = 11.0 (Expanded Nodes: 26, Evaluated States: 37, Time: 0.065) Frontier Size: 11
f(n) = 12.0 (Expanded Nodes: 28, Evaluated States: 40, Time: 0.07) Frontier Size: 12
f(n) = 13.0 (Expanded Nodes: 30, Evaluated States: 43, Time: 0.071) Frontier Size: 13
f(n) = 14.0 (Expanded Nodes: 32, Evaluated States: 46, Time: 0.072) Frontier Size: 14
f(n) = 15.0 (Expanded Nodes: 34, Evaluated States: 49, Time: 0.073) Frontier Size: 15
f(n) = 16.0 (Expanded Nodes: 36, Evaluated States: 52, Time: 0.073) Frontier Size: 16
f(n) = 17.0 (Expanded Nodes: 38, Evaluated States: 55, Time: 0.074) Frontier Size: 17
f(n) = 18.0 (Expanded Nodes: 40, Evaluated States: 58, Time: 0.079) Frontier Size: 18
f(n) = 19.0 (Expanded Nodes: 42, Evaluated States: 61, Time: 0.079) Frontier Size: 19
f(n) = 20.0 (Expanded Nodes: 44, Evaluated States: 64, Time: 0.08) Frontier Size: 20
Extracting plan with execution delta: 1.0
Problem Solved

Found Plan:
0: (add_action a8)
0: (check_added_parameter_model a8)
0: (add_move_automata a8)
0: -----waiting---- [20.0]
20.0: (stop_wait)
20.0: (add_action a4)
20.0: (check_added_parameter_model a4)
20.0: (add_move_automata a4)
20.0: (stop_wait)
20.0: (add_action a31)
20.0: (check_added_parameter_model a31)
20.0: (add_move_automata a31)
20.0: (stop_wait)
20.0: (add_action a30)
20.0: (check_added_parameter_model a30)
20.0: (add_move_automata a30)
20.0: (stop_wait)
20.0: (add_action a1)
20.0: (check_added_parameter_model a1)
20.0: (add_move_automata a1)
20.0: (stop_wait)
20.0: (add_action a0)
20.0: (check_added_parameter_model a0)
20.0: (add_move_automata a0)
20.0: (stop_wait)
20.0: (add_action a2)
20.0: (check_added_parameter_model a2)
20.0: (add_move_automata a2)
20.0: (stop_wait)
20.0: (add_action a33)
20.0: (check_added_parameter_model a33)
20.0: (add_move_automata a33)
20.0: (stop_wait)
20.0: (add_action a32)
20.0: (check_added_parameter_model a32)
20.0: (add_move_automata a32)
20.0: (stop_wait)
20.0: (add_action a29)
20.0: (check_added_parameter_model a29)
20.0: (add_move_automata a29)
20.0: (stop_wait)
20.0: (add_action a27)
20.0: (check_added_parameter_model a27)
20.0: (add_move_automata a27)
20.0: (stop_wait)
20.0: (add_action a23)
20.0: (check_added_parameter_model a23)
20.0: (add_move_automata a23)
20.0: (stop_wait)
20.0: (add_action a34)
20.0: (check_added_parameter_model a34)
20.0: (add_move_automata a34)
20.0: (stop_wait)
20.0: (add_action a7)
20.0: (check_added_parameter_model a7)
20.0: (add_move_automata a7)
20.0: (stop_wait)
20.0: (add_action a9)
20.0: (check_added_parameter_model a9)
20.0: (add_move_automata a9)
20.0: (stop_wait)
20.0: (add_action a12)
20.0: (check_added_parameter_model a12)
20.0: (add_move_automata a12)
20.0: (stop_wait)
20.0: (add_action a17)
20.0: (check_added_parameter_model a17)
20.0: (add_move_automata a17)
20.0: (stop_wait)
20.0: (add_action a3)
20.0: (check_added_parameter_model a3)
20.0: (add_move_automata a3)
20.0: (stop_wait)
20.0: (add_action a6)
20.0: (check_added_parameter_model a6)
20.0: (add_move_automata a6)
20.0: (stop_wait)
20.0: (add_action a5)
20.0: (check_added_parameter_model a5)
20.0: (add_move_automata a5)
20.0: (stop_wait)
20.0: (add_action a21)
20.0: (check_added_parameter_model a21)
20.0: (add_move_automata a21)
20.0: (stop_wait)
20.0: (add_action a24)
20.0: (check_added_parameter_model a24)
20.0: (add_move_automata a24)
20.0: (stop_wait)
20.0: (add_action a16)
20.0: (check_added_parameter_model a16)
20.0: (add_move_automata a16)
20.0: (stop_wait)
20.0: (add_action a19)
20.0: (check_added_parameter_model a19)
20.0: (add_move_automata a19)
20.0: (stop_wait)
20.0: (add_action a20)
20.0: (check_added_parameter_model a20)
20.0: (add_move_automata a20)

Plan-Length:119
Elapsed Time: 20.0
Metric (Search):20.0
Planning Time (msec): 249
Heuristic Time (msec): 6
Search Time (msec): 243
Expanded Nodes:419
States Evaluated:561
Number of Dead-Ends detected:0
Number of Duplicates detected:379
Loading openjdk/17.0.8.1_1
  Loading requirement: glibc/2.35-aocc-3.2.0-wetwhfr
    gcc-runtime/12.1.0-gcc-12.1.0-uotjsm3 glibc/2.35-aocc-3.2.0-dkzxmta
	Command being timed: "timeout 600 java -Xmx64g -jar ./enhsp3.jar -o ./domain_framed_autonomy_process_reset.pddl -f ./problems/a35g6-prefix-0-a35g6_1_timed/problem1.pddl -h blind -s WAStar -dap -dl 1500"
	User time (seconds): 22.27
	System time (seconds): 1.09
	Percent of CPU this job got: 95%
	Elapsed (wall clock) time (h:mm:ss or m:ss): 0:24.52
	Average shared text size (kbytes): 0
	Average unshared data size (kbytes): 0
	Average stack size (kbytes): 0
	Average total size (kbytes): 0
	Maximum resident set size (kbytes): 1892964
	Average resident set size (kbytes): 0
	Major (requiring I/O) page faults: 116
	Minor (reclaiming a frame) page faults: 1113029
	Voluntary context switches: 4103
	Involuntary context switches: 5140
	Swaps: 0
	File system inputs: 32
	File system outputs: 184
	Socket messages sent: 0
	Socket messages received: 0
	Signals delivered: 0
	Page size (bytes): 4096
	Exit status: 0
	Command being timed: "timeout 600 java -Xmx64g -jar ./enhsp3.jar -o ./domain_framed_autonomy_process_reset.pddl -f ./problems/a35g6-prefix-0-a35g6_1_timed/problem2.pddl -h blind -s WAStar -dap -dl 1500"
	User time (seconds): 22.48
	System time (seconds): 1.10
	Percent of CPU this job got: 99%
	Elapsed (wall clock) time (h:mm:ss or m:ss): 0:23.73
	Average shared text size (kbytes): 0
	Average unshared data size (kbytes): 0
	Average stack size (kbytes): 0
	Average total size (kbytes): 0
	Maximum resident set size (kbytes): 1890700
	Average resident set size (kbytes): 0
	Major (requiring I/O) page faults: 17
	Minor (reclaiming a frame) page faults: 1024837
	Voluntary context switches: 3953
	Involuntary context switches: 5204
	Swaps: 0
	File system inputs: 0
	File system outputs: 208
	Socket messages sent: 0
	Socket messages received: 0
	Signals delivered: 0
	Page size (bytes): 4096
	Exit status: 0
	Command being timed: "timeout 600 java -Xmx64g -jar ./enhsp3.jar -o ./domain_framed_autonomy_process_reset.pddl -f ./problems/a35g6-prefix-0-a35g6_1_timed/problem3.pddl -h blind -s WAStar -dap -dl 1500"
	User time (seconds): 22.37
	System time (seconds): 1.07
	Percent of CPU this job got: 99%
	Elapsed (wall clock) time (h:mm:ss or m:ss): 0:23.49
	Average shared text size (kbytes): 0
	Average unshared data size (kbytes): 0
	Average stack size (kbytes): 0
	Average total size (kbytes): 0
	Maximum resident set size (kbytes): 1900164
	Average resident set size (kbytes): 0
	Major (requiring I/O) page faults: 0
	Minor (reclaiming a frame) page faults: 1024342
	Voluntary context switches: 3973
	Involuntary context switches: 5082
	Swaps: 0
	File system inputs: 0
	File system outputs: 184
	Socket messages sent: 0
	Socket messages received: 0
	Signals delivered: 0
	Page size (bytes): 4096
	Exit status: 0
	Command being timed: "timeout 600 java -Xmx64g -jar ./enhsp3.jar -o ./domain_framed_autonomy_process_reset.pddl -f ./problems/a35g6-prefix-0-a35g6_1_timed/problem4.pddl -h blind -s WAStar -dap -dl 1500"
	User time (seconds): 22.43
	System time (seconds): 0.97
	Percent of CPU this job got: 99%
	Elapsed (wall clock) time (h:mm:ss or m:ss): 0:23.45
	Average shared text size (kbytes): 0
	Average unshared data size (kbytes): 0
	Average stack size (kbytes): 0
	Average total size (kbytes): 0
	Maximum resident set size (kbytes): 1895712
	Average resident set size (kbytes): 0
	Major (requiring I/O) page faults: 0
	Minor (reclaiming a frame) page faults: 957601
	Voluntary context switches: 3842
	Involuntary context switches: 5044
	Swaps: 0
	File system inputs: 0
	File system outputs: 224
	Socket messages sent: 0
	Socket messages received: 0
	Signals delivered: 0
	Page size (bytes): 4096
	Exit status: 0
	Command being timed: "timeout 600 java -Xmx64g -jar ./enhsp3.jar -o ./domain_framed_autonomy_process_reset.pddl -f ./problems/a35g6-prefix-0-a35g6_1_timed/problem5.pddl -h blind -s WAStar -dap -dl 1500"
	User time (seconds): 23.65
	System time (seconds): 1.09
	Percent of CPU this job got: 99%
	Elapsed (wall clock) time (h:mm:ss or m:ss): 0:24.80
	Average shared text size (kbytes): 0
	Average unshared data size (kbytes): 0
	Average stack size (kbytes): 0
	Average total size (kbytes): 0
	Maximum resident set size (kbytes): 1894816
	Average resident set size (kbytes): 0
	Major (requiring I/O) page faults: 0
	Minor (reclaiming a frame) page faults: 1174023
	Voluntary context switches: 3589
	Involuntary context switches: 5358
	Swaps: 0
	File system inputs: 0
	File system outputs: 208
	Socket messages sent: 0
	Socket messages received: 0
	Signals delivered: 0
	Page size (bytes): 4096
	Exit status: 0
	Command being timed: "timeout 600 java -Xmx64g -jar ./enhsp3.jar -o ./domain_framed_autonomy_process_reset.pddl -f ./problems/a35g6-prefix-0-a35g6_1_timed/problem6.pddl -h blind -s WAStar -dap -dl 1500"
	User time (seconds): 23.50
	System time (seconds): 1.07
	Percent of CPU this job got: 99%
	Elapsed (wall clock) time (h:mm:ss or m:ss): 0:24.63
	Average shared text size (kbytes): 0
	Average unshared data size (kbytes): 0
	Average stack size (kbytes): 0
	Average total size (kbytes): 0
	Maximum resident set size (kbytes): 1901700
	Average resident set size (kbytes): 0
	Major (requiring I/O) page faults: 0
	Minor (reclaiming a frame) page faults: 1026115
	Voluntary context switches: 3713
	Involuntary context switches: 5407
	Swaps: 0
	File system inputs: 0
	File system outputs: 224
	Socket messages sent: 0
	Socket messages received: 0
	Signals delivered: 0
	Page size (bytes): 4096
	Exit status: 0
	Command being timed: "timeout 600 java -Xmx64g -jar ./enhsp3.jar -o ./domain_framed_autonomy_process_reset.pddl -f ./problems/a35g6-prefix-0-a35g6_1_timed/problem7.pddl -h blind -s WAStar -dap -dl 1500"
	User time (seconds): 22.34
	System time (seconds): 1.02
	Percent of CPU this job got: 99%
	Elapsed (wall clock) time (h:mm:ss or m:ss): 0:23.40
	Average shared text size (kbytes): 0
	Average unshared data size (kbytes): 0
	Average stack size (kbytes): 0
	Average total size (kbytes): 0
	Maximum resident set size (kbytes): 1903696
	Average resident set size (kbytes): 0
	Major (requiring I/O) page faults: 0
	Minor (reclaiming a frame) page faults: 960353
	Voluntary context switches: 3590
	Involuntary context switches: 4940
	Swaps: 0
	File system inputs: 0
	File system outputs: 184
	Socket messages sent: 0
	Socket messages received: 0
	Signals delivered: 0
	Page size (bytes): 4096
	Exit status: 0
	Command being timed: "timeout 600 java -Xmx64g -jar ./enhsp3.jar -o ./domain_framed_autonomy_process_reset.pddl -f ./problems/a35g6-prefix-0-a35g6_1_timed/problem8.pddl -h blind -s WAStar -dap -dl 1500"
	User time (seconds): 21.98
	System time (seconds): 1.00
	Percent of CPU this job got: 99%
	Elapsed (wall clock) time (h:mm:ss or m:ss): 0:23.03
	Average shared text size (kbytes): 0
	Average unshared data size (kbytes): 0
	Average stack size (kbytes): 0
	Average total size (kbytes): 0
	Maximum resident set size (kbytes): 1901692
	Average resident set size (kbytes): 0
	Major (requiring I/O) page faults: 0
	Minor (reclaiming a frame) page faults: 940208
	Voluntary context switches: 3703
	Involuntary context switches: 4898
	Swaps: 0
	File system inputs: 0
	File system outputs: 216
	Socket messages sent: 0
	Socket messages received: 0
	Signals delivered: 0
	Page size (bytes): 4096
	Exit status: 0
	Command being timed: "timeout 600 java -Xmx64g -jar ./enhsp3.jar -o ./domain_framed_autonomy_process_reset.pddl -f ./problems/a35g6-prefix-0-a35g6_1_timed/problem9.pddl -h blind -s WAStar -dap -dl 1500"
	User time (seconds): 22.94
	System time (seconds): 1.05
	Percent of CPU this job got: 99%
	Elapsed (wall clock) time (h:mm:ss or m:ss): 0:24.04
	Average shared text size (kbytes): 0
	Average unshared data size (kbytes): 0
	Average stack size (kbytes): 0
	Average total size (kbytes): 0
	Maximum resident set size (kbytes): 1893992
	Average resident set size (kbytes): 0
	Major (requiring I/O) page faults: 0
	Minor (reclaiming a frame) page faults: 1115019
	Voluntary context switches: 3666
	Involuntary context switches: 5210
	Swaps: 0
	File system inputs: 0
	File system outputs: 192
	Socket messages sent: 0
	Socket messages received: 0
	Signals delivered: 0
	Page size (bytes): 4096
	Exit status: 0
	Command being timed: "timeout 600 java -Xmx64g -jar ./enhsp3.jar -o ./domain_framed_autonomy_process_reset.pddl -f ./problems/a35g6-prefix-0-a35g6_1_timed/problem10.pddl -h blind -s WAStar -dap -dl 1500"
	User time (seconds): 23.50
	System time (seconds): 1.02
	Percent of CPU this job got: 99%
	Elapsed (wall clock) time (h:mm:ss or m:ss): 0:24.59
	Average shared text size (kbytes): 0
	Average unshared data size (kbytes): 0
	Average stack size (kbytes): 0
	Average total size (kbytes): 0
	Maximum resident set size (kbytes): 1895136
	Average resident set size (kbytes): 0
	Major (requiring I/O) page faults: 0
	Minor (reclaiming a frame) page faults: 967039
	Voluntary context switches: 3826
	Involuntary context switches: 5509
	Swaps: 0
	File system inputs: 0
	File system outputs: 208
	Socket messages sent: 0
	Socket messages received: 0
	Signals delivered: 0
	Page size (bytes): 4096
	Exit status: 0
