/usr/bin/time -v timeout 600 java -Xmx64g -jar ./enhsp3.jar -o ./domain_framed_autonomy_process_reset.pddl -f ./problems/a40g17AND-prefix-3-a40g17AND_3_timed/problem1.pddl -h blind -s WAStar
Domain parsed
Problem parsed
Grounding..
Grounding Time: 130559
UFX:true
|F|:354388
|X|:5
Heuristic Problem Creation
|A|:2808
|P|:2
|E|:0
Delta time heuristic model:1.0
Delta time planning model:1.0
Delta time search-execution model:1.0
Delta time validation model:1
h(I):0.0
f(n) = 1.0 (Expanded Nodes: 5, Evaluated States: 6, Time: 0.025) Frontier Size: 1
f(n) = 2.0 (Expanded Nodes: 7, Evaluated States: 9, Time: 0.046) Frontier Size: 2
f(n) = 3.0 (Expanded Nodes: 9, Evaluated States: 12, Time: 0.047) Frontier Size: 3
f(n) = 4.0 (Expanded Nodes: 11, Evaluated States: 15, Time: 0.048) Frontier Size: 4
f(n) = 5.0 (Expanded Nodes: 13, Evaluated States: 18, Time: 0.048) Frontier Size: 5
f(n) = 6.0 (Expanded Nodes: 15, Evaluated States: 21, Time: 0.05) Frontier Size: 6
f(n) = 7.0 (Expanded Nodes: 17, Evaluated States: 24, Time: 0.052) Frontier Size: 7
f(n) = 8.0 (Expanded Nodes: 19, Evaluated States: 27, Time: 0.053) Frontier Size: 8
f(n) = 9.0 (Expanded Nodes: 21, Evaluated States: 30, Time: 0.054) Frontier Size: 9
f(n) = 10.0 (Expanded Nodes: 23, Evaluated States: 33, Time: 0.057) Frontier Size: 10
f(n) = 11.0 (Expanded Nodes: 25, Evaluated States: 36, Time: 0.057) Frontier Size: 11
f(n) = 12.0 (Expanded Nodes: 27, Evaluated States: 39, Time: 0.058) Frontier Size: 12
f(n) = 13.0 (Expanded Nodes: 29, Evaluated States: 42, Time: 0.059) Frontier Size: 13
f(n) = 14.0 (Expanded Nodes: 31, Evaluated States: 45, Time: 0.06) Frontier Size: 14
f(n) = 15.0 (Expanded Nodes: 33, Evaluated States: 48, Time: 0.061) Frontier Size: 15
f(n) = 16.0 (Expanded Nodes: 35, Evaluated States: 51, Time: 0.061) Frontier Size: 16
f(n) = 17.0 (Expanded Nodes: 37, Evaluated States: 54, Time: 0.062) Frontier Size: 17
f(n) = 18.0 (Expanded Nodes: 39, Evaluated States: 57, Time: 0.065) Frontier Size: 18
f(n) = 19.0 (Expanded Nodes: 41, Evaluated States: 60, Time: 0.066) Frontier Size: 19
f(n) = 20.0 (Expanded Nodes: 43, Evaluated States: 63, Time: 0.066) Frontier Size: 20
f(n) = 21.0 (Expanded Nodes: 45, Evaluated States: 66, Time: 0.066) Frontier Size: 21
f(n) = 22.0 (Expanded Nodes: 47, Evaluated States: 69, Time: 0.067) Frontier Size: 22
f(n) = 23.0 (Expanded Nodes: 49, Evaluated States: 72, Time: 0.067) Frontier Size: 23
f(n) = 24.0 (Expanded Nodes: 51, Evaluated States: 75, Time: 0.067) Frontier Size: 24
f(n) = 25.0 (Expanded Nodes: 56, Evaluated States: 82, Time: 0.076) Frontier Size: 26
f(n) = 26.0 (Expanded Nodes: 58, Evaluated States: 85, Time: 0.077) Frontier Size: 27
f(n) = 27.0 (Expanded Nodes: 60, Evaluated States: 88, Time: 0.077) Frontier Size: 28
f(n) = 28.0 (Expanded Nodes: 62, Evaluated States: 91, Time: 0.078) Frontier Size: 29
f(n) = 29.0 (Expanded Nodes: 64, Evaluated States: 94, Time: 0.078) Frontier Size: 30
f(n) = 30.0 (Expanded Nodes: 66, Evaluated States: 97, Time: 0.078) Frontier Size: 31
f(n) = 31.0 (Expanded Nodes: 68, Evaluated States: 100, Time: 0.082) Frontier Size: 32
f(n) = 32.0 (Expanded Nodes: 70, Evaluated States: 103, Time: 0.083) Frontier Size: 33
f(n) = 33.0 (Expanded Nodes: 72, Evaluated States: 106, Time: 0.083) Frontier Size: 34
f(n) = 34.0 (Expanded Nodes: 74, Evaluated States: 109, Time: 0.086) Frontier Size: 35
f(n) = 35.0 (Expanded Nodes: 76, Evaluated States: 112, Time: 0.086) Frontier Size: 36
f(n) = 36.0 (Expanded Nodes: 78, Evaluated States: 115, Time: 0.086) Frontier Size: 37
f(n) = 37.0 (Expanded Nodes: 80, Evaluated States: 118, Time: 0.087) Frontier Size: 38
f(n) = 38.0 (Expanded Nodes: 82, Evaluated States: 121, Time: 0.087) Frontier Size: 39
f(n) = 39.0 (Expanded Nodes: 84, Evaluated States: 124, Time: 0.087) Frontier Size: 40
Extracting plan with execution delta: 1.0
Problem Solved

Found Plan:
0: (validate_payload t0 a24 t1)
0: (sync_actions t0 t1 a24)
0: -----waiting---- [24.0]
24.0: (validate_payload t1 a19 t2)
24.0: (sync_actions t1 t2 a19)
24.0: -----waiting---- [39.0]
39.0: (validate_payload t2 a21 t3)
39.0: (sync_actions t2 t3 a21)
39.0: (add_action a22)
39.0: (check_added_parameter_model a22)
39.0: (add_move_automata a22)
39.0: (stop_wait)
39.0: (add_action a23)
39.0: (check_added_parameter_model a23)
39.0: (add_move_automata a23)
39.0: (stop_wait)
39.0: (add_action a25)
39.0: (check_added_parameter_model a25)
39.0: (add_move_automata a25)
39.0: (stop_wait)
39.0: (add_action a4)
39.0: (check_added_parameter_model a4)
39.0: (add_move_automata a4)
39.0: (stop_wait)
39.0: (add_action a47)
39.0: (check_added_parameter_model a47)
39.0: (add_move_automata a47)
39.0: (stop_wait)
39.0: (add_action a9)
39.0: (check_added_parameter_model a9)
39.0: (add_move_automata a9)
39.0: (stop_wait)
39.0: (add_action a16)
39.0: (check_added_parameter_model a16)
39.0: (add_move_automata a16)
39.0: (stop_wait)
39.0: (add_action a36)
39.0: (check_added_parameter_model a36)
39.0: (add_move_automata a36)
39.0: (stop_wait)
39.0: (add_action a8)
39.0: (check_added_parameter_model a8)
39.0: (add_move_automata a8)
39.0: (stop_wait)
39.0: (add_action a5)
39.0: (check_added_parameter_model a5)
39.0: (add_move_automata a5)
39.0: (stop_wait)
39.0: (add_action a6)
39.0: (check_added_parameter_model a6)
39.0: (add_move_automata a6)
39.0: (stop_wait)
39.0: (add_action a29)
39.0: (check_added_parameter_model a29)
39.0: (add_move_automata a29)
39.0: (stop_wait)
39.0: (add_action a7)
39.0: (check_added_parameter_model a7)
39.0: (add_move_automata a7)
39.0: (stop_wait)
39.0: (add_action a2)
39.0: (check_added_parameter_model a2)
39.0: (add_move_automata a2)
39.0: (stop_wait)
39.0: (add_action a35)
39.0: (check_added_parameter_model a35)
39.0: (add_move_automata a35)

Plan-Length:104
Elapsed Time: 39.0
Metric (Search):39.0
Planning Time (msec): 156
Heuristic Time (msec): 3
Search Time (msec): 145
Expanded Nodes:242
States Evaluated:323
Number of Dead-Ends detected:0
Number of Duplicates detected:129
/usr/bin/time -v timeout 600 java -Xmx64g -jar ./enhsp3.jar -o ./domain_framed_autonomy_process_reset.pddl -f ./problems/a40g17AND-prefix-3-a40g17AND_3_timed/problem2.pddl -h blind -s WAStar
Domain parsed
Problem parsed
Grounding..
Grounding Time: 125810
UFX:true
|F|:354388
|X|:5
Heuristic Problem Creation
|A|:2808
|P|:2
|E|:0
Delta time heuristic model:1.0
Delta time planning model:1.0
Delta time search-execution model:1.0
Delta time validation model:1
h(I):0.0
f(n) = 1.0 (Expanded Nodes: 5, Evaluated States: 6, Time: 0.018) Frontier Size: 1
f(n) = 2.0 (Expanded Nodes: 7, Evaluated States: 9, Time: 0.044) Frontier Size: 2
f(n) = 3.0 (Expanded Nodes: 9, Evaluated States: 12, Time: 0.045) Frontier Size: 3
f(n) = 4.0 (Expanded Nodes: 11, Evaluated States: 15, Time: 0.047) Frontier Size: 4
f(n) = 5.0 (Expanded Nodes: 13, Evaluated States: 18, Time: 0.048) Frontier Size: 5
f(n) = 6.0 (Expanded Nodes: 15, Evaluated States: 21, Time: 0.049) Frontier Size: 6
f(n) = 7.0 (Expanded Nodes: 17, Evaluated States: 24, Time: 0.052) Frontier Size: 7
f(n) = 8.0 (Expanded Nodes: 19, Evaluated States: 27, Time: 0.053) Frontier Size: 8
f(n) = 9.0 (Expanded Nodes: 21, Evaluated States: 30, Time: 0.055) Frontier Size: 9
f(n) = 10.0 (Expanded Nodes: 23, Evaluated States: 33, Time: 0.057) Frontier Size: 10
f(n) = 11.0 (Expanded Nodes: 25, Evaluated States: 36, Time: 0.057) Frontier Size: 11
f(n) = 12.0 (Expanded Nodes: 27, Evaluated States: 39, Time: 0.059) Frontier Size: 12
f(n) = 13.0 (Expanded Nodes: 29, Evaluated States: 42, Time: 0.06) Frontier Size: 13
f(n) = 14.0 (Expanded Nodes: 31, Evaluated States: 45, Time: 0.064) Frontier Size: 14
f(n) = 15.0 (Expanded Nodes: 33, Evaluated States: 48, Time: 0.066) Frontier Size: 15
f(n) = 16.0 (Expanded Nodes: 35, Evaluated States: 51, Time: 0.067) Frontier Size: 16
f(n) = 17.0 (Expanded Nodes: 37, Evaluated States: 54, Time: 0.068) Frontier Size: 17
f(n) = 18.0 (Expanded Nodes: 39, Evaluated States: 57, Time: 0.068) Frontier Size: 18
f(n) = 19.0 (Expanded Nodes: 41, Evaluated States: 60, Time: 0.069) Frontier Size: 19
f(n) = 20.0 (Expanded Nodes: 43, Evaluated States: 63, Time: 0.074) Frontier Size: 20
f(n) = 21.0 (Expanded Nodes: 45, Evaluated States: 66, Time: 0.074) Frontier Size: 21
f(n) = 22.0 (Expanded Nodes: 50, Evaluated States: 73, Time: 0.076) Frontier Size: 23
f(n) = 23.0 (Expanded Nodes: 52, Evaluated States: 76, Time: 0.076) Frontier Size: 24
f(n) = 24.0 (Expanded Nodes: 54, Evaluated States: 79, Time: 0.076) Frontier Size: 25
f(n) = 25.0 (Expanded Nodes: 56, Evaluated States: 82, Time: 0.077) Frontier Size: 26
f(n) = 26.0 (Expanded Nodes: 58, Evaluated States: 85, Time: 0.077) Frontier Size: 27
f(n) = 27.0 (Expanded Nodes: 60, Evaluated States: 88, Time: 0.078) Frontier Size: 28
f(n) = 28.0 (Expanded Nodes: 62, Evaluated States: 91, Time: 0.084) Frontier Size: 29
f(n) = 29.0 (Expanded Nodes: 64, Evaluated States: 94, Time: 0.085) Frontier Size: 30
f(n) = 30.0 (Expanded Nodes: 66, Evaluated States: 97, Time: 0.089) Frontier Size: 31
f(n) = 31.0 (Expanded Nodes: 68, Evaluated States: 100, Time: 0.089) Frontier Size: 32
f(n) = 32.0 (Expanded Nodes: 70, Evaluated States: 103, Time: 0.09) Frontier Size: 33
f(n) = 33.0 (Expanded Nodes: 72, Evaluated States: 106, Time: 0.091) Frontier Size: 34
f(n) = 34.0 (Expanded Nodes: 74, Evaluated States: 109, Time: 0.092) Frontier Size: 35
f(n) = 35.0 (Expanded Nodes: 76, Evaluated States: 112, Time: 0.092) Frontier Size: 36
f(n) = 36.0 (Expanded Nodes: 78, Evaluated States: 115, Time: 0.095) Frontier Size: 37
f(n) = 37.0 (Expanded Nodes: 80, Evaluated States: 118, Time: 0.095) Frontier Size: 38
f(n) = 38.0 (Expanded Nodes: 82, Evaluated States: 121, Time: 0.096) Frontier Size: 39
f(n) = 39.0 (Expanded Nodes: 84, Evaluated States: 124, Time: 0.096) Frontier Size: 40
f(n) = 40.0 (Expanded Nodes: 86, Evaluated States: 127, Time: 0.096) Frontier Size: 41
f(n) = 41.0 (Expanded Nodes: 88, Evaluated States: 130, Time: 0.097) Frontier Size: 42
Extracting plan with execution delta: 1.0
Problem Solved

Found Plan:
0: (validate_payload t0 a24 t1)
0: (sync_actions t0 t1 a24)
0: -----waiting---- [21.0]
21.0: (validate_payload t1 a19 t2)
21.0: (sync_actions t1 t2 a19)
21.0: -----waiting---- [41.0]
41.0: (validate_payload t2 a21 t3)
41.0: (sync_actions t2 t3 a21)
41.0: (add_action a22)
41.0: (check_added_parameter_model a22)
41.0: (add_move_automata a22)
41.0: (stop_wait)
41.0: (add_action a23)
41.0: (check_added_parameter_model a23)
41.0: (add_move_automata a23)
41.0: (stop_wait)
41.0: (add_action a25)
41.0: (check_added_parameter_model a25)
41.0: (add_move_automata a25)
41.0: (stop_wait)
41.0: (add_action a4)
41.0: (check_added_parameter_model a4)
41.0: (add_move_automata a4)
41.0: (stop_wait)
41.0: (add_action a47)
41.0: (check_added_parameter_model a47)
41.0: (add_move_automata a47)
41.0: (stop_wait)
41.0: (add_action a9)
41.0: (check_added_parameter_model a9)
41.0: (add_move_automata a9)
41.0: (stop_wait)
41.0: (add_action a16)
41.0: (check_added_parameter_model a16)
41.0: (add_move_automata a16)
41.0: (stop_wait)
41.0: (add_action a36)
41.0: (check_added_parameter_model a36)
41.0: (add_move_automata a36)
41.0: (stop_wait)
41.0: (add_action a8)
41.0: (check_added_parameter_model a8)
41.0: (add_move_automata a8)
41.0: (stop_wait)
41.0: (add_action a5)
41.0: (check_added_parameter_model a5)
41.0: (add_move_automata a5)
41.0: (stop_wait)
41.0: (add_action a6)
41.0: (check_added_parameter_model a6)
41.0: (add_move_automata a6)
41.0: (stop_wait)
41.0: (add_action a29)
41.0: (check_added_parameter_model a29)
41.0: (add_move_automata a29)
41.0: (stop_wait)
41.0: (add_action a7)
41.0: (check_added_parameter_model a7)
41.0: (add_move_automata a7)
41.0: (stop_wait)
41.0: (add_action a2)
41.0: (check_added_parameter_model a2)
41.0: (add_move_automata a2)
41.0: (stop_wait)
41.0: (add_action a35)
41.0: (check_added_parameter_model a35)
41.0: (add_move_automata a35)

Plan-Length:106
Elapsed Time: 41.0
Metric (Search):41.0
Planning Time (msec): 154
Heuristic Time (msec): 7
Search Time (msec): 146
Expanded Nodes:243
States Evaluated:326
Number of Dead-Ends detected:0
Number of Duplicates detected:131
/usr/bin/time -v timeout 600 java -Xmx64g -jar ./enhsp3.jar -o ./domain_framed_autonomy_process_reset.pddl -f ./problems/a40g17AND-prefix-3-a40g17AND_3_timed/problem3.pddl -h blind -s WAStar
Domain parsed
Problem parsed
Grounding..
Grounding Time: 126821
UFX:true
|F|:354388
|X|:5
Heuristic Problem Creation
|A|:2808
|P|:2
|E|:0
Delta time heuristic model:1.0
Delta time planning model:1.0
Delta time search-execution model:1.0
Delta time validation model:1
h(I):0.0
f(n) = 1.0 (Expanded Nodes: 5, Evaluated States: 6, Time: 0.024) Frontier Size: 1
f(n) = 2.0 (Expanded Nodes: 7, Evaluated States: 9, Time: 0.046) Frontier Size: 2
f(n) = 3.0 (Expanded Nodes: 9, Evaluated States: 12, Time: 0.047) Frontier Size: 3
f(n) = 4.0 (Expanded Nodes: 11, Evaluated States: 15, Time: 0.048) Frontier Size: 4
f(n) = 5.0 (Expanded Nodes: 13, Evaluated States: 18, Time: 0.049) Frontier Size: 5
f(n) = 6.0 (Expanded Nodes: 15, Evaluated States: 21, Time: 0.05) Frontier Size: 6
f(n) = 7.0 (Expanded Nodes: 17, Evaluated States: 24, Time: 0.051) Frontier Size: 7
f(n) = 8.0 (Expanded Nodes: 19, Evaluated States: 27, Time: 0.052) Frontier Size: 8
f(n) = 9.0 (Expanded Nodes: 21, Evaluated States: 30, Time: 0.053) Frontier Size: 9
f(n) = 10.0 (Expanded Nodes: 23, Evaluated States: 33, Time: 0.054) Frontier Size: 10
f(n) = 11.0 (Expanded Nodes: 25, Evaluated States: 36, Time: 0.054) Frontier Size: 11
f(n) = 12.0 (Expanded Nodes: 27, Evaluated States: 39, Time: 0.057) Frontier Size: 12
f(n) = 13.0 (Expanded Nodes: 29, Evaluated States: 42, Time: 0.058) Frontier Size: 13
f(n) = 14.0 (Expanded Nodes: 31, Evaluated States: 45, Time: 0.059) Frontier Size: 14
f(n) = 15.0 (Expanded Nodes: 33, Evaluated States: 48, Time: 0.061) Frontier Size: 15
f(n) = 16.0 (Expanded Nodes: 35, Evaluated States: 51, Time: 0.063) Frontier Size: 16
f(n) = 17.0 (Expanded Nodes: 37, Evaluated States: 54, Time: 0.064) Frontier Size: 17
f(n) = 18.0 (Expanded Nodes: 39, Evaluated States: 57, Time: 0.064) Frontier Size: 18
f(n) = 19.0 (Expanded Nodes: 41, Evaluated States: 60, Time: 0.064) Frontier Size: 19
f(n) = 20.0 (Expanded Nodes: 43, Evaluated States: 63, Time: 0.065) Frontier Size: 20
f(n) = 21.0 (Expanded Nodes: 45, Evaluated States: 66, Time: 0.065) Frontier Size: 21
f(n) = 22.0 (Expanded Nodes: 47, Evaluated States: 69, Time: 0.067) Frontier Size: 22
f(n) = 23.0 (Expanded Nodes: 52, Evaluated States: 76, Time: 0.072) Frontier Size: 24
f(n) = 24.0 (Expanded Nodes: 54, Evaluated States: 79, Time: 0.072) Frontier Size: 25
f(n) = 25.0 (Expanded Nodes: 56, Evaluated States: 82, Time: 0.073) Frontier Size: 26
f(n) = 26.0 (Expanded Nodes: 58, Evaluated States: 85, Time: 0.073) Frontier Size: 27
f(n) = 27.0 (Expanded Nodes: 60, Evaluated States: 88, Time: 0.08) Frontier Size: 28
f(n) = 28.0 (Expanded Nodes: 62, Evaluated States: 91, Time: 0.08) Frontier Size: 29
f(n) = 29.0 (Expanded Nodes: 64, Evaluated States: 94, Time: 0.081) Frontier Size: 30
f(n) = 30.0 (Expanded Nodes: 66, Evaluated States: 97, Time: 0.081) Frontier Size: 31
f(n) = 31.0 (Expanded Nodes: 68, Evaluated States: 100, Time: 0.082) Frontier Size: 32
f(n) = 32.0 (Expanded Nodes: 70, Evaluated States: 103, Time: 0.082) Frontier Size: 33
f(n) = 33.0 (Expanded Nodes: 72, Evaluated States: 106, Time: 0.083) Frontier Size: 34
f(n) = 34.0 (Expanded Nodes: 74, Evaluated States: 109, Time: 0.083) Frontier Size: 35
f(n) = 35.0 (Expanded Nodes: 76, Evaluated States: 112, Time: 0.083) Frontier Size: 36
f(n) = 36.0 (Expanded Nodes: 78, Evaluated States: 115, Time: 0.088) Frontier Size: 37
f(n) = 37.0 (Expanded Nodes: 80, Evaluated States: 118, Time: 0.088) Frontier Size: 38
f(n) = 38.0 (Expanded Nodes: 82, Evaluated States: 121, Time: 0.089) Frontier Size: 39
f(n) = 39.0 (Expanded Nodes: 84, Evaluated States: 124, Time: 0.089) Frontier Size: 40
f(n) = 40.0 (Expanded Nodes: 86, Evaluated States: 127, Time: 0.09) Frontier Size: 41
f(n) = 41.0 (Expanded Nodes: 88, Evaluated States: 130, Time: 0.09) Frontier Size: 42
f(n) = 42.0 (Expanded Nodes: 90, Evaluated States: 133, Time: 0.09) Frontier Size: 43
f(n) = 43.0 (Expanded Nodes: 92, Evaluated States: 136, Time: 0.091) Frontier Size: 44
Extracting plan with execution delta: 1.0
Problem Solved

Found Plan:
0: (validate_payload t0 a24 t1)
0: (sync_actions t0 t1 a24)
0: -----waiting---- [22.0]
22.0: (validate_payload t1 a19 t2)
22.0: (sync_actions t1 t2 a19)
22.0: -----waiting---- [43.0]
43.0: (validate_payload t2 a21 t3)
43.0: (sync_actions t2 t3 a21)
43.0: (add_action a22)
43.0: (check_added_parameter_model a22)
43.0: (add_move_automata a22)
43.0: (stop_wait)
43.0: (add_action a23)
43.0: (check_added_parameter_model a23)
43.0: (add_move_automata a23)
43.0: (stop_wait)
43.0: (add_action a25)
43.0: (check_added_parameter_model a25)
43.0: (add_move_automata a25)
43.0: (stop_wait)
43.0: (add_action a4)
43.0: (check_added_parameter_model a4)
43.0: (add_move_automata a4)
43.0: (stop_wait)
43.0: (add_action a47)
43.0: (check_added_parameter_model a47)
43.0: (add_move_automata a47)
43.0: (stop_wait)
43.0: (add_action a9)
43.0: (check_added_parameter_model a9)
43.0: (add_move_automata a9)
43.0: (stop_wait)
43.0: (add_action a16)
43.0: (check_added_parameter_model a16)
43.0: (add_move_automata a16)
43.0: (stop_wait)
43.0: (add_action a36)
43.0: (check_added_parameter_model a36)
43.0: (add_move_automata a36)
43.0: (stop_wait)
43.0: (add_action a8)
43.0: (check_added_parameter_model a8)
43.0: (add_move_automata a8)
43.0: (stop_wait)
43.0: (add_action a5)
43.0: (check_added_parameter_model a5)
43.0: (add_move_automata a5)
43.0: (stop_wait)
43.0: (add_action a6)
43.0: (check_added_parameter_model a6)
43.0: (add_move_automata a6)
43.0: (stop_wait)
43.0: (add_action a29)
43.0: (check_added_parameter_model a29)
43.0: (add_move_automata a29)
43.0: (stop_wait)
43.0: (add_action a7)
43.0: (check_added_parameter_model a7)
43.0: (add_move_automata a7)
43.0: (stop_wait)
43.0: (add_action a2)
43.0: (check_added_parameter_model a2)
43.0: (add_move_automata a2)
43.0: (stop_wait)
43.0: (add_action a35)
43.0: (check_added_parameter_model a35)
43.0: (add_move_automata a35)

Plan-Length:108
Elapsed Time: 43.0
Metric (Search):43.0
Planning Time (msec): 158
Heuristic Time (msec): 4
Search Time (msec): 143
Expanded Nodes:244
States Evaluated:327
Number of Dead-Ends detected:0
Number of Duplicates detected:132
/usr/bin/time -v timeout 600 java -Xmx64g -jar ./enhsp3.jar -o ./domain_framed_autonomy_process_reset.pddl -f ./problems/a40g17AND-prefix-3-a40g17AND_3_timed/problem4.pddl -h blind -s WAStar
Domain parsed
Problem parsed
Grounding..
Grounding Time: 125657
UFX:true
|F|:354388
|X|:5
Heuristic Problem Creation
|A|:2808
|P|:2
|E|:0
Delta time heuristic model:1.0
Delta time planning model:1.0
Delta time search-execution model:1.0
Delta time validation model:1
h(I):0.0
f(n) = 1.0 (Expanded Nodes: 5, Evaluated States: 6, Time: 0.023) Frontier Size: 1
f(n) = 2.0 (Expanded Nodes: 7, Evaluated States: 9, Time: 0.046) Frontier Size: 2
f(n) = 3.0 (Expanded Nodes: 9, Evaluated States: 12, Time: 0.047) Frontier Size: 3
f(n) = 4.0 (Expanded Nodes: 11, Evaluated States: 15, Time: 0.048) Frontier Size: 4
f(n) = 5.0 (Expanded Nodes: 13, Evaluated States: 18, Time: 0.049) Frontier Size: 5
f(n) = 6.0 (Expanded Nodes: 15, Evaluated States: 21, Time: 0.049) Frontier Size: 6
f(n) = 7.0 (Expanded Nodes: 17, Evaluated States: 24, Time: 0.052) Frontier Size: 7
f(n) = 8.0 (Expanded Nodes: 19, Evaluated States: 27, Time: 0.052) Frontier Size: 8
f(n) = 9.0 (Expanded Nodes: 21, Evaluated States: 30, Time: 0.054) Frontier Size: 9
f(n) = 10.0 (Expanded Nodes: 23, Evaluated States: 33, Time: 0.056) Frontier Size: 10
f(n) = 11.0 (Expanded Nodes: 25, Evaluated States: 36, Time: 0.056) Frontier Size: 11
f(n) = 12.0 (Expanded Nodes: 27, Evaluated States: 39, Time: 0.058) Frontier Size: 12
f(n) = 13.0 (Expanded Nodes: 29, Evaluated States: 42, Time: 0.058) Frontier Size: 13
f(n) = 14.0 (Expanded Nodes: 31, Evaluated States: 45, Time: 0.059) Frontier Size: 14
f(n) = 15.0 (Expanded Nodes: 33, Evaluated States: 48, Time: 0.059) Frontier Size: 15
f(n) = 16.0 (Expanded Nodes: 35, Evaluated States: 51, Time: 0.059) Frontier Size: 16
f(n) = 17.0 (Expanded Nodes: 37, Evaluated States: 54, Time: 0.06) Frontier Size: 17
f(n) = 18.0 (Expanded Nodes: 39, Evaluated States: 57, Time: 0.06) Frontier Size: 18
f(n) = 19.0 (Expanded Nodes: 41, Evaluated States: 60, Time: 0.061) Frontier Size: 19
f(n) = 20.0 (Expanded Nodes: 43, Evaluated States: 63, Time: 0.061) Frontier Size: 20
f(n) = 21.0 (Expanded Nodes: 48, Evaluated States: 70, Time: 0.069) Frontier Size: 22
f(n) = 22.0 (Expanded Nodes: 50, Evaluated States: 73, Time: 0.07) Frontier Size: 23
f(n) = 23.0 (Expanded Nodes: 52, Evaluated States: 76, Time: 0.07) Frontier Size: 24
f(n) = 24.0 (Expanded Nodes: 54, Evaluated States: 79, Time: 0.07) Frontier Size: 25
f(n) = 25.0 (Expanded Nodes: 56, Evaluated States: 82, Time: 0.071) Frontier Size: 26
f(n) = 26.0 (Expanded Nodes: 58, Evaluated States: 85, Time: 0.071) Frontier Size: 27
f(n) = 27.0 (Expanded Nodes: 60, Evaluated States: 88, Time: 0.075) Frontier Size: 28
f(n) = 28.0 (Expanded Nodes: 62, Evaluated States: 91, Time: 0.082) Frontier Size: 29
f(n) = 29.0 (Expanded Nodes: 64, Evaluated States: 94, Time: 0.083) Frontier Size: 30
f(n) = 30.0 (Expanded Nodes: 66, Evaluated States: 97, Time: 0.084) Frontier Size: 31
f(n) = 31.0 (Expanded Nodes: 68, Evaluated States: 100, Time: 0.084) Frontier Size: 32
f(n) = 32.0 (Expanded Nodes: 70, Evaluated States: 103, Time: 0.085) Frontier Size: 33
f(n) = 33.0 (Expanded Nodes: 72, Evaluated States: 106, Time: 0.085) Frontier Size: 34
f(n) = 34.0 (Expanded Nodes: 74, Evaluated States: 109, Time: 0.085) Frontier Size: 35
f(n) = 35.0 (Expanded Nodes: 76, Evaluated States: 112, Time: 0.086) Frontier Size: 36
f(n) = 36.0 (Expanded Nodes: 78, Evaluated States: 115, Time: 0.086) Frontier Size: 37
f(n) = 37.0 (Expanded Nodes: 80, Evaluated States: 118, Time: 0.086) Frontier Size: 38
f(n) = 38.0 (Expanded Nodes: 82, Evaluated States: 121, Time: 0.09) Frontier Size: 39
f(n) = 39.0 (Expanded Nodes: 84, Evaluated States: 124, Time: 0.09) Frontier Size: 40
f(n) = 40.0 (Expanded Nodes: 86, Evaluated States: 127, Time: 0.091) Frontier Size: 41
f(n) = 41.0 (Expanded Nodes: 88, Evaluated States: 130, Time: 0.091) Frontier Size: 42
f(n) = 42.0 (Expanded Nodes: 90, Evaluated States: 133, Time: 0.091) Frontier Size: 43
f(n) = 43.0 (Expanded Nodes: 92, Evaluated States: 136, Time: 0.092) Frontier Size: 44
f(n) = 44.0 (Expanded Nodes: 464, Evaluated States: 621, Time: 0.205) Frontier Size: 157
f(n) = 45.0 (Expanded Nodes: 1004, Evaluated States: 1315, Time: 0.319) Frontier Size: 311
f(n) = 46.0 (Expanded Nodes: 1721, Evaluated States: 2255, Time: 0.467) Frontier Size: 534
f(n) = 47.0 (Expanded Nodes: 2615, Evaluated States: 3441, Time: 0.647) Frontier Size: 826
f(n) = 48.0 (Expanded Nodes: 3686, Evaluated States: 4873, Time: 0.841) Frontier Size: 1187
f(n) = 49.0 (Expanded Nodes: 4934, Evaluated States: 6551, Time: 1.069) Frontier Size: 1617
f(n) = 50.0 (Expanded Nodes: 6359, Evaluated States: 8475, Time: 1.214) Frontier Size: 2116
f(n) = 51.0 (Expanded Nodes: 7961, Evaluated States: 10645, Time: 1.39) Frontier Size: 2684
f(n) = 52.0 (Expanded Nodes: 9740, Evaluated States: 13061, Time: 1.59) Frontier Size: 3321
f(n) = 53.0 (Expanded Nodes: 11696, Evaluated States: 15723, Time: 1.732) Frontier Size: 4027
f(n) = 54.0 (Expanded Nodes: 13829, Evaluated States: 18631, Time: 1.888) Frontier Size: 4802
f(n) = 55.0 (Expanded Nodes: 16139, Evaluated States: 21785, Time: 2.058) Frontier Size: 5646
f(n) = 56.0 (Expanded Nodes: 18626, Evaluated States: 25185, Time: 2.292) Frontier Size: 6559
f(n) = 57.0 (Expanded Nodes: 21290, Evaluated States: 28831, Time: 2.477) Frontier Size: 7541
f(n) = 58.0 (Expanded Nodes: 24131, Evaluated States: 32723, Time: 2.676) Frontier Size: 8592
f(n) = 59.0 (Expanded Nodes: 27149, Evaluated States: 36861, Time: 2.885) Frontier Size: 9712
f(n) = 60.0 (Expanded Nodes: 30344, Evaluated States: 41245, Time: 3.155) Frontier Size: 10901
f(n) = 61.0 (Expanded Nodes: 33716, Evaluated States: 45875, Time: 3.477) Frontier Size: 12159
f(n) = 62.0 (Expanded Nodes: 37265, Evaluated States: 50751, Time: 4.097) Frontier Size: 13486
f(n) = 63.0 (Expanded Nodes: 40991, Evaluated States: 55873, Time: 4.364) Frontier Size: 14882
f(n) = 64.0 (Expanded Nodes: 44894, Evaluated States: 61241, Time: 4.649) Frontier Size: 16347
f(n) = 65.0 (Expanded Nodes: 48974, Evaluated States: 66855, Time: 4.95) Frontier Size: 17881
f(n) = 66.0 (Expanded Nodes: 53231, Evaluated States: 72715, Time: 5.263) Frontier Size: 19484
f(n) = 67.0 (Expanded Nodes: 57665, Evaluated States: 78821, Time: 5.586) Frontier Size: 21156
f(n) = 68.0 (Expanded Nodes: 62276, Evaluated States: 85173, Time: 5.924) Frontier Size: 22897
f(n) = 69.0 (Expanded Nodes: 67064, Evaluated States: 91771, Time: 6.277) Frontier Size: 24707
f(n) = 70.0 (Expanded Nodes: 72029, Evaluated States: 98615, Time: 6.734) Frontier Size: 26586
f(n) = 71.0 (Expanded Nodes: 77171, Evaluated States: 105705, Time: 7.111) Frontier Size: 28534
f(n) = 72.0 (Expanded Nodes: 82490, Evaluated States: 113041, Time: 7.508) Frontier Size: 30551
f(n) = 73.0 (Expanded Nodes: 87986, Evaluated States: 120623, Time: 7.937) Frontier Size: 32637
f(n) = 74.0 (Expanded Nodes: 93659, Evaluated States: 128451, Time: 8.357) Frontier Size: 34792
f(n) = 75.0 (Expanded Nodes: 99509, Evaluated States: 136525, Time: 8.784) Frontier Size: 37016
f(n) = 76.0 (Expanded Nodes: 105536, Evaluated States: 144845, Time: 9.223) Frontier Size: 39309
f(n) = 77.0 (Expanded Nodes: 111740, Evaluated States: 153411, Time: 9.682) Frontier Size: 41671
-------------Time: 10s ; Expanded Nodes: 116200 (Avg-Speed 11620.0 n/s); Evaluated States: 160680
f(n) = 78.0 (Expanded Nodes: 118121, Evaluated States: 162223, Time: 10.166) Frontier Size: 44102
f(n) = 79.0 (Expanded Nodes: 124679, Evaluated States: 171281, Time: 10.669) Frontier Size: 46602
f(n) = 80.0 (Expanded Nodes: 131414, Evaluated States: 180585, Time: 11.171) Frontier Size: 49171
f(n) = 81.0 (Expanded Nodes: 138326, Evaluated States: 190135, Time: 11.684) Frontier Size: 51809
f(n) = 82.0 (Expanded Nodes: 145415, Evaluated States: 199931, Time: 12.407) Frontier Size: 54516
f(n) = 83.0 (Expanded Nodes: 152681, Evaluated States: 209973, Time: 12.933) Frontier Size: 57292
f(n) = 84.0 (Expanded Nodes: 160124, Evaluated States: 220261, Time: 13.475) Frontier Size: 60137
f(n) = 85.0 (Expanded Nodes: 167744, Evaluated States: 230795, Time: 14.033) Frontier Size: 63051
f(n) = 86.0 (Expanded Nodes: 175541, Evaluated States: 241575, Time: 14.602) Frontier Size: 66034
f(n) = 87.0 (Expanded Nodes: 183515, Evaluated States: 252601, Time: 15.174) Frontier Size: 69086
f(n) = 88.0 (Expanded Nodes: 191666, Evaluated States: 263873, Time: 15.761) Frontier Size: 72207
f(n) = 89.0 (Expanded Nodes: 199994, Evaluated States: 275391, Time: 16.362) Frontier Size: 75397
f(n) = 90.0 (Expanded Nodes: 208499, Evaluated States: 287155, Time: 16.976) Frontier Size: 78656
f(n) = 91.0 (Expanded Nodes: 217181, Evaluated States: 299165, Time: 17.597) Frontier Size: 81984
f(n) = 92.0 (Expanded Nodes: 226040, Evaluated States: 311421, Time: 18.239) Frontier Size: 85381
f(n) = 93.0 (Expanded Nodes: 235076, Evaluated States: 323923, Time: 18.894) Frontier Size: 88847
-------------Time: 41s ; Expanded Nodes: 240567 (Avg-Speed 5867.0 n/s); Evaluated States: 333630
f(n) = 94.0 (Expanded Nodes: 244289, Evaluated States: 336671, Time: 41.972) Frontier Size: 92382
f(n) = 95.0 (Expanded Nodes: 253679, Evaluated States: 349665, Time: 42.657) Frontier Size: 95986
f(n) = 96.0 (Expanded Nodes: 263246, Evaluated States: 362905, Time: 43.362) Frontier Size: 99659
f(n) = 97.0 (Expanded Nodes: 272990, Evaluated States: 376391, Time: 44.076) Frontier Size: 103401
f(n) = 98.0 (Expanded Nodes: 282911, Evaluated States: 390123, Time: 44.805) Frontier Size: 107212
f(n) = 99.0 (Expanded Nodes: 293009, Evaluated States: 404101, Time: 45.848) Frontier Size: 111092
f(n) = 100.0 (Expanded Nodes: 303284, Evaluated States: 418325, Time: 46.594) Frontier Size: 115041
f(n) = 101.0 (Expanded Nodes: 313737, Evaluated States: 432795, Time: 47.361) Frontier Size: 119058
f(n) = 102.0 (Expanded Nodes: 324367, Evaluated States: 447511, Time: 48.128) Frontier Size: 123144
f(n) = 103.0 (Expanded Nodes: 335174, Evaluated States: 462473, Time: 48.909) Frontier Size: 127299
f(n) = 104.0 (Expanded Nodes: 346158, Evaluated States: 477681, Time: 49.701) Frontier Size: 131523
f(n) = 105.0 (Expanded Nodes: 357319, Evaluated States: 493135, Time: 50.501) Frontier Size: 135816
f(n) = 106.0 (Expanded Nodes: 368657, Evaluated States: 508835, Time: 51.318) Frontier Size: 140178
-------------Time: 51s ; Expanded Nodes: 374160 (Avg-Speed 7336.0 n/s); Evaluated States: 519796
f(n) = 107.0 (Expanded Nodes: 380172, Evaluated States: 524781, Time: 52.147) Frontier Size: 144609
f(n) = 108.0 (Expanded Nodes: 391864, Evaluated States: 540973, Time: 52.993) Frontier Size: 149109
f(n) = 109.0 (Expanded Nodes: 403733, Evaluated States: 557411, Time: 53.845) Frontier Size: 153678
f(n) = 110.0 (Expanded Nodes: 415779, Evaluated States: 574095, Time: 54.703) Frontier Size: 158316
f(n) = 111.0 (Expanded Nodes: 428002, Evaluated States: 591025, Time: 55.582) Frontier Size: 163023
f(n) = 112.0 (Expanded Nodes: 440402, Evaluated States: 608201, Time: 56.478) Frontier Size: 167799
f(n) = 113.0 (Expanded Nodes: 452979, Evaluated States: 625623, Time: 57.387) Frontier Size: 172644
f(n) = 114.0 (Expanded Nodes: 465733, Evaluated States: 643291, Time: 58.307) Frontier Size: 177558
f(n) = 115.0 (Expanded Nodes: 478664, Evaluated States: 661205, Time: 59.279) Frontier Size: 182541
f(n) = 116.0 (Expanded Nodes: 491772, Evaluated States: 679365, Time: 60.302) Frontier Size: 187593
f(n) = 117.0 (Expanded Nodes: 505057, Evaluated States: 697771, Time: 61.347) Frontier Size: 192714
-------------Time: 61s ; Expanded Nodes: 510040 (Avg-Speed 8361.0 n/s); Evaluated States: 709396
f(n) = 118.0 (Expanded Nodes: 518519, Evaluated States: 716423, Time: 62.401) Frontier Size: 197904
f(n) = 119.0 (Expanded Nodes: 532158, Evaluated States: 735321, Time: 63.482) Frontier Size: 203163
f(n) = 120.0 (Expanded Nodes: 545974, Evaluated States: 754465, Time: 64.569) Frontier Size: 208491
f(n) = 121.0 (Expanded Nodes: 559970, Evaluated States: 773857, Time: 65.671) Frontier Size: 213887
f(n) = 122.0 (Expanded Nodes: 574140, Evaluated States: 793493, Time: 67.546) Frontier Size: 219353
-------------Time: 72s ; Expanded Nodes: 578274 (Avg-Speed 8031.0 n/s); Evaluated States: 803640
f(n) = 123.0 (Expanded Nodes: 588487, Evaluated States: 813375, Time: 73.491) Frontier Size: 224888
f(n) = 124.0 (Expanded Nodes: 603011, Evaluated States: 833503, Time: 74.546) Frontier Size: 230492
f(n) = 125.0 (Expanded Nodes: 617712, Evaluated States: 853877, Time: 75.612) Frontier Size: 236165
f(n) = 126.0 (Expanded Nodes: 632590, Evaluated States: 874497, Time: 76.687) Frontier Size: 241907
f(n) = 127.0 (Expanded Nodes: 647645, Evaluated States: 895363, Time: 77.773) Frontier Size: 247718
f(n) = 128.0 (Expanded Nodes: 662877, Evaluated States: 916475, Time: 78.879) Frontier Size: 253598
f(n) = 129.0 (Expanded Nodes: 678286, Evaluated States: 937833, Time: 79.992) Frontier Size: 259547
f(n) = 130.0 (Expanded Nodes: 693872, Evaluated States: 959437, Time: 81.114) Frontier Size: 265565
f(n) = 131.0 (Expanded Nodes: 709635, Evaluated States: 981287, Time: 82.255) Frontier Size: 271652
-------------Time: 82s ; Expanded Nodes: 716456 (Avg-Speed 8737.0 n/s); Evaluated States: 995250
f(n) = 132.0 (Expanded Nodes: 725575, Evaluated States: 1003383, Time: 83.412) Frontier Size: 277808
f(n) = 133.0 (Expanded Nodes: 741692, Evaluated States: 1025725, Time: 84.573) Frontier Size: 284033
f(n) = 134.0 (Expanded Nodes: 757986, Evaluated States: 1048313, Time: 85.757) Frontier Size: 290327
f(n) = 135.0 (Expanded Nodes: 774457, Evaluated States: 1071147, Time: 86.955) Frontier Size: 296690
f(n) = 136.0 (Expanded Nodes: 791105, Evaluated States: 1094227, Time: 88.165) Frontier Size: 303122
f(n) = 137.0 (Expanded Nodes: 807930, Evaluated States: 1117553, Time: 89.379) Frontier Size: 309623
f(n) = 138.0 (Expanded Nodes: 824932, Evaluated States: 1141125, Time: 90.622) Frontier Size: 316193
f(n) = 139.0 (Expanded Nodes: 842111, Evaluated States: 1164943, Time: 91.865) Frontier Size: 322832
-------------Time: 92s ; Expanded Nodes: 854036 (Avg-Speed 9283.0 n/s); Evaluated States: 1184737
f(n) = 140.0 (Expanded Nodes: 859467, Evaluated States: 1189007, Time: 93.124) Frontier Size: 329540
f(n) = 141.0 (Expanded Nodes: 877000, Evaluated States: 1213317, Time: 94.405) Frontier Size: 336317
f(n) = 142.0 (Expanded Nodes: 894710, Evaluated States: 1237873, Time: 95.705) Frontier Size: 343163
f(n) = 143.0 (Expanded Nodes: 912597, Evaluated States: 1262675, Time: 97.017) Frontier Size: 350078
Extracting plan with execution delta: 1.0
Problem Solved

Found Plan:
0: (validate_payload t0 a24 t1)
0: (sync_actions t0 t1 a24)
0: -----waiting---- [20.0]
20.0: (validate_payload t1 a10 t2)
20.0: (sync_actions t1 t2 a10)
20.0: -----waiting---- [43.0]
43.0: (validate_payload t2 a26 t3)
43.0: (sync_actions t2 t3 a26)
43.0: (add_action a49)
43.0: (check_added_parameter_model a49)
43.0: (add_move_automata a49)
43.0: (stop_wait)
43.0: (add_action a50)
43.0: (check_added_parameter_model a50)
43.0: (add_move_automata a50)
43.0: (stop_wait)
43.0: (add_action a20)
43.0: (check_added_parameter_model a20)
43.0: (add_move_automata a20)
43.0: (stop_wait)
43.0: (add_action a45)
43.0: (check_added_parameter_model a45)
43.0: (add_move_automata a45)
43.0: (stop_wait)
43.0: (add_action a44)
43.0: (check_added_parameter_model a44)
43.0: (add_move_automata a44)
43.0: (stop_wait)
43.0: (add_action a52)
43.0: (check_added_parameter_model a52)
43.0: (add_move_automata a52)
43.0: (stop_wait)
43.0: (add_action a53)
43.0: (check_added_parameter_model a53)
43.0: (add_move_automata a53)
43.0: (stop_wait)
43.0: (add_action a41)
43.0: (check_added_parameter_model a41)
43.0: (add_move_automata a41)
43.0: (stop_wait)
43.0: (add_action a31)
43.0: (check_added_parameter_model a31)
43.0: (add_move_automata a31)
43.0: (stop_wait)
43.0: (add_action a34)
43.0: (check_added_parameter_model a34)
43.0: (add_move_automata a34)
43.0: (stop_wait)
43.0: (add_action a1)
43.0: (check_added_parameter_model a1)
43.0: (add_move_automata a1)
43.0: (stop_wait)
43.0: (add_action a37)
43.0: (check_added_parameter_model a37)
43.0: (add_move_automata a37)
43.0: (stop_wait)
43.0: (add_action a33)
43.0: (check_added_parameter_model a33)
43.0: (add_move_automata a33)
43.0: (stop_wait)
43.0: (add_action a14)
43.0: (check_added_parameter_model a14)
43.0: (add_move_automata a14)
43.0: (stop_wait)
43.0: (add_action a18)
43.0: (check_added_parameter_model a18)
43.0: (add_move_automata a18)
43.0: (stop_wait)
43.0: (add_action a32)
43.0: (check_added_parameter_model a32)
43.0: (add_move_automata a32)
43.0: (stop_wait)
43.0: (add_action a15)
43.0: (check_added_parameter_model a15)
43.0: (add_move_automata a15)
43.0: (stop_wait)
43.0: (add_action a0)
43.0: (check_added_parameter_model a0)
43.0: (add_move_automata a0)
43.0: (stop_wait)
43.0: (add_action a38)
43.0: (check_added_parameter_model a38)
43.0: (add_move_automata a38)
43.0: (stop_wait)
43.0: (add_action a30)
43.0: (check_added_parameter_model a30)
43.0: (add_move_automata a30)
43.0: (stop_wait)
43.0: (validate-failure pn)
43.0: (reset pn)
43.0: (add_action a24)
43.0: (check_added_parameter_model a24)
43.0: (add_move_automata a24)
43.0: (stop_wait)
43.0: (add_action a19)
43.0: (check_added_parameter_model a19)
43.0: (add_move_automata a19)
43.0: (stop_wait)
43.0: (add_action a21)
43.0: (check_added_parameter_model a21)
43.0: (add_move_automata a21)
43.0: (stop_wait)
43.0: (add_action a22)
43.0: (check_added_parameter_model a22)
43.0: (add_move_automata a22)
43.0: (stop_wait)
43.0: (add_action a23)
43.0: (check_added_parameter_model a23)
43.0: (add_move_automata a23)
43.0: (stop_wait)
43.0: (add_action a25)
43.0: (check_added_parameter_model a25)
43.0: (add_move_automata a25)
43.0: (stop_wait)
43.0: (add_action a4)
43.0: (check_added_parameter_model a4)
43.0: (add_move_automata a4)
43.0: (stop_wait)
43.0: (add_action a47)
43.0: (check_added_parameter_model a47)
43.0: (add_move_automata a47)
43.0: (stop_wait)
43.0: (add_action a16)
43.0: (check_added_parameter_model a16)
43.0: (add_move_automata a16)
43.0: (stop_wait)
43.0: (add_action a9)
43.0: (check_added_parameter_model a9)
43.0: (add_move_automata a9)
43.0: (stop_wait)
43.0: (add_action a36)
43.0: (check_added_parameter_model a36)
43.0: (add_move_automata a36)
43.0: (stop_wait)
43.0: (add_action a8)
43.0: (check_added_parameter_model a8)
43.0: (add_move_automata a8)
43.0: (stop_wait)
43.0: (add_action a5)
43.0: (check_added_parameter_model a5)
43.0: (add_move_automata a5)
43.0: (stop_wait)
43.0: (add_action a6)
43.0: (check_added_parameter_model a6)
43.0: (add_move_automata a6)
43.0: (stop_wait)
43.0: (add_action a29)
43.0: (check_added_parameter_model a29)
43.0: (add_move_automata a29)
43.0: (stop_wait)
43.0: (add_action a7)
43.0: (check_added_parameter_model a7)
43.0: (add_move_automata a7)
43.0: (stop_wait)
43.0: (add_action a2)
43.0: (check_added_parameter_model a2)
43.0: (add_move_automata a2)
43.0: (stop_wait)
43.0: (add_action a35)
43.0: (check_added_parameter_model a35)
43.0: (add_move_automata a35)

Plan-Length:202
Elapsed Time: 43.0
Metric (Search):143.0
Planning Time (msec): 97563
Heuristic Time (msec): 42
Search Time (msec): 97557
Expanded Nodes:920742
States Evaluated:1279839
Number of Dead-Ends detected:0
Number of Duplicates detected:1184438
/usr/bin/time -v timeout 600 java -Xmx64g -jar ./enhsp3.jar -o ./domain_framed_autonomy_process_reset.pddl -f ./problems/a40g17AND-prefix-3-a40g17AND_3_timed/problem5.pddl -h blind -s WAStar
Domain parsed
Problem parsed
Grounding..
Grounding Time: 124681
UFX:true
|F|:354388
|X|:5
Heuristic Problem Creation
|A|:2808
|P|:2
|E|:0
Delta time heuristic model:1.0
Delta time planning model:1.0
Delta time search-execution model:1.0
Delta time validation model:1
h(I):0.0
f(n) = 1.0 (Expanded Nodes: 5, Evaluated States: 6, Time: 0.017) Frontier Size: 1
f(n) = 2.0 (Expanded Nodes: 7, Evaluated States: 9, Time: 0.038) Frontier Size: 2
f(n) = 3.0 (Expanded Nodes: 9, Evaluated States: 12, Time: 0.04) Frontier Size: 3
f(n) = 4.0 (Expanded Nodes: 11, Evaluated States: 15, Time: 0.041) Frontier Size: 4
f(n) = 5.0 (Expanded Nodes: 13, Evaluated States: 18, Time: 0.042) Frontier Size: 5
f(n) = 6.0 (Expanded Nodes: 15, Evaluated States: 21, Time: 0.044) Frontier Size: 6
f(n) = 7.0 (Expanded Nodes: 17, Evaluated States: 24, Time: 0.047) Frontier Size: 7
f(n) = 8.0 (Expanded Nodes: 19, Evaluated States: 27, Time: 0.049) Frontier Size: 8
f(n) = 9.0 (Expanded Nodes: 21, Evaluated States: 30, Time: 0.051) Frontier Size: 9
f(n) = 10.0 (Expanded Nodes: 23, Evaluated States: 33, Time: 0.053) Frontier Size: 10
f(n) = 11.0 (Expanded Nodes: 25, Evaluated States: 36, Time: 0.054) Frontier Size: 11
f(n) = 12.0 (Expanded Nodes: 27, Evaluated States: 39, Time: 0.054) Frontier Size: 12
f(n) = 13.0 (Expanded Nodes: 29, Evaluated States: 42, Time: 0.057) Frontier Size: 13
f(n) = 14.0 (Expanded Nodes: 31, Evaluated States: 45, Time: 0.057) Frontier Size: 14
f(n) = 15.0 (Expanded Nodes: 33, Evaluated States: 48, Time: 0.062) Frontier Size: 15
f(n) = 16.0 (Expanded Nodes: 35, Evaluated States: 51, Time: 0.062) Frontier Size: 16
f(n) = 17.0 (Expanded Nodes: 37, Evaluated States: 54, Time: 0.063) Frontier Size: 17
f(n) = 18.0 (Expanded Nodes: 39, Evaluated States: 57, Time: 0.063) Frontier Size: 18
f(n) = 19.0 (Expanded Nodes: 41, Evaluated States: 60, Time: 0.064) Frontier Size: 19
f(n) = 20.0 (Expanded Nodes: 43, Evaluated States: 63, Time: 0.064) Frontier Size: 20
f(n) = 21.0 (Expanded Nodes: 45, Evaluated States: 66, Time: 0.064) Frontier Size: 21
f(n) = 22.0 (Expanded Nodes: 47, Evaluated States: 69, Time: 0.065) Frontier Size: 22
f(n) = 23.0 (Expanded Nodes: 49, Evaluated States: 72, Time: 0.065) Frontier Size: 23
f(n) = 24.0 (Expanded Nodes: 54, Evaluated States: 79, Time: 0.071) Frontier Size: 25
f(n) = 25.0 (Expanded Nodes: 56, Evaluated States: 82, Time: 0.071) Frontier Size: 26
f(n) = 26.0 (Expanded Nodes: 58, Evaluated States: 85, Time: 0.072) Frontier Size: 27
f(n) = 27.0 (Expanded Nodes: 60, Evaluated States: 88, Time: 0.072) Frontier Size: 28
f(n) = 28.0 (Expanded Nodes: 62, Evaluated States: 91, Time: 0.078) Frontier Size: 29
f(n) = 29.0 (Expanded Nodes: 64, Evaluated States: 94, Time: 0.079) Frontier Size: 30
f(n) = 30.0 (Expanded Nodes: 66, Evaluated States: 97, Time: 0.079) Frontier Size: 31
f(n) = 31.0 (Expanded Nodes: 68, Evaluated States: 100, Time: 0.08) Frontier Size: 32
f(n) = 32.0 (Expanded Nodes: 70, Evaluated States: 103, Time: 0.08) Frontier Size: 33
f(n) = 33.0 (Expanded Nodes: 72, Evaluated States: 106, Time: 0.081) Frontier Size: 34
f(n) = 34.0 (Expanded Nodes: 74, Evaluated States: 109, Time: 0.081) Frontier Size: 35
f(n) = 35.0 (Expanded Nodes: 76, Evaluated States: 112, Time: 0.081) Frontier Size: 36
f(n) = 36.0 (Expanded Nodes: 78, Evaluated States: 115, Time: 0.087) Frontier Size: 37
f(n) = 37.0 (Expanded Nodes: 80, Evaluated States: 118, Time: 0.088) Frontier Size: 38
Extracting plan with execution delta: 1.0
Problem Solved

Found Plan:
0: (validate_payload t0 a24 t1)
0: (sync_actions t0 t1 a24)
0: -----waiting---- [23.0]
23.0: (validate_payload t1 a19 t2)
23.0: (sync_actions t1 t2 a19)
23.0: -----waiting---- [37.0]
37.0: (validate_payload t2 a21 t3)
37.0: (sync_actions t2 t3 a21)
37.0: (add_action a22)
37.0: (check_added_parameter_model a22)
37.0: (add_move_automata a22)
37.0: (stop_wait)
37.0: (add_action a23)
37.0: (check_added_parameter_model a23)
37.0: (add_move_automata a23)
37.0: (stop_wait)
37.0: (add_action a25)
37.0: (check_added_parameter_model a25)
37.0: (add_move_automata a25)
37.0: (stop_wait)
37.0: (add_action a4)
37.0: (check_added_parameter_model a4)
37.0: (add_move_automata a4)
37.0: (stop_wait)
37.0: (add_action a47)
37.0: (check_added_parameter_model a47)
37.0: (add_move_automata a47)
37.0: (stop_wait)
37.0: (add_action a9)
37.0: (check_added_parameter_model a9)
37.0: (add_move_automata a9)
37.0: (stop_wait)
37.0: (add_action a16)
37.0: (check_added_parameter_model a16)
37.0: (add_move_automata a16)
37.0: (stop_wait)
37.0: (add_action a36)
37.0: (check_added_parameter_model a36)
37.0: (add_move_automata a36)
37.0: (stop_wait)
37.0: (add_action a8)
37.0: (check_added_parameter_model a8)
37.0: (add_move_automata a8)
37.0: (stop_wait)
37.0: (add_action a5)
37.0: (check_added_parameter_model a5)
37.0: (add_move_automata a5)
37.0: (stop_wait)
37.0: (add_action a6)
37.0: (check_added_parameter_model a6)
37.0: (add_move_automata a6)
37.0: (stop_wait)
37.0: (add_action a29)
37.0: (check_added_parameter_model a29)
37.0: (add_move_automata a29)
37.0: (stop_wait)
37.0: (add_action a7)
37.0: (check_added_parameter_model a7)
37.0: (add_move_automata a7)
37.0: (stop_wait)
37.0: (add_action a2)
37.0: (check_added_parameter_model a2)
37.0: (add_move_automata a2)
37.0: (stop_wait)
37.0: (add_action a35)
37.0: (check_added_parameter_model a35)
37.0: (add_move_automata a35)

Plan-Length:102
Elapsed Time: 37.0
Metric (Search):37.0
Planning Time (msec): 173
Heuristic Time (msec): 5
Search Time (msec): 167
Expanded Nodes:324
States Evaluated:406
Number of Dead-Ends detected:0
Number of Duplicates detected:189
/usr/bin/time -v timeout 600 java -Xmx64g -jar ./enhsp3.jar -o ./domain_framed_autonomy_process_reset.pddl -f ./problems/a40g17AND-prefix-3-a40g17AND_3_timed/problem6.pddl -h blind -s WAStar
Domain parsed
Problem parsed
Grounding..
Grounding Time: 124739
UFX:true
|F|:354388
|X|:5
Heuristic Problem Creation
|A|:2808
|P|:2
|E|:0
Delta time heuristic model:1.0
Delta time planning model:1.0
Delta time search-execution model:1.0
Delta time validation model:1
h(I):0.0
f(n) = 1.0 (Expanded Nodes: 5, Evaluated States: 6, Time: 0.024) Frontier Size: 1
f(n) = 2.0 (Expanded Nodes: 7, Evaluated States: 9, Time: 0.043) Frontier Size: 2
f(n) = 3.0 (Expanded Nodes: 9, Evaluated States: 12, Time: 0.043) Frontier Size: 3
f(n) = 4.0 (Expanded Nodes: 11, Evaluated States: 15, Time: 0.044) Frontier Size: 4
f(n) = 5.0 (Expanded Nodes: 13, Evaluated States: 18, Time: 0.048) Frontier Size: 5
f(n) = 6.0 (Expanded Nodes: 15, Evaluated States: 21, Time: 0.049) Frontier Size: 6
f(n) = 7.0 (Expanded Nodes: 17, Evaluated States: 24, Time: 0.049) Frontier Size: 7
f(n) = 8.0 (Expanded Nodes: 19, Evaluated States: 27, Time: 0.05) Frontier Size: 8
f(n) = 9.0 (Expanded Nodes: 21, Evaluated States: 30, Time: 0.052) Frontier Size: 9
f(n) = 10.0 (Expanded Nodes: 23, Evaluated States: 33, Time: 0.057) Frontier Size: 10
f(n) = 11.0 (Expanded Nodes: 25, Evaluated States: 36, Time: 0.057) Frontier Size: 11
f(n) = 12.0 (Expanded Nodes: 27, Evaluated States: 39, Time: 0.058) Frontier Size: 12
f(n) = 13.0 (Expanded Nodes: 29, Evaluated States: 42, Time: 0.059) Frontier Size: 13
f(n) = 14.0 (Expanded Nodes: 31, Evaluated States: 45, Time: 0.063) Frontier Size: 14
f(n) = 15.0 (Expanded Nodes: 33, Evaluated States: 48, Time: 0.064) Frontier Size: 15
f(n) = 16.0 (Expanded Nodes: 35, Evaluated States: 51, Time: 0.064) Frontier Size: 16
f(n) = 17.0 (Expanded Nodes: 37, Evaluated States: 54, Time: 0.064) Frontier Size: 17
f(n) = 18.0 (Expanded Nodes: 39, Evaluated States: 57, Time: 0.065) Frontier Size: 18
f(n) = 19.0 (Expanded Nodes: 41, Evaluated States: 60, Time: 0.065) Frontier Size: 19
f(n) = 20.0 (Expanded Nodes: 43, Evaluated States: 63, Time: 0.07) Frontier Size: 20
f(n) = 21.0 (Expanded Nodes: 45, Evaluated States: 66, Time: 0.07) Frontier Size: 21
f(n) = 22.0 (Expanded Nodes: 47, Evaluated States: 69, Time: 0.071) Frontier Size: 22
f(n) = 23.0 (Expanded Nodes: 49, Evaluated States: 72, Time: 0.071) Frontier Size: 23
f(n) = 24.0 (Expanded Nodes: 54, Evaluated States: 79, Time: 0.073) Frontier Size: 25
f(n) = 25.0 (Expanded Nodes: 56, Evaluated States: 82, Time: 0.073) Frontier Size: 26
f(n) = 26.0 (Expanded Nodes: 58, Evaluated States: 85, Time: 0.074) Frontier Size: 27
f(n) = 27.0 (Expanded Nodes: 60, Evaluated States: 88, Time: 0.078) Frontier Size: 28
f(n) = 28.0 (Expanded Nodes: 62, Evaluated States: 91, Time: 0.079) Frontier Size: 29
f(n) = 29.0 (Expanded Nodes: 64, Evaluated States: 94, Time: 0.079) Frontier Size: 30
f(n) = 30.0 (Expanded Nodes: 66, Evaluated States: 97, Time: 0.08) Frontier Size: 31
f(n) = 31.0 (Expanded Nodes: 68, Evaluated States: 100, Time: 0.08) Frontier Size: 32
f(n) = 32.0 (Expanded Nodes: 70, Evaluated States: 103, Time: 0.081) Frontier Size: 33
f(n) = 33.0 (Expanded Nodes: 72, Evaluated States: 106, Time: 0.081) Frontier Size: 34
f(n) = 34.0 (Expanded Nodes: 74, Evaluated States: 109, Time: 0.087) Frontier Size: 35
f(n) = 35.0 (Expanded Nodes: 76, Evaluated States: 112, Time: 0.088) Frontier Size: 36
f(n) = 36.0 (Expanded Nodes: 78, Evaluated States: 115, Time: 0.088) Frontier Size: 37
f(n) = 37.0 (Expanded Nodes: 80, Evaluated States: 118, Time: 0.088) Frontier Size: 38
f(n) = 38.0 (Expanded Nodes: 82, Evaluated States: 121, Time: 0.089) Frontier Size: 39
f(n) = 39.0 (Expanded Nodes: 84, Evaluated States: 124, Time: 0.089) Frontier Size: 40
f(n) = 40.0 (Expanded Nodes: 86, Evaluated States: 127, Time: 0.103) Frontier Size: 41
f(n) = 41.0 (Expanded Nodes: 88, Evaluated States: 130, Time: 0.103) Frontier Size: 42
f(n) = 42.0 (Expanded Nodes: 90, Evaluated States: 133, Time: 0.104) Frontier Size: 43
Extracting plan with execution delta: 1.0
Problem Solved

Found Plan:
0: (validate_payload t0 a24 t1)
0: (sync_actions t0 t1 a24)
0: -----waiting---- [23.0]
23.0: (validate_payload t1 a19 t2)
23.0: (sync_actions t1 t2 a19)
23.0: -----waiting---- [42.0]
42.0: (validate_payload t2 a21 t3)
42.0: (sync_actions t2 t3 a21)
42.0: (add_action a22)
42.0: (check_added_parameter_model a22)
42.0: (add_move_automata a22)
42.0: (stop_wait)
42.0: (add_action a23)
42.0: (check_added_parameter_model a23)
42.0: (add_move_automata a23)
42.0: (stop_wait)
42.0: (add_action a25)
42.0: (check_added_parameter_model a25)
42.0: (add_move_automata a25)
42.0: (stop_wait)
42.0: (add_action a4)
42.0: (check_added_parameter_model a4)
42.0: (add_move_automata a4)
42.0: (stop_wait)
42.0: (add_action a47)
42.0: (check_added_parameter_model a47)
42.0: (add_move_automata a47)
42.0: (stop_wait)
42.0: (add_action a9)
42.0: (check_added_parameter_model a9)
42.0: (add_move_automata a9)
42.0: (stop_wait)
42.0: (add_action a16)
42.0: (check_added_parameter_model a16)
42.0: (add_move_automata a16)
42.0: (stop_wait)
42.0: (add_action a36)
42.0: (check_added_parameter_model a36)
42.0: (add_move_automata a36)
42.0: (stop_wait)
42.0: (add_action a8)
42.0: (check_added_parameter_model a8)
42.0: (add_move_automata a8)
42.0: (stop_wait)
42.0: (add_action a5)
42.0: (check_added_parameter_model a5)
42.0: (add_move_automata a5)
42.0: (stop_wait)
42.0: (add_action a6)
42.0: (check_added_parameter_model a6)
42.0: (add_move_automata a6)
42.0: (stop_wait)
42.0: (add_action a29)
42.0: (check_added_parameter_model a29)
42.0: (add_move_automata a29)
42.0: (stop_wait)
42.0: (add_action a7)
42.0: (check_added_parameter_model a7)
42.0: (add_move_automata a7)
42.0: (stop_wait)
42.0: (add_action a2)
42.0: (check_added_parameter_model a2)
42.0: (add_move_automata a2)
42.0: (stop_wait)
42.0: (add_action a35)
42.0: (check_added_parameter_model a35)
42.0: (add_move_automata a35)

Plan-Length:107
Elapsed Time: 42.0
Metric (Search):42.0
Planning Time (msec): 164
Heuristic Time (msec): 7
Search Time (msec): 149
Expanded Nodes:235
States Evaluated:318
Number of Dead-Ends detected:0
Number of Duplicates detected:122
/usr/bin/time -v timeout 600 java -Xmx64g -jar ./enhsp3.jar -o ./domain_framed_autonomy_process_reset.pddl -f ./problems/a40g17AND-prefix-3-a40g17AND_3_timed/problem7.pddl -h blind -s WAStar
Domain parsed
Problem parsed
Grounding..
Grounding Time: 119667
UFX:true
|F|:354388
|X|:5
Heuristic Problem Creation
|A|:2808
|P|:2
|E|:0
Delta time heuristic model:1.0
Delta time planning model:1.0
Delta time search-execution model:1.0
Delta time validation model:1
h(I):0.0
f(n) = 1.0 (Expanded Nodes: 5, Evaluated States: 6, Time: 0.028) Frontier Size: 1
f(n) = 2.0 (Expanded Nodes: 7, Evaluated States: 9, Time: 0.05) Frontier Size: 2
f(n) = 3.0 (Expanded Nodes: 9, Evaluated States: 12, Time: 0.05) Frontier Size: 3
f(n) = 4.0 (Expanded Nodes: 11, Evaluated States: 15, Time: 0.051) Frontier Size: 4
f(n) = 5.0 (Expanded Nodes: 13, Evaluated States: 18, Time: 0.052) Frontier Size: 5
f(n) = 6.0 (Expanded Nodes: 15, Evaluated States: 21, Time: 0.053) Frontier Size: 6
f(n) = 7.0 (Expanded Nodes: 17, Evaluated States: 24, Time: 0.054) Frontier Size: 7
f(n) = 8.0 (Expanded Nodes: 19, Evaluated States: 27, Time: 0.056) Frontier Size: 8
f(n) = 9.0 (Expanded Nodes: 21, Evaluated States: 30, Time: 0.058) Frontier Size: 9
f(n) = 10.0 (Expanded Nodes: 23, Evaluated States: 33, Time: 0.06) Frontier Size: 10
f(n) = 11.0 (Expanded Nodes: 25, Evaluated States: 36, Time: 0.061) Frontier Size: 11
f(n) = 12.0 (Expanded Nodes: 27, Evaluated States: 39, Time: 0.062) Frontier Size: 12
f(n) = 13.0 (Expanded Nodes: 29, Evaluated States: 42, Time: 0.062) Frontier Size: 13
f(n) = 14.0 (Expanded Nodes: 31, Evaluated States: 45, Time: 0.066) Frontier Size: 14
f(n) = 15.0 (Expanded Nodes: 33, Evaluated States: 48, Time: 0.066) Frontier Size: 15
f(n) = 16.0 (Expanded Nodes: 35, Evaluated States: 51, Time: 0.067) Frontier Size: 16
f(n) = 17.0 (Expanded Nodes: 37, Evaluated States: 54, Time: 0.067) Frontier Size: 17
f(n) = 18.0 (Expanded Nodes: 39, Evaluated States: 57, Time: 0.067) Frontier Size: 18
f(n) = 19.0 (Expanded Nodes: 41, Evaluated States: 60, Time: 0.068) Frontier Size: 19
f(n) = 20.0 (Expanded Nodes: 43, Evaluated States: 63, Time: 0.068) Frontier Size: 20
f(n) = 21.0 (Expanded Nodes: 48, Evaluated States: 70, Time: 0.07) Frontier Size: 22
f(n) = 22.0 (Expanded Nodes: 50, Evaluated States: 73, Time: 0.075) Frontier Size: 23
f(n) = 23.0 (Expanded Nodes: 52, Evaluated States: 76, Time: 0.076) Frontier Size: 24
f(n) = 24.0 (Expanded Nodes: 54, Evaluated States: 79, Time: 0.076) Frontier Size: 25
f(n) = 25.0 (Expanded Nodes: 56, Evaluated States: 82, Time: 0.076) Frontier Size: 26
f(n) = 26.0 (Expanded Nodes: 58, Evaluated States: 85, Time: 0.077) Frontier Size: 27
f(n) = 27.0 (Expanded Nodes: 60, Evaluated States: 88, Time: 0.077) Frontier Size: 28
f(n) = 28.0 (Expanded Nodes: 62, Evaluated States: 91, Time: 0.078) Frontier Size: 29
f(n) = 29.0 (Expanded Nodes: 64, Evaluated States: 94, Time: 0.078) Frontier Size: 30
f(n) = 30.0 (Expanded Nodes: 66, Evaluated States: 97, Time: 0.078) Frontier Size: 31
f(n) = 31.0 (Expanded Nodes: 68, Evaluated States: 100, Time: 0.088) Frontier Size: 32
f(n) = 32.0 (Expanded Nodes: 70, Evaluated States: 103, Time: 0.089) Frontier Size: 33
f(n) = 33.0 (Expanded Nodes: 72, Evaluated States: 106, Time: 0.089) Frontier Size: 34
f(n) = 34.0 (Expanded Nodes: 74, Evaluated States: 109, Time: 0.091) Frontier Size: 35
f(n) = 35.0 (Expanded Nodes: 76, Evaluated States: 112, Time: 0.091) Frontier Size: 36
f(n) = 36.0 (Expanded Nodes: 78, Evaluated States: 115, Time: 0.096) Frontier Size: 37
f(n) = 37.0 (Expanded Nodes: 80, Evaluated States: 118, Time: 0.097) Frontier Size: 38
f(n) = 38.0 (Expanded Nodes: 82, Evaluated States: 121, Time: 0.098) Frontier Size: 39
f(n) = 39.0 (Expanded Nodes: 84, Evaluated States: 124, Time: 0.098) Frontier Size: 40
Extracting plan with execution delta: 1.0
Problem Solved

Found Plan:
0: (validate_payload t0 a24 t1)
0: (sync_actions t0 t1 a24)
0: -----waiting---- [20.0]
20.0: (validate_payload t1 a19 t2)
20.0: (sync_actions t1 t2 a19)
20.0: -----waiting---- [39.0]
39.0: (validate_payload t2 a21 t3)
39.0: (sync_actions t2 t3 a21)
39.0: (add_action a22)
39.0: (check_added_parameter_model a22)
39.0: (add_move_automata a22)
39.0: (stop_wait)
39.0: (add_action a23)
39.0: (check_added_parameter_model a23)
39.0: (add_move_automata a23)
39.0: (stop_wait)
39.0: (add_action a25)
39.0: (check_added_parameter_model a25)
39.0: (add_move_automata a25)
39.0: (stop_wait)
39.0: (add_action a4)
39.0: (check_added_parameter_model a4)
39.0: (add_move_automata a4)
39.0: (stop_wait)
39.0: (add_action a47)
39.0: (check_added_parameter_model a47)
39.0: (add_move_automata a47)
39.0: (stop_wait)
39.0: (add_action a9)
39.0: (check_added_parameter_model a9)
39.0: (add_move_automata a9)
39.0: (stop_wait)
39.0: (add_action a16)
39.0: (check_added_parameter_model a16)
39.0: (add_move_automata a16)
39.0: (stop_wait)
39.0: (add_action a36)
39.0: (check_added_parameter_model a36)
39.0: (add_move_automata a36)
39.0: (stop_wait)
39.0: (add_action a8)
39.0: (check_added_parameter_model a8)
39.0: (add_move_automata a8)
39.0: (stop_wait)
39.0: (add_action a5)
39.0: (check_added_parameter_model a5)
39.0: (add_move_automata a5)
39.0: (stop_wait)
39.0: (add_action a6)
39.0: (check_added_parameter_model a6)
39.0: (add_move_automata a6)
39.0: (stop_wait)
39.0: (add_action a29)
39.0: (check_added_parameter_model a29)
39.0: (add_move_automata a29)
39.0: (stop_wait)
39.0: (add_action a7)
39.0: (check_added_parameter_model a7)
39.0: (add_move_automata a7)
39.0: (stop_wait)
39.0: (add_action a2)
39.0: (check_added_parameter_model a2)
39.0: (add_move_automata a2)
39.0: (stop_wait)
39.0: (add_action a35)
39.0: (check_added_parameter_model a35)
39.0: (add_move_automata a35)

Plan-Length:104
Elapsed Time: 39.0
Metric (Search):39.0
Planning Time (msec): 159
Heuristic Time (msec): 7
Search Time (msec): 147
Expanded Nodes:242
States Evaluated:323
Number of Dead-Ends detected:0
Number of Duplicates detected:129
/usr/bin/time -v timeout 600 java -Xmx64g -jar ./enhsp3.jar -o ./domain_framed_autonomy_process_reset.pddl -f ./problems/a40g17AND-prefix-3-a40g17AND_3_timed/problem8.pddl -h blind -s WAStar
Domain parsed
Problem parsed
Grounding..
Grounding Time: 120730
UFX:true
|F|:354388
|X|:5
Heuristic Problem Creation
|A|:2808
|P|:2
|E|:0
Delta time heuristic model:1.0
Delta time planning model:1.0
Delta time search-execution model:1.0
Delta time validation model:1
h(I):0.0
f(n) = 1.0 (Expanded Nodes: 5, Evaluated States: 6, Time: 0.02) Frontier Size: 1
f(n) = 2.0 (Expanded Nodes: 7, Evaluated States: 9, Time: 0.04) Frontier Size: 2
f(n) = 3.0 (Expanded Nodes: 9, Evaluated States: 12, Time: 0.041) Frontier Size: 3
f(n) = 4.0 (Expanded Nodes: 11, Evaluated States: 15, Time: 0.044) Frontier Size: 4
f(n) = 5.0 (Expanded Nodes: 13, Evaluated States: 18, Time: 0.046) Frontier Size: 5
f(n) = 6.0 (Expanded Nodes: 15, Evaluated States: 21, Time: 0.046) Frontier Size: 6
f(n) = 7.0 (Expanded Nodes: 17, Evaluated States: 24, Time: 0.05) Frontier Size: 7
f(n) = 8.0 (Expanded Nodes: 19, Evaluated States: 27, Time: 0.051) Frontier Size: 8
f(n) = 9.0 (Expanded Nodes: 21, Evaluated States: 30, Time: 0.052) Frontier Size: 9
f(n) = 10.0 (Expanded Nodes: 23, Evaluated States: 33, Time: 0.053) Frontier Size: 10
f(n) = 11.0 (Expanded Nodes: 25, Evaluated States: 36, Time: 0.054) Frontier Size: 11
f(n) = 12.0 (Expanded Nodes: 27, Evaluated States: 39, Time: 0.055) Frontier Size: 12
f(n) = 13.0 (Expanded Nodes: 29, Evaluated States: 42, Time: 0.055) Frontier Size: 13
f(n) = 14.0 (Expanded Nodes: 31, Evaluated States: 45, Time: 0.06) Frontier Size: 14
f(n) = 15.0 (Expanded Nodes: 33, Evaluated States: 48, Time: 0.061) Frontier Size: 15
f(n) = 16.0 (Expanded Nodes: 35, Evaluated States: 51, Time: 0.061) Frontier Size: 16
f(n) = 17.0 (Expanded Nodes: 37, Evaluated States: 54, Time: 0.062) Frontier Size: 17
f(n) = 18.0 (Expanded Nodes: 39, Evaluated States: 57, Time: 0.062) Frontier Size: 18
f(n) = 19.0 (Expanded Nodes: 41, Evaluated States: 60, Time: 0.063) Frontier Size: 19
f(n) = 20.0 (Expanded Nodes: 43, Evaluated States: 63, Time: 0.063) Frontier Size: 20
f(n) = 21.0 (Expanded Nodes: 45, Evaluated States: 66, Time: 0.063) Frontier Size: 21
f(n) = 22.0 (Expanded Nodes: 47, Evaluated States: 69, Time: 0.069) Frontier Size: 22
f(n) = 23.0 (Expanded Nodes: 49, Evaluated States: 72, Time: 0.069) Frontier Size: 23
f(n) = 24.0 (Expanded Nodes: 54, Evaluated States: 79, Time: 0.071) Frontier Size: 25
f(n) = 25.0 (Expanded Nodes: 56, Evaluated States: 82, Time: 0.071) Frontier Size: 26
f(n) = 26.0 (Expanded Nodes: 58, Evaluated States: 85, Time: 0.071) Frontier Size: 27
f(n) = 27.0 (Expanded Nodes: 60, Evaluated States: 88, Time: 0.076) Frontier Size: 28
f(n) = 28.0 (Expanded Nodes: 62, Evaluated States: 91, Time: 0.076) Frontier Size: 29
f(n) = 29.0 (Expanded Nodes: 64, Evaluated States: 94, Time: 0.077) Frontier Size: 30
f(n) = 30.0 (Expanded Nodes: 66, Evaluated States: 97, Time: 0.077) Frontier Size: 31
f(n) = 31.0 (Expanded Nodes: 68, Evaluated States: 100, Time: 0.078) Frontier Size: 32
f(n) = 32.0 (Expanded Nodes: 70, Evaluated States: 103, Time: 0.078) Frontier Size: 33
f(n) = 33.0 (Expanded Nodes: 72, Evaluated States: 106, Time: 0.079) Frontier Size: 34
f(n) = 34.0 (Expanded Nodes: 74, Evaluated States: 109, Time: 0.079) Frontier Size: 35
f(n) = 35.0 (Expanded Nodes: 76, Evaluated States: 112, Time: 0.079) Frontier Size: 36
f(n) = 36.0 (Expanded Nodes: 78, Evaluated States: 115, Time: 0.086) Frontier Size: 37
f(n) = 37.0 (Expanded Nodes: 80, Evaluated States: 118, Time: 0.087) Frontier Size: 38
f(n) = 38.0 (Expanded Nodes: 82, Evaluated States: 121, Time: 0.087) Frontier Size: 39
f(n) = 39.0 (Expanded Nodes: 84, Evaluated States: 124, Time: 0.087) Frontier Size: 40
f(n) = 40.0 (Expanded Nodes: 86, Evaluated States: 127, Time: 0.088) Frontier Size: 41
f(n) = 41.0 (Expanded Nodes: 88, Evaluated States: 130, Time: 0.088) Frontier Size: 42
f(n) = 42.0 (Expanded Nodes: 90, Evaluated States: 133, Time: 0.089) Frontier Size: 43
f(n) = 43.0 (Expanded Nodes: 92, Evaluated States: 136, Time: 0.089) Frontier Size: 44
f(n) = 44.0 (Expanded Nodes: 94, Evaluated States: 139, Time: 0.089) Frontier Size: 45
f(n) = 45.0 (Expanded Nodes: 96, Evaluated States: 142, Time: 0.098) Frontier Size: 46
f(n) = 46.0 (Expanded Nodes: 98, Evaluated States: 145, Time: 0.099) Frontier Size: 47
Extracting plan with execution delta: 1.0
Problem Solved

Found Plan:
0: (validate_payload t0 a24 t1)
0: (sync_actions t0 t1 a24)
0: -----waiting---- [23.0]
23.0: (validate_payload t1 a19 t2)
23.0: (sync_actions t1 t2 a19)
23.0: -----waiting---- [46.0]
46.0: (validate_payload t2 a21 t3)
46.0: (sync_actions t2 t3 a21)
46.0: (add_action a22)
46.0: (check_added_parameter_model a22)
46.0: (add_move_automata a22)
46.0: (stop_wait)
46.0: (add_action a23)
46.0: (check_added_parameter_model a23)
46.0: (add_move_automata a23)
46.0: (stop_wait)
46.0: (add_action a25)
46.0: (check_added_parameter_model a25)
46.0: (add_move_automata a25)
46.0: (stop_wait)
46.0: (add_action a4)
46.0: (check_added_parameter_model a4)
46.0: (add_move_automata a4)
46.0: (stop_wait)
46.0: (add_action a47)
46.0: (check_added_parameter_model a47)
46.0: (add_move_automata a47)
46.0: (stop_wait)
46.0: (add_action a9)
46.0: (check_added_parameter_model a9)
46.0: (add_move_automata a9)
46.0: (stop_wait)
46.0: (add_action a16)
46.0: (check_added_parameter_model a16)
46.0: (add_move_automata a16)
46.0: (stop_wait)
46.0: (add_action a36)
46.0: (check_added_parameter_model a36)
46.0: (add_move_automata a36)
46.0: (stop_wait)
46.0: (add_action a8)
46.0: (check_added_parameter_model a8)
46.0: (add_move_automata a8)
46.0: (stop_wait)
46.0: (add_action a5)
46.0: (check_added_parameter_model a5)
46.0: (add_move_automata a5)
46.0: (stop_wait)
46.0: (add_action a6)
46.0: (check_added_parameter_model a6)
46.0: (add_move_automata a6)
46.0: (stop_wait)
46.0: (add_action a29)
46.0: (check_added_parameter_model a29)
46.0: (add_move_automata a29)
46.0: (stop_wait)
46.0: (add_action a7)
46.0: (check_added_parameter_model a7)
46.0: (add_move_automata a7)
46.0: (stop_wait)
46.0: (add_action a2)
46.0: (check_added_parameter_model a2)
46.0: (add_move_automata a2)
46.0: (stop_wait)
46.0: (add_action a35)
46.0: (check_added_parameter_model a35)
46.0: (add_move_automata a35)

Plan-Length:111
Elapsed Time: 46.0
Metric (Search):46.0
Planning Time (msec): 159
Heuristic Time (msec): 10
Search Time (msec): 147
Expanded Nodes:255
States Evaluated:344
Number of Dead-Ends detected:0
Number of Duplicates detected:137
/usr/bin/time -v timeout 600 java -Xmx64g -jar ./enhsp3.jar -o ./domain_framed_autonomy_process_reset.pddl -f ./problems/a40g17AND-prefix-3-a40g17AND_3_timed/problem9.pddl -h blind -s WAStar
Domain parsed
Problem parsed
Grounding..
Grounding Time: 120231
UFX:true
|F|:354388
|X|:5
Heuristic Problem Creation
|A|:2808
|P|:2
|E|:0
Delta time heuristic model:1.0
Delta time planning model:1.0
Delta time search-execution model:1.0
Delta time validation model:1
h(I):0.0
f(n) = 1.0 (Expanded Nodes: 5, Evaluated States: 6, Time: 0.022) Frontier Size: 1
f(n) = 2.0 (Expanded Nodes: 7, Evaluated States: 9, Time: 0.041) Frontier Size: 2
f(n) = 3.0 (Expanded Nodes: 9, Evaluated States: 12, Time: 0.044) Frontier Size: 3
f(n) = 4.0 (Expanded Nodes: 11, Evaluated States: 15, Time: 0.045) Frontier Size: 4
f(n) = 5.0 (Expanded Nodes: 13, Evaluated States: 18, Time: 0.046) Frontier Size: 5
f(n) = 6.0 (Expanded Nodes: 15, Evaluated States: 21, Time: 0.047) Frontier Size: 6
f(n) = 7.0 (Expanded Nodes: 17, Evaluated States: 24, Time: 0.05) Frontier Size: 7
f(n) = 8.0 (Expanded Nodes: 19, Evaluated States: 27, Time: 0.051) Frontier Size: 8
f(n) = 9.0 (Expanded Nodes: 21, Evaluated States: 30, Time: 0.052) Frontier Size: 9
f(n) = 10.0 (Expanded Nodes: 23, Evaluated States: 33, Time: 0.055) Frontier Size: 10
f(n) = 11.0 (Expanded Nodes: 25, Evaluated States: 36, Time: 0.056) Frontier Size: 11
f(n) = 12.0 (Expanded Nodes: 27, Evaluated States: 39, Time: 0.057) Frontier Size: 12
f(n) = 13.0 (Expanded Nodes: 29, Evaluated States: 42, Time: 0.057) Frontier Size: 13
f(n) = 14.0 (Expanded Nodes: 31, Evaluated States: 45, Time: 0.061) Frontier Size: 14
f(n) = 15.0 (Expanded Nodes: 33, Evaluated States: 48, Time: 0.062) Frontier Size: 15
f(n) = 16.0 (Expanded Nodes: 35, Evaluated States: 51, Time: 0.062) Frontier Size: 16
f(n) = 17.0 (Expanded Nodes: 37, Evaluated States: 54, Time: 0.063) Frontier Size: 17
f(n) = 18.0 (Expanded Nodes: 39, Evaluated States: 57, Time: 0.064) Frontier Size: 18
f(n) = 19.0 (Expanded Nodes: 41, Evaluated States: 60, Time: 0.065) Frontier Size: 19
f(n) = 20.0 (Expanded Nodes: 43, Evaluated States: 63, Time: 0.066) Frontier Size: 20
f(n) = 21.0 (Expanded Nodes: 45, Evaluated States: 66, Time: 0.069) Frontier Size: 21
f(n) = 22.0 (Expanded Nodes: 47, Evaluated States: 69, Time: 0.069) Frontier Size: 22
f(n) = 23.0 (Expanded Nodes: 49, Evaluated States: 72, Time: 0.07) Frontier Size: 23
f(n) = 24.0 (Expanded Nodes: 54, Evaluated States: 79, Time: 0.071) Frontier Size: 25
f(n) = 25.0 (Expanded Nodes: 56, Evaluated States: 82, Time: 0.077) Frontier Size: 26
f(n) = 26.0 (Expanded Nodes: 58, Evaluated States: 85, Time: 0.078) Frontier Size: 27
f(n) = 27.0 (Expanded Nodes: 60, Evaluated States: 88, Time: 0.078) Frontier Size: 28
f(n) = 28.0 (Expanded Nodes: 62, Evaluated States: 91, Time: 0.078) Frontier Size: 29
f(n) = 29.0 (Expanded Nodes: 64, Evaluated States: 94, Time: 0.079) Frontier Size: 30
f(n) = 30.0 (Expanded Nodes: 66, Evaluated States: 97, Time: 0.079) Frontier Size: 31
f(n) = 31.0 (Expanded Nodes: 68, Evaluated States: 100, Time: 0.08) Frontier Size: 32
f(n) = 32.0 (Expanded Nodes: 70, Evaluated States: 103, Time: 0.08) Frontier Size: 33
f(n) = 33.0 (Expanded Nodes: 72, Evaluated States: 106, Time: 0.08) Frontier Size: 34
f(n) = 34.0 (Expanded Nodes: 74, Evaluated States: 109, Time: 0.086) Frontier Size: 35
f(n) = 35.0 (Expanded Nodes: 76, Evaluated States: 112, Time: 0.087) Frontier Size: 36
f(n) = 36.0 (Expanded Nodes: 78, Evaluated States: 115, Time: 0.089) Frontier Size: 37
f(n) = 37.0 (Expanded Nodes: 80, Evaluated States: 118, Time: 0.089) Frontier Size: 38
f(n) = 38.0 (Expanded Nodes: 82, Evaluated States: 121, Time: 0.09) Frontier Size: 39
f(n) = 39.0 (Expanded Nodes: 84, Evaluated States: 124, Time: 0.09) Frontier Size: 40
f(n) = 40.0 (Expanded Nodes: 86, Evaluated States: 127, Time: 0.09) Frontier Size: 41
f(n) = 41.0 (Expanded Nodes: 88, Evaluated States: 130, Time: 0.095) Frontier Size: 42
f(n) = 42.0 (Expanded Nodes: 90, Evaluated States: 133, Time: 0.095) Frontier Size: 43
f(n) = 43.0 (Expanded Nodes: 92, Evaluated States: 136, Time: 0.096) Frontier Size: 44
f(n) = 44.0 (Expanded Nodes: 94, Evaluated States: 139, Time: 0.096) Frontier Size: 45
Extracting plan with execution delta: 1.0
Problem Solved

Found Plan:
0: (validate_payload t0 a24 t1)
0: (sync_actions t0 t1 a24)
0: -----waiting---- [23.0]
23.0: (validate_payload t1 a19 t2)
23.0: (sync_actions t1 t2 a19)
23.0: -----waiting---- [44.0]
44.0: (validate_payload t2 a21 t3)
44.0: (sync_actions t2 t3 a21)
44.0: (add_action a22)
44.0: (check_added_parameter_model a22)
44.0: (add_move_automata a22)
44.0: (stop_wait)
44.0: (add_action a23)
44.0: (check_added_parameter_model a23)
44.0: (add_move_automata a23)
44.0: (stop_wait)
44.0: (add_action a25)
44.0: (check_added_parameter_model a25)
44.0: (add_move_automata a25)
44.0: (stop_wait)
44.0: (add_action a4)
44.0: (check_added_parameter_model a4)
44.0: (add_move_automata a4)
44.0: (stop_wait)
44.0: (add_action a47)
44.0: (check_added_parameter_model a47)
44.0: (add_move_automata a47)
44.0: (stop_wait)
44.0: (add_action a9)
44.0: (check_added_parameter_model a9)
44.0: (add_move_automata a9)
44.0: (stop_wait)
44.0: (add_action a16)
44.0: (check_added_parameter_model a16)
44.0: (add_move_automata a16)
44.0: (stop_wait)
44.0: (add_action a36)
44.0: (check_added_parameter_model a36)
44.0: (add_move_automata a36)
44.0: (stop_wait)
44.0: (add_action a8)
44.0: (check_added_parameter_model a8)
44.0: (add_move_automata a8)
44.0: (stop_wait)
44.0: (add_action a5)
44.0: (check_added_parameter_model a5)
44.0: (add_move_automata a5)
44.0: (stop_wait)
44.0: (add_action a6)
44.0: (check_added_parameter_model a6)
44.0: (add_move_automata a6)
44.0: (stop_wait)
44.0: (add_action a29)
44.0: (check_added_parameter_model a29)
44.0: (add_move_automata a29)
44.0: (stop_wait)
44.0: (add_action a7)
44.0: (check_added_parameter_model a7)
44.0: (add_move_automata a7)
44.0: (stop_wait)
44.0: (add_action a2)
44.0: (check_added_parameter_model a2)
44.0: (add_move_automata a2)
44.0: (stop_wait)
44.0: (add_action a35)
44.0: (check_added_parameter_model a35)
44.0: (add_move_automata a35)

Plan-Length:109
Elapsed Time: 44.0
Metric (Search):44.0
Planning Time (msec): 164
Heuristic Time (msec): 6
Search Time (msec): 155
Expanded Nodes:277
States Evaluated:364
Number of Dead-Ends detected:0
Number of Duplicates detected:152
/usr/bin/time -v timeout 600 java -Xmx64g -jar ./enhsp3.jar -o ./domain_framed_autonomy_process_reset.pddl -f ./problems/a40g17AND-prefix-3-a40g17AND_3_timed/problem10.pddl -h blind -s WAStar
Domain parsed
Problem parsed
Grounding..
Grounding Time: 119998
UFX:true
|F|:354388
|X|:5
Heuristic Problem Creation
|A|:2808
|P|:2
|E|:0
Delta time heuristic model:1.0
Delta time planning model:1.0
Delta time search-execution model:1.0
Delta time validation model:1
h(I):0.0
f(n) = 1.0 (Expanded Nodes: 5, Evaluated States: 6, Time: 0.017) Frontier Size: 1
f(n) = 2.0 (Expanded Nodes: 7, Evaluated States: 9, Time: 0.039) Frontier Size: 2
f(n) = 3.0 (Expanded Nodes: 9, Evaluated States: 12, Time: 0.04) Frontier Size: 3
f(n) = 4.0 (Expanded Nodes: 11, Evaluated States: 15, Time: 0.041) Frontier Size: 4
f(n) = 5.0 (Expanded Nodes: 13, Evaluated States: 18, Time: 0.042) Frontier Size: 5
f(n) = 6.0 (Expanded Nodes: 15, Evaluated States: 21, Time: 0.042) Frontier Size: 6
f(n) = 7.0 (Expanded Nodes: 17, Evaluated States: 24, Time: 0.043) Frontier Size: 7
f(n) = 8.0 (Expanded Nodes: 19, Evaluated States: 27, Time: 0.045) Frontier Size: 8
f(n) = 9.0 (Expanded Nodes: 21, Evaluated States: 30, Time: 0.047) Frontier Size: 9
f(n) = 10.0 (Expanded Nodes: 23, Evaluated States: 33, Time: 0.049) Frontier Size: 10
f(n) = 11.0 (Expanded Nodes: 25, Evaluated States: 36, Time: 0.05) Frontier Size: 11
f(n) = 12.0 (Expanded Nodes: 27, Evaluated States: 39, Time: 0.05) Frontier Size: 12
f(n) = 13.0 (Expanded Nodes: 29, Evaluated States: 42, Time: 0.051) Frontier Size: 13
f(n) = 14.0 (Expanded Nodes: 31, Evaluated States: 45, Time: 0.056) Frontier Size: 14
f(n) = 15.0 (Expanded Nodes: 33, Evaluated States: 48, Time: 0.056) Frontier Size: 15
f(n) = 16.0 (Expanded Nodes: 35, Evaluated States: 51, Time: 0.057) Frontier Size: 16
f(n) = 17.0 (Expanded Nodes: 37, Evaluated States: 54, Time: 0.057) Frontier Size: 17
f(n) = 18.0 (Expanded Nodes: 39, Evaluated States: 57, Time: 0.061) Frontier Size: 18
f(n) = 19.0 (Expanded Nodes: 41, Evaluated States: 60, Time: 0.061) Frontier Size: 19
f(n) = 20.0 (Expanded Nodes: 46, Evaluated States: 67, Time: 0.062) Frontier Size: 21
f(n) = 21.0 (Expanded Nodes: 48, Evaluated States: 70, Time: 0.063) Frontier Size: 22
f(n) = 22.0 (Expanded Nodes: 50, Evaluated States: 73, Time: 0.063) Frontier Size: 23
f(n) = 23.0 (Expanded Nodes: 52, Evaluated States: 76, Time: 0.064) Frontier Size: 24
f(n) = 24.0 (Expanded Nodes: 54, Evaluated States: 79, Time: 0.064) Frontier Size: 25
f(n) = 25.0 (Expanded Nodes: 56, Evaluated States: 82, Time: 0.064) Frontier Size: 26
f(n) = 26.0 (Expanded Nodes: 58, Evaluated States: 85, Time: 0.07) Frontier Size: 27
f(n) = 27.0 (Expanded Nodes: 60, Evaluated States: 88, Time: 0.07) Frontier Size: 28
f(n) = 28.0 (Expanded Nodes: 62, Evaluated States: 91, Time: 0.071) Frontier Size: 29
f(n) = 29.0 (Expanded Nodes: 64, Evaluated States: 94, Time: 0.071) Frontier Size: 30
f(n) = 30.0 (Expanded Nodes: 66, Evaluated States: 97, Time: 0.072) Frontier Size: 31
f(n) = 31.0 (Expanded Nodes: 68, Evaluated States: 100, Time: 0.072) Frontier Size: 32
f(n) = 32.0 (Expanded Nodes: 70, Evaluated States: 103, Time: 0.072) Frontier Size: 33
f(n) = 33.0 (Expanded Nodes: 72, Evaluated States: 106, Time: 0.073) Frontier Size: 34
f(n) = 34.0 (Expanded Nodes: 74, Evaluated States: 109, Time: 0.073) Frontier Size: 35
f(n) = 35.0 (Expanded Nodes: 76, Evaluated States: 112, Time: 0.074) Frontier Size: 36
f(n) = 36.0 (Expanded Nodes: 78, Evaluated States: 115, Time: 0.082) Frontier Size: 37
f(n) = 37.0 (Expanded Nodes: 80, Evaluated States: 118, Time: 0.082) Frontier Size: 38
f(n) = 38.0 (Expanded Nodes: 82, Evaluated States: 121, Time: 0.083) Frontier Size: 39
Extracting plan with execution delta: 1.0
Problem Solved

Found Plan:
0: (validate_payload t0 a24 t1)
0: (sync_actions t0 t1 a24)
0: -----waiting---- [19.0]
19.0: (validate_payload t1 a19 t2)
19.0: (sync_actions t1 t2 a19)
19.0: -----waiting---- [38.0]
38.0: (validate_payload t2 a21 t3)
38.0: (sync_actions t2 t3 a21)
38.0: (add_action a22)
38.0: (check_added_parameter_model a22)
38.0: (add_move_automata a22)
38.0: (stop_wait)
38.0: (add_action a23)
38.0: (check_added_parameter_model a23)
38.0: (add_move_automata a23)
38.0: (stop_wait)
38.0: (add_action a25)
38.0: (check_added_parameter_model a25)
38.0: (add_move_automata a25)
38.0: (stop_wait)
38.0: (add_action a4)
38.0: (check_added_parameter_model a4)
38.0: (add_move_automata a4)
38.0: (stop_wait)
38.0: (add_action a47)
38.0: (check_added_parameter_model a47)
38.0: (add_move_automata a47)
38.0: (stop_wait)
38.0: (add_action a9)
38.0: (check_added_parameter_model a9)
38.0: (add_move_automata a9)
38.0: (stop_wait)
38.0: (add_action a16)
38.0: (check_added_parameter_model a16)
38.0: (add_move_automata a16)
38.0: (stop_wait)
38.0: (add_action a36)
38.0: (check_added_parameter_model a36)
38.0: (add_move_automata a36)
38.0: (stop_wait)
38.0: (add_action a8)
38.0: (check_added_parameter_model a8)
38.0: (add_move_automata a8)
38.0: (stop_wait)
38.0: (add_action a5)
38.0: (check_added_parameter_model a5)
38.0: (add_move_automata a5)
38.0: (stop_wait)
38.0: (add_action a6)
38.0: (check_added_parameter_model a6)
38.0: (add_move_automata a6)
38.0: (stop_wait)
38.0: (add_action a29)
38.0: (check_added_parameter_model a29)
38.0: (add_move_automata a29)
38.0: (stop_wait)
38.0: (add_action a7)
38.0: (check_added_parameter_model a7)
38.0: (add_move_automata a7)
38.0: (stop_wait)
38.0: (add_action a2)
38.0: (check_added_parameter_model a2)
38.0: (add_move_automata a2)
38.0: (stop_wait)
38.0: (add_action a35)
38.0: (check_added_parameter_model a35)
38.0: (add_move_automata a35)

Plan-Length:103
Elapsed Time: 38.0
Metric (Search):38.0
Planning Time (msec): 139
Heuristic Time (msec): 5
Search Time (msec): 127
Expanded Nodes:215
States Evaluated:286
Number of Dead-Ends detected:0
Number of Duplicates detected:117
Loading openjdk/17.0.8.1_1
  Loading requirement: glibc/2.35-aocc-3.2.0-wetwhfr
    gcc-runtime/12.1.0-gcc-12.1.0-uotjsm3 glibc/2.35-aocc-3.2.0-dkzxmta
	Command being timed: "timeout 600 java -Xmx64g -jar ./enhsp3.jar -o ./domain_framed_autonomy_process_reset.pddl -f ./problems/a40g17AND-prefix-3-a40g17AND_3_timed/problem1.pddl -h blind -s WAStar -dap -dl 1500"
	User time (seconds): 230.58
	System time (seconds): 9.96
	Percent of CPU this job got: 97%
	Elapsed (wall clock) time (h:mm:ss or m:ss): 4:07.54
	Average shared text size (kbytes): 0
	Average unshared data size (kbytes): 0
	Average stack size (kbytes): 0
	Average total size (kbytes): 0
	Maximum resident set size (kbytes): 16860340
	Average resident set size (kbytes): 0
	Major (requiring I/O) page faults: 91
	Minor (reclaiming a frame) page faults: 11994476
	Voluntary context switches: 10911
	Involuntary context switches: 14796
	Swaps: 0
	File system inputs: 80
	File system outputs: 1168
	Socket messages sent: 0
	Socket messages received: 0
	Signals delivered: 0
	Page size (bytes): 4096
	Exit status: 0
	Command being timed: "timeout 600 java -Xmx64g -jar ./enhsp3.jar -o ./domain_framed_autonomy_process_reset.pddl -f ./problems/a40g17AND-prefix-3-a40g17AND_3_timed/problem2.pddl -h blind -s WAStar -dap -dl 1500"
	User time (seconds): 230.71
	System time (seconds): 10.21
	Percent of CPU this job got: 99%
	Elapsed (wall clock) time (h:mm:ss or m:ss): 4:01.06
	Average shared text size (kbytes): 0
	Average unshared data size (kbytes): 0
	Average stack size (kbytes): 0
	Average total size (kbytes): 0
	Maximum resident set size (kbytes): 17100784
	Average resident set size (kbytes): 0
	Major (requiring I/O) page faults: 0
	Minor (reclaiming a frame) page faults: 11983849
	Voluntary context switches: 10583
	Involuntary context switches: 14617
	Swaps: 0
	File system inputs: 0
	File system outputs: 1200
	Socket messages sent: 0
	Socket messages received: 0
	Signals delivered: 0
	Page size (bytes): 4096
	Exit status: 0
	Command being timed: "timeout 600 java -Xmx64g -jar ./enhsp3.jar -o ./domain_framed_autonomy_process_reset.pddl -f ./problems/a40g17AND-prefix-3-a40g17AND_3_timed/problem3.pddl -h blind -s WAStar -dap -dl 1500"
	User time (seconds): 232.67
	System time (seconds): 10.15
	Percent of CPU this job got: 99%
	Elapsed (wall clock) time (h:mm:ss or m:ss): 4:02.96
	Average shared text size (kbytes): 0
	Average unshared data size (kbytes): 0
	Average stack size (kbytes): 0
	Average total size (kbytes): 0
	Maximum resident set size (kbytes): 16891980
	Average resident set size (kbytes): 0
	Major (requiring I/O) page faults: 0
	Minor (reclaiming a frame) page faults: 12063278
	Voluntary context switches: 10633
	Involuntary context switches: 14539
	Swaps: 0
	File system inputs: 0
	File system outputs: 1208
	Socket messages sent: 0
	Socket messages received: 0
	Signals delivered: 0
	Page size (bytes): 4096
	Exit status: 0
	Command being timed: "timeout 600 java -Xmx64g -jar ./enhsp3.jar -o ./domain_framed_autonomy_process_reset.pddl -f ./problems/a40g17AND-prefix-3-a40g17AND_3_timed/problem4.pddl -h blind -s WAStar -dap -dl 1500"
	User time (seconds): 325.34
	System time (seconds): 14.86
	Percent of CPU this job got: 99%
	Elapsed (wall clock) time (h:mm:ss or m:ss): 5:40.39
	Average shared text size (kbytes): 0
	Average unshared data size (kbytes): 0
	Average stack size (kbytes): 0
	Average total size (kbytes): 0
	Maximum resident set size (kbytes): 23432056
	Average resident set size (kbytes): 0
	Major (requiring I/O) page faults: 0
	Minor (reclaiming a frame) page faults: 18188097
	Voluntary context switches: 13270
	Involuntary context switches: 18464
	Swaps: 0
	File system inputs: 0
	File system outputs: 1688
	Socket messages sent: 0
	Socket messages received: 0
	Signals delivered: 0
	Page size (bytes): 4096
	Exit status: 0
	Command being timed: "timeout 600 java -Xmx64g -jar ./enhsp3.jar -o ./domain_framed_autonomy_process_reset.pddl -f ./problems/a40g17AND-prefix-3-a40g17AND_3_timed/problem5.pddl -h blind -s WAStar -dap -dl 1500"
	User time (seconds): 230.58
	System time (seconds): 10.36
	Percent of CPU this job got: 99%
	Elapsed (wall clock) time (h:mm:ss or m:ss): 4:01.08
	Average shared text size (kbytes): 0
	Average unshared data size (kbytes): 0
	Average stack size (kbytes): 0
	Average total size (kbytes): 0
	Maximum resident set size (kbytes): 16889436
	Average resident set size (kbytes): 0
	Major (requiring I/O) page faults: 0
	Minor (reclaiming a frame) page faults: 12127826
	Voluntary context switches: 10343
	Involuntary context switches: 14494
	Swaps: 0
	File system inputs: 0
	File system outputs: 1168
	Socket messages sent: 0
	Socket messages received: 0
	Signals delivered: 0
	Page size (bytes): 4096
	Exit status: 0
	Command being timed: "timeout 600 java -Xmx64g -jar ./enhsp3.jar -o ./domain_framed_autonomy_process_reset.pddl -f ./problems/a40g17AND-prefix-3-a40g17AND_3_timed/problem6.pddl -h blind -s WAStar -dap -dl 1500"
	User time (seconds): 231.13
	System time (seconds): 10.21
	Percent of CPU this job got: 99%
	Elapsed (wall clock) time (h:mm:ss or m:ss): 4:01.47
	Average shared text size (kbytes): 0
	Average unshared data size (kbytes): 0
	Average stack size (kbytes): 0
	Average total size (kbytes): 0
	Maximum resident set size (kbytes): 17098144
	Average resident set size (kbytes): 0
	Major (requiring I/O) page faults: 0
	Minor (reclaiming a frame) page faults: 12034069
	Voluntary context switches: 10486
	Involuntary context switches: 14590
	Swaps: 0
	File system inputs: 0
	File system outputs: 1184
	Socket messages sent: 0
	Socket messages received: 0
	Signals delivered: 0
	Page size (bytes): 4096
	Exit status: 0
	Command being timed: "timeout 600 java -Xmx64g -jar ./enhsp3.jar -o ./domain_framed_autonomy_process_reset.pddl -f ./problems/a40g17AND-prefix-3-a40g17AND_3_timed/problem7.pddl -h blind -s WAStar -dap -dl 1500"
	User time (seconds): 220.55
	System time (seconds): 10.02
	Percent of CPU this job got: 99%
	Elapsed (wall clock) time (h:mm:ss or m:ss): 3:50.69
	Average shared text size (kbytes): 0
	Average unshared data size (kbytes): 0
	Average stack size (kbytes): 0
	Average total size (kbytes): 0
	Maximum resident set size (kbytes): 17086904
	Average resident set size (kbytes): 0
	Major (requiring I/O) page faults: 0
	Minor (reclaiming a frame) page faults: 11719337
	Voluntary context switches: 10322
	Involuntary context switches: 13823
	Swaps: 0
	File system inputs: 0
	File system outputs: 1144
	Socket messages sent: 0
	Socket messages received: 0
	Signals delivered: 0
	Page size (bytes): 4096
	Exit status: 0
	Command being timed: "timeout 600 java -Xmx64g -jar ./enhsp3.jar -o ./domain_framed_autonomy_process_reset.pddl -f ./problems/a40g17AND-prefix-3-a40g17AND_3_timed/problem8.pddl -h blind -s WAStar -dap -dl 1500"
	User time (seconds): 222.55
	System time (seconds): 10.13
	Percent of CPU this job got: 99%
	Elapsed (wall clock) time (h:mm:ss or m:ss): 3:52.80
	Average shared text size (kbytes): 0
	Average unshared data size (kbytes): 0
	Average stack size (kbytes): 0
	Average total size (kbytes): 0
	Maximum resident set size (kbytes): 17090692
	Average resident set size (kbytes): 0
	Major (requiring I/O) page faults: 0
	Minor (reclaiming a frame) page faults: 11950035
	Voluntary context switches: 10527
	Involuntary context switches: 13858
	Swaps: 0
	File system inputs: 0
	File system outputs: 1152
	Socket messages sent: 0
	Socket messages received: 0
	Signals delivered: 0
	Page size (bytes): 4096
	Exit status: 0
	Command being timed: "timeout 600 java -Xmx64g -jar ./enhsp3.jar -o ./domain_framed_autonomy_process_reset.pddl -f ./problems/a40g17AND-prefix-3-a40g17AND_3_timed/problem9.pddl -h blind -s WAStar -dap -dl 1500"
	User time (seconds): 221.68
	System time (seconds): 9.55
	Percent of CPU this job got: 99%
	Elapsed (wall clock) time (h:mm:ss or m:ss): 3:51.36
	Average shared text size (kbytes): 0
	Average unshared data size (kbytes): 0
	Average stack size (kbytes): 0
	Average total size (kbytes): 0
	Maximum resident set size (kbytes): 17097904
	Average resident set size (kbytes): 0
	Major (requiring I/O) page faults: 0
	Minor (reclaiming a frame) page faults: 11314966
	Voluntary context switches: 10469
	Involuntary context switches: 13954
	Swaps: 0
	File system inputs: 0
	File system outputs: 1136
	Socket messages sent: 0
	Socket messages received: 0
	Signals delivered: 0
	Page size (bytes): 4096
	Exit status: 0
	Command being timed: "timeout 600 java -Xmx64g -jar ./enhsp3.jar -o ./domain_framed_autonomy_process_reset.pddl -f ./problems/a40g17AND-prefix-3-a40g17AND_3_timed/problem10.pddl -h blind -s WAStar -dap -dl 1500"
	User time (seconds): 214.84
	System time (seconds): 9.30
	Percent of CPU this job got: 99%
	Elapsed (wall clock) time (h:mm:ss or m:ss): 3:44.27
	Average shared text size (kbytes): 0
	Average unshared data size (kbytes): 0
	Average stack size (kbytes): 0
	Average total size (kbytes): 0
	Maximum resident set size (kbytes): 16860532
	Average resident set size (kbytes): 0
	Major (requiring I/O) page faults: 0
	Minor (reclaiming a frame) page faults: 10925877
	Voluntary context switches: 10235
	Involuntary context switches: 13694
	Swaps: 0
	File system inputs: 0
	File system outputs: 1120
	Socket messages sent: 0
	Socket messages received: 0
	Signals delivered: 0
	Page size (bytes): 4096
	Exit status: 0
