/usr/bin/time -v timeout 600 java -Xmx64g -jar ./enhsp3.jar -o ./domain_framed_autonomy_process_reset.pddl -f ./problems/a20g6-prefix-non-conforming-1-a20g6_3_data/problem1.pddl -h blind -s WAStar
Domain parsed
Problem parsed
Grounding..
Grounding Time: 5551
UFX:true
|F|:13556
|X|:9
Heuristic Problem Creation
|A|:510
|P|:2
|E|:0
Delta time heuristic model:1.0
Delta time planning model:1.0
Delta time search-execution model:1.0
Delta time validation model:1
h(I):0.0
f(n) = 100.0 (Expanded Nodes: 4, Evaluated States: 4, Time: 0.023) Frontier Size: 0
Extracting plan with execution delta: 1.0
Problem Solved

Found Plan:
0: (validate_payload t0 a1 t1)
0: (sync_actions t0 t1 a1)
0: (reset pn)
0: (add_action a10)
0: (check_added_parameter_model a10)
0: (add_move_automata a10)
0: (stop_wait)
0: (add_action a6)
0: (check_added_parameter_model a6)
0: (add_move_automata a6)
0: (stop_wait)
0: (add_action a7)
0: (check_added_parameter_model a7)
0: (add_move_automata a7)
0: (stop_wait)
0: (add_action a8)
0: (check_added_parameter_model a8)
0: (add_move_automata a8)
0: (stop_wait)
0: (add_action a9)
0: (check_added_parameter_model a9)
0: (add_move_automata a9)
0: (stop_wait)
0: (add_action a11)
0: (check_added_parameter_model a11)
0: (add_move_automata a11)
0: (stop_wait)
0: (add_action a14)
0: (check_added_parameter_model a14)
0: (add_move_automata a14)
0: (stop_wait)
0: (add_action a2)
0: (check_added_parameter_model a2)
0: (add_move_automata a2)
0: (stop_wait)
0: (add_action a15)
0: (check_added_parameter_model a15)
0: (add_move_automata a15)
0: (stop_wait)
0: (add_action a5)
0: (check_added_parameter_model a5)
0: (add_move_automata a5)
0: (stop_wait)
0: (add_action a0)
0: (check_added_parameter_model a0)
0: (add_move_automata a0)
0: (stop_wait)
0: (add_action a1)
0: (check_added_parameter_model a1)
0: (add_move_automata a1)

Plan-Length:50
Elapsed Time: 0
Metric (Search):100.0
Planning Time (msec): 102
Heuristic Time (msec): 13
Search Time (msec): 97
Expanded Nodes:109
States Evaluated:126
Number of Dead-Ends detected:0
Number of Duplicates detected:67
/usr/bin/time -v timeout 600 java -Xmx64g -jar ./enhsp3.jar -o ./domain_framed_autonomy_process_reset.pddl -f ./problems/a20g6-prefix-non-conforming-1-a20g6_3_data/problem2.pddl -h blind -s WAStar
Domain parsed
Problem parsed
Grounding..
Grounding Time: 4699
UFX:true
|F|:13556
|X|:9
Heuristic Problem Creation
|A|:510
|P|:2
|E|:0
Delta time heuristic model:1.0
Delta time planning model:1.0
Delta time search-execution model:1.0
Delta time validation model:1
h(I):0.0
f(n) = 100.0 (Expanded Nodes: 4, Evaluated States: 4, Time: 0.019) Frontier Size: 0
Extracting plan with execution delta: 1.0
Problem Solved

Found Plan:
0: (validate_payload t0 a1 t1)
0: (sync_actions t0 t1 a1)
0: (reset pn)
0: (add_action a10)
0: (check_added_parameter_model a10)
0: (add_move_automata a10)
0: (stop_wait)
0: (add_action a6)
0: (check_added_parameter_model a6)
0: (add_move_automata a6)
0: (stop_wait)
0: (add_action a7)
0: (check_added_parameter_model a7)
0: (add_move_automata a7)
0: (stop_wait)
0: (add_action a8)
0: (check_added_parameter_model a8)
0: (add_move_automata a8)
0: (stop_wait)
0: (add_action a9)
0: (check_added_parameter_model a9)
0: (add_move_automata a9)
0: (stop_wait)
0: (add_action a11)
0: (check_added_parameter_model a11)
0: (add_move_automata a11)
0: (stop_wait)
0: (add_action a14)
0: (check_added_parameter_model a14)
0: (add_move_automata a14)
0: (stop_wait)
0: (add_action a2)
0: (check_added_parameter_model a2)
0: (add_move_automata a2)
0: (stop_wait)
0: (add_action a15)
0: (check_added_parameter_model a15)
0: (add_move_automata a15)
0: (stop_wait)
0: (add_action a5)
0: (check_added_parameter_model a5)
0: (add_move_automata a5)
0: (stop_wait)
0: (add_action a0)
0: (check_added_parameter_model a0)
0: (add_move_automata a0)
0: (stop_wait)
0: (add_action a1)
0: (check_added_parameter_model a1)
0: (add_move_automata a1)

Plan-Length:50
Elapsed Time: 0
Metric (Search):100.0
Planning Time (msec): 104
Heuristic Time (msec): 2
Search Time (msec): 88
Expanded Nodes:109
States Evaluated:126
Number of Dead-Ends detected:0
Number of Duplicates detected:67
/usr/bin/time -v timeout 600 java -Xmx64g -jar ./enhsp3.jar -o ./domain_framed_autonomy_process_reset.pddl -f ./problems/a20g6-prefix-non-conforming-1-a20g6_3_data/problem3.pddl -h blind -s WAStar
Domain parsed
Problem parsed
Grounding..
Grounding Time: 4726
UFX:true
|F|:13556
|X|:9
Heuristic Problem Creation
|A|:510
|P|:2
|E|:0
Delta time heuristic model:1.0
Delta time planning model:1.0
Delta time search-execution model:1.0
Delta time validation model:1
h(I):0.0
f(n) = 100.0 (Expanded Nodes: 4, Evaluated States: 4, Time: 0.016) Frontier Size: 0
Extracting plan with execution delta: 1.0
Problem Solved

Found Plan:
0: (validate_payload t0 a1 t1)
0: (sync_actions t0 t1 a1)
0: (reset pn)
0: (add_action a10)
0: (check_added_parameter_model a10)
0: (add_move_automata a10)
0: (stop_wait)
0: (add_action a6)
0: (check_added_parameter_model a6)
0: (add_move_automata a6)
0: (stop_wait)
0: (add_action a7)
0: (check_added_parameter_model a7)
0: (add_move_automata a7)
0: (stop_wait)
0: (add_action a8)
0: (check_added_parameter_model a8)
0: (add_move_automata a8)
0: (stop_wait)
0: (add_action a9)
0: (check_added_parameter_model a9)
0: (add_move_automata a9)
0: (stop_wait)
0: (add_action a11)
0: (check_added_parameter_model a11)
0: (add_move_automata a11)
0: (stop_wait)
0: (add_action a14)
0: (check_added_parameter_model a14)
0: (add_move_automata a14)
0: (stop_wait)
0: (add_action a2)
0: (check_added_parameter_model a2)
0: (add_move_automata a2)
0: (stop_wait)
0: (add_action a15)
0: (check_added_parameter_model a15)
0: (add_move_automata a15)
0: (stop_wait)
0: (add_action a5)
0: (check_added_parameter_model a5)
0: (add_move_automata a5)
0: (stop_wait)
0: (add_action a0)
0: (check_added_parameter_model a0)
0: (add_move_automata a0)
0: (stop_wait)
0: (add_action a1)
0: (check_added_parameter_model a1)
0: (add_move_automata a1)

Plan-Length:50
Elapsed Time: 0
Metric (Search):100.0
Planning Time (msec): 103
Heuristic Time (msec): 6
Search Time (msec): 89
Expanded Nodes:109
States Evaluated:126
Number of Dead-Ends detected:0
Number of Duplicates detected:67
/usr/bin/time -v timeout 600 java -Xmx64g -jar ./enhsp3.jar -o ./domain_framed_autonomy_process_reset.pddl -f ./problems/a20g6-prefix-non-conforming-1-a20g6_3_data/problem4.pddl -h blind -s WAStar
Domain parsed
Problem parsed
Grounding..
Grounding Time: 4846
UFX:true
|F|:13556
|X|:9
Heuristic Problem Creation
|A|:510
|P|:2
|E|:0
Delta time heuristic model:1.0
Delta time planning model:1.0
Delta time search-execution model:1.0
Delta time validation model:1
h(I):0.0
f(n) = 100.0 (Expanded Nodes: 4, Evaluated States: 4, Time: 0.026) Frontier Size: 0
Extracting plan with execution delta: 1.0
Problem Solved

Found Plan:
0: (validate_payload t0 a1 t1)
0: (sync_actions t0 t1 a1)
0: (reset pn)
0: (add_action a10)
0: (check_added_parameter_model a10)
0: (add_move_automata a10)
0: (stop_wait)
0: (add_action a6)
0: (check_added_parameter_model a6)
0: (add_move_automata a6)
0: (stop_wait)
0: (add_action a7)
0: (check_added_parameter_model a7)
0: (add_move_automata a7)
0: (stop_wait)
0: (add_action a8)
0: (check_added_parameter_model a8)
0: (add_move_automata a8)
0: (stop_wait)
0: (add_action a9)
0: (check_added_parameter_model a9)
0: (add_move_automata a9)
0: (stop_wait)
0: (add_action a11)
0: (check_added_parameter_model a11)
0: (add_move_automata a11)
0: (stop_wait)
0: (add_action a14)
0: (check_added_parameter_model a14)
0: (add_move_automata a14)
0: (stop_wait)
0: (add_action a2)
0: (check_added_parameter_model a2)
0: (add_move_automata a2)
0: (stop_wait)
0: (add_action a15)
0: (check_added_parameter_model a15)
0: (add_move_automata a15)
0: (stop_wait)
0: (add_action a5)
0: (check_added_parameter_model a5)
0: (add_move_automata a5)
0: (stop_wait)
0: (add_action a0)
0: (check_added_parameter_model a0)
0: (add_move_automata a0)
0: (stop_wait)
0: (add_action a1)
0: (check_added_parameter_model a1)
0: (add_move_automata a1)

Plan-Length:50
Elapsed Time: 0
Metric (Search):100.0
Planning Time (msec): 110
Heuristic Time (msec): 6
Search Time (msec): 97
Expanded Nodes:109
States Evaluated:126
Number of Dead-Ends detected:0
Number of Duplicates detected:67
/usr/bin/time -v timeout 600 java -Xmx64g -jar ./enhsp3.jar -o ./domain_framed_autonomy_process_reset.pddl -f ./problems/a20g6-prefix-non-conforming-1-a20g6_3_data/problem5.pddl -h blind -s WAStar
Domain parsed
Problem parsed
Grounding..
Grounding Time: 5052
UFX:true
|F|:13556
|X|:9
Heuristic Problem Creation
|A|:510
|P|:2
|E|:0
Delta time heuristic model:1.0
Delta time planning model:1.0
Delta time search-execution model:1.0
Delta time validation model:1
h(I):0.0
f(n) = 100.0 (Expanded Nodes: 4, Evaluated States: 4, Time: 0.022) Frontier Size: 0
Extracting plan with execution delta: 1.0
Problem Solved

Found Plan:
0: (validate_payload t0 a1 t1)
0: (sync_actions t0 t1 a1)
0: (reset pn)
0: (add_action a10)
0: (check_added_parameter_model a10)
0: (add_move_automata a10)
0: (stop_wait)
0: (add_action a6)
0: (check_added_parameter_model a6)
0: (add_move_automata a6)
0: (stop_wait)
0: (add_action a7)
0: (check_added_parameter_model a7)
0: (add_move_automata a7)
0: (stop_wait)
0: (add_action a8)
0: (check_added_parameter_model a8)
0: (add_move_automata a8)
0: (stop_wait)
0: (add_action a9)
0: (check_added_parameter_model a9)
0: (add_move_automata a9)
0: (stop_wait)
0: (add_action a11)
0: (check_added_parameter_model a11)
0: (add_move_automata a11)
0: (stop_wait)
0: (add_action a14)
0: (check_added_parameter_model a14)
0: (add_move_automata a14)
0: (stop_wait)
0: (add_action a2)
0: (check_added_parameter_model a2)
0: (add_move_automata a2)
0: (stop_wait)
0: (add_action a15)
0: (check_added_parameter_model a15)
0: (add_move_automata a15)
0: (stop_wait)
0: (add_action a5)
0: (check_added_parameter_model a5)
0: (add_move_automata a5)
0: (stop_wait)
0: (add_action a0)
0: (check_added_parameter_model a0)
0: (add_move_automata a0)
0: (stop_wait)
0: (add_action a1)
0: (check_added_parameter_model a1)
0: (add_move_automata a1)

Plan-Length:50
Elapsed Time: 0
Metric (Search):100.0
Planning Time (msec): 100
Heuristic Time (msec): 8
Search Time (msec): 91
Expanded Nodes:109
States Evaluated:126
Number of Dead-Ends detected:0
Number of Duplicates detected:67
/usr/bin/time -v timeout 600 java -Xmx64g -jar ./enhsp3.jar -o ./domain_framed_autonomy_process_reset.pddl -f ./problems/a20g6-prefix-non-conforming-1-a20g6_3_data/problem6.pddl -h blind -s WAStar
Domain parsed
Problem parsed
Grounding..
Grounding Time: 4773
UFX:true
|F|:13556
|X|:9
Heuristic Problem Creation
|A|:510
|P|:2
|E|:0
Delta time heuristic model:1.0
Delta time planning model:1.0
Delta time search-execution model:1.0
Delta time validation model:1
h(I):0.0
f(n) = 100.0 (Expanded Nodes: 4, Evaluated States: 4, Time: 0.024) Frontier Size: 0
Extracting plan with execution delta: 1.0
Problem Solved

Found Plan:
0: (validate_payload t0 a1 t1)
0: (sync_actions t0 t1 a1)
0: (reset pn)
0: (add_action a10)
0: (check_added_parameter_model a10)
0: (add_move_automata a10)
0: (stop_wait)
0: (add_action a6)
0: (check_added_parameter_model a6)
0: (add_move_automata a6)
0: (stop_wait)
0: (add_action a7)
0: (check_added_parameter_model a7)
0: (add_move_automata a7)
0: (stop_wait)
0: (add_action a8)
0: (check_added_parameter_model a8)
0: (add_move_automata a8)
0: (stop_wait)
0: (add_action a9)
0: (check_added_parameter_model a9)
0: (add_move_automata a9)
0: (stop_wait)
0: (add_action a11)
0: (check_added_parameter_model a11)
0: (add_move_automata a11)
0: (stop_wait)
0: (add_action a14)
0: (check_added_parameter_model a14)
0: (add_move_automata a14)
0: (stop_wait)
0: (add_action a2)
0: (check_added_parameter_model a2)
0: (add_move_automata a2)
0: (stop_wait)
0: (add_action a15)
0: (check_added_parameter_model a15)
0: (add_move_automata a15)
0: (stop_wait)
0: (add_action a5)
0: (check_added_parameter_model a5)
0: (add_move_automata a5)
0: (stop_wait)
0: (add_action a0)
0: (check_added_parameter_model a0)
0: (add_move_automata a0)
0: (stop_wait)
0: (add_action a1)
0: (check_added_parameter_model a1)
0: (add_move_automata a1)

Plan-Length:50
Elapsed Time: 0
Metric (Search):100.0
Planning Time (msec): 97
Heuristic Time (msec): 7
Search Time (msec): 91
Expanded Nodes:109
States Evaluated:126
Number of Dead-Ends detected:0
Number of Duplicates detected:67
/usr/bin/time -v timeout 600 java -Xmx64g -jar ./enhsp3.jar -o ./domain_framed_autonomy_process_reset.pddl -f ./problems/a20g6-prefix-non-conforming-1-a20g6_3_data/problem7.pddl -h blind -s WAStar
Domain parsed
Problem parsed
Grounding..
Grounding Time: 4992
UFX:true
|F|:13556
|X|:9
Heuristic Problem Creation
|A|:510
|P|:2
|E|:0
Delta time heuristic model:1.0
Delta time planning model:1.0
Delta time search-execution model:1.0
Delta time validation model:1
h(I):0.0
f(n) = 100.0 (Expanded Nodes: 4, Evaluated States: 4, Time: 0.023) Frontier Size: 0
Extracting plan with execution delta: 1.0
Problem Solved

Found Plan:
0: (validate_payload t0 a1 t1)
0: (sync_actions t0 t1 a1)
0: (reset pn)
0: (add_action a10)
0: (check_added_parameter_model a10)
0: (add_move_automata a10)
0: (stop_wait)
0: (add_action a6)
0: (check_added_parameter_model a6)
0: (add_move_automata a6)
0: (stop_wait)
0: (add_action a7)
0: (check_added_parameter_model a7)
0: (add_move_automata a7)
0: (stop_wait)
0: (add_action a8)
0: (check_added_parameter_model a8)
0: (add_move_automata a8)
0: (stop_wait)
0: (add_action a9)
0: (check_added_parameter_model a9)
0: (add_move_automata a9)
0: (stop_wait)
0: (add_action a11)
0: (check_added_parameter_model a11)
0: (add_move_automata a11)
0: (stop_wait)
0: (add_action a14)
0: (check_added_parameter_model a14)
0: (add_move_automata a14)
0: (stop_wait)
0: (add_action a2)
0: (check_added_parameter_model a2)
0: (add_move_automata a2)
0: (stop_wait)
0: (add_action a15)
0: (check_added_parameter_model a15)
0: (add_move_automata a15)
0: (stop_wait)
0: (add_action a5)
0: (check_added_parameter_model a5)
0: (add_move_automata a5)
0: (stop_wait)
0: (add_action a0)
0: (check_added_parameter_model a0)
0: (add_move_automata a0)
0: (stop_wait)
0: (add_action a1)
0: (check_added_parameter_model a1)
0: (add_move_automata a1)

Plan-Length:50
Elapsed Time: 0
Metric (Search):100.0
Planning Time (msec): 106
Heuristic Time (msec): 6
Search Time (msec): 100
Expanded Nodes:109
States Evaluated:126
Number of Dead-Ends detected:0
Number of Duplicates detected:67
/usr/bin/time -v timeout 600 java -Xmx64g -jar ./enhsp3.jar -o ./domain_framed_autonomy_process_reset.pddl -f ./problems/a20g6-prefix-non-conforming-1-a20g6_3_data/problem8.pddl -h blind -s WAStar
Domain parsed
Problem parsed
Grounding..
Grounding Time: 4924
UFX:true
|F|:13556
|X|:9
Heuristic Problem Creation
|A|:510
|P|:2
|E|:0
Delta time heuristic model:1.0
Delta time planning model:1.0
Delta time search-execution model:1.0
Delta time validation model:1
h(I):0.0
f(n) = 100.0 (Expanded Nodes: 4, Evaluated States: 4, Time: 0.019) Frontier Size: 0
Extracting plan with execution delta: 1.0
Problem Solved

Found Plan:
0: (validate_payload t0 a1 t1)
0: (sync_actions t0 t1 a1)
0: (reset pn)
0: (add_action a10)
0: (check_added_parameter_model a10)
0: (add_move_automata a10)
0: (stop_wait)
0: (add_action a6)
0: (check_added_parameter_model a6)
0: (add_move_automata a6)
0: (stop_wait)
0: (add_action a7)
0: (check_added_parameter_model a7)
0: (add_move_automata a7)
0: (stop_wait)
0: (add_action a8)
0: (check_added_parameter_model a8)
0: (add_move_automata a8)
0: (stop_wait)
0: (add_action a9)
0: (check_added_parameter_model a9)
0: (add_move_automata a9)
0: (stop_wait)
0: (add_action a11)
0: (check_added_parameter_model a11)
0: (add_move_automata a11)
0: (stop_wait)
0: (add_action a14)
0: (check_added_parameter_model a14)
0: (add_move_automata a14)
0: (stop_wait)
0: (add_action a2)
0: (check_added_parameter_model a2)
0: (add_move_automata a2)
0: (stop_wait)
0: (add_action a15)
0: (check_added_parameter_model a15)
0: (add_move_automata a15)
0: (stop_wait)
0: (add_action a5)
0: (check_added_parameter_model a5)
0: (add_move_automata a5)
0: (stop_wait)
0: (add_action a0)
0: (check_added_parameter_model a0)
0: (add_move_automata a0)
0: (stop_wait)
0: (add_action a1)
0: (check_added_parameter_model a1)
0: (add_move_automata a1)

Plan-Length:50
Elapsed Time: 0
Metric (Search):100.0
Planning Time (msec): 100
Heuristic Time (msec): 8
Search Time (msec): 88
Expanded Nodes:109
States Evaluated:126
Number of Dead-Ends detected:0
Number of Duplicates detected:67
/usr/bin/time -v timeout 600 java -Xmx64g -jar ./enhsp3.jar -o ./domain_framed_autonomy_process_reset.pddl -f ./problems/a20g6-prefix-non-conforming-1-a20g6_3_data/problem9.pddl -h blind -s WAStar
Domain parsed
Problem parsed
Grounding..
Grounding Time: 4649
UFX:true
|F|:13556
|X|:9
Heuristic Problem Creation
|A|:510
|P|:2
|E|:0
Delta time heuristic model:1.0
Delta time planning model:1.0
Delta time search-execution model:1.0
Delta time validation model:1
h(I):0.0
f(n) = 100.0 (Expanded Nodes: 4, Evaluated States: 4, Time: 0.023) Frontier Size: 0
Extracting plan with execution delta: 1.0
Problem Solved

Found Plan:
0: (validate_payload t0 a1 t1)
0: (sync_actions t0 t1 a1)
0: (reset pn)
0: (add_action a10)
0: (check_added_parameter_model a10)
0: (add_move_automata a10)
0: (stop_wait)
0: (add_action a6)
0: (check_added_parameter_model a6)
0: (add_move_automata a6)
0: (stop_wait)
0: (add_action a7)
0: (check_added_parameter_model a7)
0: (add_move_automata a7)
0: (stop_wait)
0: (add_action a8)
0: (check_added_parameter_model a8)
0: (add_move_automata a8)
0: (stop_wait)
0: (add_action a9)
0: (check_added_parameter_model a9)
0: (add_move_automata a9)
0: (stop_wait)
0: (add_action a11)
0: (check_added_parameter_model a11)
0: (add_move_automata a11)
0: (stop_wait)
0: (add_action a14)
0: (check_added_parameter_model a14)
0: (add_move_automata a14)
0: (stop_wait)
0: (add_action a2)
0: (check_added_parameter_model a2)
0: (add_move_automata a2)
0: (stop_wait)
0: (add_action a15)
0: (check_added_parameter_model a15)
0: (add_move_automata a15)
0: (stop_wait)
0: (add_action a5)
0: (check_added_parameter_model a5)
0: (add_move_automata a5)
0: (stop_wait)
0: (add_action a0)
0: (check_added_parameter_model a0)
0: (add_move_automata a0)
0: (stop_wait)
0: (add_action a1)
0: (check_added_parameter_model a1)
0: (add_move_automata a1)

Plan-Length:50
Elapsed Time: 0
Metric (Search):100.0
Planning Time (msec): 101
Heuristic Time (msec): 7
Search Time (msec): 87
Expanded Nodes:109
States Evaluated:126
Number of Dead-Ends detected:0
Number of Duplicates detected:67
/usr/bin/time -v timeout 600 java -Xmx64g -jar ./enhsp3.jar -o ./domain_framed_autonomy_process_reset.pddl -f ./problems/a20g6-prefix-non-conforming-1-a20g6_3_data/problem10.pddl -h blind -s WAStar
Domain parsed
Problem parsed
Grounding..
Grounding Time: 4942
UFX:true
|F|:13556
|X|:9
Heuristic Problem Creation
|A|:510
|P|:2
|E|:0
Delta time heuristic model:1.0
Delta time planning model:1.0
Delta time search-execution model:1.0
Delta time validation model:1
h(I):0.0
f(n) = 100.0 (Expanded Nodes: 4, Evaluated States: 4, Time: 0.021) Frontier Size: 0
Extracting plan with execution delta: 1.0
Problem Solved

Found Plan:
0: (validate_payload t0 a1 t1)
0: (sync_actions t0 t1 a1)
0: (reset pn)
0: (add_action a10)
0: (check_added_parameter_model a10)
0: (add_move_automata a10)
0: (stop_wait)
0: (add_action a6)
0: (check_added_parameter_model a6)
0: (add_move_automata a6)
0: (stop_wait)
0: (add_action a7)
0: (check_added_parameter_model a7)
0: (add_move_automata a7)
0: (stop_wait)
0: (add_action a8)
0: (check_added_parameter_model a8)
0: (add_move_automata a8)
0: (stop_wait)
0: (add_action a9)
0: (check_added_parameter_model a9)
0: (add_move_automata a9)
0: (stop_wait)
0: (add_action a11)
0: (check_added_parameter_model a11)
0: (add_move_automata a11)
0: (stop_wait)
0: (add_action a14)
0: (check_added_parameter_model a14)
0: (add_move_automata a14)
0: (stop_wait)
0: (add_action a2)
0: (check_added_parameter_model a2)
0: (add_move_automata a2)
0: (stop_wait)
0: (add_action a15)
0: (check_added_parameter_model a15)
0: (add_move_automata a15)
0: (stop_wait)
0: (add_action a5)
0: (check_added_parameter_model a5)
0: (add_move_automata a5)
0: (stop_wait)
0: (add_action a0)
0: (check_added_parameter_model a0)
0: (add_move_automata a0)
0: (stop_wait)
0: (add_action a1)
0: (check_added_parameter_model a1)
0: (add_move_automata a1)

Plan-Length:50
Elapsed Time: 0
Metric (Search):100.0
Planning Time (msec): 100
Heuristic Time (msec): 5
Search Time (msec): 85
Expanded Nodes:109
States Evaluated:126
Number of Dead-Ends detected:0
Number of Duplicates detected:67
Loading openjdk/17.0.8.1_1
  Loading requirement: glibc/2.35-aocc-3.2.0-wetwhfr
    gcc-runtime/12.1.0-gcc-12.1.0-uotjsm3 glibc/2.35-aocc-3.2.0-dkzxmta
	Command being timed: "timeout 600 java -Xmx64g -jar ./enhsp3.jar -o ./domain_framed_autonomy_process_reset.pddl -f ./problems/a20g6-prefix-non-conforming-1-a20g6_3_data/problem1.pddl -h blind -s WAStar -dap -dl 1500"
	User time (seconds): 10.51
	System time (seconds): 0.57
	Percent of CPU this job got: 99%
	Elapsed (wall clock) time (h:mm:ss or m:ss): 0:11.13
	Average shared text size (kbytes): 0
	Average unshared data size (kbytes): 0
	Average stack size (kbytes): 0
	Average total size (kbytes): 0
	Maximum resident set size (kbytes): 1142844
	Average resident set size (kbytes): 0
	Major (requiring I/O) page faults: 0
	Minor (reclaiming a frame) page faults: 535120
	Voluntary context switches: 2780
	Involuntary context switches: 3559
	Swaps: 0
	File system inputs: 0
	File system outputs: 128
	Socket messages sent: 0
	Socket messages received: 0
	Signals delivered: 0
	Page size (bytes): 4096
	Exit status: 0
	Command being timed: "timeout 600 java -Xmx64g -jar ./enhsp3.jar -o ./domain_framed_autonomy_process_reset.pddl -f ./problems/a20g6-prefix-non-conforming-1-a20g6_3_data/problem2.pddl -h blind -s WAStar -dap -dl 1500"
	User time (seconds): 9.64
	System time (seconds): 0.56
	Percent of CPU this job got: 99%
	Elapsed (wall clock) time (h:mm:ss or m:ss): 0:10.23
	Average shared text size (kbytes): 0
	Average unshared data size (kbytes): 0
	Average stack size (kbytes): 0
	Average total size (kbytes): 0
	Maximum resident set size (kbytes): 1141420
	Average resident set size (kbytes): 0
	Major (requiring I/O) page faults: 0
	Minor (reclaiming a frame) page faults: 530366
	Voluntary context switches: 2635
	Involuntary context switches: 3111
	Swaps: 0
	File system inputs: 0
	File system outputs: 136
	Socket messages sent: 0
	Socket messages received: 0
	Signals delivered: 0
	Page size (bytes): 4096
	Exit status: 0
	Command being timed: "timeout 600 java -Xmx64g -jar ./enhsp3.jar -o ./domain_framed_autonomy_process_reset.pddl -f ./problems/a20g6-prefix-non-conforming-1-a20g6_3_data/problem3.pddl -h blind -s WAStar -dap -dl 1500"
	User time (seconds): 9.68
	System time (seconds): 0.59
	Percent of CPU this job got: 99%
	Elapsed (wall clock) time (h:mm:ss or m:ss): 0:10.30
	Average shared text size (kbytes): 0
	Average unshared data size (kbytes): 0
	Average stack size (kbytes): 0
	Average total size (kbytes): 0
	Maximum resident set size (kbytes): 1134064
	Average resident set size (kbytes): 0
	Major (requiring I/O) page faults: 0
	Minor (reclaiming a frame) page faults: 532616
	Voluntary context switches: 2634
	Involuntary context switches: 3247
	Swaps: 0
	File system inputs: 0
	File system outputs: 128
	Socket messages sent: 0
	Socket messages received: 0
	Signals delivered: 0
	Page size (bytes): 4096
	Exit status: 0
	Command being timed: "timeout 600 java -Xmx64g -jar ./enhsp3.jar -o ./domain_framed_autonomy_process_reset.pddl -f ./problems/a20g6-prefix-non-conforming-1-a20g6_3_data/problem4.pddl -h blind -s WAStar -dap -dl 1500"
	User time (seconds): 9.81
	System time (seconds): 0.60
	Percent of CPU this job got: 99%
	Elapsed (wall clock) time (h:mm:ss or m:ss): 0:10.44
	Average shared text size (kbytes): 0
	Average unshared data size (kbytes): 0
	Average stack size (kbytes): 0
	Average total size (kbytes): 0
	Maximum resident set size (kbytes): 1142632
	Average resident set size (kbytes): 0
	Major (requiring I/O) page faults: 0
	Minor (reclaiming a frame) page faults: 531760
	Voluntary context switches: 2784
	Involuntary context switches: 3305
	Swaps: 0
	File system inputs: 0
	File system outputs: 128
	Socket messages sent: 0
	Socket messages received: 0
	Signals delivered: 0
	Page size (bytes): 4096
	Exit status: 0
	Command being timed: "timeout 600 java -Xmx64g -jar ./enhsp3.jar -o ./domain_framed_autonomy_process_reset.pddl -f ./problems/a20g6-prefix-non-conforming-1-a20g6_3_data/problem5.pddl -h blind -s WAStar -dap -dl 1500"
	User time (seconds): 9.93
	System time (seconds): 0.57
	Percent of CPU this job got: 99%
	Elapsed (wall clock) time (h:mm:ss or m:ss): 0:10.54
	Average shared text size (kbytes): 0
	Average unshared data size (kbytes): 0
	Average stack size (kbytes): 0
	Average total size (kbytes): 0
	Maximum resident set size (kbytes): 1140488
	Average resident set size (kbytes): 0
	Major (requiring I/O) page faults: 0
	Minor (reclaiming a frame) page faults: 538404
	Voluntary context switches: 2714
	Involuntary context switches: 3349
	Swaps: 0
	File system inputs: 0
	File system outputs: 128
	Socket messages sent: 0
	Socket messages received: 0
	Signals delivered: 0
	Page size (bytes): 4096
	Exit status: 0
	Command being timed: "timeout 600 java -Xmx64g -jar ./enhsp3.jar -o ./domain_framed_autonomy_process_reset.pddl -f ./problems/a20g6-prefix-non-conforming-1-a20g6_3_data/problem6.pddl -h blind -s WAStar -dap -dl 1500"
	User time (seconds): 9.72
	System time (seconds): 0.57
	Percent of CPU this job got: 99%
	Elapsed (wall clock) time (h:mm:ss or m:ss): 0:10.33
	Average shared text size (kbytes): 0
	Average unshared data size (kbytes): 0
	Average stack size (kbytes): 0
	Average total size (kbytes): 0
	Maximum resident set size (kbytes): 1139152
	Average resident set size (kbytes): 0
	Major (requiring I/O) page faults: 0
	Minor (reclaiming a frame) page faults: 532701
	Voluntary context switches: 2770
	Involuntary context switches: 3304
	Swaps: 0
	File system inputs: 0
	File system outputs: 136
	Socket messages sent: 0
	Socket messages received: 0
	Signals delivered: 0
	Page size (bytes): 4096
	Exit status: 0
	Command being timed: "timeout 600 java -Xmx64g -jar ./enhsp3.jar -o ./domain_framed_autonomy_process_reset.pddl -f ./problems/a20g6-prefix-non-conforming-1-a20g6_3_data/problem7.pddl -h blind -s WAStar -dap -dl 1500"
	User time (seconds): 9.87
	System time (seconds): 0.60
	Percent of CPU this job got: 99%
	Elapsed (wall clock) time (h:mm:ss or m:ss): 0:10.52
	Average shared text size (kbytes): 0
	Average unshared data size (kbytes): 0
	Average stack size (kbytes): 0
	Average total size (kbytes): 0
	Maximum resident set size (kbytes): 1139464
	Average resident set size (kbytes): 0
	Major (requiring I/O) page faults: 0
	Minor (reclaiming a frame) page faults: 538260
	Voluntary context switches: 2755
	Involuntary context switches: 3376
	Swaps: 0
	File system inputs: 0
	File system outputs: 120
	Socket messages sent: 0
	Socket messages received: 0
	Signals delivered: 0
	Page size (bytes): 4096
	Exit status: 0
	Command being timed: "timeout 600 java -Xmx64g -jar ./enhsp3.jar -o ./domain_framed_autonomy_process_reset.pddl -f ./problems/a20g6-prefix-non-conforming-1-a20g6_3_data/problem8.pddl -h blind -s WAStar -dap -dl 1500"
	User time (seconds): 9.79
	System time (seconds): 0.62
	Percent of CPU this job got: 99%
	Elapsed (wall clock) time (h:mm:ss or m:ss): 0:10.44
	Average shared text size (kbytes): 0
	Average unshared data size (kbytes): 0
	Average stack size (kbytes): 0
	Average total size (kbytes): 0
	Maximum resident set size (kbytes): 1143984
	Average resident set size (kbytes): 0
	Major (requiring I/O) page faults: 0
	Minor (reclaiming a frame) page faults: 540198
	Voluntary context switches: 2873
	Involuntary context switches: 3403
	Swaps: 0
	File system inputs: 0
	File system outputs: 128
	Socket messages sent: 0
	Socket messages received: 0
	Signals delivered: 0
	Page size (bytes): 4096
	Exit status: 0
	Command being timed: "timeout 600 java -Xmx64g -jar ./enhsp3.jar -o ./domain_framed_autonomy_process_reset.pddl -f ./problems/a20g6-prefix-non-conforming-1-a20g6_3_data/problem9.pddl -h blind -s WAStar -dap -dl 1500"
	User time (seconds): 9.47
	System time (seconds): 0.57
	Percent of CPU this job got: 99%
	Elapsed (wall clock) time (h:mm:ss or m:ss): 0:10.09
	Average shared text size (kbytes): 0
	Average unshared data size (kbytes): 0
	Average stack size (kbytes): 0
	Average total size (kbytes): 0
	Maximum resident set size (kbytes): 1141036
	Average resident set size (kbytes): 0
	Major (requiring I/O) page faults: 0
	Minor (reclaiming a frame) page faults: 532702
	Voluntary context switches: 2758
	Involuntary context switches: 3204
	Swaps: 0
	File system inputs: 0
	File system outputs: 128
	Socket messages sent: 0
	Socket messages received: 0
	Signals delivered: 0
	Page size (bytes): 4096
	Exit status: 0
	Command being timed: "timeout 600 java -Xmx64g -jar ./enhsp3.jar -o ./domain_framed_autonomy_process_reset.pddl -f ./problems/a20g6-prefix-non-conforming-1-a20g6_3_data/problem10.pddl -h blind -s WAStar -dap -dl 1500"
	User time (seconds): 9.88
	System time (seconds): 0.58
	Percent of CPU this job got: 99%
	Elapsed (wall clock) time (h:mm:ss or m:ss): 0:10.48
	Average shared text size (kbytes): 0
	Average unshared data size (kbytes): 0
	Average stack size (kbytes): 0
	Average total size (kbytes): 0
	Maximum resident set size (kbytes): 1139812
	Average resident set size (kbytes): 0
	Major (requiring I/O) page faults: 0
	Minor (reclaiming a frame) page faults: 531170
	Voluntary context switches: 2757
	Involuntary context switches: 3343
	Swaps: 0
	File system inputs: 0
	File system outputs: 136
	Socket messages sent: 0
	Socket messages received: 0
	Signals delivered: 0
	Page size (bytes): 4096
	Exit status: 0
