/usr/bin/time -v timeout 600 java -Xmx64g -jar ./enhsp3.jar -o ./domain_framed_autonomy_process_reset.pddl -f ./problems/a40g17AND-prefix-1-a40g17AND_5_timed_data/problem1.pddl -h blind -s WAStar
Domain parsed
Problem parsed
Grounding..
Grounding Time: 185825
UFX:true
|F|:399483
|X|:17
Heuristic Problem Creation
|A|:2914
|P|:2
|E|:0
Delta time heuristic model:1.0
Delta time planning model:1.0
Delta time search-execution model:1.0
Delta time validation model:1
h(I):0.0
Extracting plan with execution delta: 1.0
Problem Solved

Found Plan:
0: (validate_payload t0 a24 t1)
0: (sync_actions t0 t1 a24)
0: (add_action a19)
0: (check_added_parameter_model a19)
0: (add_move_automata a19)
0: (stop_wait)
0: (add_action a21)
0: (check_added_parameter_model a21)
0: (add_move_automata a21)
0: (stop_wait)
0: (add_action a22)
0: (check_added_parameter_model a22)
0: (add_move_automata a22)
0: (stop_wait)
0: (add_action a23)
0: (check_added_parameter_model a23)
0: (add_move_automata a23)
0: (stop_wait)
0: (add_action a25)
0: (check_added_parameter_model a25)
0: (add_move_automata a25)
0: (stop_wait)
0: (add_action a4)
0: (check_added_parameter_model a4)
0: (add_move_automata a4)
0: (stop_wait)
0: (add_action a47)
0: (check_added_parameter_model a47)
0: (add_move_automata a47)
0: (stop_wait)
0: (add_action a9)
0: (check_added_parameter_model a9)
0: (add_move_automata a9)
0: (stop_wait)
0: (add_action a16)
0: (check_added_parameter_model a16)
0: (add_move_automata a16)
0: (stop_wait)
0: (add_action a36)
0: (check_added_parameter_model a36)
0: (add_move_automata a36)
0: (stop_wait)
0: (add_action a8)
0: (check_added_parameter_model a8)
0: (add_move_automata a8)
0: (stop_wait)
0: (add_action a5)
0: (check_added_parameter_model a5)
0: (add_move_automata a5)
0: (stop_wait)
0: (add_action a6)
0: (check_added_parameter_model a6)
0: (add_move_automata a6)
0: (stop_wait)
0: (add_action a29)
0: (check_added_parameter_model a29)
0: (add_move_automata a29)
0: (stop_wait)
0: (add_action a7)
0: (check_added_parameter_model a7)
0: (add_move_automata a7)
0: (stop_wait)
0: (add_action a2)
0: (check_added_parameter_model a2)
0: (add_move_automata a2)
0: (stop_wait)
0: (add_action a35)
0: (check_added_parameter_model a35)
0: (add_move_automata a35)

Plan-Length:69
Elapsed Time: 0
Metric (Search):0.0
Planning Time (msec): 155
Heuristic Time (msec): 6
Search Time (msec): 150
Expanded Nodes:329
States Evaluated:392
Number of Dead-Ends detected:0
Number of Duplicates detected:205
/usr/bin/time -v timeout 600 java -Xmx64g -jar ./enhsp3.jar -o ./domain_framed_autonomy_process_reset.pddl -f ./problems/a40g17AND-prefix-1-a40g17AND_5_timed_data/problem2.pddl -h blind -s WAStar
Domain parsed
Problem parsed
Grounding..
Grounding Time: 188136
UFX:true
|F|:399483
|X|:17
Heuristic Problem Creation
|A|:2914
|P|:2
|E|:0
Delta time heuristic model:1.0
Delta time planning model:1.0
Delta time search-execution model:1.0
Delta time validation model:1
h(I):0.0
Extracting plan with execution delta: 1.0
Problem Solved

Found Plan:
0: (validate_payload t0 a24 t1)
0: (sync_actions t0 t1 a24)
0: (add_action a19)
0: (check_added_parameter_model a19)
0: (add_move_automata a19)
0: (stop_wait)
0: (add_action a21)
0: (check_added_parameter_model a21)
0: (add_move_automata a21)
0: (stop_wait)
0: (add_action a22)
0: (check_added_parameter_model a22)
0: (add_move_automata a22)
0: (stop_wait)
0: (add_action a23)
0: (check_added_parameter_model a23)
0: (add_move_automata a23)
0: (stop_wait)
0: (add_action a25)
0: (check_added_parameter_model a25)
0: (add_move_automata a25)
0: (stop_wait)
0: (add_action a4)
0: (check_added_parameter_model a4)
0: (add_move_automata a4)
0: (stop_wait)
0: (add_action a47)
0: (check_added_parameter_model a47)
0: (add_move_automata a47)
0: (stop_wait)
0: (add_action a9)
0: (check_added_parameter_model a9)
0: (add_move_automata a9)
0: (stop_wait)
0: (add_action a16)
0: (check_added_parameter_model a16)
0: (add_move_automata a16)
0: (stop_wait)
0: (add_action a36)
0: (check_added_parameter_model a36)
0: (add_move_automata a36)
0: (stop_wait)
0: (add_action a8)
0: (check_added_parameter_model a8)
0: (add_move_automata a8)
0: (stop_wait)
0: (add_action a5)
0: (check_added_parameter_model a5)
0: (add_move_automata a5)
0: (stop_wait)
0: (add_action a6)
0: (check_added_parameter_model a6)
0: (add_move_automata a6)
0: (stop_wait)
0: (add_action a29)
0: (check_added_parameter_model a29)
0: (add_move_automata a29)
0: (stop_wait)
0: (add_action a7)
0: (check_added_parameter_model a7)
0: (add_move_automata a7)
0: (stop_wait)
0: (add_action a2)
0: (check_added_parameter_model a2)
0: (add_move_automata a2)
0: (stop_wait)
0: (add_action a35)
0: (check_added_parameter_model a35)
0: (add_move_automata a35)

Plan-Length:69
Elapsed Time: 0
Metric (Search):0.0
Planning Time (msec): 177
Heuristic Time (msec): 9
Search Time (msec): 169
Expanded Nodes:329
States Evaluated:392
Number of Dead-Ends detected:0
Number of Duplicates detected:205
/usr/bin/time -v timeout 600 java -Xmx64g -jar ./enhsp3.jar -o ./domain_framed_autonomy_process_reset.pddl -f ./problems/a40g17AND-prefix-1-a40g17AND_5_timed_data/problem3.pddl -h blind -s WAStar
Domain parsed
Problem parsed
Grounding..
Grounding Time: 183560
UFX:true
|F|:399483
|X|:17
Heuristic Problem Creation
|A|:2914
|P|:2
|E|:0
Delta time heuristic model:1.0
Delta time planning model:1.0
Delta time search-execution model:1.0
Delta time validation model:1
h(I):0.0
Extracting plan with execution delta: 1.0
Problem Solved

Found Plan:
0: (validate_payload t0 a24 t1)
0: (sync_actions t0 t1 a24)
0: (add_action a19)
0: (check_added_parameter_model a19)
0: (add_move_automata a19)
0: (stop_wait)
0: (add_action a21)
0: (check_added_parameter_model a21)
0: (add_move_automata a21)
0: (stop_wait)
0: (add_action a22)
0: (check_added_parameter_model a22)
0: (add_move_automata a22)
0: (stop_wait)
0: (add_action a23)
0: (check_added_parameter_model a23)
0: (add_move_automata a23)
0: (stop_wait)
0: (add_action a25)
0: (check_added_parameter_model a25)
0: (add_move_automata a25)
0: (stop_wait)
0: (add_action a4)
0: (check_added_parameter_model a4)
0: (add_move_automata a4)
0: (stop_wait)
0: (add_action a47)
0: (check_added_parameter_model a47)
0: (add_move_automata a47)
0: (stop_wait)
0: (add_action a9)
0: (check_added_parameter_model a9)
0: (add_move_automata a9)
0: (stop_wait)
0: (add_action a16)
0: (check_added_parameter_model a16)
0: (add_move_automata a16)
0: (stop_wait)
0: (add_action a36)
0: (check_added_parameter_model a36)
0: (add_move_automata a36)
0: (stop_wait)
0: (add_action a8)
0: (check_added_parameter_model a8)
0: (add_move_automata a8)
0: (stop_wait)
0: (add_action a5)
0: (check_added_parameter_model a5)
0: (add_move_automata a5)
0: (stop_wait)
0: (add_action a6)
0: (check_added_parameter_model a6)
0: (add_move_automata a6)
0: (stop_wait)
0: (add_action a29)
0: (check_added_parameter_model a29)
0: (add_move_automata a29)
0: (stop_wait)
0: (add_action a7)
0: (check_added_parameter_model a7)
0: (add_move_automata a7)
0: (stop_wait)
0: (add_action a2)
0: (check_added_parameter_model a2)
0: (add_move_automata a2)
0: (stop_wait)
0: (add_action a35)
0: (check_added_parameter_model a35)
0: (add_move_automata a35)

Plan-Length:69
Elapsed Time: 0
Metric (Search):0.0
Planning Time (msec): 180
Heuristic Time (msec): 7
Search Time (msec): 169
Expanded Nodes:329
States Evaluated:392
Number of Dead-Ends detected:0
Number of Duplicates detected:205
/usr/bin/time -v timeout 600 java -Xmx64g -jar ./enhsp3.jar -o ./domain_framed_autonomy_process_reset.pddl -f ./problems/a40g17AND-prefix-1-a40g17AND_5_timed_data/problem4.pddl -h blind -s WAStar
Domain parsed
Problem parsed
Grounding..
Grounding Time: 186835
UFX:true
|F|:399483
|X|:17
Heuristic Problem Creation
|A|:2914
|P|:2
|E|:0
Delta time heuristic model:1.0
Delta time planning model:1.0
Delta time search-execution model:1.0
Delta time validation model:1
h(I):0.0
Extracting plan with execution delta: 1.0
Problem Solved

Found Plan:
0: (validate_payload t0 a24 t1)
0: (sync_actions t0 t1 a24)
0: (add_action a19)
0: (check_added_parameter_model a19)
0: (add_move_automata a19)
0: (stop_wait)
0: (add_action a21)
0: (check_added_parameter_model a21)
0: (add_move_automata a21)
0: (stop_wait)
0: (add_action a22)
0: (check_added_parameter_model a22)
0: (add_move_automata a22)
0: (stop_wait)
0: (add_action a23)
0: (check_added_parameter_model a23)
0: (add_move_automata a23)
0: (stop_wait)
0: (add_action a25)
0: (check_added_parameter_model a25)
0: (add_move_automata a25)
0: (stop_wait)
0: (add_action a4)
0: (check_added_parameter_model a4)
0: (add_move_automata a4)
0: (stop_wait)
0: (add_action a47)
0: (check_added_parameter_model a47)
0: (add_move_automata a47)
0: (stop_wait)
0: (add_action a9)
0: (check_added_parameter_model a9)
0: (add_move_automata a9)
0: (stop_wait)
0: (add_action a16)
0: (check_added_parameter_model a16)
0: (add_move_automata a16)
0: (stop_wait)
0: (add_action a36)
0: (check_added_parameter_model a36)
0: (add_move_automata a36)
0: (stop_wait)
0: (add_action a8)
0: (check_added_parameter_model a8)
0: (add_move_automata a8)
0: (stop_wait)
0: (add_action a5)
0: (check_added_parameter_model a5)
0: (add_move_automata a5)
0: (stop_wait)
0: (add_action a6)
0: (check_added_parameter_model a6)
0: (add_move_automata a6)
0: (stop_wait)
0: (add_action a29)
0: (check_added_parameter_model a29)
0: (add_move_automata a29)
0: (stop_wait)
0: (add_action a7)
0: (check_added_parameter_model a7)
0: (add_move_automata a7)
0: (stop_wait)
0: (add_action a2)
0: (check_added_parameter_model a2)
0: (add_move_automata a2)
0: (stop_wait)
0: (add_action a35)
0: (check_added_parameter_model a35)
0: (add_move_automata a35)

Plan-Length:69
Elapsed Time: 0
Metric (Search):0.0
Planning Time (msec): 158
Heuristic Time (msec): 6
Search Time (msec): 149
Expanded Nodes:329
States Evaluated:392
Number of Dead-Ends detected:0
Number of Duplicates detected:205
/usr/bin/time -v timeout 600 java -Xmx64g -jar ./enhsp3.jar -o ./domain_framed_autonomy_process_reset.pddl -f ./problems/a40g17AND-prefix-1-a40g17AND_5_timed_data/problem5.pddl -h blind -s WAStar
Domain parsed
Problem parsed
Grounding..
Grounding Time: 188284
UFX:true
|F|:399483
|X|:17
Heuristic Problem Creation
|A|:2914
|P|:2
|E|:0
Delta time heuristic model:1.0
Delta time planning model:1.0
Delta time search-execution model:1.0
Delta time validation model:1
h(I):0.0
Extracting plan with execution delta: 1.0
Problem Solved

Found Plan:
0: (validate_payload t0 a24 t1)
0: (sync_actions t0 t1 a24)
0: (add_action a19)
0: (add_parameter a19 sDEC5_2 categorical c1)
0: (check_added_parameter_model a19)
0: (add_move_automata a19)
0: (stop_wait)
0: (add_action a21)
0: (check_added_parameter_model a21)
0: (add_move_automata a21)
0: (stop_wait)
0: (add_action a22)
0: (check_added_parameter_model a22)
0: (add_move_automata a22)
0: (stop_wait)
0: (add_action a23)
0: (check_added_parameter_model a23)
0: (add_move_automata a23)
0: (stop_wait)
0: (add_action a25)
0: (check_added_parameter_model a25)
0: (add_move_automata a25)
0: (stop_wait)
0: (add_action a4)
0: (check_added_parameter_model a4)
0: (add_move_automata a4)
0: (stop_wait)
0: (add_action a47)
0: (check_added_parameter_model a47)
0: (add_move_automata a47)
0: (stop_wait)
0: (add_action a16)
0: (check_added_parameter_model a16)
0: (add_move_automata a16)
0: (stop_wait)
0: (add_action a9)
0: (check_added_parameter_model a9)
0: (add_move_automata a9)
0: (stop_wait)
0: (add_action a36)
0: (check_added_parameter_model a36)
0: (add_move_automata a36)
0: (stop_wait)
0: (add_action a8)
0: (check_added_parameter_model a8)
0: (add_move_automata a8)
0: (stop_wait)
0: (add_action a51)
0: (check_added_parameter_model a51)
0: (add_move_automata a51)
0: (stop_wait)
0: (add_action a17)
0: (check_added_parameter_model a17)
0: (add_move_automata a17)
0: (stop_wait)
0: (add_action a40)
0: (check_added_parameter_model a40)
0: (add_move_automata a40)
0: (stop_wait)
0: (add_action a46)
0: (check_added_parameter_model a46)
0: (add_move_automata a46)
0: (stop_wait)
0: (add_action a13)
0: (check_added_parameter_model a13)
0: (add_move_automata a13)
0: (stop_wait)
0: (add_action a42)
0: (check_added_parameter_model a42)
0: (add_move_automata a42)
0: (stop_wait)
0: (add_action a43)
0: (check_added_parameter_model a43)
0: (add_move_automata a43)
0: (stop_wait)
0: (add_action a12)
0: (check_added_parameter_model a12)
0: (add_move_automata a12)
0: (stop_wait)
0: (add_action a39)
0: (check_added_parameter_model a39)
0: (add_move_automata a39)
0: (stop_wait)
0: (add_action a11)
0: (check_added_parameter_model a11)
0: (add_move_automata a11)
0: (stop_wait)
0: (add_action a48)
0: (check_added_parameter_model a48)
0: (add_move_automata a48)
0: (stop_wait)
0: (add_action a29)
0: (check_added_parameter_model a29)
0: (add_move_automata a29)
0: (stop_wait)
0: (add_action a7)
0: (check_added_parameter_model a7)
0: (add_move_automata a7)
0: (stop_wait)
0: (add_action a2)
0: (check_added_parameter_model a2)
0: (add_move_automata a2)
0: (stop_wait)
0: (add_action a35)
0: (check_added_parameter_model a35)
0: (add_move_automata a35)

Plan-Length:106
Elapsed Time: 0
Metric (Search):0.0
Planning Time (msec): 240
Heuristic Time (msec): 3
Search Time (msec): 225
Expanded Nodes:516
States Evaluated:676
Number of Dead-Ends detected:0
Number of Duplicates detected:451
/usr/bin/time -v timeout 600 java -Xmx64g -jar ./enhsp3.jar -o ./domain_framed_autonomy_process_reset.pddl -f ./problems/a40g17AND-prefix-1-a40g17AND_5_timed_data/problem6.pddl -h blind -s WAStar
Domain parsed
Problem parsed
Grounding..
Grounding Time: 184541
UFX:true
|F|:399483
|X|:17
Heuristic Problem Creation
|A|:2914
|P|:2
|E|:0
Delta time heuristic model:1.0
Delta time planning model:1.0
Delta time search-execution model:1.0
Delta time validation model:1
h(I):0.0
Extracting plan with execution delta: 1.0
Problem Solved

Found Plan:
0: (validate_payload t0 a24 t1)
0: (sync_actions t0 t1 a24)
0: (add_action a19)
0: (check_added_parameter_model a19)
0: (add_move_automata a19)
0: (stop_wait)
0: (add_action a21)
0: (check_added_parameter_model a21)
0: (add_move_automata a21)
0: (stop_wait)
0: (add_action a22)
0: (check_added_parameter_model a22)
0: (add_move_automata a22)
0: (stop_wait)
0: (add_action a23)
0: (check_added_parameter_model a23)
0: (add_move_automata a23)
0: (stop_wait)
0: (add_action a25)
0: (check_added_parameter_model a25)
0: (add_move_automata a25)
0: (stop_wait)
0: (add_action a4)
0: (check_added_parameter_model a4)
0: (add_move_automata a4)
0: (stop_wait)
0: (add_action a47)
0: (check_added_parameter_model a47)
0: (add_move_automata a47)
0: (stop_wait)
0: (add_action a9)
0: (check_added_parameter_model a9)
0: (add_move_automata a9)
0: (stop_wait)
0: (add_action a16)
0: (check_added_parameter_model a16)
0: (add_move_automata a16)
0: (stop_wait)
0: (add_action a36)
0: (check_added_parameter_model a36)
0: (add_move_automata a36)
0: (stop_wait)
0: (add_action a8)
0: (check_added_parameter_model a8)
0: (add_move_automata a8)
0: (stop_wait)
0: (add_action a5)
0: (check_added_parameter_model a5)
0: (add_move_automata a5)
0: (stop_wait)
0: (add_action a6)
0: (check_added_parameter_model a6)
0: (add_move_automata a6)
0: (stop_wait)
0: (add_action a29)
0: (check_added_parameter_model a29)
0: (add_move_automata a29)
0: (stop_wait)
0: (add_action a7)
0: (check_added_parameter_model a7)
0: (add_move_automata a7)
0: (stop_wait)
0: (add_action a2)
0: (check_added_parameter_model a2)
0: (add_move_automata a2)
0: (stop_wait)
0: (add_action a35)
0: (check_added_parameter_model a35)
0: (add_move_automata a35)

Plan-Length:69
Elapsed Time: 0
Metric (Search):0.0
Planning Time (msec): 196
Heuristic Time (msec): 9
Search Time (msec): 181
Expanded Nodes:329
States Evaluated:392
Number of Dead-Ends detected:0
Number of Duplicates detected:205
/usr/bin/time -v timeout 600 java -Xmx64g -jar ./enhsp3.jar -o ./domain_framed_autonomy_process_reset.pddl -f ./problems/a40g17AND-prefix-1-a40g17AND_5_timed_data/problem7.pddl -h blind -s WAStar
Domain parsed
Problem parsed
Grounding..
Grounding Time: 187224
UFX:true
|F|:399483
|X|:17
Heuristic Problem Creation
|A|:2914
|P|:2
|E|:0
Delta time heuristic model:1.0
Delta time planning model:1.0
Delta time search-execution model:1.0
Delta time validation model:1
h(I):0.0
Extracting plan with execution delta: 1.0
Problem Solved

Found Plan:
0: (validate_payload t0 a24 t1)
0: (sync_actions t0 t1 a24)
0: (add_action a19)
0: (check_added_parameter_model a19)
0: (add_move_automata a19)
0: (stop_wait)
0: (add_action a21)
0: (check_added_parameter_model a21)
0: (add_move_automata a21)
0: (stop_wait)
0: (add_action a22)
0: (check_added_parameter_model a22)
0: (add_move_automata a22)
0: (stop_wait)
0: (add_action a23)
0: (check_added_parameter_model a23)
0: (add_move_automata a23)
0: (stop_wait)
0: (add_action a25)
0: (check_added_parameter_model a25)
0: (add_move_automata a25)
0: (stop_wait)
0: (add_action a4)
0: (check_added_parameter_model a4)
0: (add_move_automata a4)
0: (stop_wait)
0: (add_action a47)
0: (check_added_parameter_model a47)
0: (add_move_automata a47)
0: (stop_wait)
0: (add_action a9)
0: (check_added_parameter_model a9)
0: (add_move_automata a9)
0: (stop_wait)
0: (add_action a16)
0: (check_added_parameter_model a16)
0: (add_move_automata a16)
0: (stop_wait)
0: (add_action a36)
0: (check_added_parameter_model a36)
0: (add_move_automata a36)
0: (stop_wait)
0: (add_action a8)
0: (check_added_parameter_model a8)
0: (add_move_automata a8)
0: (stop_wait)
0: (add_action a5)
0: (check_added_parameter_model a5)
0: (add_move_automata a5)
0: (stop_wait)
0: (add_action a6)
0: (check_added_parameter_model a6)
0: (add_move_automata a6)
0: (stop_wait)
0: (add_action a29)
0: (check_added_parameter_model a29)
0: (add_move_automata a29)
0: (stop_wait)
0: (add_action a7)
0: (check_added_parameter_model a7)
0: (add_move_automata a7)
0: (stop_wait)
0: (add_action a2)
0: (check_added_parameter_model a2)
0: (add_move_automata a2)
0: (stop_wait)
0: (add_action a35)
0: (check_added_parameter_model a35)
0: (add_move_automata a35)

Plan-Length:69
Elapsed Time: 0
Metric (Search):0.0
Planning Time (msec): 175
Heuristic Time (msec): 1
Search Time (msec): 167
Expanded Nodes:329
States Evaluated:392
Number of Dead-Ends detected:0
Number of Duplicates detected:205
/usr/bin/time -v timeout 600 java -Xmx64g -jar ./enhsp3.jar -o ./domain_framed_autonomy_process_reset.pddl -f ./problems/a40g17AND-prefix-1-a40g17AND_5_timed_data/problem8.pddl -h blind -s WAStar
Domain parsed
Problem parsed
Grounding..
Grounding Time: 190011
UFX:true
|F|:399483
|X|:17
Heuristic Problem Creation
|A|:2914
|P|:2
|E|:0
Delta time heuristic model:1.0
Delta time planning model:1.0
Delta time search-execution model:1.0
Delta time validation model:1
h(I):0.0
Extracting plan with execution delta: 1.0
Problem Solved

Found Plan:
0: (validate_payload t0 a24 t1)
0: (sync_actions t0 t1 a24)
0: (add_action a19)
0: (check_added_parameter_model a19)
0: (add_move_automata a19)
0: (stop_wait)
0: (add_action a21)
0: (check_added_parameter_model a21)
0: (add_move_automata a21)
0: (stop_wait)
0: (add_action a22)
0: (check_added_parameter_model a22)
0: (add_move_automata a22)
0: (stop_wait)
0: (add_action a23)
0: (check_added_parameter_model a23)
0: (add_move_automata a23)
0: (stop_wait)
0: (add_action a25)
0: (check_added_parameter_model a25)
0: (add_move_automata a25)
0: (stop_wait)
0: (add_action a4)
0: (check_added_parameter_model a4)
0: (add_move_automata a4)
0: (stop_wait)
0: (add_action a47)
0: (check_added_parameter_model a47)
0: (add_move_automata a47)
0: (stop_wait)
0: (add_action a9)
0: (check_added_parameter_model a9)
0: (add_move_automata a9)
0: (stop_wait)
0: (add_action a16)
0: (check_added_parameter_model a16)
0: (add_move_automata a16)
0: (stop_wait)
0: (add_action a36)
0: (check_added_parameter_model a36)
0: (add_move_automata a36)
0: (stop_wait)
0: (add_action a8)
0: (check_added_parameter_model a8)
0: (add_move_automata a8)
0: (stop_wait)
0: (add_action a5)
0: (check_added_parameter_model a5)
0: (add_move_automata a5)
0: (stop_wait)
0: (add_action a6)
0: (check_added_parameter_model a6)
0: (add_move_automata a6)
0: (stop_wait)
0: (add_action a29)
0: (check_added_parameter_model a29)
0: (add_move_automata a29)
0: (stop_wait)
0: (add_action a7)
0: (check_added_parameter_model a7)
0: (add_move_automata a7)
0: (stop_wait)
0: (add_action a2)
0: (check_added_parameter_model a2)
0: (add_move_automata a2)
0: (stop_wait)
0: (add_action a35)
0: (check_added_parameter_model a35)
0: (add_move_automata a35)

Plan-Length:69
Elapsed Time: 0
Metric (Search):0.0
Planning Time (msec): 172
Heuristic Time (msec): 3
Search Time (msec): 161
Expanded Nodes:329
States Evaluated:392
Number of Dead-Ends detected:0
Number of Duplicates detected:205
/usr/bin/time -v timeout 600 java -Xmx64g -jar ./enhsp3.jar -o ./domain_framed_autonomy_process_reset.pddl -f ./problems/a40g17AND-prefix-1-a40g17AND_5_timed_data/problem9.pddl -h blind -s WAStar
Domain parsed
Problem parsed
Grounding..
Grounding Time: 186339
UFX:true
|F|:399483
|X|:17
Heuristic Problem Creation
|A|:2914
|P|:2
|E|:0
Delta time heuristic model:1.0
Delta time planning model:1.0
Delta time search-execution model:1.0
Delta time validation model:1
h(I):0.0
Extracting plan with execution delta: 1.0
Problem Solved

Found Plan:
0: (validate_payload t0 a24 t1)
0: (sync_actions t0 t1 a24)
0: (add_action a19)
0: (add_parameter a19 sDEC5_2 categorical c1)
0: (check_added_parameter_model a19)
0: (add_move_automata a19)
0: (stop_wait)
0: (add_action a21)
0: (check_added_parameter_model a21)
0: (add_move_automata a21)
0: (stop_wait)
0: (add_action a22)
0: (check_added_parameter_model a22)
0: (add_move_automata a22)
0: (stop_wait)
0: (add_action a23)
0: (check_added_parameter_model a23)
0: (add_move_automata a23)
0: (stop_wait)
0: (add_action a25)
0: (check_added_parameter_model a25)
0: (add_move_automata a25)
0: (stop_wait)
0: (add_action a4)
0: (check_added_parameter_model a4)
0: (add_move_automata a4)
0: (stop_wait)
0: (add_action a47)
0: (check_added_parameter_model a47)
0: (add_move_automata a47)
0: (stop_wait)
0: (add_action a16)
0: (check_added_parameter_model a16)
0: (add_move_automata a16)
0: (stop_wait)
0: (add_action a9)
0: (check_added_parameter_model a9)
0: (add_move_automata a9)
0: (stop_wait)
0: (add_action a36)
0: (check_added_parameter_model a36)
0: (add_move_automata a36)
0: (stop_wait)
0: (add_action a8)
0: (check_added_parameter_model a8)
0: (add_move_automata a8)
0: (stop_wait)
0: (add_action a51)
0: (check_added_parameter_model a51)
0: (add_move_automata a51)
0: (stop_wait)
0: (add_action a17)
0: (check_added_parameter_model a17)
0: (add_move_automata a17)
0: (stop_wait)
0: (add_action a40)
0: (check_added_parameter_model a40)
0: (add_move_automata a40)
0: (stop_wait)
0: (add_action a46)
0: (check_added_parameter_model a46)
0: (add_move_automata a46)
0: (stop_wait)
0: (add_action a13)
0: (check_added_parameter_model a13)
0: (add_move_automata a13)
0: (stop_wait)
0: (add_action a42)
0: (check_added_parameter_model a42)
0: (add_move_automata a42)
0: (stop_wait)
0: (add_action a43)
0: (check_added_parameter_model a43)
0: (add_move_automata a43)
0: (stop_wait)
0: (add_action a12)
0: (check_added_parameter_model a12)
0: (add_move_automata a12)
0: (stop_wait)
0: (add_action a39)
0: (check_added_parameter_model a39)
0: (add_move_automata a39)
0: (stop_wait)
0: (add_action a11)
0: (check_added_parameter_model a11)
0: (add_move_automata a11)
0: (stop_wait)
0: (add_action a48)
0: (check_added_parameter_model a48)
0: (add_move_automata a48)
0: (stop_wait)
0: (add_action a29)
0: (check_added_parameter_model a29)
0: (add_move_automata a29)
0: (stop_wait)
0: (add_action a7)
0: (check_added_parameter_model a7)
0: (add_move_automata a7)
0: (stop_wait)
0: (add_action a2)
0: (check_added_parameter_model a2)
0: (add_move_automata a2)
0: (stop_wait)
0: (add_action a35)
0: (check_added_parameter_model a35)
0: (add_move_automata a35)

Plan-Length:106
Elapsed Time: 0
Metric (Search):0.0
Planning Time (msec): 246
Heuristic Time (msec): 5
Search Time (msec): 230
Expanded Nodes:516
States Evaluated:676
Number of Dead-Ends detected:0
Number of Duplicates detected:451
/usr/bin/time -v timeout 600 java -Xmx64g -jar ./enhsp3.jar -o ./domain_framed_autonomy_process_reset.pddl -f ./problems/a40g17AND-prefix-1-a40g17AND_5_timed_data/problem10.pddl -h blind -s WAStar
Domain parsed
Problem parsed
Grounding..
Grounding Time: 186366
UFX:true
|F|:399483
|X|:17
Heuristic Problem Creation
|A|:2914
|P|:2
|E|:0
Delta time heuristic model:1.0
Delta time planning model:1.0
Delta time search-execution model:1.0
Delta time validation model:1
h(I):0.0
Extracting plan with execution delta: 1.0
Problem Solved

Found Plan:
0: (validate_payload t0 a24 t1)
0: (sync_actions t0 t1 a24)
0: (add_action a19)
0: (add_parameter a19 sDEC5_2 categorical c1)
0: (check_added_parameter_model a19)
0: (add_move_automata a19)
0: (stop_wait)
0: (add_action a21)
0: (check_added_parameter_model a21)
0: (add_move_automata a21)
0: (stop_wait)
0: (add_action a22)
0: (check_added_parameter_model a22)
0: (add_move_automata a22)
0: (stop_wait)
0: (add_action a23)
0: (check_added_parameter_model a23)
0: (add_move_automata a23)
0: (stop_wait)
0: (add_action a25)
0: (check_added_parameter_model a25)
0: (add_move_automata a25)
0: (stop_wait)
0: (add_action a4)
0: (check_added_parameter_model a4)
0: (add_move_automata a4)
0: (stop_wait)
0: (add_action a47)
0: (check_added_parameter_model a47)
0: (add_move_automata a47)
0: (stop_wait)
0: (add_action a16)
0: (check_added_parameter_model a16)
0: (add_move_automata a16)
0: (stop_wait)
0: (add_action a9)
0: (check_added_parameter_model a9)
0: (add_move_automata a9)
0: (stop_wait)
0: (add_action a36)
0: (check_added_parameter_model a36)
0: (add_move_automata a36)
0: (stop_wait)
0: (add_action a8)
0: (check_added_parameter_model a8)
0: (add_move_automata a8)
0: (stop_wait)
0: (add_action a51)
0: (check_added_parameter_model a51)
0: (add_move_automata a51)
0: (stop_wait)
0: (add_action a17)
0: (check_added_parameter_model a17)
0: (add_move_automata a17)
0: (stop_wait)
0: (add_action a40)
0: (check_added_parameter_model a40)
0: (add_move_automata a40)
0: (stop_wait)
0: (add_action a46)
0: (check_added_parameter_model a46)
0: (add_move_automata a46)
0: (stop_wait)
0: (add_action a13)
0: (check_added_parameter_model a13)
0: (add_move_automata a13)
0: (stop_wait)
0: (add_action a42)
0: (check_added_parameter_model a42)
0: (add_move_automata a42)
0: (stop_wait)
0: (add_action a43)
0: (check_added_parameter_model a43)
0: (add_move_automata a43)
0: (stop_wait)
0: (add_action a12)
0: (check_added_parameter_model a12)
0: (add_move_automata a12)
0: (stop_wait)
0: (add_action a39)
0: (check_added_parameter_model a39)
0: (add_move_automata a39)
0: (stop_wait)
0: (add_action a11)
0: (check_added_parameter_model a11)
0: (add_move_automata a11)
0: (stop_wait)
0: (add_action a48)
0: (check_added_parameter_model a48)
0: (add_move_automata a48)
0: (stop_wait)
0: (add_action a29)
0: (check_added_parameter_model a29)
0: (add_move_automata a29)
0: (stop_wait)
0: (add_action a7)
0: (check_added_parameter_model a7)
0: (add_move_automata a7)
0: (stop_wait)
0: (add_action a2)
0: (check_added_parameter_model a2)
0: (add_move_automata a2)
0: (stop_wait)
0: (add_action a35)
0: (check_added_parameter_model a35)
0: (add_move_automata a35)

Plan-Length:106
Elapsed Time: 0
Metric (Search):0.0
Planning Time (msec): 285
Heuristic Time (msec): 9
Search Time (msec): 270
Expanded Nodes:516
States Evaluated:676
Number of Dead-Ends detected:0
Number of Duplicates detected:451
Loading openjdk/17.0.8.1_1
  Loading requirement: glibc/2.35-aocc-3.2.0-wetwhfr
    gcc-runtime/12.1.0-gcc-12.1.0-uotjsm3 glibc/2.35-aocc-3.2.0-dkzxmta
	Command being timed: "timeout 600 java -Xmx64g -jar ./enhsp3.jar -o ./domain_framed_autonomy_process_reset.pddl -f ./problems/a40g17AND-prefix-1-a40g17AND_5_timed_data/problem1.pddl -h blind -s WAStar -dap -dl 1500"
	User time (seconds): 335.34
	System time (seconds): 15.77
	Percent of CPU this job got: 99%
	Elapsed (wall clock) time (h:mm:ss or m:ss): 5:51.39
	Average shared text size (kbytes): 0
	Average unshared data size (kbytes): 0
	Average stack size (kbytes): 0
	Average total size (kbytes): 0
	Maximum resident set size (kbytes): 25389492
	Average resident set size (kbytes): 0
	Major (requiring I/O) page faults: 30
	Minor (reclaiming a frame) page faults: 19462624
	Voluntary context switches: 13425
	Involuntary context switches: 18989
	Swaps: 0
	File system inputs: 0
	File system outputs: 1600
	Socket messages sent: 0
	Socket messages received: 0
	Signals delivered: 0
	Page size (bytes): 4096
	Exit status: 0
	Command being timed: "timeout 600 java -Xmx64g -jar ./enhsp3.jar -o ./domain_framed_autonomy_process_reset.pddl -f ./problems/a40g17AND-prefix-1-a40g17AND_5_timed_data/problem2.pddl -h blind -s WAStar -dap -dl 1500"
	User time (seconds): 339.26
	System time (seconds): 16.25
	Percent of CPU this job got: 99%
	Elapsed (wall clock) time (h:mm:ss or m:ss): 5:55.81
	Average shared text size (kbytes): 0
	Average unshared data size (kbytes): 0
	Average stack size (kbytes): 0
	Average total size (kbytes): 0
	Maximum resident set size (kbytes): 25383856
	Average resident set size (kbytes): 0
	Major (requiring I/O) page faults: 0
	Minor (reclaiming a frame) page faults: 20009840
	Voluntary context switches: 13442
	Involuntary context switches: 18958
	Swaps: 0
	File system inputs: 0
	File system outputs: 1656
	Socket messages sent: 0
	Socket messages received: 0
	Signals delivered: 0
	Page size (bytes): 4096
	Exit status: 0
	Command being timed: "timeout 600 java -Xmx64g -jar ./enhsp3.jar -o ./domain_framed_autonomy_process_reset.pddl -f ./problems/a40g17AND-prefix-1-a40g17AND_5_timed_data/problem3.pddl -h blind -s WAStar -dap -dl 1500"
	User time (seconds): 337.76
	System time (seconds): 16.00
	Percent of CPU this job got: 99%
	Elapsed (wall clock) time (h:mm:ss or m:ss): 5:54.06
	Average shared text size (kbytes): 0
	Average unshared data size (kbytes): 0
	Average stack size (kbytes): 0
	Average total size (kbytes): 0
	Maximum resident set size (kbytes): 25357384
	Average resident set size (kbytes): 0
	Major (requiring I/O) page faults: 0
	Minor (reclaiming a frame) page faults: 19882035
	Voluntary context switches: 13419
	Involuntary context switches: 19110
	Swaps: 0
	File system inputs: 0
	File system outputs: 1600
	Socket messages sent: 0
	Socket messages received: 0
	Signals delivered: 0
	Page size (bytes): 4096
	Exit status: 0
	Command being timed: "timeout 600 java -Xmx64g -jar ./enhsp3.jar -o ./domain_framed_autonomy_process_reset.pddl -f ./problems/a40g17AND-prefix-1-a40g17AND_5_timed_data/problem4.pddl -h blind -s WAStar -dap -dl 1500"
	User time (seconds): 336.13
	System time (seconds): 15.77
	Percent of CPU this job got: 99%
	Elapsed (wall clock) time (h:mm:ss or m:ss): 5:52.21
	Average shared text size (kbytes): 0
	Average unshared data size (kbytes): 0
	Average stack size (kbytes): 0
	Average total size (kbytes): 0
	Maximum resident set size (kbytes): 25376988
	Average resident set size (kbytes): 0
	Major (requiring I/O) page faults: 0
	Minor (reclaiming a frame) page faults: 19680861
	Voluntary context switches: 13547
	Involuntary context switches: 19003
	Swaps: 0
	File system inputs: 0
	File system outputs: 1608
	Socket messages sent: 0
	Socket messages received: 0
	Signals delivered: 0
	Page size (bytes): 4096
	Exit status: 0
	Command being timed: "timeout 600 java -Xmx64g -jar ./enhsp3.jar -o ./domain_framed_autonomy_process_reset.pddl -f ./problems/a40g17AND-prefix-1-a40g17AND_5_timed_data/problem5.pddl -h blind -s WAStar -dap -dl 1500"
	User time (seconds): 339.41
	System time (seconds): 16.06
	Percent of CPU this job got: 99%
	Elapsed (wall clock) time (h:mm:ss or m:ss): 5:55.78
	Average shared text size (kbytes): 0
	Average unshared data size (kbytes): 0
	Average stack size (kbytes): 0
	Average total size (kbytes): 0
	Maximum resident set size (kbytes): 25394628
	Average resident set size (kbytes): 0
	Major (requiring I/O) page faults: 0
	Minor (reclaiming a frame) page faults: 19593640
	Voluntary context switches: 13784
	Involuntary context switches: 19151
	Swaps: 0
	File system inputs: 0
	File system outputs: 1672
	Socket messages sent: 0
	Socket messages received: 0
	Signals delivered: 0
	Page size (bytes): 4096
	Exit status: 0
	Command being timed: "timeout 600 java -Xmx64g -jar ./enhsp3.jar -o ./domain_framed_autonomy_process_reset.pddl -f ./problems/a40g17AND-prefix-1-a40g17AND_5_timed_data/problem6.pddl -h blind -s WAStar -dap -dl 1500"
	User time (seconds): 336.81
	System time (seconds): 15.40
	Percent of CPU this job got: 99%
	Elapsed (wall clock) time (h:mm:ss or m:ss): 5:52.49
	Average shared text size (kbytes): 0
	Average unshared data size (kbytes): 0
	Average stack size (kbytes): 0
	Average total size (kbytes): 0
	Maximum resident set size (kbytes): 25371788
	Average resident set size (kbytes): 0
	Major (requiring I/O) page faults: 0
	Minor (reclaiming a frame) page faults: 18369534
	Voluntary context switches: 13341
	Involuntary context switches: 19134
	Swaps: 0
	File system inputs: 0
	File system outputs: 1640
	Socket messages sent: 0
	Socket messages received: 0
	Signals delivered: 0
	Page size (bytes): 4096
	Exit status: 0
	Command being timed: "timeout 600 java -Xmx64g -jar ./enhsp3.jar -o ./domain_framed_autonomy_process_reset.pddl -f ./problems/a40g17AND-prefix-1-a40g17AND_5_timed_data/problem7.pddl -h blind -s WAStar -dap -dl 1500"
	User time (seconds): 335.30
	System time (seconds): 15.53
	Percent of CPU this job got: 99%
	Elapsed (wall clock) time (h:mm:ss or m:ss): 5:51.13
	Average shared text size (kbytes): 0
	Average unshared data size (kbytes): 0
	Average stack size (kbytes): 0
	Average total size (kbytes): 0
	Maximum resident set size (kbytes): 25385428
	Average resident set size (kbytes): 0
	Major (requiring I/O) page faults: 0
	Minor (reclaiming a frame) page faults: 18802156
	Voluntary context switches: 13303
	Involuntary context switches: 18704
	Swaps: 0
	File system inputs: 0
	File system outputs: 1632
	Socket messages sent: 0
	Socket messages received: 0
	Signals delivered: 0
	Page size (bytes): 4096
	Exit status: 0
	Command being timed: "timeout 600 java -Xmx64g -jar ./enhsp3.jar -o ./domain_framed_autonomy_process_reset.pddl -f ./problems/a40g17AND-prefix-1-a40g17AND_5_timed_data/problem8.pddl -h blind -s WAStar -dap -dl 1500"
	User time (seconds): 340.32
	System time (seconds): 16.92
	Percent of CPU this job got: 99%
	Elapsed (wall clock) time (h:mm:ss or m:ss): 5:57.54
	Average shared text size (kbytes): 0
	Average unshared data size (kbytes): 0
	Average stack size (kbytes): 0
	Average total size (kbytes): 0
	Maximum resident set size (kbytes): 25387608
	Average resident set size (kbytes): 0
	Major (requiring I/O) page faults: 0
	Minor (reclaiming a frame) page faults: 20904905
	Voluntary context switches: 13492
	Involuntary context switches: 19158
	Swaps: 0
	File system inputs: 0
	File system outputs: 1680
	Socket messages sent: 0
	Socket messages received: 0
	Signals delivered: 0
	Page size (bytes): 4096
	Exit status: 0
	Command being timed: "timeout 600 java -Xmx64g -jar ./enhsp3.jar -o ./domain_framed_autonomy_process_reset.pddl -f ./problems/a40g17AND-prefix-1-a40g17AND_5_timed_data/problem9.pddl -h blind -s WAStar -dap -dl 1500"
	User time (seconds): 338.41
	System time (seconds): 15.96
	Percent of CPU this job got: 99%
	Elapsed (wall clock) time (h:mm:ss or m:ss): 5:54.67
	Average shared text size (kbytes): 0
	Average unshared data size (kbytes): 0
	Average stack size (kbytes): 0
	Average total size (kbytes): 0
	Maximum resident set size (kbytes): 25396052
	Average resident set size (kbytes): 0
	Major (requiring I/O) page faults: 0
	Minor (reclaiming a frame) page faults: 19568435
	Voluntary context switches: 13762
	Involuntary context switches: 19286
	Swaps: 0
	File system inputs: 0
	File system outputs: 1616
	Socket messages sent: 0
	Socket messages received: 0
	Signals delivered: 0
	Page size (bytes): 4096
	Exit status: 0
	Command being timed: "timeout 600 java -Xmx64g -jar ./enhsp3.jar -o ./domain_framed_autonomy_process_reset.pddl -f ./problems/a40g17AND-prefix-1-a40g17AND_5_timed_data/problem10.pddl -h blind -s WAStar -dap -dl 1500"
	User time (seconds): 335.48
	System time (seconds): 16.49
	Percent of CPU this job got: 99%
	Elapsed (wall clock) time (h:mm:ss or m:ss): 5:52.27
	Average shared text size (kbytes): 0
	Average unshared data size (kbytes): 0
	Average stack size (kbytes): 0
	Average total size (kbytes): 0
	Maximum resident set size (kbytes): 25177372
	Average resident set size (kbytes): 0
	Major (requiring I/O) page faults: 0
	Minor (reclaiming a frame) page faults: 20428255
	Voluntary context switches: 13176
	Involuntary context switches: 18899
	Swaps: 0
	File system inputs: 0
	File system outputs: 1640
	Socket messages sent: 0
	Socket messages received: 0
	Signals delivered: 0
	Page size (bytes): 4096
	Exit status: 0
