/usr/bin/time -v timeout 600 java -Xmx64g -jar ./enhsp3.jar -o ./domain_framed_autonomy_process_reset.pddl -f ./problems/a35g6-prefix-1-a35g6_1_timed_data/problem1.pddl -h blind -s WAStar
Domain parsed
Problem parsed
Grounding..
Grounding Time: 10301
UFX:true
|F|:47961
|X|:5
Heuristic Problem Creation
|A|:1609
|P|:2
|E|:0
Delta time heuristic model:1.0
Delta time planning model:1.0
Delta time search-execution model:1.0
Delta time validation model:1
h(I):0.0
f(n) = 1.0 (Expanded Nodes: 13, Evaluated States: 16, Time: 0.035) Frontier Size: 3
f(n) = 2.0 (Expanded Nodes: 17, Evaluated States: 21, Time: 0.051) Frontier Size: 4
f(n) = 3.0 (Expanded Nodes: 21, Evaluated States: 26, Time: 0.052) Frontier Size: 5
f(n) = 4.0 (Expanded Nodes: 25, Evaluated States: 31, Time: 0.053) Frontier Size: 6
f(n) = 5.0 (Expanded Nodes: 29, Evaluated States: 36, Time: 0.055) Frontier Size: 7
f(n) = 6.0 (Expanded Nodes: 33, Evaluated States: 41, Time: 0.058) Frontier Size: 8
f(n) = 7.0 (Expanded Nodes: 37, Evaluated States: 46, Time: 0.063) Frontier Size: 9
f(n) = 8.0 (Expanded Nodes: 41, Evaluated States: 51, Time: 0.064) Frontier Size: 10
f(n) = 9.0 (Expanded Nodes: 45, Evaluated States: 56, Time: 0.065) Frontier Size: 11
f(n) = 10.0 (Expanded Nodes: 49, Evaluated States: 61, Time: 0.066) Frontier Size: 12
f(n) = 11.0 (Expanded Nodes: 53, Evaluated States: 66, Time: 0.068) Frontier Size: 13
f(n) = 12.0 (Expanded Nodes: 57, Evaluated States: 71, Time: 0.068) Frontier Size: 14
f(n) = 13.0 (Expanded Nodes: 61, Evaluated States: 76, Time: 0.069) Frontier Size: 15
f(n) = 14.0 (Expanded Nodes: 65, Evaluated States: 81, Time: 0.069) Frontier Size: 16
f(n) = 15.0 (Expanded Nodes: 69, Evaluated States: 86, Time: 0.07) Frontier Size: 17
f(n) = 16.0 (Expanded Nodes: 73, Evaluated States: 91, Time: 0.07) Frontier Size: 18
f(n) = 17.0 (Expanded Nodes: 77, Evaluated States: 96, Time: 0.075) Frontier Size: 19
f(n) = 18.0 (Expanded Nodes: 81, Evaluated States: 101, Time: 0.08) Frontier Size: 20
f(n) = 19.0 (Expanded Nodes: 85, Evaluated States: 106, Time: 0.08) Frontier Size: 21
f(n) = 20.0 (Expanded Nodes: 89, Evaluated States: 111, Time: 0.081) Frontier Size: 22
Extracting plan with execution delta: 1.0
Problem Solved

Found Plan:
0: (validate-payload t0 a8 t1)
0: (sync-actions t0 t1 a8)
0: (add_action a13)
0: (check_added_parameter_model a13)
0: (add_move_automata a13)
0: -----waiting---- [20.0]
20.0: (stop_wait)
20.0: (add_action a15)
20.0: (check_added_parameter_model a15)
20.0: (add_move_automata a15)
20.0: (stop_wait)
20.0: (add_action a26)
20.0: (check_added_parameter_model a26)
20.0: (add_move_automata a26)
20.0: (stop_wait)
20.0: (add_action a28)
20.0: (check_added_parameter_model a28)
20.0: (add_move_automata a28)
20.0: (stop_wait)
20.0: (add_action a14)
20.0: (check_added_parameter_model a14)
20.0: (add_move_automata a14)
20.0: (stop_wait)
20.0: (add_action a9)
20.0: (check_added_parameter_model a9)
20.0: (add_move_automata a9)
20.0: (stop_wait)
20.0: (add_action a12)
20.0: (check_added_parameter_model a12)
20.0: (add_move_automata a12)
20.0: (stop_wait)
20.0: (add_action a17)
20.0: (check_added_parameter_model a17)
20.0: (add_move_automata a17)
20.0: (stop_wait)
20.0: (add_action a3)
20.0: (check_added_parameter_model a3)
20.0: (add_move_automata a3)
20.0: (stop_wait)
20.0: (add_action a6)
20.0: (check_added_parameter_model a6)
20.0: (add_move_automata a6)
20.0: (stop_wait)
20.0: (add_action a5)
20.0: (check_added_parameter_model a5)
20.0: (add_move_automata a5)
20.0: (stop_wait)
20.0: (add_action a21)
20.0: (check_added_parameter_model a21)
20.0: (add_move_automata a21)
20.0: (stop_wait)
20.0: (add_action a24)
20.0: (check_added_parameter_model a24)
20.0: (add_move_automata a24)
20.0: (stop_wait)
20.0: (add_action a16)
20.0: (check_added_parameter_model a16)
20.0: (add_move_automata a16)
20.0: (stop_wait)
20.0: (add_action a19)
20.0: (check_added_parameter_model a19)
20.0: (add_move_automata a19)
20.0: (stop_wait)
20.0: (add_action a20)
20.0: (check_added_parameter_model a20)
20.0: (add_move_automata a20)

Plan-Length:85
Elapsed Time: 20.0
Metric (Search):20.0
Planning Time (msec): 137
Heuristic Time (msec): 16
Search Time (msec): 128
Expanded Nodes:273
States Evaluated:326
Number of Dead-Ends detected:0
Number of Duplicates detected:182
/usr/bin/time -v timeout 600 java -Xmx64g -jar ./enhsp3.jar -o ./domain_framed_autonomy_process_reset.pddl -f ./problems/a35g6-prefix-1-a35g6_1_timed_data/problem2.pddl -h blind -s WAStar
Domain parsed
Problem parsed
Grounding..
Grounding Time: 10114
UFX:true
|F|:47961
|X|:5
Heuristic Problem Creation
|A|:1609
|P|:2
|E|:0
Delta time heuristic model:1.0
Delta time planning model:1.0
Delta time search-execution model:1.0
Delta time validation model:1
h(I):0.0
f(n) = 1.0 (Expanded Nodes: 13, Evaluated States: 16, Time: 0.028) Frontier Size: 3
f(n) = 2.0 (Expanded Nodes: 17, Evaluated States: 21, Time: 0.051) Frontier Size: 4
f(n) = 3.0 (Expanded Nodes: 21, Evaluated States: 26, Time: 0.056) Frontier Size: 5
f(n) = 4.0 (Expanded Nodes: 25, Evaluated States: 31, Time: 0.058) Frontier Size: 6
f(n) = 5.0 (Expanded Nodes: 29, Evaluated States: 36, Time: 0.059) Frontier Size: 7
f(n) = 6.0 (Expanded Nodes: 33, Evaluated States: 41, Time: 0.06) Frontier Size: 8
f(n) = 7.0 (Expanded Nodes: 37, Evaluated States: 46, Time: 0.067) Frontier Size: 9
f(n) = 8.0 (Expanded Nodes: 41, Evaluated States: 51, Time: 0.072) Frontier Size: 10
f(n) = 9.0 (Expanded Nodes: 45, Evaluated States: 56, Time: 0.073) Frontier Size: 11
f(n) = 10.0 (Expanded Nodes: 49, Evaluated States: 61, Time: 0.075) Frontier Size: 12
f(n) = 11.0 (Expanded Nodes: 53, Evaluated States: 66, Time: 0.076) Frontier Size: 13
f(n) = 12.0 (Expanded Nodes: 57, Evaluated States: 71, Time: 0.076) Frontier Size: 14
f(n) = 13.0 (Expanded Nodes: 61, Evaluated States: 76, Time: 0.077) Frontier Size: 15
f(n) = 14.0 (Expanded Nodes: 65, Evaluated States: 81, Time: 0.083) Frontier Size: 16
f(n) = 15.0 (Expanded Nodes: 69, Evaluated States: 86, Time: 0.084) Frontier Size: 17
f(n) = 16.0 (Expanded Nodes: 73, Evaluated States: 91, Time: 0.084) Frontier Size: 18
f(n) = 17.0 (Expanded Nodes: 77, Evaluated States: 96, Time: 0.085) Frontier Size: 19
f(n) = 18.0 (Expanded Nodes: 81, Evaluated States: 101, Time: 0.086) Frontier Size: 20
f(n) = 19.0 (Expanded Nodes: 85, Evaluated States: 106, Time: 0.091) Frontier Size: 21
f(n) = 20.0 (Expanded Nodes: 89, Evaluated States: 111, Time: 0.097) Frontier Size: 22
Extracting plan with execution delta: 1.0
Problem Solved

Found Plan:
0: (validate-payload t0 a8 t1)
0: (sync-actions t0 t1 a8)
0: (add_action a13)
0: (check_added_parameter_model a13)
0: (add_move_automata a13)
0: -----waiting---- [20.0]
20.0: (stop_wait)
20.0: (add_action a15)
20.0: (check_added_parameter_model a15)
20.0: (add_move_automata a15)
20.0: (stop_wait)
20.0: (add_action a26)
20.0: (check_added_parameter_model a26)
20.0: (add_move_automata a26)
20.0: (stop_wait)
20.0: (add_action a28)
20.0: (check_added_parameter_model a28)
20.0: (add_move_automata a28)
20.0: (stop_wait)
20.0: (add_action a14)
20.0: (check_added_parameter_model a14)
20.0: (add_move_automata a14)
20.0: (stop_wait)
20.0: (add_action a9)
20.0: (check_added_parameter_model a9)
20.0: (add_move_automata a9)
20.0: (stop_wait)
20.0: (add_action a12)
20.0: (check_added_parameter_model a12)
20.0: (add_move_automata a12)
20.0: (stop_wait)
20.0: (add_action a17)
20.0: (check_added_parameter_model a17)
20.0: (add_move_automata a17)
20.0: (stop_wait)
20.0: (add_action a3)
20.0: (check_added_parameter_model a3)
20.0: (add_move_automata a3)
20.0: (stop_wait)
20.0: (add_action a6)
20.0: (check_added_parameter_model a6)
20.0: (add_move_automata a6)
20.0: (stop_wait)
20.0: (add_action a5)
20.0: (check_added_parameter_model a5)
20.0: (add_move_automata a5)
20.0: (stop_wait)
20.0: (add_action a21)
20.0: (check_added_parameter_model a21)
20.0: (add_move_automata a21)
20.0: (stop_wait)
20.0: (add_action a24)
20.0: (check_added_parameter_model a24)
20.0: (add_move_automata a24)
20.0: (stop_wait)
20.0: (add_action a16)
20.0: (check_added_parameter_model a16)
20.0: (add_move_automata a16)
20.0: (stop_wait)
20.0: (add_action a19)
20.0: (check_added_parameter_model a19)
20.0: (add_move_automata a19)
20.0: (stop_wait)
20.0: (add_action a20)
20.0: (check_added_parameter_model a20)
20.0: (add_move_automata a20)

Plan-Length:85
Elapsed Time: 20.0
Metric (Search):20.0
Planning Time (msec): 184
Heuristic Time (msec): 6
Search Time (msec): 171
Expanded Nodes:273
States Evaluated:326
Number of Dead-Ends detected:0
Number of Duplicates detected:182
/usr/bin/time -v timeout 600 java -Xmx64g -jar ./enhsp3.jar -o ./domain_framed_autonomy_process_reset.pddl -f ./problems/a35g6-prefix-1-a35g6_1_timed_data/problem3.pddl -h blind -s WAStar
Domain parsed
Problem parsed
Grounding..
Grounding Time: 10031
UFX:true
|F|:47961
|X|:5
Heuristic Problem Creation
|A|:1609
|P|:2
|E|:0
Delta time heuristic model:1.0
Delta time planning model:1.0
Delta time search-execution model:1.0
Delta time validation model:1
h(I):0.0
f(n) = 1.0 (Expanded Nodes: 13, Evaluated States: 16, Time: 0.032) Frontier Size: 3
f(n) = 2.0 (Expanded Nodes: 17, Evaluated States: 21, Time: 0.062) Frontier Size: 4
f(n) = 3.0 (Expanded Nodes: 21, Evaluated States: 26, Time: 0.068) Frontier Size: 5
f(n) = 4.0 (Expanded Nodes: 25, Evaluated States: 31, Time: 0.07) Frontier Size: 6
f(n) = 5.0 (Expanded Nodes: 29, Evaluated States: 36, Time: 0.071) Frontier Size: 7
f(n) = 6.0 (Expanded Nodes: 33, Evaluated States: 41, Time: 0.072) Frontier Size: 8
f(n) = 7.0 (Expanded Nodes: 37, Evaluated States: 46, Time: 0.079) Frontier Size: 9
f(n) = 8.0 (Expanded Nodes: 41, Evaluated States: 51, Time: 0.084) Frontier Size: 10
f(n) = 9.0 (Expanded Nodes: 45, Evaluated States: 56, Time: 0.085) Frontier Size: 11
f(n) = 10.0 (Expanded Nodes: 49, Evaluated States: 61, Time: 0.087) Frontier Size: 12
f(n) = 11.0 (Expanded Nodes: 53, Evaluated States: 66, Time: 0.088) Frontier Size: 13
f(n) = 12.0 (Expanded Nodes: 57, Evaluated States: 71, Time: 0.088) Frontier Size: 14
f(n) = 13.0 (Expanded Nodes: 61, Evaluated States: 76, Time: 0.089) Frontier Size: 15
f(n) = 14.0 (Expanded Nodes: 65, Evaluated States: 81, Time: 0.09) Frontier Size: 16
f(n) = 15.0 (Expanded Nodes: 69, Evaluated States: 86, Time: 0.096) Frontier Size: 17
f(n) = 16.0 (Expanded Nodes: 73, Evaluated States: 91, Time: 0.097) Frontier Size: 18
f(n) = 17.0 (Expanded Nodes: 77, Evaluated States: 96, Time: 0.097) Frontier Size: 19
f(n) = 18.0 (Expanded Nodes: 81, Evaluated States: 101, Time: 0.098) Frontier Size: 20
f(n) = 19.0 (Expanded Nodes: 85, Evaluated States: 106, Time: 0.103) Frontier Size: 21
f(n) = 20.0 (Expanded Nodes: 89, Evaluated States: 111, Time: 0.103) Frontier Size: 22
Extracting plan with execution delta: 1.0
Problem Solved

Found Plan:
0: (validate-payload t0 a8 t1)
0: (sync-actions t0 t1 a8)
0: (add_action a13)
0: (check_added_parameter_model a13)
0: (add_move_automata a13)
0: -----waiting---- [20.0]
20.0: (stop_wait)
20.0: (add_action a15)
20.0: (check_added_parameter_model a15)
20.0: (add_move_automata a15)
20.0: (stop_wait)
20.0: (add_action a26)
20.0: (check_added_parameter_model a26)
20.0: (add_move_automata a26)
20.0: (stop_wait)
20.0: (add_action a28)
20.0: (check_added_parameter_model a28)
20.0: (add_move_automata a28)
20.0: (stop_wait)
20.0: (add_action a14)
20.0: (check_added_parameter_model a14)
20.0: (add_move_automata a14)
20.0: (stop_wait)
20.0: (add_action a9)
20.0: (check_added_parameter_model a9)
20.0: (add_move_automata a9)
20.0: (stop_wait)
20.0: (add_action a12)
20.0: (check_added_parameter_model a12)
20.0: (add_move_automata a12)
20.0: (stop_wait)
20.0: (add_action a17)
20.0: (check_added_parameter_model a17)
20.0: (add_move_automata a17)
20.0: (stop_wait)
20.0: (add_action a3)
20.0: (check_added_parameter_model a3)
20.0: (add_move_automata a3)
20.0: (stop_wait)
20.0: (add_action a6)
20.0: (check_added_parameter_model a6)
20.0: (add_move_automata a6)
20.0: (stop_wait)
20.0: (add_action a5)
20.0: (check_added_parameter_model a5)
20.0: (add_move_automata a5)
20.0: (stop_wait)
20.0: (add_action a21)
20.0: (check_added_parameter_model a21)
20.0: (add_move_automata a21)
20.0: (stop_wait)
20.0: (add_action a24)
20.0: (check_added_parameter_model a24)
20.0: (add_move_automata a24)
20.0: (stop_wait)
20.0: (add_action a16)
20.0: (check_added_parameter_model a16)
20.0: (add_move_automata a16)
20.0: (stop_wait)
20.0: (add_action a19)
20.0: (check_added_parameter_model a19)
20.0: (add_move_automata a19)
20.0: (stop_wait)
20.0: (add_action a20)
20.0: (check_added_parameter_model a20)
20.0: (add_move_automata a20)

Plan-Length:85
Elapsed Time: 20.0
Metric (Search):20.0
Planning Time (msec): 197
Heuristic Time (msec): 3
Search Time (msec): 183
Expanded Nodes:273
States Evaluated:326
Number of Dead-Ends detected:0
Number of Duplicates detected:182
/usr/bin/time -v timeout 600 java -Xmx64g -jar ./enhsp3.jar -o ./domain_framed_autonomy_process_reset.pddl -f ./problems/a35g6-prefix-1-a35g6_1_timed_data/problem4.pddl -h blind -s WAStar
Domain parsed
Problem parsed
Grounding..
Grounding Time: 10097
UFX:true
|F|:47961
|X|:5
Heuristic Problem Creation
|A|:1609
|P|:2
|E|:0
Delta time heuristic model:1.0
Delta time planning model:1.0
Delta time search-execution model:1.0
Delta time validation model:1
h(I):0.0
f(n) = 1.0 (Expanded Nodes: 13, Evaluated States: 16, Time: 0.037) Frontier Size: 3
f(n) = 2.0 (Expanded Nodes: 17, Evaluated States: 21, Time: 0.058) Frontier Size: 4
f(n) = 3.0 (Expanded Nodes: 21, Evaluated States: 26, Time: 0.059) Frontier Size: 5
f(n) = 4.0 (Expanded Nodes: 25, Evaluated States: 31, Time: 0.061) Frontier Size: 6
f(n) = 5.0 (Expanded Nodes: 29, Evaluated States: 36, Time: 0.063) Frontier Size: 7
f(n) = 6.0 (Expanded Nodes: 33, Evaluated States: 41, Time: 0.065) Frontier Size: 8
f(n) = 7.0 (Expanded Nodes: 37, Evaluated States: 46, Time: 0.069) Frontier Size: 9
f(n) = 8.0 (Expanded Nodes: 41, Evaluated States: 51, Time: 0.07) Frontier Size: 10
f(n) = 9.0 (Expanded Nodes: 45, Evaluated States: 56, Time: 0.072) Frontier Size: 11
f(n) = 10.0 (Expanded Nodes: 49, Evaluated States: 61, Time: 0.074) Frontier Size: 12
f(n) = 11.0 (Expanded Nodes: 53, Evaluated States: 66, Time: 0.074) Frontier Size: 13
f(n) = 12.0 (Expanded Nodes: 57, Evaluated States: 71, Time: 0.075) Frontier Size: 14
f(n) = 13.0 (Expanded Nodes: 61, Evaluated States: 76, Time: 0.075) Frontier Size: 15
f(n) = 14.0 (Expanded Nodes: 65, Evaluated States: 81, Time: 0.076) Frontier Size: 16
f(n) = 15.0 (Expanded Nodes: 69, Evaluated States: 86, Time: 0.076) Frontier Size: 17
f(n) = 16.0 (Expanded Nodes: 73, Evaluated States: 91, Time: 0.082) Frontier Size: 18
f(n) = 17.0 (Expanded Nodes: 77, Evaluated States: 96, Time: 0.082) Frontier Size: 19
f(n) = 18.0 (Expanded Nodes: 81, Evaluated States: 101, Time: 0.083) Frontier Size: 20
f(n) = 19.0 (Expanded Nodes: 85, Evaluated States: 106, Time: 0.083) Frontier Size: 21
f(n) = 20.0 (Expanded Nodes: 89, Evaluated States: 111, Time: 0.084) Frontier Size: 22
Extracting plan with execution delta: 1.0
Problem Solved

Found Plan:
0: (validate-payload t0 a8 t1)
0: (sync-actions t0 t1 a8)
0: (add_action a13)
0: (check_added_parameter_model a13)
0: (add_move_automata a13)
0: -----waiting---- [20.0]
20.0: (stop_wait)
20.0: (add_action a15)
20.0: (check_added_parameter_model a15)
20.0: (add_move_automata a15)
20.0: (stop_wait)
20.0: (add_action a26)
20.0: (check_added_parameter_model a26)
20.0: (add_move_automata a26)
20.0: (stop_wait)
20.0: (add_action a28)
20.0: (check_added_parameter_model a28)
20.0: (add_move_automata a28)
20.0: (stop_wait)
20.0: (add_action a14)
20.0: (check_added_parameter_model a14)
20.0: (add_move_automata a14)
20.0: (stop_wait)
20.0: (add_action a9)
20.0: (check_added_parameter_model a9)
20.0: (add_move_automata a9)
20.0: (stop_wait)
20.0: (add_action a12)
20.0: (check_added_parameter_model a12)
20.0: (add_move_automata a12)
20.0: (stop_wait)
20.0: (add_action a17)
20.0: (check_added_parameter_model a17)
20.0: (add_move_automata a17)
20.0: (stop_wait)
20.0: (add_action a3)
20.0: (check_added_parameter_model a3)
20.0: (add_move_automata a3)
20.0: (stop_wait)
20.0: (add_action a6)
20.0: (check_added_parameter_model a6)
20.0: (add_move_automata a6)
20.0: (stop_wait)
20.0: (add_action a5)
20.0: (check_added_parameter_model a5)
20.0: (add_move_automata a5)
20.0: (stop_wait)
20.0: (add_action a21)
20.0: (check_added_parameter_model a21)
20.0: (add_move_automata a21)
20.0: (stop_wait)
20.0: (add_action a24)
20.0: (check_added_parameter_model a24)
20.0: (add_move_automata a24)
20.0: (stop_wait)
20.0: (add_action a16)
20.0: (check_added_parameter_model a16)
20.0: (add_move_automata a16)
20.0: (stop_wait)
20.0: (add_action a19)
20.0: (check_added_parameter_model a19)
20.0: (add_move_automata a19)
20.0: (stop_wait)
20.0: (add_action a20)
20.0: (check_added_parameter_model a20)
20.0: (add_move_automata a20)

Plan-Length:85
Elapsed Time: 20.0
Metric (Search):20.0
Planning Time (msec): 144
Heuristic Time (msec): 17
Search Time (msec): 136
Expanded Nodes:273
States Evaluated:326
Number of Dead-Ends detected:0
Number of Duplicates detected:182
/usr/bin/time -v timeout 600 java -Xmx64g -jar ./enhsp3.jar -o ./domain_framed_autonomy_process_reset.pddl -f ./problems/a35g6-prefix-1-a35g6_1_timed_data/problem5.pddl -h blind -s WAStar
Domain parsed
Problem parsed
Grounding..
Grounding Time: 10379
UFX:true
|F|:47961
|X|:5
Heuristic Problem Creation
|A|:1609
|P|:2
|E|:0
Delta time heuristic model:1.0
Delta time planning model:1.0
Delta time search-execution model:1.0
Delta time validation model:1
h(I):0.0
f(n) = 1.0 (Expanded Nodes: 13, Evaluated States: 16, Time: 0.031) Frontier Size: 3
f(n) = 2.0 (Expanded Nodes: 17, Evaluated States: 21, Time: 0.056) Frontier Size: 4
f(n) = 3.0 (Expanded Nodes: 21, Evaluated States: 26, Time: 0.061) Frontier Size: 5
f(n) = 4.0 (Expanded Nodes: 25, Evaluated States: 31, Time: 0.063) Frontier Size: 6
f(n) = 5.0 (Expanded Nodes: 29, Evaluated States: 36, Time: 0.065) Frontier Size: 7
f(n) = 6.0 (Expanded Nodes: 33, Evaluated States: 41, Time: 0.069) Frontier Size: 8
f(n) = 7.0 (Expanded Nodes: 37, Evaluated States: 46, Time: 0.071) Frontier Size: 9
f(n) = 8.0 (Expanded Nodes: 41, Evaluated States: 51, Time: 0.072) Frontier Size: 10
f(n) = 9.0 (Expanded Nodes: 45, Evaluated States: 56, Time: 0.079) Frontier Size: 11
f(n) = 10.0 (Expanded Nodes: 49, Evaluated States: 61, Time: 0.08) Frontier Size: 12
f(n) = 11.0 (Expanded Nodes: 53, Evaluated States: 66, Time: 0.081) Frontier Size: 13
f(n) = 12.0 (Expanded Nodes: 57, Evaluated States: 71, Time: 0.086) Frontier Size: 14
f(n) = 13.0 (Expanded Nodes: 61, Evaluated States: 76, Time: 0.087) Frontier Size: 15
f(n) = 14.0 (Expanded Nodes: 65, Evaluated States: 81, Time: 0.088) Frontier Size: 16
f(n) = 15.0 (Expanded Nodes: 69, Evaluated States: 86, Time: 0.088) Frontier Size: 17
f(n) = 16.0 (Expanded Nodes: 73, Evaluated States: 91, Time: 0.089) Frontier Size: 18
f(n) = 17.0 (Expanded Nodes: 77, Evaluated States: 96, Time: 0.097) Frontier Size: 19
f(n) = 18.0 (Expanded Nodes: 81, Evaluated States: 101, Time: 0.098) Frontier Size: 20
f(n) = 19.0 (Expanded Nodes: 85, Evaluated States: 106, Time: 0.099) Frontier Size: 21
f(n) = 20.0 (Expanded Nodes: 89, Evaluated States: 111, Time: 0.099) Frontier Size: 22
Extracting plan with execution delta: 1.0
Problem Solved

Found Plan:
0: (validate-payload t0 a8 t1)
0: (sync-actions t0 t1 a8)
0: (add_action a13)
0: (check_added_parameter_model a13)
0: (add_move_automata a13)
0: -----waiting---- [20.0]
20.0: (stop_wait)
20.0: (add_action a15)
20.0: (check_added_parameter_model a15)
20.0: (add_move_automata a15)
20.0: (stop_wait)
20.0: (add_action a26)
20.0: (check_added_parameter_model a26)
20.0: (add_move_automata a26)
20.0: (stop_wait)
20.0: (add_action a28)
20.0: (check_added_parameter_model a28)
20.0: (add_move_automata a28)
20.0: (stop_wait)
20.0: (add_action a14)
20.0: (check_added_parameter_model a14)
20.0: (add_move_automata a14)
20.0: (stop_wait)
20.0: (add_action a9)
20.0: (check_added_parameter_model a9)
20.0: (add_move_automata a9)
20.0: (stop_wait)
20.0: (add_action a12)
20.0: (check_added_parameter_model a12)
20.0: (add_move_automata a12)
20.0: (stop_wait)
20.0: (add_action a17)
20.0: (check_added_parameter_model a17)
20.0: (add_move_automata a17)
20.0: (stop_wait)
20.0: (add_action a3)
20.0: (check_added_parameter_model a3)
20.0: (add_move_automata a3)
20.0: (stop_wait)
20.0: (add_action a6)
20.0: (check_added_parameter_model a6)
20.0: (add_move_automata a6)
20.0: (stop_wait)
20.0: (add_action a5)
20.0: (check_added_parameter_model a5)
20.0: (add_move_automata a5)
20.0: (stop_wait)
20.0: (add_action a21)
20.0: (check_added_parameter_model a21)
20.0: (add_move_automata a21)
20.0: (stop_wait)
20.0: (add_action a24)
20.0: (check_added_parameter_model a24)
20.0: (add_move_automata a24)
20.0: (stop_wait)
20.0: (add_action a16)
20.0: (check_added_parameter_model a16)
20.0: (add_move_automata a16)
20.0: (stop_wait)
20.0: (add_action a19)
20.0: (check_added_parameter_model a19)
20.0: (add_move_automata a19)
20.0: (stop_wait)
20.0: (add_action a20)
20.0: (check_added_parameter_model a20)
20.0: (add_move_automata a20)

Plan-Length:85
Elapsed Time: 20.0
Metric (Search):20.0
Planning Time (msec): 185
Heuristic Time (msec): 6
Search Time (msec): 177
Expanded Nodes:273
States Evaluated:326
Number of Dead-Ends detected:0
Number of Duplicates detected:182
/usr/bin/time -v timeout 600 java -Xmx64g -jar ./enhsp3.jar -o ./domain_framed_autonomy_process_reset.pddl -f ./problems/a35g6-prefix-1-a35g6_1_timed_data/problem6.pddl -h blind -s WAStar
Domain parsed
Problem parsed
Grounding..
Grounding Time: 10109
UFX:true
|F|:47961
|X|:5
Heuristic Problem Creation
|A|:1609
|P|:2
|E|:0
Delta time heuristic model:1.0
Delta time planning model:1.0
Delta time search-execution model:1.0
Delta time validation model:1
h(I):0.0
f(n) = 1.0 (Expanded Nodes: 13, Evaluated States: 16, Time: 0.03) Frontier Size: 3
f(n) = 2.0 (Expanded Nodes: 17, Evaluated States: 21, Time: 0.055) Frontier Size: 4
f(n) = 3.0 (Expanded Nodes: 21, Evaluated States: 26, Time: 0.057) Frontier Size: 5
f(n) = 4.0 (Expanded Nodes: 25, Evaluated States: 31, Time: 0.061) Frontier Size: 6
f(n) = 5.0 (Expanded Nodes: 29, Evaluated States: 36, Time: 0.062) Frontier Size: 7
f(n) = 6.0 (Expanded Nodes: 33, Evaluated States: 41, Time: 0.064) Frontier Size: 8
f(n) = 7.0 (Expanded Nodes: 37, Evaluated States: 46, Time: 0.07) Frontier Size: 9
f(n) = 8.0 (Expanded Nodes: 41, Evaluated States: 51, Time: 0.074) Frontier Size: 10
f(n) = 9.0 (Expanded Nodes: 45, Evaluated States: 56, Time: 0.076) Frontier Size: 11
f(n) = 10.0 (Expanded Nodes: 49, Evaluated States: 61, Time: 0.077) Frontier Size: 12
f(n) = 11.0 (Expanded Nodes: 53, Evaluated States: 66, Time: 0.079) Frontier Size: 13
f(n) = 12.0 (Expanded Nodes: 57, Evaluated States: 71, Time: 0.08) Frontier Size: 14
f(n) = 13.0 (Expanded Nodes: 61, Evaluated States: 76, Time: 0.081) Frontier Size: 15
f(n) = 14.0 (Expanded Nodes: 65, Evaluated States: 81, Time: 0.086) Frontier Size: 16
f(n) = 15.0 (Expanded Nodes: 69, Evaluated States: 86, Time: 0.086) Frontier Size: 17
f(n) = 16.0 (Expanded Nodes: 73, Evaluated States: 91, Time: 0.087) Frontier Size: 18
f(n) = 17.0 (Expanded Nodes: 77, Evaluated States: 96, Time: 0.087) Frontier Size: 19
f(n) = 18.0 (Expanded Nodes: 81, Evaluated States: 101, Time: 0.088) Frontier Size: 20
f(n) = 19.0 (Expanded Nodes: 85, Evaluated States: 106, Time: 0.088) Frontier Size: 21
f(n) = 20.0 (Expanded Nodes: 89, Evaluated States: 111, Time: 0.093) Frontier Size: 22
Extracting plan with execution delta: 1.0
Problem Solved

Found Plan:
0: (validate-payload t0 a8 t1)
0: (sync-actions t0 t1 a8)
0: (add_action a13)
0: (check_added_parameter_model a13)
0: (add_move_automata a13)
0: -----waiting---- [20.0]
20.0: (stop_wait)
20.0: (add_action a15)
20.0: (check_added_parameter_model a15)
20.0: (add_move_automata a15)
20.0: (stop_wait)
20.0: (add_action a26)
20.0: (check_added_parameter_model a26)
20.0: (add_move_automata a26)
20.0: (stop_wait)
20.0: (add_action a28)
20.0: (check_added_parameter_model a28)
20.0: (add_move_automata a28)
20.0: (stop_wait)
20.0: (add_action a14)
20.0: (check_added_parameter_model a14)
20.0: (add_move_automata a14)
20.0: (stop_wait)
20.0: (add_action a9)
20.0: (check_added_parameter_model a9)
20.0: (add_move_automata a9)
20.0: (stop_wait)
20.0: (add_action a12)
20.0: (check_added_parameter_model a12)
20.0: (add_move_automata a12)
20.0: (stop_wait)
20.0: (add_action a17)
20.0: (check_added_parameter_model a17)
20.0: (add_move_automata a17)
20.0: (stop_wait)
20.0: (add_action a3)
20.0: (check_added_parameter_model a3)
20.0: (add_move_automata a3)
20.0: (stop_wait)
20.0: (add_action a6)
20.0: (check_added_parameter_model a6)
20.0: (add_move_automata a6)
20.0: (stop_wait)
20.0: (add_action a5)
20.0: (check_added_parameter_model a5)
20.0: (add_move_automata a5)
20.0: (stop_wait)
20.0: (add_action a21)
20.0: (check_added_parameter_model a21)
20.0: (add_move_automata a21)
20.0: (stop_wait)
20.0: (add_action a24)
20.0: (check_added_parameter_model a24)
20.0: (add_move_automata a24)
20.0: (stop_wait)
20.0: (add_action a16)
20.0: (check_added_parameter_model a16)
20.0: (add_move_automata a16)
20.0: (stop_wait)
20.0: (add_action a19)
20.0: (check_added_parameter_model a19)
20.0: (add_move_automata a19)
20.0: (stop_wait)
20.0: (add_action a20)
20.0: (check_added_parameter_model a20)
20.0: (add_move_automata a20)

Plan-Length:85
Elapsed Time: 20.0
Metric (Search):20.0
Planning Time (msec): 146
Heuristic Time (msec): 9
Search Time (msec): 137
Expanded Nodes:273
States Evaluated:326
Number of Dead-Ends detected:0
Number of Duplicates detected:182
/usr/bin/time -v timeout 600 java -Xmx64g -jar ./enhsp3.jar -o ./domain_framed_autonomy_process_reset.pddl -f ./problems/a35g6-prefix-1-a35g6_1_timed_data/problem7.pddl -h blind -s WAStar
Domain parsed
Problem parsed
Grounding..
Grounding Time: 9928
UFX:true
|F|:47961
|X|:5
Heuristic Problem Creation
|A|:1609
|P|:2
|E|:0
Delta time heuristic model:1.0
Delta time planning model:1.0
Delta time search-execution model:1.0
Delta time validation model:1
h(I):0.0
f(n) = 1.0 (Expanded Nodes: 13, Evaluated States: 16, Time: 0.032) Frontier Size: 3
f(n) = 2.0 (Expanded Nodes: 17, Evaluated States: 21, Time: 0.057) Frontier Size: 4
f(n) = 3.0 (Expanded Nodes: 21, Evaluated States: 26, Time: 0.063) Frontier Size: 5
f(n) = 4.0 (Expanded Nodes: 25, Evaluated States: 31, Time: 0.064) Frontier Size: 6
f(n) = 5.0 (Expanded Nodes: 29, Evaluated States: 36, Time: 0.065) Frontier Size: 7
f(n) = 6.0 (Expanded Nodes: 33, Evaluated States: 41, Time: 0.066) Frontier Size: 8
f(n) = 7.0 (Expanded Nodes: 37, Evaluated States: 46, Time: 0.069) Frontier Size: 9
f(n) = 8.0 (Expanded Nodes: 41, Evaluated States: 51, Time: 0.072) Frontier Size: 10
f(n) = 9.0 (Expanded Nodes: 45, Evaluated States: 56, Time: 0.075) Frontier Size: 11
f(n) = 10.0 (Expanded Nodes: 49, Evaluated States: 61, Time: 0.075) Frontier Size: 12
f(n) = 11.0 (Expanded Nodes: 53, Evaluated States: 66, Time: 0.076) Frontier Size: 13
f(n) = 12.0 (Expanded Nodes: 57, Evaluated States: 71, Time: 0.079) Frontier Size: 14
f(n) = 13.0 (Expanded Nodes: 61, Evaluated States: 76, Time: 0.08) Frontier Size: 15
f(n) = 14.0 (Expanded Nodes: 65, Evaluated States: 81, Time: 0.08) Frontier Size: 16
f(n) = 15.0 (Expanded Nodes: 69, Evaluated States: 86, Time: 0.081) Frontier Size: 17
f(n) = 16.0 (Expanded Nodes: 73, Evaluated States: 91, Time: 0.081) Frontier Size: 18
f(n) = 17.0 (Expanded Nodes: 77, Evaluated States: 96, Time: 0.082) Frontier Size: 19
f(n) = 18.0 (Expanded Nodes: 81, Evaluated States: 101, Time: 0.087) Frontier Size: 20
f(n) = 19.0 (Expanded Nodes: 85, Evaluated States: 106, Time: 0.087) Frontier Size: 21
f(n) = 20.0 (Expanded Nodes: 89, Evaluated States: 111, Time: 0.088) Frontier Size: 22
Extracting plan with execution delta: 1.0
Problem Solved

Found Plan:
0: (validate-payload t0 a8 t1)
0: (sync-actions t0 t1 a8)
0: (add_action a13)
0: (check_added_parameter_model a13)
0: (add_move_automata a13)
0: -----waiting---- [20.0]
20.0: (stop_wait)
20.0: (add_action a15)
20.0: (check_added_parameter_model a15)
20.0: (add_move_automata a15)
20.0: (stop_wait)
20.0: (add_action a26)
20.0: (check_added_parameter_model a26)
20.0: (add_move_automata a26)
20.0: (stop_wait)
20.0: (add_action a28)
20.0: (check_added_parameter_model a28)
20.0: (add_move_automata a28)
20.0: (stop_wait)
20.0: (add_action a14)
20.0: (check_added_parameter_model a14)
20.0: (add_move_automata a14)
20.0: (stop_wait)
20.0: (add_action a9)
20.0: (check_added_parameter_model a9)
20.0: (add_move_automata a9)
20.0: (stop_wait)
20.0: (add_action a12)
20.0: (check_added_parameter_model a12)
20.0: (add_move_automata a12)
20.0: (stop_wait)
20.0: (add_action a17)
20.0: (check_added_parameter_model a17)
20.0: (add_move_automata a17)
20.0: (stop_wait)
20.0: (add_action a3)
20.0: (check_added_parameter_model a3)
20.0: (add_move_automata a3)
20.0: (stop_wait)
20.0: (add_action a6)
20.0: (check_added_parameter_model a6)
20.0: (add_move_automata a6)
20.0: (stop_wait)
20.0: (add_action a5)
20.0: (check_added_parameter_model a5)
20.0: (add_move_automata a5)
20.0: (stop_wait)
20.0: (add_action a21)
20.0: (check_added_parameter_model a21)
20.0: (add_move_automata a21)
20.0: (stop_wait)
20.0: (add_action a24)
20.0: (check_added_parameter_model a24)
20.0: (add_move_automata a24)
20.0: (stop_wait)
20.0: (add_action a16)
20.0: (check_added_parameter_model a16)
20.0: (add_move_automata a16)
20.0: (stop_wait)
20.0: (add_action a19)
20.0: (check_added_parameter_model a19)
20.0: (add_move_automata a19)
20.0: (stop_wait)
20.0: (add_action a20)
20.0: (check_added_parameter_model a20)
20.0: (add_move_automata a20)

Plan-Length:85
Elapsed Time: 20.0
Metric (Search):20.0
Planning Time (msec): 147
Heuristic Time (msec): 9
Search Time (msec): 137
Expanded Nodes:273
States Evaluated:326
Number of Dead-Ends detected:0
Number of Duplicates detected:182
/usr/bin/time -v timeout 600 java -Xmx64g -jar ./enhsp3.jar -o ./domain_framed_autonomy_process_reset.pddl -f ./problems/a35g6-prefix-1-a35g6_1_timed_data/problem8.pddl -h blind -s WAStar
Domain parsed
Problem parsed
Grounding..
Grounding Time: 10145
UFX:true
|F|:47961
|X|:5
Heuristic Problem Creation
|A|:1609
|P|:2
|E|:0
Delta time heuristic model:1.0
Delta time planning model:1.0
Delta time search-execution model:1.0
Delta time validation model:1
h(I):0.0
f(n) = 1.0 (Expanded Nodes: 13, Evaluated States: 16, Time: 0.029) Frontier Size: 3
f(n) = 2.0 (Expanded Nodes: 17, Evaluated States: 21, Time: 0.051) Frontier Size: 4
f(n) = 3.0 (Expanded Nodes: 21, Evaluated States: 26, Time: 0.056) Frontier Size: 5
f(n) = 4.0 (Expanded Nodes: 25, Evaluated States: 31, Time: 0.057) Frontier Size: 6
f(n) = 5.0 (Expanded Nodes: 29, Evaluated States: 36, Time: 0.062) Frontier Size: 7
f(n) = 6.0 (Expanded Nodes: 33, Evaluated States: 41, Time: 0.064) Frontier Size: 8
f(n) = 7.0 (Expanded Nodes: 37, Evaluated States: 46, Time: 0.066) Frontier Size: 9
f(n) = 8.0 (Expanded Nodes: 41, Evaluated States: 51, Time: 0.07) Frontier Size: 10
f(n) = 9.0 (Expanded Nodes: 45, Evaluated States: 56, Time: 0.071) Frontier Size: 11
f(n) = 10.0 (Expanded Nodes: 49, Evaluated States: 61, Time: 0.072) Frontier Size: 12
f(n) = 11.0 (Expanded Nodes: 53, Evaluated States: 66, Time: 0.076) Frontier Size: 13
f(n) = 12.0 (Expanded Nodes: 57, Evaluated States: 71, Time: 0.08) Frontier Size: 14
f(n) = 13.0 (Expanded Nodes: 61, Evaluated States: 76, Time: 0.081) Frontier Size: 15
f(n) = 14.0 (Expanded Nodes: 65, Evaluated States: 81, Time: 0.082) Frontier Size: 16
f(n) = 15.0 (Expanded Nodes: 69, Evaluated States: 86, Time: 0.084) Frontier Size: 17
f(n) = 16.0 (Expanded Nodes: 73, Evaluated States: 91, Time: 0.088) Frontier Size: 18
f(n) = 17.0 (Expanded Nodes: 77, Evaluated States: 96, Time: 0.089) Frontier Size: 19
f(n) = 18.0 (Expanded Nodes: 81, Evaluated States: 101, Time: 0.09) Frontier Size: 20
f(n) = 19.0 (Expanded Nodes: 85, Evaluated States: 106, Time: 0.091) Frontier Size: 21
f(n) = 20.0 (Expanded Nodes: 89, Evaluated States: 111, Time: 0.092) Frontier Size: 22
Extracting plan with execution delta: 1.0
Problem Solved

Found Plan:
0: (validate-payload t0 a8 t1)
0: (sync-actions t0 t1 a8)
0: (add_action a13)
0: (check_added_parameter_model a13)
0: (add_move_automata a13)
0: -----waiting---- [20.0]
20.0: (stop_wait)
20.0: (add_action a15)
20.0: (check_added_parameter_model a15)
20.0: (add_move_automata a15)
20.0: (stop_wait)
20.0: (add_action a26)
20.0: (check_added_parameter_model a26)
20.0: (add_move_automata a26)
20.0: (stop_wait)
20.0: (add_action a28)
20.0: (check_added_parameter_model a28)
20.0: (add_move_automata a28)
20.0: (stop_wait)
20.0: (add_action a14)
20.0: (check_added_parameter_model a14)
20.0: (add_move_automata a14)
20.0: (stop_wait)
20.0: (add_action a9)
20.0: (check_added_parameter_model a9)
20.0: (add_move_automata a9)
20.0: (stop_wait)
20.0: (add_action a12)
20.0: (check_added_parameter_model a12)
20.0: (add_move_automata a12)
20.0: (stop_wait)
20.0: (add_action a17)
20.0: (check_added_parameter_model a17)
20.0: (add_move_automata a17)
20.0: (stop_wait)
20.0: (add_action a3)
20.0: (check_added_parameter_model a3)
20.0: (add_move_automata a3)
20.0: (stop_wait)
20.0: (add_action a6)
20.0: (check_added_parameter_model a6)
20.0: (add_move_automata a6)
20.0: (stop_wait)
20.0: (add_action a5)
20.0: (check_added_parameter_model a5)
20.0: (add_move_automata a5)
20.0: (stop_wait)
20.0: (add_action a21)
20.0: (check_added_parameter_model a21)
20.0: (add_move_automata a21)
20.0: (stop_wait)
20.0: (add_action a24)
20.0: (check_added_parameter_model a24)
20.0: (add_move_automata a24)
20.0: (stop_wait)
20.0: (add_action a16)
20.0: (check_added_parameter_model a16)
20.0: (add_move_automata a16)
20.0: (stop_wait)
20.0: (add_action a19)
20.0: (check_added_parameter_model a19)
20.0: (add_move_automata a19)
20.0: (stop_wait)
20.0: (add_action a20)
20.0: (check_added_parameter_model a20)
20.0: (add_move_automata a20)

Plan-Length:85
Elapsed Time: 20.0
Metric (Search):20.0
Planning Time (msec): 181
Heuristic Time (msec): 5
Search Time (msec): 169
Expanded Nodes:273
States Evaluated:326
Number of Dead-Ends detected:0
Number of Duplicates detected:182
/usr/bin/time -v timeout 600 java -Xmx64g -jar ./enhsp3.jar -o ./domain_framed_autonomy_process_reset.pddl -f ./problems/a35g6-prefix-1-a35g6_1_timed_data/problem9.pddl -h blind -s WAStar
Domain parsed
Problem parsed
Grounding..
Grounding Time: 10801
UFX:true
|F|:47961
|X|:5
Heuristic Problem Creation
|A|:1609
|P|:2
|E|:0
Delta time heuristic model:1.0
Delta time planning model:1.0
Delta time search-execution model:1.0
Delta time validation model:1
h(I):0.0
f(n) = 1.0 (Expanded Nodes: 13, Evaluated States: 16, Time: 0.03) Frontier Size: 3
f(n) = 2.0 (Expanded Nodes: 17, Evaluated States: 21, Time: 0.055) Frontier Size: 4
f(n) = 3.0 (Expanded Nodes: 21, Evaluated States: 26, Time: 0.057) Frontier Size: 5
f(n) = 4.0 (Expanded Nodes: 25, Evaluated States: 31, Time: 0.062) Frontier Size: 6
f(n) = 5.0 (Expanded Nodes: 29, Evaluated States: 36, Time: 0.063) Frontier Size: 7
f(n) = 6.0 (Expanded Nodes: 33, Evaluated States: 41, Time: 0.064) Frontier Size: 8
f(n) = 7.0 (Expanded Nodes: 37, Evaluated States: 46, Time: 0.07) Frontier Size: 9
f(n) = 8.0 (Expanded Nodes: 41, Evaluated States: 51, Time: 0.071) Frontier Size: 10
f(n) = 9.0 (Expanded Nodes: 45, Evaluated States: 56, Time: 0.072) Frontier Size: 11
f(n) = 10.0 (Expanded Nodes: 49, Evaluated States: 61, Time: 0.078) Frontier Size: 12
f(n) = 11.0 (Expanded Nodes: 53, Evaluated States: 66, Time: 0.079) Frontier Size: 13
f(n) = 12.0 (Expanded Nodes: 57, Evaluated States: 71, Time: 0.08) Frontier Size: 14
f(n) = 13.0 (Expanded Nodes: 61, Evaluated States: 76, Time: 0.083) Frontier Size: 15
f(n) = 14.0 (Expanded Nodes: 65, Evaluated States: 81, Time: 0.087) Frontier Size: 16
f(n) = 15.0 (Expanded Nodes: 69, Evaluated States: 86, Time: 0.087) Frontier Size: 17
f(n) = 16.0 (Expanded Nodes: 73, Evaluated States: 91, Time: 0.088) Frontier Size: 18
f(n) = 17.0 (Expanded Nodes: 77, Evaluated States: 96, Time: 0.089) Frontier Size: 19
f(n) = 18.0 (Expanded Nodes: 81, Evaluated States: 101, Time: 0.09) Frontier Size: 20
f(n) = 19.0 (Expanded Nodes: 85, Evaluated States: 106, Time: 0.095) Frontier Size: 21
f(n) = 20.0 (Expanded Nodes: 89, Evaluated States: 111, Time: 0.096) Frontier Size: 22
Extracting plan with execution delta: 1.0
Problem Solved

Found Plan:
0: (validate-payload t0 a8 t1)
0: (sync-actions t0 t1 a8)
0: (add_action a13)
0: (check_added_parameter_model a13)
0: (add_move_automata a13)
0: -----waiting---- [20.0]
20.0: (stop_wait)
20.0: (add_action a15)
20.0: (check_added_parameter_model a15)
20.0: (add_move_automata a15)
20.0: (stop_wait)
20.0: (add_action a26)
20.0: (check_added_parameter_model a26)
20.0: (add_move_automata a26)
20.0: (stop_wait)
20.0: (add_action a28)
20.0: (check_added_parameter_model a28)
20.0: (add_move_automata a28)
20.0: (stop_wait)
20.0: (add_action a14)
20.0: (check_added_parameter_model a14)
20.0: (add_move_automata a14)
20.0: (stop_wait)
20.0: (add_action a9)
20.0: (check_added_parameter_model a9)
20.0: (add_move_automata a9)
20.0: (stop_wait)
20.0: (add_action a12)
20.0: (check_added_parameter_model a12)
20.0: (add_move_automata a12)
20.0: (stop_wait)
20.0: (add_action a17)
20.0: (check_added_parameter_model a17)
20.0: (add_move_automata a17)
20.0: (stop_wait)
20.0: (add_action a3)
20.0: (check_added_parameter_model a3)
20.0: (add_move_automata a3)
20.0: (stop_wait)
20.0: (add_action a6)
20.0: (check_added_parameter_model a6)
20.0: (add_move_automata a6)
20.0: (stop_wait)
20.0: (add_action a5)
20.0: (check_added_parameter_model a5)
20.0: (add_move_automata a5)
20.0: (stop_wait)
20.0: (add_action a21)
20.0: (check_added_parameter_model a21)
20.0: (add_move_automata a21)
20.0: (stop_wait)
20.0: (add_action a24)
20.0: (check_added_parameter_model a24)
20.0: (add_move_automata a24)
20.0: (stop_wait)
20.0: (add_action a16)
20.0: (check_added_parameter_model a16)
20.0: (add_move_automata a16)
20.0: (stop_wait)
20.0: (add_action a19)
20.0: (check_added_parameter_model a19)
20.0: (add_move_automata a19)
20.0: (stop_wait)
20.0: (add_action a20)
20.0: (check_added_parameter_model a20)
20.0: (add_move_automata a20)

Plan-Length:85
Elapsed Time: 20.0
Metric (Search):20.0
Planning Time (msec): 183
Heuristic Time (msec): 5
Search Time (msec): 177
Expanded Nodes:273
States Evaluated:326
Number of Dead-Ends detected:0
Number of Duplicates detected:182
/usr/bin/time -v timeout 600 java -Xmx64g -jar ./enhsp3.jar -o ./domain_framed_autonomy_process_reset.pddl -f ./problems/a35g6-prefix-1-a35g6_1_timed_data/problem10.pddl -h blind -s WAStar
Domain parsed
Problem parsed
Grounding..
Grounding Time: 10100
UFX:true
|F|:47961
|X|:5
Heuristic Problem Creation
|A|:1609
|P|:2
|E|:0
Delta time heuristic model:1.0
Delta time planning model:1.0
Delta time search-execution model:1.0
Delta time validation model:1
h(I):0.0
f(n) = 1.0 (Expanded Nodes: 13, Evaluated States: 16, Time: 0.029) Frontier Size: 3
f(n) = 2.0 (Expanded Nodes: 17, Evaluated States: 21, Time: 0.052) Frontier Size: 4
f(n) = 3.0 (Expanded Nodes: 21, Evaluated States: 26, Time: 0.058) Frontier Size: 5
f(n) = 4.0 (Expanded Nodes: 25, Evaluated States: 31, Time: 0.059) Frontier Size: 6
f(n) = 5.0 (Expanded Nodes: 29, Evaluated States: 36, Time: 0.06) Frontier Size: 7
f(n) = 6.0 (Expanded Nodes: 33, Evaluated States: 41, Time: 0.065) Frontier Size: 8
f(n) = 7.0 (Expanded Nodes: 37, Evaluated States: 46, Time: 0.067) Frontier Size: 9
f(n) = 8.0 (Expanded Nodes: 41, Evaluated States: 51, Time: 0.072) Frontier Size: 10
f(n) = 9.0 (Expanded Nodes: 45, Evaluated States: 56, Time: 0.073) Frontier Size: 11
f(n) = 10.0 (Expanded Nodes: 49, Evaluated States: 61, Time: 0.074) Frontier Size: 12
f(n) = 11.0 (Expanded Nodes: 53, Evaluated States: 66, Time: 0.08) Frontier Size: 13
f(n) = 12.0 (Expanded Nodes: 57, Evaluated States: 71, Time: 0.081) Frontier Size: 14
f(n) = 13.0 (Expanded Nodes: 61, Evaluated States: 76, Time: 0.081) Frontier Size: 15
f(n) = 14.0 (Expanded Nodes: 65, Evaluated States: 81, Time: 0.082) Frontier Size: 16
f(n) = 15.0 (Expanded Nodes: 69, Evaluated States: 86, Time: 0.089) Frontier Size: 17
f(n) = 16.0 (Expanded Nodes: 73, Evaluated States: 91, Time: 0.089) Frontier Size: 18
f(n) = 17.0 (Expanded Nodes: 77, Evaluated States: 96, Time: 0.09) Frontier Size: 19
f(n) = 18.0 (Expanded Nodes: 81, Evaluated States: 101, Time: 0.091) Frontier Size: 20
f(n) = 19.0 (Expanded Nodes: 85, Evaluated States: 106, Time: 0.094) Frontier Size: 21
f(n) = 20.0 (Expanded Nodes: 89, Evaluated States: 111, Time: 0.098) Frontier Size: 22
Extracting plan with execution delta: 1.0
Problem Solved

Found Plan:
0: (validate-payload t0 a8 t1)
0: (sync-actions t0 t1 a8)
0: (add_action a13)
0: (check_added_parameter_model a13)
0: (add_move_automata a13)
0: -----waiting---- [20.0]
20.0: (stop_wait)
20.0: (add_action a15)
20.0: (check_added_parameter_model a15)
20.0: (add_move_automata a15)
20.0: (stop_wait)
20.0: (add_action a26)
20.0: (check_added_parameter_model a26)
20.0: (add_move_automata a26)
20.0: (stop_wait)
20.0: (add_action a28)
20.0: (check_added_parameter_model a28)
20.0: (add_move_automata a28)
20.0: (stop_wait)
20.0: (add_action a14)
20.0: (check_added_parameter_model a14)
20.0: (add_move_automata a14)
20.0: (stop_wait)
20.0: (add_action a9)
20.0: (check_added_parameter_model a9)
20.0: (add_move_automata a9)
20.0: (stop_wait)
20.0: (add_action a12)
20.0: (check_added_parameter_model a12)
20.0: (add_move_automata a12)
20.0: (stop_wait)
20.0: (add_action a17)
20.0: (check_added_parameter_model a17)
20.0: (add_move_automata a17)
20.0: (stop_wait)
20.0: (add_action a3)
20.0: (check_added_parameter_model a3)
20.0: (add_move_automata a3)
20.0: (stop_wait)
20.0: (add_action a6)
20.0: (check_added_parameter_model a6)
20.0: (add_move_automata a6)
20.0: (stop_wait)
20.0: (add_action a5)
20.0: (check_added_parameter_model a5)
20.0: (add_move_automata a5)
20.0: (stop_wait)
20.0: (add_action a21)
20.0: (check_added_parameter_model a21)
20.0: (add_move_automata a21)
20.0: (stop_wait)
20.0: (add_action a24)
20.0: (check_added_parameter_model a24)
20.0: (add_move_automata a24)
20.0: (stop_wait)
20.0: (add_action a16)
20.0: (check_added_parameter_model a16)
20.0: (add_move_automata a16)
20.0: (stop_wait)
20.0: (add_action a19)
20.0: (check_added_parameter_model a19)
20.0: (add_move_automata a19)
20.0: (stop_wait)
20.0: (add_action a20)
20.0: (check_added_parameter_model a20)
20.0: (add_move_automata a20)

Plan-Length:85
Elapsed Time: 20.0
Metric (Search):20.0
Planning Time (msec): 176
Heuristic Time (msec): 5
Search Time (msec): 165
Expanded Nodes:273
States Evaluated:326
Number of Dead-Ends detected:0
Number of Duplicates detected:182
