/usr/bin/time -v timeout 600 java -Xmx64g -jar ./enhsp3.jar -o ./domain_framed_autonomy_process_reset.pddl -f ./problems/a20g6-prefix-1-a20g6_3_timed_data/problem1.pddl -h blind -s WAStar
Domain parsed
Problem parsed
Grounding..
Grounding Time: 5556
UFX:true
|F|:16860
|X|:12
Heuristic Problem Creation
|A|:534
|P|:2
|E|:0
Delta time heuristic model:1.0
Delta time planning model:1.0
Delta time search-execution model:1.0
Delta time validation model:1
h(I):0.0
Extracting plan with execution delta: 1.0
Problem Solved

Found Plan:
0: (validate-payload t0 a10 t1)
0: (sync-actions t0 t1 a10)
0: (add_action a6)
0: (check_added_parameter_model a6)
0: (add_move_automata a6)
0: (stop_wait)
0: (add_action a7)
0: (check_added_parameter_model a7)
0: (add_move_automata a7)
0: (stop_wait)
0: (add_action a8)
0: (check_added_parameter_model a8)
0: (add_move_automata a8)
0: (stop_wait)
0: (add_action a9)
0: (check_added_parameter_model a9)
0: (add_move_automata a9)
0: (stop_wait)
0: (add_action a11)
0: (check_added_parameter_model a11)
0: (add_move_automata a11)
0: (stop_wait)
0: (add_action a14)
0: (check_added_parameter_model a14)
0: (add_move_automata a14)
0: (stop_wait)
0: (add_action a2)
0: (check_added_parameter_model a2)
0: (add_move_automata a2)
0: (stop_wait)
0: (add_action a15)
0: (check_added_parameter_model a15)
0: (add_move_automata a15)
0: (stop_wait)
0: (add_action a5)
0: (check_added_parameter_model a5)
0: (add_move_automata a5)
0: (stop_wait)
0: (add_action a0)
0: (check_added_parameter_model a0)
0: (add_move_automata a0)
0: (stop_wait)
0: (add_action a1)
0: (check_added_parameter_model a1)
0: (add_move_automata a1)

Plan-Length:45
Elapsed Time: 0
Metric (Search):0.0
Planning Time (msec): 67
Heuristic Time (msec): 7
Search Time (msec): 64
Expanded Nodes:103
States Evaluated:120
Number of Dead-Ends detected:0
Number of Duplicates detected:63
/usr/bin/time -v timeout 600 java -Xmx64g -jar ./enhsp3.jar -o ./domain_framed_autonomy_process_reset.pddl -f ./problems/a20g6-prefix-1-a20g6_3_timed_data/problem2.pddl -h blind -s WAStar
Domain parsed
Problem parsed
Grounding..
Grounding Time: 6152
UFX:true
|F|:16860
|X|:12
Heuristic Problem Creation
|A|:534
|P|:2
|E|:0
Delta time heuristic model:1.0
Delta time planning model:1.0
Delta time search-execution model:1.0
Delta time validation model:1
h(I):0.0
Extracting plan with execution delta: 1.0
Problem Solved

Found Plan:
0: (validate-payload t0 a10 t1)
0: (sync-actions t0 t1 a10)
0: (add_action a6)
0: (check_added_parameter_model a6)
0: (add_move_automata a6)
0: (stop_wait)
0: (add_action a7)
0: (check_added_parameter_model a7)
0: (add_move_automata a7)
0: (stop_wait)
0: (add_action a8)
0: (check_added_parameter_model a8)
0: (add_move_automata a8)
0: (stop_wait)
0: (add_action a9)
0: (check_added_parameter_model a9)
0: (add_move_automata a9)
0: (stop_wait)
0: (add_action a11)
0: (check_added_parameter_model a11)
0: (add_move_automata a11)
0: (stop_wait)
0: (add_action a14)
0: (check_added_parameter_model a14)
0: (add_move_automata a14)
0: (stop_wait)
0: (add_action a2)
0: (check_added_parameter_model a2)
0: (add_move_automata a2)
0: (stop_wait)
0: (add_action a15)
0: (check_added_parameter_model a15)
0: (add_move_automata a15)
0: (stop_wait)
0: (add_action a5)
0: (check_added_parameter_model a5)
0: (add_move_automata a5)
0: (stop_wait)
0: (add_action a0)
0: (check_added_parameter_model a0)
0: (add_move_automata a0)
0: (stop_wait)
0: (add_action a1)
0: (check_added_parameter_model a1)
0: (add_move_automata a1)

Plan-Length:45
Elapsed Time: 0
Metric (Search):0.0
Planning Time (msec): 71
Heuristic Time (msec): 5
Search Time (msec): 65
Expanded Nodes:103
States Evaluated:120
Number of Dead-Ends detected:0
Number of Duplicates detected:63
/usr/bin/time -v timeout 600 java -Xmx64g -jar ./enhsp3.jar -o ./domain_framed_autonomy_process_reset.pddl -f ./problems/a20g6-prefix-1-a20g6_3_timed_data/problem3.pddl -h blind -s WAStar
Domain parsed
Problem parsed
Grounding..
Grounding Time: 5078
UFX:true
|F|:16860
|X|:12
Heuristic Problem Creation
|A|:534
|P|:2
|E|:0
Delta time heuristic model:1.0
Delta time planning model:1.0
Delta time search-execution model:1.0
Delta time validation model:1
h(I):0.0
Extracting plan with execution delta: 1.0
Problem Solved

Found Plan:
0: (validate-payload t0 a10 t1)
0: (sync-actions t0 t1 a10)
0: (add_action a6)
0: (check_added_parameter_model a6)
0: (add_move_automata a6)
0: (stop_wait)
0: (add_action a7)
0: (check_added_parameter_model a7)
0: (add_move_automata a7)
0: (stop_wait)
0: (add_action a8)
0: (check_added_parameter_model a8)
0: (add_move_automata a8)
0: (stop_wait)
0: (add_action a9)
0: (check_added_parameter_model a9)
0: (add_move_automata a9)
0: (stop_wait)
0: (add_action a11)
0: (check_added_parameter_model a11)
0: (add_move_automata a11)
0: (stop_wait)
0: (add_action a14)
0: (check_added_parameter_model a14)
0: (add_move_automata a14)
0: (stop_wait)
0: (add_action a2)
0: (check_added_parameter_model a2)
0: (add_move_automata a2)
0: (stop_wait)
0: (add_action a15)
0: (check_added_parameter_model a15)
0: (add_move_automata a15)
0: (stop_wait)
0: (add_action a5)
0: (check_added_parameter_model a5)
0: (add_move_automata a5)
0: (stop_wait)
0: (add_action a0)
0: (check_added_parameter_model a0)
0: (add_move_automata a0)
0: (stop_wait)
0: (add_action a1)
0: (check_added_parameter_model a1)
0: (add_move_automata a1)

Plan-Length:45
Elapsed Time: 0
Metric (Search):0.0
Planning Time (msec): 79
Heuristic Time (msec): 8
Search Time (msec): 66
Expanded Nodes:103
States Evaluated:120
Number of Dead-Ends detected:0
Number of Duplicates detected:63
/usr/bin/time -v timeout 600 java -Xmx64g -jar ./enhsp3.jar -o ./domain_framed_autonomy_process_reset.pddl -f ./problems/a20g6-prefix-1-a20g6_3_timed_data/problem4.pddl -h blind -s WAStar
Domain parsed
Problem parsed
Grounding..
Grounding Time: 5875
UFX:true
|F|:16860
|X|:12
Heuristic Problem Creation
|A|:534
|P|:2
|E|:0
Delta time heuristic model:1.0
Delta time planning model:1.0
Delta time search-execution model:1.0
Delta time validation model:1
h(I):0.0
Extracting plan with execution delta: 1.0
Problem Solved

Found Plan:
0: (validate-payload t0 a10 t1)
0: (sync-actions t0 t1 a10)
0: (add_action a6)
0: (check_added_parameter_model a6)
0: (add_move_automata a6)
0: (stop_wait)
0: (add_action a7)
0: (check_added_parameter_model a7)
0: (add_move_automata a7)
0: (stop_wait)
0: (add_action a8)
0: (check_added_parameter_model a8)
0: (add_move_automata a8)
0: (stop_wait)
0: (add_action a9)
0: (check_added_parameter_model a9)
0: (add_move_automata a9)
0: (stop_wait)
0: (add_action a11)
0: (check_added_parameter_model a11)
0: (add_move_automata a11)
0: (stop_wait)
0: (add_action a14)
0: (check_added_parameter_model a14)
0: (add_move_automata a14)
0: (stop_wait)
0: (add_action a2)
0: (check_added_parameter_model a2)
0: (add_move_automata a2)
0: (stop_wait)
0: (add_action a15)
0: (check_added_parameter_model a15)
0: (add_move_automata a15)
0: (stop_wait)
0: (add_action a5)
0: (check_added_parameter_model a5)
0: (add_move_automata a5)
0: (stop_wait)
0: (add_action a0)
0: (check_added_parameter_model a0)
0: (add_move_automata a0)
0: (stop_wait)
0: (add_action a1)
0: (check_added_parameter_model a1)
0: (add_move_automata a1)

Plan-Length:45
Elapsed Time: 0
Metric (Search):0.0
Planning Time (msec): 75
Heuristic Time (msec): 4
Search Time (msec): 63
Expanded Nodes:103
States Evaluated:120
Number of Dead-Ends detected:0
Number of Duplicates detected:63
/usr/bin/time -v timeout 600 java -Xmx64g -jar ./enhsp3.jar -o ./domain_framed_autonomy_process_reset.pddl -f ./problems/a20g6-prefix-1-a20g6_3_timed_data/problem5.pddl -h blind -s WAStar
Domain parsed
Problem parsed
Grounding..
Grounding Time: 5409
UFX:true
|F|:16860
|X|:12
Heuristic Problem Creation
|A|:534
|P|:2
|E|:0
Delta time heuristic model:1.0
Delta time planning model:1.0
Delta time search-execution model:1.0
Delta time validation model:1
h(I):0.0
Extracting plan with execution delta: 1.0
Problem Solved

Found Plan:
0: (validate-payload t0 a10 t1)
0: (sync-actions t0 t1 a10)
0: (add_action a6)
0: (check_added_parameter_model a6)
0: (add_move_automata a6)
0: (stop_wait)
0: (add_action a7)
0: (check_added_parameter_model a7)
0: (add_move_automata a7)
0: (stop_wait)
0: (add_action a8)
0: (check_added_parameter_model a8)
0: (add_move_automata a8)
0: (stop_wait)
0: (add_action a9)
0: (check_added_parameter_model a9)
0: (add_move_automata a9)
0: (stop_wait)
0: (add_action a11)
0: (check_added_parameter_model a11)
0: (add_move_automata a11)
0: (stop_wait)
0: (add_action a14)
0: (check_added_parameter_model a14)
0: (add_move_automata a14)
0: (stop_wait)
0: (add_action a2)
0: (check_added_parameter_model a2)
0: (add_move_automata a2)
0: (stop_wait)
0: (add_action a15)
0: (check_added_parameter_model a15)
0: (add_move_automata a15)
0: (stop_wait)
0: (add_action a5)
0: (check_added_parameter_model a5)
0: (add_move_automata a5)
0: (stop_wait)
0: (add_action a0)
0: (check_added_parameter_model a0)
0: (add_move_automata a0)
0: (stop_wait)
0: (add_action a1)
0: (check_added_parameter_model a1)
0: (add_move_automata a1)

Plan-Length:45
Elapsed Time: 0
Metric (Search):0.0
Planning Time (msec): 72
Heuristic Time (msec): 5
Search Time (msec): 61
Expanded Nodes:103
States Evaluated:120
Number of Dead-Ends detected:0
Number of Duplicates detected:63
/usr/bin/time -v timeout 600 java -Xmx64g -jar ./enhsp3.jar -o ./domain_framed_autonomy_process_reset.pddl -f ./problems/a20g6-prefix-1-a20g6_3_timed_data/problem6.pddl -h blind -s WAStar
Domain parsed
Problem parsed
Grounding..
Grounding Time: 5522
UFX:true
|F|:16860
|X|:12
Heuristic Problem Creation
|A|:534
|P|:2
|E|:0
Delta time heuristic model:1.0
Delta time planning model:1.0
Delta time search-execution model:1.0
Delta time validation model:1
h(I):0.0
Extracting plan with execution delta: 1.0
Problem Solved

Found Plan:
0: (validate-payload t0 a10 t1)
0: (sync-actions t0 t1 a10)
0: (add_action a6)
0: (check_added_parameter_model a6)
0: (add_move_automata a6)
0: (stop_wait)
0: (add_action a7)
0: (check_added_parameter_model a7)
0: (add_move_automata a7)
0: (stop_wait)
0: (add_action a8)
0: (check_added_parameter_model a8)
0: (add_move_automata a8)
0: (stop_wait)
0: (add_action a9)
0: (check_added_parameter_model a9)
0: (add_move_automata a9)
0: (stop_wait)
0: (add_action a11)
0: (check_added_parameter_model a11)
0: (add_move_automata a11)
0: (stop_wait)
0: (add_action a14)
0: (check_added_parameter_model a14)
0: (add_move_automata a14)
0: (stop_wait)
0: (add_action a2)
0: (check_added_parameter_model a2)
0: (add_move_automata a2)
0: (stop_wait)
0: (add_action a15)
0: (check_added_parameter_model a15)
0: (add_move_automata a15)
0: (stop_wait)
0: (add_action a5)
0: (check_added_parameter_model a5)
0: (add_move_automata a5)
0: (stop_wait)
0: (add_action a0)
0: (check_added_parameter_model a0)
0: (add_move_automata a0)
0: (stop_wait)
0: (add_action a1)
0: (check_added_parameter_model a1)
0: (add_move_automata a1)

Plan-Length:45
Elapsed Time: 0
Metric (Search):0.0
Planning Time (msec): 70
Heuristic Time (msec): 3
Search Time (msec): 63
Expanded Nodes:103
States Evaluated:120
Number of Dead-Ends detected:0
Number of Duplicates detected:63
/usr/bin/time -v timeout 600 java -Xmx64g -jar ./enhsp3.jar -o ./domain_framed_autonomy_process_reset.pddl -f ./problems/a20g6-prefix-1-a20g6_3_timed_data/problem7.pddl -h blind -s WAStar
Domain parsed
Problem parsed
Grounding..
Grounding Time: 5705
UFX:true
|F|:16860
|X|:12
Heuristic Problem Creation
|A|:534
|P|:2
|E|:0
Delta time heuristic model:1.0
Delta time planning model:1.0
Delta time search-execution model:1.0
Delta time validation model:1
h(I):0.0
Extracting plan with execution delta: 1.0
Problem Solved

Found Plan:
0: (validate-payload t0 a10 t1)
0: (sync-actions t0 t1 a10)
0: (add_action a6)
0: (check_added_parameter_model a6)
0: (add_move_automata a6)
0: (stop_wait)
0: (add_action a7)
0: (check_added_parameter_model a7)
0: (add_move_automata a7)
0: (stop_wait)
0: (add_action a8)
0: (check_added_parameter_model a8)
0: (add_move_automata a8)
0: (stop_wait)
0: (add_action a9)
0: (check_added_parameter_model a9)
0: (add_move_automata a9)
0: (stop_wait)
0: (add_action a11)
0: (check_added_parameter_model a11)
0: (add_move_automata a11)
0: (stop_wait)
0: (add_action a14)
0: (check_added_parameter_model a14)
0: (add_move_automata a14)
0: (stop_wait)
0: (add_action a2)
0: (check_added_parameter_model a2)
0: (add_move_automata a2)
0: (stop_wait)
0: (add_action a15)
0: (check_added_parameter_model a15)
0: (add_move_automata a15)
0: (stop_wait)
0: (add_action a5)
0: (check_added_parameter_model a5)
0: (add_move_automata a5)
0: (stop_wait)
0: (add_action a0)
0: (check_added_parameter_model a0)
0: (add_move_automata a0)
0: (stop_wait)
0: (add_action a1)
0: (check_added_parameter_model a1)
0: (add_move_automata a1)

Plan-Length:45
Elapsed Time: 0
Metric (Search):0.0
Planning Time (msec): 72
Heuristic Time (msec): 8
Search Time (msec): 68
Expanded Nodes:103
States Evaluated:120
Number of Dead-Ends detected:0
Number of Duplicates detected:63
/usr/bin/time -v timeout 600 java -Xmx64g -jar ./enhsp3.jar -o ./domain_framed_autonomy_process_reset.pddl -f ./problems/a20g6-prefix-1-a20g6_3_timed_data/problem8.pddl -h blind -s WAStar
Domain parsed
Problem parsed
Grounding..
Grounding Time: 5974
UFX:true
|F|:16860
|X|:12
Heuristic Problem Creation
|A|:534
|P|:2
|E|:0
Delta time heuristic model:1.0
Delta time planning model:1.0
Delta time search-execution model:1.0
Delta time validation model:1
h(I):0.0
Extracting plan with execution delta: 1.0
Problem Solved

Found Plan:
0: (validate-payload t0 a10 t1)
0: (sync-actions t0 t1 a10)
0: (add_action a6)
0: (check_added_parameter_model a6)
0: (add_move_automata a6)
0: (stop_wait)
0: (add_action a7)
0: (check_added_parameter_model a7)
0: (add_move_automata a7)
0: (stop_wait)
0: (add_action a8)
0: (check_added_parameter_model a8)
0: (add_move_automata a8)
0: (stop_wait)
0: (add_action a9)
0: (check_added_parameter_model a9)
0: (add_move_automata a9)
0: (stop_wait)
0: (add_action a11)
0: (check_added_parameter_model a11)
0: (add_move_automata a11)
0: (stop_wait)
0: (add_action a14)
0: (check_added_parameter_model a14)
0: (add_move_automata a14)
0: (stop_wait)
0: (add_action a2)
0: (check_added_parameter_model a2)
0: (add_move_automata a2)
0: (stop_wait)
0: (add_action a15)
0: (check_added_parameter_model a15)
0: (add_move_automata a15)
0: (stop_wait)
0: (add_action a5)
0: (check_added_parameter_model a5)
0: (add_move_automata a5)
0: (stop_wait)
0: (add_action a0)
0: (check_added_parameter_model a0)
0: (add_move_automata a0)
0: (stop_wait)
0: (add_action a1)
0: (check_added_parameter_model a1)
0: (add_move_automata a1)

Plan-Length:45
Elapsed Time: 0
Metric (Search):0.0
Planning Time (msec): 77
Heuristic Time (msec): 8
Search Time (msec): 68
Expanded Nodes:103
States Evaluated:120
Number of Dead-Ends detected:0
Number of Duplicates detected:63
/usr/bin/time -v timeout 600 java -Xmx64g -jar ./enhsp3.jar -o ./domain_framed_autonomy_process_reset.pddl -f ./problems/a20g6-prefix-1-a20g6_3_timed_data/problem9.pddl -h blind -s WAStar
Domain parsed
Problem parsed
Grounding..
Grounding Time: 5445
UFX:true
|F|:16860
|X|:12
Heuristic Problem Creation
|A|:534
|P|:2
|E|:0
Delta time heuristic model:1.0
Delta time planning model:1.0
Delta time search-execution model:1.0
Delta time validation model:1
h(I):0.0
Extracting plan with execution delta: 1.0
Problem Solved

Found Plan:
0: (validate-payload t0 a10 t1)
0: (sync-actions t0 t1 a10)
0: (add_action a6)
0: (check_added_parameter_model a6)
0: (add_move_automata a6)
0: (stop_wait)
0: (add_action a7)
0: (check_added_parameter_model a7)
0: (add_move_automata a7)
0: (stop_wait)
0: (add_action a8)
0: (check_added_parameter_model a8)
0: (add_move_automata a8)
0: (stop_wait)
0: (add_action a9)
0: (check_added_parameter_model a9)
0: (add_move_automata a9)
0: (stop_wait)
0: (add_action a11)
0: (check_added_parameter_model a11)
0: (add_move_automata a11)
0: (stop_wait)
0: (add_action a14)
0: (check_added_parameter_model a14)
0: (add_move_automata a14)
0: (stop_wait)
0: (add_action a2)
0: (check_added_parameter_model a2)
0: (add_move_automata a2)
0: (stop_wait)
0: (add_action a15)
0: (check_added_parameter_model a15)
0: (add_move_automata a15)
0: (stop_wait)
0: (add_action a5)
0: (check_added_parameter_model a5)
0: (add_move_automata a5)
0: (stop_wait)
0: (add_action a0)
0: (check_added_parameter_model a0)
0: (add_move_automata a0)
0: (stop_wait)
0: (add_action a1)
0: (check_added_parameter_model a1)
0: (add_move_automata a1)

Plan-Length:45
Elapsed Time: 0
Metric (Search):0.0
Planning Time (msec): 70
Heuristic Time (msec): 9
Search Time (msec): 66
Expanded Nodes:103
States Evaluated:120
Number of Dead-Ends detected:0
Number of Duplicates detected:63
/usr/bin/time -v timeout 600 java -Xmx64g -jar ./enhsp3.jar -o ./domain_framed_autonomy_process_reset.pddl -f ./problems/a20g6-prefix-1-a20g6_3_timed_data/problem10.pddl -h blind -s WAStar
Domain parsed
Problem parsed
Grounding..
Grounding Time: 5426
UFX:true
|F|:16860
|X|:12
Heuristic Problem Creation
|A|:534
|P|:2
|E|:0
Delta time heuristic model:1.0
Delta time planning model:1.0
Delta time search-execution model:1.0
Delta time validation model:1
h(I):0.0
Extracting plan with execution delta: 1.0
Problem Solved

Found Plan:
0: (validate-payload t0 a10 t1)
0: (sync-actions t0 t1 a10)
0: (add_action a6)
0: (check_added_parameter_model a6)
0: (add_move_automata a6)
0: (stop_wait)
0: (add_action a7)
0: (check_added_parameter_model a7)
0: (add_move_automata a7)
0: (stop_wait)
0: (add_action a8)
0: (check_added_parameter_model a8)
0: (add_move_automata a8)
0: (stop_wait)
0: (add_action a9)
0: (check_added_parameter_model a9)
0: (add_move_automata a9)
0: (stop_wait)
0: (add_action a11)
0: (check_added_parameter_model a11)
0: (add_move_automata a11)
0: (stop_wait)
0: (add_action a14)
0: (check_added_parameter_model a14)
0: (add_move_automata a14)
0: (stop_wait)
0: (add_action a2)
0: (check_added_parameter_model a2)
0: (add_move_automata a2)
0: (stop_wait)
0: (add_action a15)
0: (check_added_parameter_model a15)
0: (add_move_automata a15)
0: (stop_wait)
0: (add_action a5)
0: (check_added_parameter_model a5)
0: (add_move_automata a5)
0: (stop_wait)
0: (add_action a0)
0: (check_added_parameter_model a0)
0: (add_move_automata a0)
0: (stop_wait)
0: (add_action a1)
0: (check_added_parameter_model a1)
0: (add_move_automata a1)

Plan-Length:45
Elapsed Time: 0
Metric (Search):0.0
Planning Time (msec): 69
Heuristic Time (msec): 5
Search Time (msec): 60
Expanded Nodes:103
States Evaluated:120
Number of Dead-Ends detected:0
Number of Duplicates detected:63
