/usr/bin/time -v timeout 600 java -Xmx64g -jar ./enhsp3.jar -o ./domain_framed_autonomy_process_reset.pddl -f ./problems/a20g6-prefix-3-a20g6_5_timed/problem1.pddl -h blind -s WAStar
Domain parsed
Problem parsed
Grounding..
Grounding Time: 10117
UFX:true
|F|:23169
|X|:7
Heuristic Problem Creation
|A|:874
|P|:2
|E|:0
Delta time heuristic model:1.0
Delta time planning model:1.0
Delta time search-execution model:1.0
Delta time validation model:1
h(I):0.0
f(n) = 1.0 (Expanded Nodes: 7, Evaluated States: 11, Time: 0.022) Frontier Size: 4
f(n) = 2.0 (Expanded Nodes: 11, Evaluated States: 19, Time: 0.048) Frontier Size: 8
f(n) = 3.0 (Expanded Nodes: 15, Evaluated States: 27, Time: 0.055) Frontier Size: 12
f(n) = 4.0 (Expanded Nodes: 19, Evaluated States: 35, Time: 0.056) Frontier Size: 16
f(n) = 5.0 (Expanded Nodes: 23, Evaluated States: 43, Time: 0.062) Frontier Size: 20
f(n) = 6.0 (Expanded Nodes: 27, Evaluated States: 51, Time: 0.066) Frontier Size: 24
f(n) = 7.0 (Expanded Nodes: 31, Evaluated States: 59, Time: 0.067) Frontier Size: 28
f(n) = 8.0 (Expanded Nodes: 35, Evaluated States: 67, Time: 0.068) Frontier Size: 32
f(n) = 9.0 (Expanded Nodes: 39, Evaluated States: 75, Time: 0.073) Frontier Size: 36
f(n) = 10.0 (Expanded Nodes: 43, Evaluated States: 83, Time: 0.074) Frontier Size: 40
f(n) = 11.0 (Expanded Nodes: 47, Evaluated States: 91, Time: 0.075) Frontier Size: 44
f(n) = 12.0 (Expanded Nodes: 51, Evaluated States: 99, Time: 0.08) Frontier Size: 48
f(n) = 13.0 (Expanded Nodes: 55, Evaluated States: 107, Time: 0.081) Frontier Size: 52
f(n) = 14.0 (Expanded Nodes: 59, Evaluated States: 115, Time: 0.082) Frontier Size: 56
f(n) = 15.0 (Expanded Nodes: 63, Evaluated States: 123, Time: 0.083) Frontier Size: 60
f(n) = 16.0 (Expanded Nodes: 67, Evaluated States: 131, Time: 0.086) Frontier Size: 64
f(n) = 17.0 (Expanded Nodes: 71, Evaluated States: 139, Time: 0.09) Frontier Size: 68
f(n) = 18.0 (Expanded Nodes: 75, Evaluated States: 147, Time: 0.091) Frontier Size: 72
f(n) = 19.0 (Expanded Nodes: 79, Evaluated States: 155, Time: 0.092) Frontier Size: 76
f(n) = 100.0 (Expanded Nodes: 86, Evaluated States: 168, Time: 0.096) Frontier Size: 82
f(n) = 101.0 (Expanded Nodes: 92, Evaluated States: 171, Time: 0.101) Frontier Size: 79
f(n) = 102.0 (Expanded Nodes: 98, Evaluated States: 174, Time: 0.102) Frontier Size: 76
f(n) = 103.0 (Expanded Nodes: 104, Evaluated States: 177, Time: 0.102) Frontier Size: 73
f(n) = 104.0 (Expanded Nodes: 110, Evaluated States: 180, Time: 0.103) Frontier Size: 70
f(n) = 105.0 (Expanded Nodes: 116, Evaluated States: 183, Time: 0.104) Frontier Size: 67
f(n) = 106.0 (Expanded Nodes: 122, Evaluated States: 186, Time: 0.11) Frontier Size: 64
f(n) = 107.0 (Expanded Nodes: 128, Evaluated States: 189, Time: 0.111) Frontier Size: 61
f(n) = 108.0 (Expanded Nodes: 134, Evaluated States: 192, Time: 0.111) Frontier Size: 58
f(n) = 109.0 (Expanded Nodes: 140, Evaluated States: 195, Time: 0.112) Frontier Size: 55
f(n) = 110.0 (Expanded Nodes: 146, Evaluated States: 198, Time: 0.113) Frontier Size: 52
f(n) = 111.0 (Expanded Nodes: 152, Evaluated States: 201, Time: 0.119) Frontier Size: 49
f(n) = 112.0 (Expanded Nodes: 158, Evaluated States: 204, Time: 0.119) Frontier Size: 46
f(n) = 113.0 (Expanded Nodes: 164, Evaluated States: 207, Time: 0.12) Frontier Size: 43
f(n) = 114.0 (Expanded Nodes: 170, Evaluated States: 210, Time: 0.121) Frontier Size: 40
f(n) = 115.0 (Expanded Nodes: 176, Evaluated States: 213, Time: 0.121) Frontier Size: 37
f(n) = 116.0 (Expanded Nodes: 182, Evaluated States: 216, Time: 0.122) Frontier Size: 34
f(n) = 117.0 (Expanded Nodes: 188, Evaluated States: 219, Time: 0.129) Frontier Size: 31
f(n) = 118.0 (Expanded Nodes: 194, Evaluated States: 222, Time: 0.13) Frontier Size: 28
f(n) = 119.0 (Expanded Nodes: 200, Evaluated States: 225, Time: 0.13) Frontier Size: 25
f(n) = 120.0 (Expanded Nodes: 214, Evaluated States: 238, Time: 0.139) Frontier Size: 24
f(n) = 121.0 (Expanded Nodes: 219, Evaluated States: 244, Time: 0.14) Frontier Size: 25
f(n) = 122.0 (Expanded Nodes: 224, Evaluated States: 250, Time: 0.14) Frontier Size: 26
f(n) = 123.0 (Expanded Nodes: 229, Evaluated States: 256, Time: 0.141) Frontier Size: 27
f(n) = 124.0 (Expanded Nodes: 234, Evaluated States: 262, Time: 0.146) Frontier Size: 28
f(n) = 125.0 (Expanded Nodes: 239, Evaluated States: 268, Time: 0.147) Frontier Size: 29
f(n) = 126.0 (Expanded Nodes: 244, Evaluated States: 274, Time: 0.148) Frontier Size: 30
f(n) = 127.0 (Expanded Nodes: 249, Evaluated States: 280, Time: 0.148) Frontier Size: 31
f(n) = 128.0 (Expanded Nodes: 254, Evaluated States: 286, Time: 0.149) Frontier Size: 32
f(n) = 129.0 (Expanded Nodes: 259, Evaluated States: 292, Time: 0.151) Frontier Size: 33
f(n) = 130.0 (Expanded Nodes: 264, Evaluated States: 298, Time: 0.151) Frontier Size: 34
f(n) = 131.0 (Expanded Nodes: 269, Evaluated States: 304, Time: 0.152) Frontier Size: 35
f(n) = 132.0 (Expanded Nodes: 274, Evaluated States: 310, Time: 0.152) Frontier Size: 36
f(n) = 133.0 (Expanded Nodes: 279, Evaluated States: 316, Time: 0.153) Frontier Size: 37
Extracting plan with execution delta: 1.0
Problem Solved

Found Plan:
0: (validate-payload t0 a10 t1)
0: (sync-actions t0 t1 a10)
0: -----waiting---- [19.0]
19.0: (validate-payload t1 a6 t2)
19.0: (sync-actions t1 t2 a6)
19.0: (reset Chain_Response_ActivityA_ActivityC)
19.0: -----waiting---- [33.0]
33.0: (validate-payload t2 a7 t3)
33.0: (sync-actions t2 t3 a7)
33.0: (add_action a8)
33.0: (check_added_parameter_model a8)
33.0: (add_move_automata a8)
33.0: (stop_wait)
33.0: (add_action a9)
33.0: (check_added_parameter_model a9)
33.0: (add_move_automata a9)
33.0: (stop_wait)
33.0: (add_action a11)
33.0: (check_added_parameter_model a11)
33.0: (add_move_automata a11)
33.0: (stop_wait)
33.0: (add_action a14)
33.0: (check_added_parameter_model a14)
33.0: (add_move_automata a14)
33.0: (stop_wait)
33.0: (add_action a2)
33.0: (check_added_parameter_model a2)
33.0: (add_move_automata a2)
33.0: (stop_wait)
33.0: (add_action a15)
33.0: (check_added_parameter_model a15)
33.0: (add_move_automata a15)
33.0: (stop_wait)
33.0: (add_action a5)
33.0: (check_added_parameter_model a5)
33.0: (add_move_automata a5)
33.0: (stop_wait)
33.0: (add_action a0)
33.0: (check_added_parameter_model a0)
33.0: (add_move_automata a0)
33.0: (stop_wait)
33.0: (add_action a1)
33.0: (check_added_parameter_model a1)
33.0: (add_move_automata a1)

Plan-Length:75
Elapsed Time: 33.0
Metric (Search):133.0
Planning Time (msec): 185
Heuristic Time (msec): 8
Search Time (msec): 179
Expanded Nodes:345
States Evaluated:394
Number of Dead-Ends detected:0
Number of Duplicates detected:378
/usr/bin/time -v timeout 600 java -Xmx64g -jar ./enhsp3.jar -o ./domain_framed_autonomy_process_reset.pddl -f ./problems/a20g6-prefix-3-a20g6_5_timed/problem2.pddl -h blind -s WAStar
Domain parsed
Problem parsed
Grounding..
Grounding Time: 9157
UFX:true
|F|:23169
|X|:7
Heuristic Problem Creation
|A|:874
|P|:2
|E|:0
Delta time heuristic model:1.0
Delta time planning model:1.0
Delta time search-execution model:1.0
Delta time validation model:1
h(I):0.0
f(n) = 1.0 (Expanded Nodes: 7, Evaluated States: 11, Time: 0.028) Frontier Size: 4
f(n) = 2.0 (Expanded Nodes: 11, Evaluated States: 19, Time: 0.05) Frontier Size: 8
f(n) = 3.0 (Expanded Nodes: 15, Evaluated States: 27, Time: 0.055) Frontier Size: 12
f(n) = 4.0 (Expanded Nodes: 19, Evaluated States: 35, Time: 0.056) Frontier Size: 16
f(n) = 5.0 (Expanded Nodes: 23, Evaluated States: 43, Time: 0.057) Frontier Size: 20
f(n) = 6.0 (Expanded Nodes: 27, Evaluated States: 51, Time: 0.059) Frontier Size: 24
f(n) = 7.0 (Expanded Nodes: 31, Evaluated States: 59, Time: 0.065) Frontier Size: 28
f(n) = 8.0 (Expanded Nodes: 35, Evaluated States: 67, Time: 0.066) Frontier Size: 32
f(n) = 9.0 (Expanded Nodes: 39, Evaluated States: 75, Time: 0.067) Frontier Size: 36
f(n) = 10.0 (Expanded Nodes: 43, Evaluated States: 83, Time: 0.073) Frontier Size: 40
f(n) = 11.0 (Expanded Nodes: 47, Evaluated States: 91, Time: 0.073) Frontier Size: 44
f(n) = 12.0 (Expanded Nodes: 51, Evaluated States: 99, Time: 0.074) Frontier Size: 48
f(n) = 13.0 (Expanded Nodes: 55, Evaluated States: 107, Time: 0.075) Frontier Size: 52
f(n) = 14.0 (Expanded Nodes: 59, Evaluated States: 115, Time: 0.076) Frontier Size: 56
f(n) = 15.0 (Expanded Nodes: 63, Evaluated States: 123, Time: 0.082) Frontier Size: 60
f(n) = 16.0 (Expanded Nodes: 67, Evaluated States: 131, Time: 0.083) Frontier Size: 64
f(n) = 100.0 (Expanded Nodes: 74, Evaluated States: 144, Time: 0.084) Frontier Size: 70
f(n) = 101.0 (Expanded Nodes: 80, Evaluated States: 147, Time: 0.085) Frontier Size: 67
f(n) = 102.0 (Expanded Nodes: 86, Evaluated States: 150, Time: 0.086) Frontier Size: 64
f(n) = 103.0 (Expanded Nodes: 92, Evaluated States: 153, Time: 0.094) Frontier Size: 61
f(n) = 104.0 (Expanded Nodes: 98, Evaluated States: 156, Time: 0.095) Frontier Size: 58
f(n) = 105.0 (Expanded Nodes: 104, Evaluated States: 159, Time: 0.096) Frontier Size: 55
f(n) = 106.0 (Expanded Nodes: 110, Evaluated States: 162, Time: 0.096) Frontier Size: 52
f(n) = 107.0 (Expanded Nodes: 116, Evaluated States: 165, Time: 0.102) Frontier Size: 49
f(n) = 108.0 (Expanded Nodes: 122, Evaluated States: 168, Time: 0.104) Frontier Size: 46
f(n) = 109.0 (Expanded Nodes: 128, Evaluated States: 171, Time: 0.105) Frontier Size: 43
f(n) = 110.0 (Expanded Nodes: 134, Evaluated States: 174, Time: 0.105) Frontier Size: 40
f(n) = 111.0 (Expanded Nodes: 140, Evaluated States: 177, Time: 0.106) Frontier Size: 37
f(n) = 112.0 (Expanded Nodes: 146, Evaluated States: 180, Time: 0.11) Frontier Size: 34
f(n) = 113.0 (Expanded Nodes: 152, Evaluated States: 183, Time: 0.114) Frontier Size: 31
f(n) = 114.0 (Expanded Nodes: 158, Evaluated States: 186, Time: 0.115) Frontier Size: 28
f(n) = 115.0 (Expanded Nodes: 164, Evaluated States: 189, Time: 0.116) Frontier Size: 25
f(n) = 116.0 (Expanded Nodes: 170, Evaluated States: 192, Time: 0.118) Frontier Size: 22
f(n) = 117.0 (Expanded Nodes: 184, Evaluated States: 205, Time: 0.124) Frontier Size: 21
f(n) = 118.0 (Expanded Nodes: 189, Evaluated States: 211, Time: 0.125) Frontier Size: 22
f(n) = 119.0 (Expanded Nodes: 194, Evaluated States: 217, Time: 0.125) Frontier Size: 23
f(n) = 120.0 (Expanded Nodes: 199, Evaluated States: 223, Time: 0.126) Frontier Size: 24
f(n) = 121.0 (Expanded Nodes: 204, Evaluated States: 229, Time: 0.128) Frontier Size: 25
f(n) = 122.0 (Expanded Nodes: 209, Evaluated States: 235, Time: 0.129) Frontier Size: 26
f(n) = 123.0 (Expanded Nodes: 214, Evaluated States: 241, Time: 0.13) Frontier Size: 27
f(n) = 124.0 (Expanded Nodes: 219, Evaluated States: 247, Time: 0.13) Frontier Size: 28
f(n) = 125.0 (Expanded Nodes: 224, Evaluated States: 253, Time: 0.136) Frontier Size: 29
f(n) = 126.0 (Expanded Nodes: 229, Evaluated States: 259, Time: 0.137) Frontier Size: 30
f(n) = 127.0 (Expanded Nodes: 234, Evaluated States: 265, Time: 0.137) Frontier Size: 31
f(n) = 128.0 (Expanded Nodes: 239, Evaluated States: 271, Time: 0.138) Frontier Size: 32
f(n) = 129.0 (Expanded Nodes: 244, Evaluated States: 277, Time: 0.138) Frontier Size: 33
f(n) = 130.0 (Expanded Nodes: 249, Evaluated States: 283, Time: 0.138) Frontier Size: 34
f(n) = 131.0 (Expanded Nodes: 254, Evaluated States: 289, Time: 0.139) Frontier Size: 35
f(n) = 132.0 (Expanded Nodes: 259, Evaluated States: 295, Time: 0.14) Frontier Size: 36
f(n) = 133.0 (Expanded Nodes: 264, Evaluated States: 301, Time: 0.146) Frontier Size: 37
f(n) = 134.0 (Expanded Nodes: 269, Evaluated States: 307, Time: 0.146) Frontier Size: 38
f(n) = 135.0 (Expanded Nodes: 274, Evaluated States: 313, Time: 0.15) Frontier Size: 39
f(n) = 136.0 (Expanded Nodes: 279, Evaluated States: 319, Time: 0.151) Frontier Size: 40
f(n) = 137.0 (Expanded Nodes: 284, Evaluated States: 325, Time: 0.151) Frontier Size: 41
f(n) = 138.0 (Expanded Nodes: 289, Evaluated States: 331, Time: 0.152) Frontier Size: 42
f(n) = 139.0 (Expanded Nodes: 294, Evaluated States: 337, Time: 0.161) Frontier Size: 43
f(n) = 140.0 (Expanded Nodes: 299, Evaluated States: 343, Time: 0.161) Frontier Size: 44
Extracting plan with execution delta: 1.0
Problem Solved

Found Plan:
0: (validate-payload t0 a10 t1)
0: (sync-actions t0 t1 a10)
0: -----waiting---- [16.0]
16.0: (validate-payload t1 a16 t2)
16.0: (sync-actions t1 t2 a16)
16.0: (reset Chain_Response_ActivityA_ActivityC)
16.0: -----waiting---- [40.0]
40.0: (validate-payload t2 a18 t3)
40.0: (sync-actions t2 t3 a18)
40.0: (add_action a19)
40.0: (check_added_parameter_model a19)
40.0: (add_move_automata a19)
40.0: (stop_wait)
40.0: (add_action a17)
40.0: (check_added_parameter_model a17)
40.0: (add_move_automata a17)
40.0: (stop_wait)
40.0: (add_action a11)
40.0: (check_added_parameter_model a11)
40.0: (add_move_automata a11)
40.0: (stop_wait)
40.0: (add_action a14)
40.0: (check_added_parameter_model a14)
40.0: (add_move_automata a14)
40.0: (stop_wait)
40.0: (add_action a3)
40.0: (check_added_parameter_model a3)
40.0: (add_move_automata a3)
40.0: (stop_wait)
40.0: (add_action a4)
40.0: (check_added_parameter_model a4)
40.0: (add_move_automata a4)
40.0: (stop_wait)
40.0: (add_action a15)
40.0: (check_added_parameter_model a15)
40.0: (add_move_automata a15)
40.0: (stop_wait)
40.0: (add_action a5)
40.0: (check_added_parameter_model a5)
40.0: (add_move_automata a5)
40.0: (stop_wait)
40.0: (add_action a0)
40.0: (check_added_parameter_model a0)
40.0: (add_move_automata a0)
40.0: (stop_wait)
40.0: (add_action a1)
40.0: (check_added_parameter_model a1)
40.0: (add_move_automata a1)

Plan-Length:86
Elapsed Time: 40.0
Metric (Search):140.0
Planning Time (msec): 189
Heuristic Time (msec): 7
Search Time (msec): 185
Expanded Nodes:371
States Evaluated:431
Number of Dead-Ends detected:0
Number of Duplicates detected:383
/usr/bin/time -v timeout 600 java -Xmx64g -jar ./enhsp3.jar -o ./domain_framed_autonomy_process_reset.pddl -f ./problems/a20g6-prefix-3-a20g6_5_timed/problem3.pddl -h blind -s WAStar
Domain parsed
Problem parsed
Grounding..
Grounding Time: 9566
UFX:true
|F|:23169
|X|:7
Heuristic Problem Creation
|A|:874
|P|:2
|E|:0
Delta time heuristic model:1.0
Delta time planning model:1.0
Delta time search-execution model:1.0
Delta time validation model:1
h(I):0.0
f(n) = 1.0 (Expanded Nodes: 7, Evaluated States: 11, Time: 0.028) Frontier Size: 4
f(n) = 2.0 (Expanded Nodes: 11, Evaluated States: 19, Time: 0.056) Frontier Size: 8
f(n) = 3.0 (Expanded Nodes: 15, Evaluated States: 27, Time: 0.058) Frontier Size: 12
f(n) = 4.0 (Expanded Nodes: 19, Evaluated States: 35, Time: 0.059) Frontier Size: 16
f(n) = 5.0 (Expanded Nodes: 23, Evaluated States: 43, Time: 0.061) Frontier Size: 20
f(n) = 6.0 (Expanded Nodes: 27, Evaluated States: 51, Time: 0.064) Frontier Size: 24
f(n) = 7.0 (Expanded Nodes: 31, Evaluated States: 59, Time: 0.066) Frontier Size: 28
f(n) = 8.0 (Expanded Nodes: 35, Evaluated States: 67, Time: 0.068) Frontier Size: 32
f(n) = 9.0 (Expanded Nodes: 39, Evaluated States: 75, Time: 0.069) Frontier Size: 36
f(n) = 10.0 (Expanded Nodes: 43, Evaluated States: 83, Time: 0.07) Frontier Size: 40
f(n) = 11.0 (Expanded Nodes: 47, Evaluated States: 91, Time: 0.071) Frontier Size: 44
f(n) = 12.0 (Expanded Nodes: 51, Evaluated States: 99, Time: 0.075) Frontier Size: 48
f(n) = 13.0 (Expanded Nodes: 55, Evaluated States: 107, Time: 0.075) Frontier Size: 52
f(n) = 14.0 (Expanded Nodes: 59, Evaluated States: 115, Time: 0.076) Frontier Size: 56
f(n) = 15.0 (Expanded Nodes: 63, Evaluated States: 123, Time: 0.076) Frontier Size: 60
f(n) = 16.0 (Expanded Nodes: 67, Evaluated States: 131, Time: 0.077) Frontier Size: 64
f(n) = 17.0 (Expanded Nodes: 71, Evaluated States: 139, Time: 0.077) Frontier Size: 68
f(n) = 18.0 (Expanded Nodes: 75, Evaluated States: 147, Time: 0.08) Frontier Size: 72
f(n) = 19.0 (Expanded Nodes: 79, Evaluated States: 155, Time: 0.081) Frontier Size: 76
f(n) = 20.0 (Expanded Nodes: 83, Evaluated States: 163, Time: 0.081) Frontier Size: 80
f(n) = 21.0 (Expanded Nodes: 87, Evaluated States: 171, Time: 0.082) Frontier Size: 84
f(n) = 22.0 (Expanded Nodes: 91, Evaluated States: 179, Time: 0.082) Frontier Size: 88
f(n) = 100.0 (Expanded Nodes: 100, Evaluated States: 199, Time: 0.09) Frontier Size: 99
f(n) = 101.0 (Expanded Nodes: 106, Evaluated States: 202, Time: 0.09) Frontier Size: 96
f(n) = 102.0 (Expanded Nodes: 112, Evaluated States: 205, Time: 0.091) Frontier Size: 93
f(n) = 103.0 (Expanded Nodes: 118, Evaluated States: 208, Time: 0.091) Frontier Size: 90
f(n) = 104.0 (Expanded Nodes: 124, Evaluated States: 211, Time: 0.092) Frontier Size: 87
f(n) = 105.0 (Expanded Nodes: 130, Evaluated States: 214, Time: 0.092) Frontier Size: 84
f(n) = 106.0 (Expanded Nodes: 136, Evaluated States: 217, Time: 0.093) Frontier Size: 81
f(n) = 107.0 (Expanded Nodes: 142, Evaluated States: 220, Time: 0.102) Frontier Size: 78
f(n) = 108.0 (Expanded Nodes: 148, Evaluated States: 223, Time: 0.102) Frontier Size: 75
f(n) = 109.0 (Expanded Nodes: 154, Evaluated States: 226, Time: 0.103) Frontier Size: 72
f(n) = 110.0 (Expanded Nodes: 160, Evaluated States: 229, Time: 0.103) Frontier Size: 69
f(n) = 111.0 (Expanded Nodes: 166, Evaluated States: 232, Time: 0.104) Frontier Size: 66
f(n) = 112.0 (Expanded Nodes: 172, Evaluated States: 235, Time: 0.104) Frontier Size: 63
f(n) = 113.0 (Expanded Nodes: 178, Evaluated States: 238, Time: 0.105) Frontier Size: 60
f(n) = 114.0 (Expanded Nodes: 184, Evaluated States: 241, Time: 0.105) Frontier Size: 57
f(n) = 115.0 (Expanded Nodes: 190, Evaluated States: 244, Time: 0.113) Frontier Size: 54
f(n) = 116.0 (Expanded Nodes: 196, Evaluated States: 247, Time: 0.113) Frontier Size: 51
f(n) = 117.0 (Expanded Nodes: 202, Evaluated States: 250, Time: 0.114) Frontier Size: 48
f(n) = 118.0 (Expanded Nodes: 208, Evaluated States: 253, Time: 0.114) Frontier Size: 45
f(n) = 119.0 (Expanded Nodes: 214, Evaluated States: 256, Time: 0.115) Frontier Size: 42
f(n) = 120.0 (Expanded Nodes: 220, Evaluated States: 259, Time: 0.115) Frontier Size: 39
f(n) = 121.0 (Expanded Nodes: 226, Evaluated States: 262, Time: 0.116) Frontier Size: 36
f(n) = 122.0 (Expanded Nodes: 232, Evaluated States: 265, Time: 0.116) Frontier Size: 33
f(n) = 123.0 (Expanded Nodes: 257, Evaluated States: 295, Time: 0.123) Frontier Size: 38
f(n) = 124.0 (Expanded Nodes: 272, Evaluated States: 315, Time: 0.125) Frontier Size: 43
f(n) = 125.0 (Expanded Nodes: 287, Evaluated States: 335, Time: 0.135) Frontier Size: 48
f(n) = 126.0 (Expanded Nodes: 302, Evaluated States: 355, Time: 0.137) Frontier Size: 53
f(n) = 127.0 (Expanded Nodes: 317, Evaluated States: 375, Time: 0.145) Frontier Size: 58
f(n) = 128.0 (Expanded Nodes: 332, Evaluated States: 395, Time: 0.147) Frontier Size: 63
f(n) = 129.0 (Expanded Nodes: 347, Evaluated States: 415, Time: 0.148) Frontier Size: 68
f(n) = 130.0 (Expanded Nodes: 362, Evaluated States: 435, Time: 0.156) Frontier Size: 73
f(n) = 131.0 (Expanded Nodes: 377, Evaluated States: 455, Time: 0.157) Frontier Size: 78
f(n) = 132.0 (Expanded Nodes: 392, Evaluated States: 475, Time: 0.158) Frontier Size: 83
f(n) = 133.0 (Expanded Nodes: 407, Evaluated States: 495, Time: 0.163) Frontier Size: 88
f(n) = 134.0 (Expanded Nodes: 422, Evaluated States: 515, Time: 0.164) Frontier Size: 93
f(n) = 135.0 (Expanded Nodes: 437, Evaluated States: 535, Time: 0.164) Frontier Size: 98
f(n) = 136.0 (Expanded Nodes: 452, Evaluated States: 555, Time: 0.165) Frontier Size: 103
f(n) = 137.0 (Expanded Nodes: 467, Evaluated States: 575, Time: 0.166) Frontier Size: 108
f(n) = 138.0 (Expanded Nodes: 482, Evaluated States: 595, Time: 0.172) Frontier Size: 113
Extracting plan with execution delta: 1.0
Problem Solved

Found Plan:
0: (validate-payload t0 a10 t1)
0: (sync-actions t0 t1 a10)
0: -----waiting---- [22.0]
22.0: (validate-payload t1 a16 t2)
22.0: (sync-actions t1 t2 a16)
22.0: (reset Chain_Response_ActivityA_ActivityC)
22.0: -----waiting---- [38.0]
38.0: (validate-payload t2 a18 t3)
38.0: (sync-actions t2 t3 a18)
38.0: (add_action a19)
38.0: (check_added_parameter_model a19)
38.0: (add_move_automata a19)
38.0: (stop_wait)
38.0: (add_action a17)
38.0: (check_added_parameter_model a17)
38.0: (add_move_automata a17)
38.0: (stop_wait)
38.0: (add_action a11)
38.0: (check_added_parameter_model a11)
38.0: (add_move_automata a11)
38.0: (stop_wait)
38.0: (add_action a14)
38.0: (check_added_parameter_model a14)
38.0: (add_move_automata a14)
38.0: (stop_wait)
38.0: (add_action a3)
38.0: (check_added_parameter_model a3)
38.0: (add_move_automata a3)
38.0: (stop_wait)
38.0: (add_action a4)
38.0: (check_added_parameter_model a4)
38.0: (add_move_automata a4)
38.0: (stop_wait)
38.0: (add_action a15)
38.0: (check_added_parameter_model a15)
38.0: (add_move_automata a15)
38.0: (stop_wait)
38.0: (add_action a5)
38.0: (check_added_parameter_model a5)
38.0: (add_move_automata a5)
38.0: (stop_wait)
38.0: (add_action a0)
38.0: (check_added_parameter_model a0)
38.0: (add_move_automata a0)
38.0: (stop_wait)
38.0: (add_action a1)
38.0: (check_added_parameter_model a1)
38.0: (add_move_automata a1)

Plan-Length:84
Elapsed Time: 38.0
Metric (Search):138.0
Planning Time (msec): 195
Heuristic Time (msec): 11
Search Time (msec): 187
Expanded Nodes:595
States Evaluated:755
Number of Dead-Ends detected:0
Number of Duplicates detected:911
/usr/bin/time -v timeout 600 java -Xmx64g -jar ./enhsp3.jar -o ./domain_framed_autonomy_process_reset.pddl -f ./problems/a20g6-prefix-3-a20g6_5_timed/problem4.pddl -h blind -s WAStar
Domain parsed
Problem parsed
Grounding..
Grounding Time: 10408
UFX:true
|F|:23169
|X|:7
Heuristic Problem Creation
|A|:874
|P|:2
|E|:0
Delta time heuristic model:1.0
Delta time planning model:1.0
Delta time search-execution model:1.0
Delta time validation model:1
h(I):0.0
f(n) = 1.0 (Expanded Nodes: 7, Evaluated States: 11, Time: 0.024) Frontier Size: 4
f(n) = 2.0 (Expanded Nodes: 11, Evaluated States: 19, Time: 0.053) Frontier Size: 8
f(n) = 3.0 (Expanded Nodes: 15, Evaluated States: 27, Time: 0.06) Frontier Size: 12
f(n) = 4.0 (Expanded Nodes: 19, Evaluated States: 35, Time: 0.061) Frontier Size: 16
f(n) = 5.0 (Expanded Nodes: 23, Evaluated States: 43, Time: 0.067) Frontier Size: 20
f(n) = 6.0 (Expanded Nodes: 27, Evaluated States: 51, Time: 0.068) Frontier Size: 24
f(n) = 7.0 (Expanded Nodes: 31, Evaluated States: 59, Time: 0.069) Frontier Size: 28
f(n) = 8.0 (Expanded Nodes: 35, Evaluated States: 67, Time: 0.074) Frontier Size: 32
f(n) = 9.0 (Expanded Nodes: 39, Evaluated States: 75, Time: 0.075) Frontier Size: 36
f(n) = 10.0 (Expanded Nodes: 43, Evaluated States: 83, Time: 0.076) Frontier Size: 40
f(n) = 11.0 (Expanded Nodes: 47, Evaluated States: 91, Time: 0.081) Frontier Size: 44
f(n) = 12.0 (Expanded Nodes: 51, Evaluated States: 99, Time: 0.082) Frontier Size: 48
f(n) = 13.0 (Expanded Nodes: 55, Evaluated States: 107, Time: 0.082) Frontier Size: 52
f(n) = 14.0 (Expanded Nodes: 59, Evaluated States: 115, Time: 0.083) Frontier Size: 56
f(n) = 15.0 (Expanded Nodes: 63, Evaluated States: 123, Time: 0.088) Frontier Size: 60
f(n) = 16.0 (Expanded Nodes: 67, Evaluated States: 131, Time: 0.088) Frontier Size: 64
f(n) = 100.0 (Expanded Nodes: 74, Evaluated States: 144, Time: 0.09) Frontier Size: 70
f(n) = 101.0 (Expanded Nodes: 80, Evaluated States: 147, Time: 0.096) Frontier Size: 67
f(n) = 102.0 (Expanded Nodes: 86, Evaluated States: 150, Time: 0.096) Frontier Size: 64
f(n) = 103.0 (Expanded Nodes: 92, Evaluated States: 153, Time: 0.097) Frontier Size: 61
f(n) = 104.0 (Expanded Nodes: 98, Evaluated States: 156, Time: 0.098) Frontier Size: 58
f(n) = 105.0 (Expanded Nodes: 104, Evaluated States: 159, Time: 0.099) Frontier Size: 55
f(n) = 106.0 (Expanded Nodes: 110, Evaluated States: 162, Time: 0.105) Frontier Size: 52
f(n) = 107.0 (Expanded Nodes: 116, Evaluated States: 165, Time: 0.106) Frontier Size: 49
f(n) = 108.0 (Expanded Nodes: 122, Evaluated States: 168, Time: 0.107) Frontier Size: 46
f(n) = 109.0 (Expanded Nodes: 128, Evaluated States: 171, Time: 0.107) Frontier Size: 43
f(n) = 110.0 (Expanded Nodes: 134, Evaluated States: 174, Time: 0.114) Frontier Size: 40
f(n) = 111.0 (Expanded Nodes: 140, Evaluated States: 177, Time: 0.115) Frontier Size: 37
f(n) = 112.0 (Expanded Nodes: 146, Evaluated States: 180, Time: 0.116) Frontier Size: 34
f(n) = 113.0 (Expanded Nodes: 152, Evaluated States: 183, Time: 0.117) Frontier Size: 31
f(n) = 114.0 (Expanded Nodes: 158, Evaluated States: 186, Time: 0.123) Frontier Size: 28
f(n) = 115.0 (Expanded Nodes: 164, Evaluated States: 189, Time: 0.124) Frontier Size: 25
f(n) = 116.0 (Expanded Nodes: 170, Evaluated States: 192, Time: 0.124) Frontier Size: 22
f(n) = 117.0 (Expanded Nodes: 184, Evaluated States: 205, Time: 0.126) Frontier Size: 21
f(n) = 118.0 (Expanded Nodes: 189, Evaluated States: 211, Time: 0.13) Frontier Size: 22
f(n) = 119.0 (Expanded Nodes: 194, Evaluated States: 217, Time: 0.133) Frontier Size: 23
f(n) = 120.0 (Expanded Nodes: 199, Evaluated States: 223, Time: 0.133) Frontier Size: 24
f(n) = 121.0 (Expanded Nodes: 204, Evaluated States: 229, Time: 0.134) Frontier Size: 25
f(n) = 122.0 (Expanded Nodes: 209, Evaluated States: 235, Time: 0.134) Frontier Size: 26
f(n) = 123.0 (Expanded Nodes: 214, Evaluated States: 241, Time: 0.135) Frontier Size: 27
f(n) = 124.0 (Expanded Nodes: 219, Evaluated States: 247, Time: 0.141) Frontier Size: 28
f(n) = 125.0 (Expanded Nodes: 224, Evaluated States: 253, Time: 0.141) Frontier Size: 29
f(n) = 126.0 (Expanded Nodes: 229, Evaluated States: 259, Time: 0.142) Frontier Size: 30
f(n) = 127.0 (Expanded Nodes: 234, Evaluated States: 265, Time: 0.142) Frontier Size: 31
f(n) = 128.0 (Expanded Nodes: 239, Evaluated States: 271, Time: 0.142) Frontier Size: 32
f(n) = 129.0 (Expanded Nodes: 244, Evaluated States: 277, Time: 0.143) Frontier Size: 33
f(n) = 130.0 (Expanded Nodes: 249, Evaluated States: 283, Time: 0.143) Frontier Size: 34
f(n) = 131.0 (Expanded Nodes: 254, Evaluated States: 289, Time: 0.144) Frontier Size: 35
f(n) = 132.0 (Expanded Nodes: 259, Evaluated States: 295, Time: 0.149) Frontier Size: 36
f(n) = 133.0 (Expanded Nodes: 264, Evaluated States: 301, Time: 0.15) Frontier Size: 37
f(n) = 134.0 (Expanded Nodes: 269, Evaluated States: 307, Time: 0.15) Frontier Size: 38
f(n) = 135.0 (Expanded Nodes: 274, Evaluated States: 313, Time: 0.151) Frontier Size: 39
f(n) = 136.0 (Expanded Nodes: 279, Evaluated States: 319, Time: 0.151) Frontier Size: 40
f(n) = 137.0 (Expanded Nodes: 284, Evaluated States: 325, Time: 0.151) Frontier Size: 41
f(n) = 138.0 (Expanded Nodes: 289, Evaluated States: 331, Time: 0.152) Frontier Size: 42
f(n) = 139.0 (Expanded Nodes: 294, Evaluated States: 337, Time: 0.152) Frontier Size: 43
f(n) = 140.0 (Expanded Nodes: 299, Evaluated States: 343, Time: 0.152) Frontier Size: 44
Extracting plan with execution delta: 1.0
Problem Solved

Found Plan:
0: (validate-payload t0 a10 t1)
0: (sync-actions t0 t1 a10)
0: -----waiting---- [16.0]
16.0: (validate-payload t1 a6 t2)
16.0: (sync-actions t1 t2 a6)
16.0: (reset Chain_Response_ActivityA_ActivityC)
16.0: -----waiting---- [40.0]
40.0: (validate-payload t2 a7 t3)
40.0: (sync-actions t2 t3 a7)
40.0: (add_action a8)
40.0: (check_added_parameter_model a8)
40.0: (add_move_automata a8)
40.0: (stop_wait)
40.0: (add_action a9)
40.0: (check_added_parameter_model a9)
40.0: (add_move_automata a9)
40.0: (stop_wait)
40.0: (add_action a11)
40.0: (check_added_parameter_model a11)
40.0: (add_move_automata a11)
40.0: (stop_wait)
40.0: (add_action a14)
40.0: (check_added_parameter_model a14)
40.0: (add_move_automata a14)
40.0: (stop_wait)
40.0: (add_action a2)
40.0: (check_added_parameter_model a2)
40.0: (add_move_automata a2)
40.0: (stop_wait)
40.0: (add_action a15)
40.0: (check_added_parameter_model a15)
40.0: (add_move_automata a15)
40.0: (stop_wait)
40.0: (add_action a5)
40.0: (check_added_parameter_model a5)
40.0: (add_move_automata a5)
40.0: (stop_wait)
40.0: (add_action a0)
40.0: (check_added_parameter_model a0)
40.0: (add_move_automata a0)
40.0: (stop_wait)
40.0: (add_action a1)
40.0: (check_added_parameter_model a1)
40.0: (add_move_automata a1)

Plan-Length:82
Elapsed Time: 40.0
Metric (Search):140.0
Planning Time (msec): 178
Heuristic Time (msec): 6
Search Time (msec): 173
Expanded Nodes:365
States Evaluated:421
Number of Dead-Ends detected:0
Number of Duplicates detected:376
/usr/bin/time -v timeout 600 java -Xmx64g -jar ./enhsp3.jar -o ./domain_framed_autonomy_process_reset.pddl -f ./problems/a20g6-prefix-3-a20g6_5_timed/problem5.pddl -h blind -s WAStar
Domain parsed
Problem parsed
Grounding..
Grounding Time: 9598
UFX:true
|F|:23169
|X|:7
Heuristic Problem Creation
|A|:874
|P|:2
|E|:0
Delta time heuristic model:1.0
Delta time planning model:1.0
Delta time search-execution model:1.0
Delta time validation model:1
h(I):0.0
f(n) = 1.0 (Expanded Nodes: 7, Evaluated States: 11, Time: 0.031) Frontier Size: 4
f(n) = 2.0 (Expanded Nodes: 11, Evaluated States: 19, Time: 0.05) Frontier Size: 8
f(n) = 3.0 (Expanded Nodes: 15, Evaluated States: 27, Time: 0.058) Frontier Size: 12
f(n) = 4.0 (Expanded Nodes: 19, Evaluated States: 35, Time: 0.059) Frontier Size: 16
f(n) = 5.0 (Expanded Nodes: 23, Evaluated States: 43, Time: 0.06) Frontier Size: 20
f(n) = 6.0 (Expanded Nodes: 27, Evaluated States: 51, Time: 0.064) Frontier Size: 24
f(n) = 7.0 (Expanded Nodes: 31, Evaluated States: 59, Time: 0.066) Frontier Size: 28
f(n) = 8.0 (Expanded Nodes: 35, Evaluated States: 67, Time: 0.068) Frontier Size: 32
f(n) = 9.0 (Expanded Nodes: 39, Evaluated States: 75, Time: 0.069) Frontier Size: 36
f(n) = 10.0 (Expanded Nodes: 43, Evaluated States: 83, Time: 0.07) Frontier Size: 40
f(n) = 11.0 (Expanded Nodes: 47, Evaluated States: 91, Time: 0.07) Frontier Size: 44
f(n) = 12.0 (Expanded Nodes: 51, Evaluated States: 99, Time: 0.073) Frontier Size: 48
f(n) = 13.0 (Expanded Nodes: 55, Evaluated States: 107, Time: 0.074) Frontier Size: 52
f(n) = 14.0 (Expanded Nodes: 59, Evaluated States: 115, Time: 0.075) Frontier Size: 56
f(n) = 15.0 (Expanded Nodes: 63, Evaluated States: 123, Time: 0.076) Frontier Size: 60
f(n) = 16.0 (Expanded Nodes: 67, Evaluated States: 131, Time: 0.078) Frontier Size: 64
f(n) = 100.0 (Expanded Nodes: 74, Evaluated States: 144, Time: 0.079) Frontier Size: 70
f(n) = 101.0 (Expanded Nodes: 80, Evaluated States: 147, Time: 0.08) Frontier Size: 67
f(n) = 102.0 (Expanded Nodes: 86, Evaluated States: 150, Time: 0.08) Frontier Size: 64
f(n) = 103.0 (Expanded Nodes: 92, Evaluated States: 153, Time: 0.081) Frontier Size: 61
f(n) = 104.0 (Expanded Nodes: 98, Evaluated States: 156, Time: 0.081) Frontier Size: 58
f(n) = 105.0 (Expanded Nodes: 104, Evaluated States: 159, Time: 0.082) Frontier Size: 55
f(n) = 106.0 (Expanded Nodes: 110, Evaluated States: 162, Time: 0.082) Frontier Size: 52
f(n) = 107.0 (Expanded Nodes: 116, Evaluated States: 165, Time: 0.087) Frontier Size: 49
f(n) = 108.0 (Expanded Nodes: 122, Evaluated States: 168, Time: 0.091) Frontier Size: 46
f(n) = 109.0 (Expanded Nodes: 128, Evaluated States: 171, Time: 0.092) Frontier Size: 43
f(n) = 110.0 (Expanded Nodes: 134, Evaluated States: 174, Time: 0.092) Frontier Size: 40
f(n) = 111.0 (Expanded Nodes: 140, Evaluated States: 177, Time: 0.093) Frontier Size: 37
f(n) = 112.0 (Expanded Nodes: 146, Evaluated States: 180, Time: 0.093) Frontier Size: 34
f(n) = 113.0 (Expanded Nodes: 152, Evaluated States: 183, Time: 0.094) Frontier Size: 31
f(n) = 114.0 (Expanded Nodes: 158, Evaluated States: 186, Time: 0.094) Frontier Size: 28
f(n) = 115.0 (Expanded Nodes: 164, Evaluated States: 189, Time: 0.096) Frontier Size: 25
f(n) = 116.0 (Expanded Nodes: 170, Evaluated States: 192, Time: 0.098) Frontier Size: 22
f(n) = 117.0 (Expanded Nodes: 184, Evaluated States: 205, Time: 0.102) Frontier Size: 21
f(n) = 118.0 (Expanded Nodes: 189, Evaluated States: 211, Time: 0.102) Frontier Size: 22
f(n) = 119.0 (Expanded Nodes: 194, Evaluated States: 217, Time: 0.102) Frontier Size: 23
f(n) = 120.0 (Expanded Nodes: 199, Evaluated States: 223, Time: 0.103) Frontier Size: 24
f(n) = 121.0 (Expanded Nodes: 204, Evaluated States: 229, Time: 0.103) Frontier Size: 25
f(n) = 122.0 (Expanded Nodes: 209, Evaluated States: 235, Time: 0.107) Frontier Size: 26
f(n) = 123.0 (Expanded Nodes: 214, Evaluated States: 241, Time: 0.107) Frontier Size: 27
f(n) = 124.0 (Expanded Nodes: 219, Evaluated States: 247, Time: 0.108) Frontier Size: 28
f(n) = 125.0 (Expanded Nodes: 224, Evaluated States: 253, Time: 0.108) Frontier Size: 29
f(n) = 126.0 (Expanded Nodes: 229, Evaluated States: 259, Time: 0.109) Frontier Size: 30
f(n) = 127.0 (Expanded Nodes: 234, Evaluated States: 265, Time: 0.109) Frontier Size: 31
f(n) = 128.0 (Expanded Nodes: 239, Evaluated States: 271, Time: 0.109) Frontier Size: 32
f(n) = 129.0 (Expanded Nodes: 244, Evaluated States: 277, Time: 0.11) Frontier Size: 33
f(n) = 130.0 (Expanded Nodes: 249, Evaluated States: 283, Time: 0.118) Frontier Size: 34
f(n) = 131.0 (Expanded Nodes: 254, Evaluated States: 289, Time: 0.119) Frontier Size: 35
f(n) = 132.0 (Expanded Nodes: 259, Evaluated States: 295, Time: 0.119) Frontier Size: 36
f(n) = 133.0 (Expanded Nodes: 264, Evaluated States: 301, Time: 0.12) Frontier Size: 37
f(n) = 134.0 (Expanded Nodes: 269, Evaluated States: 307, Time: 0.12) Frontier Size: 38
f(n) = 135.0 (Expanded Nodes: 274, Evaluated States: 313, Time: 0.12) Frontier Size: 39
f(n) = 136.0 (Expanded Nodes: 279, Evaluated States: 319, Time: 0.121) Frontier Size: 40
f(n) = 137.0 (Expanded Nodes: 284, Evaluated States: 325, Time: 0.121) Frontier Size: 41
f(n) = 138.0 (Expanded Nodes: 289, Evaluated States: 331, Time: 0.121) Frontier Size: 42
f(n) = 139.0 (Expanded Nodes: 294, Evaluated States: 337, Time: 0.122) Frontier Size: 43
f(n) = 140.0 (Expanded Nodes: 299, Evaluated States: 343, Time: 0.129) Frontier Size: 44
Extracting plan with execution delta: 1.0
Problem Solved

Found Plan:
0: (validate-payload t0 a10 t1)
0: (sync-actions t0 t1 a10)
0: -----waiting---- [16.0]
16.0: (validate-payload t1 a6 t2)
16.0: (sync-actions t1 t2 a6)
16.0: (reset Chain_Response_ActivityA_ActivityC)
16.0: -----waiting---- [40.0]
40.0: (validate-payload t2 a7 t3)
40.0: (sync-actions t2 t3 a7)
40.0: (add_action a8)
40.0: (check_added_parameter_model a8)
40.0: (add_move_automata a8)
40.0: (stop_wait)
40.0: (add_action a9)
40.0: (check_added_parameter_model a9)
40.0: (add_move_automata a9)
40.0: (stop_wait)
40.0: (add_action a11)
40.0: (check_added_parameter_model a11)
40.0: (add_move_automata a11)
40.0: (stop_wait)
40.0: (add_action a14)
40.0: (check_added_parameter_model a14)
40.0: (add_move_automata a14)
40.0: (stop_wait)
40.0: (add_action a2)
40.0: (check_added_parameter_model a2)
40.0: (add_move_automata a2)
40.0: (stop_wait)
40.0: (add_action a15)
40.0: (check_added_parameter_model a15)
40.0: (add_move_automata a15)
40.0: (stop_wait)
40.0: (add_action a5)
40.0: (check_added_parameter_model a5)
40.0: (add_move_automata a5)
40.0: (stop_wait)
40.0: (add_action a0)
40.0: (check_added_parameter_model a0)
40.0: (add_move_automata a0)
40.0: (stop_wait)
40.0: (add_action a1)
40.0: (check_added_parameter_model a1)
40.0: (add_move_automata a1)

Plan-Length:82
Elapsed Time: 40.0
Metric (Search):140.0
Planning Time (msec): 149
Heuristic Time (msec): 9
Search Time (msec): 139
Expanded Nodes:365
States Evaluated:421
Number of Dead-Ends detected:0
Number of Duplicates detected:376
/usr/bin/time -v timeout 600 java -Xmx64g -jar ./enhsp3.jar -o ./domain_framed_autonomy_process_reset.pddl -f ./problems/a20g6-prefix-3-a20g6_5_timed/problem6.pddl -h blind -s WAStar
Domain parsed
Problem parsed
Grounding..
Grounding Time: 9690
UFX:true
|F|:23169
|X|:7
Heuristic Problem Creation
|A|:874
|P|:2
|E|:0
Delta time heuristic model:1.0
Delta time planning model:1.0
Delta time search-execution model:1.0
Delta time validation model:1
h(I):0.0
f(n) = 1.0 (Expanded Nodes: 7, Evaluated States: 11, Time: 0.022) Frontier Size: 4
f(n) = 2.0 (Expanded Nodes: 11, Evaluated States: 19, Time: 0.048) Frontier Size: 8
f(n) = 3.0 (Expanded Nodes: 15, Evaluated States: 27, Time: 0.054) Frontier Size: 12
f(n) = 4.0 (Expanded Nodes: 19, Evaluated States: 35, Time: 0.056) Frontier Size: 16
f(n) = 5.0 (Expanded Nodes: 23, Evaluated States: 43, Time: 0.057) Frontier Size: 20
f(n) = 6.0 (Expanded Nodes: 27, Evaluated States: 51, Time: 0.063) Frontier Size: 24
f(n) = 7.0 (Expanded Nodes: 31, Evaluated States: 59, Time: 0.065) Frontier Size: 28
f(n) = 8.0 (Expanded Nodes: 35, Evaluated States: 67, Time: 0.066) Frontier Size: 32
f(n) = 9.0 (Expanded Nodes: 39, Evaluated States: 75, Time: 0.068) Frontier Size: 36
f(n) = 10.0 (Expanded Nodes: 43, Evaluated States: 83, Time: 0.07) Frontier Size: 40
f(n) = 11.0 (Expanded Nodes: 47, Evaluated States: 91, Time: 0.071) Frontier Size: 44
f(n) = 12.0 (Expanded Nodes: 51, Evaluated States: 99, Time: 0.072) Frontier Size: 48
f(n) = 13.0 (Expanded Nodes: 55, Evaluated States: 107, Time: 0.078) Frontier Size: 52
f(n) = 14.0 (Expanded Nodes: 59, Evaluated States: 115, Time: 0.08) Frontier Size: 56
f(n) = 15.0 (Expanded Nodes: 63, Evaluated States: 123, Time: 0.081) Frontier Size: 60
f(n) = 16.0 (Expanded Nodes: 67, Evaluated States: 131, Time: 0.082) Frontier Size: 64
f(n) = 17.0 (Expanded Nodes: 71, Evaluated States: 139, Time: 0.086) Frontier Size: 68
f(n) = 18.0 (Expanded Nodes: 75, Evaluated States: 147, Time: 0.087) Frontier Size: 72
f(n) = 19.0 (Expanded Nodes: 79, Evaluated States: 155, Time: 0.088) Frontier Size: 76
f(n) = 20.0 (Expanded Nodes: 83, Evaluated States: 163, Time: 0.088) Frontier Size: 80
f(n) = 21.0 (Expanded Nodes: 87, Evaluated States: 171, Time: 0.089) Frontier Size: 84
f(n) = 22.0 (Expanded Nodes: 91, Evaluated States: 179, Time: 0.097) Frontier Size: 88
f(n) = 23.0 (Expanded Nodes: 95, Evaluated States: 187, Time: 0.098) Frontier Size: 92
f(n) = 100.0 (Expanded Nodes: 104, Evaluated States: 207, Time: 0.099) Frontier Size: 103
f(n) = 101.0 (Expanded Nodes: 110, Evaluated States: 210, Time: 0.105) Frontier Size: 100
f(n) = 102.0 (Expanded Nodes: 116, Evaluated States: 213, Time: 0.106) Frontier Size: 97
f(n) = 103.0 (Expanded Nodes: 122, Evaluated States: 216, Time: 0.107) Frontier Size: 94
f(n) = 104.0 (Expanded Nodes: 128, Evaluated States: 219, Time: 0.108) Frontier Size: 91
f(n) = 105.0 (Expanded Nodes: 134, Evaluated States: 222, Time: 0.115) Frontier Size: 88
f(n) = 106.0 (Expanded Nodes: 140, Evaluated States: 225, Time: 0.115) Frontier Size: 85
f(n) = 107.0 (Expanded Nodes: 146, Evaluated States: 228, Time: 0.116) Frontier Size: 82
f(n) = 108.0 (Expanded Nodes: 152, Evaluated States: 231, Time: 0.117) Frontier Size: 79
f(n) = 109.0 (Expanded Nodes: 158, Evaluated States: 234, Time: 0.118) Frontier Size: 76
f(n) = 110.0 (Expanded Nodes: 164, Evaluated States: 237, Time: 0.119) Frontier Size: 73
f(n) = 111.0 (Expanded Nodes: 170, Evaluated States: 240, Time: 0.12) Frontier Size: 70
f(n) = 112.0 (Expanded Nodes: 176, Evaluated States: 243, Time: 0.12) Frontier Size: 67
f(n) = 113.0 (Expanded Nodes: 182, Evaluated States: 246, Time: 0.121) Frontier Size: 64
f(n) = 114.0 (Expanded Nodes: 188, Evaluated States: 249, Time: 0.121) Frontier Size: 61
f(n) = 115.0 (Expanded Nodes: 194, Evaluated States: 252, Time: 0.13) Frontier Size: 58
f(n) = 116.0 (Expanded Nodes: 200, Evaluated States: 255, Time: 0.131) Frontier Size: 55
f(n) = 117.0 (Expanded Nodes: 206, Evaluated States: 258, Time: 0.131) Frontier Size: 52
f(n) = 118.0 (Expanded Nodes: 212, Evaluated States: 261, Time: 0.132) Frontier Size: 49
f(n) = 119.0 (Expanded Nodes: 218, Evaluated States: 264, Time: 0.132) Frontier Size: 46
f(n) = 120.0 (Expanded Nodes: 224, Evaluated States: 267, Time: 0.133) Frontier Size: 43
f(n) = 121.0 (Expanded Nodes: 230, Evaluated States: 270, Time: 0.139) Frontier Size: 40
f(n) = 122.0 (Expanded Nodes: 236, Evaluated States: 273, Time: 0.141) Frontier Size: 37
f(n) = 123.0 (Expanded Nodes: 242, Evaluated States: 276, Time: 0.141) Frontier Size: 34
f(n) = 124.0 (Expanded Nodes: 267, Evaluated States: 306, Time: 0.15) Frontier Size: 39
f(n) = 125.0 (Expanded Nodes: 282, Evaluated States: 326, Time: 0.152) Frontier Size: 44
f(n) = 126.0 (Expanded Nodes: 297, Evaluated States: 346, Time: 0.153) Frontier Size: 49
f(n) = 127.0 (Expanded Nodes: 312, Evaluated States: 366, Time: 0.16) Frontier Size: 54
f(n) = 128.0 (Expanded Nodes: 327, Evaluated States: 386, Time: 0.161) Frontier Size: 59
f(n) = 129.0 (Expanded Nodes: 342, Evaluated States: 406, Time: 0.162) Frontier Size: 64
f(n) = 130.0 (Expanded Nodes: 357, Evaluated States: 426, Time: 0.168) Frontier Size: 69
f(n) = 131.0 (Expanded Nodes: 372, Evaluated States: 446, Time: 0.169) Frontier Size: 74
f(n) = 132.0 (Expanded Nodes: 387, Evaluated States: 466, Time: 0.174) Frontier Size: 79
f(n) = 133.0 (Expanded Nodes: 402, Evaluated States: 486, Time: 0.175) Frontier Size: 84
f(n) = 134.0 (Expanded Nodes: 417, Evaluated States: 506, Time: 0.175) Frontier Size: 89
f(n) = 135.0 (Expanded Nodes: 432, Evaluated States: 526, Time: 0.183) Frontier Size: 94
f(n) = 136.0 (Expanded Nodes: 447, Evaluated States: 546, Time: 0.184) Frontier Size: 99
f(n) = 137.0 (Expanded Nodes: 462, Evaluated States: 566, Time: 0.184) Frontier Size: 104
f(n) = 138.0 (Expanded Nodes: 477, Evaluated States: 586, Time: 0.185) Frontier Size: 109
f(n) = 139.0 (Expanded Nodes: 492, Evaluated States: 606, Time: 0.186) Frontier Size: 114
f(n) = 140.0 (Expanded Nodes: 507, Evaluated States: 626, Time: 0.196) Frontier Size: 119
f(n) = 141.0 (Expanded Nodes: 522, Evaluated States: 646, Time: 0.197) Frontier Size: 124
f(n) = 142.0 (Expanded Nodes: 537, Evaluated States: 666, Time: 0.198) Frontier Size: 129
f(n) = 143.0 (Expanded Nodes: 552, Evaluated States: 686, Time: 0.198) Frontier Size: 134
Extracting plan with execution delta: 1.0
Problem Solved

Found Plan:
0: (validate-payload t0 a10 t1)
0: (sync-actions t0 t1 a10)
0: -----waiting---- [23.0]
23.0: (validate-payload t1 a16 t2)
23.0: (sync-actions t1 t2 a16)
23.0: (reset Chain_Response_ActivityA_ActivityC)
23.0: -----waiting---- [43.0]
43.0: (validate-payload t2 a18 t3)
43.0: (sync-actions t2 t3 a18)
43.0: (add_action a19)
43.0: (check_added_parameter_model a19)
43.0: (add_move_automata a19)
43.0: (stop_wait)
43.0: (add_action a17)
43.0: (check_added_parameter_model a17)
43.0: (add_move_automata a17)
43.0: (stop_wait)
43.0: (add_action a11)
43.0: (check_added_parameter_model a11)
43.0: (add_move_automata a11)
43.0: (stop_wait)
43.0: (add_action a14)
43.0: (check_added_parameter_model a14)
43.0: (add_move_automata a14)
43.0: (stop_wait)
43.0: (add_action a3)
43.0: (check_added_parameter_model a3)
43.0: (add_move_automata a3)
43.0: (stop_wait)
43.0: (add_action a4)
43.0: (check_added_parameter_model a4)
43.0: (add_move_automata a4)
43.0: (stop_wait)
43.0: (add_action a15)
43.0: (check_added_parameter_model a15)
43.0: (add_move_automata a15)
43.0: (stop_wait)
43.0: (add_action a5)
43.0: (check_added_parameter_model a5)
43.0: (add_move_automata a5)
43.0: (stop_wait)
43.0: (add_action a0)
43.0: (check_added_parameter_model a0)
43.0: (add_move_automata a0)
43.0: (stop_wait)
43.0: (add_action a1)
43.0: (check_added_parameter_model a1)
43.0: (add_move_automata a1)

Plan-Length:89
Elapsed Time: 43.0
Metric (Search):143.0
Planning Time (msec): 231
Heuristic Time (msec): 2
Search Time (msec): 217
Expanded Nodes:665
States Evaluated:846
Number of Dead-Ends detected:0
Number of Duplicates detected:1037
/usr/bin/time -v timeout 600 java -Xmx64g -jar ./enhsp3.jar -o ./domain_framed_autonomy_process_reset.pddl -f ./problems/a20g6-prefix-3-a20g6_5_timed/problem7.pddl -h blind -s WAStar
Domain parsed
Problem parsed
Grounding..
Grounding Time: 9756
UFX:true
|F|:23169
|X|:7
Heuristic Problem Creation
|A|:874
|P|:2
|E|:0
Delta time heuristic model:1.0
Delta time planning model:1.0
Delta time search-execution model:1.0
Delta time validation model:1
h(I):0.0
f(n) = 1.0 (Expanded Nodes: 7, Evaluated States: 11, Time: 0.025) Frontier Size: 4
f(n) = 2.0 (Expanded Nodes: 11, Evaluated States: 19, Time: 0.051) Frontier Size: 8
f(n) = 3.0 (Expanded Nodes: 15, Evaluated States: 27, Time: 0.056) Frontier Size: 12
f(n) = 4.0 (Expanded Nodes: 19, Evaluated States: 35, Time: 0.058) Frontier Size: 16
f(n) = 5.0 (Expanded Nodes: 23, Evaluated States: 43, Time: 0.059) Frontier Size: 20
f(n) = 6.0 (Expanded Nodes: 27, Evaluated States: 51, Time: 0.065) Frontier Size: 24
f(n) = 7.0 (Expanded Nodes: 31, Evaluated States: 59, Time: 0.067) Frontier Size: 28
f(n) = 8.0 (Expanded Nodes: 35, Evaluated States: 67, Time: 0.069) Frontier Size: 32
f(n) = 9.0 (Expanded Nodes: 39, Evaluated States: 75, Time: 0.07) Frontier Size: 36
f(n) = 10.0 (Expanded Nodes: 43, Evaluated States: 83, Time: 0.073) Frontier Size: 40
f(n) = 11.0 (Expanded Nodes: 47, Evaluated States: 91, Time: 0.073) Frontier Size: 44
f(n) = 12.0 (Expanded Nodes: 51, Evaluated States: 99, Time: 0.074) Frontier Size: 48
f(n) = 13.0 (Expanded Nodes: 55, Evaluated States: 107, Time: 0.075) Frontier Size: 52
f(n) = 14.0 (Expanded Nodes: 59, Evaluated States: 115, Time: 0.082) Frontier Size: 56
f(n) = 15.0 (Expanded Nodes: 63, Evaluated States: 123, Time: 0.082) Frontier Size: 60
f(n) = 16.0 (Expanded Nodes: 67, Evaluated States: 131, Time: 0.083) Frontier Size: 64
f(n) = 17.0 (Expanded Nodes: 71, Evaluated States: 139, Time: 0.084) Frontier Size: 68
f(n) = 18.0 (Expanded Nodes: 75, Evaluated States: 147, Time: 0.088) Frontier Size: 72
f(n) = 19.0 (Expanded Nodes: 79, Evaluated States: 155, Time: 0.093) Frontier Size: 76
f(n) = 20.0 (Expanded Nodes: 83, Evaluated States: 163, Time: 0.094) Frontier Size: 80
f(n) = 21.0 (Expanded Nodes: 87, Evaluated States: 171, Time: 0.095) Frontier Size: 84
f(n) = 100.0 (Expanded Nodes: 96, Evaluated States: 191, Time: 0.099) Frontier Size: 95
f(n) = 101.0 (Expanded Nodes: 102, Evaluated States: 194, Time: 0.1) Frontier Size: 92
f(n) = 102.0 (Expanded Nodes: 108, Evaluated States: 197, Time: 0.1) Frontier Size: 89
f(n) = 103.0 (Expanded Nodes: 114, Evaluated States: 200, Time: 0.101) Frontier Size: 86
f(n) = 104.0 (Expanded Nodes: 120, Evaluated States: 203, Time: 0.102) Frontier Size: 83
f(n) = 105.0 (Expanded Nodes: 126, Evaluated States: 206, Time: 0.106) Frontier Size: 80
f(n) = 106.0 (Expanded Nodes: 132, Evaluated States: 209, Time: 0.106) Frontier Size: 77
f(n) = 107.0 (Expanded Nodes: 138, Evaluated States: 212, Time: 0.107) Frontier Size: 74
f(n) = 108.0 (Expanded Nodes: 144, Evaluated States: 215, Time: 0.108) Frontier Size: 71
f(n) = 109.0 (Expanded Nodes: 150, Evaluated States: 218, Time: 0.108) Frontier Size: 68
f(n) = 110.0 (Expanded Nodes: 156, Evaluated States: 221, Time: 0.114) Frontier Size: 65
f(n) = 111.0 (Expanded Nodes: 162, Evaluated States: 224, Time: 0.114) Frontier Size: 62
f(n) = 112.0 (Expanded Nodes: 168, Evaluated States: 227, Time: 0.115) Frontier Size: 59
f(n) = 113.0 (Expanded Nodes: 174, Evaluated States: 230, Time: 0.115) Frontier Size: 56
f(n) = 114.0 (Expanded Nodes: 180, Evaluated States: 233, Time: 0.116) Frontier Size: 53
f(n) = 115.0 (Expanded Nodes: 186, Evaluated States: 236, Time: 0.122) Frontier Size: 50
f(n) = 116.0 (Expanded Nodes: 192, Evaluated States: 239, Time: 0.122) Frontier Size: 47
f(n) = 117.0 (Expanded Nodes: 198, Evaluated States: 242, Time: 0.123) Frontier Size: 44
f(n) = 118.0 (Expanded Nodes: 204, Evaluated States: 245, Time: 0.123) Frontier Size: 41
f(n) = 119.0 (Expanded Nodes: 210, Evaluated States: 248, Time: 0.124) Frontier Size: 38
f(n) = 120.0 (Expanded Nodes: 216, Evaluated States: 251, Time: 0.125) Frontier Size: 35
f(n) = 121.0 (Expanded Nodes: 222, Evaluated States: 254, Time: 0.125) Frontier Size: 32
f(n) = 122.0 (Expanded Nodes: 247, Evaluated States: 284, Time: 0.135) Frontier Size: 37
f(n) = 123.0 (Expanded Nodes: 262, Evaluated States: 304, Time: 0.145) Frontier Size: 42
f(n) = 124.0 (Expanded Nodes: 277, Evaluated States: 324, Time: 0.146) Frontier Size: 47
f(n) = 125.0 (Expanded Nodes: 292, Evaluated States: 344, Time: 0.153) Frontier Size: 52
f(n) = 126.0 (Expanded Nodes: 307, Evaluated States: 364, Time: 0.154) Frontier Size: 57
f(n) = 127.0 (Expanded Nodes: 322, Evaluated States: 384, Time: 0.159) Frontier Size: 62
f(n) = 128.0 (Expanded Nodes: 337, Evaluated States: 404, Time: 0.16) Frontier Size: 67
f(n) = 129.0 (Expanded Nodes: 352, Evaluated States: 424, Time: 0.161) Frontier Size: 72
f(n) = 130.0 (Expanded Nodes: 367, Evaluated States: 444, Time: 0.171) Frontier Size: 77
f(n) = 131.0 (Expanded Nodes: 382, Evaluated States: 464, Time: 0.172) Frontier Size: 82
f(n) = 132.0 (Expanded Nodes: 397, Evaluated States: 484, Time: 0.173) Frontier Size: 87
f(n) = 133.0 (Expanded Nodes: 412, Evaluated States: 504, Time: 0.183) Frontier Size: 92
f(n) = 134.0 (Expanded Nodes: 427, Evaluated States: 524, Time: 0.185) Frontier Size: 97
f(n) = 135.0 (Expanded Nodes: 442, Evaluated States: 544, Time: 0.186) Frontier Size: 102
f(n) = 136.0 (Expanded Nodes: 457, Evaluated States: 564, Time: 0.191) Frontier Size: 107
f(n) = 137.0 (Expanded Nodes: 472, Evaluated States: 584, Time: 0.192) Frontier Size: 112
f(n) = 138.0 (Expanded Nodes: 487, Evaluated States: 604, Time: 0.193) Frontier Size: 117
f(n) = 139.0 (Expanded Nodes: 502, Evaluated States: 624, Time: 0.197) Frontier Size: 122
f(n) = 140.0 (Expanded Nodes: 517, Evaluated States: 644, Time: 0.201) Frontier Size: 127
f(n) = 141.0 (Expanded Nodes: 532, Evaluated States: 664, Time: 0.205) Frontier Size: 132
f(n) = 142.0 (Expanded Nodes: 547, Evaluated States: 684, Time: 0.206) Frontier Size: 137
f(n) = 143.0 (Expanded Nodes: 562, Evaluated States: 704, Time: 0.207) Frontier Size: 142
f(n) = 144.0 (Expanded Nodes: 577, Evaluated States: 724, Time: 0.208) Frontier Size: 147
f(n) = 145.0 (Expanded Nodes: 592, Evaluated States: 744, Time: 0.214) Frontier Size: 152
Extracting plan with execution delta: 1.0
Problem Solved

Found Plan:
0: (validate-payload t0 a10 t1)
0: (sync-actions t0 t1 a10)
0: -----waiting---- [21.0]
21.0: (validate-payload t1 a16 t2)
21.0: (sync-actions t1 t2 a16)
21.0: (reset Chain_Response_ActivityA_ActivityC)
21.0: -----waiting---- [45.0]
45.0: (validate-payload t2 a18 t3)
45.0: (sync-actions t2 t3 a18)
45.0: (add_action a19)
45.0: (check_added_parameter_model a19)
45.0: (add_move_automata a19)
45.0: (stop_wait)
45.0: (add_action a17)
45.0: (check_added_parameter_model a17)
45.0: (add_move_automata a17)
45.0: (stop_wait)
45.0: (add_action a11)
45.0: (check_added_parameter_model a11)
45.0: (add_move_automata a11)
45.0: (stop_wait)
45.0: (add_action a14)
45.0: (check_added_parameter_model a14)
45.0: (add_move_automata a14)
45.0: (stop_wait)
45.0: (add_action a3)
45.0: (check_added_parameter_model a3)
45.0: (add_move_automata a3)
45.0: (stop_wait)
45.0: (add_action a4)
45.0: (check_added_parameter_model a4)
45.0: (add_move_automata a4)
45.0: (stop_wait)
45.0: (add_action a15)
45.0: (check_added_parameter_model a15)
45.0: (add_move_automata a15)
45.0: (stop_wait)
45.0: (add_action a5)
45.0: (check_added_parameter_model a5)
45.0: (add_move_automata a5)
45.0: (stop_wait)
45.0: (add_action a0)
45.0: (check_added_parameter_model a0)
45.0: (add_move_automata a0)
45.0: (stop_wait)
45.0: (add_action a1)
45.0: (check_added_parameter_model a1)
45.0: (add_move_automata a1)

Plan-Length:91
Elapsed Time: 45.0
Metric (Search):145.0
Planning Time (msec): 245
Heuristic Time (msec): 8
Search Time (msec): 236
Expanded Nodes:705
States Evaluated:904
Number of Dead-Ends detected:0
Number of Duplicates detected:1121
/usr/bin/time -v timeout 600 java -Xmx64g -jar ./enhsp3.jar -o ./domain_framed_autonomy_process_reset.pddl -f ./problems/a20g6-prefix-3-a20g6_5_timed/problem8.pddl -h blind -s WAStar
Domain parsed
Problem parsed
Grounding..
Grounding Time: 9670
UFX:true
|F|:23169
|X|:7
Heuristic Problem Creation
|A|:874
|P|:2
|E|:0
Delta time heuristic model:1.0
Delta time planning model:1.0
Delta time search-execution model:1.0
Delta time validation model:1
h(I):0.0
f(n) = 1.0 (Expanded Nodes: 7, Evaluated States: 11, Time: 0.024) Frontier Size: 4
f(n) = 2.0 (Expanded Nodes: 11, Evaluated States: 19, Time: 0.049) Frontier Size: 8
f(n) = 3.0 (Expanded Nodes: 15, Evaluated States: 27, Time: 0.054) Frontier Size: 12
f(n) = 4.0 (Expanded Nodes: 19, Evaluated States: 35, Time: 0.055) Frontier Size: 16
f(n) = 5.0 (Expanded Nodes: 23, Evaluated States: 43, Time: 0.057) Frontier Size: 20
f(n) = 6.0 (Expanded Nodes: 27, Evaluated States: 51, Time: 0.062) Frontier Size: 24
f(n) = 7.0 (Expanded Nodes: 31, Evaluated States: 59, Time: 0.063) Frontier Size: 28
f(n) = 8.0 (Expanded Nodes: 35, Evaluated States: 67, Time: 0.064) Frontier Size: 32
f(n) = 9.0 (Expanded Nodes: 39, Evaluated States: 75, Time: 0.069) Frontier Size: 36
f(n) = 10.0 (Expanded Nodes: 43, Evaluated States: 83, Time: 0.07) Frontier Size: 40
f(n) = 11.0 (Expanded Nodes: 47, Evaluated States: 91, Time: 0.071) Frontier Size: 44
f(n) = 12.0 (Expanded Nodes: 51, Evaluated States: 99, Time: 0.077) Frontier Size: 48
f(n) = 13.0 (Expanded Nodes: 55, Evaluated States: 107, Time: 0.078) Frontier Size: 52
f(n) = 14.0 (Expanded Nodes: 59, Evaluated States: 115, Time: 0.079) Frontier Size: 56
f(n) = 15.0 (Expanded Nodes: 63, Evaluated States: 123, Time: 0.079) Frontier Size: 60
f(n) = 100.0 (Expanded Nodes: 70, Evaluated States: 136, Time: 0.086) Frontier Size: 66
f(n) = 101.0 (Expanded Nodes: 76, Evaluated States: 139, Time: 0.087) Frontier Size: 63
f(n) = 102.0 (Expanded Nodes: 82, Evaluated States: 142, Time: 0.088) Frontier Size: 60
f(n) = 103.0 (Expanded Nodes: 88, Evaluated States: 145, Time: 0.089) Frontier Size: 57
f(n) = 104.0 (Expanded Nodes: 94, Evaluated States: 148, Time: 0.089) Frontier Size: 54
f(n) = 105.0 (Expanded Nodes: 100, Evaluated States: 151, Time: 0.09) Frontier Size: 51
f(n) = 106.0 (Expanded Nodes: 106, Evaluated States: 154, Time: 0.098) Frontier Size: 48
f(n) = 107.0 (Expanded Nodes: 112, Evaluated States: 157, Time: 0.099) Frontier Size: 45
f(n) = 108.0 (Expanded Nodes: 118, Evaluated States: 160, Time: 0.103) Frontier Size: 42
f(n) = 109.0 (Expanded Nodes: 124, Evaluated States: 163, Time: 0.104) Frontier Size: 39
f(n) = 110.0 (Expanded Nodes: 130, Evaluated States: 166, Time: 0.105) Frontier Size: 36
f(n) = 111.0 (Expanded Nodes: 136, Evaluated States: 169, Time: 0.107) Frontier Size: 33
f(n) = 112.0 (Expanded Nodes: 142, Evaluated States: 172, Time: 0.108) Frontier Size: 30
f(n) = 113.0 (Expanded Nodes: 148, Evaluated States: 175, Time: 0.108) Frontier Size: 27
f(n) = 114.0 (Expanded Nodes: 154, Evaluated States: 178, Time: 0.109) Frontier Size: 24
f(n) = 115.0 (Expanded Nodes: 160, Evaluated States: 181, Time: 0.109) Frontier Size: 21
f(n) = 116.0 (Expanded Nodes: 174, Evaluated States: 194, Time: 0.116) Frontier Size: 20
f(n) = 117.0 (Expanded Nodes: 179, Evaluated States: 200, Time: 0.117) Frontier Size: 21
f(n) = 118.0 (Expanded Nodes: 184, Evaluated States: 206, Time: 0.117) Frontier Size: 22
f(n) = 119.0 (Expanded Nodes: 189, Evaluated States: 212, Time: 0.118) Frontier Size: 23
f(n) = 120.0 (Expanded Nodes: 194, Evaluated States: 218, Time: 0.123) Frontier Size: 24
f(n) = 121.0 (Expanded Nodes: 199, Evaluated States: 224, Time: 0.123) Frontier Size: 25
f(n) = 122.0 (Expanded Nodes: 204, Evaluated States: 230, Time: 0.124) Frontier Size: 26
f(n) = 123.0 (Expanded Nodes: 209, Evaluated States: 236, Time: 0.124) Frontier Size: 27
f(n) = 124.0 (Expanded Nodes: 214, Evaluated States: 242, Time: 0.125) Frontier Size: 28
f(n) = 125.0 (Expanded Nodes: 219, Evaluated States: 248, Time: 0.131) Frontier Size: 29
f(n) = 126.0 (Expanded Nodes: 224, Evaluated States: 254, Time: 0.132) Frontier Size: 30
f(n) = 127.0 (Expanded Nodes: 229, Evaluated States: 260, Time: 0.132) Frontier Size: 31
f(n) = 128.0 (Expanded Nodes: 234, Evaluated States: 266, Time: 0.133) Frontier Size: 32
f(n) = 129.0 (Expanded Nodes: 239, Evaluated States: 272, Time: 0.133) Frontier Size: 33
f(n) = 130.0 (Expanded Nodes: 244, Evaluated States: 278, Time: 0.134) Frontier Size: 34
f(n) = 131.0 (Expanded Nodes: 249, Evaluated States: 284, Time: 0.14) Frontier Size: 35
Extracting plan with execution delta: 1.0
Problem Solved

Found Plan:
0: (validate-payload t0 a10 t1)
0: (sync-actions t0 t1 a10)
0: -----waiting---- [15.0]
15.0: (validate-payload t1 a16 t2)
15.0: (sync-actions t1 t2 a16)
15.0: (reset Chain_Response_ActivityA_ActivityC)
15.0: -----waiting---- [31.0]
31.0: (validate-payload t2 a18 t3)
31.0: (sync-actions t2 t3 a18)
31.0: (add_action a19)
31.0: (check_added_parameter_model a19)
31.0: (add_move_automata a19)
31.0: (stop_wait)
31.0: (add_action a17)
31.0: (check_added_parameter_model a17)
31.0: (add_move_automata a17)
31.0: (stop_wait)
31.0: (add_action a11)
31.0: (check_added_parameter_model a11)
31.0: (add_move_automata a11)
31.0: (stop_wait)
31.0: (add_action a14)
31.0: (check_added_parameter_model a14)
31.0: (add_move_automata a14)
31.0: (stop_wait)
31.0: (add_action a3)
31.0: (check_added_parameter_model a3)
31.0: (add_move_automata a3)
31.0: (stop_wait)
31.0: (add_action a4)
31.0: (check_added_parameter_model a4)
31.0: (add_move_automata a4)
31.0: (stop_wait)
31.0: (add_action a15)
31.0: (check_added_parameter_model a15)
31.0: (add_move_automata a15)
31.0: (stop_wait)
31.0: (add_action a5)
31.0: (check_added_parameter_model a5)
31.0: (add_move_automata a5)
31.0: (stop_wait)
31.0: (add_action a0)
31.0: (check_added_parameter_model a0)
31.0: (add_move_automata a0)
31.0: (stop_wait)
31.0: (add_action a1)
31.0: (check_added_parameter_model a1)
31.0: (add_move_automata a1)

Plan-Length:77
Elapsed Time: 31.0
Metric (Search):131.0
Planning Time (msec): 168
Heuristic Time (msec): 5
Search Time (msec): 161
Expanded Nodes:321
States Evaluated:372
Number of Dead-Ends detected:0
Number of Duplicates detected:337
/usr/bin/time -v timeout 600 java -Xmx64g -jar ./enhsp3.jar -o ./domain_framed_autonomy_process_reset.pddl -f ./problems/a20g6-prefix-3-a20g6_5_timed/problem9.pddl -h blind -s WAStar
Domain parsed
Problem parsed
Grounding..
Grounding Time: 9527
UFX:true
|F|:23169
|X|:7
Heuristic Problem Creation
|A|:874
|P|:2
|E|:0
Delta time heuristic model:1.0
Delta time planning model:1.0
Delta time search-execution model:1.0
Delta time validation model:1
h(I):0.0
f(n) = 1.0 (Expanded Nodes: 7, Evaluated States: 11, Time: 0.018) Frontier Size: 4
f(n) = 2.0 (Expanded Nodes: 11, Evaluated States: 19, Time: 0.039) Frontier Size: 8
f(n) = 3.0 (Expanded Nodes: 15, Evaluated States: 27, Time: 0.042) Frontier Size: 12
f(n) = 4.0 (Expanded Nodes: 19, Evaluated States: 35, Time: 0.043) Frontier Size: 16
f(n) = 5.0 (Expanded Nodes: 23, Evaluated States: 43, Time: 0.044) Frontier Size: 20
f(n) = 6.0 (Expanded Nodes: 27, Evaluated States: 51, Time: 0.047) Frontier Size: 24
f(n) = 7.0 (Expanded Nodes: 31, Evaluated States: 59, Time: 0.049) Frontier Size: 28
f(n) = 8.0 (Expanded Nodes: 35, Evaluated States: 67, Time: 0.05) Frontier Size: 32
f(n) = 9.0 (Expanded Nodes: 39, Evaluated States: 75, Time: 0.051) Frontier Size: 36
f(n) = 10.0 (Expanded Nodes: 43, Evaluated States: 83, Time: 0.051) Frontier Size: 40
f(n) = 11.0 (Expanded Nodes: 47, Evaluated States: 91, Time: 0.052) Frontier Size: 44
f(n) = 12.0 (Expanded Nodes: 51, Evaluated States: 99, Time: 0.056) Frontier Size: 48
f(n) = 13.0 (Expanded Nodes: 55, Evaluated States: 107, Time: 0.056) Frontier Size: 52
f(n) = 14.0 (Expanded Nodes: 59, Evaluated States: 115, Time: 0.061) Frontier Size: 56
f(n) = 15.0 (Expanded Nodes: 63, Evaluated States: 123, Time: 0.062) Frontier Size: 60
f(n) = 16.0 (Expanded Nodes: 67, Evaluated States: 131, Time: 0.062) Frontier Size: 64
f(n) = 100.0 (Expanded Nodes: 74, Evaluated States: 144, Time: 0.064) Frontier Size: 70
f(n) = 101.0 (Expanded Nodes: 80, Evaluated States: 147, Time: 0.066) Frontier Size: 67
f(n) = 102.0 (Expanded Nodes: 86, Evaluated States: 150, Time: 0.071) Frontier Size: 64
f(n) = 103.0 (Expanded Nodes: 92, Evaluated States: 153, Time: 0.071) Frontier Size: 61
f(n) = 104.0 (Expanded Nodes: 98, Evaluated States: 156, Time: 0.073) Frontier Size: 58
f(n) = 105.0 (Expanded Nodes: 104, Evaluated States: 159, Time: 0.077) Frontier Size: 55
f(n) = 106.0 (Expanded Nodes: 110, Evaluated States: 162, Time: 0.078) Frontier Size: 52
f(n) = 107.0 (Expanded Nodes: 116, Evaluated States: 165, Time: 0.078) Frontier Size: 49
f(n) = 108.0 (Expanded Nodes: 122, Evaluated States: 168, Time: 0.079) Frontier Size: 46
f(n) = 109.0 (Expanded Nodes: 128, Evaluated States: 171, Time: 0.08) Frontier Size: 43
f(n) = 110.0 (Expanded Nodes: 134, Evaluated States: 174, Time: 0.081) Frontier Size: 40
f(n) = 111.0 (Expanded Nodes: 140, Evaluated States: 177, Time: 0.081) Frontier Size: 37
f(n) = 112.0 (Expanded Nodes: 146, Evaluated States: 180, Time: 0.082) Frontier Size: 34
f(n) = 113.0 (Expanded Nodes: 152, Evaluated States: 183, Time: 0.082) Frontier Size: 31
f(n) = 114.0 (Expanded Nodes: 158, Evaluated States: 186, Time: 0.083) Frontier Size: 28
f(n) = 115.0 (Expanded Nodes: 164, Evaluated States: 189, Time: 0.083) Frontier Size: 25
f(n) = 116.0 (Expanded Nodes: 170, Evaluated States: 192, Time: 0.084) Frontier Size: 22
f(n) = 117.0 (Expanded Nodes: 184, Evaluated States: 205, Time: 0.094) Frontier Size: 21
f(n) = 118.0 (Expanded Nodes: 189, Evaluated States: 211, Time: 0.094) Frontier Size: 22
f(n) = 119.0 (Expanded Nodes: 194, Evaluated States: 217, Time: 0.095) Frontier Size: 23
f(n) = 120.0 (Expanded Nodes: 199, Evaluated States: 223, Time: 0.095) Frontier Size: 24
f(n) = 121.0 (Expanded Nodes: 204, Evaluated States: 229, Time: 0.096) Frontier Size: 25
f(n) = 122.0 (Expanded Nodes: 209, Evaluated States: 235, Time: 0.096) Frontier Size: 26
f(n) = 123.0 (Expanded Nodes: 214, Evaluated States: 241, Time: 0.102) Frontier Size: 27
f(n) = 124.0 (Expanded Nodes: 219, Evaluated States: 247, Time: 0.103) Frontier Size: 28
f(n) = 125.0 (Expanded Nodes: 224, Evaluated States: 253, Time: 0.103) Frontier Size: 29
f(n) = 126.0 (Expanded Nodes: 229, Evaluated States: 259, Time: 0.104) Frontier Size: 30
f(n) = 127.0 (Expanded Nodes: 234, Evaluated States: 265, Time: 0.104) Frontier Size: 31
f(n) = 128.0 (Expanded Nodes: 239, Evaluated States: 271, Time: 0.105) Frontier Size: 32
f(n) = 129.0 (Expanded Nodes: 244, Evaluated States: 277, Time: 0.105) Frontier Size: 33
Extracting plan with execution delta: 1.0
Problem Solved

Found Plan:
0: (validate-payload t0 a10 t1)
0: (sync-actions t0 t1 a10)
0: -----waiting---- [16.0]
16.0: (validate-payload t1 a16 t2)
16.0: (sync-actions t1 t2 a16)
16.0: (reset Chain_Response_ActivityA_ActivityC)
16.0: -----waiting---- [29.0]
29.0: (validate-payload t2 a18 t3)
29.0: (sync-actions t2 t3 a18)
29.0: (add_action a19)
29.0: (check_added_parameter_model a19)
29.0: (add_move_automata a19)
29.0: (stop_wait)
29.0: (add_action a17)
29.0: (check_added_parameter_model a17)
29.0: (add_move_automata a17)
29.0: (stop_wait)
29.0: (add_action a11)
29.0: (check_added_parameter_model a11)
29.0: (add_move_automata a11)
29.0: (stop_wait)
29.0: (add_action a14)
29.0: (check_added_parameter_model a14)
29.0: (add_move_automata a14)
29.0: (stop_wait)
29.0: (add_action a3)
29.0: (check_added_parameter_model a3)
29.0: (add_move_automata a3)
29.0: (stop_wait)
29.0: (add_action a4)
29.0: (check_added_parameter_model a4)
29.0: (add_move_automata a4)
29.0: (stop_wait)
29.0: (add_action a15)
29.0: (check_added_parameter_model a15)
29.0: (add_move_automata a15)
29.0: (stop_wait)
29.0: (add_action a5)
29.0: (check_added_parameter_model a5)
29.0: (add_move_automata a5)
29.0: (stop_wait)
29.0: (add_action a0)
29.0: (check_added_parameter_model a0)
29.0: (add_move_automata a0)
29.0: (stop_wait)
29.0: (add_action a1)
29.0: (check_added_parameter_model a1)
29.0: (add_move_automata a1)

Plan-Length:75
Elapsed Time: 29.0
Metric (Search):129.0
Planning Time (msec): 132
Heuristic Time (msec): 3
Search Time (msec): 121
Expanded Nodes:316
States Evaluated:365
Number of Dead-Ends detected:0
Number of Duplicates detected:339
/usr/bin/time -v timeout 600 java -Xmx64g -jar ./enhsp3.jar -o ./domain_framed_autonomy_process_reset.pddl -f ./problems/a20g6-prefix-3-a20g6_5_timed/problem10.pddl -h blind -s WAStar
Domain parsed
Problem parsed
Grounding..
Grounding Time: 10573
UFX:true
|F|:23169
|X|:7
Heuristic Problem Creation
|A|:874
|P|:2
|E|:0
Delta time heuristic model:1.0
Delta time planning model:1.0
Delta time search-execution model:1.0
Delta time validation model:1
h(I):0.0
f(n) = 1.0 (Expanded Nodes: 7, Evaluated States: 11, Time: 0.025) Frontier Size: 4
f(n) = 2.0 (Expanded Nodes: 11, Evaluated States: 19, Time: 0.049) Frontier Size: 8
f(n) = 3.0 (Expanded Nodes: 15, Evaluated States: 27, Time: 0.055) Frontier Size: 12
f(n) = 4.0 (Expanded Nodes: 19, Evaluated States: 35, Time: 0.057) Frontier Size: 16
f(n) = 5.0 (Expanded Nodes: 23, Evaluated States: 43, Time: 0.058) Frontier Size: 20
f(n) = 6.0 (Expanded Nodes: 27, Evaluated States: 51, Time: 0.064) Frontier Size: 24
f(n) = 7.0 (Expanded Nodes: 31, Evaluated States: 59, Time: 0.065) Frontier Size: 28
f(n) = 8.0 (Expanded Nodes: 35, Evaluated States: 67, Time: 0.065) Frontier Size: 32
f(n) = 9.0 (Expanded Nodes: 39, Evaluated States: 75, Time: 0.069) Frontier Size: 36
f(n) = 10.0 (Expanded Nodes: 43, Evaluated States: 83, Time: 0.072) Frontier Size: 40
f(n) = 11.0 (Expanded Nodes: 47, Evaluated States: 91, Time: 0.073) Frontier Size: 44
f(n) = 12.0 (Expanded Nodes: 51, Evaluated States: 99, Time: 0.073) Frontier Size: 48
f(n) = 13.0 (Expanded Nodes: 55, Evaluated States: 107, Time: 0.074) Frontier Size: 52
f(n) = 14.0 (Expanded Nodes: 59, Evaluated States: 115, Time: 0.081) Frontier Size: 56
f(n) = 15.0 (Expanded Nodes: 63, Evaluated States: 123, Time: 0.081) Frontier Size: 60
f(n) = 16.0 (Expanded Nodes: 67, Evaluated States: 131, Time: 0.082) Frontier Size: 64
f(n) = 17.0 (Expanded Nodes: 71, Evaluated States: 139, Time: 0.083) Frontier Size: 68
f(n) = 18.0 (Expanded Nodes: 75, Evaluated States: 147, Time: 0.085) Frontier Size: 72
f(n) = 19.0 (Expanded Nodes: 79, Evaluated States: 155, Time: 0.09) Frontier Size: 76
f(n) = 20.0 (Expanded Nodes: 83, Evaluated States: 163, Time: 0.091) Frontier Size: 80
f(n) = 100.0 (Expanded Nodes: 92, Evaluated States: 183, Time: 0.093) Frontier Size: 91
f(n) = 101.0 (Expanded Nodes: 98, Evaluated States: 186, Time: 0.095) Frontier Size: 88
f(n) = 102.0 (Expanded Nodes: 104, Evaluated States: 189, Time: 0.096) Frontier Size: 85
f(n) = 103.0 (Expanded Nodes: 110, Evaluated States: 192, Time: 0.096) Frontier Size: 82
f(n) = 104.0 (Expanded Nodes: 116, Evaluated States: 195, Time: 0.097) Frontier Size: 79
f(n) = 105.0 (Expanded Nodes: 122, Evaluated States: 198, Time: 0.098) Frontier Size: 76
f(n) = 106.0 (Expanded Nodes: 128, Evaluated States: 201, Time: 0.105) Frontier Size: 73
f(n) = 107.0 (Expanded Nodes: 134, Evaluated States: 204, Time: 0.106) Frontier Size: 70
f(n) = 108.0 (Expanded Nodes: 140, Evaluated States: 207, Time: 0.107) Frontier Size: 67
f(n) = 109.0 (Expanded Nodes: 146, Evaluated States: 210, Time: 0.107) Frontier Size: 64
f(n) = 110.0 (Expanded Nodes: 152, Evaluated States: 213, Time: 0.108) Frontier Size: 61
f(n) = 111.0 (Expanded Nodes: 158, Evaluated States: 216, Time: 0.116) Frontier Size: 58
f(n) = 112.0 (Expanded Nodes: 164, Evaluated States: 219, Time: 0.117) Frontier Size: 55
f(n) = 113.0 (Expanded Nodes: 170, Evaluated States: 222, Time: 0.117) Frontier Size: 52
f(n) = 114.0 (Expanded Nodes: 176, Evaluated States: 225, Time: 0.118) Frontier Size: 49
f(n) = 115.0 (Expanded Nodes: 182, Evaluated States: 228, Time: 0.119) Frontier Size: 46
f(n) = 116.0 (Expanded Nodes: 188, Evaluated States: 231, Time: 0.119) Frontier Size: 43
f(n) = 117.0 (Expanded Nodes: 194, Evaluated States: 234, Time: 0.129) Frontier Size: 40
f(n) = 118.0 (Expanded Nodes: 200, Evaluated States: 237, Time: 0.13) Frontier Size: 37
f(n) = 119.0 (Expanded Nodes: 206, Evaluated States: 240, Time: 0.13) Frontier Size: 34
f(n) = 120.0 (Expanded Nodes: 212, Evaluated States: 243, Time: 0.131) Frontier Size: 31
f(n) = 121.0 (Expanded Nodes: 237, Evaluated States: 273, Time: 0.14) Frontier Size: 36
f(n) = 122.0 (Expanded Nodes: 252, Evaluated States: 293, Time: 0.142) Frontier Size: 41
f(n) = 123.0 (Expanded Nodes: 267, Evaluated States: 313, Time: 0.15) Frontier Size: 46
f(n) = 124.0 (Expanded Nodes: 282, Evaluated States: 333, Time: 0.151) Frontier Size: 51
f(n) = 125.0 (Expanded Nodes: 297, Evaluated States: 353, Time: 0.157) Frontier Size: 56
f(n) = 126.0 (Expanded Nodes: 312, Evaluated States: 373, Time: 0.158) Frontier Size: 61
f(n) = 127.0 (Expanded Nodes: 327, Evaluated States: 393, Time: 0.16) Frontier Size: 66
f(n) = 128.0 (Expanded Nodes: 342, Evaluated States: 413, Time: 0.161) Frontier Size: 71
f(n) = 129.0 (Expanded Nodes: 357, Evaluated States: 433, Time: 0.17) Frontier Size: 76
f(n) = 130.0 (Expanded Nodes: 372, Evaluated States: 453, Time: 0.171) Frontier Size: 81
f(n) = 131.0 (Expanded Nodes: 387, Evaluated States: 473, Time: 0.177) Frontier Size: 86
f(n) = 132.0 (Expanded Nodes: 402, Evaluated States: 493, Time: 0.178) Frontier Size: 91
f(n) = 133.0 (Expanded Nodes: 417, Evaluated States: 513, Time: 0.179) Frontier Size: 96
f(n) = 134.0 (Expanded Nodes: 432, Evaluated States: 533, Time: 0.18) Frontier Size: 101
f(n) = 135.0 (Expanded Nodes: 447, Evaluated States: 553, Time: 0.181) Frontier Size: 106
f(n) = 136.0 (Expanded Nodes: 462, Evaluated States: 573, Time: 0.181) Frontier Size: 111
f(n) = 137.0 (Expanded Nodes: 477, Evaluated States: 593, Time: 0.187) Frontier Size: 116
Extracting plan with execution delta: 1.0
Problem Solved

Found Plan:
0: (validate-payload t0 a10 t1)
0: (sync-actions t0 t1 a10)
0: -----waiting---- [20.0]
20.0: (validate-payload t1 a16 t2)
20.0: (sync-actions t1 t2 a16)
20.0: (reset Chain_Response_ActivityA_ActivityC)
20.0: -----waiting---- [37.0]
37.0: (validate-payload t2 a18 t3)
37.0: (sync-actions t2 t3 a18)
37.0: (add_action a19)
37.0: (check_added_parameter_model a19)
37.0: (add_move_automata a19)
37.0: (stop_wait)
37.0: (add_action a17)
37.0: (check_added_parameter_model a17)
37.0: (add_move_automata a17)
37.0: (stop_wait)
37.0: (add_action a11)
37.0: (check_added_parameter_model a11)
37.0: (add_move_automata a11)
37.0: (stop_wait)
37.0: (add_action a14)
37.0: (check_added_parameter_model a14)
37.0: (add_move_automata a14)
37.0: (stop_wait)
37.0: (add_action a3)
37.0: (check_added_parameter_model a3)
37.0: (add_move_automata a3)
37.0: (stop_wait)
37.0: (add_action a4)
37.0: (check_added_parameter_model a4)
37.0: (add_move_automata a4)
37.0: (stop_wait)
37.0: (add_action a15)
37.0: (check_added_parameter_model a15)
37.0: (add_move_automata a15)
37.0: (stop_wait)
37.0: (add_action a5)
37.0: (check_added_parameter_model a5)
37.0: (add_move_automata a5)
37.0: (stop_wait)
37.0: (add_action a0)
37.0: (check_added_parameter_model a0)
37.0: (add_move_automata a0)
37.0: (stop_wait)
37.0: (add_action a1)
37.0: (check_added_parameter_model a1)
37.0: (add_move_automata a1)

Plan-Length:83
Elapsed Time: 37.0
Metric (Search):137.0
Planning Time (msec): 214
Heuristic Time (msec): 2
Search Time (msec): 202
Expanded Nodes:590
States Evaluated:753
Number of Dead-Ends detected:0
Number of Duplicates detected:911
