/usr/bin/time -v timeout 600 java -Xmx64g -jar ./enhsp3.jar -o ./domain_framed_autonomy_process_reset.pddl -f ./problems/a20g6-prefix-non-conforming-3-a20g6_7_timed_data/problem1.pddl -h blind -s WAStar
Domain parsed
Problem parsed
Grounding..
Grounding Time: 14153
UFX:true
|F|:28935
|X|:22
Heuristic Problem Creation
|A|:1230
|P|:2
|E|:0
Delta time heuristic model:1.0
Delta time planning model:1.0
Delta time search-execution model:1.0
Delta time validation model:1
h(I):0.0
f(n) = 100.0 (Expanded Nodes: 4, Evaluated States: 4, Time: 0.019) Frontier Size: 0
f(n) = 101.0 (Expanded Nodes: 5, Evaluated States: 5, Time: 0.042) Frontier Size: 0
f(n) = 102.0 (Expanded Nodes: 6, Evaluated States: 6, Time: 0.042) Frontier Size: 0
f(n) = 103.0 (Expanded Nodes: 7, Evaluated States: 7, Time: 0.043) Frontier Size: 0
f(n) = 104.0 (Expanded Nodes: 8, Evaluated States: 8, Time: 0.043) Frontier Size: 0
f(n) = 105.0 (Expanded Nodes: 9, Evaluated States: 9, Time: 0.043) Frontier Size: 0
f(n) = 106.0 (Expanded Nodes: 10, Evaluated States: 10, Time: 0.043) Frontier Size: 0
f(n) = 107.0 (Expanded Nodes: 11, Evaluated States: 11, Time: 0.044) Frontier Size: 0
f(n) = 108.0 (Expanded Nodes: 12, Evaluated States: 12, Time: 0.051) Frontier Size: 0
f(n) = 109.0 (Expanded Nodes: 13, Evaluated States: 13, Time: 0.052) Frontier Size: 0
f(n) = 110.0 (Expanded Nodes: 14, Evaluated States: 14, Time: 0.052) Frontier Size: 0
f(n) = 111.0 (Expanded Nodes: 15, Evaluated States: 15, Time: 0.052) Frontier Size: 0
f(n) = 112.0 (Expanded Nodes: 16, Evaluated States: 16, Time: 0.053) Frontier Size: 0
f(n) = 113.0 (Expanded Nodes: 17, Evaluated States: 17, Time: 0.053) Frontier Size: 0
f(n) = 114.0 (Expanded Nodes: 18, Evaluated States: 18, Time: 0.053) Frontier Size: 0
f(n) = 115.0 (Expanded Nodes: 19, Evaluated States: 19, Time: 0.053) Frontier Size: 0
f(n) = 116.0 (Expanded Nodes: 20, Evaluated States: 20, Time: 0.054) Frontier Size: 0
f(n) = 117.0 (Expanded Nodes: 21, Evaluated States: 21, Time: 0.054) Frontier Size: 0
f(n) = 118.0 (Expanded Nodes: 22, Evaluated States: 22, Time: 0.058) Frontier Size: 0
f(n) = 119.0 (Expanded Nodes: 23, Evaluated States: 23, Time: 0.058) Frontier Size: 0
f(n) = 219.0 (Expanded Nodes: 26, Evaluated States: 26, Time: 0.059) Frontier Size: 0
f(n) = 220.0 (Expanded Nodes: 27, Evaluated States: 27, Time: 0.064) Frontier Size: 0
f(n) = 221.0 (Expanded Nodes: 28, Evaluated States: 28, Time: 0.064) Frontier Size: 0
f(n) = 222.0 (Expanded Nodes: 29, Evaluated States: 29, Time: 0.064) Frontier Size: 0
f(n) = 223.0 (Expanded Nodes: 30, Evaluated States: 30, Time: 0.064) Frontier Size: 0
f(n) = 224.0 (Expanded Nodes: 31, Evaluated States: 31, Time: 0.065) Frontier Size: 0
f(n) = 225.0 (Expanded Nodes: 32, Evaluated States: 32, Time: 0.065) Frontier Size: 0
f(n) = 226.0 (Expanded Nodes: 33, Evaluated States: 33, Time: 0.066) Frontier Size: 0
f(n) = 227.0 (Expanded Nodes: 34, Evaluated States: 34, Time: 0.067) Frontier Size: 0
f(n) = 228.0 (Expanded Nodes: 35, Evaluated States: 35, Time: 0.067) Frontier Size: 0
f(n) = 229.0 (Expanded Nodes: 36, Evaluated States: 36, Time: 0.067) Frontier Size: 0
f(n) = 230.0 (Expanded Nodes: 37, Evaluated States: 37, Time: 0.067) Frontier Size: 0
f(n) = 231.0 (Expanded Nodes: 38, Evaluated States: 38, Time: 0.068) Frontier Size: 0
f(n) = 232.0 (Expanded Nodes: 39, Evaluated States: 39, Time: 0.068) Frontier Size: 0
f(n) = 233.0 (Expanded Nodes: 40, Evaluated States: 40, Time: 0.068) Frontier Size: 0
f(n) = 234.0 (Expanded Nodes: 41, Evaluated States: 41, Time: 0.068) Frontier Size: 0
f(n) = 235.0 (Expanded Nodes: 42, Evaluated States: 42, Time: 0.069) Frontier Size: 0
f(n) = 236.0 (Expanded Nodes: 43, Evaluated States: 43, Time: 0.069) Frontier Size: 0
f(n) = 237.0 (Expanded Nodes: 44, Evaluated States: 44, Time: 0.073) Frontier Size: 0
f(n) = 238.0 (Expanded Nodes: 45, Evaluated States: 45, Time: 0.074) Frontier Size: 0
f(n) = 239.0 (Expanded Nodes: 46, Evaluated States: 46, Time: 0.074) Frontier Size: 0
f(n) = 240.0 (Expanded Nodes: 47, Evaluated States: 47, Time: 0.074) Frontier Size: 0
f(n) = 241.0 (Expanded Nodes: 48, Evaluated States: 48, Time: 0.075) Frontier Size: 0
f(n) = 242.0 (Expanded Nodes: 49, Evaluated States: 49, Time: 0.075) Frontier Size: 0
f(n) = 342.0 (Expanded Nodes: 52, Evaluated States: 52, Time: 0.081) Frontier Size: 0
Extracting plan with execution delta: 1.0
Problem Solved

Found Plan:
0: (validate-payload t0 a5 t1)
0: (sync-actions t0 t1 a5)
0: (reset pn)
0: -----waiting---- [19.0]
19.0: (validate-payload t1 a0 t2)
19.0: (sync-actions t1 t2 a0)
19.0: (reset pn)
19.0: -----waiting---- [42.0]
42.0: (validate-payload t2 a1 t3)
42.0: (sync-actions t2 t3 a1)
42.0: (reset pn)
42.0: (add_action a10)
42.0: (check_added_parameter_model a10)
42.0: (add_move_automata a10)
42.0: (stop_wait)
42.0: (add_action a16)
42.0: (check_added_parameter_model a16)
42.0: (add_move_automata a16)
42.0: (stop_wait)
42.0: (add_action a18)
42.0: (check_added_parameter_model a18)
42.0: (add_move_automata a18)
42.0: (stop_wait)
42.0: (add_action a19)
42.0: (check_added_parameter_model a19)
42.0: (add_move_automata a19)
42.0: (stop_wait)
42.0: (add_action a17)
42.0: (check_added_parameter_model a17)
42.0: (add_move_automata a17)
42.0: (stop_wait)
42.0: (add_action a11)
42.0: (add_parameter a11 sDEC2_1 categorical c2)
42.0: (check_added_parameter_model a11)
42.0: (add_move_automata a11)
42.0: (stop_wait)
42.0: (add_action a14)
42.0: (check_added_parameter_model a14)
42.0: (add_move_automata a14)
42.0: (stop_wait)
42.0: (add_action a2)
42.0: (check_added_parameter_model a2)
42.0: (add_move_automata a2)
42.0: (stop_wait)
42.0: (add_action a15)
42.0: (check_added_parameter_model a15)
42.0: (add_move_automata a15)
42.0: (stop_wait)
42.0: (add_action a5)
42.0: (check_added_parameter_model a5)
42.0: (add_move_automata a5)
42.0: (stop_wait)
42.0: (add_action a0)
42.0: (check_added_parameter_model a0)
42.0: (add_move_automata a0)
42.0: (stop_wait)
42.0: (add_action a1)
42.0: (check_added_parameter_model a1)
42.0: (add_move_automata a1)

Plan-Length:99
Elapsed Time: 42.0
Metric (Search):342.0
Planning Time (msec): 193
Heuristic Time (msec): 6
Search Time (msec): 175
Expanded Nodes:270
States Evaluated:298
Number of Dead-Ends detected:0
Number of Duplicates detected:113
/usr/bin/time -v timeout 600 java -Xmx64g -jar ./enhsp3.jar -o ./domain_framed_autonomy_process_reset.pddl -f ./problems/a20g6-prefix-non-conforming-3-a20g6_7_timed_data/problem2.pddl -h blind -s WAStar
Domain parsed
Problem parsed
Grounding..
Grounding Time: 14115
UFX:true
|F|:28935
|X|:22
Heuristic Problem Creation
|A|:1230
|P|:2
|E|:0
Delta time heuristic model:1.0
Delta time planning model:1.0
Delta time search-execution model:1.0
Delta time validation model:1
h(I):0.0
f(n) = 100.0 (Expanded Nodes: 4, Evaluated States: 4, Time: 0.019) Frontier Size: 0
f(n) = 101.0 (Expanded Nodes: 5, Evaluated States: 5, Time: 0.043) Frontier Size: 0
f(n) = 102.0 (Expanded Nodes: 6, Evaluated States: 6, Time: 0.045) Frontier Size: 0
f(n) = 103.0 (Expanded Nodes: 7, Evaluated States: 7, Time: 0.045) Frontier Size: 0
f(n) = 104.0 (Expanded Nodes: 8, Evaluated States: 8, Time: 0.045) Frontier Size: 0
f(n) = 105.0 (Expanded Nodes: 9, Evaluated States: 9, Time: 0.046) Frontier Size: 0
f(n) = 106.0 (Expanded Nodes: 10, Evaluated States: 10, Time: 0.048) Frontier Size: 0
f(n) = 107.0 (Expanded Nodes: 11, Evaluated States: 11, Time: 0.048) Frontier Size: 0
f(n) = 108.0 (Expanded Nodes: 12, Evaluated States: 12, Time: 0.049) Frontier Size: 0
f(n) = 109.0 (Expanded Nodes: 13, Evaluated States: 13, Time: 0.049) Frontier Size: 0
f(n) = 110.0 (Expanded Nodes: 14, Evaluated States: 14, Time: 0.049) Frontier Size: 0
f(n) = 111.0 (Expanded Nodes: 15, Evaluated States: 15, Time: 0.049) Frontier Size: 0
f(n) = 112.0 (Expanded Nodes: 16, Evaluated States: 16, Time: 0.05) Frontier Size: 0
f(n) = 113.0 (Expanded Nodes: 17, Evaluated States: 17, Time: 0.051) Frontier Size: 0
f(n) = 114.0 (Expanded Nodes: 18, Evaluated States: 18, Time: 0.051) Frontier Size: 0
f(n) = 115.0 (Expanded Nodes: 19, Evaluated States: 19, Time: 0.052) Frontier Size: 0
f(n) = 116.0 (Expanded Nodes: 20, Evaluated States: 20, Time: 0.052) Frontier Size: 0
f(n) = 117.0 (Expanded Nodes: 21, Evaluated States: 21, Time: 0.053) Frontier Size: 0
f(n) = 118.0 (Expanded Nodes: 22, Evaluated States: 22, Time: 0.053) Frontier Size: 0
f(n) = 218.0 (Expanded Nodes: 25, Evaluated States: 25, Time: 0.054) Frontier Size: 0
f(n) = 219.0 (Expanded Nodes: 26, Evaluated States: 26, Time: 0.054) Frontier Size: 0
f(n) = 220.0 (Expanded Nodes: 27, Evaluated States: 27, Time: 0.055) Frontier Size: 0
f(n) = 221.0 (Expanded Nodes: 28, Evaluated States: 28, Time: 0.057) Frontier Size: 0
f(n) = 222.0 (Expanded Nodes: 29, Evaluated States: 29, Time: 0.057) Frontier Size: 0
f(n) = 223.0 (Expanded Nodes: 30, Evaluated States: 30, Time: 0.057) Frontier Size: 0
f(n) = 224.0 (Expanded Nodes: 31, Evaluated States: 31, Time: 0.057) Frontier Size: 0
f(n) = 225.0 (Expanded Nodes: 32, Evaluated States: 32, Time: 0.058) Frontier Size: 0
f(n) = 226.0 (Expanded Nodes: 33, Evaluated States: 33, Time: 0.058) Frontier Size: 0
f(n) = 227.0 (Expanded Nodes: 34, Evaluated States: 34, Time: 0.058) Frontier Size: 0
f(n) = 228.0 (Expanded Nodes: 35, Evaluated States: 35, Time: 0.058) Frontier Size: 0
f(n) = 229.0 (Expanded Nodes: 36, Evaluated States: 36, Time: 0.059) Frontier Size: 0
f(n) = 230.0 (Expanded Nodes: 37, Evaluated States: 37, Time: 0.059) Frontier Size: 0
f(n) = 231.0 (Expanded Nodes: 38, Evaluated States: 38, Time: 0.059) Frontier Size: 0
f(n) = 232.0 (Expanded Nodes: 39, Evaluated States: 39, Time: 0.059) Frontier Size: 0
f(n) = 233.0 (Expanded Nodes: 40, Evaluated States: 40, Time: 0.059) Frontier Size: 0
f(n) = 234.0 (Expanded Nodes: 41, Evaluated States: 41, Time: 0.06) Frontier Size: 0
f(n) = 235.0 (Expanded Nodes: 42, Evaluated States: 42, Time: 0.06) Frontier Size: 0
f(n) = 236.0 (Expanded Nodes: 43, Evaluated States: 43, Time: 0.061) Frontier Size: 0
f(n) = 237.0 (Expanded Nodes: 44, Evaluated States: 44, Time: 0.061) Frontier Size: 0
f(n) = 238.0 (Expanded Nodes: 45, Evaluated States: 45, Time: 0.062) Frontier Size: 0
f(n) = 239.0 (Expanded Nodes: 46, Evaluated States: 46, Time: 0.062) Frontier Size: 0
f(n) = 240.0 (Expanded Nodes: 47, Evaluated States: 47, Time: 0.063) Frontier Size: 0
f(n) = 241.0 (Expanded Nodes: 48, Evaluated States: 48, Time: 0.066) Frontier Size: 0
f(n) = 242.0 (Expanded Nodes: 49, Evaluated States: 49, Time: 0.066) Frontier Size: 0
f(n) = 342.0 (Expanded Nodes: 52, Evaluated States: 52, Time: 0.067) Frontier Size: 0
Extracting plan with execution delta: 1.0
Problem Solved

Found Plan:
0: (validate-payload t0 a5 t1)
0: (sync-actions t0 t1 a5)
0: (reset pn)
0: -----waiting---- [18.0]
18.0: (validate-payload t1 a0 t2)
18.0: (sync-actions t1 t2 a0)
18.0: (reset pn)
18.0: -----waiting---- [42.0]
42.0: (validate-payload t2 a1 t3)
42.0: (sync-actions t2 t3 a1)
42.0: (reset pn)
42.0: (add_action a10)
42.0: (check_added_parameter_model a10)
42.0: (add_move_automata a10)
42.0: (stop_wait)
42.0: (add_action a16)
42.0: (check_added_parameter_model a16)
42.0: (add_move_automata a16)
42.0: (stop_wait)
42.0: (add_action a18)
42.0: (check_added_parameter_model a18)
42.0: (add_move_automata a18)
42.0: (stop_wait)
42.0: (add_action a19)
42.0: (check_added_parameter_model a19)
42.0: (add_move_automata a19)
42.0: (stop_wait)
42.0: (add_action a17)
42.0: (check_added_parameter_model a17)
42.0: (add_move_automata a17)
42.0: (stop_wait)
42.0: (add_action a11)
42.0: (add_parameter a11 sDEC2_1 categorical c2)
42.0: (check_added_parameter_model a11)
42.0: (add_move_automata a11)
42.0: (stop_wait)
42.0: (add_action a14)
42.0: (check_added_parameter_model a14)
42.0: (add_move_automata a14)
42.0: (stop_wait)
42.0: (add_action a2)
42.0: (check_added_parameter_model a2)
42.0: (add_move_automata a2)
42.0: (stop_wait)
42.0: (add_action a15)
42.0: (check_added_parameter_model a15)
42.0: (add_move_automata a15)
42.0: (stop_wait)
42.0: (add_action a5)
42.0: (check_added_parameter_model a5)
42.0: (add_move_automata a5)
42.0: (stop_wait)
42.0: (add_action a0)
42.0: (check_added_parameter_model a0)
42.0: (add_move_automata a0)
42.0: (stop_wait)
42.0: (add_action a1)
42.0: (check_added_parameter_model a1)
42.0: (add_move_automata a1)

Plan-Length:99
Elapsed Time: 42.0
Metric (Search):342.0
Planning Time (msec): 149
Heuristic Time (msec): 8
Search Time (msec): 134
Expanded Nodes:270
States Evaluated:298
Number of Dead-Ends detected:0
Number of Duplicates detected:113
/usr/bin/time -v timeout 600 java -Xmx64g -jar ./enhsp3.jar -o ./domain_framed_autonomy_process_reset.pddl -f ./problems/a20g6-prefix-non-conforming-3-a20g6_7_timed_data/problem3.pddl -h blind -s WAStar
Domain parsed
Problem parsed
Grounding..
Grounding Time: 14123
UFX:true
|F|:28935
|X|:22
Heuristic Problem Creation
|A|:1230
|P|:2
|E|:0
Delta time heuristic model:1.0
Delta time planning model:1.0
Delta time search-execution model:1.0
Delta time validation model:1
h(I):0.0
f(n) = 100.0 (Expanded Nodes: 4, Evaluated States: 4, Time: 0.025) Frontier Size: 0
f(n) = 101.0 (Expanded Nodes: 5, Evaluated States: 5, Time: 0.044) Frontier Size: 0
f(n) = 102.0 (Expanded Nodes: 6, Evaluated States: 6, Time: 0.05) Frontier Size: 0
f(n) = 103.0 (Expanded Nodes: 7, Evaluated States: 7, Time: 0.05) Frontier Size: 0
f(n) = 104.0 (Expanded Nodes: 8, Evaluated States: 8, Time: 0.054) Frontier Size: 0
f(n) = 105.0 (Expanded Nodes: 9, Evaluated States: 9, Time: 0.055) Frontier Size: 0
f(n) = 106.0 (Expanded Nodes: 10, Evaluated States: 10, Time: 0.055) Frontier Size: 0
f(n) = 107.0 (Expanded Nodes: 11, Evaluated States: 11, Time: 0.055) Frontier Size: 0
f(n) = 108.0 (Expanded Nodes: 12, Evaluated States: 12, Time: 0.055) Frontier Size: 0
f(n) = 109.0 (Expanded Nodes: 13, Evaluated States: 13, Time: 0.056) Frontier Size: 0
f(n) = 110.0 (Expanded Nodes: 14, Evaluated States: 14, Time: 0.056) Frontier Size: 0
f(n) = 111.0 (Expanded Nodes: 15, Evaluated States: 15, Time: 0.057) Frontier Size: 0
f(n) = 112.0 (Expanded Nodes: 16, Evaluated States: 16, Time: 0.057) Frontier Size: 0
f(n) = 113.0 (Expanded Nodes: 17, Evaluated States: 17, Time: 0.057) Frontier Size: 0
f(n) = 114.0 (Expanded Nodes: 18, Evaluated States: 18, Time: 0.058) Frontier Size: 0
f(n) = 115.0 (Expanded Nodes: 19, Evaluated States: 19, Time: 0.062) Frontier Size: 0
f(n) = 116.0 (Expanded Nodes: 20, Evaluated States: 20, Time: 0.063) Frontier Size: 0
f(n) = 117.0 (Expanded Nodes: 21, Evaluated States: 21, Time: 0.063) Frontier Size: 0
f(n) = 118.0 (Expanded Nodes: 22, Evaluated States: 22, Time: 0.063) Frontier Size: 0
f(n) = 119.0 (Expanded Nodes: 23, Evaluated States: 23, Time: 0.064) Frontier Size: 0
f(n) = 120.0 (Expanded Nodes: 24, Evaluated States: 24, Time: 0.064) Frontier Size: 0
f(n) = 220.0 (Expanded Nodes: 27, Evaluated States: 27, Time: 0.066) Frontier Size: 0
f(n) = 221.0 (Expanded Nodes: 28, Evaluated States: 28, Time: 0.066) Frontier Size: 0
f(n) = 222.0 (Expanded Nodes: 29, Evaluated States: 29, Time: 0.066) Frontier Size: 0
f(n) = 223.0 (Expanded Nodes: 30, Evaluated States: 30, Time: 0.067) Frontier Size: 0
f(n) = 224.0 (Expanded Nodes: 31, Evaluated States: 31, Time: 0.067) Frontier Size: 0
f(n) = 225.0 (Expanded Nodes: 32, Evaluated States: 32, Time: 0.067) Frontier Size: 0
f(n) = 226.0 (Expanded Nodes: 33, Evaluated States: 33, Time: 0.067) Frontier Size: 0
f(n) = 227.0 (Expanded Nodes: 34, Evaluated States: 34, Time: 0.068) Frontier Size: 0
f(n) = 228.0 (Expanded Nodes: 35, Evaluated States: 35, Time: 0.068) Frontier Size: 0
f(n) = 229.0 (Expanded Nodes: 36, Evaluated States: 36, Time: 0.072) Frontier Size: 0
f(n) = 230.0 (Expanded Nodes: 37, Evaluated States: 37, Time: 0.073) Frontier Size: 0
f(n) = 231.0 (Expanded Nodes: 38, Evaluated States: 38, Time: 0.073) Frontier Size: 0
f(n) = 232.0 (Expanded Nodes: 39, Evaluated States: 39, Time: 0.073) Frontier Size: 0
f(n) = 233.0 (Expanded Nodes: 40, Evaluated States: 40, Time: 0.074) Frontier Size: 0
f(n) = 234.0 (Expanded Nodes: 41, Evaluated States: 41, Time: 0.074) Frontier Size: 0
f(n) = 334.0 (Expanded Nodes: 44, Evaluated States: 44, Time: 0.075) Frontier Size: 0
Extracting plan with execution delta: 1.0
Problem Solved

Found Plan:
0: (validate-payload t0 a5 t1)
0: (sync-actions t0 t1 a5)
0: (reset pn)
0: -----waiting---- [20.0]
20.0: (validate-payload t1 a0 t2)
20.0: (sync-actions t1 t2 a0)
20.0: (reset pn)
20.0: -----waiting---- [34.0]
34.0: (validate-payload t2 a1 t3)
34.0: (sync-actions t2 t3 a1)
34.0: (reset pn)
34.0: (add_action a10)
34.0: (check_added_parameter_model a10)
34.0: (add_move_automata a10)
34.0: (stop_wait)
34.0: (add_action a16)
34.0: (check_added_parameter_model a16)
34.0: (add_move_automata a16)
34.0: (stop_wait)
34.0: (add_action a18)
34.0: (check_added_parameter_model a18)
34.0: (add_move_automata a18)
34.0: (stop_wait)
34.0: (add_action a19)
34.0: (check_added_parameter_model a19)
34.0: (add_move_automata a19)
34.0: (stop_wait)
34.0: (add_action a17)
34.0: (check_added_parameter_model a17)
34.0: (add_move_automata a17)
34.0: (stop_wait)
34.0: (add_action a11)
34.0: (add_parameter a11 sDEC2_1 categorical c2)
34.0: (check_added_parameter_model a11)
34.0: (add_move_automata a11)
34.0: (stop_wait)
34.0: (add_action a14)
34.0: (check_added_parameter_model a14)
34.0: (add_move_automata a14)
34.0: (stop_wait)
34.0: (add_action a2)
34.0: (check_added_parameter_model a2)
34.0: (add_move_automata a2)
34.0: (stop_wait)
34.0: (add_action a15)
34.0: (check_added_parameter_model a15)
34.0: (add_move_automata a15)
34.0: (stop_wait)
34.0: (add_action a5)
34.0: (check_added_parameter_model a5)
34.0: (add_move_automata a5)
34.0: (stop_wait)
34.0: (add_action a0)
34.0: (check_added_parameter_model a0)
34.0: (add_move_automata a0)
34.0: (stop_wait)
34.0: (add_action a1)
34.0: (check_added_parameter_model a1)
34.0: (add_move_automata a1)

Plan-Length:91
Elapsed Time: 34.0
Metric (Search):334.0
Planning Time (msec): 198
Heuristic Time (msec): 11
Search Time (msec): 188
Expanded Nodes:262
States Evaluated:290
Number of Dead-Ends detected:0
Number of Duplicates detected:113
/usr/bin/time -v timeout 600 java -Xmx64g -jar ./enhsp3.jar -o ./domain_framed_autonomy_process_reset.pddl -f ./problems/a20g6-prefix-non-conforming-3-a20g6_7_timed_data/problem4.pddl -h blind -s WAStar
Domain parsed
Problem parsed
Grounding..
Grounding Time: 14589
UFX:true
|F|:28935
|X|:22
Heuristic Problem Creation
|A|:1230
|P|:2
|E|:0
Delta time heuristic model:1.0
Delta time planning model:1.0
Delta time search-execution model:1.0
Delta time validation model:1
h(I):0.0
f(n) = 100.0 (Expanded Nodes: 4, Evaluated States: 4, Time: 0.018) Frontier Size: 0
f(n) = 101.0 (Expanded Nodes: 5, Evaluated States: 5, Time: 0.041) Frontier Size: 0
f(n) = 102.0 (Expanded Nodes: 6, Evaluated States: 6, Time: 0.042) Frontier Size: 0
f(n) = 103.0 (Expanded Nodes: 7, Evaluated States: 7, Time: 0.043) Frontier Size: 0
f(n) = 104.0 (Expanded Nodes: 8, Evaluated States: 8, Time: 0.046) Frontier Size: 0
f(n) = 105.0 (Expanded Nodes: 9, Evaluated States: 9, Time: 0.047) Frontier Size: 0
f(n) = 106.0 (Expanded Nodes: 10, Evaluated States: 10, Time: 0.047) Frontier Size: 0
f(n) = 107.0 (Expanded Nodes: 11, Evaluated States: 11, Time: 0.047) Frontier Size: 0
f(n) = 108.0 (Expanded Nodes: 12, Evaluated States: 12, Time: 0.048) Frontier Size: 0
f(n) = 109.0 (Expanded Nodes: 13, Evaluated States: 13, Time: 0.048) Frontier Size: 0
f(n) = 110.0 (Expanded Nodes: 14, Evaluated States: 14, Time: 0.048) Frontier Size: 0
f(n) = 111.0 (Expanded Nodes: 15, Evaluated States: 15, Time: 0.049) Frontier Size: 0
f(n) = 112.0 (Expanded Nodes: 16, Evaluated States: 16, Time: 0.049) Frontier Size: 0
f(n) = 113.0 (Expanded Nodes: 17, Evaluated States: 17, Time: 0.05) Frontier Size: 0
f(n) = 114.0 (Expanded Nodes: 18, Evaluated States: 18, Time: 0.05) Frontier Size: 0
f(n) = 115.0 (Expanded Nodes: 19, Evaluated States: 19, Time: 0.054) Frontier Size: 0
f(n) = 116.0 (Expanded Nodes: 20, Evaluated States: 20, Time: 0.055) Frontier Size: 0
f(n) = 117.0 (Expanded Nodes: 21, Evaluated States: 21, Time: 0.055) Frontier Size: 0
f(n) = 118.0 (Expanded Nodes: 22, Evaluated States: 22, Time: 0.055) Frontier Size: 0
f(n) = 119.0 (Expanded Nodes: 23, Evaluated States: 23, Time: 0.055) Frontier Size: 0
f(n) = 120.0 (Expanded Nodes: 24, Evaluated States: 24, Time: 0.056) Frontier Size: 0
f(n) = 121.0 (Expanded Nodes: 25, Evaluated States: 25, Time: 0.057) Frontier Size: 0
f(n) = 122.0 (Expanded Nodes: 26, Evaluated States: 26, Time: 0.058) Frontier Size: 0
f(n) = 123.0 (Expanded Nodes: 27, Evaluated States: 27, Time: 0.058) Frontier Size: 0
f(n) = 223.0 (Expanded Nodes: 30, Evaluated States: 30, Time: 0.059) Frontier Size: 0
f(n) = 224.0 (Expanded Nodes: 31, Evaluated States: 31, Time: 0.059) Frontier Size: 0
f(n) = 225.0 (Expanded Nodes: 32, Evaluated States: 32, Time: 0.059) Frontier Size: 0
f(n) = 226.0 (Expanded Nodes: 33, Evaluated States: 33, Time: 0.06) Frontier Size: 0
f(n) = 227.0 (Expanded Nodes: 34, Evaluated States: 34, Time: 0.06) Frontier Size: 0
f(n) = 228.0 (Expanded Nodes: 35, Evaluated States: 35, Time: 0.06) Frontier Size: 0
f(n) = 229.0 (Expanded Nodes: 36, Evaluated States: 36, Time: 0.06) Frontier Size: 0
f(n) = 230.0 (Expanded Nodes: 37, Evaluated States: 37, Time: 0.061) Frontier Size: 0
f(n) = 231.0 (Expanded Nodes: 38, Evaluated States: 38, Time: 0.061) Frontier Size: 0
f(n) = 232.0 (Expanded Nodes: 39, Evaluated States: 39, Time: 0.065) Frontier Size: 0
f(n) = 233.0 (Expanded Nodes: 40, Evaluated States: 40, Time: 0.066) Frontier Size: 0
f(n) = 234.0 (Expanded Nodes: 41, Evaluated States: 41, Time: 0.067) Frontier Size: 0
f(n) = 235.0 (Expanded Nodes: 42, Evaluated States: 42, Time: 0.067) Frontier Size: 0
f(n) = 236.0 (Expanded Nodes: 43, Evaluated States: 43, Time: 0.068) Frontier Size: 0
f(n) = 237.0 (Expanded Nodes: 44, Evaluated States: 44, Time: 0.072) Frontier Size: 0
f(n) = 238.0 (Expanded Nodes: 45, Evaluated States: 45, Time: 0.073) Frontier Size: 0
f(n) = 239.0 (Expanded Nodes: 46, Evaluated States: 46, Time: 0.073) Frontier Size: 0
f(n) = 240.0 (Expanded Nodes: 47, Evaluated States: 47, Time: 0.073) Frontier Size: 0
f(n) = 241.0 (Expanded Nodes: 48, Evaluated States: 48, Time: 0.074) Frontier Size: 0
f(n) = 242.0 (Expanded Nodes: 49, Evaluated States: 49, Time: 0.074) Frontier Size: 0
f(n) = 342.0 (Expanded Nodes: 52, Evaluated States: 52, Time: 0.075) Frontier Size: 0
Extracting plan with execution delta: 1.0
Problem Solved

Found Plan:
0: (validate-payload t0 a5 t1)
0: (sync-actions t0 t1 a5)
0: (reset pn)
0: -----waiting---- [23.0]
23.0: (validate-payload t1 a0 t2)
23.0: (sync-actions t1 t2 a0)
23.0: (reset pn)
23.0: -----waiting---- [42.0]
42.0: (validate-payload t2 a1 t3)
42.0: (sync-actions t2 t3 a1)
42.0: (reset pn)
42.0: (add_action a10)
42.0: (check_added_parameter_model a10)
42.0: (add_move_automata a10)
42.0: (stop_wait)
42.0: (add_action a16)
42.0: (check_added_parameter_model a16)
42.0: (add_move_automata a16)
42.0: (stop_wait)
42.0: (add_action a18)
42.0: (check_added_parameter_model a18)
42.0: (add_move_automata a18)
42.0: (stop_wait)
42.0: (add_action a19)
42.0: (check_added_parameter_model a19)
42.0: (add_move_automata a19)
42.0: (stop_wait)
42.0: (add_action a17)
42.0: (check_added_parameter_model a17)
42.0: (add_move_automata a17)
42.0: (stop_wait)
42.0: (add_action a11)
42.0: (add_parameter a11 sDEC2_1 categorical c2)
42.0: (check_added_parameter_model a11)
42.0: (add_move_automata a11)
42.0: (stop_wait)
42.0: (add_action a14)
42.0: (check_added_parameter_model a14)
42.0: (add_move_automata a14)
42.0: (stop_wait)
42.0: (add_action a2)
42.0: (check_added_parameter_model a2)
42.0: (add_move_automata a2)
42.0: (stop_wait)
42.0: (add_action a15)
42.0: (check_added_parameter_model a15)
42.0: (add_move_automata a15)
42.0: (stop_wait)
42.0: (add_action a5)
42.0: (check_added_parameter_model a5)
42.0: (add_move_automata a5)
42.0: (stop_wait)
42.0: (add_action a0)
42.0: (check_added_parameter_model a0)
42.0: (add_move_automata a0)
42.0: (stop_wait)
42.0: (add_action a1)
42.0: (check_added_parameter_model a1)
42.0: (add_move_automata a1)

Plan-Length:99
Elapsed Time: 42.0
Metric (Search):342.0
Planning Time (msec): 188
Heuristic Time (msec): 1
Search Time (msec): 171
Expanded Nodes:270
States Evaluated:298
Number of Dead-Ends detected:0
Number of Duplicates detected:113
/usr/bin/time -v timeout 600 java -Xmx64g -jar ./enhsp3.jar -o ./domain_framed_autonomy_process_reset.pddl -f ./problems/a20g6-prefix-non-conforming-3-a20g6_7_timed_data/problem5.pddl -h blind -s WAStar
Domain parsed
Problem parsed
Grounding..
Grounding Time: 14094
UFX:true
|F|:28935
|X|:22
Heuristic Problem Creation
|A|:1230
|P|:2
|E|:0
Delta time heuristic model:1.0
Delta time planning model:1.0
Delta time search-execution model:1.0
Delta time validation model:1
h(I):0.0
f(n) = 100.0 (Expanded Nodes: 4, Evaluated States: 4, Time: 0.023) Frontier Size: 0
f(n) = 101.0 (Expanded Nodes: 5, Evaluated States: 5, Time: 0.044) Frontier Size: 0
f(n) = 102.0 (Expanded Nodes: 6, Evaluated States: 6, Time: 0.044) Frontier Size: 0
f(n) = 103.0 (Expanded Nodes: 7, Evaluated States: 7, Time: 0.045) Frontier Size: 0
f(n) = 104.0 (Expanded Nodes: 8, Evaluated States: 8, Time: 0.045) Frontier Size: 0
f(n) = 105.0 (Expanded Nodes: 9, Evaluated States: 9, Time: 0.05) Frontier Size: 0
f(n) = 106.0 (Expanded Nodes: 10, Evaluated States: 10, Time: 0.051) Frontier Size: 0
f(n) = 107.0 (Expanded Nodes: 11, Evaluated States: 11, Time: 0.051) Frontier Size: 0
f(n) = 108.0 (Expanded Nodes: 12, Evaluated States: 12, Time: 0.051) Frontier Size: 0
f(n) = 109.0 (Expanded Nodes: 13, Evaluated States: 13, Time: 0.052) Frontier Size: 0
f(n) = 110.0 (Expanded Nodes: 14, Evaluated States: 14, Time: 0.052) Frontier Size: 0
f(n) = 111.0 (Expanded Nodes: 15, Evaluated States: 15, Time: 0.052) Frontier Size: 0
f(n) = 112.0 (Expanded Nodes: 16, Evaluated States: 16, Time: 0.053) Frontier Size: 0
f(n) = 113.0 (Expanded Nodes: 17, Evaluated States: 17, Time: 0.053) Frontier Size: 0
f(n) = 114.0 (Expanded Nodes: 18, Evaluated States: 18, Time: 0.053) Frontier Size: 0
f(n) = 115.0 (Expanded Nodes: 19, Evaluated States: 19, Time: 0.058) Frontier Size: 0
f(n) = 116.0 (Expanded Nodes: 20, Evaluated States: 20, Time: 0.058) Frontier Size: 0
f(n) = 216.0 (Expanded Nodes: 23, Evaluated States: 23, Time: 0.059) Frontier Size: 0
f(n) = 217.0 (Expanded Nodes: 24, Evaluated States: 24, Time: 0.059) Frontier Size: 0
f(n) = 218.0 (Expanded Nodes: 25, Evaluated States: 25, Time: 0.06) Frontier Size: 0
f(n) = 219.0 (Expanded Nodes: 26, Evaluated States: 26, Time: 0.06) Frontier Size: 0
f(n) = 220.0 (Expanded Nodes: 27, Evaluated States: 27, Time: 0.06) Frontier Size: 0
f(n) = 221.0 (Expanded Nodes: 28, Evaluated States: 28, Time: 0.06) Frontier Size: 0
f(n) = 222.0 (Expanded Nodes: 29, Evaluated States: 29, Time: 0.061) Frontier Size: 0
f(n) = 223.0 (Expanded Nodes: 30, Evaluated States: 30, Time: 0.061) Frontier Size: 0
f(n) = 224.0 (Expanded Nodes: 31, Evaluated States: 31, Time: 0.065) Frontier Size: 0
f(n) = 225.0 (Expanded Nodes: 32, Evaluated States: 32, Time: 0.066) Frontier Size: 0
f(n) = 226.0 (Expanded Nodes: 33, Evaluated States: 33, Time: 0.066) Frontier Size: 0
f(n) = 227.0 (Expanded Nodes: 34, Evaluated States: 34, Time: 0.066) Frontier Size: 0
f(n) = 228.0 (Expanded Nodes: 35, Evaluated States: 35, Time: 0.067) Frontier Size: 0
f(n) = 229.0 (Expanded Nodes: 36, Evaluated States: 36, Time: 0.067) Frontier Size: 0
f(n) = 230.0 (Expanded Nodes: 37, Evaluated States: 37, Time: 0.067) Frontier Size: 0
f(n) = 231.0 (Expanded Nodes: 38, Evaluated States: 38, Time: 0.067) Frontier Size: 0
f(n) = 232.0 (Expanded Nodes: 39, Evaluated States: 39, Time: 0.068) Frontier Size: 0
f(n) = 233.0 (Expanded Nodes: 40, Evaluated States: 40, Time: 0.068) Frontier Size: 0
f(n) = 234.0 (Expanded Nodes: 41, Evaluated States: 41, Time: 0.068) Frontier Size: 0
f(n) = 235.0 (Expanded Nodes: 42, Evaluated States: 42, Time: 0.068) Frontier Size: 0
f(n) = 236.0 (Expanded Nodes: 43, Evaluated States: 43, Time: 0.069) Frontier Size: 0
f(n) = 237.0 (Expanded Nodes: 44, Evaluated States: 44, Time: 0.069) Frontier Size: 0
f(n) = 337.0 (Expanded Nodes: 47, Evaluated States: 47, Time: 0.075) Frontier Size: 0
Extracting plan with execution delta: 1.0
Problem Solved

Found Plan:
0: (validate-payload t0 a5 t1)
0: (sync-actions t0 t1 a5)
0: (reset pn)
0: -----waiting---- [16.0]
16.0: (validate-payload t1 a0 t2)
16.0: (sync-actions t1 t2 a0)
16.0: (reset pn)
16.0: -----waiting---- [37.0]
37.0: (validate-payload t2 a1 t3)
37.0: (sync-actions t2 t3 a1)
37.0: (reset pn)
37.0: (add_action a10)
37.0: (check_added_parameter_model a10)
37.0: (add_move_automata a10)
37.0: (stop_wait)
37.0: (add_action a16)
37.0: (check_added_parameter_model a16)
37.0: (add_move_automata a16)
37.0: (stop_wait)
37.0: (add_action a18)
37.0: (check_added_parameter_model a18)
37.0: (add_move_automata a18)
37.0: (stop_wait)
37.0: (add_action a19)
37.0: (check_added_parameter_model a19)
37.0: (add_move_automata a19)
37.0: (stop_wait)
37.0: (add_action a17)
37.0: (check_added_parameter_model a17)
37.0: (add_move_automata a17)
37.0: (stop_wait)
37.0: (add_action a11)
37.0: (add_parameter a11 sDEC2_1 categorical c2)
37.0: (check_added_parameter_model a11)
37.0: (add_move_automata a11)
37.0: (stop_wait)
37.0: (add_action a14)
37.0: (check_added_parameter_model a14)
37.0: (add_move_automata a14)
37.0: (stop_wait)
37.0: (add_action a2)
37.0: (check_added_parameter_model a2)
37.0: (add_move_automata a2)
37.0: (stop_wait)
37.0: (add_action a15)
37.0: (check_added_parameter_model a15)
37.0: (add_move_automata a15)
37.0: (stop_wait)
37.0: (add_action a5)
37.0: (check_added_parameter_model a5)
37.0: (add_move_automata a5)
37.0: (stop_wait)
37.0: (add_action a0)
37.0: (check_added_parameter_model a0)
37.0: (add_move_automata a0)
37.0: (stop_wait)
37.0: (add_action a1)
37.0: (check_added_parameter_model a1)
37.0: (add_move_automata a1)

Plan-Length:94
Elapsed Time: 37.0
Metric (Search):337.0
Planning Time (msec): 178
Heuristic Time (msec): 7
Search Time (msec): 173
Expanded Nodes:265
States Evaluated:293
Number of Dead-Ends detected:0
Number of Duplicates detected:113
/usr/bin/time -v timeout 600 java -Xmx64g -jar ./enhsp3.jar -o ./domain_framed_autonomy_process_reset.pddl -f ./problems/a20g6-prefix-non-conforming-3-a20g6_7_timed_data/problem6.pddl -h blind -s WAStar
Domain parsed
Problem parsed
Grounding..
Grounding Time: 15158
UFX:true
|F|:28935
|X|:22
Heuristic Problem Creation
|A|:1230
|P|:2
|E|:0
Delta time heuristic model:1.0
Delta time planning model:1.0
Delta time search-execution model:1.0
Delta time validation model:1
h(I):0.0
f(n) = 100.0 (Expanded Nodes: 4, Evaluated States: 4, Time: 0.018) Frontier Size: 0
f(n) = 101.0 (Expanded Nodes: 5, Evaluated States: 5, Time: 0.044) Frontier Size: 0
f(n) = 102.0 (Expanded Nodes: 6, Evaluated States: 6, Time: 0.045) Frontier Size: 0
f(n) = 103.0 (Expanded Nodes: 7, Evaluated States: 7, Time: 0.045) Frontier Size: 0
f(n) = 104.0 (Expanded Nodes: 8, Evaluated States: 8, Time: 0.045) Frontier Size: 0
f(n) = 105.0 (Expanded Nodes: 9, Evaluated States: 9, Time: 0.046) Frontier Size: 0
f(n) = 106.0 (Expanded Nodes: 10, Evaluated States: 10, Time: 0.046) Frontier Size: 0
f(n) = 107.0 (Expanded Nodes: 11, Evaluated States: 11, Time: 0.051) Frontier Size: 0
f(n) = 108.0 (Expanded Nodes: 12, Evaluated States: 12, Time: 0.052) Frontier Size: 0
f(n) = 109.0 (Expanded Nodes: 13, Evaluated States: 13, Time: 0.052) Frontier Size: 0
f(n) = 110.0 (Expanded Nodes: 14, Evaluated States: 14, Time: 0.052) Frontier Size: 0
f(n) = 111.0 (Expanded Nodes: 15, Evaluated States: 15, Time: 0.053) Frontier Size: 0
f(n) = 112.0 (Expanded Nodes: 16, Evaluated States: 16, Time: 0.053) Frontier Size: 0
f(n) = 113.0 (Expanded Nodes: 17, Evaluated States: 17, Time: 0.053) Frontier Size: 0
f(n) = 114.0 (Expanded Nodes: 18, Evaluated States: 18, Time: 0.054) Frontier Size: 0
f(n) = 115.0 (Expanded Nodes: 19, Evaluated States: 19, Time: 0.054) Frontier Size: 0
f(n) = 116.0 (Expanded Nodes: 20, Evaluated States: 20, Time: 0.054) Frontier Size: 0
f(n) = 117.0 (Expanded Nodes: 21, Evaluated States: 21, Time: 0.061) Frontier Size: 0
f(n) = 118.0 (Expanded Nodes: 22, Evaluated States: 22, Time: 0.061) Frontier Size: 0
f(n) = 218.0 (Expanded Nodes: 25, Evaluated States: 25, Time: 0.062) Frontier Size: 0
f(n) = 219.0 (Expanded Nodes: 26, Evaluated States: 26, Time: 0.062) Frontier Size: 0
f(n) = 220.0 (Expanded Nodes: 27, Evaluated States: 27, Time: 0.062) Frontier Size: 0
f(n) = 221.0 (Expanded Nodes: 28, Evaluated States: 28, Time: 0.063) Frontier Size: 0
f(n) = 222.0 (Expanded Nodes: 29, Evaluated States: 29, Time: 0.063) Frontier Size: 0
f(n) = 223.0 (Expanded Nodes: 30, Evaluated States: 30, Time: 0.065) Frontier Size: 0
f(n) = 224.0 (Expanded Nodes: 31, Evaluated States: 31, Time: 0.066) Frontier Size: 0
f(n) = 225.0 (Expanded Nodes: 32, Evaluated States: 32, Time: 0.066) Frontier Size: 0
f(n) = 226.0 (Expanded Nodes: 33, Evaluated States: 33, Time: 0.066) Frontier Size: 0
f(n) = 227.0 (Expanded Nodes: 34, Evaluated States: 34, Time: 0.066) Frontier Size: 0
f(n) = 228.0 (Expanded Nodes: 35, Evaluated States: 35, Time: 0.067) Frontier Size: 0
f(n) = 229.0 (Expanded Nodes: 36, Evaluated States: 36, Time: 0.067) Frontier Size: 0
f(n) = 230.0 (Expanded Nodes: 37, Evaluated States: 37, Time: 0.067) Frontier Size: 0
f(n) = 231.0 (Expanded Nodes: 38, Evaluated States: 38, Time: 0.068) Frontier Size: 0
f(n) = 232.0 (Expanded Nodes: 39, Evaluated States: 39, Time: 0.068) Frontier Size: 0
f(n) = 332.0 (Expanded Nodes: 42, Evaluated States: 42, Time: 0.069) Frontier Size: 0
Extracting plan with execution delta: 1.0
Problem Solved

Found Plan:
0: (validate-payload t0 a5 t1)
0: (sync-actions t0 t1 a5)
0: (reset pn)
0: -----waiting---- [18.0]
18.0: (validate-payload t1 a0 t2)
18.0: (sync-actions t1 t2 a0)
18.0: (reset pn)
18.0: -----waiting---- [32.0]
32.0: (validate-payload t2 a1 t3)
32.0: (sync-actions t2 t3 a1)
32.0: (reset pn)
32.0: (add_action a10)
32.0: (check_added_parameter_model a10)
32.0: (add_move_automata a10)
32.0: (stop_wait)
32.0: (add_action a16)
32.0: (check_added_parameter_model a16)
32.0: (add_move_automata a16)
32.0: (stop_wait)
32.0: (add_action a18)
32.0: (check_added_parameter_model a18)
32.0: (add_move_automata a18)
32.0: (stop_wait)
32.0: (add_action a19)
32.0: (check_added_parameter_model a19)
32.0: (add_move_automata a19)
32.0: (stop_wait)
32.0: (add_action a17)
32.0: (check_added_parameter_model a17)
32.0: (add_move_automata a17)
32.0: (stop_wait)
32.0: (add_action a11)
32.0: (add_parameter a11 sDEC2_1 categorical c2)
32.0: (check_added_parameter_model a11)
32.0: (add_move_automata a11)
32.0: (stop_wait)
32.0: (add_action a14)
32.0: (check_added_parameter_model a14)
32.0: (add_move_automata a14)
32.0: (stop_wait)
32.0: (add_action a2)
32.0: (check_added_parameter_model a2)
32.0: (add_move_automata a2)
32.0: (stop_wait)
32.0: (add_action a15)
32.0: (check_added_parameter_model a15)
32.0: (add_move_automata a15)
32.0: (stop_wait)
32.0: (add_action a5)
32.0: (check_added_parameter_model a5)
32.0: (add_move_automata a5)
32.0: (stop_wait)
32.0: (add_action a0)
32.0: (check_added_parameter_model a0)
32.0: (add_move_automata a0)
32.0: (stop_wait)
32.0: (add_action a1)
32.0: (check_added_parameter_model a1)
32.0: (add_move_automata a1)

Plan-Length:89
Elapsed Time: 32.0
Metric (Search):332.0
Planning Time (msec): 182
Heuristic Time (msec): 8
Search Time (msec): 174
Expanded Nodes:260
States Evaluated:288
Number of Dead-Ends detected:0
Number of Duplicates detected:113
/usr/bin/time -v timeout 600 java -Xmx64g -jar ./enhsp3.jar -o ./domain_framed_autonomy_process_reset.pddl -f ./problems/a20g6-prefix-non-conforming-3-a20g6_7_timed_data/problem7.pddl -h blind -s WAStar
Domain parsed
Problem parsed
Grounding..
Grounding Time: 14469
UFX:true
|F|:28935
|X|:22
Heuristic Problem Creation
|A|:1230
|P|:2
|E|:0
Delta time heuristic model:1.0
Delta time planning model:1.0
Delta time search-execution model:1.0
Delta time validation model:1
h(I):0.0
f(n) = 100.0 (Expanded Nodes: 4, Evaluated States: 4, Time: 0.021) Frontier Size: 0
f(n) = 101.0 (Expanded Nodes: 5, Evaluated States: 5, Time: 0.042) Frontier Size: 0
f(n) = 102.0 (Expanded Nodes: 6, Evaluated States: 6, Time: 0.043) Frontier Size: 0
f(n) = 103.0 (Expanded Nodes: 7, Evaluated States: 7, Time: 0.043) Frontier Size: 0
f(n) = 104.0 (Expanded Nodes: 8, Evaluated States: 8, Time: 0.043) Frontier Size: 0
f(n) = 105.0 (Expanded Nodes: 9, Evaluated States: 9, Time: 0.043) Frontier Size: 0
f(n) = 106.0 (Expanded Nodes: 10, Evaluated States: 10, Time: 0.044) Frontier Size: 0
f(n) = 107.0 (Expanded Nodes: 11, Evaluated States: 11, Time: 0.044) Frontier Size: 0
f(n) = 108.0 (Expanded Nodes: 12, Evaluated States: 12, Time: 0.05) Frontier Size: 0
f(n) = 109.0 (Expanded Nodes: 13, Evaluated States: 13, Time: 0.05) Frontier Size: 0
f(n) = 110.0 (Expanded Nodes: 14, Evaluated States: 14, Time: 0.051) Frontier Size: 0
f(n) = 111.0 (Expanded Nodes: 15, Evaluated States: 15, Time: 0.051) Frontier Size: 0
f(n) = 112.0 (Expanded Nodes: 16, Evaluated States: 16, Time: 0.051) Frontier Size: 0
f(n) = 113.0 (Expanded Nodes: 17, Evaluated States: 17, Time: 0.053) Frontier Size: 0
f(n) = 114.0 (Expanded Nodes: 18, Evaluated States: 18, Time: 0.054) Frontier Size: 0
f(n) = 115.0 (Expanded Nodes: 19, Evaluated States: 19, Time: 0.054) Frontier Size: 0
f(n) = 116.0 (Expanded Nodes: 20, Evaluated States: 20, Time: 0.054) Frontier Size: 0
f(n) = 117.0 (Expanded Nodes: 21, Evaluated States: 21, Time: 0.054) Frontier Size: 0
f(n) = 118.0 (Expanded Nodes: 22, Evaluated States: 22, Time: 0.055) Frontier Size: 0
f(n) = 218.0 (Expanded Nodes: 25, Evaluated States: 25, Time: 0.058) Frontier Size: 0
f(n) = 219.0 (Expanded Nodes: 26, Evaluated States: 26, Time: 0.058) Frontier Size: 0
f(n) = 220.0 (Expanded Nodes: 27, Evaluated States: 27, Time: 0.062) Frontier Size: 0
f(n) = 221.0 (Expanded Nodes: 28, Evaluated States: 28, Time: 0.063) Frontier Size: 0
f(n) = 222.0 (Expanded Nodes: 29, Evaluated States: 29, Time: 0.063) Frontier Size: 0
f(n) = 223.0 (Expanded Nodes: 30, Evaluated States: 30, Time: 0.063) Frontier Size: 0
f(n) = 224.0 (Expanded Nodes: 31, Evaluated States: 31, Time: 0.064) Frontier Size: 0
f(n) = 225.0 (Expanded Nodes: 32, Evaluated States: 32, Time: 0.064) Frontier Size: 0
f(n) = 226.0 (Expanded Nodes: 33, Evaluated States: 33, Time: 0.064) Frontier Size: 0
f(n) = 227.0 (Expanded Nodes: 34, Evaluated States: 34, Time: 0.064) Frontier Size: 0
f(n) = 228.0 (Expanded Nodes: 35, Evaluated States: 35, Time: 0.065) Frontier Size: 0
f(n) = 229.0 (Expanded Nodes: 36, Evaluated States: 36, Time: 0.065) Frontier Size: 0
f(n) = 230.0 (Expanded Nodes: 37, Evaluated States: 37, Time: 0.065) Frontier Size: 0
f(n) = 231.0 (Expanded Nodes: 38, Evaluated States: 38, Time: 0.067) Frontier Size: 0
f(n) = 232.0 (Expanded Nodes: 39, Evaluated States: 39, Time: 0.067) Frontier Size: 0
f(n) = 233.0 (Expanded Nodes: 40, Evaluated States: 40, Time: 0.07) Frontier Size: 0
f(n) = 234.0 (Expanded Nodes: 41, Evaluated States: 41, Time: 0.071) Frontier Size: 0
f(n) = 334.0 (Expanded Nodes: 44, Evaluated States: 44, Time: 0.071) Frontier Size: 0
Extracting plan with execution delta: 1.0
Problem Solved

Found Plan:
0: (validate-payload t0 a5 t1)
0: (sync-actions t0 t1 a5)
0: (reset pn)
0: -----waiting---- [18.0]
18.0: (validate-payload t1 a0 t2)
18.0: (sync-actions t1 t2 a0)
18.0: (reset pn)
18.0: -----waiting---- [34.0]
34.0: (validate-payload t2 a1 t3)
34.0: (sync-actions t2 t3 a1)
34.0: (reset pn)
34.0: (add_action a10)
34.0: (check_added_parameter_model a10)
34.0: (add_move_automata a10)
34.0: (stop_wait)
34.0: (add_action a16)
34.0: (check_added_parameter_model a16)
34.0: (add_move_automata a16)
34.0: (stop_wait)
34.0: (add_action a18)
34.0: (check_added_parameter_model a18)
34.0: (add_move_automata a18)
34.0: (stop_wait)
34.0: (add_action a19)
34.0: (check_added_parameter_model a19)
34.0: (add_move_automata a19)
34.0: (stop_wait)
34.0: (add_action a17)
34.0: (check_added_parameter_model a17)
34.0: (add_move_automata a17)
34.0: (stop_wait)
34.0: (add_action a11)
34.0: (add_parameter a11 sDEC2_1 categorical c2)
34.0: (check_added_parameter_model a11)
34.0: (add_move_automata a11)
34.0: (stop_wait)
34.0: (add_action a14)
34.0: (check_added_parameter_model a14)
34.0: (add_move_automata a14)
34.0: (stop_wait)
34.0: (add_action a2)
34.0: (check_added_parameter_model a2)
34.0: (add_move_automata a2)
34.0: (stop_wait)
34.0: (add_action a15)
34.0: (check_added_parameter_model a15)
34.0: (add_move_automata a15)
34.0: (stop_wait)
34.0: (add_action a5)
34.0: (check_added_parameter_model a5)
34.0: (add_move_automata a5)
34.0: (stop_wait)
34.0: (add_action a0)
34.0: (check_added_parameter_model a0)
34.0: (add_move_automata a0)
34.0: (stop_wait)
34.0: (add_action a1)
34.0: (check_added_parameter_model a1)
34.0: (add_move_automata a1)

Plan-Length:91
Elapsed Time: 34.0
Metric (Search):334.0
Planning Time (msec): 187
Heuristic Time (msec): 2
Search Time (msec): 173
Expanded Nodes:262
States Evaluated:290
Number of Dead-Ends detected:0
Number of Duplicates detected:113
/usr/bin/time -v timeout 600 java -Xmx64g -jar ./enhsp3.jar -o ./domain_framed_autonomy_process_reset.pddl -f ./problems/a20g6-prefix-non-conforming-3-a20g6_7_timed_data/problem8.pddl -h blind -s WAStar
Domain parsed
Problem parsed
Grounding..
Grounding Time: 13961
UFX:true
|F|:28935
|X|:22
Heuristic Problem Creation
|A|:1230
|P|:2
|E|:0
Delta time heuristic model:1.0
Delta time planning model:1.0
Delta time search-execution model:1.0
Delta time validation model:1
h(I):0.0
f(n) = 100.0 (Expanded Nodes: 4, Evaluated States: 4, Time: 0.019) Frontier Size: 0
f(n) = 101.0 (Expanded Nodes: 5, Evaluated States: 5, Time: 0.044) Frontier Size: 0
f(n) = 102.0 (Expanded Nodes: 6, Evaluated States: 6, Time: 0.048) Frontier Size: 0
f(n) = 103.0 (Expanded Nodes: 7, Evaluated States: 7, Time: 0.049) Frontier Size: 0
f(n) = 104.0 (Expanded Nodes: 8, Evaluated States: 8, Time: 0.049) Frontier Size: 0
f(n) = 105.0 (Expanded Nodes: 9, Evaluated States: 9, Time: 0.049) Frontier Size: 0
f(n) = 106.0 (Expanded Nodes: 10, Evaluated States: 10, Time: 0.05) Frontier Size: 0
f(n) = 107.0 (Expanded Nodes: 11, Evaluated States: 11, Time: 0.05) Frontier Size: 0
f(n) = 108.0 (Expanded Nodes: 12, Evaluated States: 12, Time: 0.05) Frontier Size: 0
f(n) = 109.0 (Expanded Nodes: 13, Evaluated States: 13, Time: 0.051) Frontier Size: 0
f(n) = 110.0 (Expanded Nodes: 14, Evaluated States: 14, Time: 0.051) Frontier Size: 0
f(n) = 111.0 (Expanded Nodes: 15, Evaluated States: 15, Time: 0.055) Frontier Size: 0
f(n) = 112.0 (Expanded Nodes: 16, Evaluated States: 16, Time: 0.056) Frontier Size: 0
f(n) = 113.0 (Expanded Nodes: 17, Evaluated States: 17, Time: 0.056) Frontier Size: 0
f(n) = 213.0 (Expanded Nodes: 20, Evaluated States: 20, Time: 0.057) Frontier Size: 0
f(n) = 214.0 (Expanded Nodes: 21, Evaluated States: 21, Time: 0.057) Frontier Size: 0
f(n) = 215.0 (Expanded Nodes: 22, Evaluated States: 22, Time: 0.057) Frontier Size: 0
f(n) = 216.0 (Expanded Nodes: 23, Evaluated States: 23, Time: 0.058) Frontier Size: 0
f(n) = 217.0 (Expanded Nodes: 24, Evaluated States: 24, Time: 0.058) Frontier Size: 0
f(n) = 218.0 (Expanded Nodes: 25, Evaluated States: 25, Time: 0.059) Frontier Size: 0
f(n) = 219.0 (Expanded Nodes: 26, Evaluated States: 26, Time: 0.059) Frontier Size: 0
f(n) = 220.0 (Expanded Nodes: 27, Evaluated States: 27, Time: 0.064) Frontier Size: 0
f(n) = 221.0 (Expanded Nodes: 28, Evaluated States: 28, Time: 0.064) Frontier Size: 0
f(n) = 222.0 (Expanded Nodes: 29, Evaluated States: 29, Time: 0.064) Frontier Size: 0
f(n) = 223.0 (Expanded Nodes: 30, Evaluated States: 30, Time: 0.065) Frontier Size: 0
f(n) = 224.0 (Expanded Nodes: 31, Evaluated States: 31, Time: 0.065) Frontier Size: 0
f(n) = 225.0 (Expanded Nodes: 32, Evaluated States: 32, Time: 0.065) Frontier Size: 0
f(n) = 226.0 (Expanded Nodes: 33, Evaluated States: 33, Time: 0.065) Frontier Size: 0
f(n) = 227.0 (Expanded Nodes: 34, Evaluated States: 34, Time: 0.066) Frontier Size: 0
f(n) = 327.0 (Expanded Nodes: 37, Evaluated States: 37, Time: 0.071) Frontier Size: 0
Extracting plan with execution delta: 1.0
Problem Solved

Found Plan:
0: (validate-payload t0 a5 t1)
0: (sync-actions t0 t1 a5)
0: (reset pn)
0: -----waiting---- [13.0]
13.0: (validate-payload t1 a0 t2)
13.0: (sync-actions t1 t2 a0)
13.0: (reset pn)
13.0: -----waiting---- [27.0]
27.0: (validate-payload t2 a1 t3)
27.0: (sync-actions t2 t3 a1)
27.0: (reset pn)
27.0: (add_action a10)
27.0: (check_added_parameter_model a10)
27.0: (add_move_automata a10)
27.0: (stop_wait)
27.0: (add_action a16)
27.0: (check_added_parameter_model a16)
27.0: (add_move_automata a16)
27.0: (stop_wait)
27.0: (add_action a18)
27.0: (check_added_parameter_model a18)
27.0: (add_move_automata a18)
27.0: (stop_wait)
27.0: (add_action a19)
27.0: (check_added_parameter_model a19)
27.0: (add_move_automata a19)
27.0: (stop_wait)
27.0: (add_action a17)
27.0: (check_added_parameter_model a17)
27.0: (add_move_automata a17)
27.0: (stop_wait)
27.0: (add_action a11)
27.0: (add_parameter a11 sDEC2_1 categorical c2)
27.0: (check_added_parameter_model a11)
27.0: (add_move_automata a11)
27.0: (stop_wait)
27.0: (add_action a14)
27.0: (check_added_parameter_model a14)
27.0: (add_move_automata a14)
27.0: (stop_wait)
27.0: (add_action a2)
27.0: (check_added_parameter_model a2)
27.0: (add_move_automata a2)
27.0: (stop_wait)
27.0: (add_action a15)
27.0: (check_added_parameter_model a15)
27.0: (add_move_automata a15)
27.0: (stop_wait)
27.0: (add_action a5)
27.0: (check_added_parameter_model a5)
27.0: (add_move_automata a5)
27.0: (stop_wait)
27.0: (add_action a0)
27.0: (check_added_parameter_model a0)
27.0: (add_move_automata a0)
27.0: (stop_wait)
27.0: (add_action a1)
27.0: (check_added_parameter_model a1)
27.0: (add_move_automata a1)

Plan-Length:84
Elapsed Time: 27.0
Metric (Search):327.0
Planning Time (msec): 190
Heuristic Time (msec): 6
Search Time (msec): 181
Expanded Nodes:255
States Evaluated:283
Number of Dead-Ends detected:0
Number of Duplicates detected:113
/usr/bin/time -v timeout 600 java -Xmx64g -jar ./enhsp3.jar -o ./domain_framed_autonomy_process_reset.pddl -f ./problems/a20g6-prefix-non-conforming-3-a20g6_7_timed_data/problem9.pddl -h blind -s WAStar
Domain parsed
Problem parsed
Grounding..
Grounding Time: 13609
UFX:true
|F|:28935
|X|:22
Heuristic Problem Creation
|A|:1230
|P|:2
|E|:0
Delta time heuristic model:1.0
Delta time planning model:1.0
Delta time search-execution model:1.0
Delta time validation model:1
h(I):0.0
f(n) = 100.0 (Expanded Nodes: 4, Evaluated States: 4, Time: 0.019) Frontier Size: 0
f(n) = 101.0 (Expanded Nodes: 5, Evaluated States: 5, Time: 0.037) Frontier Size: 0
f(n) = 102.0 (Expanded Nodes: 6, Evaluated States: 6, Time: 0.042) Frontier Size: 0
f(n) = 103.0 (Expanded Nodes: 7, Evaluated States: 7, Time: 0.043) Frontier Size: 0
f(n) = 104.0 (Expanded Nodes: 8, Evaluated States: 8, Time: 0.043) Frontier Size: 0
f(n) = 105.0 (Expanded Nodes: 9, Evaluated States: 9, Time: 0.043) Frontier Size: 0
f(n) = 106.0 (Expanded Nodes: 10, Evaluated States: 10, Time: 0.044) Frontier Size: 0
f(n) = 107.0 (Expanded Nodes: 11, Evaluated States: 11, Time: 0.044) Frontier Size: 0
f(n) = 108.0 (Expanded Nodes: 12, Evaluated States: 12, Time: 0.044) Frontier Size: 0
f(n) = 109.0 (Expanded Nodes: 13, Evaluated States: 13, Time: 0.044) Frontier Size: 0
f(n) = 110.0 (Expanded Nodes: 14, Evaluated States: 14, Time: 0.045) Frontier Size: 0
f(n) = 111.0 (Expanded Nodes: 15, Evaluated States: 15, Time: 0.045) Frontier Size: 0
f(n) = 112.0 (Expanded Nodes: 16, Evaluated States: 16, Time: 0.049) Frontier Size: 0
f(n) = 113.0 (Expanded Nodes: 17, Evaluated States: 17, Time: 0.05) Frontier Size: 0
f(n) = 114.0 (Expanded Nodes: 18, Evaluated States: 18, Time: 0.05) Frontier Size: 0
f(n) = 214.0 (Expanded Nodes: 21, Evaluated States: 21, Time: 0.051) Frontier Size: 0
f(n) = 215.0 (Expanded Nodes: 22, Evaluated States: 22, Time: 0.051) Frontier Size: 0
f(n) = 216.0 (Expanded Nodes: 23, Evaluated States: 23, Time: 0.051) Frontier Size: 0
f(n) = 217.0 (Expanded Nodes: 24, Evaluated States: 24, Time: 0.052) Frontier Size: 0
f(n) = 218.0 (Expanded Nodes: 25, Evaluated States: 25, Time: 0.052) Frontier Size: 0
f(n) = 219.0 (Expanded Nodes: 26, Evaluated States: 26, Time: 0.052) Frontier Size: 0
f(n) = 220.0 (Expanded Nodes: 27, Evaluated States: 27, Time: 0.053) Frontier Size: 0
f(n) = 221.0 (Expanded Nodes: 28, Evaluated States: 28, Time: 0.053) Frontier Size: 0
f(n) = 222.0 (Expanded Nodes: 29, Evaluated States: 29, Time: 0.057) Frontier Size: 0
f(n) = 223.0 (Expanded Nodes: 30, Evaluated States: 30, Time: 0.058) Frontier Size: 0
f(n) = 224.0 (Expanded Nodes: 31, Evaluated States: 31, Time: 0.058) Frontier Size: 0
f(n) = 225.0 (Expanded Nodes: 32, Evaluated States: 32, Time: 0.058) Frontier Size: 0
f(n) = 226.0 (Expanded Nodes: 33, Evaluated States: 33, Time: 0.059) Frontier Size: 0
f(n) = 227.0 (Expanded Nodes: 34, Evaluated States: 34, Time: 0.059) Frontier Size: 0
f(n) = 228.0 (Expanded Nodes: 35, Evaluated States: 35, Time: 0.059) Frontier Size: 0
f(n) = 229.0 (Expanded Nodes: 36, Evaluated States: 36, Time: 0.059) Frontier Size: 0
f(n) = 230.0 (Expanded Nodes: 37, Evaluated States: 37, Time: 0.06) Frontier Size: 0
f(n) = 231.0 (Expanded Nodes: 38, Evaluated States: 38, Time: 0.06) Frontier Size: 0
f(n) = 232.0 (Expanded Nodes: 39, Evaluated States: 39, Time: 0.06) Frontier Size: 0
f(n) = 233.0 (Expanded Nodes: 40, Evaluated States: 40, Time: 0.06) Frontier Size: 0
f(n) = 234.0 (Expanded Nodes: 41, Evaluated States: 41, Time: 0.061) Frontier Size: 0
f(n) = 235.0 (Expanded Nodes: 42, Evaluated States: 42, Time: 0.061) Frontier Size: 0
f(n) = 236.0 (Expanded Nodes: 43, Evaluated States: 43, Time: 0.067) Frontier Size: 0
f(n) = 237.0 (Expanded Nodes: 44, Evaluated States: 44, Time: 0.068) Frontier Size: 0
f(n) = 337.0 (Expanded Nodes: 47, Evaluated States: 47, Time: 0.069) Frontier Size: 0
Extracting plan with execution delta: 1.0
Problem Solved

Found Plan:
0: (validate-payload t0 a5 t1)
0: (sync-actions t0 t1 a5)
0: (reset pn)
0: -----waiting---- [14.0]
14.0: (validate-payload t1 a0 t2)
14.0: (sync-actions t1 t2 a0)
14.0: (reset pn)
14.0: -----waiting---- [37.0]
37.0: (validate-payload t2 a1 t3)
37.0: (sync-actions t2 t3 a1)
37.0: (reset pn)
37.0: (add_action a10)
37.0: (check_added_parameter_model a10)
37.0: (add_move_automata a10)
37.0: (stop_wait)
37.0: (add_action a16)
37.0: (check_added_parameter_model a16)
37.0: (add_move_automata a16)
37.0: (stop_wait)
37.0: (add_action a18)
37.0: (check_added_parameter_model a18)
37.0: (add_move_automata a18)
37.0: (stop_wait)
37.0: (add_action a19)
37.0: (check_added_parameter_model a19)
37.0: (add_move_automata a19)
37.0: (stop_wait)
37.0: (add_action a17)
37.0: (check_added_parameter_model a17)
37.0: (add_move_automata a17)
37.0: (stop_wait)
37.0: (add_action a11)
37.0: (add_parameter a11 sDEC2_1 categorical c2)
37.0: (check_added_parameter_model a11)
37.0: (add_move_automata a11)
37.0: (stop_wait)
37.0: (add_action a14)
37.0: (check_added_parameter_model a14)
37.0: (add_move_automata a14)
37.0: (stop_wait)
37.0: (add_action a2)
37.0: (check_added_parameter_model a2)
37.0: (add_move_automata a2)
37.0: (stop_wait)
37.0: (add_action a15)
37.0: (check_added_parameter_model a15)
37.0: (add_move_automata a15)
37.0: (stop_wait)
37.0: (add_action a5)
37.0: (check_added_parameter_model a5)
37.0: (add_move_automata a5)
37.0: (stop_wait)
37.0: (add_action a0)
37.0: (check_added_parameter_model a0)
37.0: (add_move_automata a0)
37.0: (stop_wait)
37.0: (add_action a1)
37.0: (check_added_parameter_model a1)
37.0: (add_move_automata a1)

Plan-Length:94
Elapsed Time: 37.0
Metric (Search):337.0
Planning Time (msec): 173
Heuristic Time (msec): 8
Search Time (msec): 162
Expanded Nodes:265
States Evaluated:293
Number of Dead-Ends detected:0
Number of Duplicates detected:113
/usr/bin/time -v timeout 600 java -Xmx64g -jar ./enhsp3.jar -o ./domain_framed_autonomy_process_reset.pddl -f ./problems/a20g6-prefix-non-conforming-3-a20g6_7_timed_data/problem10.pddl -h blind -s WAStar
Domain parsed
Problem parsed
Grounding..
Grounding Time: 13204
UFX:true
|F|:28935
|X|:22
Heuristic Problem Creation
|A|:1230
|P|:2
|E|:0
Delta time heuristic model:1.0
Delta time planning model:1.0
Delta time search-execution model:1.0
Delta time validation model:1
h(I):0.0
f(n) = 100.0 (Expanded Nodes: 4, Evaluated States: 4, Time: 0.017) Frontier Size: 0
f(n) = 101.0 (Expanded Nodes: 5, Evaluated States: 5, Time: 0.037) Frontier Size: 0
f(n) = 102.0 (Expanded Nodes: 6, Evaluated States: 6, Time: 0.038) Frontier Size: 0
f(n) = 103.0 (Expanded Nodes: 7, Evaluated States: 7, Time: 0.038) Frontier Size: 0
f(n) = 104.0 (Expanded Nodes: 8, Evaluated States: 8, Time: 0.038) Frontier Size: 0
f(n) = 105.0 (Expanded Nodes: 9, Evaluated States: 9, Time: 0.039) Frontier Size: 0
f(n) = 106.0 (Expanded Nodes: 10, Evaluated States: 10, Time: 0.039) Frontier Size: 0
f(n) = 107.0 (Expanded Nodes: 11, Evaluated States: 11, Time: 0.043) Frontier Size: 0
f(n) = 108.0 (Expanded Nodes: 12, Evaluated States: 12, Time: 0.046) Frontier Size: 0
f(n) = 109.0 (Expanded Nodes: 13, Evaluated States: 13, Time: 0.046) Frontier Size: 0
f(n) = 110.0 (Expanded Nodes: 14, Evaluated States: 14, Time: 0.046) Frontier Size: 0
f(n) = 111.0 (Expanded Nodes: 15, Evaluated States: 15, Time: 0.046) Frontier Size: 0
f(n) = 112.0 (Expanded Nodes: 16, Evaluated States: 16, Time: 0.047) Frontier Size: 0
f(n) = 113.0 (Expanded Nodes: 17, Evaluated States: 17, Time: 0.047) Frontier Size: 0
f(n) = 114.0 (Expanded Nodes: 18, Evaluated States: 18, Time: 0.047) Frontier Size: 0
f(n) = 115.0 (Expanded Nodes: 19, Evaluated States: 19, Time: 0.047) Frontier Size: 0
f(n) = 116.0 (Expanded Nodes: 20, Evaluated States: 20, Time: 0.048) Frontier Size: 0
f(n) = 117.0 (Expanded Nodes: 21, Evaluated States: 21, Time: 0.048) Frontier Size: 0
f(n) = 118.0 (Expanded Nodes: 22, Evaluated States: 22, Time: 0.048) Frontier Size: 0
f(n) = 218.0 (Expanded Nodes: 25, Evaluated States: 25, Time: 0.049) Frontier Size: 0
f(n) = 219.0 (Expanded Nodes: 26, Evaluated States: 26, Time: 0.049) Frontier Size: 0
f(n) = 220.0 (Expanded Nodes: 27, Evaluated States: 27, Time: 0.05) Frontier Size: 0
f(n) = 221.0 (Expanded Nodes: 28, Evaluated States: 28, Time: 0.05) Frontier Size: 0
f(n) = 222.0 (Expanded Nodes: 29, Evaluated States: 29, Time: 0.051) Frontier Size: 0
f(n) = 223.0 (Expanded Nodes: 30, Evaluated States: 30, Time: 0.051) Frontier Size: 0
f(n) = 224.0 (Expanded Nodes: 31, Evaluated States: 31, Time: 0.051) Frontier Size: 0
f(n) = 225.0 (Expanded Nodes: 32, Evaluated States: 32, Time: 0.052) Frontier Size: 0
f(n) = 226.0 (Expanded Nodes: 33, Evaluated States: 33, Time: 0.053) Frontier Size: 0
f(n) = 227.0 (Expanded Nodes: 34, Evaluated States: 34, Time: 0.054) Frontier Size: 0
f(n) = 228.0 (Expanded Nodes: 35, Evaluated States: 35, Time: 0.054) Frontier Size: 0
f(n) = 229.0 (Expanded Nodes: 36, Evaluated States: 36, Time: 0.054) Frontier Size: 0
f(n) = 230.0 (Expanded Nodes: 37, Evaluated States: 37, Time: 0.054) Frontier Size: 0
f(n) = 231.0 (Expanded Nodes: 38, Evaluated States: 38, Time: 0.054) Frontier Size: 0
f(n) = 232.0 (Expanded Nodes: 39, Evaluated States: 39, Time: 0.055) Frontier Size: 0
f(n) = 233.0 (Expanded Nodes: 40, Evaluated States: 40, Time: 0.055) Frontier Size: 0
f(n) = 234.0 (Expanded Nodes: 41, Evaluated States: 41, Time: 0.055) Frontier Size: 0
f(n) = 235.0 (Expanded Nodes: 42, Evaluated States: 42, Time: 0.055) Frontier Size: 0
f(n) = 236.0 (Expanded Nodes: 43, Evaluated States: 43, Time: 0.056) Frontier Size: 0
f(n) = 237.0 (Expanded Nodes: 44, Evaluated States: 44, Time: 0.056) Frontier Size: 0
f(n) = 337.0 (Expanded Nodes: 47, Evaluated States: 47, Time: 0.057) Frontier Size: 0
Extracting plan with execution delta: 1.0
Problem Solved

Found Plan:
0: (validate-payload t0 a5 t1)
0: (sync-actions t0 t1 a5)
0: (reset pn)
0: -----waiting---- [18.0]
18.0: (validate-payload t1 a0 t2)
18.0: (sync-actions t1 t2 a0)
18.0: (reset pn)
18.0: -----waiting---- [37.0]
37.0: (validate-payload t2 a1 t3)
37.0: (sync-actions t2 t3 a1)
37.0: (reset pn)
37.0: (add_action a10)
37.0: (check_added_parameter_model a10)
37.0: (add_move_automata a10)
37.0: (stop_wait)
37.0: (add_action a16)
37.0: (check_added_parameter_model a16)
37.0: (add_move_automata a16)
37.0: (stop_wait)
37.0: (add_action a18)
37.0: (check_added_parameter_model a18)
37.0: (add_move_automata a18)
37.0: (stop_wait)
37.0: (add_action a19)
37.0: (check_added_parameter_model a19)
37.0: (add_move_automata a19)
37.0: (stop_wait)
37.0: (add_action a17)
37.0: (check_added_parameter_model a17)
37.0: (add_move_automata a17)
37.0: (stop_wait)
37.0: (add_action a11)
37.0: (add_parameter a11 sDEC2_1 categorical c2)
37.0: (check_added_parameter_model a11)
37.0: (add_move_automata a11)
37.0: (stop_wait)
37.0: (add_action a14)
37.0: (check_added_parameter_model a14)
37.0: (add_move_automata a14)
37.0: (stop_wait)
37.0: (add_action a2)
37.0: (check_added_parameter_model a2)
37.0: (add_move_automata a2)
37.0: (stop_wait)
37.0: (add_action a15)
37.0: (check_added_parameter_model a15)
37.0: (add_move_automata a15)
37.0: (stop_wait)
37.0: (add_action a5)
37.0: (check_added_parameter_model a5)
37.0: (add_move_automata a5)
37.0: (stop_wait)
37.0: (add_action a0)
37.0: (check_added_parameter_model a0)
37.0: (add_move_automata a0)
37.0: (stop_wait)
37.0: (add_action a1)
37.0: (check_added_parameter_model a1)
37.0: (add_move_automata a1)

Plan-Length:94
Elapsed Time: 37.0
Metric (Search):337.0
Planning Time (msec): 128
Heuristic Time (msec): 6
Search Time (msec): 124
Expanded Nodes:265
States Evaluated:293
Number of Dead-Ends detected:0
Number of Duplicates detected:113
