Loading openjdk/17.0.8.1_1
  Loading requirement: glibc/2.35-aocc-3.2.0-wetwhfr
    gcc-runtime/12.1.0-gcc-12.1.0-uotjsm3 glibc/2.35-aocc-3.2.0-dkzxmta
	Command being timed: "timeout 600 java -Xmx64g -jar ./enhsp3.jar -o ./domain_framed_autonomy_process_reset.pddl -f ./problems/a29g9AND-prefix-3-a29g9AND_3_data/problem1.pddl -h blind -s WAStar -dap -dl 1500"
	User time (seconds): 64.50
	System time (seconds): 2.97
	Percent of CPU this job got: 99%
	Elapsed (wall clock) time (h:mm:ss or m:ss): 1:07.55
	Average shared text size (kbytes): 0
	Average unshared data size (kbytes): 0
	Average stack size (kbytes): 0
	Average total size (kbytes): 0
	Maximum resident set size (kbytes): 5458460
	Average resident set size (kbytes): 0
	Major (requiring I/O) page faults: 211
	Minor (reclaiming a frame) page faults: 3148002
	Voluntary context switches: 5347
	Involuntary context switches: 7203
	Swaps: 0
	File system inputs: 0
	File system outputs: 408
	Socket messages sent: 0
	Socket messages received: 0
	Signals delivered: 0
	Page size (bytes): 4096
	Exit status: 0
	Command being timed: "timeout 600 java -Xmx64g -jar ./enhsp3.jar -o ./domain_framed_autonomy_process_reset.pddl -f ./problems/a29g9AND-prefix-3-a29g9AND_3_data/problem2.pddl -h blind -s WAStar -dap -dl 1500"
	User time (seconds): 65.31
	System time (seconds): 2.82
	Percent of CPU this job got: 99%
	Elapsed (wall clock) time (h:mm:ss or m:ss): 1:08.19
	Average shared text size (kbytes): 0
	Average unshared data size (kbytes): 0
	Average stack size (kbytes): 0
	Average total size (kbytes): 0
	Maximum resident set size (kbytes): 5421996
	Average resident set size (kbytes): 0
	Major (requiring I/O) page faults: 0
	Minor (reclaiming a frame) page faults: 3049575
	Voluntary context switches: 5480
	Involuntary context switches: 7366
	Swaps: 0
	File system inputs: 0
	File system outputs: 416
	Socket messages sent: 0
	Socket messages received: 0
	Signals delivered: 0
	Page size (bytes): 4096
	Exit status: 0
	Command being timed: "timeout 600 java -Xmx64g -jar ./enhsp3.jar -o ./domain_framed_autonomy_process_reset.pddl -f ./problems/a29g9AND-prefix-3-a29g9AND_3_data/problem3.pddl -h blind -s WAStar -dap -dl 1500"
	User time (seconds): 65.47
	System time (seconds): 2.83
	Percent of CPU this job got: 99%
	Elapsed (wall clock) time (h:mm:ss or m:ss): 1:08.35
	Average shared text size (kbytes): 0
	Average unshared data size (kbytes): 0
	Average stack size (kbytes): 0
	Average total size (kbytes): 0
	Maximum resident set size (kbytes): 5422068
	Average resident set size (kbytes): 0
	Major (requiring I/O) page faults: 0
	Minor (reclaiming a frame) page faults: 2988849
	Voluntary context switches: 5325
	Involuntary context switches: 7304
	Swaps: 0
	File system inputs: 0
	File system outputs: 408
	Socket messages sent: 0
	Socket messages received: 0
	Signals delivered: 0
	Page size (bytes): 4096
	Exit status: 0
	Command being timed: "timeout 600 java -Xmx64g -jar ./enhsp3.jar -o ./domain_framed_autonomy_process_reset.pddl -f ./problems/a29g9AND-prefix-3-a29g9AND_3_data/problem4.pddl -h blind -s WAStar -dap -dl 1500"
	User time (seconds): 65.52
	System time (seconds): 2.77
	Percent of CPU this job got: 99%
	Elapsed (wall clock) time (h:mm:ss or m:ss): 1:08.34
	Average shared text size (kbytes): 0
	Average unshared data size (kbytes): 0
	Average stack size (kbytes): 0
	Average total size (kbytes): 0
	Maximum resident set size (kbytes): 5425096
	Average resident set size (kbytes): 0
	Major (requiring I/O) page faults: 0
	Minor (reclaiming a frame) page faults: 3012957
	Voluntary context switches: 5403
	Involuntary context switches: 7248
	Swaps: 0
	File system inputs: 0
	File system outputs: 440
	Socket messages sent: 0
	Socket messages received: 0
	Signals delivered: 0
	Page size (bytes): 4096
	Exit status: 0
	Command being timed: "timeout 600 java -Xmx64g -jar ./enhsp3.jar -o ./domain_framed_autonomy_process_reset.pddl -f ./problems/a29g9AND-prefix-3-a29g9AND_3_data/problem5.pddl -h blind -s WAStar -dap -dl 1500"
	User time (seconds): 65.94
	System time (seconds): 2.87
	Percent of CPU this job got: 99%
	Elapsed (wall clock) time (h:mm:ss or m:ss): 1:08.89
	Average shared text size (kbytes): 0
	Average unshared data size (kbytes): 0
	Average stack size (kbytes): 0
	Average total size (kbytes): 0
	Maximum resident set size (kbytes): 5430928
	Average resident set size (kbytes): 0
	Major (requiring I/O) page faults: 0
	Minor (reclaiming a frame) page faults: 3255763
	Voluntary context switches: 5279
	Involuntary context switches: 7448
	Swaps: 0
	File system inputs: 0
	File system outputs: 408
	Socket messages sent: 0
	Socket messages received: 0
	Signals delivered: 0
	Page size (bytes): 4096
	Exit status: 0
	Command being timed: "timeout 600 java -Xmx64g -jar ./enhsp3.jar -o ./domain_framed_autonomy_process_reset.pddl -f ./problems/a29g9AND-prefix-3-a29g9AND_3_data/problem6.pddl -h blind -s WAStar -dap -dl 1500"
	User time (seconds): 65.66
	System time (seconds): 2.77
	Percent of CPU this job got: 99%
	Elapsed (wall clock) time (h:mm:ss or m:ss): 1:08.51
	Average shared text size (kbytes): 0
	Average unshared data size (kbytes): 0
	Average stack size (kbytes): 0
	Average total size (kbytes): 0
	Maximum resident set size (kbytes): 5448332
	Average resident set size (kbytes): 0
	Major (requiring I/O) page faults: 0
	Minor (reclaiming a frame) page faults: 2901921
	Voluntary context switches: 5292
	Involuntary context switches: 7622
	Swaps: 0
	File system inputs: 0
	File system outputs: 424
	Socket messages sent: 0
	Socket messages received: 0
	Signals delivered: 0
	Page size (bytes): 4096
	Exit status: 0
	Command being timed: "timeout 600 java -Xmx64g -jar ./enhsp3.jar -o ./domain_framed_autonomy_process_reset.pddl -f ./problems/a29g9AND-prefix-3-a29g9AND_3_data/problem7.pddl -h blind -s WAStar -dap -dl 1500"
	User time (seconds): 65.40
	System time (seconds): 2.85
	Percent of CPU this job got: 99%
	Elapsed (wall clock) time (h:mm:ss or m:ss): 1:08.32
	Average shared text size (kbytes): 0
	Average unshared data size (kbytes): 0
	Average stack size (kbytes): 0
	Average total size (kbytes): 0
	Maximum resident set size (kbytes): 5355304
	Average resident set size (kbytes): 0
	Major (requiring I/O) page faults: 0
	Minor (reclaiming a frame) page faults: 3121390
	Voluntary context switches: 5251
	Involuntary context switches: 7236
	Swaps: 0
	File system inputs: 0
	File system outputs: 416
	Socket messages sent: 0
	Socket messages received: 0
	Signals delivered: 0
	Page size (bytes): 4096
	Exit status: 0
	Command being timed: "timeout 600 java -Xmx64g -jar ./enhsp3.jar -o ./domain_framed_autonomy_process_reset.pddl -f ./problems/a29g9AND-prefix-3-a29g9AND_3_data/problem8.pddl -h blind -s WAStar -dap -dl 1500"
	User time (seconds): 65.77
	System time (seconds): 2.99
	Percent of CPU this job got: 99%
	Elapsed (wall clock) time (h:mm:ss or m:ss): 1:08.84
	Average shared text size (kbytes): 0
	Average unshared data size (kbytes): 0
	Average stack size (kbytes): 0
	Average total size (kbytes): 0
	Maximum resident set size (kbytes): 5432260
	Average resident set size (kbytes): 0
	Major (requiring I/O) page faults: 0
	Minor (reclaiming a frame) page faults: 3274969
	Voluntary context switches: 5344
	Involuntary context switches: 7375
	Swaps: 0
	File system inputs: 0
	File system outputs: 408
	Socket messages sent: 0
	Socket messages received: 0
	Signals delivered: 0
	Page size (bytes): 4096
	Exit status: 0
	Command being timed: "timeout 600 java -Xmx64g -jar ./enhsp3.jar -o ./domain_framed_autonomy_process_reset.pddl -f ./problems/a29g9AND-prefix-3-a29g9AND_3_data/problem9.pddl -h blind -s WAStar -dap -dl 1500"
	User time (seconds): 64.82
	System time (seconds): 2.87
	Percent of CPU this job got: 99%
	Elapsed (wall clock) time (h:mm:ss or m:ss): 1:07.76
	Average shared text size (kbytes): 0
	Average unshared data size (kbytes): 0
	Average stack size (kbytes): 0
	Average total size (kbytes): 0
	Maximum resident set size (kbytes): 5415324
	Average resident set size (kbytes): 0
	Major (requiring I/O) page faults: 0
	Minor (reclaiming a frame) page faults: 3143768
	Voluntary context switches: 5411
	Involuntary context switches: 7043
	Swaps: 0
	File system inputs: 0
	File system outputs: 432
	Socket messages sent: 0
	Socket messages received: 0
	Signals delivered: 0
	Page size (bytes): 4096
	Exit status: 0
	Command being timed: "timeout 600 java -Xmx64g -jar ./enhsp3.jar -o ./domain_framed_autonomy_process_reset.pddl -f ./problems/a29g9AND-prefix-3-a29g9AND_3_data/problem10.pddl -h blind -s WAStar -dap -dl 1500"
	User time (seconds): 66.38
	System time (seconds): 2.83
	Percent of CPU this job got: 99%
	Elapsed (wall clock) time (h:mm:ss or m:ss): 1:09.29
	Average shared text size (kbytes): 0
	Average unshared data size (kbytes): 0
	Average stack size (kbytes): 0
	Average total size (kbytes): 0
	Maximum resident set size (kbytes): 5429748
	Average resident set size (kbytes): 0
	Major (requiring I/O) page faults: 0
	Minor (reclaiming a frame) page faults: 3182828
	Voluntary context switches: 5448
	Involuntary context switches: 7487
	Swaps: 0
	File system inputs: 0
	File system outputs: 392
	Socket messages sent: 0
	Socket messages received: 0
	Signals delivered: 0
	Page size (bytes): 4096
	Exit status: 0
