Loading openjdk/17.0.8.1_1
  Loading requirement: glibc/2.35-aocc-3.2.0-wetwhfr
    gcc-runtime/12.1.0-gcc-12.1.0-uotjsm3 glibc/2.35-aocc-3.2.0-dkzxmta
	Command being timed: "timeout 600 java -Xmx64g -jar ./enhsp3.jar -o ./domain_framed_autonomy_process_reset.pddl -f ./problems/a29g9AND-prefix-4-a29g9AND_3_timed_data/problem1.pddl -h blind -s WAStar -dap -dl 1500"
	User time (seconds): 66.77
	System time (seconds): 2.91
	Percent of CPU this job got: 99%
	Elapsed (wall clock) time (h:mm:ss or m:ss): 1:09.72
	Average shared text size (kbytes): 0
	Average unshared data size (kbytes): 0
	Average stack size (kbytes): 0
	Average total size (kbytes): 0
	Maximum resident set size (kbytes): 5477076
	Average resident set size (kbytes): 0
	Major (requiring I/O) page faults: 145
	Minor (reclaiming a frame) page faults: 3147729
	Voluntary context switches: 5561
	Involuntary context switches: 7145
	Swaps: 0
	File system inputs: 0
	File system outputs: 416
	Socket messages sent: 0
	Socket messages received: 0
	Signals delivered: 0
	Page size (bytes): 4096
	Exit status: 0
	Command being timed: "timeout 600 java -Xmx64g -jar ./enhsp3.jar -o ./domain_framed_autonomy_process_reset.pddl -f ./problems/a29g9AND-prefix-4-a29g9AND_3_timed_data/problem2.pddl -h blind -s WAStar -dap -dl 1500"
	User time (seconds): 68.18
	System time (seconds): 2.79
	Percent of CPU this job got: 99%
	Elapsed (wall clock) time (h:mm:ss or m:ss): 1:11.02
	Average shared text size (kbytes): 0
	Average unshared data size (kbytes): 0
	Average stack size (kbytes): 0
	Average total size (kbytes): 0
	Maximum resident set size (kbytes): 5565096
	Average resident set size (kbytes): 0
	Major (requiring I/O) page faults: 0
	Minor (reclaiming a frame) page faults: 3074915
	Voluntary context switches: 5338
	Involuntary context switches: 7518
	Swaps: 0
	File system inputs: 0
	File system outputs: 440
	Socket messages sent: 0
	Socket messages received: 0
	Signals delivered: 0
	Page size (bytes): 4096
	Exit status: 0
	Command being timed: "timeout 600 java -Xmx64g -jar ./enhsp3.jar -o ./domain_framed_autonomy_process_reset.pddl -f ./problems/a29g9AND-prefix-4-a29g9AND_3_timed_data/problem3.pddl -h blind -s WAStar -dap -dl 1500"
	User time (seconds): 67.05
	System time (seconds): 2.93
	Percent of CPU this job got: 99%
	Elapsed (wall clock) time (h:mm:ss or m:ss): 1:10.02
	Average shared text size (kbytes): 0
	Average unshared data size (kbytes): 0
	Average stack size (kbytes): 0
	Average total size (kbytes): 0
	Maximum resident set size (kbytes): 5476840
	Average resident set size (kbytes): 0
	Major (requiring I/O) page faults: 0
	Minor (reclaiming a frame) page faults: 3132399
	Voluntary context switches: 5310
	Involuntary context switches: 7168
	Swaps: 0
	File system inputs: 0
	File system outputs: 432
	Socket messages sent: 0
	Socket messages received: 0
	Signals delivered: 0
	Page size (bytes): 4096
	Exit status: 0
	Command being timed: "timeout 600 java -Xmx64g -jar ./enhsp3.jar -o ./domain_framed_autonomy_process_reset.pddl -f ./problems/a29g9AND-prefix-4-a29g9AND_3_timed_data/problem4.pddl -h blind -s WAStar -dap -dl 1500"
	User time (seconds): 68.07
	System time (seconds): 2.77
	Percent of CPU this job got: 99%
	Elapsed (wall clock) time (h:mm:ss or m:ss): 1:10.89
	Average shared text size (kbytes): 0
	Average unshared data size (kbytes): 0
	Average stack size (kbytes): 0
	Average total size (kbytes): 0
	Maximum resident set size (kbytes): 5557960
	Average resident set size (kbytes): 0
	Major (requiring I/O) page faults: 0
	Minor (reclaiming a frame) page faults: 3118103
	Voluntary context switches: 5495
	Involuntary context switches: 7409
	Swaps: 0
	File system inputs: 0
	File system outputs: 408
	Socket messages sent: 0
	Socket messages received: 0
	Signals delivered: 0
	Page size (bytes): 4096
	Exit status: 0
	Command being timed: "timeout 600 java -Xmx64g -jar ./enhsp3.jar -o ./domain_framed_autonomy_process_reset.pddl -f ./problems/a29g9AND-prefix-4-a29g9AND_3_timed_data/problem5.pddl -h blind -s WAStar -dap -dl 1500"
	User time (seconds): 66.36
	System time (seconds): 2.92
	Percent of CPU this job got: 99%
	Elapsed (wall clock) time (h:mm:ss or m:ss): 1:09.33
	Average shared text size (kbytes): 0
	Average unshared data size (kbytes): 0
	Average stack size (kbytes): 0
	Average total size (kbytes): 0
	Maximum resident set size (kbytes): 5553364
	Average resident set size (kbytes): 0
	Major (requiring I/O) page faults: 0
	Minor (reclaiming a frame) page faults: 3153961
	Voluntary context switches: 5538
	Involuntary context switches: 6998
	Swaps: 0
	File system inputs: 0
	File system outputs: 440
	Socket messages sent: 0
	Socket messages received: 0
	Signals delivered: 0
	Page size (bytes): 4096
	Exit status: 0
	Command being timed: "timeout 600 java -Xmx64g -jar ./enhsp3.jar -o ./domain_framed_autonomy_process_reset.pddl -f ./problems/a29g9AND-prefix-4-a29g9AND_3_timed_data/problem6.pddl -h blind -s WAStar -dap -dl 1500"
	User time (seconds): 66.30
	System time (seconds): 2.86
	Percent of CPU this job got: 99%
	Elapsed (wall clock) time (h:mm:ss or m:ss): 1:09.22
	Average shared text size (kbytes): 0
	Average unshared data size (kbytes): 0
	Average stack size (kbytes): 0
	Average total size (kbytes): 0
	Maximum resident set size (kbytes): 5476696
	Average resident set size (kbytes): 0
	Major (requiring I/O) page faults: 0
	Minor (reclaiming a frame) page faults: 3137977
	Voluntary context switches: 5115
	Involuntary context switches: 6693
	Swaps: 0
	File system inputs: 0
	File system outputs: 416
	Socket messages sent: 0
	Socket messages received: 0
	Signals delivered: 0
	Page size (bytes): 4096
	Exit status: 0
	Command being timed: "timeout 600 java -Xmx64g -jar ./enhsp3.jar -o ./domain_framed_autonomy_process_reset.pddl -f ./problems/a29g9AND-prefix-4-a29g9AND_3_timed_data/problem7.pddl -h blind -s WAStar -dap -dl 1500"
	User time (seconds): 67.92
	System time (seconds): 2.85
	Percent of CPU this job got: 99%
	Elapsed (wall clock) time (h:mm:ss or m:ss): 1:10.83
	Average shared text size (kbytes): 0
	Average unshared data size (kbytes): 0
	Average stack size (kbytes): 0
	Average total size (kbytes): 0
	Maximum resident set size (kbytes): 5558436
	Average resident set size (kbytes): 0
	Major (requiring I/O) page faults: 0
	Minor (reclaiming a frame) page faults: 3240498
	Voluntary context switches: 5444
	Involuntary context switches: 7431
	Swaps: 0
	File system inputs: 0
	File system outputs: 416
	Socket messages sent: 0
	Socket messages received: 0
	Signals delivered: 0
	Page size (bytes): 4096
	Exit status: 0
	Command being timed: "timeout 600 java -Xmx64g -jar ./enhsp3.jar -o ./domain_framed_autonomy_process_reset.pddl -f ./problems/a29g9AND-prefix-4-a29g9AND_3_timed_data/problem8.pddl -h blind -s WAStar -dap -dl 1500"
	User time (seconds): 67.81
	System time (seconds): 2.93
	Percent of CPU this job got: 99%
	Elapsed (wall clock) time (h:mm:ss or m:ss): 1:10.80
	Average shared text size (kbytes): 0
	Average unshared data size (kbytes): 0
	Average stack size (kbytes): 0
	Average total size (kbytes): 0
	Maximum resident set size (kbytes): 5563440
	Average resident set size (kbytes): 0
	Major (requiring I/O) page faults: 0
	Minor (reclaiming a frame) page faults: 3218702
	Voluntary context switches: 5238
	Involuntary context switches: 7394
	Swaps: 0
	File system inputs: 0
	File system outputs: 424
	Socket messages sent: 0
	Socket messages received: 0
	Signals delivered: 0
	Page size (bytes): 4096
	Exit status: 0
	Command being timed: "timeout 600 java -Xmx64g -jar ./enhsp3.jar -o ./domain_framed_autonomy_process_reset.pddl -f ./problems/a29g9AND-prefix-4-a29g9AND_3_timed_data/problem9.pddl -h blind -s WAStar -dap -dl 1500"
	User time (seconds): 67.12
	System time (seconds): 2.86
	Percent of CPU this job got: 99%
	Elapsed (wall clock) time (h:mm:ss or m:ss): 1:10.04
	Average shared text size (kbytes): 0
	Average unshared data size (kbytes): 0
	Average stack size (kbytes): 0
	Average total size (kbytes): 0
	Maximum resident set size (kbytes): 5572204
	Average resident set size (kbytes): 0
	Major (requiring I/O) page faults: 0
	Minor (reclaiming a frame) page faults: 3098900
	Voluntary context switches: 5320
	Involuntary context switches: 7141
	Swaps: 0
	File system inputs: 0
	File system outputs: 424
	Socket messages sent: 0
	Socket messages received: 0
	Signals delivered: 0
	Page size (bytes): 4096
	Exit status: 0
	Command being timed: "timeout 600 java -Xmx64g -jar ./enhsp3.jar -o ./domain_framed_autonomy_process_reset.pddl -f ./problems/a29g9AND-prefix-4-a29g9AND_3_timed_data/problem10.pddl -h blind -s WAStar -dap -dl 1500"
	User time (seconds): 67.95
	System time (seconds): 2.91
	Percent of CPU this job got: 99%
	Elapsed (wall clock) time (h:mm:ss or m:ss): 1:10.91
	Average shared text size (kbytes): 0
	Average unshared data size (kbytes): 0
	Average stack size (kbytes): 0
	Average total size (kbytes): 0
	Maximum resident set size (kbytes): 5565604
	Average resident set size (kbytes): 0
	Major (requiring I/O) page faults: 0
	Minor (reclaiming a frame) page faults: 3136340
	Voluntary context switches: 5572
	Involuntary context switches: 7381
	Swaps: 0
	File system inputs: 0
	File system outputs: 416
	Socket messages sent: 0
	Socket messages received: 0
	Signals delivered: 0
	Page size (bytes): 4096
	Exit status: 0
