Loading openjdk/17.0.8.1_1
  Loading requirement: glibc/2.35-aocc-3.2.0-wetwhfr
    gcc-runtime/12.1.0-gcc-12.1.0-uotjsm3 glibc/2.35-aocc-3.2.0-dkzxmta
	Command being timed: "timeout 600 java -Xmx64g -jar ./enhsp3.jar -o ./domain_framed_autonomy_process_reset.pddl -f ./problems/a40g17AND-prefix-0-a40g17AND_3_timed_data/problem1.pddl -h blind -s WAStar -dap -dl 1500"
	User time (seconds): 224.73
	System time (seconds): 8.82
	Percent of CPU this job got: 99%
	Elapsed (wall clock) time (h:mm:ss or m:ss): 3:53.69
	Average shared text size (kbytes): 0
	Average unshared data size (kbytes): 0
	Average stack size (kbytes): 0
	Average total size (kbytes): 0
	Maximum resident set size (kbytes): 16729756
	Average resident set size (kbytes): 0
	Major (requiring I/O) page faults: 0
	Minor (reclaiming a frame) page faults: 9723532
	Voluntary context switches: 10218
	Involuntary context switches: 13336
	Swaps: 0
	File system inputs: 0
	File system outputs: 1136
	Socket messages sent: 0
	Socket messages received: 0
	Signals delivered: 0
	Page size (bytes): 4096
	Exit status: 0
	Command being timed: "timeout 600 java -Xmx64g -jar ./enhsp3.jar -o ./domain_framed_autonomy_process_reset.pddl -f ./problems/a40g17AND-prefix-0-a40g17AND_3_timed_data/problem2.pddl -h blind -s WAStar -dap -dl 1500"
	User time (seconds): 224.54
	System time (seconds): 9.94
	Percent of CPU this job got: 99%
	Elapsed (wall clock) time (h:mm:ss or m:ss): 3:54.63
	Average shared text size (kbytes): 0
	Average unshared data size (kbytes): 0
	Average stack size (kbytes): 0
	Average total size (kbytes): 0
	Maximum resident set size (kbytes): 16748640
	Average resident set size (kbytes): 0
	Major (requiring I/O) page faults: 0
	Minor (reclaiming a frame) page faults: 11829515
	Voluntary context switches: 10287
	Involuntary context switches: 13076
	Swaps: 0
	File system inputs: 0
	File system outputs: 1152
	Socket messages sent: 0
	Socket messages received: 0
	Signals delivered: 0
	Page size (bytes): 4096
	Exit status: 0
	Command being timed: "timeout 600 java -Xmx64g -jar ./enhsp3.jar -o ./domain_framed_autonomy_process_reset.pddl -f ./problems/a40g17AND-prefix-0-a40g17AND_3_timed_data/problem3.pddl -h blind -s WAStar -dap -dl 1500"
	User time (seconds): 221.71
	System time (seconds): 9.85
	Percent of CPU this job got: 99%
	Elapsed (wall clock) time (h:mm:ss or m:ss): 3:51.70
	Average shared text size (kbytes): 0
	Average unshared data size (kbytes): 0
	Average stack size (kbytes): 0
	Average total size (kbytes): 0
	Maximum resident set size (kbytes): 16738700
	Average resident set size (kbytes): 0
	Major (requiring I/O) page faults: 0
	Minor (reclaiming a frame) page faults: 11479663
	Voluntary context switches: 10179
	Involuntary context switches: 12980
	Swaps: 0
	File system inputs: 0
	File system outputs: 1120
	Socket messages sent: 0
	Socket messages received: 0
	Signals delivered: 0
	Page size (bytes): 4096
	Exit status: 0
	Command being timed: "timeout 600 java -Xmx64g -jar ./enhsp3.jar -o ./domain_framed_autonomy_process_reset.pddl -f ./problems/a40g17AND-prefix-0-a40g17AND_3_timed_data/problem4.pddl -h blind -s WAStar -dap -dl 1500"
	User time (seconds): 222.31
	System time (seconds): 10.14
	Percent of CPU this job got: 99%
	Elapsed (wall clock) time (h:mm:ss or m:ss): 3:52.59
	Average shared text size (kbytes): 0
	Average unshared data size (kbytes): 0
	Average stack size (kbytes): 0
	Average total size (kbytes): 0
	Maximum resident set size (kbytes): 16746060
	Average resident set size (kbytes): 0
	Major (requiring I/O) page faults: 0
	Minor (reclaiming a frame) page faults: 11689223
	Voluntary context switches: 9985
	Involuntary context switches: 12786
	Swaps: 0
	File system inputs: 0
	File system outputs: 1152
	Socket messages sent: 0
	Socket messages received: 0
	Signals delivered: 0
	Page size (bytes): 4096
	Exit status: 0
	Command being timed: "timeout 600 java -Xmx64g -jar ./enhsp3.jar -o ./domain_framed_autonomy_process_reset.pddl -f ./problems/a40g17AND-prefix-0-a40g17AND_3_timed_data/problem5.pddl -h blind -s WAStar -dap -dl 1500"
	User time (seconds): 224.49
	System time (seconds): 9.77
	Percent of CPU this job got: 99%
	Elapsed (wall clock) time (h:mm:ss or m:ss): 3:54.40
	Average shared text size (kbytes): 0
	Average unshared data size (kbytes): 0
	Average stack size (kbytes): 0
	Average total size (kbytes): 0
	Maximum resident set size (kbytes): 16746088
	Average resident set size (kbytes): 0
	Major (requiring I/O) page faults: 0
	Minor (reclaiming a frame) page faults: 11580888
	Voluntary context switches: 10141
	Involuntary context switches: 13242
	Swaps: 0
	File system inputs: 0
	File system outputs: 1144
	Socket messages sent: 0
	Socket messages received: 0
	Signals delivered: 0
	Page size (bytes): 4096
	Exit status: 0
	Command being timed: "timeout 600 java -Xmx64g -jar ./enhsp3.jar -o ./domain_framed_autonomy_process_reset.pddl -f ./problems/a40g17AND-prefix-0-a40g17AND_3_timed_data/problem6.pddl -h blind -s WAStar -dap -dl 1500"
	User time (seconds): 223.65
	System time (seconds): 10.09
	Percent of CPU this job got: 99%
	Elapsed (wall clock) time (h:mm:ss or m:ss): 3:53.88
	Average shared text size (kbytes): 0
	Average unshared data size (kbytes): 0
	Average stack size (kbytes): 0
	Average total size (kbytes): 0
	Maximum resident set size (kbytes): 16618888
	Average resident set size (kbytes): 0
	Major (requiring I/O) page faults: 0
	Minor (reclaiming a frame) page faults: 11942712
	Voluntary context switches: 10217
	Involuntary context switches: 13244
	Swaps: 0
	File system inputs: 0
	File system outputs: 1152
	Socket messages sent: 0
	Socket messages received: 0
	Signals delivered: 0
	Page size (bytes): 4096
	Exit status: 0
	Command being timed: "timeout 600 java -Xmx64g -jar ./enhsp3.jar -o ./domain_framed_autonomy_process_reset.pddl -f ./problems/a40g17AND-prefix-0-a40g17AND_3_timed_data/problem7.pddl -h blind -s WAStar -dap -dl 1500"
	User time (seconds): 225.30
	System time (seconds): 9.98
	Percent of CPU this job got: 99%
	Elapsed (wall clock) time (h:mm:ss or m:ss): 3:55.45
	Average shared text size (kbytes): 0
	Average unshared data size (kbytes): 0
	Average stack size (kbytes): 0
	Average total size (kbytes): 0
	Maximum resident set size (kbytes): 16757736
	Average resident set size (kbytes): 0
	Major (requiring I/O) page faults: 0
	Minor (reclaiming a frame) page faults: 11797530
	Voluntary context switches: 9884
	Involuntary context switches: 13367
	Swaps: 0
	File system inputs: 0
	File system outputs: 1152
	Socket messages sent: 0
	Socket messages received: 0
	Signals delivered: 0
	Page size (bytes): 4096
	Exit status: 0
	Command being timed: "timeout 600 java -Xmx64g -jar ./enhsp3.jar -o ./domain_framed_autonomy_process_reset.pddl -f ./problems/a40g17AND-prefix-0-a40g17AND_3_timed_data/problem8.pddl -h blind -s WAStar -dap -dl 1500"
	User time (seconds): 223.99
	System time (seconds): 9.92
	Percent of CPU this job got: 99%
	Elapsed (wall clock) time (h:mm:ss or m:ss): 3:54.07
	Average shared text size (kbytes): 0
	Average unshared data size (kbytes): 0
	Average stack size (kbytes): 0
	Average total size (kbytes): 0
	Maximum resident set size (kbytes): 16720740
	Average resident set size (kbytes): 0
	Major (requiring I/O) page faults: 0
	Minor (reclaiming a frame) page faults: 11682434
	Voluntary context switches: 10087
	Involuntary context switches: 13273
	Swaps: 0
	File system inputs: 0
	File system outputs: 1152
	Socket messages sent: 0
	Socket messages received: 0
	Signals delivered: 0
	Page size (bytes): 4096
	Exit status: 0
	Command being timed: "timeout 600 java -Xmx64g -jar ./enhsp3.jar -o ./domain_framed_autonomy_process_reset.pddl -f ./problems/a40g17AND-prefix-0-a40g17AND_3_timed_data/problem9.pddl -h blind -s WAStar -dap -dl 1500"
	User time (seconds): 224.55
	System time (seconds): 10.14
	Percent of CPU this job got: 99%
	Elapsed (wall clock) time (h:mm:ss or m:ss): 3:54.84
	Average shared text size (kbytes): 0
	Average unshared data size (kbytes): 0
	Average stack size (kbytes): 0
	Average total size (kbytes): 0
	Maximum resident set size (kbytes): 16731316
	Average resident set size (kbytes): 0
	Major (requiring I/O) page faults: 0
	Minor (reclaiming a frame) page faults: 11755205
	Voluntary context switches: 10046
	Involuntary context switches: 13206
	Swaps: 0
	File system inputs: 0
	File system outputs: 1160
	Socket messages sent: 0
	Socket messages received: 0
	Signals delivered: 0
	Page size (bytes): 4096
	Exit status: 0
	Command being timed: "timeout 600 java -Xmx64g -jar ./enhsp3.jar -o ./domain_framed_autonomy_process_reset.pddl -f ./problems/a40g17AND-prefix-0-a40g17AND_3_timed_data/problem10.pddl -h blind -s WAStar -dap -dl 1500"
	User time (seconds): 223.89
	System time (seconds): 10.29
	Percent of CPU this job got: 99%
	Elapsed (wall clock) time (h:mm:ss or m:ss): 3:54.31
	Average shared text size (kbytes): 0
	Average unshared data size (kbytes): 0
	Average stack size (kbytes): 0
	Average total size (kbytes): 0
	Maximum resident set size (kbytes): 16751396
	Average resident set size (kbytes): 0
	Major (requiring I/O) page faults: 0
	Minor (reclaiming a frame) page faults: 11865920
	Voluntary context switches: 10031
	Involuntary context switches: 13336
	Swaps: 0
	File system inputs: 0
	File system outputs: 1136
	Socket messages sent: 0
	Socket messages received: 0
	Signals delivered: 0
	Page size (bytes): 4096
	Exit status: 0
